CASAL (C++ algorithmic stock assessment laboratory)
Call: C:/Users/bstacy/Documents/GitHub/lasac/projects/simulations/sim/con1.0/casal -e -q -f EM 
Date: Tue Oct 15 02:40:16 2019
v2.30-2012-03-21 00:22:59 UTC (rev.4648)  (c) Copyright 2002-2012, NIWA
User name: bstacy
Machine name: DOM-IMA-HVZRNF2 (Microsoft Windows, PID=11776)

Prefix for the input parameter filenames : EM

Random number seed : 67616

Estimation parameters:
Stored as strings: 
  MCMC.adapt_at                 	1e+05 2e+05 3e+05 4e+05
  MCMC.adaptive_stepsize        	True
  MCMC.burn_in                  	500
  MCMC.keep                     	1000
  MCMC.length                   	1500000
  MCMC.start                    	0
  MCMC.stepsize                 	0.01
  ageing_error.c                	0
  ageing_error.type             	normal
  catch_at[LL1_catchA].2000     	0 0 0 0 0.03 0.02 0.04 0.09 0.17 0.16 0.16 0.08 0.06 0.03 0.04 0.06 0.01 0.02 0 0 0.02 0.01 0 0 0 0 0 0 0 0
  catch_at[LL1_catchA].2001     	0 0 0 0 0 0.01 0.03 0.11 0.13 0.23 0.17 0.06 0.06 0.04 0.04 0.04 0 0.02 0.02 0.02 0 0.01 0 0.01 0 0 0 0 0 0
  catch_at[LL1_catchA].2002     	0 0 0 0 0 0.01 0.06 0.17 0.16 0.18 0.09 0.06 0.05 0 0.03 0.03 0.04 0.02 0.01 0.03 0.02 0 0.01 0 0.01 0 0 0 0 0.02
  catch_at[LL1_catchA].2003     	0 0 0 0 0 0.02 0.06 0.12 0.18 0.18 0.15 0.07 0.11 0.03 0.05 0 0 0.02 0 0 0.01 0 0 0 0 0 0 0 0 0
  catch_at[LL1_catchA].2004     	0 0 0 0 0.01 0 0.07 0.07 0.18 0.16 0.15 0.06 0.07 0.11 0.03 0.02 0.02 0 0.01 0 0.02 0 0 0 0 0 0 0 0.01 0.01
  catch_at[LL1_catchA].2005     	0 0 0 0.01 0 0.02 0.05 0.1 0.2 0.15 0.14 0.09 0.05 0.06 0.04 0.04 0.01 0.01 0 0.01 0 0.01 0.01 0 0 0 0 0 0 0
  catch_at[LL1_catchA].2006     	0 0 0 0 0.01 0.07 0.05 0.07 0.17 0.22 0.03 0.12 0.06 0.1 0.03 0.03 0.01 0 0.02 0 0 0.01 0 0 0 0 0 0 0 0
  catch_at[LL1_catchA].2007     	0 0 0 0 0 0.02 0.1 0.12 0.14 0.18 0.09 0.12 0.07 0.05 0.01 0.02 0.01 0 0.03 0 0.01 0 0.01 0 0.01 0 0 0.01 0 0
  catch_at[LL1_catchA].2008     	0 0 0 0 0 0.03 0.07 0.11 0.18 0.14 0.13 0.05 0.09 0.07 0.02 0.01 0.05 0.02 0.01 0 0 0 0 0 0 0 0 0 0 0.02
  catch_at[LL1_catchA].2009     	0 0 0 0 0 0.01 0.05 0.12 0.23 0.12 0.08 0.08 0.06 0.05 0.08 0.04 0.02 0.03 0.02 0 0 0.01 0 0 0 0 0 0 0 0
  catch_at[LL1_catchA].2010     	0 0 0 0 0.03 0.01 0.04 0.12 0.14 0.17 0.16 0.07 0.04 0.08 0.03 0.01 0.02 0.03 0.01 0.02 0 0.01 0 0 0 0 0 0.01 0 0
  catch_at[LL1_catchA].N_2000   	100
  catch_at[LL1_catchA].N_2001   	100
  catch_at[LL1_catchA].N_2002   	100
  catch_at[LL1_catchA].N_2003   	100
  catch_at[LL1_catchA].N_2004   	100
  catch_at[LL1_catchA].N_2005   	100
  catch_at[LL1_catchA].N_2006   	100
  catch_at[LL1_catchA].N_2007   	100
  catch_at[LL1_catchA].N_2008   	100
  catch_at[LL1_catchA].N_2009   	100
  catch_at[LL1_catchA].N_2010   	100
  catch_at[LL1_catchA].at_size  	False
  catch_at[LL1_catchA].dist     	multinomial
  catch_at[LL1_catchA].fishery  	LL1
  catch_at[LL1_catchA].max_class	30
  catch_at[LL1_catchA].min_class	1
  catch_at[LL1_catchA].plus_group	True
  catch_at[LL1_catchA].r        	1e-11
  catch_at[LL1_catchA].sexed    	False
  catch_at[LL1_catchA].sum_to_one	True
  catch_at[LL1_catchA].years    	2000 2001 2002 2003 2004 2005 2006 2007 2008 2009 2010
  catch_limit_penalty[1].fishery	LL1
  catch_limit_penalty[1].label  	LL1_Penalty
  catch_limit_penalty[1].log_scale	True
  catch_limit_penalty[1].multiplier	1000
  catch_limit_penalty[2].fishery	LL2
  catch_limit_penalty[2].label  	LL2_Penalty
  catch_limit_penalty[2].log_scale	True
  catch_limit_penalty[2].multiplier	1000
  estimate[1].lower_bound       	5000
  estimate[1].parameter         	initialization.B0
  estimate[1].prior             	uniform
  estimate[1].upper_bound       	5e+05
  estimator                     	Bayes
  fish_tagged_penalty[1].label  	Penalty_Tags2005_R1_LL1
  fish_tagged_penalty[1].multiplier	1
  fish_tagged_penalty[1].tagging_episode	Tags2005_R1_LL1
  fish_tagged_penalty[2].label  	Penalty_Tags2006_R1_LL1
  fish_tagged_penalty[2].multiplier	1
  fish_tagged_penalty[2].tagging_episode	Tags2006_R1_LL1
  fish_tagged_penalty[3].label  	Penalty_Tags2007_R1_LL1
  fish_tagged_penalty[3].multiplier	1
  fish_tagged_penalty[3].tagging_episode	Tags2007_R1_LL1
  fish_tagged_penalty[4].label  	Penalty_Tags2008_R1_LL1
  fish_tagged_penalty[4].multiplier	1
  fish_tagged_penalty[4].tagging_episode	Tags2008_R1_LL1
  fish_tagged_penalty[5].label  	Penalty_Tags2009_R1_LL1
  fish_tagged_penalty[5].multiplier	1
  fish_tagged_penalty[5].tagging_episode	Tags2009_R1_LL1
  grad_tol                      	0.001
  max_evals                     	10000
  max_iters                     	1600
  profile[1].l                  	40000
  profile[1].n                  	11
  profile[1].parameter          	initialization.B0
  profile[1].u                  	130000
  q_method                      	nuisance
  tag_recapture[Tags2005_R1_R1].area	R1
  tag_recapture[Tags2005_R1_R1].class_mins	100 150 200 250 300 350 400 450 500 550 600 650 700 750 800 850 900 950 1000 1050 1100 1150 1200 1250 1300 1350 1400 1450 1500 1550 1600 1650 1700 1750 1800 1850 1900 1950 2000 2050
  tag_recapture[Tags2005_R1_R1].detection_probability	1
  tag_recapture[Tags2005_R1_R1].dispersion	1
  tag_recapture[Tags2005_R1_R1].do_bootstrap	True
  tag_recapture[Tags2005_R1_R1].plus_group	False
  tag_recapture[Tags2005_R1_R1].proportion_mortality	0.5
  tag_recapture[Tags2005_R1_R1].r	1e-11
  tag_recapture[Tags2005_R1_R1].recaptured_2006	0 0 0 0 0 0 0 0 0 1 7 10 24 25 31 17 15 13 9 4 5 1 0 0 0 0 0 0 0 0 0 0 0 0 0 0 0 0 0
  tag_recapture[Tags2005_R1_R1].recaptured_2007	0 0 0 0 0 0 0 0 0 1 5 7 11 8 18 20 14 14 9 7 5 5 1 1 0 0 0 0 0 0 0 0 0 0 0 0 0 0 0
  tag_recapture[Tags2005_R1_R1].recaptured_2008	0 0 0 0 0 0 0 0 0 0 2 0 4 13 15 18 17 15 6 4 2 4 2 0 0 0 0 0 0 0 0 0 0 0 0 0 0 0 0
  tag_recapture[Tags2005_R1_R1].recaptured_2009	0 0 0 0 0 0 0 0 0 0 0 0 2 7 9 20 11 9 10 7 2 2 2 0 1 0 1 0 0 0 0 0 0 0 0 0 0 0 0
  tag_recapture[Tags2005_R1_R1].recaptured_2010	0 0 0 0 0 0 0 0 0 0 1 0 2 6 5 12 7 8 6 10 3 1 1 1 0 0 1 0 0 0 0 0 0 0 0 0 0 0 0
  tag_recapture[Tags2005_R1_R1].sample	size
  tag_recapture[Tags2005_R1_R1].scanned_2006	0 0 0 2 28 320 2302 11502 39770 96806 173902 243624 277690 266092 224820 178122 136978 101584 71958 49292 33518 23134 16316 11662 8346 5944 4222 2988 2086 1406 896 530 286 140 62 24 8 2 0
  tag_recapture[Tags2005_R1_R1].scanned_2007	0 0 0 2 28 344 2442 11568 39724 99366 181960 252416 280488 265182 224010 176300 134278 100438 72920 50898 34514 23278 15942 11162 7944 5686 4062 2880 2006 1350 862 512 278 138 62 24 8 2 0
  tag_recapture[Tags2005_R1_R1].scanned_2008	0 0 0 2 28 344 2602 12332 40170 97884 182308 260086 291620 271378 224512 174626 131756 97934 71728 51120 35200 23658 15864 10828 7580 5410 3886 2772 1934 1300 826 490 266 132 58 24 8 2 0
  tag_recapture[Tags2005_R1_R1].scanned_2009	0 0 0 2 28 338 2596 13080 43468 101422 180382 255904 293398 278302 229716 175798 130724 96182 70174 50456 35360 24054 16060 10754 7362 5182 3714 2662 1866 1256 798 470 254 126 56 22 8 2 0
  tag_recapture[Tags2005_R1_R1].scanned_2010	0 0 0 2 30 342 2546 12914 45438 110634 193100 259840 288924 275666 231594 178066 131090 95240 68874 49434 34952 24134 16262 10830 7284 5028 3564 2550 1794 1212 770 454 246 120 54 22 8 2 0
  tag_recapture[Tags2005_R1_R1].step	1
  tag_recapture[Tags2005_R1_R1].tag_name	Tags2005_R1
  tag_recapture[Tags2005_R1_R1].years	2006 2007 2008 2009 2010
  tag_recapture[Tags2006_R1_R1].area	R1
  tag_recapture[Tags2006_R1_R1].class_mins	100 150 200 250 300 350 400 450 500 550 600 650 700 750 800 850 900 950 1000 1050 1100 1150 1200 1250 1300 1350 1400 1450 1500 1550 1600 1650 1700 1750 1800 1850 1900 1950 2000 2050
  tag_recapture[Tags2006_R1_R1].detection_probability	1
  tag_recapture[Tags2006_R1_R1].dispersion	1
  tag_recapture[Tags2006_R1_R1].do_bootstrap	True
  tag_recapture[Tags2006_R1_R1].plus_group	False
  tag_recapture[Tags2006_R1_R1].proportion_mortality	0.5
  tag_recapture[Tags2006_R1_R1].r	1e-11
  tag_recapture[Tags2006_R1_R1].recaptured_2007	0 0 0 0 0 0 0 0 0 0 7 14 33 25 24 19 16 13 6 6 2 1 2 0 0 2 0 0 1 0 0 0 0 0 0 0 0 0 0
  tag_recapture[Tags2006_R1_R1].recaptured_2008	0 0 0 0 0 0 0 0 0 0 1 6 23 19 26 22 17 17 12 5 1 2 0 0 0 0 0 1 0 0 0 0 0 0 0 0 0 0 0
  tag_recapture[Tags2006_R1_R1].recaptured_2009	0 0 0 0 0 0 0 0 0 0 1 1 7 15 17 22 19 3 11 5 0 2 3 0 2 0 0 0 0 0 0 0 0 0 0 0 0 0 0
  tag_recapture[Tags2006_R1_R1].recaptured_2010	0 0 0 0 0 0 0 0 0 0 0 1 2 6 13 14 13 12 5 3 6 2 3 2 2 0 0 0 0 0 0 1 0 0 0 0 0 0 0
  tag_recapture[Tags2006_R1_R1].sample	size
  tag_recapture[Tags2006_R1_R1].scanned_2007	0 0 0 2 28 344 2442 11568 39724 99366 181960 252416 280488 265182 224010 176300 134278 100438 72920 50898 34514 23278 15942 11162 7944 5686 4062 2880 2006 1350 862 512 278 138 62 24 8 2 0
  tag_recapture[Tags2006_R1_R1].scanned_2008	0 0 0 2 28 344 2602 12332 40170 97884 182308 260086 291620 271378 224512 174626 131756 97934 71728 51120 35200 23658 15864 10828 7580 5410 3886 2772 1934 1300 826 490 266 132 58 24 8 2 0
  tag_recapture[Tags2006_R1_R1].scanned_2009	0 0 0 2 28 338 2596 13080 43468 101422 180382 255904 293398 278302 229716 175798 130724 96182 70174 50456 35360 24054 16060 10754 7362 5182 3714 2662 1866 1256 798 470 254 126 56 22 8 2 0
  tag_recapture[Tags2006_R1_R1].scanned_2010	0 0 0 2 30 342 2546 12914 45438 110634 193100 259840 288924 275666 231594 178066 131090 95240 68874 49434 34952 24134 16262 10830 7284 5028 3564 2550 1794 1212 770 454 246 120 54 22 8 2 0
  tag_recapture[Tags2006_R1_R1].step	1
  tag_recapture[Tags2006_R1_R1].tag_name	Tags2006_R1
  tag_recapture[Tags2006_R1_R1].years	2007 2008 2009 2010
  tag_recapture[Tags2007_R1_R1].area	R1
  tag_recapture[Tags2007_R1_R1].class_mins	100 150 200 250 300 350 400 450 500 550 600 650 700 750 800 850 900 950 1000 1050 1100 1150 1200 1250 1300 1350 1400 1450 1500 1550 1600 1650 1700 1750 1800 1850 1900 1950 2000 2050
  tag_recapture[Tags2007_R1_R1].detection_probability	1
  tag_recapture[Tags2007_R1_R1].dispersion	1
  tag_recapture[Tags2007_R1_R1].do_bootstrap	True
  tag_recapture[Tags2007_R1_R1].plus_group	False
  tag_recapture[Tags2007_R1_R1].proportion_mortality	0.5
  tag_recapture[Tags2007_R1_R1].r	1e-11
  tag_recapture[Tags2007_R1_R1].recaptured_2008	0 0 0 0 0 0 0 0 0 0 5 9 20 23 32 34 14 13 11 6 1 4 0 1 0 0 0 0 0 0 0 0 0 0 0 0 0 0 0
  tag_recapture[Tags2007_R1_R1].recaptured_2009	0 0 0 0 0 0 0 0 0 0 1 8 12 21 27 13 19 17 5 4 7 2 3 0 1 0 0 0 0 0 0 0 0 0 0 0 0 0 0
  tag_recapture[Tags2007_R1_R1].recaptured_2010	0 0 0 0 0 0 0 0 0 0 1 1 10 16 18 14 14 5 5 5 1 5 2 1 0 0 0 1 0 0 0 0 0 0 0 0 0 0 0
  tag_recapture[Tags2007_R1_R1].sample	size
  tag_recapture[Tags2007_R1_R1].scanned_2008	0 0 0 2 28 344 2602 12332 40170 97884 182308 260086 291620 271378 224512 174626 131756 97934 71728 51120 35200 23658 15864 10828 7580 5410 3886 2772 1934 1300 826 490 266 132 58 24 8 2 0
  tag_recapture[Tags2007_R1_R1].scanned_2009	0 0 0 2 28 338 2596 13080 43468 101422 180382 255904 293398 278302 229716 175798 130724 96182 70174 50456 35360 24054 16060 10754 7362 5182 3714 2662 1866 1256 798 470 254 126 56 22 8 2 0
  tag_recapture[Tags2007_R1_R1].scanned_2010	0 0 0 2 30 342 2546 12914 45438 110634 193100 259840 288924 275666 231594 178066 131090 95240 68874 49434 34952 24134 16262 10830 7284 5028 3564 2550 1794 1212 770 454 246 120 54 22 8 2 0
  tag_recapture[Tags2007_R1_R1].step	1
  tag_recapture[Tags2007_R1_R1].tag_name	Tags2007_R1
  tag_recapture[Tags2007_R1_R1].years	2008 2009 2010
  tag_recapture[Tags2008_R1_R1].area	R1
  tag_recapture[Tags2008_R1_R1].class_mins	100 150 200 250 300 350 400 450 500 550 600 650 700 750 800 850 900 950 1000 1050 1100 1150 1200 1250 1300 1350 1400 1450 1500 1550 1600 1650 1700 1750 1800 1850 1900 1950 2000 2050
  tag_recapture[Tags2008_R1_R1].detection_probability	1
  tag_recapture[Tags2008_R1_R1].dispersion	1
  tag_recapture[Tags2008_R1_R1].do_bootstrap	True
  tag_recapture[Tags2008_R1_R1].plus_group	False
  tag_recapture[Tags2008_R1_R1].proportion_mortality	0.5
  tag_recapture[Tags2008_R1_R1].r	1e-11
  tag_recapture[Tags2008_R1_R1].recaptured_2009	0 0 0 0 0 0 0 0 0 0 9 12 19 35 29 15 18 11 6 4 1 0 3 0 0 1 0 0 0 0 0 0 0 0 0 0 0 0 0
  tag_recapture[Tags2008_R1_R1].recaptured_2010	0 0 0 0 0 0 0 0 0 0 2 9 12 18 19 13 20 15 8 3 6 1 0 0 0 0 0 0 0 0 0 0 0 0 0 0 0 0 0
  tag_recapture[Tags2008_R1_R1].sample	size
  tag_recapture[Tags2008_R1_R1].scanned_2009	0 0 0 2 28 338 2596 13080 43468 101422 180382 255904 293398 278302 229716 175798 130724 96182 70174 50456 35360 24054 16060 10754 7362 5182 3714 2662 1866 1256 798 470 254 126 56 22 8 2 0
  tag_recapture[Tags2008_R1_R1].scanned_2010	0 0 0 2 30 342 2546 12914 45438 110634 193100 259840 288924 275666 231594 178066 131090 95240 68874 49434 34952 24134 16262 10830 7284 5028 3564 2550 1794 1212 770 454 246 120 54 22 8 2 0
  tag_recapture[Tags2008_R1_R1].step	1
  tag_recapture[Tags2008_R1_R1].tag_name	Tags2008_R1
  tag_recapture[Tags2008_R1_R1].years	2009 2010
  tag_recapture[Tags2009_R1_R1].area	R1
  tag_recapture[Tags2009_R1_R1].class_mins	100 150 200 250 300 350 400 450 500 550 600 650 700 750 800 850 900 950 1000 1050 1100 1150 1200 1250 1300 1350 1400 1450 1500 1550 1600 1650 1700 1750 1800 1850 1900 1950 2000 2050
  tag_recapture[Tags2009_R1_R1].detection_probability	1
  tag_recapture[Tags2009_R1_R1].dispersion	1
  tag_recapture[Tags2009_R1_R1].do_bootstrap	True
  tag_recapture[Tags2009_R1_R1].plus_group	False
  tag_recapture[Tags2009_R1_R1].proportion_mortality	0.5
  tag_recapture[Tags2009_R1_R1].r	1e-11
  tag_recapture[Tags2009_R1_R1].recaptured_2010	0 0 0 0 0 0 0 0 1 2 4 13 15 23 26 22 18 18 11 5 4 1 0 0 0 0 0 0 0 0 0 0 0 0 0 0 0 0 0
  tag_recapture[Tags2009_R1_R1].sample	size
  tag_recapture[Tags2009_R1_R1].scanned_2010	0 0 0 2 30 342 2546 12914 45438 110634 193100 259840 288924 275666 231594 178066 131090 95240 68874 49434 34952 24134 16262 10830 7284 5028 3564 2550 1794 1212 770 454 246 120 54 22 8 2 0
  tag_recapture[Tags2009_R1_R1].step	1
  tag_recapture[Tags2009_R1_R1].tag_name	Tags2009_R1
  tag_recapture[Tags2009_R1_R1].years	2010
  vector_average_penalty[1].k   	1
  vector_average_penalty[1].label	meanYCS_1
  vector_average_penalty[1].multiplier	100
  vector_average_penalty[1].vector	recruitment.YCS
Stored as DOUBLEs: 
Stored as VECTORs: 
Stored as OGIVEs: 

Population parameters:
Stored as strings: 
  annual_cycle.M_props          	1
  annual_cycle.aging_time       	1
  annual_cycle.baranov          	False
  annual_cycle.fishery_areas    	R1
  annual_cycle.fishery_names    	LL1 LL2
  annual_cycle.fishery_times    	1 1
  annual_cycle.growth_props     	0
  annual_cycle.migrate_from     	R1
  annual_cycle.migrate_to       	R2
  annual_cycle.migration_names  	MoveRec_1_2
  annual_cycle.migration_times  	1
  annual_cycle.n_migrations     	0
  annual_cycle.recruitment_areas	R1
  annual_cycle.recruitment_time 	1
  annual_cycle.spawning_all_areas	1
  annual_cycle.spawning_p       	1
  annual_cycle.spawning_part_mort	0.5
  annual_cycle.spawning_time    	1
  annual_cycle.spawning_use_total_B	False
  annual_cycle.time_steps       	1
  area_names                    	R1
  current                       	2010
  final                         	2045
  first_random_year             	2007
  fishery[LL1].U_max            	0.95
  fishery[LL1].catches          	0 6000 6000 6000 6000 6000 6000 6000 6000 6000 6000 6000 6000 6000 6000 6000 6000 6000 6000 6000 6000
  fishery[LL1].future_constant_catches	200
  fishery[LL1].selectivity      	SelLL
  fishery[LL1].years            	1990 1991 1992 1993 1994 1995 1996 1997 1998 1999 2000 2001 2002 2003 2004 2005 2006 2007 2008 2009 2010
  fishery[LL2].U_max            	0.95
  fishery[LL2].catches          	0 0 0 0 0 0 0 0 0 0 0 0 0 0 0 0 0 0 0 0 0
  fishery[LL2].future_constant_catches	200
  fishery[LL2].selectivity      	SelLL
  fishery[LL2].years            	1990 1991 1992 1993 1994 1995 1996 1997 1998 1999 2000 2001 2002 2003 2004 2005 2006 2007 2008 2009 2010
  initial                       	1990
  initialization.B0             	448262
  mature_partition              	False
  maturity_props.all            	allvalues  0 0 0 0 0 0 0 0 0 0 0 0.1667 0.3333 0.5 0.6667 0.8333 1 1 1 1 1 1 1 1 1 1 1 1 1 1
  max_age                       	30
  min_age                       	1
  n_areas                       	1
  n_stocks                      	1
  n_tags                        	5
  natural_mortality.all         	0.155
  plus_group                    	True
  randomisation_method          	lognormal
  recruitment.SR                	BH
  recruitment.YCS               	1 1 1 1 1 1 1 1 1 1 1 1 1 1 1 1 1 1 1 1 1
  recruitment.YCS_years         	1989 1990 1991 1992 1993 1994 1995 1996 1997 1998 1999 2000 2001 2002 2003 2004 2005 2006 2007 2008 2009
  recruitment.first_free        	1989
  recruitment.last_free         	2006
  recruitment.p_male            	0.5
  recruitment.rho               	0
  recruitment.sigma_r           	0.6
  recruitment.steepness         	0.7
  recruitment.year_range        	1989 2006
  selectivity[SelLL].all        	double_normal 10 2 10
  selectivity_names             	SelLL
  sex_partition                 	False
  size_at_age.Linf              	2870
  size_at_age.by_length         	True
  size_at_age.cv                	0.1
  size_at_age.k                 	0.02056
  size_at_age.t0                	-4.2897
  size_at_age_dist              	normal
  size_at_age_type              	von_Bert
  size_based                    	False
  size_weight.a                 	2.59e-12
  size_weight.b                 	3.2064
  size_weight.verify_size_weight	500 0.5 1.5
  standardise_YCS               	True
  tag[Tags2005_R1_LL1].area     	R1
  tag[Tags2005_R1_LL1].class_mins	100 150 200 250 300 350 400 450 500 550 600 650 700 750 800 850 900 950 1000 1050 1100 1150 1200 1250 1300 1350 1400 1450 1500 1550 1600 1650 1700 1750 1800 1850 1900 1950 2000 2050
  tag[Tags2005_R1_LL1].mature_only	False
  tag[Tags2005_R1_LL1].mortality	0.1
  tag[Tags2005_R1_LL1].number   	2500
  tag[Tags2005_R1_LL1].ogive    	SelLL
  tag[Tags2005_R1_LL1].plus_group	False
  tag[Tags2005_R1_LL1].props_all	0 0 0 0 0 1e-04 8e-04 0.0048 0.0184 0.0472 0.088 0.1245 0.1388 0.1298 0.1103 0.0896 0.0694 0.0511 0.0362 0.0255 0.0183 0.0135 0.01 0.0073 0.0052 0.0037 0.0025 0.0018 0.0012 8e-04 5e-04 3e-04 2e-04 1e-04 0 0 0 0 0
  tag[Tags2005_R1_LL1].release_type	deterministic
  tag[Tags2005_R1_LL1].sex      	both
  tag[Tags2005_R1_LL1].step     	1
  tag[Tags2005_R1_LL1].tag_name 	Tags2005_R1
  tag[Tags2005_R1_LL1].year     	2005
  tag[Tags2006_R1_LL1].area     	R1
  tag[Tags2006_R1_LL1].class_mins	100 150 200 250 300 350 400 450 500 550 600 650 700 750 800 850 900 950 1000 1050 1100 1150 1200 1250 1300 1350 1400 1450 1500 1550 1600 1650 1700 1750 1800 1850 1900 1950 2000 2050
  tag[Tags2006_R1_LL1].mature_only	False
  tag[Tags2006_R1_LL1].mortality	0.1
  tag[Tags2006_R1_LL1].number   	2500
  tag[Tags2006_R1_LL1].ogive    	SelLL
  tag[Tags2006_R1_LL1].plus_group	False
  tag[Tags2006_R1_LL1].props_all	0 0 0 0 0 2e-04 0.0013 0.0058 0.0198 0.0485 0.0873 0.1222 0.1397 0.1351 0.1154 0.0921 0.0705 0.0511 0.0349 0.023 0.0152 0.0104 0.0075 0.0055 0.0041 0.0031 0.0023 0.0017 0.0012 9e-04 6e-04 3e-04 2e-04 1e-04 0 0 0 0 0
  tag[Tags2006_R1_LL1].release_type	deterministic
  tag[Tags2006_R1_LL1].sex      	both
  tag[Tags2006_R1_LL1].step     	1
  tag[Tags2006_R1_LL1].tag_name 	Tags2006_R1
  tag[Tags2006_R1_LL1].year     	2006
  tag[Tags2007_R1_LL1].area     	R1
  tag[Tags2007_R1_LL1].class_mins	100 150 200 250 300 350 400 450 500 550 600 650 700 750 800 850 900 950 1000 1050 1100 1150 1200 1250 1300 1350 1400 1450 1500 1550 1600 1650 1700 1750 1800 1850 1900 1950 2000 2050
  tag[Tags2007_R1_LL1].mature_only	False
  tag[Tags2007_R1_LL1].mortality	0.1
  tag[Tags2007_R1_LL1].number   	2500
  tag[Tags2007_R1_LL1].ogive    	SelLL
  tag[Tags2007_R1_LL1].plus_group	False
  tag[Tags2007_R1_LL1].props_all	0 0 0 0 0 1e-04 0.0011 0.0056 0.0193 0.0485 0.0889 0.124 0.139 0.1322 0.1118 0.0878 0.0669 0.0504 0.0372 0.0265 0.0183 0.0125 0.0087 0.0062 0.0045 0.0032 0.0024 0.0017 0.0012 8e-04 5e-04 3e-04 2e-04 1e-04 0 0 0 0 0
  tag[Tags2007_R1_LL1].release_type	deterministic
  tag[Tags2007_R1_LL1].sex      	both
  tag[Tags2007_R1_LL1].step     	1
  tag[Tags2007_R1_LL1].tag_name 	Tags2007_R1
  tag[Tags2007_R1_LL1].year     	2007
  tag[Tags2008_R1_LL1].area     	R1
  tag[Tags2008_R1_LL1].class_mins	100 150 200 250 300 350 400 450 500 550 600 650 700 750 800 850 900 950 1000 1050 1100 1150 1200 1250 1300 1350 1400 1450 1500 1550 1600 1650 1700 1750 1800 1850 1900 1950 2000 2050
  tag[Tags2008_R1_LL1].mature_only	False
  tag[Tags2008_R1_LL1].mortality	0.1
  tag[Tags2008_R1_LL1].number   	2500
  tag[Tags2008_R1_LL1].ogive    	SelLL
  tag[Tags2008_R1_LL1].plus_group	False
  tag[Tags2008_R1_LL1].props_all	0 0 0 0 0 1e-04 0.0012 0.0062 0.0205 0.0497 0.0924 0.1328 0.1497 0.1384 0.112 0.0842 0.0614 0.0445 0.0322 0.0228 0.0157 0.0106 0.0073 0.0052 0.0038 0.0029 0.0022 0.0016 0.0011 7e-04 4e-04 3e-04 1e-04 1e-04 0 0 0 0 0
  tag[Tags2008_R1_LL1].release_type	deterministic
  tag[Tags2008_R1_LL1].sex      	both
  tag[Tags2008_R1_LL1].step     	1
  tag[Tags2008_R1_LL1].tag_name 	Tags2008_R1
  tag[Tags2008_R1_LL1].year     	2008
  tag[Tags2009_R1_LL1].area     	R1
  tag[Tags2009_R1_LL1].class_mins	100 150 200 250 300 350 400 450 500 550 600 650 700 750 800 850 900 950 1000 1050 1100 1150 1200 1250 1300 1350 1400 1450 1500 1550 1600 1650 1700 1750 1800 1850 1900 1950 2000 2050
  tag[Tags2009_R1_LL1].mature_only	False
  tag[Tags2009_R1_LL1].mortality	0.1
  tag[Tags2009_R1_LL1].number   	2500
  tag[Tags2009_R1_LL1].ogive    	SelLL
  tag[Tags2009_R1_LL1].plus_group	False
  tag[Tags2009_R1_LL1].props_all	0 0 0 0 0 1e-04 0.0012 0.0063 0.0213 0.0502 0.0897 0.1266 0.1435 0.135 0.1117 0.0864 0.065 0.0482 0.0352 0.0253 0.0178 0.0122 0.0082 0.0055 0.0037 0.0025 0.0017 0.0011 7e-04 4e-04 3e-04 1e-04 1e-04 0 0 0 0 0 0
  tag[Tags2009_R1_LL1].release_type	deterministic
  tag[Tags2009_R1_LL1].sex      	both
  tag[Tags2009_R1_LL1].step     	1
  tag[Tags2009_R1_LL1].tag_name 	Tags2009_R1
  tag[Tags2009_R1_LL1].year     	2009
  tag_growth_loss[Tags2005_R1].nogrowth_period	0
  tag_growth_loss[Tags2006_R1].nogrowth_period	0
  tag_growth_loss[Tags2007_R1].nogrowth_period	0
  tag_growth_loss[Tags2008_R1].nogrowth_period	0
  tag_growth_loss[Tags2009_R1].nogrowth_period	0
  tag_loss_props                	1
  tag_names                     	Tags2005_R1 Tags2006_R1 Tags2007_R1 Tags2008_R1 Tags2009_R1
  tag_shedding_rate             	0.0084 0.0084 0.0084 0.0084 0.0084
  y_enter                       	1
Stored as DOUBLEs: 
Stored as VECTORs: 
Stored as OGIVEs: 

Output parameters:
Stored as strings: 
  n_projections                 	100
  numbers_at[Numbers_at_age_R1].area	R1
  numbers_at[Numbers_at_age_R1].proportion_mortality	0.5
  numbers_at[Numbers_at_age_R1].step	1
  numbers_at[Numbers_at_age_R1].years	1990 1991 1992 1993 1994 1995 1996 1997 1998 1999 2000 2001 2002 2003 2004 2005 2006 2007 2008 2009 2010
  print.covariance              	true
  print.estimation_section      	true
  print.final_state             	false
  print.fits                    	true
  print.fits_every_eval         	false
  print.initial_state           	false
  print.normalised_resids       	true
  print.objective_every_eval    	false
  print.parameter_vector_every_eval	false
  print.parameters              	true
  print.parameters_every_eval   	false
  print.pearson_resids          	true
  print.requests                	false
  print.resids                  	true
  print.results                 	false
  print.state_annually          	false
  print.state_every_step        	false
  print.unused_parameters       	true
  print.yields                  	true
  quantities.B0                 	true
  quantities.R0                 	true
  quantities.SSBs               	true
  quantities.YCS                	true
  quantities.actual_catches     	false
  quantities.all_free_parameters	true
  quantities.fishing_pressures  	true
  quantities.nuisance_qs        	true
  quantities.recruitments       	true
  quantities.true_YCS           	true
Stored as DOUBLEs: 
Stored as VECTORs: 
Stored as OGIVEs: 

A fish of size 500 cm has a weight of 1.16755 kg in your model. This size-weight scale check assumes that the growth curve is in centimetres, and that the catch is in tonnes.

A fish of size 500 cm has a weight of 1.16755 kg in your model. This size-weight scale check assumes that the growth curve is in centimetres, and that the catch is in tonnes.

Estimation section :

Objective function: Bayes

Minimiser convergence threshold: 0.001


Observations:

The observations are:
LL1_catchA
Tags2005_R1_R1
Tags2006_R1_R1
Tags2007_R1_R1
Tags2008_R1_R1
Tags2009_R1_R1
Fits follow:

LL1_catchA :
catch proportions-at-age for fishery LL1  with ageing error (constrained to sum to 1):
obs (last class is a plus group):
class 1       2       3       4       5       6       7       8       9       10      11      12      13      14      15      16      17      18      19      20      21      22      23      24      25      26      27      28      29      30      
2000 0       0       0       0       0.03    0.02    0.04    0.09    0.17    0.16    0.16    0.08    0.06    0.03    0.04    0.06    0.01    0.02    0       0       0.02    0.01    0       0       0       0       0       0       0       0       
2001 0       0       0       0       0       0.01    0.03    0.11    0.13    0.23    0.17    0.06    0.06    0.04    0.04    0.04    0       0.02    0.02    0.02    0       0.01    0       0.01    0       0       0       0       0       0       
2002 0       0       0       0       0       0.01    0.06    0.17    0.16    0.18    0.09    0.06    0.05    0       0.03    0.03    0.04    0.02    0.01    0.03    0.02    0       0.01    0       0.01    0       0       0       0       0.02    
2003 0       0       0       0       0       0.02    0.06    0.12    0.18    0.18    0.15    0.07    0.11    0.03    0.05    0       0       0.02    0       0       0.01    0       0       0       0       0       0       0       0       0       
2004 0       0       0       0       0.01    0       0.07    0.07    0.18    0.16    0.15    0.06    0.07    0.11    0.03    0.02    0.02    0       0.01    0       0.02    0       0       0       0       0       0       0       0.01    0.01    
2005 0       0       0       0.01    0       0.02    0.05    0.1     0.2     0.15    0.14    0.09    0.05    0.06    0.04    0.04    0.01    0.01    0       0.01    0       0.01    0.01    0       0       0       0       0       0       0       
2006 0       0       0       0       0.01    0.07    0.05    0.07    0.17    0.22    0.03    0.12    0.06    0.1     0.03    0.03    0.01    0       0.02    0       0       0.01    0       0       0       0       0       0       0       0       
2007 0       0       0       0       0       0.02    0.1     0.12    0.14    0.18    0.09    0.12    0.07    0.05    0.01    0.02    0.01    0       0.03    0       0.01    0       0.01    0       0.01    0       0       0.01    0       0       
2008 0       0       0       0       0       0.03    0.07    0.11    0.18    0.14    0.13    0.05    0.09    0.07    0.02    0.01    0.05    0.02    0.01    0       0       0       0       0       0       0       0       0       0       0.02    
2009 0       0       0       0       0       0.01    0.05    0.12    0.23    0.12    0.08    0.08    0.06    0.05    0.08    0.04    0.02    0.03    0.02    0       0       0.01    0       0       0       0       0       0       0       0       
2010 0       0       0       0       0.03    0.01    0.04    0.12    0.14    0.17    0.16    0.07    0.04    0.08    0.03    0.01    0.02    0.03    0.01    0.02    0       0.01    0       0       0       0       0       0.01    0       0       
objective function: multinomial likelihood, with delta = 1e-011, N =
100 100 100 100 100 100 100 100 100 100 100 100 100 100 100 100 100 100 100 100 100 100 100 100 100 100 100 100 100 100 
100 100 100 100 100 100 100 100 100 100 100 100 100 100 100 100 100 100 100 100 100 100 100 100 100 100 100 100 100 100 
100 100 100 100 100 100 100 100 100 100 100 100 100 100 100 100 100 100 100 100 100 100 100 100 100 100 100 100 100 100 
100 100 100 100 100 100 100 100 100 100 100 100 100 100 100 100 100 100 100 100 100 100 100 100 100 100 100 100 100 100 
100 100 100 100 100 100 100 100 100 100 100 100 100 100 100 100 100 100 100 100 100 100 100 100 100 100 100 100 100 100 
100 100 100 100 100 100 100 100 100 100 100 100 100 100 100 100 100 100 100 100 100 100 100 100 100 100 100 100 100 100 
100 100 100 100 100 100 100 100 100 100 100 100 100 100 100 100 100 100 100 100 100 100 100 100 100 100 100 100 100 100 
100 100 100 100 100 100 100 100 100 100 100 100 100 100 100 100 100 100 100 100 100 100 100 100 100 100 100 100 100 100 
100 100 100 100 100 100 100 100 100 100 100 100 100 100 100 100 100 100 100 100 100 100 100 100 100 100 100 100 100 100 
100 100 100 100 100 100 100 100 100 100 100 100 100 100 100 100 100 100 100 100 100 100 100 100 100 100 100 100 100 100 
100 100 100 100 100 100 100 100 100 100 100 100 100 100 100 100 100 100 100 100 100 100 100 100 100 100 100 100 100 100 

Tags2005_R1_R1 :
tag-recapture data for tag Tags2005_R1 in years 2006 2007 2008 2009 2010 , step 1, after proportion 0.5 of mortality, with sampling method size, detection probability 1.
Year 2006
class scanned recaptured
100 0 0
150 0 0
200 0 0
250 2 0
300 28 0
350 320 0
400 2302 0
450 11502 0
500 39770 0
550 96806 1
600 173902 7
650 243624 10
700 277690 24
750 266092 25
800 224820 31
850 178122 17
900 136978 15
950 101584 13
1000 71958 9
1050 49292 4
1100 33518 5
1150 23134 1
1200 16316 0
1250 11662 0
1300 8346 0
1350 5944 0
1400 4222 0
1450 2988 0
1500 2086 0
1550 1406 0
1600 896 0
1650 530 0
1700 286 0
1750 140 0
1800 62 0
1850 24 0
1900 8 0
1950 2 0
2000 0 0


Year 2007
class scanned recaptured
100 0 0
150 0 0
200 0 0
250 2 0
300 28 0
350 344 0
400 2442 0
450 11568 0
500 39724 0
550 99366 1
600 181960 5
650 252416 7
700 280488 11
750 265182 8
800 224010 18
850 176300 20
900 134278 14
950 100438 14
1000 72920 9
1050 50898 7
1100 34514 5
1150 23278 5
1200 15942 1
1250 11162 1
1300 7944 0
1350 5686 0
1400 4062 0
1450 2880 0
1500 2006 0
1550 1350 0
1600 862 0
1650 512 0
1700 278 0
1750 138 0
1800 62 0
1850 24 0
1900 8 0
1950 2 0
2000 0 0


Year 2008
class scanned recaptured
100 0 0
150 0 0
200 0 0
250 2 0
300 28 0
350 344 0
400 2602 0
450 12332 0
500 40170 0
550 97884 0
600 182308 2
650 260086 0
700 291620 4
750 271378 13
800 224512 15
850 174626 18
900 131756 17
950 97934 15
1000 71728 6
1050 51120 4
1100 35200 2
1150 23658 4
1200 15864 2
1250 10828 0
1300 7580 0
1350 5410 0
1400 3886 0
1450 2772 0
1500 1934 0
1550 1300 0
1600 826 0
1650 490 0
1700 266 0
1750 132 0
1800 58 0
1850 24 0
1900 8 0
1950 2 0
2000 0 0


Year 2009
class scanned recaptured
100 0 0
150 0 0
200 0 0
250 2 0
300 28 0
350 338 0
400 2596 0
450 13080 0
500 43468 0
550 101422 0
600 180382 0
650 255904 0
700 293398 2
750 278302 7
800 229716 9
850 175798 20
900 130724 11
950 96182 9
1000 70174 10
1050 50456 7
1100 35360 2
1150 24054 2
1200 16060 2
1250 10754 0
1300 7362 1
1350 5182 0
1400 3714 1
1450 2662 0
1500 1866 0
1550 1256 0
1600 798 0
1650 470 0
1700 254 0
1750 126 0
1800 56 0
1850 22 0
1900 8 0
1950 2 0
2000 0 0


Year 2010
class scanned recaptured
100 0 0
150 0 0
200 0 0
250 2 0
300 30 0
350 342 0
400 2546 0
450 12914 0
500 45438 0
550 110634 0
600 193100 1
650 259840 0
700 288924 2
750 275666 6
800 231594 5
850 178066 12
900 131090 7
950 95240 8
1000 68874 6
1050 49434 10
1100 34952 3
1150 24134 1
1200 16262 1
1250 10830 1
1300 7284 0
1350 5028 0
1400 3564 1
1450 2550 0
1500 1794 0
1550 1212 0
1600 770 0
1650 454 0
1700 246 0
1750 120 0
1800 54 0
1850 22 0
1900 8 0
1950 2 0
2000 0 0


Tags2006_R1_R1 :
tag-recapture data for tag Tags2006_R1 in years 2007 2008 2009 2010 , step 1, after proportion 0.5 of mortality, with sampling method size, detection probability 1.
Year 2007
class scanned recaptured
100 0 0
150 0 0
200 0 0
250 2 0
300 28 0
350 344 0
400 2442 0
450 11568 0
500 39724 0
550 99366 0
600 181960 7
650 252416 14
700 280488 33
750 265182 25
800 224010 24
850 176300 19
900 134278 16
950 100438 13
1000 72920 6
1050 50898 6
1100 34514 2
1150 23278 1
1200 15942 2
1250 11162 0
1300 7944 0
1350 5686 2
1400 4062 0
1450 2880 0
1500 2006 1
1550 1350 0
1600 862 0
1650 512 0
1700 278 0
1750 138 0
1800 62 0
1850 24 0
1900 8 0
1950 2 0
2000 0 0


Year 2008
class scanned recaptured
100 0 0
150 0 0
200 0 0
250 2 0
300 28 0
350 344 0
400 2602 0
450 12332 0
500 40170 0
550 97884 0
600 182308 1
650 260086 6
700 291620 23
750 271378 19
800 224512 26
850 174626 22
900 131756 17
950 97934 17
1000 71728 12
1050 51120 5
1100 35200 1
1150 23658 2
1200 15864 0
1250 10828 0
1300 7580 0
1350 5410 0
1400 3886 0
1450 2772 1
1500 1934 0
1550 1300 0
1600 826 0
1650 490 0
1700 266 0
1750 132 0
1800 58 0
1850 24 0
1900 8 0
1950 2 0
2000 0 0


Year 2009
class scanned recaptured
100 0 0
150 0 0
200 0 0
250 2 0
300 28 0
350 338 0
400 2596 0
450 13080 0
500 43468 0
550 101422 0
600 180382 1
650 255904 1
700 293398 7
750 278302 15
800 229716 17
850 175798 22
900 130724 19
950 96182 3
1000 70174 11
1050 50456 5
1100 35360 0
1150 24054 2
1200 16060 3
1250 10754 0
1300 7362 2
1350 5182 0
1400 3714 0
1450 2662 0
1500 1866 0
1550 1256 0
1600 798 0
1650 470 0
1700 254 0
1750 126 0
1800 56 0
1850 22 0
1900 8 0
1950 2 0
2000 0 0


Year 2010
class scanned recaptured
100 0 0
150 0 0
200 0 0
250 2 0
300 30 0
350 342 0
400 2546 0
450 12914 0
500 45438 0
550 110634 0
600 193100 0
650 259840 1
700 288924 2
750 275666 6
800 231594 13
850 178066 14
900 131090 13
950 95240 12
1000 68874 5
1050 49434 3
1100 34952 6
1150 24134 2
1200 16262 3
1250 10830 2
1300 7284 2
1350 5028 0
1400 3564 0
1450 2550 0
1500 1794 0
1550 1212 0
1600 770 0
1650 454 1
1700 246 0
1750 120 0
1800 54 0
1850 22 0
1900 8 0
1950 2 0
2000 0 0


Tags2007_R1_R1 :
tag-recapture data for tag Tags2007_R1 in years 2008 2009 2010 , step 1, after proportion 0.5 of mortality, with sampling method size, detection probability 1.
Year 2008
class scanned recaptured
100 0 0
150 0 0
200 0 0
250 2 0
300 28 0
350 344 0
400 2602 0
450 12332 0
500 40170 0
550 97884 0
600 182308 5
650 260086 9
700 291620 20
750 271378 23
800 224512 32
850 174626 34
900 131756 14
950 97934 13
1000 71728 11
1050 51120 6
1100 35200 1
1150 23658 4
1200 15864 0
1250 10828 1
1300 7580 0
1350 5410 0
1400 3886 0
1450 2772 0
1500 1934 0
1550 1300 0
1600 826 0
1650 490 0
1700 266 0
1750 132 0
1800 58 0
1850 24 0
1900 8 0
1950 2 0
2000 0 0


Year 2009
class scanned recaptured
100 0 0
150 0 0
200 0 0
250 2 0
300 28 0
350 338 0
400 2596 0
450 13080 0
500 43468 0
550 101422 0
600 180382 1
650 255904 8
700 293398 12
750 278302 21
800 229716 27
850 175798 13
900 130724 19
950 96182 17
1000 70174 5
1050 50456 4
1100 35360 7
1150 24054 2
1200 16060 3
1250 10754 0
1300 7362 1
1350 5182 0
1400 3714 0
1450 2662 0
1500 1866 0
1550 1256 0
1600 798 0
1650 470 0
1700 254 0
1750 126 0
1800 56 0
1850 22 0
1900 8 0
1950 2 0
2000 0 0


Year 2010
class scanned recaptured
100 0 0
150 0 0
200 0 0
250 2 0
300 30 0
350 342 0
400 2546 0
450 12914 0
500 45438 0
550 110634 0
600 193100 1
650 259840 1
700 288924 10
750 275666 16
800 231594 18
850 178066 14
900 131090 14
950 95240 5
1000 68874 5
1050 49434 5
1100 34952 1
1150 24134 5
1200 16262 2
1250 10830 1
1300 7284 0
1350 5028 0
1400 3564 0
1450 2550 1
1500 1794 0
1550 1212 0
1600 770 0
1650 454 0
1700 246 0
1750 120 0
1800 54 0
1850 22 0
1900 8 0
1950 2 0
2000 0 0


Tags2008_R1_R1 :
tag-recapture data for tag Tags2008_R1 in years 2009 2010 , step 1, after proportion 0.5 of mortality, with sampling method size, detection probability 1.
Year 2009
class scanned recaptured
100 0 0
150 0 0
200 0 0
250 2 0
300 28 0
350 338 0
400 2596 0
450 13080 0
500 43468 0
550 101422 0
600 180382 9
650 255904 12
700 293398 19
750 278302 35
800 229716 29
850 175798 15
900 130724 18
950 96182 11
1000 70174 6
1050 50456 4
1100 35360 1
1150 24054 0
1200 16060 3
1250 10754 0
1300 7362 0
1350 5182 1
1400 3714 0
1450 2662 0
1500 1866 0
1550 1256 0
1600 798 0
1650 470 0
1700 254 0
1750 126 0
1800 56 0
1850 22 0
1900 8 0
1950 2 0
2000 0 0


Year 2010
class scanned recaptured
100 0 0
150 0 0
200 0 0
250 2 0
300 30 0
350 342 0
400 2546 0
450 12914 0
500 45438 0
550 110634 0
600 193100 2
650 259840 9
700 288924 12
750 275666 18
800 231594 19
850 178066 13
900 131090 20
950 95240 15
1000 68874 8
1050 49434 3
1100 34952 6
1150 24134 1
1200 16262 0
1250 10830 0
1300 7284 0
1350 5028 0
1400 3564 0
1450 2550 0
1500 1794 0
1550 1212 0
1600 770 0
1650 454 0
1700 246 0
1750 120 0
1800 54 0
1850 22 0
1900 8 0
1950 2 0
2000 0 0


Tags2009_R1_R1 :
tag-recapture data for tag Tags2009_R1 in years 2010 , step 1, after proportion 0.5 of mortality, with sampling method size, detection probability 1.
Year 2010
class scanned recaptured
100 0 0
150 0 0
200 0 0
250 2 0
300 30 0
350 342 0
400 2546 0
450 12914 0
500 45438 1
550 110634 2
600 193100 4
650 259840 13
700 288924 15
750 275666 23
800 231594 26
850 178066 22
900 131090 18
950 95240 18
1000 68874 11
1050 49434 5
1100 34952 4
1150 24134 1
1200 16262 0
1250 10830 0
1300 7284 0
1350 5028 0
1400 3564 0
1450 2550 0
1500 1794 0
1550 1212 0
1600 770 0
1650 454 0
1700 246 0
1750 120 0
1800 54 0
1850 22 0
1900 8 0
1950 2 0
2000 0 0



Ageing_error:
  Misclassification matrix:
1 0 0 0 0 0 0 0 0 0 0 0 0 0 0 0 0 0 0 0 0 0 0 0 0 0 0 0 0 0 
0 1 0 0 0 0 0 0 0 0 0 0 0 0 0 0 0 0 0 0 0 0 0 0 0 0 0 0 0 0 
0 0 1 0 0 0 0 0 0 0 0 0 0 0 0 0 0 0 0 0 0 0 0 0 0 0 0 0 0 0 
0 0 0 1 0 0 0 0 0 0 0 0 0 0 0 0 0 0 0 0 0 0 0 0 0 0 0 0 0 0 
0 0 0 0 1 0 0 0 0 0 0 0 0 0 0 0 0 0 0 0 0 0 0 0 0 0 0 0 0 0 
0 0 0 0 0 1 0 0 0 0 0 0 0 0 0 0 0 0 0 0 0 0 0 0 0 0 0 0 0 0 
0 0 0 0 0 0 1 0 0 0 0 0 0 0 0 0 0 0 0 0 0 0 0 0 0 0 0 0 0 0 
0 0 0 0 0 0 0 1 0 0 0 0 0 0 0 0 0 0 0 0 0 0 0 0 0 0 0 0 0 0 
0 0 0 0 0 0 0 0 1 0 0 0 0 0 0 0 0 0 0 0 0 0 0 0 0 0 0 0 0 0 
0 0 0 0 0 0 0 0 0 1 0 0 0 0 0 0 0 0 0 0 0 0 0 0 0 0 0 0 0 0 
0 0 0 0 0 0 0 0 0 0 1 0 0 0 0 0 0 0 0 0 0 0 0 0 0 0 0 0 0 0 
0 0 0 0 0 0 0 0 0 0 0 1 0 0 0 0 0 0 0 0 0 0 0 0 0 0 0 0 0 0 
0 0 0 0 0 0 0 0 0 0 0 0 1 0 0 0 0 0 0 0 0 0 0 0 0 0 0 0 0 0 
0 0 0 0 0 0 0 0 0 0 0 0 0 1 0 0 0 0 0 0 0 0 0 0 0 0 0 0 0 0 
0 0 0 0 0 0 0 0 0 0 0 0 0 0 1 0 0 0 0 0 0 0 0 0 0 0 0 0 0 0 
0 0 0 0 0 0 0 0 0 0 0 0 0 0 0 1 0 0 0 0 0 0 0 0 0 0 0 0 0 0 
0 0 0 0 0 0 0 0 0 0 0 0 0 0 0 0 1 0 0 0 0 0 0 0 0 0 0 0 0 0 
0 0 0 0 0 0 0 0 0 0 0 0 0 0 0 0 0 1 0 0 0 0 0 0 0 0 0 0 0 0 
0 0 0 0 0 0 0 0 0 0 0 0 0 0 0 0 0 0 1 0 0 0 0 0 0 0 0 0 0 0 
0 0 0 0 0 0 0 0 0 0 0 0 0 0 0 0 0 0 0 1 0 0 0 0 0 0 0 0 0 0 
0 0 0 0 0 0 0 0 0 0 0 0 0 0 0 0 0 0 0 0 1 0 0 0 0 0 0 0 0 0 
0 0 0 0 0 0 0 0 0 0 0 0 0 0 0 0 0 0 0 0 0 1 0 0 0 0 0 0 0 0 
0 0 0 0 0 0 0 0 0 0 0 0 0 0 0 0 0 0 0 0 0 0 1 0 0 0 0 0 0 0 
0 0 0 0 0 0 0 0 0 0 0 0 0 0 0 0 0 0 0 0 0 0 0 1 0 0 0 0 0 0 
0 0 0 0 0 0 0 0 0 0 0 0 0 0 0 0 0 0 0 0 0 0 0 0 1 0 0 0 0 0 
0 0 0 0 0 0 0 0 0 0 0 0 0 0 0 0 0 0 0 0 0 0 0 0 0 1 0 0 0 0 
0 0 0 0 0 0 0 0 0 0 0 0 0 0 0 0 0 0 0 0 0 0 0 0 0 0 1 0 0 0 
0 0 0 0 0 0 0 0 0 0 0 0 0 0 0 0 0 0 0 0 0 0 0 0 0 0 0 1 0 0 
0 0 0 0 0 0 0 0 0 0 0 0 0 0 0 0 0 0 0 0 0 0 0 0 0 0 0 0 1 0 
0 0 0 0 0 0 0 0 0 0 0 0 0 0 0 0 0 0 0 0 0 0 0 0 0 0 0 0 0 1 

Free parameters:

initialization.B0
uniform: bounds from 5000 to 500000
current value: 448262
lower bound: 5000
upper bound: 500000


Q's:
qs are nuisance parameters

Penalties:
LL1_Penalty :
Catch limit penalty of 1000 x the sum of squares of (log(actual catch) - log(specified catch)) for fishery LL1 to disencourage breaking exploitation rate limits
LL2_Penalty :
Catch limit penalty of 1000 x the sum of squares of (log(actual catch) - log(specified catch)) for fishery LL2 to disencourage breaking exploitation rate limits
meanYCS_1 :
Vector average penalty of 100 x square of (mean(recruitment.YCS) - 1) 
Penalty_Tags2005_R1_LL1 :
'Fish-must-be-tagged' penalty of 1 x square of (actual number of tagged fish - nominal number of tagged fish) for tagging episode Tags2005_R1_LL1
Penalty_Tags2006_R1_LL1 :
'Fish-must-be-tagged' penalty of 1 x square of (actual number of tagged fish - nominal number of tagged fish) for tagging episode Tags2006_R1_LL1
Penalty_Tags2007_R1_LL1 :
'Fish-must-be-tagged' penalty of 1 x square of (actual number of tagged fish - nominal number of tagged fish) for tagging episode Tags2007_R1_LL1
Penalty_Tags2008_R1_LL1 :
'Fish-must-be-tagged' penalty of 1 x square of (actual number of tagged fish - nominal number of tagged fish) for tagging episode Tags2008_R1_LL1
Penalty_Tags2009_R1_LL1 :
'Fish-must-be-tagged' penalty of 1 x square of (actual number of tagged fish - nominal number of tagged fish) for tagging episode Tags2009_R1_LL1

Components of the objective function are:
  LL1_catchA
  Tags2005_R1_R1
  Tags2006_R1_R1
  Tags2007_R1_R1
  Tags2008_R1_R1
  Tags2009_R1_R1
  prior_on_initialization.B0
  LL1_Penalty
  LL2_Penalty
  meanYCS_1
  Penalty_Tags2005_R1_LL1
  Penalty_Tags2006_R1_LL1
  Penalty_Tags2007_R1_LL1
  Penalty_Tags2008_R1_LL1
  Penalty_Tags2009_R1_LL1

Random number seed : 67616


Minimiser achieved convergence after 7 quasi-Newton iterations using 10 objective function evaluations



Approximate Covariance matrix (Inverse Hessian of parameters at point estimate):
1.25306e+007 

Correlation matrix:
1 

List of parameter names, in the same order as the rows & cols of the covariance/correlation matrices:
initialization.B0 



Start extracting output from here

Point estimate:
initialization.B0
current value: 191271
lower bound: 5000
upper bound: 500000


In a format suitable for -i :

initialization.B0 
191271 

Objective function : 925.013

Components :
LL1_catchA                                         400.226
Tags2005_R1_R1                                     162.036
Tags2006_R1_R1                                     149.214
Tags2007_R1_R1                                     107.72
Tags2008_R1_R1                                     69.3732
Tags2009_R1_R1                                     36.4438
prior_on_initialization.B0                         0
LL1_Penalty                                        0
LL2_Penalty                                        0
meanYCS_1                                          0
Penalty_Tags2005_R1_LL1                            0
Penalty_Tags2006_R1_LL1                            1.86116e-024
Penalty_Tags2007_R1_LL1                            0
Penalty_Tags2008_R1_LL1                            8.27181e-025
Penalty_Tags2009_R1_LL1                            8.27181e-025

Fits : 

The observations are:
LL1_catchA
Tags2005_R1_R1
Tags2006_R1_R1
Tags2007_R1_R1
Tags2008_R1_R1
Tags2009_R1_R1
Fits follow:

LL1_catchA :
catch proportions-at-age for fishery LL1  with ageing error (constrained to sum to 1):
obs (last class is a plus group):
class 1       2       3       4       5       6       7       8       9       10      11      12      13      14      15      16      17      18      19      20      21      22      23      24      25      26      27      28      29      30      
2000 0       0       0       0       0.03    0.02    0.04    0.09    0.17    0.16    0.16    0.08    0.06    0.03    0.04    0.06    0.01    0.02    0       0       0.02    0.01    0       0       0       0       0       0       0       0       
2001 0       0       0       0       0       0.01    0.03    0.11    0.13    0.23    0.17    0.06    0.06    0.04    0.04    0.04    0       0.02    0.02    0.02    0       0.01    0       0.01    0       0       0       0       0       0       
2002 0       0       0       0       0       0.01    0.06    0.17    0.16    0.18    0.09    0.06    0.05    0       0.03    0.03    0.04    0.02    0.01    0.03    0.02    0       0.01    0       0.01    0       0       0       0       0.02    
2003 0       0       0       0       0       0.02    0.06    0.12    0.18    0.18    0.15    0.07    0.11    0.03    0.05    0       0       0.02    0       0       0.01    0       0       0       0       0       0       0       0       0       
2004 0       0       0       0       0.01    0       0.07    0.07    0.18    0.16    0.15    0.06    0.07    0.11    0.03    0.02    0.02    0       0.01    0       0.02    0       0       0       0       0       0       0       0.01    0.01    
2005 0       0       0       0.01    0       0.02    0.05    0.1     0.2     0.15    0.14    0.09    0.05    0.06    0.04    0.04    0.01    0.01    0       0.01    0       0.01    0.01    0       0       0       0       0       0       0       
2006 0       0       0       0       0.01    0.07    0.05    0.07    0.17    0.22    0.03    0.12    0.06    0.1     0.03    0.03    0.01    0       0.02    0       0       0.01    0       0       0       0       0       0       0       0       
2007 0       0       0       0       0       0.02    0.1     0.12    0.14    0.18    0.09    0.12    0.07    0.05    0.01    0.02    0.01    0       0.03    0       0.01    0       0.01    0       0.01    0       0       0.01    0       0       
2008 0       0       0       0       0       0.03    0.07    0.11    0.18    0.14    0.13    0.05    0.09    0.07    0.02    0.01    0.05    0.02    0.01    0       0       0       0       0       0       0       0       0       0       0.02    
2009 0       0       0       0       0       0.01    0.05    0.12    0.23    0.12    0.08    0.08    0.06    0.05    0.08    0.04    0.02    0.03    0.02    0       0       0.01    0       0       0       0       0       0       0       0       
2010 0       0       0       0       0.03    0.01    0.04    0.12    0.14    0.17    0.16    0.07    0.04    0.08    0.03    0.01    0.02    0.03    0.01    0.02    0       0.01    0       0       0       0       0       0.01    0       0       
fits (last class is a plus group):
class 1       2       3       4       5       6       7       8       9       10      11      12      13      14      15      16      17      18      19      20      21      22      23      24      25      26      27      28      29      30      
2000 4.90246e-007 8.01559e-006 9.26645e-005 0.000757388 0.00437617 0.0178662 0.0514449 0.103999 0.146617 0.143672 0.116653 0.0935281 0.0741032 0.0580624 0.0450319 0.0346362 0.0265252 0.020337 0.0156391 0.0119735 0.00906497 0.00678146 0.00500919 0.00365077 0.00262351 0.00185785 0.00129585 0.000889935 0.000601596 0.00290146 
2001 4.91694e-007 8.03934e-006 9.29452e-005 0.000759777 0.00439076 0.0179296 0.051639 0.104405 0.147176 0.144294 0.117152 0.0938428 0.0742793 0.0581372 0.0450244 0.0345312 0.0262736 0.0199093 0.0151062 0.0114966 0.00871048 0.00652511 0.00482901 0.00352782 0.00254216 0.00180573 0.00126358 0.000870652 0.00059051 0.00288735 
2002 4.92877e-007 8.05843e-006 9.31666e-005 0.000761637 0.00440206 0.0179789 0.0517905 0.104725 0.14762 0.144684 0.117518 0.0941318 0.074441 0.0582077 0.0450313 0.0344875 0.0261662 0.0197004 0.0147742 0.0110946 0.00835612 0.00626467 0.00464274 0.00339832 0.00245475 0.00174851 0.0012273 0.000848407 0.000577343 0.0028662 
2003 4.93889e-007 8.07448e-006 9.33492e-005 0.000763136 0.004411 0.0180175 0.0519095 0.104977 0.147971 0.144994 0.117722 0.0943343 0.0745991 0.05828 0.045045 0.0344626 0.0261111 0.0196042 0.014608 0.0108429 0.0080584 0.00600593 0.00445471 0.00326534 0.00236333 0.00168749 0.00118781 0.000823648 0.000562329 0.00283814 
2004 4.94801e-007 8.08874e-006 9.35085e-005 0.000764413 0.00441842 0.0180489 0.0520047 0.105177 0.148249 0.145237 0.117881 0.0944244 0.0747021 0.0583599 0.045068 0.0344489 0.0260748 0.0195505 0.0145279 0.0107149 0.00787143 0.00578908 0.00426874 0.00313173 0.00226993 0.00162403 0.00114594 0.000796865 0.000545735 0.00280334 
2005 4.95665e-007 8.10211e-006 9.36556e-005 0.000765569 0.00442496 0.0180756 0.0520837 0.10534 0.148471 0.145427 0.118003 0.0944918 0.0747265 0.0584047 0.0451031 0.034447 0.0260504 0.0195134 0.0144813 0.0106514 0.00777532 0.00565261 0.00411316 0.00300001 0.00217638 0.0015594 0.00110254 0.000768585 0.000527863 0.00276201 
2006 4.96522e-007 8.1153e-006 9.37992e-005 0.000766682 0.00443112 0.0181001 0.0521535 0.105479 0.148653 0.145576 0.118093 0.0945385 0.0747401 0.0583936 0.0451153 0.0344575 0.0260374 0.019487 0.0144482 0.0106134 0.00772674 0.00558192 0.00401511 0.00288996 0.00208438 0.00149483 0.00105847 0.000739353 0.000509047 0.00271447 
2007 4.97392e-007 8.12861e-006 9.39434e-005 0.00076779 0.00443716 0.0181236 0.0522183 0.105603 0.148808 0.145696 0.118159 0.094567 0.0747429 0.0583783 0.0450875 0.0344529 0.0260354 0.0194704 0.014424 0.010586 0.00769708 0.00554568 0.00396402 0.0028205 0.00200755 0.0014314 0.00101449 0.000709698 0.000489623 0.00266108 
2008 4.98289e-007 8.1423e-006 9.40912e-005 0.000768918 0.00444327 0.018147 0.0522814 0.105719 0.148947 0.145795 0.118206 0.0945802 0.0747348 0.0583572 0.0450585 0.0344192 0.026023 0.0194627 0.0144074 0.0105654 0.00767536 0.00552319 0.00393751 0.00278412 0.00195899 0.00137845 0.000971321 0.000680133 0.000469936 0.00260236 
2009 4.99217e-007 8.15648e-006 9.42439e-005 0.00077008 0.00444952 0.0181708 0.0523448 0.105833 0.149078 0.145881 0.11824 0.0945811 0.0747165 0.0583291 0.0450261 0.0343854 0.0259894 0.0194478 0.0143979 0.0105507 0.00765874 0.00550651 0.00392084 0.00276507 0.00193345 0.00134493 0.000935281 0.000651124 0.000450317 0.00253892 
2010 5.00179e-007 8.17118e-006 9.44024e-005 0.000771285 0.00445598 0.0181953 0.0524093 0.105949 0.149207 0.145962 0.118266 0.0945725 0.0746895 0.0582939 0.0449889 0.0343495 0.0259559 0.0194171 0.0143831 0.0105412 0.00764643 0.00549352 0.00390832 0.00275293 0.00191995 0.00132724 0.00091244 0.000626902 0.000431071 0.00247149 
resids (last class is a plus group):
class 1       2       3       4       5       6       7       8       9       10      11      12      13      14      15      16      17      18      19      20      21      22      23      24      25      26      27      28      29      30      
2000 -4.90246e-007 -8.01559e-006 -9.26645e-005 -0.000757388 0.0256238 0.00213384 -0.0114449 -0.0139987 0.0233827 0.0163277 0.0433472 -0.0135281 -0.0141032 -0.0280624 -0.0050319 0.0253638 -0.0165252 -0.00033696 -0.0156391 -0.0119735 0.010935 0.00321854 -0.00500919 -0.00365077 -0.00262351 -0.00185785 -0.00129585 -0.000889935 -0.000601596 -0.00290146 
2001 -4.91694e-007 -8.03934e-006 -9.29452e-005 -0.000759777 -0.00439076 -0.00792964 -0.021639 0.00559544 -0.0171759 0.0857063 0.0528478 -0.0338428 -0.0142793 -0.0181372 -0.00502435 0.0054688 -0.0262736 9.06761e-005 0.00489379 0.00850342 -0.00871048 0.00347489 -0.00482901 0.00647218 -0.00254216 -0.00180573 -0.00126358 -0.000870652 -0.00059051 -0.00288735 
2002 -4.92877e-007 -8.05843e-006 -9.31666e-005 -0.000761637 -0.00440206 -0.00797885 0.00820951 0.0652755 0.0123803 0.0353157 -0.0275176 -0.0341318 -0.024441 -0.0582077 -0.0150313 -0.00448749 0.0138338 0.000299559 -0.00477419 0.0189054 0.0116439 -0.00626467 0.00535726 -0.00339832 0.00754525 -0.00174851 -0.0012273 -0.000848407 -0.000577343 0.0171338 
2003 -4.93889e-007 -8.07448e-006 -9.33492e-005 -0.000763136 -0.004411 0.00198248 0.00809053 0.0150233 0.0320291 0.0350065 0.0322784 -0.0243343 0.0354009 -0.02828 0.00495502 -0.0344626 -0.0261111 0.000395827 -0.014608 -0.0108429 0.0019416 -0.00600593 -0.00445471 -0.00326534 -0.00236333 -0.00168749 -0.00118781 -0.000823648 -0.000562329 -0.00283814 
2004 -4.94801e-007 -8.08874e-006 -9.35085e-005 -0.000764413 0.00558158 -0.0180489 0.0179953 -0.0351772 0.0317512 0.0147634 0.0321192 -0.0344244 -0.00470212 0.0516401 -0.015068 -0.0144489 -0.0060748 -0.0195505 -0.00452794 -0.0107149 0.0121286 -0.00578908 -0.00426874 -0.00313173 -0.00226993 -0.00162403 -0.00114594 -0.000796865 0.00945427 0.00719666 
2005 -4.95665e-007 -8.10211e-006 -9.36556e-005 0.00923443 -0.00442496 0.00192438 -0.00208373 -0.00534024 0.0515292 0.00457318 0.0219973 -0.00449176 -0.0247265 0.00159535 -0.00510311 0.00555301 -0.0160504 -0.00951338 -0.0144813 -0.000651407 -0.00777532 0.00434739 0.00588684 -0.00300001 -0.00217638 -0.0015594 -0.00110254 -0.000768585 -0.000527863 -0.00276201 
2006 -4.96522e-007 -8.1153e-006 -9.37992e-005 -0.000766682 0.00556888 0.0518999 -0.00215345 -0.0354789 0.0213472 0.074424 -0.0880933 0.0254615 -0.0147401 0.0416064 -0.0151153 -0.00445751 -0.0160374 -0.019487 0.0055518 -0.0106134 -0.00772674 0.00441808 -0.00401511 -0.00288996 -0.00208438 -0.00149483 -0.00105847 -0.000739353 -0.000509047 -0.00271447 
2007 -4.97392e-007 -8.12861e-006 -9.39434e-005 -0.00076779 -0.00443716 0.00187638 0.0477817 0.0143974 -0.00880775 0.0343044 -0.0281592 0.025433 -0.00474292 -0.0083783 -0.0350875 -0.0144529 -0.0160354 -0.0194704 0.015576 -0.010586 0.00230292 -0.00554568 0.00603598 -0.0028205 0.00799245 -0.0014314 -0.00101449 0.0092903 -0.000489623 -0.00266108 
2008 -4.98289e-007 -8.1423e-006 -9.40912e-005 -0.000768918 -0.00444327 0.011853 0.0177186 0.00428089 0.0310535 -0.00579463 0.0117936 -0.0445802 0.0152652 0.0116428 -0.0250585 -0.0244192 0.023977 0.000537267 -0.00440743 -0.0105654 -0.00767536 -0.00552319 -0.00393751 -0.00278412 -0.00195899 -0.00137845 -0.000971321 -0.000680133 -0.000469936 0.0173976 
2009 -4.99217e-007 -8.15648e-006 -9.42439e-005 -0.00077008 -0.00444952 -0.00817083 -0.00234477 0.0141665 0.0809223 -0.0258812 -0.0382402 -0.0145811 -0.0147165 -0.00832912 0.0349739 0.0056146 -0.00598935 0.0105522 0.00560209 -0.0105507 -0.00765874 0.00449349 -0.00392084 -0.00276507 -0.00193345 -0.00134493 -0.000935281 -0.000651124 -0.000450317 -0.00253892 
2010 -5.00179e-007 -8.17118e-006 -9.44024e-005 -0.000771285 0.025544 -0.00819525 -0.0124093 0.0140515 -0.00920694 0.0240378 0.0417343 -0.0245725 -0.0346895 0.0217061 -0.0149889 -0.0243495 -0.00595588 0.0105829 -0.00438307 0.00945875 -0.00764643 0.00450648 -0.00390832 -0.00275293 -0.00191995 -0.00132724 -0.00091244 0.0093731 -0.000431071 -0.00247149 
pearson_resids (last class is a plus group):
class 1       2       3       4       5       6       7       8       9       10      11      12      13      14      15      16      17      18      19      20      21      22      23      24      25      26      27      28      29      30      
2000 -0.00700176 -0.0283119 -0.0962669 -0.275311 3.88194 0.161087 -0.518094 -0.458585 0.661043 0.465499 1.35036 -0.464611 -0.538415 -1.19996 -0.242648 1.38709 -1.02838 -0.0238724 -1.26046 -1.10085 1.15376 0.39217 -0.709536 -0.605322 -0.512875 -0.431428 -0.360213 -0.298451 -0.245348 -0.539435 
2001 -0.00701209 -0.0283538 -0.0964126 -0.275745 -0.664088 -0.59758 -0.977824 0.182986 -0.484809 2.43908 1.64327 -1.16055 -0.544545 -0.775087 -0.242304 0.299514 -1.64264 0.00649129 0.401211 0.797664 -0.937391 0.431587 -0.696595 1.0916  -0.504841 -0.425323 -0.355693 -0.295197 -0.243076 -0.538119 
2002 -0.00702052 -0.0283875 -0.0965274 -0.276083 -0.664945 -0.600481 0.370459 2.1318  0.349012 1.00391 -0.854488 -1.16885 -0.931131 -2.48607 -0.724845 -0.24592 0.86662 0.0215559 -0.395713 1.80491 1.27914 -0.793988 0.788072 -0.583944 1.52477 -0.418518 -0.350543 -0.291398 -0.240349 3.20497 
2003 -0.00702773 -0.0284157 -0.0966219 -0.276355 -0.665624 0.149042 0.364694 0.490121 0.902048 0.994236 1.00157 -0.83253 1.34736 -1.20714 0.238908 -1.88925 -1.63741 0.0285516 -1.21756 -1.04698 0.217166 -0.777317 -0.668928 -0.572367 -0.486717 -0.411138 -0.34485 -0.287111 -0.237201 -0.5335 
2004 -0.00703421 -0.0284408 -0.0967043 -0.276586 0.84156 -1.35575 0.810466 -1.14665 0.893529 0.419012 0.996047 -1.17723 -0.178849 2.20286 -0.726334 -0.792245 -0.381205 -1.4121 -0.378422 -1.04072 1.37246 -0.763072 -0.654755 -0.560497 -0.476979 -0.40332 -0.338711 -0.282401 4.04814 1.36114 
2005 -0.00704035 -0.0284643 -0.0967803 3.33875 -0.66668 0.144446 -0.093779 -0.173954 1.44922 0.129724 0.681852 -0.153558 -0.940351 0.0680299 -0.245897 0.304484 -1.00765 -0.687777 -1.21219 -0.0634562 -0.885226 0.579877 0.919791 -0.548547 -0.467026 -0.3952 -0.332229 -0.27734 -0.229813 -0.526276 
2006 -0.00704644 -0.0284875 -0.0968545 -0.276996 0.838447 3.89307 -0.0968556 -1.15503 0.600069 2.11024 -2.72972 0.870252 -0.560522 1.77437 -0.728248 -0.24438 -1.00708 -1.40976 0.465251 -1.03572 -0.882435 0.593003 -0.634925 -0.538362 -0.457027 -0.38692 -0.325514 -0.272011 -0.225678 -0.521714 
2007 -0.00705261 -0.0285108 -0.096929 -0.277197 -0.667603 0.140659 2.14781 0.468471 -0.247479 0.972346 -0.87235 0.869158 -0.180355 -0.357349 -1.691  -0.792419 -1.00699 -1.40915 1.30638 -1.03437 0.263508 -0.746767 0.9606  -0.531834 1.78559 -0.37861 -0.318672 3.48857 -0.221329 -0.516545 
2008 -0.00705896 -0.0285348 -0.0970052 -0.2774 -0.668064 0.887976 0.796004 0.139226 0.872201 -0.1642 0.365292 -1.52341 0.580508 0.496669 -1.20803 -1.33948 1.50605 0.0388916 -0.369866 -1.03336 -0.879473 -0.745243 -0.628735 -0.528384 -0.443039 -0.371531 -0.311812 -0.260882 -0.216831 3.41486 
2009 -0.00706553 -0.0285597 -0.0970839 -0.27761 -0.668537 -0.611731 -0.105278 0.460513 2.27204 -0.733206 -1.1843 -0.498267 -0.559704 -0.355391 1.68661 0.308127 -0.376444 0.764141 0.470272 -1.03263 -0.878513 0.607218 -0.627398 -0.526567 -0.440136 -0.36698 -0.305967 -0.255254 -0.212255 -0.504518 
2010 -0.00707233 -0.0285854 -0.0971655 -0.277827 3.83519 -0.613156 -0.556842 0.456555 -0.25841 0.680825 1.29239 -0.83973 -1.31955 0.926432 -0.723126 -1.33696 -0.374575 0.766959 -0.368128 0.926166 -0.877801 0.60969 -0.626391 -0.525408 -0.438594 -0.364554 -0.302204 3.74472 -0.207667 -0.497756 
objective function: multinomial likelihood, with delta = 1e-011, N =
100 100 100 100 100 100 100 100 100 100 100 100 100 100 100 100 100 100 100 100 100 100 100 100 100 100 100 100 100 100 
100 100 100 100 100 100 100 100 100 100 100 100 100 100 100 100 100 100 100 100 100 100 100 100 100 100 100 100 100 100 
100 100 100 100 100 100 100 100 100 100 100 100 100 100 100 100 100 100 100 100 100 100 100 100 100 100 100 100 100 100 
100 100 100 100 100 100 100 100 100 100 100 100 100 100 100 100 100 100 100 100 100 100 100 100 100 100 100 100 100 100 
100 100 100 100 100 100 100 100 100 100 100 100 100 100 100 100 100 100 100 100 100 100 100 100 100 100 100 100 100 100 
100 100 100 100 100 100 100 100 100 100 100 100 100 100 100 100 100 100 100 100 100 100 100 100 100 100 100 100 100 100 
100 100 100 100 100 100 100 100 100 100 100 100 100 100 100 100 100 100 100 100 100 100 100 100 100 100 100 100 100 100 
100 100 100 100 100 100 100 100 100 100 100 100 100 100 100 100 100 100 100 100 100 100 100 100 100 100 100 100 100 100 
100 100 100 100 100 100 100 100 100 100 100 100 100 100 100 100 100 100 100 100 100 100 100 100 100 100 100 100 100 100 
100 100 100 100 100 100 100 100 100 100 100 100 100 100 100 100 100 100 100 100 100 100 100 100 100 100 100 100 100 100 
100 100 100 100 100 100 100 100 100 100 100 100 100 100 100 100 100 100 100 100 100 100 100 100 100 100 100 100 100 100 

Tags2005_R1_R1 :
tag-recapture data for tag Tags2005_R1 in years 2006 2007 2008 2009 2010 , step 1, after proportion 0.5 of mortality, with sampling method size, detection probability 1.
Year 2006
class scanned recaptured expected_prop neg_log_likelihood
100 0 0 0 0
150 0 0 1.40974e-012 0
200 0 0 8.28858e-012 0
250 2 0 5.78907e-011 1.15781e-010
300 28 0 7.77511e-010 2.17703e-008
350 320 0 9.76985e-009 3.12635e-006
400 2302 0 9.12642e-008 0.00021009
450 11502 0 6.15204e-007 0.00707608
500 39770 0 2.93138e-006 0.116581
550 96806 1 1.00101e-005 1.00048
600 173902 7 2.53304e-005 2.55098
650 243624 10 4.94327e-005 2.26256
700 277690 24 7.74456e-005 2.65075
750 266092 25 0.000101428 2.60684
800 224820 31 0.000116017 3.07541
850 178122 17 0.000121074 2.86208
900 136978 15 0.000119363 2.33581
950 101584 13 0.000113508 2.29765
1000 71958 9 0.000105083 2.15564
1050 49292 4 9.49836e-005 1.68511
1100 33518 5 8.3806e-005 2.43234
1150 23134 1 7.20196e-005 1.1556
1200 16316 0 6.01274e-005 0.981068
1250 11662 0 4.88477e-005 0.569676
1300 8346 0 3.89376e-005 0.32498
1350 5944 0 3.08903e-005 0.183614
1400 4222 0 2.48934e-005 0.105101
1450 2988 0 2.06804e-005 0.0617936
1500 2086 0 1.78021e-005 0.0371356
1550 1406 0 1.58666e-005 0.0223086
1600 896 0 1.45295e-005 0.0130185
1650 530 0 1.36232e-005 0.00722032
1700 286 0 1.30265e-005 0.00372561
1750 140 0 1.26428e-005 0.00177
1800 62 0 1.23997e-005 0.000768787
1850 24 0 1.22464e-005 0.000293914
1900 8 0 1.21464e-005 9.71716e-005
1950 2 0 1.20696e-005 2.41393e-005
2000 0 0 1.19843e-005 0

total neg_log_likelihood: 31.5077


Year 2007
class scanned recaptured expected_prop neg_log_likelihood
100 0 0 0 0
150 0 0 4.71712e-015 0
200 0 0 4.73096e-013 0
250 2 0 6.99288e-012 1.39857e-011
300 28 0 1.43354e-010 4.01391e-009
350 344 0 1.99678e-009 6.86893e-007
400 2442 0 1.9275e-008 4.70696e-005
450 11568 0 1.48396e-007 0.00171664
500 39724 0 8.60857e-007 0.0341967
550 99366 1 3.63876e-006 1.37887
600 181960 5 1.13667e-005 3.22218
650 252416 7 2.70525e-005 1.90591
700 280488 11 5.07701e-005 2.52579
750 265182 8 7.77029e-005 7.00588
800 224010 18 0.000100479 2.85383
850 176300 20 0.000114264 2.42144
900 134278 14 0.000118903 2.37072
950 100438 14 0.000116874 2.44941
1000 72920 9 0.000110683 2.07827
1050 50898 7 0.000101874 2.18967
1100 34514 5 9.13048e-005 2.1997
1150 23278 5 7.95649e-005 3.55808
1200 15942 1 6.72611e-005 1.00246
1250 11162 1 5.52243e-005 1.10021
1300 7944 0 4.43634e-005 0.352431
1350 5686 0 3.53344e-005 0.200915
1400 4062 0 2.84723e-005 0.115656
1450 2880 0 2.35726e-005 0.06789
1500 2006 0 2.0175e-005 0.0404714
1550 1350 0 1.78597e-005 0.0241109
1600 862 0 1.62344e-005 0.0139941
1650 512 0 1.51139e-005 0.00773836
1700 278 0 1.43644e-005 0.00399333
1750 138 0 1.38757e-005 0.00191487
1800 62 0 1.35629e-005 0.000840905
1850 24 0 1.33644e-005 0.000320747
1900 8 0 1.32356e-005 0.000105886
1950 2 0 1.31403e-005 2.62808e-005
2000 0 0 1.30402e-005 0

total neg_log_likelihood: 39.1288


Year 2008
class scanned recaptured expected_prop neg_log_likelihood
100 0 0 0 0
150 0 0 0 0
200 0 0 1.36123e-014 0
250 2 0 6.41256e-013 1.28253e-012
300 28 0 2.45313e-011 6.86879e-010
350 344 0 4.64016e-010 1.59622e-007
400 2602 0 4.60272e-009 1.19763e-005
450 12332 0 3.54584e-008 0.000437273
500 40170 0 2.3362e-007 0.00938452
550 97884 0 1.18011e-006 0.115514
600 182308 2 4.47752e-006 1.91541
650 260086 0 1.29184e-005 3.35992
700 291620 4 2.90748e-005 3.10661
750 271378 13 5.25177e-005 2.26449
800 224512 15 7.83641e-005 2.47984
850 174626 18 9.98112e-005 2.37794
900 131756 17 0.000112618 2.49077
950 97934 15 0.000116657 2.7873
1000 71728 6 0.000114187 2.15187
1050 51120 4 0.000107532 1.85823
1100 35200 2 9.81515e-005 1.66848
1150 23658 4 8.6887e-005 2.3514
1200 15864 2 7.44801e-005 1.541
1250 10828 0 6.1892e-005 0.670187
1300 7580 0 5.01992e-005 0.380519
1350 5410 0 4.02404e-005 0.217705
1400 3886 0 3.25217e-005 0.126381
1450 2772 0 2.69242e-005 0.0746348
1500 1934 0 2.29911e-005 0.0444652
1550 1300 0 2.02823e-005 0.0263672
1600 826 0 1.83585e-005 0.0151643
1650 490 0 1.70172e-005 0.0083385
1700 266 0 1.61107e-005 0.00428549
1750 132 0 1.55146e-005 0.00204795
1800 58 0 1.51305e-005 0.000877576
1850 24 0 1.48859e-005 0.000357265
1900 8 0 1.47277e-005 0.000117822
1950 2 0 1.46124e-005 2.92251e-005
2000 0 0 1.44965e-005 0

total neg_log_likelihood: 32.0501


Year 2009
class scanned recaptured expected_prop neg_log_likelihood
100 0 0 0 0
150 0 0 0 0
200 0 0 4.60781e-017 0
250 2 0 3.92593e-014 7.86038e-014
300 28 0 3.30916e-012 9.26557e-011
350 338 0 1.0487e-010 3.54462e-008
400 2596 0 1.32335e-009 3.43543e-006
450 13080 0 9.16118e-009 0.000119828
500 43468 0 6.24944e-008 0.0027165
550 101422 0 3.56508e-007 0.0361577
600 180382 0 1.59499e-006 0.287707
650 255904 0 5.49916e-006 1.40726
700 293398 2 1.47536e-005 2.09131
750 278302 7 3.1455e-005 2.09258
800 229716 9 5.46148e-005 2.58319
850 175798 20 7.93006e-005 3.58003
900 130724 11 9.93335e-005 2.28558
950 96182 9 0.000111006 2.16594
1000 70174 10 0.000114284 2.30504
1050 50456 7 0.0001112 2.06308
1100 35360 2 0.000103863 1.76396
1150 24054 2 9.36474e-005 1.32154
1200 16060 2 8.15535e-005 1.46318
1250 10754 0 6.87053e-005 0.738882
1300 7362 1 5.63638e-005 1.2945
1350 5182 0 4.5571e-005 0.236154
1400 3714 1 3.70313e-005 2.12138
1450 2662 0 3.07393e-005 0.0818293
1500 1866 0 2.62609e-005 0.0490035
1550 1256 0 2.31461e-005 0.0290718
1600 798 0 2.09128e-005 0.0166886
1650 470 0 1.93425e-005 0.00909108
1700 254 0 1.82737e-005 0.00464157
1750 126 0 1.75669e-005 0.00221344
1800 56 0 1.71095e-005 0.00095814
1850 22 0 1.68177e-005 0.000369993
1900 8 0 1.66292e-005 0.000133035
1950 2 0 1.64932e-005 3.29868e-005
2000 0 0 1.6359e-005 0

total neg_log_likelihood: 30.0343


Year 2010
class scanned recaptured expected_prop neg_log_likelihood
100 0 0 0 0
150 0 0 0 0
200 0 0 0 0
250 2 0 1.17045e-015 2.44249e-015
300 30 0 3.18876e-013 9.56568e-012
350 342 0 1.96989e-011 6.73703e-009
400 2546 0 4.27308e-010 1.08793e-006
450 12914 0 2.72644e-009 3.52093e-005
500 45438 0 1.76777e-008 0.000803241
550 110634 0 1.05708e-007 0.0116949
600 193100 1 5.32733e-007 2.37715
650 259840 0 2.14084e-006 0.556277
700 288924 2 6.76078e-006 1.3074
750 275666 6 1.69126e-005 2.00451
800 231594 5 3.41532e-005 2.35675
850 178066 12 5.69495e-005 2.32919
900 131090 7 8.04167e-005 2.57955
950 95240 8 9.89465e-005 2.08244
1000 68874 6 0.000109351 1.99614
1050 49434 10 0.000111673 3.54039
1100 34952 3 0.000107719 1.57948
1150 24134 1 9.93898e-005 1.52378
1200 16262 1 8.8171e-005 1.07346
1250 10830 1 7.54589e-005 1.01902
1300 7284 0 6.27329e-005 0.456961
1350 5028 0 5.1261e-005 0.257747
1400 3564 1 4.19729e-005 2.0494
1450 2550 0 3.50113e-005 0.0892803
1500 1794 0 2.99891e-005 0.0538012
1550 1212 0 2.64605e-005 0.0320706
1600 770 0 2.3908e-005 0.0184094
1650 454 0 2.20999e-005 0.0100335
1700 246 0 2.08622e-005 0.00513216
1750 120 0 2.00402e-005 0.00240484
1800 54 0 1.95067e-005 0.00105337
1850 22 0 1.9166e-005 0.000421656
1900 8 0 1.89463e-005 0.000151572
1950 2 0 1.8789e-005 3.75783e-005
2000 0 0 1.86351e-005 0

total neg_log_likelihood: 29.315


Tags2006_R1_R1 :
tag-recapture data for tag Tags2006_R1 in years 2007 2008 2009 2010 , step 1, after proportion 0.5 of mortality, with sampling method size, detection probability 1.
Year 2007
class scanned recaptured expected_prop neg_log_likelihood
100 0 0 0 0
150 0 0 2.73001e-012 0
200 0 0 1.2336e-011 0
250 2 0 7.12547e-011 1.42509e-010
300 28 0 9.24057e-010 2.58736e-008
350 344 0 1.15354e-008 3.96817e-006
400 2442 0 1.03569e-007 0.000252915
450 11568 0 6.67386e-007 0.00772033
500 39724 0 3.07821e-006 0.122279
550 99366 0 1.03102e-005 1.02448
600 181960 7 2.58361e-005 2.39166
650 252416 14 5.02437e-005 2.31059
700 280488 33 7.87454e-005 5.00691
750 265182 25 0.000103355 2.6407
800 224010 24 0.000118437 2.63616
850 176300 19 0.000123488 2.57985
900 134278 16 0.000121063 2.31241
950 100438 13 0.000113823 2.31067
1000 72920 6 0.000103585 2.00065
1050 50898 6 9.16057e-005 2.00439
1100 34514 2 7.88564e-005 1.4123
1150 23278 1 6.61111e-005 1.10783
1200 15942 2 5.40054e-005 1.85351
1250 11162 0 4.31747e-005 0.481926
1300 7944 0 3.41255e-005 0.271097
1350 5686 2 2.70688e-005 4.58992
1400 4062 0 2.19718e-005 0.0892503
1450 2880 0 1.84735e-005 0.0532042
1500 2006 1 1.61242e-005 3.46362
1550 1350 0 1.4563e-005 0.0196601
1600 862 0 1.34915e-005 0.0116297
1650 512 0 1.27669e-005 0.00653669
1700 278 0 1.22897e-005 0.00341657
1750 138 0 1.19824e-005 0.00165358
1800 62 0 1.17872e-005 0.000730811
1850 24 0 1.16638e-005 0.000279932
1900 8 0 1.15833e-005 9.26668e-005
1950 2 0 1.15225e-005 2.30452e-005
2000 0 0 1.1457e-005 0

total neg_log_likelihood: 40.7154


Year 2008
class scanned recaptured expected_prop neg_log_likelihood
100 0 0 0 0
150 0 0 9.43831e-015 0
200 0 0 8.15902e-013 0
250 2 0 8.99354e-012 1.79872e-011
300 28 0 1.64629e-010 4.60961e-009
350 344 0 2.28039e-009 7.84454e-007
400 2602 0 2.19432e-008 5.70963e-005
450 12332 0 1.63974e-007 0.00202212
500 40170 0 9.19804e-007 0.0369485
550 97884 0 3.79334e-006 0.371308
600 182308 1 1.16744e-005 1.37299
650 260086 6 2.75759e-005 1.93015
700 291620 23 5.16201e-005 4.29323
750 271378 19 7.90457e-005 2.54124
800 224512 26 0.000102401 2.74008
850 174626 22 0.000116577 2.53275
900 131756 17 0.000121093 2.3739
950 97934 17 0.000118256 3.44676
1000 71728 12 0.000110638 3.06643
1050 51120 5 0.00010005 1.74155
1100 35200 1 8.77207e-005 1.96037
1150 23658 2 7.46154e-005 1.32177
1200 15864 0 6.16011e-005 0.97727
1250 10828 0 4.95647e-005 0.536699
1300 7580 0 3.92533e-005 0.297546
1350 5410 0 3.1056e-005 0.168016
1400 3886 0 2.5048e-005 0.0973378
1450 2772 1 2.08797e-005 2.90727
1500 1934 0 1.80539e-005 0.0349166
1550 1300 0 1.61613e-005 0.0210098
1600 826 0 1.4849e-005 0.0122653
1650 490 0 1.39511e-005 0.00683608
1700 266 0 1.33527e-005 0.00355185
1750 132 0 1.29631e-005 0.00171114
1800 58 0 1.27136e-005 0.000737392
1850 24 0 1.25549e-005 0.000301319
1900 8 0 1.24515e-005 9.9613e-005
1950 2 0 1.23752e-005 2.47505e-005
2000 0 0 1.22972e-005 0

total neg_log_likelihood: 34.7971


Year 2009
class scanned recaptured expected_prop neg_log_likelihood
100 0 0 0 0
150 0 0 0 0
200 0 0 2.6344e-014 0
250 2 0 9.31805e-013 1.86362e-012
300 28 0 2.86476e-011 8.02134e-010
350 338 0 5.13608e-010 1.73599e-007
400 2596 0 5.12754e-009 1.33111e-005
450 13080 0 3.93763e-008 0.000515042
500 43468 0 2.53134e-007 0.0110032
550 101422 0 1.24637e-006 0.126409
600 180382 1 4.64081e-006 1.01491
650 255904 1 1.32377e-005 2.16747
700 293398 7 2.96239e-005 2.08026
750 278302 15 5.34144e-005 2.2791
800 229716 17 7.97508e-005 2.38916
850 175798 22 0.000101719 2.90967
900 130724 19 0.000114808 2.88475
950 96182 3 0.000118602 5.8967
1000 70174 11 0.000115229 2.59679
1050 50456 5 0.000107116 1.75579
1100 35360 0 9.60163e-005 3.3953
1150 24054 2 8.31542e-005 1.30681
1200 16060 3 6.96214e-005 2.57495
1250 10754 0 5.65699e-005 0.60837
1300 7362 2 4.50364e-005 3.23266
1350 5182 0 3.56531e-005 0.184758
1400 3714 0 2.86587e-005 0.10644
1450 2662 0 2.37491e-005 0.0632209
1500 1866 0 2.03919e-005 0.0380517
1550 1256 0 1.81297e-005 0.0227711
1600 798 0 1.65516e-005 0.0132083
1650 470 0 1.54652e-005 0.00726868
1700 254 0 1.47369e-005 0.00374319
1750 126 0 1.42601e-005 0.00179679
1800 56 0 1.39535e-005 0.0007814
1850 22 0 1.37579e-005 0.000302676
1900 8 0 1.36306e-005 0.000109045
1950 2 0 1.35371e-005 2.70744e-005
2000 0 0 1.34438e-005 0

total neg_log_likelihood: 37.6731


Year 2010
class scanned recaptured expected_prop neg_log_likelihood
100 0 0 0 0
150 0 0 0 0
200 0 0 9.2173e-017 0
250 2 0 6.73433e-014 1.34781e-013
300 30 0 4.15344e-012 1.24604e-010
350 342 0 1.15876e-010 3.96296e-008
400 2546 0 1.43077e-009 3.64273e-006
450 12914 0 1.00621e-008 0.000129942
500 45438 0 6.80601e-008 0.00309251
550 110634 0 3.80539e-007 0.0421006
600 193100 0 1.66921e-006 0.322324
650 259840 1 5.67331e-006 1.08607
700 288924 2 1.50907e-005 2.10824
750 275666 6 3.20389e-005 2.34097
800 231594 13 5.55637e-005 2.20847
850 178066 14 8.07267e-005 2.24931
900 131090 13 0.000101212 2.2105
950 95240 12 0.00011305 2.23634
1000 68874 5 0.000115957 2.38522
1050 49434 3 0.000111883 2.1916
1100 34952 6 0.00010308 2.49175
1150 24134 2 9.12418e-005 1.31638
1200 16262 3 7.77509e-005 2.35239
1250 10830 2 6.40276e-005 2.11879
1300 7284 2 5.14247e-005 3.03168
1350 5028 0 4.08746e-005 0.205522
1400 3564 0 3.28462e-005 0.117066
1450 2550 0 2.71299e-005 0.0691821
1500 1794 0 2.31818e-005 0.0415887
1550 1212 0 2.05042e-005 0.0248514
1600 770 0 1.86269e-005 0.0143429
1650 454 1 1.73293e-005 4.85286
1700 246 0 1.64567e-005 0.00404839
1750 120 0 1.58841e-005 0.0019061
1800 54 0 1.5515e-005 0.000837816
1850 22 0 1.52793e-005 0.000336148
1900 8 0 1.51258e-005 0.000121008
1950 2 0 1.50134e-005 3.0027e-005
2000 0 0 1.49018e-005 0

total neg_log_likelihood: 36.028


Tags2007_R1_R1 :
tag-recapture data for tag Tags2007_R1 in years 2008 2009 2010 , step 1, after proportion 0.5 of mortality, with sampling method size, detection probability 1.
Year 2008
class scanned recaptured expected_prop neg_log_likelihood
100 0 0 0 0
150 0 0 1.51065e-012 0
200 0 0 9.88908e-012 0
250 2 0 6.42431e-011 1.28486e-010
300 28 0 8.46084e-010 2.36904e-008
350 344 0 1.06891e-008 3.67704e-006
400 2602 0 9.8892e-008 0.000257317
450 12332 0 6.53585e-007 0.00806001
500 40170 0 3.05898e-006 0.122879
550 97884 0 1.0317e-005 1.00987
600 182308 5 2.59068e-005 1.74826
650 260086 9 5.03268e-005 2.74498
700 291620 20 7.86277e-005 2.6166
750 271378 23 0.000102771 2.94647
800 224512 32 0.000117328 3.22278
850 174626 34 0.000122185 5.86332
900 131756 14 0.000120206 2.35539
950 97934 13 0.000114106 2.34932
1000 71728 11 0.000105471 2.80836
1050 51120 6 9.51592e-005 1.95191
1100 35200 1 8.37389e-005 1.86665
1150 23658 4 7.16961e-005 2.76074
1200 15864 0 5.95764e-005 0.945148
1250 10828 1 4.81323e-005 1.17281
1300 7580 0 3.81366e-005 0.289081
1350 5410 0 3.00863e-005 0.162769
1400 3886 0 2.41538e-005 0.093863
1450 2772 0 2.00438e-005 0.0555619
1500 1934 0 1.7279e-005 0.0334179
1550 1300 0 1.54483e-005 0.0200829
1600 826 0 1.4201e-005 0.0117301
1650 490 0 1.33646e-005 0.00654868
1700 266 0 1.28179e-005 0.00340959
1750 132 0 1.24678e-005 0.00164577
1800 58 0 1.22464e-005 0.000710298
1850 24 0 1.21065e-005 0.000290557
1900 8 0 1.20145e-005 9.61164e-005
1950 2 0 1.19438e-005 2.38878e-005
2000 0 0 1.18676e-005 0

total neg_log_likelihood: 37.173


Year 2009
class scanned recaptured expected_prop neg_log_likelihood
100 0 0 0 0
150 0 0 4.77133e-015 0
200 0 0 5.6263e-013 0
250 2 0 8.00208e-012 1.60041e-011
300 28 0 1.54883e-010 4.33672e-009
350 338 0 2.14709e-009 7.25715e-007
400 2596 0 2.08117e-008 5.40272e-005
450 13080 0 1.5876e-007 0.00207658
500 43468 0 9.06415e-007 0.0394001
550 101422 0 3.7777e-006 0.383143
600 180382 1 1.16839e-005 1.36204
650 255904 8 2.76312e-005 2.02758
700 293398 12 5.16534e-005 2.52224
750 278302 21 7.88563e-005 2.46581
800 229716 27 0.000101774 2.83686
850 175798 13 0.000115517 3.71698
900 130724 19 0.000119962 2.72412
950 96182 17 0.000117679 3.57417
1000 70174 5 0.000111248 2.31931
1050 50456 4 0.000102229 1.77385
1100 35360 7 9.14543e-005 3.54343
1150 24054 2 7.9494e-005 1.3088
1200 16060 3 6.69661e-005 2.64897
1250 10754 0 5.47283e-005 0.588564
1300 7362 1 4.37156e-005 1.45552
1350 5182 0 3.46054e-005 0.179328
1400 3714 0 2.77346e-005 0.103008
1450 2662 0 2.28812e-005 0.0609104
1500 1866 0 1.95601e-005 0.0364994
1550 1256 0 1.73291e-005 0.0217655
1600 798 0 1.57859e-005 0.0125972
1650 470 0 1.47354e-005 0.00692568
1700 254 0 1.40394e-005 0.00356604
1750 126 0 1.35886e-005 0.00171217
1800 56 0 1.33009e-005 0.000744856
1850 22 0 1.31183e-005 0.000288604
1900 8 0 1.29988e-005 0.000103991
1950 2 0 1.29087e-005 2.58176e-005
2000 0 0 1.28151e-005 0

total neg_log_likelihood: 35.7204


Year 2010
class scanned recaptured expected_prop neg_log_likelihood
100 0 0 0 0
150 0 0 0 0
200 0 0 1.45893e-014 0
250 2 0 7.67524e-013 1.53499e-012
300 30 0 2.69088e-011 8.07264e-010
350 342 0 4.93327e-010 1.68718e-007
400 2546 0 4.90433e-009 1.24864e-005
450 12914 0 3.78979e-008 0.000489413
500 45438 0 2.47383e-007 0.0112406
550 110634 0 1.23354e-006 0.136472
600 193100 1 4.62818e-006 1.00608
650 259840 1 1.32472e-005 2.20607
700 288924 10 2.966e-005 2.19181
750 275666 16 5.33958e-005 2.36457
800 231594 18 7.94928e-005 2.37332
850 178066 14 0.00010106 2.725
900 131090 14 0.000113814 2.27332
950 95240 5 0.000117663 3.91153
1000 68874 5 0.000114949 2.35947
1050 49434 5 0.000108065 1.75145
1100 34952 1 9.84852e-005 2.2062
1150 24134 5 8.70325e-005 3.17727
1200 16262 2 7.44306e-005 1.52161
1250 10830 1 6.164e-005 1.07164
1300 7284 0 4.97559e-005 0.362431
1350 5028 0 3.96487e-005 0.199357
1400 3564 0 3.18446e-005 0.113496
1450 2550 1 2.62247e-005 2.77181
1500 1794 0 2.23157e-005 0.0400348
1550 1212 0 1.96551e-005 0.0238222
1600 770 0 1.77916e-005 0.0136996
1650 454 0 1.6509e-005 0.00749514
1700 246 0 1.56514e-005 0.00385026
1750 120 0 1.50918e-005 0.00181103
1800 54 0 1.47329e-005 0.000795583
1850 22 0 1.45046e-005 0.000319103
1900 8 0 1.43556e-005 0.000114846
1950 2 0 1.42448e-005 2.84897e-005
2000 0 0 1.41313e-005 0

total neg_log_likelihood: 34.8266


Tags2008_R1_R1 :
tag-recapture data for tag Tags2008_R1 in years 2009 2010 , step 1, after proportion 0.5 of mortality, with sampling method size, detection probability 1.
Year 2009
class scanned recaptured expected_prop neg_log_likelihood
100 0 0 0 0
150 0 0 1.5464e-012 0
200 0 0 1.06795e-011 0
250 2 0 6.85326e-011 1.37065e-010
300 28 0 8.99831e-010 2.51953e-008
350 338 0 1.13987e-008 3.85277e-006
400 2596 0 1.05319e-007 0.000273408
450 13080 0 6.93235e-007 0.00906752
500 43468 0 3.23277e-006 0.140522
550 101422 0 1.0884e-005 1.10388
600 180382 9 2.73051e-005 3.37764
650 255904 12 5.29432e-005 2.26037
700 293398 19 8.23348e-005 2.98996
750 278302 35 0.000106655 3.1492
800 229716 29 0.000120017 2.64187
850 175798 15 0.000122533 3.39102
900 130724 18 0.000117741 2.57822
950 96182 11 0.000109041 2.13771
1000 70174 6 9.84729e-005 1.89143
1050 50456 4 8.70833e-005 1.65104
1100 35360 1 7.5433e-005 1.68626
1150 24054 0 6.38805e-005 1.53663
1200 16060 3 5.2754e-005 3.13639
1250 10754 0 4.25353e-005 0.457434
1300 7362 0 3.37385e-005 0.248387
1350 5182 1 2.66913e-005 2.11651
1400 3714 0 2.15005e-005 0.0798536
1450 2662 0 1.78982e-005 0.0476454
1500 1866 0 1.54702e-005 0.0288677
1550 1256 0 1.386e-005 0.0174082
1600 798 0 1.27616e-005 0.0101838
1650 470 0 1.20244e-005 0.00565151
1700 254 0 1.15425e-005 0.0029318
1750 126 0 1.12338e-005 0.00141546
1800 56 0 1.10385e-005 0.00061816
1850 22 0 1.09151e-005 0.000240133
1900 8 0 1.0834e-005 8.66728e-005
1950 2 0 1.07717e-005 2.15434e-005
2000 0 0 1.07044e-005 0

total neg_log_likelihood: 36.6988


Year 2010
class scanned recaptured expected_prop neg_log_likelihood
100 0 0 0 0
150 0 0 4.79299e-015 0
200 0 0 5.98044e-013 0
250 2 0 8.61995e-012 1.724e-011
300 30 0 1.64361e-010 4.93084e-009
350 342 0 2.28238e-009 7.80573e-007
400 2546 0 2.2136e-008 5.63583e-005
450 12914 0 1.68616e-007 0.00217751
500 45438 0 9.59512e-007 0.0435983
550 110634 0 3.98864e-006 0.441281
600 193100 2 1.23191e-005 1.33875
650 259840 9 2.90969e-005 2.15587
700 288924 12 5.42553e-005 2.63757
750 275666 18 8.23856e-005 2.89514
800 231594 19 0.000105309 3.04037
850 178066 13 0.000117768 3.96226
900 131090 20 0.00011989 2.95791
950 95240 15 0.000114894 2.95195
1000 68874 8 0.000106015 2.00139
1050 49434 3 9.52378e-005 1.85196
1100 34952 6 8.35695e-005 3.06883
1150 24134 1 7.15679e-005 1.1807
1200 16262 0 5.96874e-005 0.970665
1250 10830 0 4.85182e-005 0.525465
1300 7284 0 3.86962e-005 0.281869
1350 5028 0 3.06663e-005 0.154192
1400 3564 0 2.46389e-005 0.0878142
1450 2550 0 2.03854e-005 0.0519832
1500 1794 0 1.74728e-005 0.0313465
1550 1212 0 1.55141e-005 0.0188032
1600 770 0 1.41574e-005 0.0109013
1650 454 0 1.3233e-005 0.0060078
1700 246 0 1.26201e-005 0.00310455
1750 120 0 1.22229e-005 0.00146675
1800 54 0 1.19694e-005 0.000646353
1850 22 0 1.18085e-005 0.000259789
1900 8 0 1.17034e-005 9.36275e-005
1950 2 0 1.16242e-005 2.32485e-005
2000 0 0 1.15416e-005 0

total neg_log_likelihood: 32.6745


Tags2009_R1_R1 :
tag-recapture data for tag Tags2009_R1 in years 2010 , step 1, after proportion 0.5 of mortality, with sampling method size, detection probability 1.
Year 2010
class scanned recaptured expected_prop neg_log_likelihood
100 0 0 0 0
150 0 0 1.55132e-012 0
200 0 0 1.08154e-011 0
250 2 0 6.96136e-011 1.39227e-010
300 30 0 9.04117e-010 2.71235e-008
350 342 0 1.14664e-008 3.92152e-006
400 2546 0 1.06085e-007 0.000270092
450 12914 0 6.95872e-007 0.0089865
500 45438 1 3.22278e-006 2.0676
550 110634 2 1.07686e-005 1.5343
600 193100 4 2.6857e-005 1.78021
650 259840 13 5.192e-005 2.21684
700 288924 15 8.07902e-005 3.98763
750 275666 23 0.00010513 3.15494
800 231594 26 0.000119337 2.60065
850 178066 22 0.000123377 2.46821
900 131090 18 0.000120376 2.51801
950 95240 18 0.000113308 4.36952
1000 68874 11 0.000103912 3.01041
1050 49434 5 9.30806e-005 1.75704
1100 34952 4 8.13349e-005 1.84165
1150 24134 1 6.9083e-005 1.15606
1200 16262 0 5.679e-005 0.923545
1250 10830 0 4.51547e-005 0.489036
1300 7284 0 3.49409e-005 0.254514
1350 5028 0 2.66793e-005 0.134145
1400 3564 0 2.05839e-005 0.0733619
1450 2550 0 1.63763e-005 0.0417598
1500 1794 0 1.35708e-005 0.0243462
1550 1212 0 1.17366e-005 0.0142248
1600 770 0 1.05085e-005 0.00809158
1650 454 0 9.69989e-006 0.00440377
1700 246 0 9.18011e-006 0.00225832
1750 120 0 8.85166e-006 0.0010622
1800 54 0 8.64577e-006 0.000466873
1850 22 0 8.51584e-006 0.000187349
1900 8 0 8.42934e-006 6.7435e-005
1950 2 0 8.36034e-006 1.67208e-005
2000 0 0 8.28387e-006 0

total neg_log_likelihood: 36.4438


Output quantities start here

* Scalar parameter values
initialization.B0 191271

* Nuisance q's

* B0
191271

* R0
1.3878e+007

* SSBs
SSB 191271 189869 186489 182774 178760 174516 170131 165704 161326 157080 153028 149203 145618 142271 139156 136263 133581 131098 128803 126682 124727 
year 1990 1991 1992 1993 1994 1995 1996 1997 1998 1999 2000 2001 2002 2003 2004 2005 2006 2007 2008 2009 2010 

* recruitments
recruitment 1.3878e+007 1.3878e+007 1.3867e+007 1.38399e+007 1.38092e+007 1.37747e+007 1.37367e+007 1.36956e+007 1.36523e+007 1.36073e+007 1.35617e+007 1.35161e+007 1.3471e+007 1.34269e+007 1.33841e+007 1.33426e+007 1.33026e+007 1.32642e+007 1.32275e+007 1.31924e+007 1.31591e+007 
year 1990 1991 1992 1993 1994 1995 1996 1997 1998 1999 2000 2001 2002 2003 2004 2005 2006 2007 2008 2009 2010 

* YCS
YCS 1 1 1 1 1 1 1 1 1 1 1 1 1 1 1 1 1 1 1 1 1 
year 1989 1990 1991 1992 1993 1994 1995 1996 1997 1998 1999 2000 2001 2002 2003 2004 2005 2006 2007 2008 2009 

* true_YCS
true_YCS 1 1 0.999209 0.99726 0.995043 0.992557 0.989818 0.986862 0.983737 0.9805 0.97721 0.973922 0.970676 0.967501 0.964412 0.961422 0.95854 0.955774 0.953127 0.950603 0.948203 
year 1989 1990 1991 1992 1993 1994 1995 1996 1997 1998 1999 2000 2001 2002 2003 2004 2005 2006 2007 2008 2009 

* fishing_pressures
LL1 0 0.0387266 0.0398561 0.0409889 0.0420945 0.0431503 0.0441402 0.0450531 0.0458829 0.0466288 0.0472948 0.0478881 0.048417 0.0488901 0.0493164 0.0497045 0.0500626 0.0503971 0.0507133 0.0510158 0.051308 
LL2 0 0.0387266 0.0398561 0.0409889 0.0420945 0.0431503 0.0441402 0.0450531 0.0458829 0.0466288 0.0472948 0.0478881 0.048417 0.0488901 0.0493164 0.0497045 0.0500626 0.0503971 0.0507133 0.0510158 0.051308 
year 1990 1991 1992 1993 1994 1995 1996 1997 1998 1999 2000 2001 2002 2003 2004 2005 2006 2007 2008 2009 2010 

* Numbers_at_age_R1
1990  1.28816e+007 1.1032e+007 9.448e+006 8.09141e+006 6.92961e+006 5.93462e+006 5.0825e+006 4.35273e+006 3.72774e+006 3.1925e+006 2.7341e+006 2.34153e+006 2.00532e+006 1.71739e+006 1.47079e+006 1.25961e+006 1.07875e+006 923858 791206 677601 580308 496984 425625 364512 312173 267350 228962 196087 167932 1.00163e+006 
1991  1.28816e+007 1.1032e+007 9.44796e+006 8.09113e+006 6.92798e+006 5.92799e+006 5.06341e+006 4.31385e+006 3.67174e+006 3.13546e+006 2.68559e+006 2.30084e+006 1.97166e+006 1.68992e+006 1.4487e+006 1.24208e+006 1.06503e+006 913266 783143 671548 575826 493712 423268 362838 311001 266540 228411 195716 167686 1.00052e+006 
1992  1.28715e+007 1.1032e+007 9.44796e+006 8.09105e+006 6.92741e+006 5.92478e+006 5.0506e+006 4.2776e+006 3.59904e+006 3.03174e+006 2.58023e+006 2.21121e+006 1.89645e+006 1.62767e+006 1.39786e+006 1.20113e+006 1.0325e+006 887783 763452 656541 564548 485353 417159 358435 307871 264347 226895 194683 166992 997953 
1993  1.28463e+007 1.10233e+007 9.44796e+006 8.09104e+006 6.92729e+006 5.92405e+006 5.04711e+006 4.2651e+006 3.56609e+006 2.96854e+006 2.49195e+006 2.122e+006 1.82052e+006 1.56389e+006 1.34499e+006 1.15788e+006 997596 859991 741625 639635 551634 475626 409936 353146 304053 261629 224988 193364 166092 995099 
1994  1.28178e+007 1.10018e+007 9.44048e+006 8.09103e+006 6.92722e+006 5.92372e+006 5.04576e+006 4.26051e+006 3.55301e+006 2.93825e+006 2.43716e+006 2.04704e+006 1.74512e+006 1.49967e+006 1.29098e+006 1.11304e+006 960843 830265 717905 620964 537141 464533 401564 346918 299487 258329 222637 191713 164949 991821 
1995  1.27858e+007 1.09773e+007 9.42206e+006 8.08462e+006 6.92716e+006 5.92343e+006 5.04476e+006 4.25777e+006 3.54661e+006 2.92447e+006 2.40958e+006 1.99981e+006 1.68166e+006 1.43607e+006 1.23676e+006 1.06737e+006 922855 799069 692620 600744 521191 452127 392050 339727 294130 254396 219791 189684 163524 987977 
1996  1.27505e+007 1.09499e+007 9.40112e+006 8.06884e+006 6.92163e+006 5.92317e+006 5.04385e+006 4.25544e+006 3.54191e+006 2.91637e+006 2.39571e+006 1.97509e+006 1.64117e+006 1.38248e+006 1.1832e+006 1.02165e+006 884284 766924 666167 579257 503971 438516 381444 331580 287962 249795 216411 187236 161778 983412 
1997  1.27124e+007 1.09197e+007 9.37763e+006 8.0509e+006 6.90807e+006 5.91823e+006 5.04301e+006 4.25328e+006 3.53772e+006 2.90988e+006 2.3867e+006 1.9618e+006 1.61934e+006 1.34796e+006 1.13807e+006 976625 845781 734378 638985 556840 485723 423861 369838 322519 280992 244512 212466 184335 159675 977963 
1998  1.26721e+007 1.08871e+007 9.35175e+006 8.03077e+006 6.89267e+006 5.90646e+006 5.03825e+006 4.2513e+006 3.53387e+006 2.90403e+006 2.37921e+006 1.95266e+006 1.60703e+006 1.32891e+006 1.10877e+006 938677 807957 701969 611531 533860 466729 408366 357369 312627 273257 238553 207944 180955 157188 971459 
1999  1.26304e+007 1.08526e+007 9.32382e+006 8.0086e+006 6.8754e+006 5.89313e+006 5.02772e+006 4.24615e+006 3.53037e+006 2.8987e+006 2.37247e+006 1.94494e+006 1.59827e+006 1.31781e+006 1.09232e+006 913899 776085 670202 584253 510699 447297 392269 344210 302017 264825 231951 202851 177087 154294 963733 
2000  1.25881e+007 1.08169e+007 9.2943e+006 7.98468e+006 6.85639e+006 5.87823e+006 5.01592e+006 4.23625e+006 3.52443e+006 2.89388e+006 2.36635e+006 1.93801e+006 1.59082e+006 1.30973e+006 1.08249e+006 899792 755181 643442 557564 487726 427745 375827 330559 290836 255795 224763 197215 172734 150985 954622 
2001  1.25457e+007 1.07806e+007 9.26371e+006 7.95939e+006 6.83588e+006 5.86184e+006 5.00283e+006 4.2254e+006 3.51474e+006 2.88727e+006 2.36086e+006 1.93175e+006 1.58414e+006 1.30283e+006 1.07524e+006 891219 743158 625832 535088 465283 408379 359305 316634 279251 246287 217071 191084 167922 147266 943980 
2002  1.25039e+007 1.07443e+007 9.23263e+006 7.93319e+006 6.8142e+006 5.84419e+006 4.98853e+006 4.21357e+006 3.50442e+006 2.8778e+006 2.35408e+006 1.92614e+006 1.57813e+006 1.29666e+006 1.06902e+006 884824 735753 615623 520258 446387 389482 342958 302655 267443 236444 208980 184529 162691 143155 931685 
2003  1.2463e+007 1.07085e+007 9.20156e+006 7.90657e+006 6.79175e+006 5.82556e+006 4.97319e+006 4.20081e+006 3.49344e+006 2.86798e+006 2.34511e+006 1.91961e+006 1.57275e+006 1.29111e+006 1.06347e+006 879334 730187 609272 511609 433894 373573 327020 288834 255598 226420 200609 177637 157100 138689 917649 
2004  1.24232e+007 1.06735e+007 9.1709e+006 7.87996e+006 6.76893e+006 5.80628e+006 4.95705e+006 4.18725e+006 3.48181e+006 2.85777e+006 2.33601e+006 1.9114e+006 1.56671e+006 1.28615e+006 1.05848e+006 874428 725401 604470 506187 426574 363039 313604 275368 243894 216368 192086 170509 151224 133917 901827 
2005  1.23847e+007 1.06394e+007 9.14089e+006 7.8537e+006 6.74614e+006 5.78669e+006 4.94038e+006 4.17306e+006 3.46961e+006 2.84713e+006 2.32667e+006 1.90316e+006 1.55936e+006 1.28069e+006 1.05401e+006 870022 721120 600332 502066 421956 356842 304708 264033 232495 206440 183544 163255 145149 128903 884223 
2006  1.23476e+007 1.06064e+007 9.11171e+006 7.828e+006 6.72364e+006 5.76712e+006 4.92347e+006 4.15848e+006 3.45697e+006 2.83612e+006 2.31708e+006 1.89481e+006 1.55203e+006 1.27421e+006 1.04917e+006 866066 717272 596627 498508 418431 352914 299460 256509 222900 196773 175109 155986 138967 123720 864894 
2007  1.23119e+007 1.05746e+007 9.08346e+006 7.80301e+006 6.70162e+006 5.74782e+006 4.90661e+006 4.14376e+006 3.4441e+006 2.82486e+006 2.30727e+006 1.88631e+006 1.54468e+006 1.2678e+006 1.04353e+006 861834 713816 593297 495323 415386 349908 296121 252060 216526 188636 166898 148809 132773 118446 843950 
2008  1.22778e+007 1.05441e+007 9.05624e+006 7.77882e+006 6.68021e+006 5.72893e+006 4.88998e+006 4.1291e+006 3.43115e+006 2.81346e+006 2.29732e+006 1.87769e+006 1.53724e+006 1.26139e+006 1.03797e+006 856963 710147 590303 492457 412657 347306 293558 249221 212750 183228 159987 141824 126659 113164 821552 
2009  1.22453e+007 1.05149e+007 9.0301e+006 7.7555e+006 6.65948e+006 5.71056e+006 4.87371e+006 4.11466e+006 3.4183e+006 2.80205e+006 2.28731e+006 1.86899e+006 1.52974e+006 1.25494e+006 1.03243e+006 852172 705962 587139 489875 410198 344973 291339 247038 210335 180020 155390 135944 120709 107950 797908 
2010  1.22144e+007 1.04871e+007 9.00509e+006 7.73311e+006 6.6395e+006 5.69279e+006 4.8579e+006 4.10057e+006 3.40569e+006 2.79079e+006 2.27734e+006 1.86029e+006 1.52221e+006 1.24847e+006 1.02688e+006 847413 701855 583558 487160 407982 342869 289346 245144 208475 177963 152661 132033 115701 102876 773260 

Output quantities finish here

Unused parameters:
annual_cycle.fishery_areas annual_cycle.migrate_from annual_cycle.migrate_to annual_cycle.migration_names annual_cycle.migration_times annual_cycle.n_migrations annual_cycle.recruitment_areas annual_cycle.spawning_all_areas area_names recruitment.p_male recruitment.year_range tag[Tags2005_R1_LL1].area tag[Tags2005_R1_LL1].sex tag[Tags2006_R1_LL1].area tag[Tags2006_R1_LL1].sex tag[Tags2007_R1_LL1].area tag[Tags2007_R1_LL1].sex tag[Tags2008_R1_LL1].area tag[Tags2008_R1_LL1].sex tag[Tags2009_R1_LL1].area tag[Tags2009_R1_LL1].sex MCMC.adapt_at MCMC.adaptive_stepsize MCMC.burn_in MCMC.keep MCMC.length MCMC.start MCMC.stepsize profile[1].l profile[1].n profile[1].parameter profile[1].u tag_recapture[Tags2005_R1_R1].area tag_recapture[Tags2006_R1_R1].area tag_recapture[Tags2007_R1_R1].area tag_recapture[Tags2008_R1_R1].area tag_recapture[Tags2009_R1_R1].area n_projections numbers_at[Numbers_at_age_R1].area print.final_state print.initial_state print.requests print.results print.state_annually print.state_every_step print.yields 
