CASAL (C++ algorithmic stock assessment laboratory)
Call: C:/Users/bstacy/Documents/GitHub/lasac/projects/simulations/sim/con1.0/casal -e -q -f TR 
Date: Tue Oct 15 02:40:13 2019
v2.30-2012-03-21 00:22:59 UTC (rev.4648)  (c) Copyright 2002-2012, NIWA
User name: bstacy
Machine name: DOM-IMA-HVZRNF2 (Microsoft Windows, PID=18856)

Prefix for the input parameter filenames : TR

Random number seed : 67613

Estimation parameters:
Stored as strings: 
  MCMC.adapt_at                 	1e+05 2e+05 3e+05 4e+05
  MCMC.adaptive_stepsize        	True
  MCMC.burn_in                  	500
  MCMC.keep                     	1000
  MCMC.length                   	1500000
  MCMC.start                    	0
  MCMC.stepsize                 	0.01
  ageing_error.c                	0
  ageing_error.type             	normal
  catch_at[LL1_catchA].2000     	0 0 0 0 0.03 0.02 0.04 0.09 0.17 0.16 0.16 0.08 0.06 0.03 0.04 0.06 0.01 0.02 0 0 0.02 0.01 0 0 0 0 0 0 0 0
  catch_at[LL1_catchA].2001     	0 0 0 0 0 0.01 0.03 0.11 0.13 0.23 0.17 0.06 0.06 0.04 0.04 0.04 0 0.02 0.02 0.02 0 0.01 0 0.01 0 0 0 0 0 0
  catch_at[LL1_catchA].2002     	0 0 0 0 0 0.01 0.06 0.17 0.16 0.18 0.09 0.06 0.05 0 0.03 0.03 0.04 0.02 0.01 0.03 0.02 0 0.01 0 0.01 0 0 0 0 0.02
  catch_at[LL1_catchA].2003     	0 0 0 0 0 0.02 0.06 0.12 0.18 0.18 0.15 0.07 0.11 0.03 0.05 0 0 0.02 0 0 0.01 0 0 0 0 0 0 0 0 0
  catch_at[LL1_catchA].2004     	0 0 0 0 0.01 0 0.07 0.07 0.18 0.16 0.15 0.06 0.07 0.11 0.03 0.02 0.02 0 0.01 0 0.02 0 0 0 0 0 0 0 0.01 0.01
  catch_at[LL1_catchA].2005     	0 0 0 0.01 0 0.02 0.05 0.1 0.2 0.15 0.14 0.09 0.05 0.06 0.04 0.04 0.01 0.01 0 0.01 0 0.01 0.01 0 0 0 0 0 0 0
  catch_at[LL1_catchA].2006     	0 0 0 0 0.01 0.07 0.05 0.07 0.17 0.22 0.03 0.12 0.06 0.1 0.03 0.03 0.01 0 0.02 0 0 0.01 0 0 0 0 0 0 0 0
  catch_at[LL1_catchA].2007     	0 0 0 0 0 0.02 0.1 0.12 0.14 0.18 0.09 0.12 0.07 0.05 0.01 0.02 0.01 0 0.03 0 0.01 0 0.01 0 0.01 0 0 0.01 0 0
  catch_at[LL1_catchA].2008     	0 0 0 0 0 0.03 0.07 0.11 0.18 0.14 0.13 0.05 0.09 0.07 0.02 0.01 0.05 0.02 0.01 0 0 0 0 0 0 0 0 0 0 0.02
  catch_at[LL1_catchA].2009     	0 0 0 0 0 0.01 0.05 0.12 0.23 0.12 0.08 0.08 0.06 0.05 0.08 0.04 0.02 0.03 0.02 0 0 0.01 0 0 0 0 0 0 0 0
  catch_at[LL1_catchA].2010     	0 0 0 0 0.03 0.01 0.04 0.12 0.14 0.17 0.16 0.07 0.04 0.08 0.03 0.01 0.02 0.03 0.01 0.02 0 0.01 0 0 0 0 0 0.01 0 0
  catch_at[LL1_catchA].N_2000   	100
  catch_at[LL1_catchA].N_2001   	100
  catch_at[LL1_catchA].N_2002   	100
  catch_at[LL1_catchA].N_2003   	100
  catch_at[LL1_catchA].N_2004   	100
  catch_at[LL1_catchA].N_2005   	100
  catch_at[LL1_catchA].N_2006   	100
  catch_at[LL1_catchA].N_2007   	100
  catch_at[LL1_catchA].N_2008   	100
  catch_at[LL1_catchA].N_2009   	100
  catch_at[LL1_catchA].N_2010   	100
  catch_at[LL1_catchA].at_size  	False
  catch_at[LL1_catchA].dist     	multinomial
  catch_at[LL1_catchA].fishery  	LL1
  catch_at[LL1_catchA].max_class	30
  catch_at[LL1_catchA].min_class	1
  catch_at[LL1_catchA].plus_group	True
  catch_at[LL1_catchA].r        	1e-11
  catch_at[LL1_catchA].sexed    	False
  catch_at[LL1_catchA].sum_to_one	True
  catch_at[LL1_catchA].years    	2000 2001 2002 2003 2004 2005 2006 2007 2008 2009 2010
  catch_limit_penalty[1].fishery	LL1
  catch_limit_penalty[1].label  	LL1_Penalty
  catch_limit_penalty[1].log_scale	True
  catch_limit_penalty[1].multiplier	1000
  catch_limit_penalty[2].fishery	LL2
  catch_limit_penalty[2].label  	LL2_Penalty
  catch_limit_penalty[2].log_scale	True
  catch_limit_penalty[2].multiplier	1000
  estimate[1].lower_bound       	5000
  estimate[1].parameter         	initialization.B0
  estimate[1].prior             	uniform
  estimate[1].upper_bound       	5e+05
  estimator                     	Bayes
  fish_tagged_penalty[1].label  	Penalty_Tags2005_R1_LL1
  fish_tagged_penalty[1].multiplier	1
  fish_tagged_penalty[1].tagging_episode	Tags2005_R1_LL1
  fish_tagged_penalty[2].label  	Penalty_Tags2006_R1_LL1
  fish_tagged_penalty[2].multiplier	1
  fish_tagged_penalty[2].tagging_episode	Tags2006_R1_LL1
  fish_tagged_penalty[3].label  	Penalty_Tags2007_R1_LL1
  fish_tagged_penalty[3].multiplier	1
  fish_tagged_penalty[3].tagging_episode	Tags2007_R1_LL1
  fish_tagged_penalty[4].label  	Penalty_Tags2008_R1_LL1
  fish_tagged_penalty[4].multiplier	1
  fish_tagged_penalty[4].tagging_episode	Tags2008_R1_LL1
  fish_tagged_penalty[5].label  	Penalty_Tags2009_R1_LL1
  fish_tagged_penalty[5].multiplier	1
  fish_tagged_penalty[5].tagging_episode	Tags2009_R1_LL1
  grad_tol                      	0.001
  max_evals                     	10000
  max_iters                     	1600
  profile[1].l                  	40000
  profile[1].n                  	11
  profile[1].parameter          	initialization.B0
  profile[1].u                  	130000
  q_method                      	nuisance
  tag_recapture[Tags2005_R1_R1].area	R1
  tag_recapture[Tags2005_R1_R1].class_mins	100 150 200 250 300 350 400 450 500 550 600 650 700 750 800 850 900 950 1000 1050 1100 1150 1200 1250 1300 1350 1400 1450 1500 1550 1600 1650 1700 1750 1800 1850 1900 1950 2000 2050
  tag_recapture[Tags2005_R1_R1].detection_probability	1
  tag_recapture[Tags2005_R1_R1].dispersion	1
  tag_recapture[Tags2005_R1_R1].do_bootstrap	True
  tag_recapture[Tags2005_R1_R1].plus_group	False
  tag_recapture[Tags2005_R1_R1].proportion_mortality	0.5
  tag_recapture[Tags2005_R1_R1].r	1e-11
  tag_recapture[Tags2005_R1_R1].recaptured_2006	0 0 0 0 0 0 0 0 0 1 7 10 24 25 31 17 15 13 9 4 5 1 0 0 0 0 0 0 0 0 0 0 0 0 0 0 0 0 0
  tag_recapture[Tags2005_R1_R1].recaptured_2007	0 0 0 0 0 0 0 0 0 1 5 7 11 8 18 20 14 14 9 7 5 5 1 1 0 0 0 0 0 0 0 0 0 0 0 0 0 0 0
  tag_recapture[Tags2005_R1_R1].recaptured_2008	0 0 0 0 0 0 0 0 0 0 2 0 4 13 15 18 17 15 6 4 2 4 2 0 0 0 0 0 0 0 0 0 0 0 0 0 0 0 0
  tag_recapture[Tags2005_R1_R1].recaptured_2009	0 0 0 0 0 0 0 0 0 0 0 0 2 7 9 20 11 9 10 7 2 2 2 0 1 0 1 0 0 0 0 0 0 0 0 0 0 0 0
  tag_recapture[Tags2005_R1_R1].recaptured_2010	0 0 0 0 0 0 0 0 0 0 1 0 2 6 5 12 7 8 6 10 3 1 1 1 0 0 1 0 0 0 0 0 0 0 0 0 0 0 0
  tag_recapture[Tags2005_R1_R1].sample	size
  tag_recapture[Tags2005_R1_R1].scanned_2006	0 0 0 2 28 320 2302 11502 39770 96806 173902 243624 277690 266092 224820 178122 136978 101584 71958 49292 33518 23134 16316 11662 8346 5944 4222 2988 2086 1406 896 530 286 140 62 24 8 2 0
  tag_recapture[Tags2005_R1_R1].scanned_2007	0 0 0 2 28 344 2442 11568 39724 99366 181960 252416 280488 265182 224010 176300 134278 100438 72920 50898 34514 23278 15942 11162 7944 5686 4062 2880 2006 1350 862 512 278 138 62 24 8 2 0
  tag_recapture[Tags2005_R1_R1].scanned_2008	0 0 0 2 28 344 2602 12332 40170 97884 182308 260086 291620 271378 224512 174626 131756 97934 71728 51120 35200 23658 15864 10828 7580 5410 3886 2772 1934 1300 826 490 266 132 58 24 8 2 0
  tag_recapture[Tags2005_R1_R1].scanned_2009	0 0 0 2 28 338 2596 13080 43468 101422 180382 255904 293398 278302 229716 175798 130724 96182 70174 50456 35360 24054 16060 10754 7362 5182 3714 2662 1866 1256 798 470 254 126 56 22 8 2 0
  tag_recapture[Tags2005_R1_R1].scanned_2010	0 0 0 2 30 342 2546 12914 45438 110634 193100 259840 288924 275666 231594 178066 131090 95240 68874 49434 34952 24134 16262 10830 7284 5028 3564 2550 1794 1212 770 454 246 120 54 22 8 2 0
  tag_recapture[Tags2005_R1_R1].step	1
  tag_recapture[Tags2005_R1_R1].tag_name	Tags2005_R1
  tag_recapture[Tags2005_R1_R1].years	2006 2007 2008 2009 2010
  tag_recapture[Tags2006_R1_R1].area	R1
  tag_recapture[Tags2006_R1_R1].class_mins	100 150 200 250 300 350 400 450 500 550 600 650 700 750 800 850 900 950 1000 1050 1100 1150 1200 1250 1300 1350 1400 1450 1500 1550 1600 1650 1700 1750 1800 1850 1900 1950 2000 2050
  tag_recapture[Tags2006_R1_R1].detection_probability	1
  tag_recapture[Tags2006_R1_R1].dispersion	1
  tag_recapture[Tags2006_R1_R1].do_bootstrap	True
  tag_recapture[Tags2006_R1_R1].plus_group	False
  tag_recapture[Tags2006_R1_R1].proportion_mortality	0.5
  tag_recapture[Tags2006_R1_R1].r	1e-11
  tag_recapture[Tags2006_R1_R1].recaptured_2007	0 0 0 0 0 0 0 0 0 0 7 14 33 25 24 19 16 13 6 6 2 1 2 0 0 2 0 0 1 0 0 0 0 0 0 0 0 0 0
  tag_recapture[Tags2006_R1_R1].recaptured_2008	0 0 0 0 0 0 0 0 0 0 1 6 23 19 26 22 17 17 12 5 1 2 0 0 0 0 0 1 0 0 0 0 0 0 0 0 0 0 0
  tag_recapture[Tags2006_R1_R1].recaptured_2009	0 0 0 0 0 0 0 0 0 0 1 1 7 15 17 22 19 3 11 5 0 2 3 0 2 0 0 0 0 0 0 0 0 0 0 0 0 0 0
  tag_recapture[Tags2006_R1_R1].recaptured_2010	0 0 0 0 0 0 0 0 0 0 0 1 2 6 13 14 13 12 5 3 6 2 3 2 2 0 0 0 0 0 0 1 0 0 0 0 0 0 0
  tag_recapture[Tags2006_R1_R1].sample	size
  tag_recapture[Tags2006_R1_R1].scanned_2007	0 0 0 2 28 344 2442 11568 39724 99366 181960 252416 280488 265182 224010 176300 134278 100438 72920 50898 34514 23278 15942 11162 7944 5686 4062 2880 2006 1350 862 512 278 138 62 24 8 2 0
  tag_recapture[Tags2006_R1_R1].scanned_2008	0 0 0 2 28 344 2602 12332 40170 97884 182308 260086 291620 271378 224512 174626 131756 97934 71728 51120 35200 23658 15864 10828 7580 5410 3886 2772 1934 1300 826 490 266 132 58 24 8 2 0
  tag_recapture[Tags2006_R1_R1].scanned_2009	0 0 0 2 28 338 2596 13080 43468 101422 180382 255904 293398 278302 229716 175798 130724 96182 70174 50456 35360 24054 16060 10754 7362 5182 3714 2662 1866 1256 798 470 254 126 56 22 8 2 0
  tag_recapture[Tags2006_R1_R1].scanned_2010	0 0 0 2 30 342 2546 12914 45438 110634 193100 259840 288924 275666 231594 178066 131090 95240 68874 49434 34952 24134 16262 10830 7284 5028 3564 2550 1794 1212 770 454 246 120 54 22 8 2 0
  tag_recapture[Tags2006_R1_R1].step	1
  tag_recapture[Tags2006_R1_R1].tag_name	Tags2006_R1
  tag_recapture[Tags2006_R1_R1].years	2007 2008 2009 2010
  tag_recapture[Tags2007_R1_R1].area	R1
  tag_recapture[Tags2007_R1_R1].class_mins	100 150 200 250 300 350 400 450 500 550 600 650 700 750 800 850 900 950 1000 1050 1100 1150 1200 1250 1300 1350 1400 1450 1500 1550 1600 1650 1700 1750 1800 1850 1900 1950 2000 2050
  tag_recapture[Tags2007_R1_R1].detection_probability	1
  tag_recapture[Tags2007_R1_R1].dispersion	1
  tag_recapture[Tags2007_R1_R1].do_bootstrap	True
  tag_recapture[Tags2007_R1_R1].plus_group	False
  tag_recapture[Tags2007_R1_R1].proportion_mortality	0.5
  tag_recapture[Tags2007_R1_R1].r	1e-11
  tag_recapture[Tags2007_R1_R1].recaptured_2008	0 0 0 0 0 0 0 0 0 0 5 9 20 23 32 34 14 13 11 6 1 4 0 1 0 0 0 0 0 0 0 0 0 0 0 0 0 0 0
  tag_recapture[Tags2007_R1_R1].recaptured_2009	0 0 0 0 0 0 0 0 0 0 1 8 12 21 27 13 19 17 5 4 7 2 3 0 1 0 0 0 0 0 0 0 0 0 0 0 0 0 0
  tag_recapture[Tags2007_R1_R1].recaptured_2010	0 0 0 0 0 0 0 0 0 0 1 1 10 16 18 14 14 5 5 5 1 5 2 1 0 0 0 1 0 0 0 0 0 0 0 0 0 0 0
  tag_recapture[Tags2007_R1_R1].sample	size
  tag_recapture[Tags2007_R1_R1].scanned_2008	0 0 0 2 28 344 2602 12332 40170 97884 182308 260086 291620 271378 224512 174626 131756 97934 71728 51120 35200 23658 15864 10828 7580 5410 3886 2772 1934 1300 826 490 266 132 58 24 8 2 0
  tag_recapture[Tags2007_R1_R1].scanned_2009	0 0 0 2 28 338 2596 13080 43468 101422 180382 255904 293398 278302 229716 175798 130724 96182 70174 50456 35360 24054 16060 10754 7362 5182 3714 2662 1866 1256 798 470 254 126 56 22 8 2 0
  tag_recapture[Tags2007_R1_R1].scanned_2010	0 0 0 2 30 342 2546 12914 45438 110634 193100 259840 288924 275666 231594 178066 131090 95240 68874 49434 34952 24134 16262 10830 7284 5028 3564 2550 1794 1212 770 454 246 120 54 22 8 2 0
  tag_recapture[Tags2007_R1_R1].step	1
  tag_recapture[Tags2007_R1_R1].tag_name	Tags2007_R1
  tag_recapture[Tags2007_R1_R1].years	2008 2009 2010
  tag_recapture[Tags2008_R1_R1].area	R1
  tag_recapture[Tags2008_R1_R1].class_mins	100 150 200 250 300 350 400 450 500 550 600 650 700 750 800 850 900 950 1000 1050 1100 1150 1200 1250 1300 1350 1400 1450 1500 1550 1600 1650 1700 1750 1800 1850 1900 1950 2000 2050
  tag_recapture[Tags2008_R1_R1].detection_probability	1
  tag_recapture[Tags2008_R1_R1].dispersion	1
  tag_recapture[Tags2008_R1_R1].do_bootstrap	True
  tag_recapture[Tags2008_R1_R1].plus_group	False
  tag_recapture[Tags2008_R1_R1].proportion_mortality	0.5
  tag_recapture[Tags2008_R1_R1].r	1e-11
  tag_recapture[Tags2008_R1_R1].recaptured_2009	0 0 0 0 0 0 0 0 0 0 9 12 19 35 29 15 18 11 6 4 1 0 3 0 0 1 0 0 0 0 0 0 0 0 0 0 0 0 0
  tag_recapture[Tags2008_R1_R1].recaptured_2010	0 0 0 0 0 0 0 0 0 0 2 9 12 18 19 13 20 15 8 3 6 1 0 0 0 0 0 0 0 0 0 0 0 0 0 0 0 0 0
  tag_recapture[Tags2008_R1_R1].sample	size
  tag_recapture[Tags2008_R1_R1].scanned_2009	0 0 0 2 28 338 2596 13080 43468 101422 180382 255904 293398 278302 229716 175798 130724 96182 70174 50456 35360 24054 16060 10754 7362 5182 3714 2662 1866 1256 798 470 254 126 56 22 8 2 0
  tag_recapture[Tags2008_R1_R1].scanned_2010	0 0 0 2 30 342 2546 12914 45438 110634 193100 259840 288924 275666 231594 178066 131090 95240 68874 49434 34952 24134 16262 10830 7284 5028 3564 2550 1794 1212 770 454 246 120 54 22 8 2 0
  tag_recapture[Tags2008_R1_R1].step	1
  tag_recapture[Tags2008_R1_R1].tag_name	Tags2008_R1
  tag_recapture[Tags2008_R1_R1].years	2009 2010
  tag_recapture[Tags2009_R1_R1].area	R1
  tag_recapture[Tags2009_R1_R1].class_mins	100 150 200 250 300 350 400 450 500 550 600 650 700 750 800 850 900 950 1000 1050 1100 1150 1200 1250 1300 1350 1400 1450 1500 1550 1600 1650 1700 1750 1800 1850 1900 1950 2000 2050
  tag_recapture[Tags2009_R1_R1].detection_probability	1
  tag_recapture[Tags2009_R1_R1].dispersion	1
  tag_recapture[Tags2009_R1_R1].do_bootstrap	True
  tag_recapture[Tags2009_R1_R1].plus_group	False
  tag_recapture[Tags2009_R1_R1].proportion_mortality	0.5
  tag_recapture[Tags2009_R1_R1].r	1e-11
  tag_recapture[Tags2009_R1_R1].recaptured_2010	0 0 0 0 0 0 0 0 1 2 4 13 15 23 26 22 18 18 11 5 4 1 0 0 0 0 0 0 0 0 0 0 0 0 0 0 0 0 0
  tag_recapture[Tags2009_R1_R1].sample	size
  tag_recapture[Tags2009_R1_R1].scanned_2010	0 0 0 2 30 342 2546 12914 45438 110634 193100 259840 288924 275666 231594 178066 131090 95240 68874 49434 34952 24134 16262 10830 7284 5028 3564 2550 1794 1212 770 454 246 120 54 22 8 2 0
  tag_recapture[Tags2009_R1_R1].step	1
  tag_recapture[Tags2009_R1_R1].tag_name	Tags2009_R1
  tag_recapture[Tags2009_R1_R1].years	2010
  vector_average_penalty[1].k   	1
  vector_average_penalty[1].label	meanYCS_1
  vector_average_penalty[1].multiplier	100
  vector_average_penalty[1].vector	recruitment.YCS
Stored as DOUBLEs: 
Stored as VECTORs: 
Stored as OGIVEs: 

Population parameters:
Stored as strings: 
  annual_cycle.M_props          	1
  annual_cycle.aging_time       	1
  annual_cycle.baranov          	False
  annual_cycle.fishery_areas    	R1
  annual_cycle.fishery_names    	LL1 LL2
  annual_cycle.fishery_times    	1 1
  annual_cycle.growth_props     	0
  annual_cycle.migrate_from     	R1
  annual_cycle.migrate_to       	R2
  annual_cycle.migration_names  	MoveRec_1_2
  annual_cycle.migration_times  	1
  annual_cycle.n_migrations     	0
  annual_cycle.recruitment_areas	R1
  annual_cycle.recruitment_time 	1
  annual_cycle.spawning_all_areas	1
  annual_cycle.spawning_p       	1
  annual_cycle.spawning_part_mort	0.5
  annual_cycle.spawning_time    	1
  annual_cycle.spawning_use_total_B	False
  annual_cycle.time_steps       	1
  area_names                    	R1
  current                       	2010
  final                         	2045
  first_random_year             	2007
  fishery[LL1].U_max            	0.95
  fishery[LL1].catches          	0 6000 6000 6000 6000 6000 6000 6000 6000 6000 6000 6000 6000 6000 6000 6000 6000 6000 6000 6000 6000
  fishery[LL1].future_constant_catches	200
  fishery[LL1].selectivity      	SelLL
  fishery[LL1].years            	1990 1991 1992 1993 1994 1995 1996 1997 1998 1999 2000 2001 2002 2003 2004 2005 2006 2007 2008 2009 2010
  fishery[LL2].U_max            	0.95
  fishery[LL2].catches          	0 6000 6000 6000 6000 6000 6000 6000 6000 6000 6000 6000 6000 6000 6000 6000 6000 6000 6000 6000 6000
  fishery[LL2].future_constant_catches	200
  fishery[LL2].selectivity      	SelLL
  fishery[LL2].years            	1990 1991 1992 1993 1994 1995 1996 1997 1998 1999 2000 2001 2002 2003 2004 2005 2006 2007 2008 2009 2010
  initial                       	1990
  initialization.B0             	448262
  mature_partition              	False
  maturity_props.all            	allvalues 0 0 0 0 0 0 0 0 0 0 0 0.1667 0.3333 0.5 0.6667 0.8333 1 1 1 1 1 1 1 1 1 1 1 1 1 1
  max_age                       	30
  min_age                       	1
  n_areas                       	1
  n_stocks                      	1
  n_tags                        	5
  natural_mortality.all         	0.155
  plus_group                    	True
  randomisation_method          	lognormal
  recruitment.SR                	BH
  recruitment.YCS               	1 1 1 1 1 1 1 1 1 1 1 1 1 1 1 1 1 1 1 1 1
  recruitment.YCS_years         	1989 1990 1991 1992 1993 1994 1995 1996 1997 1998 1999 2000 2001 2002 2003 2004 2005 2006 2007 2008 2009
  recruitment.first_free        	1989
  recruitment.last_free         	2006
  recruitment.p_male            	0.5
  recruitment.rho               	0
  recruitment.sigma_r           	0.6
  recruitment.steepness         	0.7
  recruitment.year_range        	1989 2006
  selectivity[SelLL].all        	double_normal 10 2 10
  selectivity_names             	SelLL
  sex_partition                 	False
  size_at_age.Linf              	2870
  size_at_age.by_length         	True
  size_at_age.cv                	0.1
  size_at_age.k                 	0.02056
  size_at_age.t0                	-4.2897
  size_at_age_dist              	normal
  size_at_age_type              	von_Bert
  size_based                    	False
  size_weight.a                 	2.59e-12
  size_weight.b                 	3.2064
  size_weight.verify_size_weight	500 0.5 1.5
  standardise_YCS               	True
  tag[Tags2005_R1_LL1].area     	R1
  tag[Tags2005_R1_LL1].class_mins	100 150 200 250 300 350 400 450 500 550 600 650 700 750 800 850 900 950 1000 1050 1100 1150 1200 1250 1300 1350 1400 1450 1500 1550 1600 1650 1700 1750 1800 1850 1900 1950 2000 2050
  tag[Tags2005_R1_LL1].mature_only	False
  tag[Tags2005_R1_LL1].mortality	0.1
  tag[Tags2005_R1_LL1].number   	2500
  tag[Tags2005_R1_LL1].ogive    	SelLL
  tag[Tags2005_R1_LL1].plus_group	False
  tag[Tags2005_R1_LL1].props_all	0 0 0 0 0 1e-04 8e-04 0.0048 0.0184 0.0472 0.088 0.1245 0.1388 0.1298 0.1103 0.0896 0.0694 0.0511 0.0362 0.0255 0.0183 0.0135 0.01 0.0073 0.0052 0.0037 0.0025 0.0018 0.0012 8e-04 5e-04 3e-04 2e-04 1e-04 0 0 0 0 0
  tag[Tags2005_R1_LL1].release_type	deterministic
  tag[Tags2005_R1_LL1].sex      	both
  tag[Tags2005_R1_LL1].step     	1
  tag[Tags2005_R1_LL1].tag_name 	Tags2005_R1
  tag[Tags2005_R1_LL1].year     	2005
  tag[Tags2006_R1_LL1].area     	R1
  tag[Tags2006_R1_LL1].class_mins	100 150 200 250 300 350 400 450 500 550 600 650 700 750 800 850 900 950 1000 1050 1100 1150 1200 1250 1300 1350 1400 1450 1500 1550 1600 1650 1700 1750 1800 1850 1900 1950 2000 2050
  tag[Tags2006_R1_LL1].mature_only	False
  tag[Tags2006_R1_LL1].mortality	0.1
  tag[Tags2006_R1_LL1].number   	2500
  tag[Tags2006_R1_LL1].ogive    	SelLL
  tag[Tags2006_R1_LL1].plus_group	False
  tag[Tags2006_R1_LL1].props_all	0 0 0 0 0 2e-04 0.0013 0.0058 0.0198 0.0485 0.0873 0.1222 0.1397 0.1351 0.1154 0.0921 0.0705 0.0511 0.0349 0.023 0.0152 0.0104 0.0075 0.0055 0.0041 0.0031 0.0023 0.0017 0.0012 9e-04 6e-04 3e-04 2e-04 1e-04 0 0 0 0 0
  tag[Tags2006_R1_LL1].release_type	deterministic
  tag[Tags2006_R1_LL1].sex      	both
  tag[Tags2006_R1_LL1].step     	1
  tag[Tags2006_R1_LL1].tag_name 	Tags2006_R1
  tag[Tags2006_R1_LL1].year     	2006
  tag[Tags2007_R1_LL1].area     	R1
  tag[Tags2007_R1_LL1].class_mins	100 150 200 250 300 350 400 450 500 550 600 650 700 750 800 850 900 950 1000 1050 1100 1150 1200 1250 1300 1350 1400 1450 1500 1550 1600 1650 1700 1750 1800 1850 1900 1950 2000 2050
  tag[Tags2007_R1_LL1].mature_only	False
  tag[Tags2007_R1_LL1].mortality	0.1
  tag[Tags2007_R1_LL1].number   	2500
  tag[Tags2007_R1_LL1].ogive    	SelLL
  tag[Tags2007_R1_LL1].plus_group	False
  tag[Tags2007_R1_LL1].props_all	0 0 0 0 0 1e-04 0.0011 0.0056 0.0193 0.0485 0.0889 0.124 0.139 0.1322 0.1118 0.0878 0.0669 0.0504 0.0372 0.0265 0.0183 0.0125 0.0087 0.0062 0.0045 0.0032 0.0024 0.0017 0.0012 8e-04 5e-04 3e-04 2e-04 1e-04 0 0 0 0 0
  tag[Tags2007_R1_LL1].release_type	deterministic
  tag[Tags2007_R1_LL1].sex      	both
  tag[Tags2007_R1_LL1].step     	1
  tag[Tags2007_R1_LL1].tag_name 	Tags2007_R1
  tag[Tags2007_R1_LL1].year     	2007
  tag[Tags2008_R1_LL1].area     	R1
  tag[Tags2008_R1_LL1].class_mins	100 150 200 250 300 350 400 450 500 550 600 650 700 750 800 850 900 950 1000 1050 1100 1150 1200 1250 1300 1350 1400 1450 1500 1550 1600 1650 1700 1750 1800 1850 1900 1950 2000 2050
  tag[Tags2008_R1_LL1].mature_only	False
  tag[Tags2008_R1_LL1].mortality	0.1
  tag[Tags2008_R1_LL1].number   	2500
  tag[Tags2008_R1_LL1].ogive    	SelLL
  tag[Tags2008_R1_LL1].plus_group	False
  tag[Tags2008_R1_LL1].props_all	0 0 0 0 0 1e-04 0.0012 0.0062 0.0205 0.0497 0.0924 0.1328 0.1497 0.1384 0.112 0.0842 0.0614 0.0445 0.0322 0.0228 0.0157 0.0106 0.0073 0.0052 0.0038 0.0029 0.0022 0.0016 0.0011 7e-04 4e-04 3e-04 1e-04 1e-04 0 0 0 0 0
  tag[Tags2008_R1_LL1].release_type	deterministic
  tag[Tags2008_R1_LL1].sex      	both
  tag[Tags2008_R1_LL1].step     	1
  tag[Tags2008_R1_LL1].tag_name 	Tags2008_R1
  tag[Tags2008_R1_LL1].year     	2008
  tag[Tags2009_R1_LL1].area     	R1
  tag[Tags2009_R1_LL1].class_mins	100 150 200 250 300 350 400 450 500 550 600 650 700 750 800 850 900 950 1000 1050 1100 1150 1200 1250 1300 1350 1400 1450 1500 1550 1600 1650 1700 1750 1800 1850 1900 1950 2000 2050
  tag[Tags2009_R1_LL1].mature_only	False
  tag[Tags2009_R1_LL1].mortality	0.1
  tag[Tags2009_R1_LL1].number   	2500
  tag[Tags2009_R1_LL1].ogive    	SelLL
  tag[Tags2009_R1_LL1].plus_group	False
  tag[Tags2009_R1_LL1].props_all	0 0 0 0 0 1e-04 0.0012 0.0063 0.0213 0.0502 0.0897 0.1266 0.1435 0.135 0.1117 0.0864 0.065 0.0482 0.0352 0.0253 0.0178 0.0122 0.0082 0.0055 0.0037 0.0025 0.0017 0.0011 7e-04 4e-04 3e-04 1e-04 1e-04 0 0 0 0 0 0
  tag[Tags2009_R1_LL1].release_type	deterministic
  tag[Tags2009_R1_LL1].sex      	both
  tag[Tags2009_R1_LL1].step     	1
  tag[Tags2009_R1_LL1].tag_name 	Tags2009_R1
  tag[Tags2009_R1_LL1].year     	2009
  tag_growth_loss[Tags2005_R1].nogrowth_period	0
  tag_growth_loss[Tags2006_R1].nogrowth_period	0
  tag_growth_loss[Tags2007_R1].nogrowth_period	0
  tag_growth_loss[Tags2008_R1].nogrowth_period	0
  tag_growth_loss[Tags2009_R1].nogrowth_period	0
  tag_loss_props                	1
  tag_names                     	Tags2005_R1 Tags2006_R1 Tags2007_R1 Tags2008_R1 Tags2009_R1
  tag_shedding_rate             	0.0084 0.0084 0.0084 0.0084 0.0084
  y_enter                       	1
Stored as DOUBLEs: 
Stored as VECTORs: 
Stored as OGIVEs: 

Output parameters:
Stored as strings: 
  n_projections                 	100
  numbers_at[Numbers_at_age_R1].area	R1
  numbers_at[Numbers_at_age_R1].proportion_mortality	0.5
  numbers_at[Numbers_at_age_R1].step	1
  numbers_at[Numbers_at_age_R1].years	1990 1991 1992 1993 1994 1995 1996 1997 1998 1999 2000 2001 2002 2003 2004 2005 2006 2007 2008 2009 2010
  print.covariance              	true
  print.estimation_section      	true
  print.final_state             	false
  print.fits                    	true
  print.fits_every_eval         	false
  print.initial_state           	false
  print.normalised_resids       	true
  print.objective_every_eval    	false
  print.parameter_vector_every_eval	false
  print.parameters              	true
  print.parameters_every_eval   	false
  print.pearson_resids          	true
  print.requests                	false
  print.resids                  	true
  print.results                 	false
  print.state_annually          	false
  print.state_every_step        	false
  print.unused_parameters       	true
  print.yields                  	true
  quantities.B0                 	true
  quantities.R0                 	true
  quantities.SSBs               	true
  quantities.YCS                	true
  quantities.actual_catches     	false
  quantities.all_free_parameters	true
  quantities.fishing_pressures  	true
  quantities.nuisance_qs        	true
  quantities.recruitments       	true
  quantities.true_YCS           	true
Stored as DOUBLEs: 
Stored as VECTORs: 
Stored as OGIVEs: 

A fish of size 500 cm has a weight of 1.16755 kg in your model. This size-weight scale check assumes that the growth curve is in centimetres, and that the catch is in tonnes.

A fish of size 500 cm has a weight of 1.16755 kg in your model. This size-weight scale check assumes that the growth curve is in centimetres, and that the catch is in tonnes.

Estimation section :

Objective function: Bayes

Minimiser convergence threshold: 0.001


Observations:

The observations are:
LL1_catchA
Tags2005_R1_R1
Tags2006_R1_R1
Tags2007_R1_R1
Tags2008_R1_R1
Tags2009_R1_R1
Fits follow:

LL1_catchA :
catch proportions-at-age for fishery LL1  with ageing error (constrained to sum to 1):
obs (last class is a plus group):
class 1       2       3       4       5       6       7       8       9       10      11      12      13      14      15      16      17      18      19      20      21      22      23      24      25      26      27      28      29      30      
2000 0       0       0       0       0.03    0.02    0.04    0.09    0.17    0.16    0.16    0.08    0.06    0.03    0.04    0.06    0.01    0.02    0       0       0.02    0.01    0       0       0       0       0       0       0       0       
2001 0       0       0       0       0       0.01    0.03    0.11    0.13    0.23    0.17    0.06    0.06    0.04    0.04    0.04    0       0.02    0.02    0.02    0       0.01    0       0.01    0       0       0       0       0       0       
2002 0       0       0       0       0       0.01    0.06    0.17    0.16    0.18    0.09    0.06    0.05    0       0.03    0.03    0.04    0.02    0.01    0.03    0.02    0       0.01    0       0.01    0       0       0       0       0.02    
2003 0       0       0       0       0       0.02    0.06    0.12    0.18    0.18    0.15    0.07    0.11    0.03    0.05    0       0       0.02    0       0       0.01    0       0       0       0       0       0       0       0       0       
2004 0       0       0       0       0.01    0       0.07    0.07    0.18    0.16    0.15    0.06    0.07    0.11    0.03    0.02    0.02    0       0.01    0       0.02    0       0       0       0       0       0       0       0.01    0.01    
2005 0       0       0       0.01    0       0.02    0.05    0.1     0.2     0.15    0.14    0.09    0.05    0.06    0.04    0.04    0.01    0.01    0       0.01    0       0.01    0.01    0       0       0       0       0       0       0       
2006 0       0       0       0       0.01    0.07    0.05    0.07    0.17    0.22    0.03    0.12    0.06    0.1     0.03    0.03    0.01    0       0.02    0       0       0.01    0       0       0       0       0       0       0       0       
2007 0       0       0       0       0       0.02    0.1     0.12    0.14    0.18    0.09    0.12    0.07    0.05    0.01    0.02    0.01    0       0.03    0       0.01    0       0.01    0       0.01    0       0       0.01    0       0       
2008 0       0       0       0       0       0.03    0.07    0.11    0.18    0.14    0.13    0.05    0.09    0.07    0.02    0.01    0.05    0.02    0.01    0       0       0       0       0       0       0       0       0       0       0.02    
2009 0       0       0       0       0       0.01    0.05    0.12    0.23    0.12    0.08    0.08    0.06    0.05    0.08    0.04    0.02    0.03    0.02    0       0       0.01    0       0       0       0       0       0       0       0       
2010 0       0       0       0       0.03    0.01    0.04    0.12    0.14    0.17    0.16    0.07    0.04    0.08    0.03    0.01    0.02    0.03    0.01    0.02    0       0.01    0       0       0       0       0       0.01    0       0       
objective function: multinomial likelihood, with delta = 1e-011, N =
100 100 100 100 100 100 100 100 100 100 100 100 100 100 100 100 100 100 100 100 100 100 100 100 100 100 100 100 100 100 
100 100 100 100 100 100 100 100 100 100 100 100 100 100 100 100 100 100 100 100 100 100 100 100 100 100 100 100 100 100 
100 100 100 100 100 100 100 100 100 100 100 100 100 100 100 100 100 100 100 100 100 100 100 100 100 100 100 100 100 100 
100 100 100 100 100 100 100 100 100 100 100 100 100 100 100 100 100 100 100 100 100 100 100 100 100 100 100 100 100 100 
100 100 100 100 100 100 100 100 100 100 100 100 100 100 100 100 100 100 100 100 100 100 100 100 100 100 100 100 100 100 
100 100 100 100 100 100 100 100 100 100 100 100 100 100 100 100 100 100 100 100 100 100 100 100 100 100 100 100 100 100 
100 100 100 100 100 100 100 100 100 100 100 100 100 100 100 100 100 100 100 100 100 100 100 100 100 100 100 100 100 100 
100 100 100 100 100 100 100 100 100 100 100 100 100 100 100 100 100 100 100 100 100 100 100 100 100 100 100 100 100 100 
100 100 100 100 100 100 100 100 100 100 100 100 100 100 100 100 100 100 100 100 100 100 100 100 100 100 100 100 100 100 
100 100 100 100 100 100 100 100 100 100 100 100 100 100 100 100 100 100 100 100 100 100 100 100 100 100 100 100 100 100 
100 100 100 100 100 100 100 100 100 100 100 100 100 100 100 100 100 100 100 100 100 100 100 100 100 100 100 100 100 100 

Tags2005_R1_R1 :
tag-recapture data for tag Tags2005_R1 in years 2006 2007 2008 2009 2010 , step 1, after proportion 0.5 of mortality, with sampling method size, detection probability 1.
Year 2006
class scanned recaptured
100 0 0
150 0 0
200 0 0
250 2 0
300 28 0
350 320 0
400 2302 0
450 11502 0
500 39770 0
550 96806 1
600 173902 7
650 243624 10
700 277690 24
750 266092 25
800 224820 31
850 178122 17
900 136978 15
950 101584 13
1000 71958 9
1050 49292 4
1100 33518 5
1150 23134 1
1200 16316 0
1250 11662 0
1300 8346 0
1350 5944 0
1400 4222 0
1450 2988 0
1500 2086 0
1550 1406 0
1600 896 0
1650 530 0
1700 286 0
1750 140 0
1800 62 0
1850 24 0
1900 8 0
1950 2 0
2000 0 0


Year 2007
class scanned recaptured
100 0 0
150 0 0
200 0 0
250 2 0
300 28 0
350 344 0
400 2442 0
450 11568 0
500 39724 0
550 99366 1
600 181960 5
650 252416 7
700 280488 11
750 265182 8
800 224010 18
850 176300 20
900 134278 14
950 100438 14
1000 72920 9
1050 50898 7
1100 34514 5
1150 23278 5
1200 15942 1
1250 11162 1
1300 7944 0
1350 5686 0
1400 4062 0
1450 2880 0
1500 2006 0
1550 1350 0
1600 862 0
1650 512 0
1700 278 0
1750 138 0
1800 62 0
1850 24 0
1900 8 0
1950 2 0
2000 0 0


Year 2008
class scanned recaptured
100 0 0
150 0 0
200 0 0
250 2 0
300 28 0
350 344 0
400 2602 0
450 12332 0
500 40170 0
550 97884 0
600 182308 2
650 260086 0
700 291620 4
750 271378 13
800 224512 15
850 174626 18
900 131756 17
950 97934 15
1000 71728 6
1050 51120 4
1100 35200 2
1150 23658 4
1200 15864 2
1250 10828 0
1300 7580 0
1350 5410 0
1400 3886 0
1450 2772 0
1500 1934 0
1550 1300 0
1600 826 0
1650 490 0
1700 266 0
1750 132 0
1800 58 0
1850 24 0
1900 8 0
1950 2 0
2000 0 0


Year 2009
class scanned recaptured
100 0 0
150 0 0
200 0 0
250 2 0
300 28 0
350 338 0
400 2596 0
450 13080 0
500 43468 0
550 101422 0
600 180382 0
650 255904 0
700 293398 2
750 278302 7
800 229716 9
850 175798 20
900 130724 11
950 96182 9
1000 70174 10
1050 50456 7
1100 35360 2
1150 24054 2
1200 16060 2
1250 10754 0
1300 7362 1
1350 5182 0
1400 3714 1
1450 2662 0
1500 1866 0
1550 1256 0
1600 798 0
1650 470 0
1700 254 0
1750 126 0
1800 56 0
1850 22 0
1900 8 0
1950 2 0
2000 0 0


Year 2010
class scanned recaptured
100 0 0
150 0 0
200 0 0
250 2 0
300 30 0
350 342 0
400 2546 0
450 12914 0
500 45438 0
550 110634 0
600 193100 1
650 259840 0
700 288924 2
750 275666 6
800 231594 5
850 178066 12
900 131090 7
950 95240 8
1000 68874 6
1050 49434 10
1100 34952 3
1150 24134 1
1200 16262 1
1250 10830 1
1300 7284 0
1350 5028 0
1400 3564 1
1450 2550 0
1500 1794 0
1550 1212 0
1600 770 0
1650 454 0
1700 246 0
1750 120 0
1800 54 0
1850 22 0
1900 8 0
1950 2 0
2000 0 0


Tags2006_R1_R1 :
tag-recapture data for tag Tags2006_R1 in years 2007 2008 2009 2010 , step 1, after proportion 0.5 of mortality, with sampling method size, detection probability 1.
Year 2007
class scanned recaptured
100 0 0
150 0 0
200 0 0
250 2 0
300 28 0
350 344 0
400 2442 0
450 11568 0
500 39724 0
550 99366 0
600 181960 7
650 252416 14
700 280488 33
750 265182 25
800 224010 24
850 176300 19
900 134278 16
950 100438 13
1000 72920 6
1050 50898 6
1100 34514 2
1150 23278 1
1200 15942 2
1250 11162 0
1300 7944 0
1350 5686 2
1400 4062 0
1450 2880 0
1500 2006 1
1550 1350 0
1600 862 0
1650 512 0
1700 278 0
1750 138 0
1800 62 0
1850 24 0
1900 8 0
1950 2 0
2000 0 0


Year 2008
class scanned recaptured
100 0 0
150 0 0
200 0 0
250 2 0
300 28 0
350 344 0
400 2602 0
450 12332 0
500 40170 0
550 97884 0
600 182308 1
650 260086 6
700 291620 23
750 271378 19
800 224512 26
850 174626 22
900 131756 17
950 97934 17
1000 71728 12
1050 51120 5
1100 35200 1
1150 23658 2
1200 15864 0
1250 10828 0
1300 7580 0
1350 5410 0
1400 3886 0
1450 2772 1
1500 1934 0
1550 1300 0
1600 826 0
1650 490 0
1700 266 0
1750 132 0
1800 58 0
1850 24 0
1900 8 0
1950 2 0
2000 0 0


Year 2009
class scanned recaptured
100 0 0
150 0 0
200 0 0
250 2 0
300 28 0
350 338 0
400 2596 0
450 13080 0
500 43468 0
550 101422 0
600 180382 1
650 255904 1
700 293398 7
750 278302 15
800 229716 17
850 175798 22
900 130724 19
950 96182 3
1000 70174 11
1050 50456 5
1100 35360 0
1150 24054 2
1200 16060 3
1250 10754 0
1300 7362 2
1350 5182 0
1400 3714 0
1450 2662 0
1500 1866 0
1550 1256 0
1600 798 0
1650 470 0
1700 254 0
1750 126 0
1800 56 0
1850 22 0
1900 8 0
1950 2 0
2000 0 0


Year 2010
class scanned recaptured
100 0 0
150 0 0
200 0 0
250 2 0
300 30 0
350 342 0
400 2546 0
450 12914 0
500 45438 0
550 110634 0
600 193100 0
650 259840 1
700 288924 2
750 275666 6
800 231594 13
850 178066 14
900 131090 13
950 95240 12
1000 68874 5
1050 49434 3
1100 34952 6
1150 24134 2
1200 16262 3
1250 10830 2
1300 7284 2
1350 5028 0
1400 3564 0
1450 2550 0
1500 1794 0
1550 1212 0
1600 770 0
1650 454 1
1700 246 0
1750 120 0
1800 54 0
1850 22 0
1900 8 0
1950 2 0
2000 0 0


Tags2007_R1_R1 :
tag-recapture data for tag Tags2007_R1 in years 2008 2009 2010 , step 1, after proportion 0.5 of mortality, with sampling method size, detection probability 1.
Year 2008
class scanned recaptured
100 0 0
150 0 0
200 0 0
250 2 0
300 28 0
350 344 0
400 2602 0
450 12332 0
500 40170 0
550 97884 0
600 182308 5
650 260086 9
700 291620 20
750 271378 23
800 224512 32
850 174626 34
900 131756 14
950 97934 13
1000 71728 11
1050 51120 6
1100 35200 1
1150 23658 4
1200 15864 0
1250 10828 1
1300 7580 0
1350 5410 0
1400 3886 0
1450 2772 0
1500 1934 0
1550 1300 0
1600 826 0
1650 490 0
1700 266 0
1750 132 0
1800 58 0
1850 24 0
1900 8 0
1950 2 0
2000 0 0


Year 2009
class scanned recaptured
100 0 0
150 0 0
200 0 0
250 2 0
300 28 0
350 338 0
400 2596 0
450 13080 0
500 43468 0
550 101422 0
600 180382 1
650 255904 8
700 293398 12
750 278302 21
800 229716 27
850 175798 13
900 130724 19
950 96182 17
1000 70174 5
1050 50456 4
1100 35360 7
1150 24054 2
1200 16060 3
1250 10754 0
1300 7362 1
1350 5182 0
1400 3714 0
1450 2662 0
1500 1866 0
1550 1256 0
1600 798 0
1650 470 0
1700 254 0
1750 126 0
1800 56 0
1850 22 0
1900 8 0
1950 2 0
2000 0 0


Year 2010
class scanned recaptured
100 0 0
150 0 0
200 0 0
250 2 0
300 30 0
350 342 0
400 2546 0
450 12914 0
500 45438 0
550 110634 0
600 193100 1
650 259840 1
700 288924 10
750 275666 16
800 231594 18
850 178066 14
900 131090 14
950 95240 5
1000 68874 5
1050 49434 5
1100 34952 1
1150 24134 5
1200 16262 2
1250 10830 1
1300 7284 0
1350 5028 0
1400 3564 0
1450 2550 1
1500 1794 0
1550 1212 0
1600 770 0
1650 454 0
1700 246 0
1750 120 0
1800 54 0
1850 22 0
1900 8 0
1950 2 0
2000 0 0


Tags2008_R1_R1 :
tag-recapture data for tag Tags2008_R1 in years 2009 2010 , step 1, after proportion 0.5 of mortality, with sampling method size, detection probability 1.
Year 2009
class scanned recaptured
100 0 0
150 0 0
200 0 0
250 2 0
300 28 0
350 338 0
400 2596 0
450 13080 0
500 43468 0
550 101422 0
600 180382 9
650 255904 12
700 293398 19
750 278302 35
800 229716 29
850 175798 15
900 130724 18
950 96182 11
1000 70174 6
1050 50456 4
1100 35360 1
1150 24054 0
1200 16060 3
1250 10754 0
1300 7362 0
1350 5182 1
1400 3714 0
1450 2662 0
1500 1866 0
1550 1256 0
1600 798 0
1650 470 0
1700 254 0
1750 126 0
1800 56 0
1850 22 0
1900 8 0
1950 2 0
2000 0 0


Year 2010
class scanned recaptured
100 0 0
150 0 0
200 0 0
250 2 0
300 30 0
350 342 0
400 2546 0
450 12914 0
500 45438 0
550 110634 0
600 193100 2
650 259840 9
700 288924 12
750 275666 18
800 231594 19
850 178066 13
900 131090 20
950 95240 15
1000 68874 8
1050 49434 3
1100 34952 6
1150 24134 1
1200 16262 0
1250 10830 0
1300 7284 0
1350 5028 0
1400 3564 0
1450 2550 0
1500 1794 0
1550 1212 0
1600 770 0
1650 454 0
1700 246 0
1750 120 0
1800 54 0
1850 22 0
1900 8 0
1950 2 0
2000 0 0


Tags2009_R1_R1 :
tag-recapture data for tag Tags2009_R1 in years 2010 , step 1, after proportion 0.5 of mortality, with sampling method size, detection probability 1.
Year 2010
class scanned recaptured
100 0 0
150 0 0
200 0 0
250 2 0
300 30 0
350 342 0
400 2546 0
450 12914 0
500 45438 1
550 110634 2
600 193100 4
650 259840 13
700 288924 15
750 275666 23
800 231594 26
850 178066 22
900 131090 18
950 95240 18
1000 68874 11
1050 49434 5
1100 34952 4
1150 24134 1
1200 16262 0
1250 10830 0
1300 7284 0
1350 5028 0
1400 3564 0
1450 2550 0
1500 1794 0
1550 1212 0
1600 770 0
1650 454 0
1700 246 0
1750 120 0
1800 54 0
1850 22 0
1900 8 0
1950 2 0
2000 0 0



Ageing_error:
  Misclassification matrix:
1 0 0 0 0 0 0 0 0 0 0 0 0 0 0 0 0 0 0 0 0 0 0 0 0 0 0 0 0 0 
0 1 0 0 0 0 0 0 0 0 0 0 0 0 0 0 0 0 0 0 0 0 0 0 0 0 0 0 0 0 
0 0 1 0 0 0 0 0 0 0 0 0 0 0 0 0 0 0 0 0 0 0 0 0 0 0 0 0 0 0 
0 0 0 1 0 0 0 0 0 0 0 0 0 0 0 0 0 0 0 0 0 0 0 0 0 0 0 0 0 0 
0 0 0 0 1 0 0 0 0 0 0 0 0 0 0 0 0 0 0 0 0 0 0 0 0 0 0 0 0 0 
0 0 0 0 0 1 0 0 0 0 0 0 0 0 0 0 0 0 0 0 0 0 0 0 0 0 0 0 0 0 
0 0 0 0 0 0 1 0 0 0 0 0 0 0 0 0 0 0 0 0 0 0 0 0 0 0 0 0 0 0 
0 0 0 0 0 0 0 1 0 0 0 0 0 0 0 0 0 0 0 0 0 0 0 0 0 0 0 0 0 0 
0 0 0 0 0 0 0 0 1 0 0 0 0 0 0 0 0 0 0 0 0 0 0 0 0 0 0 0 0 0 
0 0 0 0 0 0 0 0 0 1 0 0 0 0 0 0 0 0 0 0 0 0 0 0 0 0 0 0 0 0 
0 0 0 0 0 0 0 0 0 0 1 0 0 0 0 0 0 0 0 0 0 0 0 0 0 0 0 0 0 0 
0 0 0 0 0 0 0 0 0 0 0 1 0 0 0 0 0 0 0 0 0 0 0 0 0 0 0 0 0 0 
0 0 0 0 0 0 0 0 0 0 0 0 1 0 0 0 0 0 0 0 0 0 0 0 0 0 0 0 0 0 
0 0 0 0 0 0 0 0 0 0 0 0 0 1 0 0 0 0 0 0 0 0 0 0 0 0 0 0 0 0 
0 0 0 0 0 0 0 0 0 0 0 0 0 0 1 0 0 0 0 0 0 0 0 0 0 0 0 0 0 0 
0 0 0 0 0 0 0 0 0 0 0 0 0 0 0 1 0 0 0 0 0 0 0 0 0 0 0 0 0 0 
0 0 0 0 0 0 0 0 0 0 0 0 0 0 0 0 1 0 0 0 0 0 0 0 0 0 0 0 0 0 
0 0 0 0 0 0 0 0 0 0 0 0 0 0 0 0 0 1 0 0 0 0 0 0 0 0 0 0 0 0 
0 0 0 0 0 0 0 0 0 0 0 0 0 0 0 0 0 0 1 0 0 0 0 0 0 0 0 0 0 0 
0 0 0 0 0 0 0 0 0 0 0 0 0 0 0 0 0 0 0 1 0 0 0 0 0 0 0 0 0 0 
0 0 0 0 0 0 0 0 0 0 0 0 0 0 0 0 0 0 0 0 1 0 0 0 0 0 0 0 0 0 
0 0 0 0 0 0 0 0 0 0 0 0 0 0 0 0 0 0 0 0 0 1 0 0 0 0 0 0 0 0 
0 0 0 0 0 0 0 0 0 0 0 0 0 0 0 0 0 0 0 0 0 0 1 0 0 0 0 0 0 0 
0 0 0 0 0 0 0 0 0 0 0 0 0 0 0 0 0 0 0 0 0 0 0 1 0 0 0 0 0 0 
0 0 0 0 0 0 0 0 0 0 0 0 0 0 0 0 0 0 0 0 0 0 0 0 1 0 0 0 0 0 
0 0 0 0 0 0 0 0 0 0 0 0 0 0 0 0 0 0 0 0 0 0 0 0 0 1 0 0 0 0 
0 0 0 0 0 0 0 0 0 0 0 0 0 0 0 0 0 0 0 0 0 0 0 0 0 0 1 0 0 0 
0 0 0 0 0 0 0 0 0 0 0 0 0 0 0 0 0 0 0 0 0 0 0 0 0 0 0 1 0 0 
0 0 0 0 0 0 0 0 0 0 0 0 0 0 0 0 0 0 0 0 0 0 0 0 0 0 0 0 1 0 
0 0 0 0 0 0 0 0 0 0 0 0 0 0 0 0 0 0 0 0 0 0 0 0 0 0 0 0 0 1 

Free parameters:

initialization.B0
uniform: bounds from 5000 to 500000
current value: 448262
lower bound: 5000
upper bound: 500000


Q's:
qs are nuisance parameters

Penalties:
LL1_Penalty :
Catch limit penalty of 1000 x the sum of squares of (log(actual catch) - log(specified catch)) for fishery LL1 to disencourage breaking exploitation rate limits
LL2_Penalty :
Catch limit penalty of 1000 x the sum of squares of (log(actual catch) - log(specified catch)) for fishery LL2 to disencourage breaking exploitation rate limits
meanYCS_1 :
Vector average penalty of 100 x square of (mean(recruitment.YCS) - 1) 
Penalty_Tags2005_R1_LL1 :
'Fish-must-be-tagged' penalty of 1 x square of (actual number of tagged fish - nominal number of tagged fish) for tagging episode Tags2005_R1_LL1
Penalty_Tags2006_R1_LL1 :
'Fish-must-be-tagged' penalty of 1 x square of (actual number of tagged fish - nominal number of tagged fish) for tagging episode Tags2006_R1_LL1
Penalty_Tags2007_R1_LL1 :
'Fish-must-be-tagged' penalty of 1 x square of (actual number of tagged fish - nominal number of tagged fish) for tagging episode Tags2007_R1_LL1
Penalty_Tags2008_R1_LL1 :
'Fish-must-be-tagged' penalty of 1 x square of (actual number of tagged fish - nominal number of tagged fish) for tagging episode Tags2008_R1_LL1
Penalty_Tags2009_R1_LL1 :
'Fish-must-be-tagged' penalty of 1 x square of (actual number of tagged fish - nominal number of tagged fish) for tagging episode Tags2009_R1_LL1

Components of the objective function are:
  LL1_catchA
  Tags2005_R1_R1
  Tags2006_R1_R1
  Tags2007_R1_R1
  Tags2008_R1_R1
  Tags2009_R1_R1
  prior_on_initialization.B0
  LL1_Penalty
  LL2_Penalty
  meanYCS_1
  Penalty_Tags2005_R1_LL1
  Penalty_Tags2006_R1_LL1
  Penalty_Tags2007_R1_LL1
  Penalty_Tags2008_R1_LL1
  Penalty_Tags2009_R1_LL1

Random number seed : 67613


Minimiser achieved convergence after 8 quasi-Newton iterations using 10 objective function evaluations



Approximate Covariance matrix (Inverse Hessian of parameters at point estimate):
1.05855e+007 

Correlation matrix:
1 

List of parameter names, in the same order as the rows & cols of the covariance/correlation matrices:
initialization.B0 



Start extracting output from here

Point estimate:
initialization.B0
current value: 234595
lower bound: 5000
upper bound: 500000


In a format suitable for -i :

initialization.B0 
234595 

Objective function : 910.953

Components :
LL1_catchA                                         390.526
Tags2005_R1_R1                                     159.64
Tags2006_R1_R1                                     150.298
Tags2007_R1_R1                                     105.948
Tags2008_R1_R1                                     69.6276
Tags2009_R1_R1                                     34.9127
prior_on_initialization.B0                         0
LL1_Penalty                                        0
LL2_Penalty                                        0
meanYCS_1                                          0
Penalty_Tags2005_R1_LL1                            0
Penalty_Tags2006_R1_LL1                            8.27181e-025
Penalty_Tags2007_R1_LL1                            2.06795e-025
Penalty_Tags2008_R1_LL1                            8.27181e-025
Penalty_Tags2009_R1_LL1                            2.06795e-025

Fits : 

The observations are:
LL1_catchA
Tags2005_R1_R1
Tags2006_R1_R1
Tags2007_R1_R1
Tags2008_R1_R1
Tags2009_R1_R1
Fits follow:

LL1_catchA :
catch proportions-at-age for fishery LL1  with ageing error (constrained to sum to 1):
obs (last class is a plus group):
class 1       2       3       4       5       6       7       8       9       10      11      12      13      14      15      16      17      18      19      20      21      22      23      24      25      26      27      28      29      30      
2000 0       0       0       0       0.03    0.02    0.04    0.09    0.17    0.16    0.16    0.08    0.06    0.03    0.04    0.06    0.01    0.02    0       0       0.02    0.01    0       0       0       0       0       0       0       0       
2001 0       0       0       0       0       0.01    0.03    0.11    0.13    0.23    0.17    0.06    0.06    0.04    0.04    0.04    0       0.02    0.02    0.02    0       0.01    0       0.01    0       0       0       0       0       0       
2002 0       0       0       0       0       0.01    0.06    0.17    0.16    0.18    0.09    0.06    0.05    0       0.03    0.03    0.04    0.02    0.01    0.03    0.02    0       0.01    0       0.01    0       0       0       0       0.02    
2003 0       0       0       0       0       0.02    0.06    0.12    0.18    0.18    0.15    0.07    0.11    0.03    0.05    0       0       0.02    0       0       0.01    0       0       0       0       0       0       0       0       0       
2004 0       0       0       0       0.01    0       0.07    0.07    0.18    0.16    0.15    0.06    0.07    0.11    0.03    0.02    0.02    0       0.01    0       0.02    0       0       0       0       0       0       0       0.01    0.01    
2005 0       0       0       0.01    0       0.02    0.05    0.1     0.2     0.15    0.14    0.09    0.05    0.06    0.04    0.04    0.01    0.01    0       0.01    0       0.01    0.01    0       0       0       0       0       0       0       
2006 0       0       0       0       0.01    0.07    0.05    0.07    0.17    0.22    0.03    0.12    0.06    0.1     0.03    0.03    0.01    0       0.02    0       0       0.01    0       0       0       0       0       0       0       0       
2007 0       0       0       0       0       0.02    0.1     0.12    0.14    0.18    0.09    0.12    0.07    0.05    0.01    0.02    0.01    0       0.03    0       0.01    0       0.01    0       0.01    0       0       0.01    0       0       
2008 0       0       0       0       0       0.03    0.07    0.11    0.18    0.14    0.13    0.05    0.09    0.07    0.02    0.01    0.05    0.02    0.01    0       0       0       0       0       0       0       0       0       0       0.02    
2009 0       0       0       0       0       0.01    0.05    0.12    0.23    0.12    0.08    0.08    0.06    0.05    0.08    0.04    0.02    0.03    0.02    0       0       0.01    0       0       0       0       0       0       0       0       
2010 0       0       0       0       0.03    0.01    0.04    0.12    0.14    0.17    0.16    0.07    0.04    0.08    0.03    0.01    0.02    0.03    0.01    0.02    0       0.01    0       0       0       0       0       0.01    0       0       
fits (last class is a plus group):
class 1       2       3       4       5       6       7       8       9       10      11      12      13      14      15      16      17      18      19      20      21      22      23      24      25      26      27      28      29      30      
2000 5.36433e-007 8.80108e-006 0.000102066 0.000836591 0.00484555 0.019815 0.0570184 0.114464 0.158296 0.149894 0.116897 0.0902553 0.069088 0.0525009 0.0396681 0.02989 0.0226017 0.0172987 0.0134364 0.010459 0.00806599 0.00615449 0.00463985 0.00345167 0.00253079 0.00182703 0.00129759 0.000906065 0.000621772 0.00312902 
2001 5.40155e-007 8.86475e-006 0.000102842 0.000843325 0.00488701 0.019995 0.0575603 0.115554 0.159673 0.151129 0.117657 0.0905554 0.0690937 0.0523315 0.0393914 0.0295086 0.0220604 0.0165584 0.0125833 0.00970485 0.00750008 0.00574081 0.00434579 0.00324879 0.00239523 0.00173949 0.00124309 0.00087347 0.000603112 0.00311137 
2002 5.43358e-007 8.91941e-006 0.000103507 0.000849085 0.00492254 0.0201499 0.0580298 0.116504 0.160873 0.152001 0.118229 0.0908407 0.0690967 0.0521695 0.0391444 0.0292176 0.0217193 0.0161205 0.0120163 0.00906892 0.00694537 0.0053283 0.00404694 0.00303828 0.00225132 0.00164422 0.00118215 0.000835878 0.000580823 0.00308101 
2003 5.46188e-007 8.9676e-006 0.00010409 0.000854123 0.00495355 0.0202852 0.0584408 0.117338 0.161922 0.152754 0.11856 0.0910145 0.0691145 0.052026 0.0389187 0.0289608 0.021454 0.0158363 0.0116748 0.00864422 0.00647935 0.00492673 0.00375101 0.00282587 0.00210312 0.00154389 0.00111639 0.000794239 0.000555404 0.00303813 
2004 5.48762e-007 9.01133e-006 0.000104618 0.000858655 0.00498127 0.0204057 0.0588061 0.118077 0.162848 0.153407 0.118834 0.0910302 0.0690691 0.0519102 0.0387196 0.0287295 0.0212211 0.0156128 0.0114488 0.0083852 0.00616712 0.00459032 0.00346441 0.00261662 0.00195436 0.00144113 0.00104755 0.0007496 0.000527445 0.00298307 
2005 5.51172e-007 9.05215e-006 0.000105109 0.000862852 0.00500677 0.0205156 0.0591371 0.118742 0.163673 0.153976 0.119058 0.0910247 0.0689212 0.0517602 0.0385513 0.0285253 0.0210125 0.015417 0.0112698 0.00821154 0.005975 0.0043644 0.00322481 0.00241472 0.00180837 0.00133839 0.000977313 0.000703057 0.000497604 0.00291635 
2006 5.53498e-007 9.09137e-006 0.000105579 0.00086685 0.00503093 0.0206189 0.059445 0.119355 0.16442 0.154474 0.119237 0.0909979 0.0687704 0.0515435 0.038365 0.0283495 0.0208281 0.0152421 0.0111132 0.00807328 0.00584497 0.00422451 0.00306366 0.0022462 0.00166789 0.00123782 0.000907281 0.000655707 0.000466583 0.00283876 
2007 5.5579e-007 9.12984e-006 0.000106038 0.000870735 0.00505428 0.0207181 0.0597381 0.11993 0.165109 0.154917 0.119379 0.09095 0.0686137 0.0513325 0.0381353 0.0281649 0.0206676 0.015087 0.0109733 0.00795224 0.00574104 0.00412918 0.00296339 0.00213271 0.00155075 0.00114122 0.000838851 0.000608573 0.000435078 0.00275126 
2008 5.58093e-007 9.16828e-006 0.000106494 0.000874578 0.00507726 0.0208152 0.0600228 0.120482 0.165757 0.155317 0.119487 0.0908814 0.0684479 0.0511225 0.0379139 0.0279514 0.0205028 0.0149509 0.0108488 0.00784402 0.00564994 0.00405269 0.0028947 0.00206186 0.00147179 0.00106073 0.000773197 0.000562571 0.000403753 0.0026551 
2009 5.60441e-007 9.20727e-006 0.000106954 0.000878433 0.0051002 0.0209117 0.0603039 0.121023 0.166381 0.155686 0.119569 0.0907931 0.0682708 0.0509091 0.0376959 0.0277462 0.0203187 0.0148129 0.0107389 0.00774748 0.00556838 0.00398558 0.00283944 0.00201312 0.00142238 0.00100645 0.000718518 0.000518469 0.000373203 0.00255171 
2010 5.62859e-007 9.24725e-006 0.000107423 0.000882347 0.00512337 0.0210085 0.0605846 0.121559 0.166993 0.156035 0.119629 0.0906866 0.0680812 0.0506893 0.0374772 0.0275448 0.0201415 0.0146615 0.010628 0.00766163 0.00549538 0.00392539 0.00279087 0.00197383 0.00138829 0.000972411 0.000681628 0.000481751 0.000343927 0.00244266 
resids (last class is a plus group):
class 1       2       3       4       5       6       7       8       9       10      11      12      13      14      15      16      17      18      19      20      21      22      23      24      25      26      27      28      29      30      
2000 -5.36433e-007 -8.80108e-006 -0.000102066 -0.000836591 0.0251545 0.000184972 -0.0170184 -0.0244638 0.0117041 0.0101063 0.0431028 -0.0102553 -0.00908797 -0.0225009 0.00033189 0.03011 -0.0126017 0.00270126 -0.0134364 -0.010459 0.011934 0.00384551 -0.00463985 -0.00345167 -0.00253079 -0.00182703 -0.00129759 -0.000906065 -0.000621772 -0.00312902 
2001 -5.40155e-007 -8.86475e-006 -0.000102842 -0.000843325 -0.00488701 -0.00999496 -0.0275603 -0.00555435 -0.0296731 0.0788711 0.0523429 -0.0305554 -0.00909368 -0.0123315 0.000608648 0.0104914 -0.0220604 0.00344158 0.00741667 0.0102952 -0.00750008 0.00425919 -0.00434579 0.00675121 -0.00239523 -0.00173949 -0.00124309 -0.00087347 -0.000603112 -0.00311137 
2002 -5.43358e-007 -8.91941e-006 -0.000103507 -0.000849085 -0.00492254 -0.0101499 0.00197021 0.0534957 -0.000872528 0.0279989 -0.0282295 -0.0308407 -0.0190967 -0.0521695 -0.00914438 0.000782365 0.0182807 0.00387946 -0.00201631 0.0209311 0.0130546 -0.0053283 0.00595306 -0.00303828 0.00774868 -0.00164422 -0.00118215 -0.000835878 -0.000580823 0.016919 
2003 -5.46188e-007 -8.9676e-006 -0.00010409 -0.000854123 -0.00495355 -0.000285244 0.00155917 0.00266246 0.0180777 0.0272456 0.0314397 -0.0210145 0.0408855 -0.022026 0.0110813 -0.0289608 -0.021454 0.00416369 -0.0116748 -0.00864422 0.00352065 -0.00492673 -0.00375101 -0.00282587 -0.00210312 -0.00154389 -0.00111639 -0.000794239 -0.000555404 -0.00303813 
2004 -5.48762e-007 -9.01133e-006 -0.000104618 -0.000858655 0.00501873 -0.0204057 0.0111939 -0.0480767 0.017152 0.00659263 0.0311661 -0.0310302 0.000930919 0.0580898 -0.00871964 -0.00872946 -0.0012211 -0.0156128 -0.00144881 -0.0083852 0.0138329 -0.00459032 -0.00346441 -0.00261662 -0.00195436 -0.00144113 -0.00104755 -0.0007496 0.00947256 0.00701693 
2005 -5.51172e-007 -9.05215e-006 -0.000105109 0.00913715 -0.00500677 -0.000515631 -0.00913715 -0.0187425 0.0363269 -0.00397584 0.0209422 -0.00102472 -0.0189212 0.00823978 0.00144869 0.0114747 -0.0110125 -0.00541701 -0.0112698 0.00178846 -0.005975 0.0056356 0.00677519 -0.00241472 -0.00180837 -0.00133839 -0.000977313 -0.000703057 -0.000497604 -0.00291635 
2006 -5.53498e-007 -9.09137e-006 -0.000105579 -0.00086685 0.00496907 0.0493811 -0.00944504 -0.0493547 0.00557995 0.0655256 -0.0892373 0.0290021 -0.00877043 0.0484565 -0.00836505 0.00165046 -0.0108281 -0.0152421 0.00888682 -0.00807328 -0.00584497 0.00577549 -0.00306366 -0.0022462 -0.00166789 -0.00123782 -0.000907281 -0.000655707 -0.000466583 -0.00283876 
2007 -5.5579e-007 -9.12984e-006 -0.000106038 -0.000870735 -0.00505428 -0.000718137 0.0402619 7.01759e-005 -0.0251086 0.0250826 -0.0293786 0.02905 0.00138628 -0.00133253 -0.0281353 -0.00816491 -0.0106676 -0.015087 0.0190267 -0.00795224 0.00425896 -0.00412918 0.00703661 -0.00213271 0.00844925 -0.00114122 -0.000838851 0.00939143 -0.000435078 -0.00275126 
2008 -5.58093e-007 -9.16828e-006 -0.000106494 -0.000874578 -0.00507726 0.00918476 0.00997719 -0.0104824 0.0142429 -0.0153172 0.0105128 -0.0408814 0.0215521 0.0188775 -0.0179139 -0.0179514 0.0294972 0.00504908 -0.000848839 -0.00784402 -0.00564994 -0.00405269 -0.0028947 -0.00206186 -0.00147179 -0.00106073 -0.000773197 -0.000562571 -0.000403753 0.0173449 
2009 -5.60441e-007 -9.20727e-006 -0.000106954 -0.000878433 -0.0051002 -0.0109117 -0.0103039 -0.00102303 0.0636188 -0.0356862 -0.0395685 -0.0107931 -0.00827079 -0.000909129 0.0423041 0.0122538 -0.000318661 0.0151871 0.00926114 -0.00774748 -0.00556838 0.00601442 -0.00283944 -0.00201312 -0.00142238 -0.00100645 -0.000718518 -0.000518469 -0.000373203 -0.00255171 
2010 -5.62859e-007 -9.24725e-006 -0.000107423 -0.000882347 0.0248766 -0.0110085 -0.0205846 -0.00155942 -0.0269925 0.0139648 0.0403712 -0.0206866 -0.0280812 0.0293107 -0.00747719 -0.0175448 -0.000141505 0.0153385 -0.000628009 0.0123384 -0.00549538 0.00607461 -0.00279087 -0.00197383 -0.00138829 -0.000972411 -0.000681628 0.00951825 -0.000343927 -0.00244266 
pearson_resids (last class is a plus group):
class 1       2       3       4       5       6       7       8       9       10      11      12      13      14      15      16      17      18      19      20      21      22      23      24      25      26      27      28      29      30      
2000 -0.00732416 -0.0296668 -0.101033 -0.28936 3.62241 0.0132726 -0.733938 -0.768398 0.320643 0.283114 1.34152 -0.357894 -0.358353 -1.00885 0.0170045 1.76823 -0.847858 0.207181 -1.16702 -1.02808 1.33419 0.491698 -0.68275 -0.588526 -0.503708 -0.427828 -0.360454 -0.301146 -0.249431 -0.560254 
2001 -0.00734953 -0.0297739 -0.101416 -0.290523 -0.700786 -0.714014 -1.1833 -0.173742 -0.810071 2.20203 1.62454 -1.06474 -0.358565 -0.55374 0.0312891 0.61996 -1.50193 0.269695 0.665366 1.05016 -0.869296 0.563755 -0.660663 1.18639 -0.489998 -0.417435 -0.352795 -0.295674 -0.245657 -0.558666 
2002 -0.00737128 -0.0298655 -0.101743 -0.291514 -0.703342 -0.722348 0.0842692 1.66742 -0.0237479 0.779866 -0.874303 -1.07316 -0.752969 -2.34608 -0.47151 0.0464543 1.25412 0.308042 -0.185053 2.20797 1.57192 -0.731905 0.937686 -0.552045 1.63493 -0.405823 -0.344027 -0.289237 -0.241073 3.0528  
2003 -0.00739046 -0.0299461 -0.10203 -0.292379 -0.705564 -0.0202338 0.0664679 0.0827308 0.490734 0.757345 0.972552 -0.730609 1.61189 -0.991806 0.572967 -1.72698 -1.48069 0.333517 -1.08686 -0.933787 0.438801 -0.703642 -0.613607 -0.532342 -0.45908 -0.393228 -0.334311 -0.281935 -0.235736 -0.552031 
2004 -0.00740785 -0.030019 -0.102288 -0.293154 0.712867 -1.44329 0.475807 -1.48983 0.464539 0.182936 0.963126 -1.07874 0.0367123 2.61847 -0.451968 -0.522581 -0.0847276 -1.25938 -0.136186 -0.919571 1.76691 -0.679079 -0.589614 -0.5122 -0.442514 -0.379896 -0.323828 -0.273891 4.12566 1.28666 
2005 -0.0074241 -0.0300869 -0.102528 3.11193 -0.709364 -0.0363746 -0.387362 -0.579392 0.981866 -0.110157 0.64665 -0.0356245 -0.746928 0.371928 0.0752478 0.689301 -0.76782 -0.439677 -1.06763 0.198179 -0.775301 0.854923 1.19501 -0.491992 -0.425635 -0.366085 -0.312773 -0.265245 -0.223126 -0.540822 
2006 -0.00743975 -0.030152 -0.102757 -0.294551 0.702339 3.47497 -0.399442 -1.52233 0.150542 1.81309 -2.75366 1.00839 -0.346571 2.19157 -0.435507 0.0994435 -0.758225 -1.24411 0.847723 -0.902163 -0.766768 0.890471 -0.554353 -0.474474 -0.408739 -0.352045 -0.301348 -0.256152 -0.216056 -0.533558 
2007 -0.00745513 -0.0302158 -0.10298 -0.295211 -0.712738 -0.0504171 1.69881 0.00216006 -0.676275 0.693224 -0.906093 1.0103  0.0548378 -0.060384 -1.46903 -0.493516 -0.749819 -1.23767 1.82638 -0.89532 0.563714 -0.643918 1.29453 -0.462306 2.14726 -0.338013 -0.289751 3.80809 -0.208631 -0.525248 
2008 -0.00747057 -0.0302793 -0.103201 -0.295862 -0.714365 0.643346 0.420041 -0.322015 0.383016 -0.422887 0.324108 -1.42226 0.853505 0.857105 -0.937958 -1.08906 2.08148 0.416054 -0.0819412 -0.889159 -0.753793 -0.637902 -0.538805 -0.454546 -0.383922 -0.325862 -0.278172 -0.237253 -0.200977 3.37061 
2009 -0.00748626 -0.0303436 -0.103424 -0.296514 -0.715985 -0.762581 -0.432846 -0.0313666 1.70824 -0.98429 -1.21953 -0.375653 -0.327933 -0.0413594 2.22115 0.746071 -0.022586 1.25718 0.898525 -0.883627 -0.748302 0.954586 -0.533622 -0.449131 -0.377413 -0.317405 -0.268148 -0.227758 -0.193221 -0.50579 
2010 -0.00750239 -0.0304094 -0.103651 -0.297174 3.48441 -0.767612 -0.862846 -0.0477212 -0.723719 0.384822 1.244   -0.720379 -1.11484 1.33617 -0.393685 -1.072  -0.0100726 1.27614 -0.0612435 1.41504 -0.743354 0.971475 -0.529026 -0.444717 -0.372856 -0.311987 -0.261169 4.33761 -0.185485 -0.494838 
objective function: multinomial likelihood, with delta = 1e-011, N =
100 100 100 100 100 100 100 100 100 100 100 100 100 100 100 100 100 100 100 100 100 100 100 100 100 100 100 100 100 100 
100 100 100 100 100 100 100 100 100 100 100 100 100 100 100 100 100 100 100 100 100 100 100 100 100 100 100 100 100 100 
100 100 100 100 100 100 100 100 100 100 100 100 100 100 100 100 100 100 100 100 100 100 100 100 100 100 100 100 100 100 
100 100 100 100 100 100 100 100 100 100 100 100 100 100 100 100 100 100 100 100 100 100 100 100 100 100 100 100 100 100 
100 100 100 100 100 100 100 100 100 100 100 100 100 100 100 100 100 100 100 100 100 100 100 100 100 100 100 100 100 100 
100 100 100 100 100 100 100 100 100 100 100 100 100 100 100 100 100 100 100 100 100 100 100 100 100 100 100 100 100 100 
100 100 100 100 100 100 100 100 100 100 100 100 100 100 100 100 100 100 100 100 100 100 100 100 100 100 100 100 100 100 
100 100 100 100 100 100 100 100 100 100 100 100 100 100 100 100 100 100 100 100 100 100 100 100 100 100 100 100 100 100 
100 100 100 100 100 100 100 100 100 100 100 100 100 100 100 100 100 100 100 100 100 100 100 100 100 100 100 100 100 100 
100 100 100 100 100 100 100 100 100 100 100 100 100 100 100 100 100 100 100 100 100 100 100 100 100 100 100 100 100 100 
100 100 100 100 100 100 100 100 100 100 100 100 100 100 100 100 100 100 100 100 100 100 100 100 100 100 100 100 100 100 

Tags2005_R1_R1 :
tag-recapture data for tag Tags2005_R1 in years 2006 2007 2008 2009 2010 , step 1, after proportion 0.5 of mortality, with sampling method size, detection probability 1.
Year 2006
class scanned recaptured expected_prop neg_log_likelihood
100 0 0 0 0
150 0 0 1.19583e-012 0
200 0 0 7.11056e-012 0
250 2 0 5.03865e-011 1.00773e-010
300 28 0 6.76568e-010 1.89439e-008
350 320 0 8.43933e-009 2.70059e-006
400 2302 0 7.87e-008 0.000181167
450 11502 0 5.30354e-007 0.00610014
500 39770 0 2.52674e-006 0.100489
550 96806 1 8.64699e-006 1.01491
600 173902 7 2.20653e-005 2.94917
650 243624 10 4.38286e-005 2.10052
700 277690 24 7.0546e-005 2.97427
750 266092 25 9.55419e-005 2.5352
800 224820 31 0.000113312 3.19863
850 178122 17 0.000122569 2.91972
900 136978 15 0.000124995 2.41572
950 101584 13 0.000122568 2.21969
1000 71958 9 0.000116485 2.04899
1050 49292 4 0.000107422 1.80599
1100 33518 5 9.58928e-005 2.16381
1150 23134 1 8.24721e-005 1.2619
1200 16316 0 6.80961e-005 1.11109
1250 11662 0 5.42099e-005 0.632214
1300 8346 0 4.22156e-005 0.352339
1350 5944 0 3.28335e-005 0.195166
1400 4222 0 2.61426e-005 0.110375
1450 2988 0 2.1621e-005 0.0646043
1500 2086 0 1.86188e-005 0.0388391
1550 1406 0 1.66384e-005 0.0233938
1600 896 0 1.52835e-005 0.0136942
1650 530 0 1.437e-005 0.00761616
1700 286 0 1.37703e-005 0.00393833
1750 140 0 1.33852e-005 0.00187393
1800 62 0 1.31415e-005 0.000814776
1850 24 0 1.29883e-005 0.000311721
1900 8 0 1.28897e-005 0.000103118
1950 2 0 1.28159e-005 2.5632e-005
2000 0 0 1.27352e-005 0

total neg_log_likelihood: 32.2717


Year 2007
class scanned recaptured expected_prop neg_log_likelihood
100 0 0 0 0
150 0 0 4.00299e-015 0
200 0 0 4.05277e-013 0
250 2 0 6.05211e-012 1.21043e-011
300 28 0 1.23335e-010 3.45339e-009
350 344 0 1.69165e-009 5.81929e-007
400 2442 0 1.62679e-008 3.97262e-005
450 11568 0 1.24975e-007 0.00144572
500 39724 0 7.21984e-007 0.0286801
550 99366 1 3.04497e-006 1.49802
600 181960 5 9.55683e-006 3.76003
650 252416 7 2.30996e-005 2.01389
700 280488 11 4.45156e-005 2.21762
750 265182 8 7.05206e-005 5.87707
800 224010 18 9.47373e-005 2.62675
850 176300 20 0.000111943 2.42268
900 134278 14 0.000120818 2.40419
950 100438 14 0.000122816 2.35195
1000 72920 9 0.000119812 2.03067
1050 50898 7 0.000112975 2.03066
1100 34514 5 0.000102935 2.0016
1150 23278 5 9.02378e-005 3.17711
1200 15942 1 7.58117e-005 1.01911
1250 11162 1 6.12116e-005 1.06411
1300 7944 0 4.81171e-005 0.382251
1350 5686 0 3.75648e-005 0.213597
1400 4062 0 2.98724e-005 0.121344
1450 2880 0 2.45903e-005 0.0708209
1500 2006 0 2.10348e-005 0.0421962
1550 1350 0 1.86623e-005 0.0251943
1600 862 0 1.70148e-005 0.0146669
1650 512 0 1.58859e-005 0.00813365
1700 278 0 1.51332e-005 0.00420706
1750 138 0 1.46432e-005 0.00202077
1800 62 0 1.43298e-005 0.000888457
1850 24 0 1.41316e-005 0.000339161
1900 8 0 1.40044e-005 0.000112036
1950 2 0 1.3913e-005 2.78263e-005
2000 0 0 1.38198e-005 0

total neg_log_likelihood: 37.4114


Year 2008
class scanned recaptured expected_prop neg_log_likelihood
100 0 0 0 0
150 0 0 0 0
200 0 0 1.16646e-014 0
250 2 0 5.51985e-013 1.10401e-012
300 28 0 2.07621e-011 5.81341e-010
350 344 0 3.80407e-010 1.3086e-007
400 2602 0 3.73043e-009 9.70659e-006
450 12332 0 2.87878e-008 0.000355011
500 40170 0 1.88865e-007 0.00758671
550 97884 0 9.50275e-007 0.0930167
600 182308 2 3.61601e-006 2.18575
650 260086 0 1.05858e-005 2.75322
700 291620 4 2.44722e-005 2.45371
750 271378 13 4.58183e-005 2.22049
800 224512 15 7.11776e-005 2.30919
850 174626 18 9.44392e-005 2.43569
900 131756 17 0.000110817 2.52753
950 97934 15 0.000119048 2.71712
1000 71728 6 0.000120409 2.27983
1050 51120 4 0.000116591 1.99781
1100 35200 2 0.000108658 1.83493
1150 23658 4 9.72405e-005 2.14601
1200 15864 2 8.32546e-005 1.45745
1250 10828 0 6.83235e-005 0.739832
1300 7580 0 5.43711e-005 0.412144
1350 5410 0 4.27607e-005 0.23134
1400 3886 0 3.40942e-005 0.132492
1450 2772 0 2.80415e-005 0.0777322
1500 1934 0 2.39133e-005 0.0462488
1550 1300 0 2.11318e-005 0.0274716
1600 826 0 1.91799e-005 0.0158428
1650 490 0 1.78284e-005 0.00873601
1700 266 0 1.69186e-005 0.0045004
1750 132 0 1.63215e-005 0.00215446
1800 58 0 1.59373e-005 0.000924373
1850 24 0 1.56934e-005 0.000376644
1900 8 0 1.5537e-005 0.000124297
1950 2 0 1.54262e-005 3.08527e-005
2000 0 0 1.53193e-005 0

total neg_log_likelihood: 31.1196


Year 2009
class scanned recaptured expected_prop neg_log_likelihood
100 0 0 0 0
150 0 0 0 0
200 0 0 3.95122e-017 0
250 2 0 3.3695e-014 6.72795e-014
300 28 0 2.7583e-012 7.72338e-011
350 338 0 8.30034e-011 2.80551e-008
400 2596 0 1.01405e-009 2.63246e-006
450 13080 0 7.05826e-009 9.2322e-005
500 43468 0 4.81445e-008 0.00209275
550 101422 0 2.74153e-007 0.0278051
600 180382 0 1.23119e-006 0.222084
650 255904 0 4.31028e-006 1.10302
700 293398 2 1.1893e-005 1.68309
750 278302 7 2.63314e-005 1.91123
800 229716 9 4.77086e-005 2.21344
850 175798 20 7.23483e-005 4.19295
900 130724 11 9.45036e-005 2.20248
950 96182 9 0.000109825 2.1486
1000 70174 10 0.000117167 2.25822
1050 50456 7 0.000117601 1.99427
1100 35360 2 0.000112584 1.9111
1150 24054 2 0.000103087 1.35652
1200 16060 2 9.01055e-005 1.40107
1250 10754 0 7.53115e-005 0.80993
1300 7362 1 6.0831e-005 1.25111
1350 5182 0 4.83475e-005 0.250543
1400 3714 1 3.87825e-005 2.08168
1450 2662 0 3.19759e-005 0.0851211
1500 1866 0 2.72668e-005 0.0508805
1550 1256 0 2.4062e-005 0.0302223
1600 798 0 2.17925e-005 0.0173906
1650 470 0 2.02087e-005 0.0094982
1700 254 0 1.91358e-005 0.00486054
1750 126 0 1.84281e-005 0.00232196
1800 56 0 1.79711e-005 0.00100639
1850 22 0 1.76804e-005 0.000388972
1900 8 0 1.74943e-005 0.000139956
1950 2 0 1.73633e-005 3.4727e-005
2000 0 0 1.72391e-005 0

total neg_log_likelihood: 29.2232


Year 2010
class scanned recaptured expected_prop neg_log_likelihood
100 0 0 0 0
150 0 0 0 0
200 0 0 0 0
250 2 0 1.00405e-015 1.9984e-015
300 30 0 2.62705e-013 7.88036e-012
350 342 0 1.51227e-011 5.17196e-009
400 2546 0 3.09274e-010 7.87412e-007
450 12914 0 1.97305e-009 2.548e-005
500 45438 0 1.28489e-008 0.000583827
550 110634 0 7.70809e-008 0.00852777
600 193100 1 3.91307e-007 2.65837
650 259840 0 1.60071e-006 0.415928
700 288924 2 5.21017e-006 1.38045
750 275666 6 1.35663e-005 2.40487
800 231594 5 2.8661e-005 1.96136
850 178066 12 5.00456e-005 2.65062
900 131090 7 7.38902e-005 2.31646
950 95240 8 9.47963e-005 2.02997
1000 68874 6 0.000108851 1.9892
1050 49434 10 0.000114994 3.41146
1100 34952 3 0.000114072 1.62963
1150 24134 1 0.000107319 1.6384
1200 16262 1 9.60002e-005 1.11571
1250 10830 1 8.18948e-005 1.00687
1300 7284 0 6.73041e-005 0.49026
1350 5028 0 5.42129e-005 0.27259
1400 3564 1 4.38837e-005 2.01169
1450 2550 0 3.63759e-005 0.0927602
1500 1794 0 3.10977e-005 0.0557902
1550 1212 0 2.74642e-005 0.0332871
1600 770 0 2.4866e-005 0.019147
1650 454 0 2.30394e-005 0.01046
1700 246 0 2.17953e-005 0.0053617
1750 120 0 2.09716e-005 0.00251662
1800 54 0 2.04384e-005 0.00110368
1850 22 0 2.0099e-005 0.000442183
1900 8 0 1.98823e-005 0.00015906
1950 2 0 1.97309e-005 3.94621e-005
2000 0 0 1.95879e-005 0

total neg_log_likelihood: 29.614


Tags2006_R1_R1 :
tag-recapture data for tag Tags2006_R1 in years 2007 2008 2009 2010 , step 1, after proportion 0.5 of mortality, with sampling method size, detection probability 1.
Year 2007
class scanned recaptured expected_prop neg_log_likelihood
100 0 0 0 0
150 0 0 2.32627e-012 0
200 0 0 1.06207e-011 0
250 2 0 6.21582e-011 1.24317e-010
300 28 0 8.05857e-010 2.2564e-008
350 344 0 9.99184e-009 3.43719e-006
400 2442 0 8.95891e-008 0.000218776
450 11568 0 5.77407e-007 0.00667945
500 39724 0 2.66402e-006 0.105826
550 99366 0 8.94564e-006 0.888896
600 181960 7 2.26152e-005 2.73764
650 252416 14 4.47914e-005 2.54252
700 280488 33 7.21826e-005 6.03788
750 265182 25 9.80703e-005 2.5514
800 224010 24 0.000116644 2.60062
850 176300 19 0.000126185 2.64484
900 134278 16 0.000128082 2.35316
950 100438 13 0.000124284 2.21833
1000 72920 6 0.000116227 2.23161
1050 50898 6 0.000105003 1.8673
1100 34514 2 9.16072e-005 1.55263
1150 23278 1 7.70221e-005 1.20907
1200 15942 2 6.23517e-005 1.69914
1250 11162 0 4.89118e-005 0.545966
1300 7944 0 3.77844e-005 0.300165
1350 5686 2 2.93754e-005 4.43948
1400 4062 0 2.35475e-005 0.0956509
1450 2880 0 1.97005e-005 0.0567379
1500 2006 1 1.71937e-005 3.40154
1550 1350 0 1.55636e-005 0.0210111
1600 862 0 1.44584e-005 0.0124632
1650 512 0 1.37164e-005 0.00702285
1700 278 0 1.32299e-005 0.00367794
1750 138 0 1.29173e-005 0.0017826
1800 62 0 1.27192e-005 0.000788597
1850 24 0 1.25944e-005 0.000302266
1900 8 0 1.25138e-005 0.000100111
1950 2 0 1.24546e-005 2.49094e-005
2000 0 0 1.23922e-005 0

total neg_log_likelihood: 42.1345


Year 2008
class scanned recaptured expected_prop neg_log_likelihood
100 0 0 0 0
150 0 0 8.04589e-015 0
200 0 0 7.02108e-013 0
250 2 0 7.81042e-012 1.56208e-011
300 28 0 1.42206e-010 3.98178e-009
350 344 0 1.94176e-009 6.67964e-007
400 2602 0 1.86099e-008 4.8423e-005
450 12332 0 1.38706e-007 0.00171053
500 40170 0 7.74663e-007 0.0311182
550 97884 0 3.18727e-006 0.311983
600 182308 1 9.85603e-006 1.21081
650 260086 6 2.36522e-005 1.83057
700 291620 23 4.5496e-005 5.41196
750 271378 19 7.21827e-005 2.40445
800 224512 26 9.72549e-005 2.92533
850 174626 22 0.000115169 2.5542
900 131756 17 0.000124201 2.35258
950 97934 17 0.000125545 3.14377
1000 71728 12 0.000121095 2.7327
1050 51120 5 0.000112296 1.79022
1100 35200 1 0.000100225 2.2673
1150 23658 2 8.59148e-005 1.30707
1200 15864 0 7.06337e-005 1.12057
1250 10828 0 5.5989e-005 0.606266
1300 7580 0 4.34376e-005 0.329264
1350 5410 0 3.37e-005 0.18232
1400 3886 0 2.68238e-005 0.104239
1450 2772 1 2.22268e-005 2.84848
1500 1934 0 1.92012e-005 0.0371356
1550 1300 0 1.72189e-005 0.0223847
1600 826 0 1.58616e-005 0.0131018
1650 490 0 1.49401e-005 0.00732068
1700 266 0 1.43289e-005 0.0038115
1750 132 0 1.3932e-005 0.00183903
1800 58 0 1.36783e-005 0.000793345
1850 24 0 1.35175e-005 0.000324421
1900 8 0 1.34137e-005 0.000107311
1950 2 0 1.3339e-005 2.66781e-005
2000 0 0 1.32652e-005 0

total neg_log_likelihood: 35.5538


Year 2009
class scanned recaptured expected_prop neg_log_likelihood
100 0 0 0 0
150 0 0 0 0
200 0 0 2.26848e-014 0
250 2 0 8.05429e-013 1.61093e-012
300 28 0 2.43579e-011 6.82023e-010
350 338 0 4.23672e-010 1.43201e-007
400 2596 0 4.18465e-009 1.08634e-005
450 13080 0 3.21614e-008 0.000420671
500 43468 0 2.05661e-007 0.00893968
550 101422 0 1.00778e-006 0.102212
600 180382 1 3.76162e-006 1.06635
650 255904 1 1.08872e-005 1.76145
700 293398 7 2.50385e-005 1.91207
750 278302 15 4.68369e-005 2.41971
800 229716 17 7.28858e-005 2.34237
850 175798 22 9.69537e-005 3.12755
900 130724 19 0.000113928 2.9159
950 96182 3 0.00012217 6.15102
1000 70174 11 0.000122746 2.42911
1050 50456 5 0.000117415 1.81644
1100 35360 0 0.000107566 3.80374
1150 24054 2 9.43069e-005 1.32336
1200 16060 3 7.90056e-005 2.3463
1250 10754 0 6.35177e-005 0.683091
1300 7362 2 4.96934e-005 3.07014
1350 5182 0 3.86365e-005 0.200218
1400 3714 0 3.06566e-005 0.11386
1450 2662 0 2.52432e-005 0.0671982
1500 1866 0 2.1643e-005 0.0403863
1550 1256 0 1.92682e-005 0.0242011
1600 798 0 1.76318e-005 0.0140703
1650 470 0 1.65141e-005 0.0077617
1700 254 0 1.57687e-005 0.00400527
1750 126 0 1.52822e-005 0.00192558
1800 56 0 1.49701e-005 0.00083833
1850 22 0 1.47717e-005 0.00032498
1900 8 0 1.46438e-005 0.000117151
1950 2 0 1.45519e-005 2.91041e-005
2000 0 0 1.44633e-005 0

total neg_log_likelihood: 37.7551


Year 2010
class scanned recaptured expected_prop neg_log_likelihood
100 0 0 0 0
150 0 0 0 0
200 0 0 7.94235e-017 0
250 2 0 5.80718e-014 1.16129e-013
300 30 0 3.47821e-012 1.04347e-010
350 342 0 9.22261e-011 3.15413e-008
400 2546 0 1.10383e-009 2.81035e-006
450 12914 0 7.80653e-009 0.000100814
500 45438 0 5.27367e-008 0.00239625
550 110634 0 2.93916e-007 0.0325171
600 193100 0 1.29281e-006 0.249642
650 259840 1 4.46009e-006 1.01143
700 288924 2 1.22044e-005 1.69888
750 275666 6 2.69282e-005 1.97478
800 231594 13 4.87854e-005 2.32995
850 178066 14 7.4114e-005 2.26832
900 131090 13 9.70108e-005 2.2109
950 95240 12 0.000112799 2.23911
1000 68874 5 0.000119994 2.49216
1050 49434 3 0.000119512 2.37088
1100 34952 6 0.000112941 2.28823
1150 24134 2 0.000101626 1.35142
1200 16262 3 8.70459e-005 2.16475
1250 10830 2 7.12424e-005 1.98337
1300 7284 2 5.64367e-005 2.88218
1350 5028 0 4.41615e-005 0.222049
1400 3564 0 3.50693e-005 0.124989
1450 2550 0 2.87901e-005 0.0734158
1500 1794 0 2.45615e-005 0.0440639
1550 1212 0 2.17494e-005 0.0263605
1600 770 0 1.97995e-005 0.0152458
1650 454 1 1.84617e-005 4.79008
1700 246 0 1.75665e-005 0.0043214
1750 120 0 1.6981e-005 0.00203773
1800 54 0 1.66046e-005 0.000896655
1850 22 0 1.63652e-005 0.000360038
1900 8 0 1.6211e-005 0.000129689
1950 2 0 1.61005e-005 3.22013e-005
2000 0 0 1.5994e-005 0

total neg_log_likelihood: 34.855


Tags2007_R1_R1 :
tag-recapture data for tag Tags2007_R1 in years 2008 2009 2010 , step 1, after proportion 0.5 of mortality, with sampling method size, detection probability 1.
Year 2008
class scanned recaptured expected_prop neg_log_likelihood
100 0 0 0 0
150 0 0 1.29349e-012 0
200 0 0 8.56725e-012 0
250 2 0 5.64684e-011 1.12937e-010
300 28 0 7.43495e-010 2.08179e-008
350 344 0 9.32118e-009 3.20649e-006
400 2602 0 8.60718e-008 0.000223959
450 12332 0 5.68696e-007 0.00701316
500 40170 0 2.66153e-006 0.106914
550 97884 0 8.99735e-006 0.8807
600 182308 5 2.27928e-005 1.82086
650 260086 9 4.5107e-005 2.37287
700 291620 20 7.25067e-005 2.45248
750 271378 23 9.81892e-005 2.75201
800 224512 32 0.000116489 3.2641
850 174626 34 0.00012605 5.47934
900 131756 14 0.000128625 2.51694
950 97934 13 0.000126276 2.2237
1000 71728 11 0.000120219 2.42649
1050 51120 6 0.000111075 1.83759
1100 35200 1 9.93094e-005 2.24423
1150 23658 4 8.54799e-005 2.38343
1200 15864 0 7.05323e-005 1.11896
1250 10828 1 5.59717e-005 1.1068
1300 7580 0 4.33314e-005 0.328459
1350 5410 0 3.34661e-005 0.181055
1400 3886 0 2.65053e-005 0.103001
1450 2772 0 2.18821e-005 0.0606578
1500 1934 0 1.88753e-005 0.0365051
1550 1300 0 1.69336e-005 0.0220138
1600 826 0 1.56306e-005 0.012911
1650 490 0 1.47652e-005 0.007235
1700 266 0 1.42029e-005 0.00377799
1750 132 0 1.3844e-005 0.00182743
1800 58 0 1.36176e-005 0.000789827
1850 24 0 1.3475e-005 0.000323401
1900 8 0 1.33821e-005 0.000107058
1950 2 0 1.33126e-005 2.66253e-005
2000 0 0 1.32396e-005 0

total neg_log_likelihood: 35.7534


Year 2009
class scanned recaptured expected_prop neg_log_likelihood
100 0 0 0 0
150 0 0 4.08687e-015 0
200 0 0 4.8686e-013 0
250 2 0 6.9946e-012 1.39893e-011
300 28 0 1.34583e-010 3.76833e-009
350 338 0 1.83686e-009 6.2086e-007
400 2596 0 1.77317e-008 4.60314e-005
450 13080 0 1.34912e-007 0.00176464
500 43468 0 7.66731e-007 0.0333283
550 101422 0 3.18744e-006 0.323277
600 180382 1 9.90537e-006 1.20635
650 255904 8 2.38051e-005 2.24084
700 293398 12 4.57543e-005 2.24669
750 278302 21 7.24336e-005 2.46246
800 229716 27 9.73338e-005 3.02132
850 175798 13 0.00011507 3.68878
900 130724 19 0.000124261 2.6171
950 96182 17 0.000126416 3.19694
1000 70174 5 0.000123489 2.65639
1050 50456 4 0.000116658 1.97378
1100 35360 7 0.000106513 3.00886
1150 24054 2 9.35452e-005 1.32126
1200 16060 3 7.86533e-005 2.35405
1250 10754 0 6.34193e-005 0.682033
1300 7362 1 4.96383e-005 1.37206
1350 5182 0 3.84998e-005 0.19951
1400 3714 0 3.04161e-005 0.112967
1450 2662 0 2.49277e-005 0.0663583
1500 1866 0 2.12922e-005 0.0397317
1550 1256 0 1.89106e-005 0.0237519
1600 798 0 1.72886e-005 0.0137964
1650 470 0 1.61959e-005 0.00761211
1700 254 0 1.54767e-005 0.00393112
1750 126 0 1.50128e-005 0.00189162
1800 56 0 1.47176e-005 0.000824194
1850 22 0 1.45309e-005 0.000319683
1900 8 0 1.44099e-005 0.00011528
1950 2 0 1.43206e-005 2.86413e-005
2000 0 0 1.42304e-005 0

total neg_log_likelihood: 34.8782


Year 2010
class scanned recaptured expected_prop neg_log_likelihood
100 0 0 0 0
150 0 0 0 0
200 0 0 1.26278e-014 0
250 2 0 6.67317e-013 1.33471e-012
300 30 0 2.29872e-011 6.89618e-010
350 342 0 4.08001e-010 1.39536e-007
400 2546 0 4.00991e-009 1.02092e-005
450 12914 0 3.10279e-008 0.000400695
500 45438 0 2.01526e-007 0.00915694
550 110634 0 1.0002e-006 0.110657
600 193100 1 3.76245e-006 1.046
650 259840 1 1.09312e-005 1.79643
700 288924 10 2.5168e-005 2.53623
750 275666 16 4.70469e-005 2.63981
800 231594 18 7.30787e-005 2.40218
850 178066 14 9.7013e-005 2.57651
900 131090 14 0.000113912 2.27413
950 95240 5 0.00012246 4.16862
1000 68874 5 0.000123981 2.60337
1050 49434 5 0.000120235 1.81949
1100 34952 1 0.000112292 2.55762
1150 24134 5 0.000100738 2.77678
1200 16262 2 8.64246e-005 1.41784
1250 10830 1 7.09534e-005 1.03179
1300 7284 0 5.63279e-005 0.410304
1350 5028 0 4.40657e-005 0.221567
1400 3564 0 3.48995e-005 0.124384
1450 2550 1 2.85311e-005 2.69339
1500 1794 0 2.42331e-005 0.0434747
1550 1212 0 2.13767e-005 0.0259089
1600 770 0 1.94057e-005 0.0149426
1650 454 0 1.80632e-005 0.00820074
1700 246 0 1.71718e-005 0.0042243
1750 120 0 1.65929e-005 0.00199117
1800 54 0 1.6223e-005 0.000876049
1850 22 0 1.59886e-005 0.000351752
1900 8 0 1.58371e-005 0.000126698
1950 2 0 1.57267e-005 3.14536e-005
2000 0 0 1.56164e-005 0

total neg_log_likelihood: 35.3168


Tags2008_R1_R1 :
tag-recapture data for tag Tags2008_R1 in years 2009 2010 , step 1, after proportion 0.5 of mortality, with sampling method size, detection probability 1.
Year 2009
class scanned recaptured expected_prop neg_log_likelihood
100 0 0 0 0
150 0 0 1.33075e-012 0
200 0 0 9.30187e-012 0
250 2 0 6.05712e-011 1.21142e-010
300 28 0 7.95222e-010 2.22662e-008
350 338 0 9.99323e-009 3.37771e-006
400 2596 0 9.21446e-008 0.000239207
450 13080 0 6.06343e-007 0.00793097
500 43468 0 2.82749e-006 0.122905
550 101422 0 9.54178e-006 0.967751
600 180382 9 2.41512e-005 3.91339
650 255904 12 4.77165e-005 2.17014
700 293398 19 7.63794e-005 2.66917
750 278302 35 0.000102562 3.37971
800 229716 29 0.000119999 2.64209
850 175798 15 0.000127373 3.66083
900 130724 18 0.000127034 2.42559
950 96182 11 0.000121789 2.14762
1000 70174 6 0.000113431 2.09264
1050 50456 4 0.000102903 1.78156
1100 35360 1 9.07585e-005 2.04325
1150 24054 0 7.74649e-005 1.86341
1200 16060 3 6.36956e-005 2.74666
1250 10754 0 5.05649e-005 0.543788
1300 7362 0 3.92483e-005 0.288952
1350 5182 1 3.04157e-005 2.00519
1400 3714 0 2.41704e-005 0.08977
1450 2662 0 2.00149e-005 0.0532803
1500 1866 0 1.73107e-005 0.0323021
1550 1256 0 1.55657e-005 0.0195507
1600 798 0 1.43966e-005 0.0114886
1650 470 0 1.36217e-005 0.00640224
1700 254 0 1.31192e-005 0.00333231
1750 126 0 1.27991e-005 0.0016127
1800 56 0 1.25974e-005 0.000705458
1850 22 0 1.24704e-005 0.00027435
1900 8 0 1.23876e-005 9.91017e-005
1950 2 0 1.23252e-005 2.46505e-005
2000 0 0 1.22594e-005 0

total neg_log_likelihood: 37.6917


Year 2010
class scanned recaptured expected_prop neg_log_likelihood
100 0 0 0 0
150 0 0 4.12592e-015 0
200 0 0 5.20283e-013 0
250 2 0 7.57563e-012 1.51512e-011
300 30 0 1.43598e-010 4.30795e-009
350 342 0 1.96262e-009 6.71216e-007
400 2546 0 1.89532e-008 4.82547e-005
450 12914 0 1.43976e-007 0.0018593
500 45438 0 8.15395e-007 0.03705
550 110634 0 3.38048e-006 0.373997
600 193100 2 1.04904e-005 1.30701
650 259840 9 2.51852e-005 2.43884
700 288924 12 4.83063e-005 2.3124
750 275666 18 7.61111e-005 2.59135
800 231594 19 0.000101358 2.85191
850 178066 13 0.00011813 3.98686
900 131090 20 0.000125123 2.78945
950 95240 15 0.000124439 2.66392
1000 68874 8 0.000118761 1.971
1050 49434 3 0.000109832 2.14571
1100 34952 6 9.85482e-005 2.60312
1150 24134 1 8.54773e-005 1.33879
1200 16262 0 7.13485e-005 1.16031
1250 10830 0 5.73752e-005 0.621391
1300 7284 0 4.4934e-005 0.327307
1350 5028 0 3.49328e-005 0.175645
1400 3564 0 2.7679e-005 0.0986494
1450 2550 0 2.27497e-005 0.0580125
1500 1794 0 1.94819e-005 0.0349508
1550 1212 0 1.73404e-005 0.0210167
1600 770 0 1.58825e-005 0.0122296
1650 454 0 1.49013e-005 0.00676525
1700 246 0 1.42565e-005 0.00350713
1750 120 0 1.38411e-005 0.00166095
1800 54 0 1.35772e-005 0.000733172
1850 22 0 1.34103e-005 0.00029503
1900 8 0 1.33022e-005 0.000106419
1950 2 0 1.32222e-005 2.64446e-005
2000 0 0 1.31405e-005 0

total neg_log_likelihood: 31.9359


Tags2009_R1_R1 :
tag-recapture data for tag Tags2009_R1 in years 2010 , step 1, after proportion 0.5 of mortality, with sampling method size, detection probability 1.
Year 2010
class scanned recaptured expected_prop neg_log_likelihood
100 0 0 0 0
150 0 0 1.34193e-012 0
200 0 0 9.47308e-012 0
250 2 0 6.18824e-011 1.23765e-010
300 30 0 8.03453e-010 2.41036e-008
350 342 0 1.0108e-008 3.45694e-006
400 2546 0 9.33134e-008 0.000237576
450 12914 0 6.11833e-007 0.00790121
500 45438 1 2.83327e-006 2.17871
550 110634 2 9.48998e-006 1.64564
600 193100 4 2.38864e-005 1.67546
650 259840 13 4.70818e-005 2.23131
700 288924 15 7.54773e-005 3.47293
750 275666 23 0.000101937 2.98411
800 231594 26 0.000120484 2.61759
850 178066 22 0.000129706 2.49462
900 131090 18 0.00013156 2.38492
950 95240 18 0.000128393 3.55635
1000 68874 11 0.00012161 2.49927
1050 49434 5 0.000111902 1.76667
1100 34952 4 9.97028e-005 1.66916
1150 24134 1 8.54827e-005 1.33886
1200 16262 0 7.00729e-005 1.13957
1250 10830 0 5.49122e-005 0.594716
1300 7284 0 4.1583e-005 0.302897
1350 5028 0 3.10741e-005 0.156243
1400 3564 0 2.36308e-005 0.0842211
1450 2550 0 1.8706e-005 0.0477007
1500 1794 0 1.55376e-005 0.0278747
1550 1212 0 1.35237e-005 0.0163908
1600 770 0 1.22005e-005 0.00939448
1650 454 0 1.1341e-005 0.00514884
1700 246 0 1.07936e-005 0.00265523
1750 120 0 1.04498e-005 0.00125398
1800 54 0 1.02353e-005 0.000552706
1850 22 0 1.01005e-005 0.000222212
1900 8 0 1.00116e-005 8.00932e-005
1950 2 0 9.9419e-006 1.98839e-005
2000 0 0 9.86597e-006 0

total neg_log_likelihood: 34.9127


Output quantities start here

* Scalar parameter values
initialization.B0 234595

* Nuisance q's

* B0
234595

* R0
1.70214e+007

* SSBs
SSB 234595 231790 225026 217596 209594 201176 192532 183854 175316 167060 159188 151748 144752 138193 132056 126320 120964 115966 111304 106953 102894 
year 1990 1991 1992 1993 1994 1995 1996 1997 1998 1999 2000 2001 2002 2003 2004 2005 2006 2007 2008 2009 2010 

* recruitments
recruitment 1.70214e+007 1.70214e+007 1.69994e+007 1.69442e+007 1.68801e+007 1.68066e+007 1.67237e+007 1.66321e+007 1.65325e+007 1.64263e+007 1.63148e+007 1.61992e+007 1.60808e+007 1.596e+007 1.58377e+007 1.57141e+007 1.55897e+007 1.54649e+007 1.53401e+007 1.52156e+007 1.50917e+007 
year 1990 1991 1992 1993 1994 1995 1996 1997 1998 1999 2000 2001 2002 2003 2004 2005 2006 2007 2008 2009 2010 

* YCS
YCS 1 1 1 1 1 1 1 1 1 1 1 1 1 1 1 1 1 1 1 1 1 
year 1989 1990 1991 1992 1993 1994 1995 1996 1997 1998 1999 2000 2001 2002 2003 2004 2005 2006 2007 2008 2009 

* true_YCS
true_YCS 1 1 0.998705 0.995464 0.991699 0.987381 0.982513 0.977127 0.971279 0.965038 0.958485 0.951698 0.944738 0.937646 0.930456 0.923195 0.915887 0.908555 0.901223 0.893908 0.886629 
year 1989 1990 1991 1992 1993 1994 1995 1996 1997 1998 1999 2000 2001 2002 2003 2004 2005 2006 2007 2008 2009 

* fishing_pressures
LL1 0 0.0631495 0.0662093 0.0693894 0.0726099 0.075805 0.0789211 0.0819153 0.0847573 0.0874312 0.0899375 0.0922875 0.094497 0.0965843 0.0985707 0.100478 0.102329 0.104142 0.105936 0.107727 0.109528 
LL2 0 0.0631495 0.0662093 0.0693894 0.0726099 0.075805 0.0789211 0.0819153 0.0847573 0.0874312 0.0899375 0.0922875 0.094497 0.0965843 0.0985707 0.100478 0.102329 0.104142 0.105936 0.107727 0.109528 
year 1990 1991 1992 1993 1994 1995 1996 1997 1998 1999 2000 2001 2002 2003 2004 2005 2006 2007 2008 2009 2010 

* Numbers_at_age_R1
1990  1.57994e+007 1.35308e+007 1.1588e+007 9.92415e+006 8.49919e+006 7.27884e+006 6.23371e+006 5.33864e+006 4.57209e+006 3.91561e+006 3.35339e+006 2.87189e+006 2.45953e+006 2.10638e+006 1.80394e+006 1.54492e+006 1.32309e+006 1.13312e+006 970418 831080 711750 609553 522031 447075 382882 327906 280824 240502 205969 1.22851e+006 
1991  1.57994e+007 1.35308e+007 1.15879e+007 9.92359e+006 8.49594e+006 7.26558e+006 6.19553e+006 5.26088e+006 4.46009e+006 3.80154e+006 3.25637e+006 2.79051e+006 2.39221e+006 2.05146e+006 1.75974e+006 1.50985e+006 1.29565e+006 1.11193e+006 954292 818975 702787 603008 517317 443727 380537 326286 279720 239760 205478 1.22627e+006 
1992  1.57789e+007 1.35308e+007 1.15879e+007 9.92343e+006 8.49473e+006 7.25891e+006 6.16923e+006 5.18732e+006 4.31401e+006 3.59443e+006 3.04633e+006 2.61182e+006 2.24222e+006 1.92724e+006 1.65826e+006 1.42807e+006 1.23063e+006 1.06096e+006 914871 788910 680176 586239 505054 434884 374249 321877 276672 237682 204081 1.22111e+006 
1993  1.57277e+007 1.35133e+007 1.15879e+007 9.92339e+006 8.49441e+006 7.25706e+006 6.16102e+006 5.15963e+006 4.24463e+006 3.46623e+006 2.87082e+006 2.43536e+006 2.09196e+006 1.8009e+006 1.55338e+006 1.34212e+006 1.16112e+006 1.00548e+006 871204 755007 654220 566647 490475 424190 366517 316367 272801 235002 202252 1.21527e+006 
1994  1.56682e+007 1.34695e+007 1.15729e+007 9.92335e+006 8.49418e+006 7.25594e+006 6.15685e+006 5.14698e+006 4.21276e+006 3.39991e+006 2.75897e+006 2.28732e+006 1.94424e+006 1.67495e+006 1.44725e+006 1.25377e+006 1.08848e+006 946525 823975 717685 625134 544300 473552 411561 357230 309638 267998 231624 199910 1.20848e+006 
1995  1.56e+007 1.34185e+007 1.15354e+007 9.91046e+006 8.49395e+006 7.25491e+006 6.15331e+006 5.13772e+006 4.19323e+006 3.36387e+006 2.69687e+006 2.19074e+006 1.82003e+006 1.55176e+006 1.34203e+006 1.16487e+006 1.01425e+006 885274 774071 677557 593305 519407 454364 396989 346328 301605 262168 227456 196976 1.20046e+006 
1996  1.55231e+007 1.33601e+007 1.14917e+007 9.87827e+006 8.48273e+006 7.2539e+006 6.14989e+006 5.12911e+006 4.17668e+006 3.33798e+006 2.65921e+006 2.13426e+006 1.73751e+006 1.4481e+006 1.23966e+006 1.07722e+006 939970 823027 722517 635390 559269 492313 433103 380551 333812 292220 255240 222421 193373 1.19087e+006 
1997  1.5438e+007 1.32942e+007 1.14417e+007 9.84087e+006 8.455e+006 7.24353e+006 6.14659e+006 5.1208e+006 4.16098e+006 3.31487e+006 2.63002e+006 2.09759e+006 1.68734e+006 1.37824e+006 1.15353e+006 992406 867120 761073 670395 592050 523680 463477 410068 362419 319754 281491 247180 216462 189038 1.1794e+006 
1998  1.53456e+007 1.32213e+007 1.13853e+007 9.79799e+006 8.42282e+006 7.2191e+006 6.13547e+006 5.11286e+006 4.14596e+006 3.29297e+006 2.60354e+006 2.06808e+006 1.65331e+006 1.33455e+006 1.09487e+006 921101 796980 700606 618765 548432 487261 433453 385652 342848 304304 269483 237996 209551 183921 1.16572e+006 
1999  1.5247e+007 1.31422e+007 1.13229e+007 9.74965e+006 8.38595e+006 7.19093e+006 6.11259e+006 5.09872e+006 4.13172e+006 3.27218e+006 2.57855e+006 2.04118e+006 1.62535e+006 1.30403e+006 1.05741e+006 872145 738077 642646 568589 505403 450752 402841 360317 322172 287680 256323 227745 201696 178002 1.1495e+006 
2000  1.51435e+007 1.30578e+007 1.12551e+007 9.69619e+006 8.34443e+006 7.1588e+006 6.08669e+006 5.07513e+006 4.11299e+006 3.25262e+006 2.55502e+006 2.01594e+006 1.59985e+006 1.27864e+006 1.03069e+006 840384 697390 594028 520676 463735 414856 372251 334562 300777 270161 242197 216535 192947 171287 1.13046e+006 
2001  1.50363e+007 1.29691e+007 1.11828e+007 9.63813e+006 8.29853e+006 7.12274e+006 6.05759e+006 5.04935e+006 4.08714e+006 3.2301e+006 2.53297e+006 1.99229e+006 1.57604e+006 1.25551e+006 1.0083e+006 817395 670675 560288 480526 424070 380197 342256 308890 279078 252072 227340 204524 183395 163818 1.10835e+006 
2002  1.49263e+007 1.28773e+007 1.11068e+007 9.57618e+006 8.24871e+006 7.08299e+006 6.02529e+006 5.02121e+006 4.06002e+006 3.20256e+006 2.50913e+006 1.97021e+006 1.5538e+006 1.23397e+006 987906 798024 651126 537928 452562 390861 347286 313361 283771 257490 233757 212022 191908 173173 155674 1.08302e+006 
2003  1.48142e+007 1.27831e+007 1.10282e+007 9.51113e+006 8.19557e+006 7.03994e+006 5.98999e+006 4.9907e+006 4.03143e+006 3.17452e+006 2.48184e+006 1.94711e+006 1.5331e+006 1.21392e+006 968972 780397 634588 521428 433894 367663 319750 285976 259615 236400 215562 196535 178918 162448 146967 1.05437e+006 
2004  1.47006e+007 1.26871e+007 1.09475e+007 9.44376e+006 8.13978e+006 6.99407e+006 5.952e+006 4.95793e+006 4.00131e+006 3.14578e+006 2.45458e+006 1.92165e+006 1.51185e+006 1.19527e+006 951373 764058 619545 507426 420026 352087 300470 263075 236755 216147 197809 181165 165796 151414 137838 1.02245e+006 
2005  1.45859e+007 1.25898e+007 1.08653e+007 9.37466e+006 8.08201e+006 6.94598e+006 5.91171e+006 4.92311e+006 3.96967e+006 3.11621e+006 2.4271e+006 1.89649e+006 1.489e+006 1.17637e+006 935009 748880 605611 494688 408227 340453 287462 247008 217644 197001 180776 166180 152783 140275 128451 987389 
2006  1.44705e+007 1.24916e+007 1.0782e+007 9.30428e+006 8.02278e+006 6.89622e+006 5.86962e+006 4.88656e+006 3.93665e+006 3.08575e+006 2.39925e+006 1.87139e+006 1.46655e+006 1.15637e+006 918560 734763 592669 482892 397489 330532 277704 236126 204215 180998 164687 151815 140104 129235 118980 949453 
2007  1.43546e+007 1.23927e+007 1.06979e+007 9.23291e+006 7.96244e+006 6.84523e+006 5.82617e+006 4.84864e+006 3.90246e+006 3.05448e+006 2.37097e+006 1.84621e+006 1.44432e+006 1.13681e+006 901353 720659 580629 471937 387547 321500 269367 227934 195091 169737 151242 138254 127956 118484 109596 909012 
2008  1.42388e+007 1.22935e+007 1.06132e+007 9.16084e+006 7.90126e+006 6.7933e+006 5.78172e+006 4.80968e+006 3.86733e+006 3.02249e+006 2.34223e+006 1.82083e+006 1.42215e+006 1.11752e+006 884578 706023 568647 461737 378308 313134 261772 220922 188201 162067 141771 126922 116493 108186 100462 866525 
2009  1.41232e+007 1.21943e+007 1.05282e+007 9.0883e+006 7.83949e+006 6.74068e+006 5.7365e+006 4.76996e+006 3.83147e+006 2.98989e+006 2.31307e+006 1.79522e+006 1.39992e+006 1.09835e+006 868071 691776 556284 451612 369698 305356 254734 214531 182296 156261 135306 118932 106915 98472.6 91714.4 822519 
2010  1.40082e+007 1.20953e+007 1.04433e+007 9.01554e+006 7.77731e+006 6.68755e+006 5.69072e+006 4.72967e+006 3.7951e+006 2.95685e+006 2.28356e+006 1.76939e+006 1.3776e+006 1.07921e+006 851711 677782 544262 441212 361168 298100 248186 208606 176909 151278 130402 113468 100156 90355.8 83465.7 777562 

Output quantities finish here

Unused parameters:
annual_cycle.fishery_areas annual_cycle.migrate_from annual_cycle.migrate_to annual_cycle.migration_names annual_cycle.migration_times annual_cycle.n_migrations annual_cycle.recruitment_areas annual_cycle.spawning_all_areas area_names recruitment.p_male recruitment.year_range tag[Tags2005_R1_LL1].area tag[Tags2005_R1_LL1].sex tag[Tags2006_R1_LL1].area tag[Tags2006_R1_LL1].sex tag[Tags2007_R1_LL1].area tag[Tags2007_R1_LL1].sex tag[Tags2008_R1_LL1].area tag[Tags2008_R1_LL1].sex tag[Tags2009_R1_LL1].area tag[Tags2009_R1_LL1].sex MCMC.adapt_at MCMC.adaptive_stepsize MCMC.burn_in MCMC.keep MCMC.length MCMC.start MCMC.stepsize profile[1].l profile[1].n profile[1].parameter profile[1].u tag_recapture[Tags2005_R1_R1].area tag_recapture[Tags2006_R1_R1].area tag_recapture[Tags2007_R1_R1].area tag_recapture[Tags2008_R1_R1].area tag_recapture[Tags2009_R1_R1].area n_projections numbers_at[Numbers_at_age_R1].area print.final_state print.initial_state print.requests print.results print.state_annually print.state_every_step print.yields 
