CASAL (C++ algorithmic stock assessment laboratory)
Call: C:/Users/bstacy/Documents/GitHub/lasac/projects/simulations/sim/inc0.5/casal -e -q -f EM 
Date: Mon Oct 14 13:38:11 2019
v2.30-2012-03-21 00:22:59 UTC (rev.4648)  (c) Copyright 2002-2012, NIWA
User name: bstacy
Machine name: DOM-IMA-HVZRNF2 (Microsoft Windows, PID=14908)

Prefix for the input parameter filenames : EM

Random number seed : 20691

Estimation parameters:
Stored as strings: 
  MCMC.adapt_at                 	1e+05 2e+05 3e+05 4e+05
  MCMC.adaptive_stepsize        	True
  MCMC.burn_in                  	500
  MCMC.keep                     	1000
  MCMC.length                   	1500000
  MCMC.start                    	0
  MCMC.stepsize                 	0.01
  ageing_error.c                	0
  ageing_error.type             	normal
  catch_at[LL1_catchA].2000     	0 0 0 0 0 0.02 0.07 0.18 0.12 0.1 0.1 0.08 0.05 0.07 0.05 0.02 0.04 0.02 0.02 0.01 0 0 0.02 0.01 0.02 0 0 0 0 0
  catch_at[LL1_catchA].2001     	0 0 0 0 0.01 0.01 0.06 0.08 0.14 0.13 0.18 0.11 0.07 0.06 0.03 0.06 0.01 0 0.02 0.02 0 0 0 0 0.01 0 0 0 0 0
  catch_at[LL1_catchA].2002     	0 0 0 0 0.01 0.03 0.04 0.12 0.13 0.14 0.1 0.11 0.02 0.08 0.04 0.05 0.03 0.01 0.02 0.02 0 0 0 0.02 0.02 0 0 0 0 0.01
  catch_at[LL1_catchA].2003     	0 0 0 0 0.01 0 0.05 0.12 0.14 0.19 0.1 0.07 0.12 0.01 0.02 0.07 0.01 0.03 0.01 0.03 0.01 0 0 0 0.01 0 0 0 0 0
  catch_at[LL1_catchA].2004     	0 0 0 0 0.01 0.02 0.04 0.07 0.26 0.16 0.11 0.06 0.03 0.05 0.05 0.01 0.03 0.02 0.02 0.01 0.01 0 0.01 0 0.01 0 0 0.01 0 0.01
  catch_at[LL1_catchA].2005     	0 0 0 0 0 0.03 0.01 0.14 0.2 0.1 0.11 0.08 0.11 0.03 0.02 0.04 0.04 0 0.03 0.01 0.01 0.01 0 0.01 0 0 0.01 0 0 0.01
  catch_at[LL1_catchA].2006     	0 0 0 0 0 0.03 0.07 0.14 0.23 0.15 0.08 0.12 0.04 0.04 0.04 0.02 0.01 0 0 0.01 0 0 0.01 0 0 0 0.01 0 0 0
  catch_at[LL1_catchA].2007     	0 0 0 0 0 0.01 0.09 0.14 0.16 0.1 0.12 0.13 0.05 0.07 0.04 0.01 0.03 0.01 0.01 0.01 0.01 0 0 0 0.01 0 0 0 0 0
  catch_at[LL1_catchA].2008     	0 0 0 0 0 0.01 0.06 0.09 0.15 0.16 0.11 0.12 0.04 0.05 0.03 0.06 0.01 0.02 0.04 0.01 0 0 0.02 0 0 0 0 0.01 0 0.01
  catch_at[LL1_catchA].2009     	0 0 0 0 0 0 0.04 0.13 0.2 0.17 0.09 0.11 0.04 0.07 0.02 0.02 0.05 0.01 0.01 0.01 0 0.01 0 0 0.01 0 0 0 0 0.01
  catch_at[LL1_catchA].2010     	0 0 0 0 0 0.02 0.07 0.14 0.14 0.16 0.12 0.1 0.07 0.06 0.02 0.03 0.01 0.02 0.01 0.01 0 0.02 0 0 0 0 0 0 0 0
  catch_at[LL1_catchA].N_2000   	100
  catch_at[LL1_catchA].N_2001   	100
  catch_at[LL1_catchA].N_2002   	100
  catch_at[LL1_catchA].N_2003   	100
  catch_at[LL1_catchA].N_2004   	100
  catch_at[LL1_catchA].N_2005   	100
  catch_at[LL1_catchA].N_2006   	100
  catch_at[LL1_catchA].N_2007   	100
  catch_at[LL1_catchA].N_2008   	100
  catch_at[LL1_catchA].N_2009   	100
  catch_at[LL1_catchA].N_2010   	100
  catch_at[LL1_catchA].at_size  	False
  catch_at[LL1_catchA].dist     	multinomial
  catch_at[LL1_catchA].fishery  	LL1
  catch_at[LL1_catchA].max_class	30
  catch_at[LL1_catchA].min_class	1
  catch_at[LL1_catchA].plus_group	True
  catch_at[LL1_catchA].r        	1e-11
  catch_at[LL1_catchA].sexed    	False
  catch_at[LL1_catchA].sum_to_one	True
  catch_at[LL1_catchA].years    	2000 2001 2002 2003 2004 2005 2006 2007 2008 2009 2010
  catch_limit_penalty[1].fishery	LL1
  catch_limit_penalty[1].label  	LL1_Penalty
  catch_limit_penalty[1].log_scale	True
  catch_limit_penalty[1].multiplier	1000
  catch_limit_penalty[2].fishery	LL2
  catch_limit_penalty[2].label  	LL2_Penalty
  catch_limit_penalty[2].log_scale	True
  catch_limit_penalty[2].multiplier	1000
  estimate[1].lower_bound       	5000
  estimate[1].parameter         	initialization.B0
  estimate[1].prior             	uniform
  estimate[1].upper_bound       	5e+05
  estimator                     	Bayes
  fish_tagged_penalty[1].label  	Penalty_Tags2005_R1_LL1
  fish_tagged_penalty[1].multiplier	1
  fish_tagged_penalty[1].tagging_episode	Tags2005_R1_LL1
  fish_tagged_penalty[2].label  	Penalty_Tags2006_R1_LL1
  fish_tagged_penalty[2].multiplier	1
  fish_tagged_penalty[2].tagging_episode	Tags2006_R1_LL1
  fish_tagged_penalty[3].label  	Penalty_Tags2007_R1_LL1
  fish_tagged_penalty[3].multiplier	1
  fish_tagged_penalty[3].tagging_episode	Tags2007_R1_LL1
  fish_tagged_penalty[4].label  	Penalty_Tags2008_R1_LL1
  fish_tagged_penalty[4].multiplier	1
  fish_tagged_penalty[4].tagging_episode	Tags2008_R1_LL1
  fish_tagged_penalty[5].label  	Penalty_Tags2009_R1_LL1
  fish_tagged_penalty[5].multiplier	1
  fish_tagged_penalty[5].tagging_episode	Tags2009_R1_LL1
  grad_tol                      	0.001
  max_evals                     	10000
  max_iters                     	1600
  profile[1].l                  	40000
  profile[1].n                  	11
  profile[1].parameter          	initialization.B0
  profile[1].u                  	130000
  q_method                      	nuisance
  tag_recapture[Tags2005_R1_R1].area	R1
  tag_recapture[Tags2005_R1_R1].class_mins	100 150 200 250 300 350 400 450 500 550 600 650 700 750 800 850 900 950 1000 1050 1100 1150 1200 1250 1300 1350 1400 1450 1500 1550 1600 1650 1700 1750 1800 1850 1900 1950 2000 2050
  tag_recapture[Tags2005_R1_R1].detection_probability	1
  tag_recapture[Tags2005_R1_R1].dispersion	1
  tag_recapture[Tags2005_R1_R1].do_bootstrap	True
  tag_recapture[Tags2005_R1_R1].plus_group	False
  tag_recapture[Tags2005_R1_R1].proportion_mortality	0.5
  tag_recapture[Tags2005_R1_R1].r	1e-11
  tag_recapture[Tags2005_R1_R1].recaptured_2006	0 0 0 0 0 0 0 0 0 1 4 11 13 26 26 20 10 14 6 8 2 2 1 0 0 0 0 0 0 0 0 0 0 0 0 0 0 0 0
  tag_recapture[Tags2005_R1_R1].recaptured_2007	0 0 0 0 0 0 0 0 0 0 1 6 13 19 26 22 15 13 9 3 3 0 1 0 0 0 0 1 0 0 0 0 0 0 0 0 0 0 0
  tag_recapture[Tags2005_R1_R1].recaptured_2008	0 0 0 0 0 0 0 0 0 0 1 2 11 8 19 21 10 10 7 7 3 0 0 1 0 1 1 0 0 0 0 0 0 0 0 0 0 0 0
  tag_recapture[Tags2005_R1_R1].recaptured_2009	0 0 0 0 0 0 0 0 0 0 0 1 3 12 8 18 15 12 11 6 4 0 2 0 0 1 0 0 0 0 0 0 0 0 0 0 0 0 0
  tag_recapture[Tags2005_R1_R1].recaptured_2010	0 0 0 0 0 0 0 0 0 0 0 1 2 7 8 9 15 11 4 6 6 1 0 1 0 0 0 0 0 0 0 0 0 0 0 0 0 0 0
  tag_recapture[Tags2005_R1_R1].sample	size
  tag_recapture[Tags2005_R1_R1].scanned_2006	0 0 0 2 28 320 2302 11502 39770 96806 173902 243624 277690 266092 224820 178122 136978 101584 71958 49292 33518 23134 16316 11662 8346 5944 4222 2988 2086 1406 896 530 286 140 62 24 8 2 0
  tag_recapture[Tags2005_R1_R1].scanned_2007	0 0 0 2 28 344 2442 11568 39724 99366 181960 252416 280488 265182 224010 176300 134278 100438 72920 50898 34514 23278 15942 11162 7944 5686 4062 2880 2006 1350 862 512 278 138 62 24 8 2 0
  tag_recapture[Tags2005_R1_R1].scanned_2008	0 0 0 2 28 344 2602 12332 40170 97884 182308 260086 291620 271378 224512 174626 131756 97934 71728 51120 35200 23658 15864 10828 7580 5410 3886 2772 1934 1300 826 490 266 132 58 24 8 2 0
  tag_recapture[Tags2005_R1_R1].scanned_2009	0 0 0 2 28 338 2596 13080 43468 101422 180382 255904 293398 278302 229716 175798 130724 96182 70174 50456 35360 24054 16060 10754 7362 5182 3714 2662 1866 1256 798 470 254 126 56 22 8 2 0
  tag_recapture[Tags2005_R1_R1].scanned_2010	0 0 0 2 30 342 2546 12914 45438 110634 193100 259840 288924 275666 231594 178066 131090 95240 68874 49434 34952 24134 16262 10830 7284 5028 3564 2550 1794 1212 770 454 246 120 54 22 8 2 0
  tag_recapture[Tags2005_R1_R1].step	1
  tag_recapture[Tags2005_R1_R1].tag_name	Tags2005_R1
  tag_recapture[Tags2005_R1_R1].years	2006 2007 2008 2009 2010
  tag_recapture[Tags2006_R1_R1].area	R1
  tag_recapture[Tags2006_R1_R1].class_mins	100 150 200 250 300 350 400 450 500 550 600 650 700 750 800 850 900 950 1000 1050 1100 1150 1200 1250 1300 1350 1400 1450 1500 1550 1600 1650 1700 1750 1800 1850 1900 1950 2000 2050
  tag_recapture[Tags2006_R1_R1].detection_probability	1
  tag_recapture[Tags2006_R1_R1].dispersion	1
  tag_recapture[Tags2006_R1_R1].do_bootstrap	True
  tag_recapture[Tags2006_R1_R1].plus_group	False
  tag_recapture[Tags2006_R1_R1].proportion_mortality	0.5
  tag_recapture[Tags2006_R1_R1].r	1e-11
  tag_recapture[Tags2006_R1_R1].recaptured_2007	0 0 0 0 0 0 0 0 0 0 2 12 18 20 35 25 11 13 8 7 2 0 0 0 0 0 0 0 0 0 0 0 0 0 0 0 0 0 0
  tag_recapture[Tags2006_R1_R1].recaptured_2008	0 0 0 0 0 0 0 0 0 0 1 7 18 25 22 18 17 12 5 3 1 0 0 1 0 0 0 0 0 1 0 0 0 0 0 0 0 0 0
  tag_recapture[Tags2006_R1_R1].recaptured_2009	0 0 0 0 0 0 0 0 0 0 0 1 7 14 23 13 26 8 6 10 2 1 1 0 1 0 0 0 0 0 0 0 0 0 0 0 0 0 0
  tag_recapture[Tags2006_R1_R1].recaptured_2010	0 0 0 0 0 0 0 0 0 0 0 1 4 8 17 17 7 12 8 4 6 1 4 1 1 1 0 0 0 0 0 0 0 0 0 0 0 0 0
  tag_recapture[Tags2006_R1_R1].sample	size
  tag_recapture[Tags2006_R1_R1].scanned_2007	0 0 0 2 28 344 2442 11568 39724 99366 181960 252416 280488 265182 224010 176300 134278 100438 72920 50898 34514 23278 15942 11162 7944 5686 4062 2880 2006 1350 862 512 278 138 62 24 8 2 0
  tag_recapture[Tags2006_R1_R1].scanned_2008	0 0 0 2 28 344 2602 12332 40170 97884 182308 260086 291620 271378 224512 174626 131756 97934 71728 51120 35200 23658 15864 10828 7580 5410 3886 2772 1934 1300 826 490 266 132 58 24 8 2 0
  tag_recapture[Tags2006_R1_R1].scanned_2009	0 0 0 2 28 338 2596 13080 43468 101422 180382 255904 293398 278302 229716 175798 130724 96182 70174 50456 35360 24054 16060 10754 7362 5182 3714 2662 1866 1256 798 470 254 126 56 22 8 2 0
  tag_recapture[Tags2006_R1_R1].scanned_2010	0 0 0 2 30 342 2546 12914 45438 110634 193100 259840 288924 275666 231594 178066 131090 95240 68874 49434 34952 24134 16262 10830 7284 5028 3564 2550 1794 1212 770 454 246 120 54 22 8 2 0
  tag_recapture[Tags2006_R1_R1].step	1
  tag_recapture[Tags2006_R1_R1].tag_name	Tags2006_R1
  tag_recapture[Tags2006_R1_R1].years	2007 2008 2009 2010
  tag_recapture[Tags2007_R1_R1].area	R1
  tag_recapture[Tags2007_R1_R1].class_mins	100 150 200 250 300 350 400 450 500 550 600 650 700 750 800 850 900 950 1000 1050 1100 1150 1200 1250 1300 1350 1400 1450 1500 1550 1600 1650 1700 1750 1800 1850 1900 1950 2000 2050
  tag_recapture[Tags2007_R1_R1].detection_probability	1
  tag_recapture[Tags2007_R1_R1].dispersion	1
  tag_recapture[Tags2007_R1_R1].do_bootstrap	True
  tag_recapture[Tags2007_R1_R1].plus_group	False
  tag_recapture[Tags2007_R1_R1].proportion_mortality	0.5
  tag_recapture[Tags2007_R1_R1].r	1e-11
  tag_recapture[Tags2007_R1_R1].recaptured_2008	0 0 0 0 0 0 0 0 0 0 4 16 23 26 24 30 20 7 8 3 1 2 3 2 1 0 0 0 0 0 0 0 0 0 0 0 0 0 0
  tag_recapture[Tags2007_R1_R1].recaptured_2009	0 0 0 0 0 0 0 0 0 0 0 7 11 22 21 23 15 12 5 2 3 6 0 2 0 0 0 1 0 0 0 0 0 0 0 0 0 0 0
  tag_recapture[Tags2007_R1_R1].recaptured_2010	0 0 0 0 0 0 0 0 0 0 0 2 6 8 16 23 16 11 7 3 2 1 1 0 0 0 1 0 0 0 0 0 0 0 0 0 0 0 0
  tag_recapture[Tags2007_R1_R1].sample	size
  tag_recapture[Tags2007_R1_R1].scanned_2008	0 0 0 2 28 344 2602 12332 40170 97884 182308 260086 291620 271378 224512 174626 131756 97934 71728 51120 35200 23658 15864 10828 7580 5410 3886 2772 1934 1300 826 490 266 132 58 24 8 2 0
  tag_recapture[Tags2007_R1_R1].scanned_2009	0 0 0 2 28 338 2596 13080 43468 101422 180382 255904 293398 278302 229716 175798 130724 96182 70174 50456 35360 24054 16060 10754 7362 5182 3714 2662 1866 1256 798 470 254 126 56 22 8 2 0
  tag_recapture[Tags2007_R1_R1].scanned_2010	0 0 0 2 30 342 2546 12914 45438 110634 193100 259840 288924 275666 231594 178066 131090 95240 68874 49434 34952 24134 16262 10830 7284 5028 3564 2550 1794 1212 770 454 246 120 54 22 8 2 0
  tag_recapture[Tags2007_R1_R1].step	1
  tag_recapture[Tags2007_R1_R1].tag_name	Tags2007_R1
  tag_recapture[Tags2007_R1_R1].years	2008 2009 2010
  tag_recapture[Tags2008_R1_R1].area	R1
  tag_recapture[Tags2008_R1_R1].class_mins	100 150 200 250 300 350 400 450 500 550 600 650 700 750 800 850 900 950 1000 1050 1100 1150 1200 1250 1300 1350 1400 1450 1500 1550 1600 1650 1700 1750 1800 1850 1900 1950 2000 2050
  tag_recapture[Tags2008_R1_R1].detection_probability	1
  tag_recapture[Tags2008_R1_R1].dispersion	1
  tag_recapture[Tags2008_R1_R1].do_bootstrap	True
  tag_recapture[Tags2008_R1_R1].plus_group	False
  tag_recapture[Tags2008_R1_R1].proportion_mortality	0.5
  tag_recapture[Tags2008_R1_R1].r	1e-11
  tag_recapture[Tags2008_R1_R1].recaptured_2009	0 0 0 0 0 0 0 0 0 3 4 13 19 35 31 23 16 10 6 6 3 4 1 0 0 0 0 0 0 0 0 0 0 0 0 0 0 0 0
  tag_recapture[Tags2008_R1_R1].recaptured_2010	0 0 0 0 0 0 0 0 0 0 2 7 19 23 23 24 23 12 7 5 4 1 0 2 0 0 0 0 0 0 0 0 0 0 0 0 0 0 0
  tag_recapture[Tags2008_R1_R1].sample	size
  tag_recapture[Tags2008_R1_R1].scanned_2009	0 0 0 2 28 338 2596 13080 43468 101422 180382 255904 293398 278302 229716 175798 130724 96182 70174 50456 35360 24054 16060 10754 7362 5182 3714 2662 1866 1256 798 470 254 126 56 22 8 2 0
  tag_recapture[Tags2008_R1_R1].scanned_2010	0 0 0 2 30 342 2546 12914 45438 110634 193100 259840 288924 275666 231594 178066 131090 95240 68874 49434 34952 24134 16262 10830 7284 5028 3564 2550 1794 1212 770 454 246 120 54 22 8 2 0
  tag_recapture[Tags2008_R1_R1].step	1
  tag_recapture[Tags2008_R1_R1].tag_name	Tags2008_R1
  tag_recapture[Tags2008_R1_R1].years	2009 2010
  tag_recapture[Tags2009_R1_R1].area	R1
  tag_recapture[Tags2009_R1_R1].class_mins	100 150 200 250 300 350 400 450 500 550 600 650 700 750 800 850 900 950 1000 1050 1100 1150 1200 1250 1300 1350 1400 1450 1500 1550 1600 1650 1700 1750 1800 1850 1900 1950 2000 2050
  tag_recapture[Tags2009_R1_R1].detection_probability	1
  tag_recapture[Tags2009_R1_R1].dispersion	1
  tag_recapture[Tags2009_R1_R1].do_bootstrap	True
  tag_recapture[Tags2009_R1_R1].plus_group	False
  tag_recapture[Tags2009_R1_R1].proportion_mortality	0.5
  tag_recapture[Tags2009_R1_R1].r	1e-11
  tag_recapture[Tags2009_R1_R1].recaptured_2010	0 0 0 0 0 0 0 0 1 2 7 18 29 31 36 36 18 14 7 3 1 2 1 1 0 0 1 0 0 0 0 0 0 0 0 0 0 0 0
  tag_recapture[Tags2009_R1_R1].sample	size
  tag_recapture[Tags2009_R1_R1].scanned_2010	0 0 0 2 30 342 2546 12914 45438 110634 193100 259840 288924 275666 231594 178066 131090 95240 68874 49434 34952 24134 16262 10830 7284 5028 3564 2550 1794 1212 770 454 246 120 54 22 8 2 0
  tag_recapture[Tags2009_R1_R1].step	1
  tag_recapture[Tags2009_R1_R1].tag_name	Tags2009_R1
  tag_recapture[Tags2009_R1_R1].years	2010
  vector_average_penalty[1].k   	1
  vector_average_penalty[1].label	meanYCS_1
  vector_average_penalty[1].multiplier	100
  vector_average_penalty[1].vector	recruitment.YCS
Stored as DOUBLEs: 
Stored as VECTORs: 
Stored as OGIVEs: 

Population parameters:
Stored as strings: 
  annual_cycle.M_props          	1
  annual_cycle.aging_time       	1
  annual_cycle.baranov          	False
  annual_cycle.fishery_areas    	R1
  annual_cycle.fishery_names    	LL1 LL2
  annual_cycle.fishery_times    	1 1
  annual_cycle.growth_props     	0
  annual_cycle.migrate_from     	R1
  annual_cycle.migrate_to       	R2
  annual_cycle.migration_names  	MoveRec_1_2
  annual_cycle.migration_times  	1
  annual_cycle.n_migrations     	0
  annual_cycle.recruitment_areas	R1
  annual_cycle.recruitment_time 	1
  annual_cycle.spawning_all_areas	1
  annual_cycle.spawning_p       	1
  annual_cycle.spawning_part_mort	0.5
  annual_cycle.spawning_time    	1
  annual_cycle.spawning_use_total_B	False
  annual_cycle.time_steps       	1
  area_names                    	R1
  current                       	2010
  final                         	2045
  first_random_year             	2007
  fishery[LL1].U_max            	0.95
  fishery[LL1].catches          	0 6000 6000 6000 6000 6000 6000 6000 6000 6000 6000 6000 6000 6000 6000 6000 6000 6000 6000 6000 6000
  fishery[LL1].future_constant_catches	200
  fishery[LL1].selectivity      	SelLL
  fishery[LL1].years            	1990 1991 1992 1993 1994 1995 1996 1997 1998 1999 2000 2001 2002 2003 2004 2005 2006 2007 2008 2009 2010
  fishery[LL2].U_max            	0.95
  fishery[LL2].catches          	0 0 0 0 0 0 0 0 0 0 0 0 0 0 0 0 0 0 0 0 0
  fishery[LL2].future_constant_catches	200
  fishery[LL2].selectivity      	SelLL
  fishery[LL2].years            	1990 1991 1992 1993 1994 1995 1996 1997 1998 1999 2000 2001 2002 2003 2004 2005 2006 2007 2008 2009 2010
  initial                       	1990
  initialization.B0             	448262
  mature_partition              	False
  maturity_props.all            	allvalues  0 0 0 0 0 0 0 0 0 0 0 0.1667 0.3333 0.5 0.6667 0.8333 1 1 1 1 1 1 1 1 1 1 1 1 1 1
  max_age                       	30
  min_age                       	1
  n_areas                       	1
  n_stocks                      	1
  n_tags                        	5
  natural_mortality.all         	0.155
  plus_group                    	True
  randomisation_method          	lognormal
  recruitment.SR                	BH
  recruitment.YCS               	1 1 1 1 1 1 1 1 1 1 1 1 1 1 1 1 1 1 1 1 1
  recruitment.YCS_years         	1989 1990 1991 1992 1993 1994 1995 1996 1997 1998 1999 2000 2001 2002 2003 2004 2005 2006 2007 2008 2009
  recruitment.first_free        	1989
  recruitment.last_free         	2006
  recruitment.p_male            	0.5
  recruitment.rho               	0
  recruitment.sigma_r           	0.6
  recruitment.steepness         	0.7
  recruitment.year_range        	1989 2006
  selectivity[SelLL].all        	double_normal 10 2 10
  selectivity_names             	SelLL
  sex_partition                 	False
  size_at_age.Linf              	2870
  size_at_age.by_length         	True
  size_at_age.cv                	0.1
  size_at_age.k                 	0.02056
  size_at_age.t0                	-4.2897
  size_at_age_dist              	normal
  size_at_age_type              	von_Bert
  size_based                    	False
  size_weight.a                 	2.59e-12
  size_weight.b                 	3.2064
  size_weight.verify_size_weight	500 0.5 1.5
  standardise_YCS               	True
  tag[Tags2005_R1_LL1].area     	R1
  tag[Tags2005_R1_LL1].class_mins	100 150 200 250 300 350 400 450 500 550 600 650 700 750 800 850 900 950 1000 1050 1100 1150 1200 1250 1300 1350 1400 1450 1500 1550 1600 1650 1700 1750 1800 1850 1900 1950 2000 2050
  tag[Tags2005_R1_LL1].mature_only	False
  tag[Tags2005_R1_LL1].mortality	0.1
  tag[Tags2005_R1_LL1].number   	2500
  tag[Tags2005_R1_LL1].ogive    	SelLL
  tag[Tags2005_R1_LL1].plus_group	False
  tag[Tags2005_R1_LL1].props_all	0 0 0 0 0 1e-04 8e-04 0.0048 0.0184 0.0472 0.088 0.1245 0.1388 0.1298 0.1103 0.0896 0.0694 0.0511 0.0362 0.0255 0.0183 0.0135 0.01 0.0073 0.0052 0.0037 0.0025 0.0018 0.0012 8e-04 5e-04 3e-04 2e-04 1e-04 0 0 0 0 0
  tag[Tags2005_R1_LL1].release_type	deterministic
  tag[Tags2005_R1_LL1].sex      	both
  tag[Tags2005_R1_LL1].step     	1
  tag[Tags2005_R1_LL1].tag_name 	Tags2005_R1
  tag[Tags2005_R1_LL1].year     	2005
  tag[Tags2006_R1_LL1].area     	R1
  tag[Tags2006_R1_LL1].class_mins	100 150 200 250 300 350 400 450 500 550 600 650 700 750 800 850 900 950 1000 1050 1100 1150 1200 1250 1300 1350 1400 1450 1500 1550 1600 1650 1700 1750 1800 1850 1900 1950 2000 2050
  tag[Tags2006_R1_LL1].mature_only	False
  tag[Tags2006_R1_LL1].mortality	0.1
  tag[Tags2006_R1_LL1].number   	2500
  tag[Tags2006_R1_LL1].ogive    	SelLL
  tag[Tags2006_R1_LL1].plus_group	False
  tag[Tags2006_R1_LL1].props_all	0 0 0 0 0 2e-04 0.0013 0.0058 0.0198 0.0485 0.0873 0.1222 0.1397 0.1351 0.1154 0.0921 0.0705 0.0511 0.0349 0.023 0.0152 0.0104 0.0075 0.0055 0.0041 0.0031 0.0023 0.0017 0.0012 9e-04 6e-04 3e-04 2e-04 1e-04 0 0 0 0 0
  tag[Tags2006_R1_LL1].release_type	deterministic
  tag[Tags2006_R1_LL1].sex      	both
  tag[Tags2006_R1_LL1].step     	1
  tag[Tags2006_R1_LL1].tag_name 	Tags2006_R1
  tag[Tags2006_R1_LL1].year     	2006
  tag[Tags2007_R1_LL1].area     	R1
  tag[Tags2007_R1_LL1].class_mins	100 150 200 250 300 350 400 450 500 550 600 650 700 750 800 850 900 950 1000 1050 1100 1150 1200 1250 1300 1350 1400 1450 1500 1550 1600 1650 1700 1750 1800 1850 1900 1950 2000 2050
  tag[Tags2007_R1_LL1].mature_only	False
  tag[Tags2007_R1_LL1].mortality	0.1
  tag[Tags2007_R1_LL1].number   	2500
  tag[Tags2007_R1_LL1].ogive    	SelLL
  tag[Tags2007_R1_LL1].plus_group	False
  tag[Tags2007_R1_LL1].props_all	0 0 0 0 0 1e-04 0.0011 0.0056 0.0193 0.0485 0.0889 0.124 0.139 0.1322 0.1118 0.0878 0.0669 0.0504 0.0372 0.0265 0.0183 0.0125 0.0087 0.0062 0.0045 0.0032 0.0024 0.0017 0.0012 8e-04 5e-04 3e-04 2e-04 1e-04 0 0 0 0 0
  tag[Tags2007_R1_LL1].release_type	deterministic
  tag[Tags2007_R1_LL1].sex      	both
  tag[Tags2007_R1_LL1].step     	1
  tag[Tags2007_R1_LL1].tag_name 	Tags2007_R1
  tag[Tags2007_R1_LL1].year     	2007
  tag[Tags2008_R1_LL1].area     	R1
  tag[Tags2008_R1_LL1].class_mins	100 150 200 250 300 350 400 450 500 550 600 650 700 750 800 850 900 950 1000 1050 1100 1150 1200 1250 1300 1350 1400 1450 1500 1550 1600 1650 1700 1750 1800 1850 1900 1950 2000 2050
  tag[Tags2008_R1_LL1].mature_only	False
  tag[Tags2008_R1_LL1].mortality	0.1
  tag[Tags2008_R1_LL1].number   	2500
  tag[Tags2008_R1_LL1].ogive    	SelLL
  tag[Tags2008_R1_LL1].plus_group	False
  tag[Tags2008_R1_LL1].props_all	0 0 0 0 0 1e-04 0.0012 0.0062 0.0205 0.0497 0.0924 0.1328 0.1497 0.1384 0.112 0.0842 0.0614 0.0445 0.0322 0.0228 0.0157 0.0106 0.0073 0.0052 0.0038 0.0029 0.0022 0.0016 0.0011 7e-04 4e-04 3e-04 1e-04 1e-04 0 0 0 0 0
  tag[Tags2008_R1_LL1].release_type	deterministic
  tag[Tags2008_R1_LL1].sex      	both
  tag[Tags2008_R1_LL1].step     	1
  tag[Tags2008_R1_LL1].tag_name 	Tags2008_R1
  tag[Tags2008_R1_LL1].year     	2008
  tag[Tags2009_R1_LL1].area     	R1
  tag[Tags2009_R1_LL1].class_mins	100 150 200 250 300 350 400 450 500 550 600 650 700 750 800 850 900 950 1000 1050 1100 1150 1200 1250 1300 1350 1400 1450 1500 1550 1600 1650 1700 1750 1800 1850 1900 1950 2000 2050
  tag[Tags2009_R1_LL1].mature_only	False
  tag[Tags2009_R1_LL1].mortality	0.1
  tag[Tags2009_R1_LL1].number   	2500
  tag[Tags2009_R1_LL1].ogive    	SelLL
  tag[Tags2009_R1_LL1].plus_group	False
  tag[Tags2009_R1_LL1].props_all	0 0 0 0 0 1e-04 0.0012 0.0063 0.0213 0.0502 0.0897 0.1266 0.1435 0.135 0.1117 0.0864 0.065 0.0482 0.0352 0.0253 0.0178 0.0122 0.0082 0.0055 0.0037 0.0025 0.0017 0.0011 7e-04 4e-04 3e-04 1e-04 1e-04 0 0 0 0 0 0
  tag[Tags2009_R1_LL1].release_type	deterministic
  tag[Tags2009_R1_LL1].sex      	both
  tag[Tags2009_R1_LL1].step     	1
  tag[Tags2009_R1_LL1].tag_name 	Tags2009_R1
  tag[Tags2009_R1_LL1].year     	2009
  tag_growth_loss[Tags2005_R1].nogrowth_period	0
  tag_growth_loss[Tags2006_R1].nogrowth_period	0
  tag_growth_loss[Tags2007_R1].nogrowth_period	0
  tag_growth_loss[Tags2008_R1].nogrowth_period	0
  tag_growth_loss[Tags2009_R1].nogrowth_period	0
  tag_loss_props                	1
  tag_names                     	Tags2005_R1 Tags2006_R1 Tags2007_R1 Tags2008_R1 Tags2009_R1
  tag_shedding_rate             	0.0084 0.0084 0.0084 0.0084 0.0084
  y_enter                       	1
Stored as DOUBLEs: 
Stored as VECTORs: 
Stored as OGIVEs: 

Output parameters:
Stored as strings: 
  n_projections                 	100
  numbers_at[Numbers_at_age_R1].area	R1
  numbers_at[Numbers_at_age_R1].proportion_mortality	0.5
  numbers_at[Numbers_at_age_R1].step	1
  numbers_at[Numbers_at_age_R1].years	1990 1991 1992 1993 1994 1995 1996 1997 1998 1999 2000 2001 2002 2003 2004 2005 2006 2007 2008 2009 2010
  print.covariance              	true
  print.estimation_section      	true
  print.final_state             	false
  print.fits                    	true
  print.fits_every_eval         	false
  print.initial_state           	false
  print.normalised_resids       	true
  print.objective_every_eval    	false
  print.parameter_vector_every_eval	false
  print.parameters              	true
  print.parameters_every_eval   	false
  print.pearson_resids          	true
  print.requests                	false
  print.resids                  	true
  print.results                 	false
  print.state_annually          	false
  print.state_every_step        	false
  print.unused_parameters       	true
  print.yields                  	true
  quantities.B0                 	true
  quantities.R0                 	true
  quantities.SSBs               	true
  quantities.YCS                	true
  quantities.actual_catches     	false
  quantities.all_free_parameters	true
  quantities.fishing_pressures  	true
  quantities.nuisance_qs        	true
  quantities.recruitments       	true
  quantities.true_YCS           	true
Stored as DOUBLEs: 
Stored as VECTORs: 
Stored as OGIVEs: 

A fish of size 500 cm has a weight of 1.16755 kg in your model. This size-weight scale check assumes that the growth curve is in centimetres, and that the catch is in tonnes.

A fish of size 500 cm has a weight of 1.16755 kg in your model. This size-weight scale check assumes that the growth curve is in centimetres, and that the catch is in tonnes.

Estimation section :

Objective function: Bayes

Minimiser convergence threshold: 0.001


Observations:

The observations are:
LL1_catchA
Tags2005_R1_R1
Tags2006_R1_R1
Tags2007_R1_R1
Tags2008_R1_R1
Tags2009_R1_R1
Fits follow:

LL1_catchA :
catch proportions-at-age for fishery LL1  with ageing error (constrained to sum to 1):
obs (last class is a plus group):
class 1       2       3       4       5       6       7       8       9       10      11      12      13      14      15      16      17      18      19      20      21      22      23      24      25      26      27      28      29      30      
2000 0       0       0       0       0       0.02    0.07    0.18    0.12    0.1     0.1     0.08    0.05    0.07    0.05    0.02    0.04    0.02    0.02    0.01    0       0       0.02    0.01    0.02    0       0       0       0       0       
2001 0       0       0       0       0.01    0.01    0.06    0.08    0.14    0.13    0.18    0.11    0.07    0.06    0.03    0.06    0.01    0       0.02    0.02    0       0       0       0       0.01    0       0       0       0       0       
2002 0       0       0       0       0.01    0.03    0.04    0.12    0.13    0.14    0.1     0.11    0.02    0.08    0.04    0.05    0.03    0.01    0.02    0.02    0       0       0       0.02    0.02    0       0       0       0       0.01    
2003 0       0       0       0       0.01    0       0.05    0.12    0.14    0.19    0.1     0.07    0.12    0.01    0.02    0.07    0.01    0.03    0.01    0.03    0.01    0       0       0       0.01    0       0       0       0       0       
2004 0       0       0       0       0.01    0.02    0.04    0.07    0.26    0.16    0.11    0.06    0.03    0.05    0.05    0.01    0.03    0.02    0.02    0.01    0.01    0       0.01    0       0.01    0       0       0.01    0       0.01    
2005 0       0       0       0       0       0.03    0.01    0.14    0.2     0.1     0.11    0.08    0.11    0.03    0.02    0.04    0.04    0       0.03    0.01    0.01    0.01    0       0.01    0       0       0.01    0       0       0.01    
2006 0       0       0       0       0       0.03    0.07    0.14    0.23    0.15    0.08    0.12    0.04    0.04    0.04    0.02    0.01    0       0       0.01    0       0       0.01    0       0       0       0.01    0       0       0       
2007 0       0       0       0       0       0.01    0.09    0.14    0.16    0.1     0.12    0.13    0.05    0.07    0.04    0.01    0.03    0.01    0.01    0.01    0.01    0       0       0       0.01    0       0       0       0       0       
2008 0       0       0       0       0       0.01    0.06    0.09    0.15    0.16    0.11    0.12    0.04    0.05    0.03    0.06    0.01    0.02    0.04    0.01    0       0       0.02    0       0       0       0       0.01    0       0.01    
2009 0       0       0       0       0       0       0.04    0.13    0.2     0.17    0.09    0.11    0.04    0.07    0.02    0.02    0.05    0.01    0.01    0.01    0       0.01    0       0       0.01    0       0       0       0       0.01    
2010 0       0       0       0       0       0.02    0.07    0.14    0.14    0.16    0.12    0.1     0.07    0.06    0.02    0.03    0.01    0.02    0.01    0.01    0       0.02    0       0       0       0       0       0       0       0       
objective function: multinomial likelihood, with delta = 1e-011, N =
100 100 100 100 100 100 100 100 100 100 100 100 100 100 100 100 100 100 100 100 100 100 100 100 100 100 100 100 100 100 
100 100 100 100 100 100 100 100 100 100 100 100 100 100 100 100 100 100 100 100 100 100 100 100 100 100 100 100 100 100 
100 100 100 100 100 100 100 100 100 100 100 100 100 100 100 100 100 100 100 100 100 100 100 100 100 100 100 100 100 100 
100 100 100 100 100 100 100 100 100 100 100 100 100 100 100 100 100 100 100 100 100 100 100 100 100 100 100 100 100 100 
100 100 100 100 100 100 100 100 100 100 100 100 100 100 100 100 100 100 100 100 100 100 100 100 100 100 100 100 100 100 
100 100 100 100 100 100 100 100 100 100 100 100 100 100 100 100 100 100 100 100 100 100 100 100 100 100 100 100 100 100 
100 100 100 100 100 100 100 100 100 100 100 100 100 100 100 100 100 100 100 100 100 100 100 100 100 100 100 100 100 100 
100 100 100 100 100 100 100 100 100 100 100 100 100 100 100 100 100 100 100 100 100 100 100 100 100 100 100 100 100 100 
100 100 100 100 100 100 100 100 100 100 100 100 100 100 100 100 100 100 100 100 100 100 100 100 100 100 100 100 100 100 
100 100 100 100 100 100 100 100 100 100 100 100 100 100 100 100 100 100 100 100 100 100 100 100 100 100 100 100 100 100 
100 100 100 100 100 100 100 100 100 100 100 100 100 100 100 100 100 100 100 100 100 100 100 100 100 100 100 100 100 100 

Tags2005_R1_R1 :
tag-recapture data for tag Tags2005_R1 in years 2006 2007 2008 2009 2010 , step 1, after proportion 0.5 of mortality, with sampling method size, detection probability 1.
Year 2006
class scanned recaptured
100 0 0
150 0 0
200 0 0
250 2 0
300 28 0
350 320 0
400 2302 0
450 11502 0
500 39770 0
550 96806 1
600 173902 4
650 243624 11
700 277690 13
750 266092 26
800 224820 26
850 178122 20
900 136978 10
950 101584 14
1000 71958 6
1050 49292 8
1100 33518 2
1150 23134 2
1200 16316 1
1250 11662 0
1300 8346 0
1350 5944 0
1400 4222 0
1450 2988 0
1500 2086 0
1550 1406 0
1600 896 0
1650 530 0
1700 286 0
1750 140 0
1800 62 0
1850 24 0
1900 8 0
1950 2 0
2000 0 0


Year 2007
class scanned recaptured
100 0 0
150 0 0
200 0 0
250 2 0
300 28 0
350 344 0
400 2442 0
450 11568 0
500 39724 0
550 99366 0
600 181960 1
650 252416 6
700 280488 13
750 265182 19
800 224010 26
850 176300 22
900 134278 15
950 100438 13
1000 72920 9
1050 50898 3
1100 34514 3
1150 23278 0
1200 15942 1
1250 11162 0
1300 7944 0
1350 5686 0
1400 4062 0
1450 2880 1
1500 2006 0
1550 1350 0
1600 862 0
1650 512 0
1700 278 0
1750 138 0
1800 62 0
1850 24 0
1900 8 0
1950 2 0
2000 0 0


Year 2008
class scanned recaptured
100 0 0
150 0 0
200 0 0
250 2 0
300 28 0
350 344 0
400 2602 0
450 12332 0
500 40170 0
550 97884 0
600 182308 1
650 260086 2
700 291620 11
750 271378 8
800 224512 19
850 174626 21
900 131756 10
950 97934 10
1000 71728 7
1050 51120 7
1100 35200 3
1150 23658 0
1200 15864 0
1250 10828 1
1300 7580 0
1350 5410 1
1400 3886 1
1450 2772 0
1500 1934 0
1550 1300 0
1600 826 0
1650 490 0
1700 266 0
1750 132 0
1800 58 0
1850 24 0
1900 8 0
1950 2 0
2000 0 0


Year 2009
class scanned recaptured
100 0 0
150 0 0
200 0 0
250 2 0
300 28 0
350 338 0
400 2596 0
450 13080 0
500 43468 0
550 101422 0
600 180382 0
650 255904 1
700 293398 3
750 278302 12
800 229716 8
850 175798 18
900 130724 15
950 96182 12
1000 70174 11
1050 50456 6
1100 35360 4
1150 24054 0
1200 16060 2
1250 10754 0
1300 7362 0
1350 5182 1
1400 3714 0
1450 2662 0
1500 1866 0
1550 1256 0
1600 798 0
1650 470 0
1700 254 0
1750 126 0
1800 56 0
1850 22 0
1900 8 0
1950 2 0
2000 0 0


Year 2010
class scanned recaptured
100 0 0
150 0 0
200 0 0
250 2 0
300 30 0
350 342 0
400 2546 0
450 12914 0
500 45438 0
550 110634 0
600 193100 0
650 259840 1
700 288924 2
750 275666 7
800 231594 8
850 178066 9
900 131090 15
950 95240 11
1000 68874 4
1050 49434 6
1100 34952 6
1150 24134 1
1200 16262 0
1250 10830 1
1300 7284 0
1350 5028 0
1400 3564 0
1450 2550 0
1500 1794 0
1550 1212 0
1600 770 0
1650 454 0
1700 246 0
1750 120 0
1800 54 0
1850 22 0
1900 8 0
1950 2 0
2000 0 0


Tags2006_R1_R1 :
tag-recapture data for tag Tags2006_R1 in years 2007 2008 2009 2010 , step 1, after proportion 0.5 of mortality, with sampling method size, detection probability 1.
Year 2007
class scanned recaptured
100 0 0
150 0 0
200 0 0
250 2 0
300 28 0
350 344 0
400 2442 0
450 11568 0
500 39724 0
550 99366 0
600 181960 2
650 252416 12
700 280488 18
750 265182 20
800 224010 35
850 176300 25
900 134278 11
950 100438 13
1000 72920 8
1050 50898 7
1100 34514 2
1150 23278 0
1200 15942 0
1250 11162 0
1300 7944 0
1350 5686 0
1400 4062 0
1450 2880 0
1500 2006 0
1550 1350 0
1600 862 0
1650 512 0
1700 278 0
1750 138 0
1800 62 0
1850 24 0
1900 8 0
1950 2 0
2000 0 0


Year 2008
class scanned recaptured
100 0 0
150 0 0
200 0 0
250 2 0
300 28 0
350 344 0
400 2602 0
450 12332 0
500 40170 0
550 97884 0
600 182308 1
650 260086 7
700 291620 18
750 271378 25
800 224512 22
850 174626 18
900 131756 17
950 97934 12
1000 71728 5
1050 51120 3
1100 35200 1
1150 23658 0
1200 15864 0
1250 10828 1
1300 7580 0
1350 5410 0
1400 3886 0
1450 2772 0
1500 1934 0
1550 1300 1
1600 826 0
1650 490 0
1700 266 0
1750 132 0
1800 58 0
1850 24 0
1900 8 0
1950 2 0
2000 0 0


Year 2009
class scanned recaptured
100 0 0
150 0 0
200 0 0
250 2 0
300 28 0
350 338 0
400 2596 0
450 13080 0
500 43468 0
550 101422 0
600 180382 0
650 255904 1
700 293398 7
750 278302 14
800 229716 23
850 175798 13
900 130724 26
950 96182 8
1000 70174 6
1050 50456 10
1100 35360 2
1150 24054 1
1200 16060 1
1250 10754 0
1300 7362 1
1350 5182 0
1400 3714 0
1450 2662 0
1500 1866 0
1550 1256 0
1600 798 0
1650 470 0
1700 254 0
1750 126 0
1800 56 0
1850 22 0
1900 8 0
1950 2 0
2000 0 0


Year 2010
class scanned recaptured
100 0 0
150 0 0
200 0 0
250 2 0
300 30 0
350 342 0
400 2546 0
450 12914 0
500 45438 0
550 110634 0
600 193100 0
650 259840 1
700 288924 4
750 275666 8
800 231594 17
850 178066 17
900 131090 7
950 95240 12
1000 68874 8
1050 49434 4
1100 34952 6
1150 24134 1
1200 16262 4
1250 10830 1
1300 7284 1
1350 5028 1
1400 3564 0
1450 2550 0
1500 1794 0
1550 1212 0
1600 770 0
1650 454 0
1700 246 0
1750 120 0
1800 54 0
1850 22 0
1900 8 0
1950 2 0
2000 0 0


Tags2007_R1_R1 :
tag-recapture data for tag Tags2007_R1 in years 2008 2009 2010 , step 1, after proportion 0.5 of mortality, with sampling method size, detection probability 1.
Year 2008
class scanned recaptured
100 0 0
150 0 0
200 0 0
250 2 0
300 28 0
350 344 0
400 2602 0
450 12332 0
500 40170 0
550 97884 0
600 182308 4
650 260086 16
700 291620 23
750 271378 26
800 224512 24
850 174626 30
900 131756 20
950 97934 7
1000 71728 8
1050 51120 3
1100 35200 1
1150 23658 2
1200 15864 3
1250 10828 2
1300 7580 1
1350 5410 0
1400 3886 0
1450 2772 0
1500 1934 0
1550 1300 0
1600 826 0
1650 490 0
1700 266 0
1750 132 0
1800 58 0
1850 24 0
1900 8 0
1950 2 0
2000 0 0


Year 2009
class scanned recaptured
100 0 0
150 0 0
200 0 0
250 2 0
300 28 0
350 338 0
400 2596 0
450 13080 0
500 43468 0
550 101422 0
600 180382 0
650 255904 7
700 293398 11
750 278302 22
800 229716 21
850 175798 23
900 130724 15
950 96182 12
1000 70174 5
1050 50456 2
1100 35360 3
1150 24054 6
1200 16060 0
1250 10754 2
1300 7362 0
1350 5182 0
1400 3714 0
1450 2662 1
1500 1866 0
1550 1256 0
1600 798 0
1650 470 0
1700 254 0
1750 126 0
1800 56 0
1850 22 0
1900 8 0
1950 2 0
2000 0 0


Year 2010
class scanned recaptured
100 0 0
150 0 0
200 0 0
250 2 0
300 30 0
350 342 0
400 2546 0
450 12914 0
500 45438 0
550 110634 0
600 193100 0
650 259840 2
700 288924 6
750 275666 8
800 231594 16
850 178066 23
900 131090 16
950 95240 11
1000 68874 7
1050 49434 3
1100 34952 2
1150 24134 1
1200 16262 1
1250 10830 0
1300 7284 0
1350 5028 0
1400 3564 1
1450 2550 0
1500 1794 0
1550 1212 0
1600 770 0
1650 454 0
1700 246 0
1750 120 0
1800 54 0
1850 22 0
1900 8 0
1950 2 0
2000 0 0


Tags2008_R1_R1 :
tag-recapture data for tag Tags2008_R1 in years 2009 2010 , step 1, after proportion 0.5 of mortality, with sampling method size, detection probability 1.
Year 2009
class scanned recaptured
100 0 0
150 0 0
200 0 0
250 2 0
300 28 0
350 338 0
400 2596 0
450 13080 0
500 43468 0
550 101422 3
600 180382 4
650 255904 13
700 293398 19
750 278302 35
800 229716 31
850 175798 23
900 130724 16
950 96182 10
1000 70174 6
1050 50456 6
1100 35360 3
1150 24054 4
1200 16060 1
1250 10754 0
1300 7362 0
1350 5182 0
1400 3714 0
1450 2662 0
1500 1866 0
1550 1256 0
1600 798 0
1650 470 0
1700 254 0
1750 126 0
1800 56 0
1850 22 0
1900 8 0
1950 2 0
2000 0 0


Year 2010
class scanned recaptured
100 0 0
150 0 0
200 0 0
250 2 0
300 30 0
350 342 0
400 2546 0
450 12914 0
500 45438 0
550 110634 0
600 193100 2
650 259840 7
700 288924 19
750 275666 23
800 231594 23
850 178066 24
900 131090 23
950 95240 12
1000 68874 7
1050 49434 5
1100 34952 4
1150 24134 1
1200 16262 0
1250 10830 2
1300 7284 0
1350 5028 0
1400 3564 0
1450 2550 0
1500 1794 0
1550 1212 0
1600 770 0
1650 454 0
1700 246 0
1750 120 0
1800 54 0
1850 22 0
1900 8 0
1950 2 0
2000 0 0


Tags2009_R1_R1 :
tag-recapture data for tag Tags2009_R1 in years 2010 , step 1, after proportion 0.5 of mortality, with sampling method size, detection probability 1.
Year 2010
class scanned recaptured
100 0 0
150 0 0
200 0 0
250 2 0
300 30 0
350 342 0
400 2546 0
450 12914 0
500 45438 1
550 110634 2
600 193100 7
650 259840 18
700 288924 29
750 275666 31
800 231594 36
850 178066 36
900 131090 18
950 95240 14
1000 68874 7
1050 49434 3
1100 34952 1
1150 24134 2
1200 16262 1
1250 10830 1
1300 7284 0
1350 5028 0
1400 3564 1
1450 2550 0
1500 1794 0
1550 1212 0
1600 770 0
1650 454 0
1700 246 0
1750 120 0
1800 54 0
1850 22 0
1900 8 0
1950 2 0
2000 0 0



Ageing_error:
  Misclassification matrix:
1 0 0 0 0 0 0 0 0 0 0 0 0 0 0 0 0 0 0 0 0 0 0 0 0 0 0 0 0 0 
0 1 0 0 0 0 0 0 0 0 0 0 0 0 0 0 0 0 0 0 0 0 0 0 0 0 0 0 0 0 
0 0 1 0 0 0 0 0 0 0 0 0 0 0 0 0 0 0 0 0 0 0 0 0 0 0 0 0 0 0 
0 0 0 1 0 0 0 0 0 0 0 0 0 0 0 0 0 0 0 0 0 0 0 0 0 0 0 0 0 0 
0 0 0 0 1 0 0 0 0 0 0 0 0 0 0 0 0 0 0 0 0 0 0 0 0 0 0 0 0 0 
0 0 0 0 0 1 0 0 0 0 0 0 0 0 0 0 0 0 0 0 0 0 0 0 0 0 0 0 0 0 
0 0 0 0 0 0 1 0 0 0 0 0 0 0 0 0 0 0 0 0 0 0 0 0 0 0 0 0 0 0 
0 0 0 0 0 0 0 1 0 0 0 0 0 0 0 0 0 0 0 0 0 0 0 0 0 0 0 0 0 0 
0 0 0 0 0 0 0 0 1 0 0 0 0 0 0 0 0 0 0 0 0 0 0 0 0 0 0 0 0 0 
0 0 0 0 0 0 0 0 0 1 0 0 0 0 0 0 0 0 0 0 0 0 0 0 0 0 0 0 0 0 
0 0 0 0 0 0 0 0 0 0 1 0 0 0 0 0 0 0 0 0 0 0 0 0 0 0 0 0 0 0 
0 0 0 0 0 0 0 0 0 0 0 1 0 0 0 0 0 0 0 0 0 0 0 0 0 0 0 0 0 0 
0 0 0 0 0 0 0 0 0 0 0 0 1 0 0 0 0 0 0 0 0 0 0 0 0 0 0 0 0 0 
0 0 0 0 0 0 0 0 0 0 0 0 0 1 0 0 0 0 0 0 0 0 0 0 0 0 0 0 0 0 
0 0 0 0 0 0 0 0 0 0 0 0 0 0 1 0 0 0 0 0 0 0 0 0 0 0 0 0 0 0 
0 0 0 0 0 0 0 0 0 0 0 0 0 0 0 1 0 0 0 0 0 0 0 0 0 0 0 0 0 0 
0 0 0 0 0 0 0 0 0 0 0 0 0 0 0 0 1 0 0 0 0 0 0 0 0 0 0 0 0 0 
0 0 0 0 0 0 0 0 0 0 0 0 0 0 0 0 0 1 0 0 0 0 0 0 0 0 0 0 0 0 
0 0 0 0 0 0 0 0 0 0 0 0 0 0 0 0 0 0 1 0 0 0 0 0 0 0 0 0 0 0 
0 0 0 0 0 0 0 0 0 0 0 0 0 0 0 0 0 0 0 1 0 0 0 0 0 0 0 0 0 0 
0 0 0 0 0 0 0 0 0 0 0 0 0 0 0 0 0 0 0 0 1 0 0 0 0 0 0 0 0 0 
0 0 0 0 0 0 0 0 0 0 0 0 0 0 0 0 0 0 0 0 0 1 0 0 0 0 0 0 0 0 
0 0 0 0 0 0 0 0 0 0 0 0 0 0 0 0 0 0 0 0 0 0 1 0 0 0 0 0 0 0 
0 0 0 0 0 0 0 0 0 0 0 0 0 0 0 0 0 0 0 0 0 0 0 1 0 0 0 0 0 0 
0 0 0 0 0 0 0 0 0 0 0 0 0 0 0 0 0 0 0 0 0 0 0 0 1 0 0 0 0 0 
0 0 0 0 0 0 0 0 0 0 0 0 0 0 0 0 0 0 0 0 0 0 0 0 0 1 0 0 0 0 
0 0 0 0 0 0 0 0 0 0 0 0 0 0 0 0 0 0 0 0 0 0 0 0 0 0 1 0 0 0 
0 0 0 0 0 0 0 0 0 0 0 0 0 0 0 0 0 0 0 0 0 0 0 0 0 0 0 1 0 0 
0 0 0 0 0 0 0 0 0 0 0 0 0 0 0 0 0 0 0 0 0 0 0 0 0 0 0 0 1 0 
0 0 0 0 0 0 0 0 0 0 0 0 0 0 0 0 0 0 0 0 0 0 0 0 0 0 0 0 0 1 

Free parameters:

initialization.B0
uniform: bounds from 5000 to 500000
current value: 448262
lower bound: 5000
upper bound: 500000


Q's:
qs are nuisance parameters

Penalties:
LL1_Penalty :
Catch limit penalty of 1000 x the sum of squares of (log(actual catch) - log(specified catch)) for fishery LL1 to disencourage breaking exploitation rate limits
LL2_Penalty :
Catch limit penalty of 1000 x the sum of squares of (log(actual catch) - log(specified catch)) for fishery LL2 to disencourage breaking exploitation rate limits
meanYCS_1 :
Vector average penalty of 100 x square of (mean(recruitment.YCS) - 1) 
Penalty_Tags2005_R1_LL1 :
'Fish-must-be-tagged' penalty of 1 x square of (actual number of tagged fish - nominal number of tagged fish) for tagging episode Tags2005_R1_LL1
Penalty_Tags2006_R1_LL1 :
'Fish-must-be-tagged' penalty of 1 x square of (actual number of tagged fish - nominal number of tagged fish) for tagging episode Tags2006_R1_LL1
Penalty_Tags2007_R1_LL1 :
'Fish-must-be-tagged' penalty of 1 x square of (actual number of tagged fish - nominal number of tagged fish) for tagging episode Tags2007_R1_LL1
Penalty_Tags2008_R1_LL1 :
'Fish-must-be-tagged' penalty of 1 x square of (actual number of tagged fish - nominal number of tagged fish) for tagging episode Tags2008_R1_LL1
Penalty_Tags2009_R1_LL1 :
'Fish-must-be-tagged' penalty of 1 x square of (actual number of tagged fish - nominal number of tagged fish) for tagging episode Tags2009_R1_LL1

Components of the objective function are:
  LL1_catchA
  Tags2005_R1_R1
  Tags2006_R1_R1
  Tags2007_R1_R1
  Tags2008_R1_R1
  Tags2009_R1_R1
  prior_on_initialization.B0
  LL1_Penalty
  LL2_Penalty
  meanYCS_1
  Penalty_Tags2005_R1_LL1
  Penalty_Tags2006_R1_LL1
  Penalty_Tags2007_R1_LL1
  Penalty_Tags2008_R1_LL1
  Penalty_Tags2009_R1_LL1

Random number seed : 20691


Minimiser achieved convergence after 5 quasi-Newton iterations using 8 objective function evaluations



Approximate Covariance matrix (Inverse Hessian of parameters at point estimate):
2.83608e+007 

Correlation matrix:
1 

List of parameter names, in the same order as the rows & cols of the covariance/correlation matrices:
initialization.B0 



Start extracting output from here

Point estimate:
initialization.B0
current value: 189100
lower bound: 5000
upper bound: 500000


In a format suitable for -i :

initialization.B0 
189100 

Objective function : 898.743

Components :
LL1_catchA                                         400.25
Tags2005_R1_R1                                     153.282
Tags2006_R1_R1                                     133.403
Tags2007_R1_R1                                     105.74
Tags2008_R1_R1                                     64.076
Tags2009_R1_R1                                     41.9919
prior_on_initialization.B0                         0
LL1_Penalty                                        0
LL2_Penalty                                        0
meanYCS_1                                          0
Penalty_Tags2005_R1_LL1                            2.06795e-025
Penalty_Tags2006_R1_LL1                            0
Penalty_Tags2007_R1_LL1                            0
Penalty_Tags2008_R1_LL1                            2.06795e-025
Penalty_Tags2009_R1_LL1                            1.86116e-024

Fits : 

The observations are:
LL1_catchA
Tags2005_R1_R1
Tags2006_R1_R1
Tags2007_R1_R1
Tags2008_R1_R1
Tags2009_R1_R1
Fits follow:

LL1_catchA :
catch proportions-at-age for fishery LL1  with ageing error (constrained to sum to 1):
obs (last class is a plus group):
class 1       2       3       4       5       6       7       8       9       10      11      12      13      14      15      16      17      18      19      20      21      22      23      24      25      26      27      28      29      30      
2000 0       0       0       0       0       0.02    0.07    0.18    0.12    0.1     0.1     0.08    0.05    0.07    0.05    0.02    0.04    0.02    0.02    0.01    0       0       0.02    0.01    0.02    0       0       0       0       0       
2001 0       0       0       0       0.01    0.01    0.06    0.08    0.14    0.13    0.18    0.11    0.07    0.06    0.03    0.06    0.01    0       0.02    0.02    0       0       0       0       0.01    0       0       0       0       0       
2002 0       0       0       0       0.01    0.03    0.04    0.12    0.13    0.14    0.1     0.11    0.02    0.08    0.04    0.05    0.03    0.01    0.02    0.02    0       0       0       0.02    0.02    0       0       0       0       0.01    
2003 0       0       0       0       0.01    0       0.05    0.12    0.14    0.19    0.1     0.07    0.12    0.01    0.02    0.07    0.01    0.03    0.01    0.03    0.01    0       0       0       0.01    0       0       0       0       0       
2004 0       0       0       0       0.01    0.02    0.04    0.07    0.26    0.16    0.11    0.06    0.03    0.05    0.05    0.01    0.03    0.02    0.02    0.01    0.01    0       0.01    0       0.01    0       0       0.01    0       0.01    
2005 0       0       0       0       0       0.03    0.01    0.14    0.2     0.1     0.11    0.08    0.11    0.03    0.02    0.04    0.04    0       0.03    0.01    0.01    0.01    0       0.01    0       0       0.01    0       0       0.01    
2006 0       0       0       0       0       0.03    0.07    0.14    0.23    0.15    0.08    0.12    0.04    0.04    0.04    0.02    0.01    0       0       0.01    0       0       0.01    0       0       0       0.01    0       0       0       
2007 0       0       0       0       0       0.01    0.09    0.14    0.16    0.1     0.12    0.13    0.05    0.07    0.04    0.01    0.03    0.01    0.01    0.01    0.01    0       0       0       0.01    0       0       0       0       0       
2008 0       0       0       0       0       0.01    0.06    0.09    0.15    0.16    0.11    0.12    0.04    0.05    0.03    0.06    0.01    0.02    0.04    0.01    0       0       0.02    0       0       0       0       0.01    0       0.01    
2009 0       0       0       0       0       0       0.04    0.13    0.2     0.17    0.09    0.11    0.04    0.07    0.02    0.02    0.05    0.01    0.01    0.01    0       0.01    0       0       0.01    0       0       0       0       0.01    
2010 0       0       0       0       0       0.02    0.07    0.14    0.14    0.16    0.12    0.1     0.07    0.06    0.02    0.03    0.01    0.02    0.01    0.01    0       0.02    0       0       0       0       0       0       0       0       
fits (last class is a plus group):
class 1       2       3       4       5       6       7       8       9       10      11      12      13      14      15      16      17      18      19      20      21      22      23      24      25      26      27      28      29      30      
2000 4.9099e-007 8.02818e-006 9.28146e-005 0.000758648 0.00438363 0.0178971 0.0515335 0.104167 0.14681 0.143783 0.116668 0.0934833 0.0740255 0.0579715 0.044941 0.0345535 0.0264555 0.0202824 0.0155995 0.0119464 0.00904715 0.00677032 0.00500264 0.00364723 0.00262184 0.00185726 0.00129584 0.000890174 0.000601911 0.00290509 
2001 4.92467e-007 8.05242e-006 9.31012e-005 0.000761089 0.00439854 0.017962 0.0517318 0.104581 0.147379 0.144414 0.117173 0.0938  0.0742012 0.0580445 0.0449307 0.0344451 0.0261995 0.0198494 0.0150607 0.0114642 0.00868871 0.00651107 0.00482039 0.00352284 0.00253953 0.00180452 0.00126317 0.000870656 0.00059069 0.00289086 
2002 4.93675e-007 8.07192e-006 9.33277e-005 0.000762992 0.0044101 0.0180123 0.0518869 0.104908 0.147832 0.144812 0.117543 0.094091 0.0743626 0.0581133 0.0449352 0.0343986 0.0260891 0.019637 0.0147245 0.0110578 0.00833053 0.00624776 0.00463203 0.00339186 0.00245109 0.00174662 0.00122646 0.000848142 0.000577363 0.00286949 
2003 4.94708e-007 8.08833e-006 9.35146e-005 0.000764529 0.00441928 0.018052 0.0520089 0.105167 0.148192 0.145127 0.11775 0.094295 0.0745207 0.0581841 0.0449468 0.0343713 0.0260316 0.0195382 0.0145556 0.010803 0.00802959 0.00598627 0.00444195 0.0032574 0.00235864 0.0016849 0.0011865 0.000823085 0.000562166 0.00284113 
2004 4.95639e-007 8.10292e-006 9.36777e-005 0.000765839 0.0044269 0.0180843 0.0521069 0.105373 0.148476 0.145375 0.117912 0.0943855 0.0746234 0.058263 0.044968 0.0343554 0.0259931 0.0194824 0.0144736 0.010673 0.00784036 0.0057671 0.00425402 0.00312235 0.0022642 0.00162071 0.00114414 0.000795985 0.000545371 0.00280593 
2005 4.96521e-007 8.11659e-006 9.38283e-005 0.000767025 0.00443361 0.0181118 0.0521883 0.105541 0.148705 0.14557 0.118036 0.0944533 0.0746469 0.0583066 0.0450016 0.0343517 0.0259668 0.0194435 0.0144252 0.010608 0.00774272 0.005629 0.0040968 0.00298926 0.00216965 0.00155537 0.00110026 0.000767375 0.000527287 0.00276412 
2006 4.97396e-007 8.13006e-006 9.39754e-005 0.000768167 0.00443995 0.018137 0.0522601 0.105684 0.148892 0.145724 0.118128 0.0945002 0.0746598 0.058294 0.0450123 0.0343607 0.0259521 0.0194156 0.0143907 0.0105687 0.007693 0.00555721 0.00399759 0.00287805 0.0020767 0.00149011 0.0010557 0.000737811 0.000508252 0.00271602 
2007 4.98283e-007 8.14365e-006 9.41229e-005 0.000769301 0.00444615 0.0181612 0.052327 0.105811 0.149052 0.145847 0.118196 0.0945289 0.0746617 0.0582774 0.0449829 0.0343545 0.0259487 0.0193975 0.0143652 0.0105402 0.00766237 0.00552012 0.0039457 0.00280778 0.00199907 0.00142602 0.00101125 0.00070783 0.000488608 0.002662 
2008 4.99197e-007 8.15762e-006 9.42738e-005 0.000770456 0.00445241 0.0181852 0.052392 0.105931 0.149196 0.145949 0.118244 0.0945421 0.0746528 0.058255 0.0449523 0.0343192 0.025935 0.0193887 0.0143475 0.0105186 0.0076398 0.00549692 0.00391859 0.00277084 0.00194994 0.00137252 0.000967632 0.000677948 0.000468703 0.00260259 
2009 5.00143e-007 8.17208e-006 9.44298e-005 0.000771645 0.00445882 0.0182097 0.0524572 0.106049 0.149331 0.146038 0.118279 0.0945428 0.0746336 0.0582256 0.0449185 0.034284 0.0258999 0.0193726 0.014337 0.010503 0.00762243 0.00547961 0.00390141 0.00275135 0.00192401 0.00133862 0.000931221 0.000648641 0.000448874 0.00253841 
2010 5.01123e-007 8.18708e-006 9.45916e-005 0.000772875 0.00446543 0.0182347 0.0525235 0.106168 0.149464 0.146122 0.118305 0.094534 0.0746057 0.0581891 0.0448799 0.0342467 0.0258651 0.0193407 0.0143212 0.0104927 0.00760944 0.00546605 0.00388842 0.00273885 0.00191021 0.00132065 0.000908117 0.00062417 0.00042943 0.00247021 
resids (last class is a plus group):
class 1       2       3       4       5       6       7       8       9       10      11      12      13      14      15      16      17      18      19      20      21      22      23      24      25      26      27      28      29      30      
2000 -4.9099e-007 -8.02818e-006 -9.28146e-005 -0.000758648 -0.00438363 0.0021029 0.0184665 0.0758333 -0.0268098 -0.0437833 -0.0166681 -0.0134833 -0.0240255 0.0120285 0.00505902 -0.0145535 0.0135445 -0.000282408 0.00440049 -0.00194641 -0.00904715 -0.00677032 0.0149974 0.00635277 0.0173782 -0.00185726 -0.00129584 -0.000890174 -0.000601911 -0.00290509 
2001 -4.92467e-007 -8.05242e-006 -9.31012e-005 -0.000761089 0.00560146 -0.00796196 0.00826823 -0.0245809 -0.007379 -0.0144143 0.0628267 0.0162  -0.0042012 0.00195554 -0.0149307 0.0255549 -0.0161995 -0.0198494 0.00493934 0.00853577 -0.00868871 -0.00651107 -0.00482039 -0.00352284 0.00746047 -0.00180452 -0.00126317 -0.000870656 -0.00059069 -0.00289086 
2002 -4.93675e-007 -8.07192e-006 -9.33277e-005 -0.000762992 0.0055899 0.0119877 -0.0118869 0.0150919 -0.0178322 -0.00481181 -0.0175431 0.015909 -0.0543626 0.0218867 -0.00493522 0.0156014 0.00391088 -0.00963698 0.00527549 0.00894222 -0.00833053 -0.00624776 -0.00463203 0.0166081 0.0175489 -0.00174662 -0.00122646 -0.000848142 -0.000577363 0.00713051 
2003 -4.94708e-007 -8.08833e-006 -9.35146e-005 -0.000764529 0.00558072 -0.018052 -0.00200894 0.0148334 -0.0081915 0.0448729 -0.01775 -0.024295 0.0454793 -0.0481841 -0.0249468 0.0356287 -0.0160316 0.0104618 -0.00455563 0.019197 0.00197041 -0.00598627 -0.00444195 -0.0032574 0.00764136 -0.0016849 -0.0011865 -0.000823085 -0.000562166 -0.00284113 
2004 -4.95639e-007 -8.10292e-006 -9.36777e-005 -0.000765839 0.0055731 0.00191574 -0.0121069 -0.0353726 0.111524 0.0146245 -0.00791172 -0.0343855 -0.0446234 -0.00826295 0.005032 -0.0243554 0.00400693 0.00051755 0.00552645 -0.000672966 0.00215964 -0.0057671 0.00574598 -0.00312235 0.0077358 -0.00162071 -0.00114414 0.00920402 -0.000545371 0.00719407 
2005 -4.96521e-007 -8.11659e-006 -9.38283e-005 -0.000767025 -0.00443361 0.0118882 -0.0421883 0.0344595 0.0512952 -0.0455704 -0.0080358 -0.0144533 0.0353531 -0.0283066 -0.0250016 0.00564831 0.0140332 -0.0194435 0.0155748 -0.00060797 0.00225728 0.004371 -0.0040968 0.00701074 -0.00216965 -0.00155537 0.00889974 -0.000767375 -0.000527287 0.00723588 
2006 -4.97396e-007 -8.13006e-006 -9.39754e-005 -0.000768167 -0.00443995 0.011863 0.0177399 0.0343165 0.0811077 0.00427633 -0.0381282 0.0254998 -0.0346598 -0.018294 -0.00501231 -0.0143607 -0.0159521 -0.0194156 -0.0143907 -0.000568693 -0.007693 -0.00555721 0.00600241 -0.00287805 -0.0020767 -0.00149011 0.0089443 -0.000737811 -0.000508252 -0.00271602 
2007 -4.98283e-007 -8.14365e-006 -9.41229e-005 -0.000769301 -0.00444615 -0.00816119 0.037673 0.0341888 0.0109478 -0.0458468 0.00180433 0.0354711 -0.0246617 0.0117226 -0.00498286 -0.0243545 0.00405131 -0.00939751 -0.00436518 -0.00054017 0.00233763 -0.00552012 -0.0039457 -0.00280778 0.00800093 -0.00142602 -0.00101125 -0.00070783 -0.000488608 -0.002662 
2008 -4.99197e-007 -8.15762e-006 -9.42738e-005 -0.000770456 -0.00445241 -0.00818524 0.00760799 -0.0159315 0.000804429 0.014051 -0.00824422 0.0254579 -0.0346528 -0.00825498 -0.0149523 0.0256808 -0.015935 0.000611335 0.0256525 -0.000518595 -0.0076398 -0.00549692 0.0160814 -0.00277084 -0.00194994 -0.00137252 -0.000967632 0.00932205 -0.000468703 0.00739741 
2009 -5.00143e-007 -8.17208e-006 -9.44298e-005 -0.000771645 -0.00445882 -0.0182097 -0.0124572 0.0239506 0.050669 0.0239616 -0.0282791 0.0154572 -0.0346336 0.0117744 -0.0249185 -0.014284 0.0241001 -0.00937257 -0.00433701 -0.000503014 -0.00762243 0.00452039 -0.00390141 -0.00275135 0.00807599 -0.00133862 -0.000931221 -0.000648641 -0.000448874 0.00746159 
2010 -5.01123e-007 -8.18708e-006 -9.45916e-005 -0.000772875 -0.00446543 0.00176528 0.0174765 0.0338322 -0.00946426 0.013878 0.00169464 0.00546605 -0.0046057 0.00181087 -0.0248799 -0.00424669 -0.0158651 0.000659325 -0.00432124 -0.000492738 -0.00760944 0.0145339 -0.00388842 -0.00273885 -0.00191021 -0.00132065 -0.000908117 -0.00062417 -0.00042943 -0.00247021 
pearson_resids (last class is a plus group):
class 1       2       3       4       5       6       7       8       9       10      11      12      13      14      15      16      17      18      19      20      21      22      23      24      25      26      27      28      29      30      
2000 -0.00700707 -0.0283342 -0.0963448 -0.27554 -0.663546 0.158616 0.835271 2.48246 -0.757517 -1.24785 -0.519215 -0.463171 -0.91766 0.514721 0.244191 -0.796814 0.843974 -0.020034 0.355108 -0.179154 -0.955497 -0.825619 2.12571 1.05384 3.39837 -0.43136 -0.360211 -0.298491 -0.245413 -0.539773 
2001 -0.0070176 -0.0283769 -0.0964934 -0.275983 0.846456 -0.599486 0.373309 -0.803264 -0.208162 -0.410067 1.95341 0.555651 -0.160291 0.0836316 -0.72076 1.40127 -1.01419 -1.42307 0.405548 0.801815 -0.936209 -0.809552 -0.69597 -0.594584 1.48232 -0.42518 -0.355636 -0.295197 -0.243113 -0.538446 
2002 -0.0070262 -0.0284112 -0.0966107 -0.276329 0.843606 0.901355 -0.535931 0.492498 -0.50241 -0.136734 -0.544706 0.54491 -2.07206 0.935501 -0.23823 0.856041 0.24535 -0.694561 0.437989 0.855117 -0.916543 -0.792909 -0.682172 2.85654 3.54897 -0.418291 -0.350423 -0.291352 -0.240353 1.33304 
2003 -0.00703355 -0.0284401 -0.0967075 -0.276607 0.84135 -1.35587 -0.0904744 0.483538 -0.230558 1.27397 -0.55071 -0.831341 1.73178 -2.05835 -1.20407 1.95568 -1.00682 0.755872 -0.380379 1.85703 0.22078 -0.776036 -0.667965 -0.571669 1.57526 -0.410821 -0.34466 -0.287013 -0.237167 -0.533781 
2004 -0.00704017 -0.0284657 -0.0967918 -0.276844 0.839481 0.143764 -0.544759 -1.15208 3.13646 0.414904 -0.245322 -1.17612 -1.69811 -0.352756 0.242818 -1.33718 0.251827 0.0374458 0.462726 -0.0654908 0.244863 -0.761614 0.882855 -0.559654 1.62757 -0.402907 -0.338445 3.26361 -0.233596 1.36002 
2005 -0.00704643 -0.0284897 -0.0968696 -0.277058 -0.667335 0.891466 -1.8969 1.12155 1.4417  -1.29214 -0.249056 -0.494199 1.34514 -1.20802 -1.20601 0.310124 0.882393 -1.40816 1.30622 -0.0593447 0.257529 0.58424 -0.641378 1.2842  -0.466302 -0.394688 2.68454 -0.277122 -0.229688 1.37821 
2006 -0.00705263 -0.0285134 -0.0969455 -0.277265 -0.667813 0.888967 0.797113 1.11623 2.27842 0.121201 -1.18132 0.871717 -1.31866 -0.780798 -0.241754 -0.788381 -1.00332 -1.40712 -1.20834 -0.0556128 -0.880491 -0.747547 0.951254 -0.537249 -0.456182 -0.386307 2.75427 -0.271727 -0.225502 -0.521863 
2007 -0.00705892 -0.0285372 -0.0970215 -0.27747 -0.668282 -0.611169 1.69176 1.11148 0.307401 -1.29895 0.0558895 1.21242 -0.938263 0.500396 -0.240408 -1.33715 0.254828 -0.681386 -0.36685 -0.0528942 0.268079 -0.745035 -0.629391 -0.53063 1.79127 -0.377897 -0.318162 -0.266145 -0.221099 -0.516634 
2008 -0.00706539 -0.0285617 -0.0970993 -0.277678 -0.668754 -0.612572 0.341447 -0.517676 0.0225785 0.397983 -0.25532 0.870112 -1.31845 -0.352438 -0.721639 1.41066 -1.00257 0.044336 2.15714 -0.0508329 -0.877418 -0.743458 2.57402 -0.527118 -0.442013 -0.37073 -0.311218 3.58146 -0.216546 1.45192 
2009 -0.00707208 -0.028587 -0.0971796 -0.277892 -0.669238 -1.36189 -0.55875 0.777868 1.42163 0.67852 -0.87568 0.528302 -1.31787 0.502813 -1.20307 -0.785018 1.51729 -0.680006 -0.364835 -0.0493419 -0.876412 0.612343 -0.625835 -0.525256 1.84293 -0.366117 -0.305301 -0.254767 -0.211914 1.48287 
2010 -0.00707901 -0.0286132 -0.0972628 -0.278114 -0.669736 0.131935 0.78342 1.09826 -0.265443 0.392889 0.0524706 0.186829 -0.175286 0.0773541 -1.2017 -0.233511 -0.999485 0.0478745 -0.363706 -0.0483574 -0.875659 1.97123 -0.624788 -0.524058 -0.437477 -0.363648 -0.301487 -0.249912 -0.207271 -0.497627 
objective function: multinomial likelihood, with delta = 1e-011, N =
100 100 100 100 100 100 100 100 100 100 100 100 100 100 100 100 100 100 100 100 100 100 100 100 100 100 100 100 100 100 
100 100 100 100 100 100 100 100 100 100 100 100 100 100 100 100 100 100 100 100 100 100 100 100 100 100 100 100 100 100 
100 100 100 100 100 100 100 100 100 100 100 100 100 100 100 100 100 100 100 100 100 100 100 100 100 100 100 100 100 100 
100 100 100 100 100 100 100 100 100 100 100 100 100 100 100 100 100 100 100 100 100 100 100 100 100 100 100 100 100 100 
100 100 100 100 100 100 100 100 100 100 100 100 100 100 100 100 100 100 100 100 100 100 100 100 100 100 100 100 100 100 
100 100 100 100 100 100 100 100 100 100 100 100 100 100 100 100 100 100 100 100 100 100 100 100 100 100 100 100 100 100 
100 100 100 100 100 100 100 100 100 100 100 100 100 100 100 100 100 100 100 100 100 100 100 100 100 100 100 100 100 100 
100 100 100 100 100 100 100 100 100 100 100 100 100 100 100 100 100 100 100 100 100 100 100 100 100 100 100 100 100 100 
100 100 100 100 100 100 100 100 100 100 100 100 100 100 100 100 100 100 100 100 100 100 100 100 100 100 100 100 100 100 
100 100 100 100 100 100 100 100 100 100 100 100 100 100 100 100 100 100 100 100 100 100 100 100 100 100 100 100 100 100 
100 100 100 100 100 100 100 100 100 100 100 100 100 100 100 100 100 100 100 100 100 100 100 100 100 100 100 100 100 100 

Tags2005_R1_R1 :
tag-recapture data for tag Tags2005_R1 in years 2006 2007 2008 2009 2010 , step 1, after proportion 0.5 of mortality, with sampling method size, detection probability 1.
Year 2006
class scanned recaptured expected_prop neg_log_likelihood
100 0 0 0 0
150 0 0 1.42676e-012 0
200 0 0 8.38998e-012 0
250 2 0 5.86112e-011 1.17222e-010
300 28 0 7.87192e-010 2.20414e-008
350 320 0 9.89056e-009 3.16498e-006
400 2302 0 9.23901e-008 0.000212682
450 11502 0 6.22796e-007 0.0071634
500 39770 0 2.96756e-006 0.11802
550 96806 1 1.0134e-005 1.00018
600 173902 4 2.56473e-005 1.65746
650 243624 11 5.00646e-005 2.18619
700 277690 13 7.84676e-005 4.28328
750 266092 26 0.000102818 2.58547
800 224820 26 0.000117671 2.55507
850 178122 20 0.000122866 2.50456
900 136978 10 0.000121192 3.61076
950 101584 14 0.000115303 2.4544
1000 71958 6 0.000106789 2.02846
1050 49292 8 9.65579e-005 2.88296
1100 33518 2 8.52139e-005 1.45034
1150 23134 2 7.32344e-005 1.33288
1200 16316 1 6.11351e-005 0.999973
1250 11662 0 4.96537e-005 0.579076
1300 8346 0 3.95673e-005 0.330235
1350 5944 0 3.13804e-005 0.186528
1400 4222 0 2.52834e-005 0.106748
1450 2988 0 2.10027e-005 0.0627568
1500 2086 0 1.80796e-005 0.0377143
1550 1406 0 1.61145e-005 0.0226572
1600 896 0 1.47572e-005 0.0132225
1650 530 0 1.38373e-005 0.00733383
1700 286 0 1.32318e-005 0.00378431
1750 140 0 1.28423e-005 0.00179794
1800 62 0 1.25956e-005 0.000780934
1850 24 0 1.244e-005 0.000298562
1900 8 0 1.23386e-005 9.87092e-005
1950 2 0 1.22607e-005 2.45215e-005
2000 0 0 1.21742e-005 0

total neg_log_likelihood: 33.0104


Year 2007
class scanned recaptured expected_prop neg_log_likelihood
100 0 0 0 0
150 0 0 4.77409e-015 0
200 0 0 4.78868e-013 0
250 2 0 7.07924e-012 1.41585e-011
300 28 0 1.45114e-010 4.06319e-009
350 344 0 2.02088e-009 6.95183e-007
400 2442 0 1.95068e-008 4.76355e-005
450 11568 0 1.50177e-007 0.00173724
500 39724 0 8.71141e-007 0.0346052
550 99366 0 3.68214e-006 0.36588
600 181960 1 1.15032e-005 1.35446
650 252416 6 2.73836e-005 1.8917
700 280488 13 5.14119e-005 2.28018
750 265182 19 7.87254e-005 2.4825
800 224010 26 0.000101858 2.76348
850 176300 22 0.000115898 2.52681
900 134278 15 0.00012067 2.32429
950 100438 13 0.000118672 2.25535
1000 72920 9 0.000112438 2.06466
1050 50898 3 0.000103529 2.07544
1100 34514 3 9.28153e-005 1.50248
1150 23278 0 8.08931e-005 1.8831
1200 15942 1 6.8382e-005 1.0038
1250 11162 0 5.6134e-005 0.626585
1300 7944 0 4.50812e-005 0.358133
1350 5686 0 3.58956e-005 0.204106
1400 4062 0 2.89185e-005 0.117469
1450 2880 1 2.39396e-005 2.74336
1500 2006 0 2.04886e-005 0.0411006
1550 1350 0 1.81379e-005 0.0244864
1600 862 0 1.64879e-005 0.0142127
1650 512 0 1.53506e-005 0.00785958
1700 278 0 1.45899e-005 0.00405603
1750 138 0 1.4094e-005 0.00194499
1800 62 0 1.37765e-005 0.000854149
1850 24 0 1.3575e-005 0.000325803
1900 8 0 1.34444e-005 0.000107556
1950 2 0 1.33477e-005 2.66957e-005
2000 0 0 1.32462e-005 0

total neg_log_likelihood: 30.9552


Year 2008
class scanned recaptured expected_prop neg_log_likelihood
100 0 0 0 0
150 0 0 0 0
200 0 0 1.37783e-014 0
250 2 0 6.49113e-013 1.29829e-012
300 28 0 2.48264e-011 6.95138e-010
350 344 0 4.69396e-010 1.61472e-007
400 2602 0 4.65537e-009 1.21133e-005
450 12332 0 3.58652e-008 0.000442289
500 40170 0 2.36288e-007 0.0094917
550 97884 0 1.19353e-006 0.116828
600 182308 1 4.5287e-006 1.01724
650 260086 2 1.3069e-005 1.64521
700 291620 11 2.94254e-005 2.43823
750 271378 8 5.31788e-005 3.68088
800 224512 19 7.93971e-005 2.43337
850 174626 21 0.000101187 2.74089
900 131756 10 0.000114236 3.04113
950 97934 10 0.000118398 2.19367
1000 71728 7 0.00011595 2.01399
1050 51120 7 0.00010924 2.06969
1100 35200 3 9.97453e-005 1.53502
1150 23658 0 8.83172e-005 2.0895
1200 15864 0 7.57101e-005 1.20111
1250 10828 1 6.29068e-005 1.06508
1300 7580 0 5.10103e-005 0.386668
1350 5410 1 4.08798e-005 1.72999
1400 3886 1 3.30315e-005 2.18124
1450 2772 0 2.73431e-005 0.075796
1500 1934 0 2.33479e-005 0.0451554
1550 1300 0 2.05974e-005 0.0267769
1600 826 0 1.86445e-005 0.0154005
1650 490 0 1.7283e-005 0.00846872
1700 266 0 1.63629e-005 0.00435258
1750 132 0 1.57579e-005 0.00208006
1800 58 0 1.53681e-005 0.000891356
1850 24 0 1.51199e-005 0.00036288
1900 8 0 1.49593e-005 0.000119675
1950 2 0 1.48424e-005 2.96851e-005
2000 0 0 1.47249e-005 0

total neg_log_likelihood: 33.7691


Year 2009
class scanned recaptured expected_prop neg_log_likelihood
100 0 0 0 0
150 0 0 0 0
200 0 0 4.66398e-017 0
250 2 0 3.97381e-014 7.9492e-014
300 28 0 3.34819e-012 9.37499e-011
350 338 0 1.06034e-010 3.58395e-008
400 2596 0 1.33745e-009 3.47202e-006
450 13080 0 9.25951e-009 0.000121114
500 43468 0 6.31657e-008 0.00274569
550 101422 0 3.60333e-007 0.0365457
600 180382 0 1.61221e-006 0.290815
650 255904 1 5.55983e-006 1.07017
700 293398 3 1.49226e-005 1.74006
750 278302 12 3.18324e-005 2.66899
800 229716 8 5.5304e-005 2.97338
850 175798 18 8.03515e-005 2.85723
900 130724 15 0.000100711 2.40075
950 96182 12 0.000112611 2.22919
1000 70174 11 0.000115998 2.57758
1050 50456 6 0.000112922 1.83652
1100 35360 4 0.000105514 1.64229
1150 24054 0 9.51626e-005 2.28915
1200 16060 2 8.28835e-005 1.45218
1250 10754 0 6.98231e-005 0.750904
1300 7362 0 5.72711e-005 0.421642
1350 5182 1 4.62942e-005 1.6674
1400 3714 0 3.76118e-005 0.139693
1450 2662 0 3.12176e-005 0.0831024
1500 1866 0 2.66683e-005 0.0497637
1550 1256 0 2.35053e-005 0.029523
1600 798 0 2.1238e-005 0.0169481
1650 470 0 1.96439e-005 0.00923275
1700 254 0 1.85591e-005 0.00471406
1750 126 0 1.78417e-005 0.00224807
1800 56 0 1.73775e-005 0.000973147
1850 22 0 1.70814e-005 0.000375793
1900 8 0 1.68901e-005 0.000135122
1950 2 0 1.67522e-005 3.35046e-005
2000 0 0 1.66161e-005 0

total neg_log_likelihood: 29.2444


Year 2010
class scanned recaptured expected_prop neg_log_likelihood
100 0 0 0 0
150 0 0 0 0
200 0 0 0 0
250 2 0 1.1847e-015 2.44249e-015
300 30 0 3.22581e-013 9.67892e-012
350 342 0 1.9909e-011 6.8089e-009
400 2546 0 4.31524e-010 1.09866e-006
450 12914 0 2.75335e-009 3.55567e-005
500 45438 0 1.78534e-008 0.000811225
550 110634 0 1.06765e-007 0.0118118
600 193100 0 5.38123e-007 0.103912
650 259840 1 2.16307e-006 1.13821
700 288924 2 6.83396e-006 1.30701
750 275666 7 1.71054e-005 2.38474
800 231594 8 3.45646e-005 1.96905
850 178066 9 5.76732e-005 2.10872
900 131090 15 8.14906e-005 3.05264
950 95240 11 0.000100329 2.2295
1000 68874 4 0.000110941 2.68498
1050 49434 6 0.000113355 1.84234
1100 34952 6 0.00010939 2.35578
1150 24134 1 0.000100966 1.54609
1200 16262 0 8.95869e-005 1.45693
1250 10830 1 7.66734e-005 1.01621
1300 7284 0 6.37362e-005 0.46427
1350 5028 0 5.2072e-005 0.261825
1400 3564 0 4.26302e-005 0.151937
1450 2550 0 3.5556e-005 0.0906693
1500 1794 0 3.04543e-005 0.0546358
1550 1212 0 2.6871e-005 0.0325681
1600 770 0 2.42794e-005 0.0186953
1650 454 0 2.24438e-005 0.0101896
1700 246 0 2.11875e-005 0.00521218
1750 120 0 2.03531e-005 0.0024424
1800 54 0 1.98117e-005 0.00106984
1850 22 0 1.94659e-005 0.000428253
1900 8 0 1.9243e-005 0.000153945
1950 2 0 1.90833e-005 3.8167e-005
2000 0 0 1.89273e-005 0

total neg_log_likelihood: 26.3029


Tags2006_R1_R1 :
tag-recapture data for tag Tags2006_R1 in years 2007 2008 2009 2010 , step 1, after proportion 0.5 of mortality, with sampling method size, detection probability 1.
Year 2007
class scanned recaptured expected_prop neg_log_likelihood
100 0 0 0 0
150 0 0 2.76314e-012 0
200 0 0 1.24874e-011 0
250 2 0 7.21428e-011 1.44285e-010
300 28 0 9.35578e-010 2.61962e-008
350 344 0 1.16782e-008 4.0173e-006
400 2442 0 1.0485e-007 0.000256044
450 11568 0 6.7565e-007 0.00781592
500 39724 0 3.11636e-006 0.123795
550 99366 0 1.04384e-005 1.03723
600 181960 2 2.6161e-005 2.33282
650 252416 12 5.08895e-005 2.19676
700 280488 18 7.97906e-005 2.82849
750 265182 20 0.000104781 3.63104
800 224010 35 0.000120136 3.80832
850 176300 25 0.000125329 2.71472
900 134278 11 0.000122931 3.16773
950 100438 13 0.000115635 2.28734
1000 72920 8 0.00010528 1.97572
1050 50898 7 9.31368e-005 2.37266
1100 34514 2 8.01941e-005 1.42483
1150 23278 0 6.72395e-005 1.56525
1200 15942 0 5.49235e-005 0.875615
1250 11162 0 4.3899e-005 0.490011
1300 7944 0 3.46875e-005 0.275562
1350 5686 0 2.75066e-005 0.156405
1400 4062 0 2.23228e-005 0.0906764
1450 2880 0 1.87671e-005 0.0540498
1500 2006 0 1.63803e-005 0.0328592
1550 1350 0 1.47948e-005 0.0199731
1600 862 0 1.37068e-005 0.0118154
1650 512 0 1.29712e-005 0.0066413
1700 278 0 1.24868e-005 0.00347136
1750 138 0 1.21748e-005 0.00168014
1800 62 0 1.19767e-005 0.000742562
1850 24 0 1.18514e-005 0.000284436
1900 8 0 1.17698e-005 9.41588e-005
1950 2 0 1.17082e-005 2.34164e-005
2000 0 0 1.16417e-005 0

total neg_log_likelihood: 33.4947


Year 2008
class scanned recaptured expected_prop neg_log_likelihood
100 0 0 0 0
150 0 0 9.55283e-015 0
200 0 0 8.25898e-013 0
250 2 0 9.1049e-012 1.82099e-011
300 28 0 1.66657e-010 4.6664e-009
350 344 0 2.30805e-009 7.9397e-007
400 2602 0 2.22084e-008 5.77862e-005
450 12332 0 1.65951e-007 0.0020465
500 40170 0 9.30844e-007 0.037392
550 97884 0 3.83879e-006 0.375756
600 182308 1 1.18152e-005 1.38667
650 260086 7 2.79152e-005 1.9085
700 291620 18 5.22762e-005 2.60394
750 271378 25 8.00919e-005 2.76545
800 224512 22 0.000103816 2.50561
850 174626 18 0.000118256 2.54661
900 131756 17 0.000122905 2.36014
950 97934 12 0.000120088 2.17069
1000 71728 5 0.000112404 2.41391
1050 51120 3 0.000101687 2.04507
1100 35200 1 8.91842e-005 1.99534
1150 23658 0 7.58735e-005 1.79508
1200 15864 0 6.26404e-005 0.993758
1250 10828 1 5.03932e-005 1.15138
1300 7580 0 3.98993e-005 0.302443
1350 5410 0 3.15586e-005 0.170735
1400 3886 0 2.54483e-005 0.0988932
1450 2772 0 2.12112e-005 0.0587979
1500 1934 0 1.83401e-005 0.0354701
1550 1300 1 1.64178e-005 3.86835
1600 826 0 1.50853e-005 0.0124605
1650 490 0 1.41736e-005 0.00694514
1700 266 0 1.35662e-005 0.00360864
1750 132 0 1.31707e-005 0.00173854
1800 58 0 1.29174e-005 0.000749212
1850 24 0 1.27563e-005 0.000306153
1900 8 0 1.26514e-005 0.000101212
1950 2 0 1.25739e-005 2.5148e-005
2000 0 0 1.24949e-005 0

total neg_log_likelihood: 33.618


Year 2009
class scanned recaptured expected_prop neg_log_likelihood
100 0 0 0 0
150 0 0 0 0
200 0 0 2.66667e-014 0
250 2 0 9.43264e-013 1.88649e-012
300 28 0 2.89937e-011 8.11823e-010
350 338 0 5.19604e-010 1.75626e-007
400 2596 0 5.18668e-009 1.34646e-005
450 13080 0 3.98313e-008 0.000520994
500 43468 0 2.56044e-007 0.0111297
550 101422 0 1.26062e-006 0.127855
600 180382 0 4.69413e-006 0.846738
650 255904 1 1.33927e-005 2.1955
700 293398 7 2.99829e-005 2.10127
750 278302 14 5.40904e-005 2.28215
800 229716 23 8.08082e-005 2.98276
850 175798 13 0.000103131 3.01386
900 130724 26 0.000116469 5.69043
950 96182 8 0.000120384 2.59002
1000 70174 6 0.00011702 2.15759
1050 50456 10 0.000108829 3.56434
1100 35360 2 9.75871e-005 1.66669
1150 24054 1 8.45347e-005 1.32369
1200 16060 1 7.07832e-005 1.00855
1250 10754 0 5.75094e-005 0.618474
1300 7362 1 4.57754e-005 1.42464
1350 5182 0 3.62295e-005 0.187745
1400 3714 0 2.91166e-005 0.108141
1450 2662 0 2.4126e-005 0.0642241
1500 1866 0 2.07148e-005 0.0386542
1550 1256 0 1.8417e-005 0.023132
1600 798 0 1.68144e-005 0.013418
1650 470 0 1.57112e-005 0.00738434
1700 254 0 1.49718e-005 0.00380287
1750 126 0 1.44878e-005 0.00182548
1800 56 0 1.41765e-005 0.000793891
1850 22 0 1.3978e-005 0.000307519
1900 8 0 1.38488e-005 0.000110791
1950 2 0 1.37539e-005 2.75081e-005
2000 0 0 1.36594e-005 0

total neg_log_likelihood: 34.0558


Year 2010
class scanned recaptured expected_prop neg_log_likelihood
100 0 0 0 0
150 0 0 0 0
200 0 0 9.33017e-017 0
250 2 0 6.8168e-014 1.36335e-013
300 30 0 4.20266e-012 1.26079e-010
350 342 0 1.1717e-010 4.00723e-008
400 2546 0 1.44615e-009 3.68189e-006
450 12914 0 1.01711e-008 0.00013135
500 45438 0 6.87973e-008 0.00312601
550 110634 0 3.8465e-007 0.0425554
600 193100 0 1.68733e-006 0.325824
650 259840 1 5.73622e-006 1.09139
700 288924 4 1.52643e-005 1.65257
750 275666 8 3.24253e-005 2.02015
800 231594 17 5.62687e-005 2.89129
850 178066 17 8.18028e-005 2.53326
900 131090 7 0.000102624 3.7839
950 95240 12 0.000114695 2.21965
1000 68874 8 0.000117707 1.96972
1050 49434 4 0.000113627 1.89185
1100 34952 6 0.000104729 2.45415
1150 24134 1 9.27293e-005 1.43239
1200 16262 4 7.90303e-005 3.45972
1250 10830 1 6.50808e-005 1.05459
1300 7284 1 5.22637e-005 1.34642
1350 5028 1 4.15337e-005 1.77502
1400 3564 0 3.33704e-005 0.118934
1450 2550 0 2.75601e-005 0.0702792
1500 1794 0 2.35486e-005 0.0422467
1550 1212 0 2.08288e-005 0.0252447
1600 770 0 1.89222e-005 0.0145702
1650 454 0 1.76046e-005 0.00799255
1700 246 0 1.67186e-005 0.00411281
1750 120 0 1.61372e-005 0.00193648
1800 54 0 1.57625e-005 0.000851181
1850 22 0 1.55232e-005 0.000341514
1900 8 0 1.53675e-005 0.000122941
1950 2 0 1.52533e-005 3.05069e-005
2000 0 0 1.51402e-005 0

total neg_log_likelihood: 32.2344


Tags2007_R1_R1 :
tag-recapture data for tag Tags2007_R1 in years 2008 2009 2010 , step 1, after proportion 0.5 of mortality, with sampling method size, detection probability 1.
Year 2008
class scanned recaptured expected_prop neg_log_likelihood
100 0 0 0 0
150 0 0 1.52907e-012 0
200 0 0 1.00112e-011 0
250 2 0 6.50497e-011 1.30099e-010
300 28 0 8.56711e-010 2.39879e-008
350 344 0 1.08223e-008 3.72288e-006
400 2602 0 1.00123e-007 0.00026052
450 12332 0 6.61725e-007 0.00816039
500 40170 0 3.0971e-006 0.124411
550 97884 0 1.0446e-005 1.0225
600 182308 4 2.62342e-005 1.70073
650 260086 16 5.0977e-005 2.57614
700 291620 23 7.9677e-005 2.49147
750 271378 26 0.000104196 2.64536
800 224512 24 0.000119022 2.65499
850 174626 30 0.000124019 4.05554
900 131756 20 0.000122076 2.86305
950 97934 7 0.000115939 2.87238
1000 71728 8 0.000107215 1.97517
1050 51120 3 9.67696e-005 1.94237
1100 35200 1 8.51799e-005 1.90032
1150 23658 2 7.29402e-005 1.32755
1200 15864 3 6.06085e-005 2.87109
1250 10828 2 4.89568e-005 2.49262
1300 7580 1 3.87786e-005 1.51828
1350 5410 0 3.05837e-005 0.16546
1400 3886 0 2.45481e-005 0.0953951
1450 2772 0 2.03691e-005 0.0564638
1500 1934 0 1.75595e-005 0.0339604
1550 1300 0 1.56998e-005 0.0204099
1600 826 0 1.44332e-005 0.0119219
1650 490 0 1.35839e-005 0.00665615
1700 266 0 1.30289e-005 0.0034657
1750 132 0 1.26735e-005 0.00167291
1800 58 0 1.24487e-005 0.000722032
1850 24 0 1.23066e-005 0.000295361
1900 8 0 1.22133e-005 9.7707e-005
1950 2 0 1.21416e-005 2.42834e-005
2000 0 0 1.20643e-005 0

total neg_log_likelihood: 37.4389


Year 2009
class scanned recaptured expected_prop neg_log_likelihood
100 0 0 0 0
150 0 0 4.8295e-015 0
200 0 0 5.6956e-013 0
250 2 0 8.10177e-012 1.62035e-011
300 28 0 1.56802e-010 4.39045e-009
350 338 0 2.17325e-009 7.34559e-007
400 2596 0 2.10644e-008 5.46831e-005
450 13080 0 1.60683e-007 0.00210173
500 43468 0 9.17347e-007 0.0398753
550 101422 0 3.82317e-006 0.387755
600 180382 0 1.18255e-005 2.13312
650 255904 7 2.79728e-005 1.90554
700 293398 11 5.23132e-005 2.80965
750 278302 22 7.99056e-005 2.46948
800 229716 21 0.000103188 2.60559
850 175798 23 0.000117191 2.6247
900 130724 15 0.00012177 2.30547
950 96182 12 0.000119516 2.17919
1000 70174 5 0.000113041 2.3652
1050 50456 2 0.000103922 2.62275
1100 35360 3 9.30005e-005 1.50892
1150 24054 6 8.08553e-005 4.53312
1200 16060 0 6.81162e-005 1.09398
1250 10754 2 5.56617e-005 2.3181
1300 7362 0 4.44507e-005 0.327253
1350 5182 0 3.51778e-005 0.182295
1400 3714 0 2.81874e-005 0.104689
1450 2662 1 2.32522e-005 2.84415
1500 1866 0 1.98767e-005 0.0370904
1550 1256 0 1.76102e-005 0.0221186
1600 798 0 1.60428e-005 0.0128022
1650 470 0 1.4976e-005 0.00703877
1700 254 0 1.42693e-005 0.00362444
1750 126 0 1.38116e-005 0.00174027
1800 56 0 1.35196e-005 0.0007571
1850 22 0 1.33341e-005 0.000293353
1900 8 0 1.32128e-005 0.000105703
1950 2 0 1.31215e-005 2.62431e-005
2000 0 0 1.30265e-005 0

total neg_log_likelihood: 37.4486


Year 2010
class scanned recaptured expected_prop neg_log_likelihood
100 0 0 0 0
150 0 0 0 0
200 0 0 1.47688e-014 0
250 2 0 7.77013e-013 1.55409e-012
300 30 0 2.72353e-011 8.1706e-010
350 342 0 4.99102e-010 1.70693e-007
400 2546 0 4.96101e-009 1.26307e-005
450 12914 0 3.83371e-008 0.000495085
500 45438 0 2.50235e-007 0.0113702
550 110634 0 1.24771e-006 0.138039
600 193100 0 4.68157e-006 0.904014
650 259840 2 1.34031e-005 1.68021
700 288924 6 3.00211e-005 2.29122
750 275666 8 5.4075e-005 3.89686
800 231594 16 8.05525e-005 2.50908
850 178066 23 0.00010247 3.06179
900 131090 16 0.000115471 2.33452
950 95240 11 0.000119444 2.13168
1000 68874 7 0.000116752 1.97426
1050 49434 3 0.000109811 2.14526
1100 34952 2 0.000100116 1.68731
1150 24134 1 8.84986e-005 1.37698
1200 16262 1 7.56938e-005 1.02313
1250 10830 0 6.26836e-005 0.678885
1300 7284 0 5.05897e-005 0.368505
1350 5028 0 4.03039e-005 0.202652
1400 3564 1 3.23645e-005 2.27513
1450 2550 0 2.66498e-005 0.0679579
1500 1794 0 2.26765e-005 0.0406821
1550 1212 0 1.99732e-005 0.0242077
1600 770 0 1.80801e-005 0.0139218
1650 454 0 1.67775e-005 0.00761703
1700 246 0 1.59065e-005 0.00391304
1750 120 0 1.53383e-005 0.00184061
1800 54 0 1.4974e-005 0.0008086
1850 22 0 1.47421e-005 0.000324329
1900 8 0 1.45909e-005 0.000116728
1950 2 0 1.44784e-005 2.89571e-005
2000 0 0 1.43633e-005 0

total neg_log_likelihood: 30.8528


Tags2008_R1_R1 :
tag-recapture data for tag Tags2008_R1 in years 2009 2010 , step 1, after proportion 0.5 of mortality, with sampling method size, detection probability 1.
Year 2009
class scanned recaptured expected_prop neg_log_likelihood
100 0 0 0 0
150 0 0 1.56535e-012 0
200 0 0 1.0812e-011 0
250 2 0 6.93971e-011 1.38794e-010
300 28 0 9.11189e-010 2.55133e-008
350 338 0 1.15415e-008 3.90102e-006
400 2596 0 1.06636e-007 0.000276828
450 13080 0 7.01912e-007 0.00918101
500 43468 0 3.27327e-006 0.142283
550 101422 3 1.10208e-005 2.57556
600 180382 4 2.7652e-005 1.73789
650 255904 13 5.36308e-005 2.22726
700 293398 19 8.34392e-005 3.06083
750 278302 35 0.000108141 3.07844
800 229716 31 0.000121758 2.79708
850 175798 23 0.000124381 2.51916
900 130724 16 0.000119581 2.31468
950 96182 10 0.000110802 2.0992
1000 70174 6 0.00010011 1.90738
1050 50456 6 8.8567e-005 2.06532
1100 35360 3 7.67419e-005 1.51049
1150 24054 4 6.50007e-005 2.95384
1200 16060 1 5.368e-005 1.01045
1250 10754 0 4.32757e-005 0.465397
1300 7362 0 3.43171e-005 0.252647
1350 5182 0 2.71417e-005 0.14065
1400 3714 0 2.1859e-005 0.0811852
1450 2662 0 1.81951e-005 0.0484357
1500 1866 0 1.57268e-005 0.0293465
1550 1256 0 1.40906e-005 0.0176979
1600 798 0 1.29748e-005 0.010354
1650 470 0 1.22261e-005 0.00574632
1700 254 0 1.17367e-005 0.00298115
1750 126 0 1.14233e-005 0.00143934
1800 56 0 1.12251e-005 0.000628606
1850 22 0 1.10998e-005 0.000244196
1900 8 0 1.10175e-005 8.81404e-005
1950 2 0 1.09542e-005 2.19085e-005
2000 0 0 1.08859e-005 0

total neg_log_likelihood: 33.0662


Year 2010
class scanned recaptured expected_prop neg_log_likelihood
100 0 0 0 0
150 0 0 4.85171e-015 0
200 0 0 6.05446e-013 0
250 2 0 8.72783e-012 1.74556e-011
300 30 0 1.66407e-010 4.99221e-009
350 342 0 2.31033e-009 7.90132e-007
400 2546 0 2.24061e-008 5.70458e-005
450 12914 0 1.70669e-007 0.00220402
500 45438 0 9.71141e-007 0.0441267
550 110634 0 4.03689e-006 0.446618
600 193100 2 1.24691e-005 1.34351
650 259840 7 2.94584e-005 1.93259
700 288924 19 5.49519e-005 2.68432
750 275666 23 8.34874e-005 2.49027
800 231594 23 0.000106779 2.5522
850 178066 24 0.000119482 2.6788
900 131090 23 0.000121705 3.85731
950 95240 12 0.000116697 2.20267
1000 68874 7 0.000107732 1.91586
1050 49434 5 9.68238e-005 1.74495
1100 34952 4 8.49922e-005 1.79354
1150 24134 1 7.28043e-005 1.19341
1200 16262 0 6.07242e-005 0.987528
1250 10830 2 4.93577e-005 2.48038
1300 7284 0 3.93583e-005 0.286691
1350 5028 0 3.11835e-005 0.156793
1400 3564 0 2.50497e-005 0.0892783
1450 2550 0 2.07231e-005 0.0528444
1500 1794 0 1.77619e-005 0.0318651
1550 1212 0 1.57712e-005 0.0191148
1600 770 0 1.43928e-005 0.0110825
1650 454 0 1.34537e-005 0.00610803
1700 246 0 1.28312e-005 0.00315651
1750 120 0 1.24279e-005 0.00149136
1800 54 0 1.21705e-005 0.000657212
1850 22 0 1.20071e-005 0.000264159
1900 8 0 1.19004e-005 9.52036e-005
1950 2 0 1.182e-005 2.36402e-005
2000 0 0 1.17362e-005 0

total neg_log_likelihood: 31.0098


Tags2009_R1_R1 :
tag-recapture data for tag Tags2009_R1 in years 2010 , step 1, after proportion 0.5 of mortality, with sampling method size, detection probability 1.
Year 2010
class scanned recaptured expected_prop neg_log_likelihood
100 0 0 0 0
150 0 0 1.57042e-012 0
200 0 0 1.09503e-011 0
250 2 0 7.04958e-011 1.40992e-010
300 30 0 9.15581e-010 2.74674e-008
350 342 0 1.16108e-008 3.97088e-006
400 2546 0 1.07418e-007 0.000273487
450 12914 0 7.04624e-007 0.00909951
500 45438 1 3.26334e-006 2.05693
550 110634 2 1.09046e-005 1.52425
600 193100 7 2.72e-005 2.16678
650 259840 18 5.25981e-005 2.9927
700 288924 29 8.18805e-005 3.16787
750 275666 31 0.000106606 2.68202
800 231594 36 0.000121081 3.74856
850 178066 36 0.000125252 6.25305
900 131090 18 0.000122274 2.48522
950 95240 14 0.000115155 2.62962
1000 68874 7 0.000105658 1.90908
1050 49434 3 9.46836e-005 1.84208
1100 34952 1 8.27627e-005 1.83056
1150 24134 2 7.03099e-005 1.33241
1200 16262 1 5.78011e-005 1.00185
1250 10830 1 4.59531e-005 1.19545
1300 7284 0 3.55502e-005 0.258952
1350 5028 0 2.7137e-005 0.136447
1400 3564 1 2.09327e-005 2.67014
1450 2550 0 1.66523e-005 0.0424637
1500 1794 0 1.37998e-005 0.024757
1550 1212 0 1.19356e-005 0.014466
1600 770 0 1.06879e-005 0.00822971
1650 454 0 9.86653e-006 0.00447943
1700 246 0 9.33864e-006 0.00229732
1750 120 0 9.00511e-006 0.00108062
1800 54 0 8.79605e-006 0.000474989
1850 22 0 8.66413e-006 0.000190612
1900 8 0 8.57631e-006 6.86108e-005
1950 2 0 8.50629e-006 1.70127e-005
2000 0 0 8.4287e-006 0

total neg_log_likelihood: 41.9919


Output quantities start here

* Scalar parameter values
initialization.B0 189100

* Nuisance q's

* B0
189100

* R0
1.37204e+007

* SSBs
SSB 189100 187697 184317 180602 176589 172345 167962 163536 159160 154915 150865 147042 143458 140113 136998 134105 131422 128939 126643 124521 122564 
year 1990 1991 1992 1993 1994 1995 1996 1997 1998 1999 2000 2001 2002 2003 2004 2005 2006 2007 2008 2009 2010 

* recruitments
recruitment 1.37204e+007 1.37204e+007 1.37094e+007 1.36824e+007 1.36516e+007 1.3617e+007 1.3579e+007 1.35379e+007 1.34944e+007 1.34493e+007 1.34035e+007 1.33577e+007 1.33124e+007 1.32681e+007 1.3225e+007 1.31832e+007 1.31429e+007 1.31042e+007 1.30672e+007 1.30318e+007 1.29982e+007 
year 1990 1991 1992 1993 1994 1995 1996 1997 1998 1999 2000 2001 2002 2003 2004 2005 2006 2007 2008 2009 2010 

* YCS
YCS 1 1 1 1 1 1 1 1 1 1 1 1 1 1 1 1 1 1 1 1 1 
year 1989 1990 1991 1992 1993 1994 1995 1996 1997 1998 1999 2000 2001 2002 2003 2004 2005 2006 2007 2008 2009 

* true_YCS
true_YCS 1 1 0.9992 0.997228 0.994984 0.992466 0.989691 0.986695 0.983527 0.980243 0.976903 0.973564 0.970266 0.967036 0.963893 0.960848 0.957911 0.95509 0.952389 0.949812 0.947359 
year 1989 1990 1991 1992 1993 1994 1995 1996 1997 1998 1999 2000 2001 2002 2003 2004 2005 2006 2007 2008 2009 

* fishing_pressures
LL1 0 0.0391713 0.0403273 0.0414874 0.0426204 0.043703 0.0447188 0.0456562 0.0465089 0.0472759 0.0479613 0.0485724 0.0491176 0.0496058 0.0500461 0.0504472 0.0508176 0.0511638 0.0514914 0.0518049 0.0521078 
LL2 0 0.0391713 0.0403273 0.0414874 0.0426204 0.043703 0.0447188 0.0456562 0.0465089 0.0472759 0.0479613 0.0485724 0.0491176 0.0496058 0.0500461 0.0504472 0.0508176 0.0511638 0.0514914 0.0518049 0.0521078 
year 1990 1991 1992 1993 1994 1995 1996 1997 1998 1999 2000 2001 2002 2003 2004 2005 2006 2007 2008 2009 2010 

* Numbers_at_age_R1
1990  1.27354e+007 1.09068e+007 9.34073e+006 7.99955e+006 6.85093e+006 5.86724e+006 5.0248e+006 4.30331e+006 3.68542e+006 3.15625e+006 2.70306e+006 2.31494e+006 1.98255e+006 1.69789e+006 1.4541e+006 1.24531e+006 1.0665e+006 913369 782223 669908 573719 491342 420793 360373 308629 264315 226363 193861 166025 990262 
1991  1.27354e+007 1.09068e+007 9.3407e+006 7.99926e+006 6.84931e+006 5.86062e+006 5.00571e+006 4.26443e+006 3.62942e+006 3.09921e+006 2.65455e+006 2.27425e+006 1.94889e+006 1.67043e+006 1.432e+006 1.22778e+006 1.05278e+006 902778 774161 663855 569238 488069 418436 358699 307457 263505 225811 193490 165780 989144 
1992  1.27252e+007 1.09068e+007 9.34069e+006 7.99919e+006 6.84873e+006 5.8574e+006 4.99289e+006 4.22818e+006 3.55671e+006 2.9955e+006 2.54919e+006 2.18463e+006 1.87368e+006 1.60817e+006 1.38117e+006 1.18683e+006 1.02026e+006 877294 754469 648848 557959 479710 412326 354296 304327 261311 224295 192457 165085 986581 
1993  1.27001e+007 1.08981e+007 9.34069e+006 7.99918e+006 6.84862e+006 5.85667e+006 4.9894e+006 4.21565e+006 3.52373e+006 2.93228e+006 2.46093e+006 2.09544e+006 1.79777e+006 1.5444e+006 1.3283e+006 1.14359e+006 985352 849503 732642 631941 545044 469982 405102 349006 300508 258593 222388 191137 164185 983726 
1994  1.26715e+007 1.08765e+007 9.33322e+006 7.99917e+006 6.84855e+006 5.85633e+006 4.98803e+006 4.21103e+006 3.5106e+006 2.90194e+006 2.40612e+006 2.0205e+006 1.7224e+006 1.4802e+006 1.27431e+006 1.09876e+006 948606 819781 708923 613270 530550 458887 396729 342777 295940 255292 220036 189486 163042 980446 
1995  1.26394e+007 1.08521e+007 9.31479e+006 7.99276e+006 6.84849e+006 5.85604e+006 4.98702e+006 4.20826e+006 3.50415e+006 2.88808e+006 2.37847e+006 1.97325e+006 1.65896e+006 1.41664e+006 1.22011e+006 1.05311e+006 910634 788596 683645 593053 514601 446481 387214 335584 290581 251357 217189 187456 161616 976599 
1996  1.26041e+007 1.08246e+007 9.29384e+006 7.97697e+006 6.84295e+006 5.85577e+006 4.9861e+006 4.20589e+006 3.49939e+006 2.87991e+006 2.36452e+006 1.94846e+006 1.61846e+006 1.36309e+006 1.1666e+006 1.00742e+006 872088 756469 657203 571573 497385 432871 376607 327435 284412 246755 213807 185007 159869 972030 
1997  1.2566e+007 1.07943e+007 9.27032e+006 7.95902e+006 6.82939e+006 5.85084e+006 4.98524e+006 4.20371e+006 3.49514e+006 2.87333e+006 2.35541e+006 1.93508e+006 1.59656e+006 1.32856e+006 1.12151e+006 962443 833621 723950 630041 549169 479144 418220 365003 318375 277441 241471 209861 182104 157765 966576 
1998  1.25256e+007 1.07617e+007 9.2444e+006 7.93887e+006 6.81397e+006 5.83906e+006 4.98047e+006 4.2017e+006 3.49123e+006 2.8674e+006 2.34783e+006 1.92584e+006 1.58417e+006 1.30945e+006 1.0922e+006 924534 795846 691579 602616 526209 460164 402734 352538 308485 269706 235511 205338 178723 155276 960067 
1999  1.24838e+007 1.07271e+007 9.21641e+006 7.91666e+006 6.79669e+006 5.82572e+006 4.96993e+006 4.19651e+006 3.48768e+006 2.86199e+006 2.34098e+006 1.91803e+006 1.57532e+006 1.29827e+006 1.0757e+006 899757 764014 659861 575376 503077 440753 386650 339387 297880 261277 228909 200244 174854 152382 952335 
2000  1.24412e+007 1.06913e+007 9.18682e+006 7.89269e+006 6.77764e+006 5.81079e+006 4.95811e+006 4.18659e+006 3.48169e+006 2.8571e+006 2.33478e+006 1.911e+006 1.56778e+006 1.29011e+006 1.0658e+006 885612 743117 633143 548735 480142 421229 370228 325750 286707 252251 221723 194609 170501 149072 943217 
2001  1.23987e+007 1.06549e+007 9.15614e+006 7.86734e+006 6.75709e+006 5.79438e+006 4.945e+006 4.17572e+006 3.47195e+006 2.85043e+006 2.3292e+006 1.90465e+006 1.56101e+006 1.28313e+006 1.05848e+006 876981 731063 615542 526300 457745 401899 353733 311844 275135 242751 214036 188480 165689 145352 932568 
2002  1.23567e+007 1.06184e+007 9.12495e+006 7.84107e+006 6.73536e+006 5.77669e+006 4.93067e+006 4.16385e+006 3.46159e+006 2.84089e+006 2.32235e+006 1.89896e+006 1.55491e+006 1.27687e+006 1.05219e+006 870522 723610 605309 511482 438888 383044 337419 297890 263345 232921 205953 181930 160460 141242 920267 
2003  1.23156e+007 1.05825e+007 9.09375e+006 7.81435e+006 6.71284e+006 5.75801e+006 4.91529e+006 4.15105e+006 3.45057e+006 2.83102e+006 2.31332e+006 1.89235e+006 1.54945e+006 1.27125e+006 1.04656e+006 864970 717990 598918 502814 426408 367173 321521 284100 251522 222912 197592 175045 154873 136778 906227 
2004  1.22755e+007 1.05472e+007 9.06295e+006 7.78763e+006 6.68995e+006 5.73867e+006 4.89911e+006 4.13745e+006 3.43889e+006 2.82075e+006 2.30415e+006 1.88409e+006 1.54334e+006 1.26621e+006 1.04151e+006 860004 713151 594071 497359 419074 356651 308139 270670 239846 212881 189085 167927 149004 132010 890404 
2005  1.22368e+007 1.0513e+007 9.03278e+006 7.76125e+006 6.66706e+006 5.71901e+006 4.88238e+006 4.12322e+006 3.42664e+006 2.81006e+006 2.29476e+006 1.87578e+006 1.53593e+006 1.26069e+006 1.03698e+006 855541 708819 589888 493200 414428 350444 299256 259366 228479 202978 180561 160685 142937 127001 872802 
2006  1.21994e+007 1.04798e+007 9.00341e+006 7.73541e+006 6.64445e+006 5.69936e+006 4.86541e+006 4.10859e+006 3.41396e+006 2.79899e+006 2.28511e+006 1.86737e+006 1.52856e+006 1.25416e+006 1.03209e+006 851532 704922 586140 489605 410872 346493 294000 251854 218912 193340 172148 153432 136767 121826 853479 
2007  1.21634e+007 1.04477e+007 8.97497e+006 7.71026e+006 6.62231e+006 5.67997e+006 4.84847e+006 4.0938e+006 3.40102e+006 2.78768e+006 2.27525e+006 1.85883e+006 1.52115e+006 1.2477e+006 1.0264e+006 847254 701422 582770 486384 407796 343461 290642 247399 212550 185228 163962 146275 130588 116563 832548 
2008  1.2129e+007 1.0417e+007 8.94754e+006 7.6859e+006 6.60077e+006 5.66098e+006 4.83176e+006 4.07908e+006 3.38802e+006 2.77622e+006 2.26525e+006 1.85016e+006 1.51367e+006 1.24125e+006 1.0208e+006 842344 697713 579737 483484 405037 340833 288058 244544 208769 179830 157073 139312 124491 111293 810172 
2009  1.20962e+007 1.03875e+007 8.92119e+006 7.66241e+006 6.5799e+006 5.64249e+006 4.8154e+006 4.06457e+006 3.3751e+006 2.76476e+006 2.25518e+006 1.84141e+006 1.50612e+006 1.23476e+006 1.01522e+006 837518 693496 576541 480870 402550 338475 285816 242343 206341 176618 152486 133452 118560 106094 786557 
2010  1.2065e+007 1.03594e+007 8.89596e+006 7.63984e+006 6.55978e+006 5.6246e+006 4.7995e+006 4.05039e+006 3.36241e+006 2.75342e+006 2.24515e+006 1.83265e+006 1.49854e+006 1.22824e+006 1.00964e+006 832726 689359 572933 478127 400306 336347 283803 240431 204466 174551 149753 129549 113569 101037 761948 

Output quantities finish here

Unused parameters:
annual_cycle.fishery_areas annual_cycle.migrate_from annual_cycle.migrate_to annual_cycle.migration_names annual_cycle.migration_times annual_cycle.n_migrations annual_cycle.recruitment_areas annual_cycle.spawning_all_areas area_names recruitment.p_male recruitment.year_range tag[Tags2005_R1_LL1].area tag[Tags2005_R1_LL1].sex tag[Tags2006_R1_LL1].area tag[Tags2006_R1_LL1].sex tag[Tags2007_R1_LL1].area tag[Tags2007_R1_LL1].sex tag[Tags2008_R1_LL1].area tag[Tags2008_R1_LL1].sex tag[Tags2009_R1_LL1].area tag[Tags2009_R1_LL1].sex MCMC.adapt_at MCMC.adaptive_stepsize MCMC.burn_in MCMC.keep MCMC.length MCMC.start MCMC.stepsize profile[1].l profile[1].n profile[1].parameter profile[1].u tag_recapture[Tags2005_R1_R1].area tag_recapture[Tags2006_R1_R1].area tag_recapture[Tags2007_R1_R1].area tag_recapture[Tags2008_R1_R1].area tag_recapture[Tags2009_R1_R1].area n_projections numbers_at[Numbers_at_age_R1].area print.final_state print.initial_state print.requests print.results print.state_annually print.state_every_step print.yields 
