CASAL (C++ algorithmic stock assessment laboratory)
Call: C:/Users/bstacy/Documents/GitHub/lasac/projects/simulations/sim/inc0.5/casal -e -q -f TR 
Date: Tue Oct 15 15:54:48 2019
v2.30-2012-03-21 00:22:59 UTC (rev.4648)  (c) Copyright 2002-2012, NIWA
User name: bstacy
Machine name: DOM-IMA-HVZRNF2 (Microsoft Windows, PID=18104)

Prefix for the input parameter filenames : TR

Random number seed : 15288

Estimation parameters:
Stored as strings: 
  MCMC.adapt_at                 	1e+05 2e+05 3e+05 4e+05
  MCMC.adaptive_stepsize        	True
  MCMC.burn_in                  	500
  MCMC.keep                     	1000
  MCMC.length                   	1500000
  MCMC.start                    	0
  MCMC.stepsize                 	0.01
  ageing_error.c                	0
  ageing_error.type             	normal
  catch_at[LL1_catchA].2000     	0 0 0 0 0 0 0.05 0.12 0.17 0.15 0.17 0.06 0.07 0.08 0.03 0.05 0 0.01 0 0.01 0.02 0 0.01 0 0 0 0 0 0 0
  catch_at[LL1_catchA].2001     	0 0 0 0 0 0 0.08 0.16 0.07 0.19 0.1 0.09 0.08 0.04 0.07 0.01 0.02 0.05 0.03 0 0.01 0 0 0 0 0 0 0 0 0
  catch_at[LL1_catchA].2002     	0 0 0 0 0 0.03 0.05 0.1 0.17 0.18 0.12 0.06 0.06 0.05 0.03 0.07 0 0.06 0 0.02 0 0 0 0 0 0 0 0 0 0
  catch_at[LL1_catchA].2003     	0 0 0 0 0.01 0 0.07 0.12 0.18 0.14 0.13 0.12 0.04 0.07 0.01 0.02 0.02 0 0.03 0 0.01 0.01 0 0.01 0.01 0 0 0 0 0
  catch_at[LL1_catchA].2004     	0 0 0 0 0.01 0.01 0.06 0.1 0.08 0.15 0.14 0.11 0.08 0.07 0.02 0.02 0.03 0.01 0.06 0.02 0.03 0 0 0 0 0 0 0 0 0
  catch_at[LL1_catchA].2005     	0 0 0 0 0.01 0 0.03 0.09 0.19 0.12 0.12 0.19 0.07 0.02 0.06 0.01 0 0.04 0.01 0.01 0.01 0.02 0 0 0 0 0 0 0 0
  catch_at[LL1_catchA].2006     	0 0 0 0 0 0.01 0.02 0.16 0.2 0.16 0.11 0.07 0.05 0.05 0.05 0.02 0.03 0.04 0.02 0 0 0 0 0.01 0 0 0 0 0 0
  catch_at[LL1_catchA].2007     	0 0 0 0 0 0.02 0.1 0.09 0.17 0.2 0.1 0.08 0.07 0.07 0.01 0.03 0.03 0.02 0 0.01 0 0 0 0 0 0 0 0 0 0
  catch_at[LL1_catchA].2008     	0 0 0 0 0.01 0.02 0.06 0.12 0.14 0.13 0.14 0.09 0.06 0.05 0.07 0.01 0.02 0.03 0.01 0 0.01 0.01 0 0.01 0 0 0 0 0 0.01
  catch_at[LL1_catchA].2009     	0 0 0 0 0 0.01 0.05 0.09 0.13 0.16 0.12 0.16 0.06 0.07 0.03 0.01 0.03 0.01 0 0.01 0.02 0.02 0.01 0 0 0 0 0 0 0.01
  catch_at[LL1_catchA].2010     	0 0 0 0 0 0.05 0.01 0.1 0.2 0.19 0.1 0.05 0.09 0.04 0 0.05 0.02 0.01 0.02 0 0 0 0.01 0.02 0.01 0 0 0.02 0 0.01
  catch_at[LL1_catchA].N_2000   	100
  catch_at[LL1_catchA].N_2001   	100
  catch_at[LL1_catchA].N_2002   	100
  catch_at[LL1_catchA].N_2003   	100
  catch_at[LL1_catchA].N_2004   	100
  catch_at[LL1_catchA].N_2005   	100
  catch_at[LL1_catchA].N_2006   	100
  catch_at[LL1_catchA].N_2007   	100
  catch_at[LL1_catchA].N_2008   	100
  catch_at[LL1_catchA].N_2009   	100
  catch_at[LL1_catchA].N_2010   	100
  catch_at[LL1_catchA].at_size  	False
  catch_at[LL1_catchA].dist     	multinomial
  catch_at[LL1_catchA].fishery  	LL1
  catch_at[LL1_catchA].max_class	30
  catch_at[LL1_catchA].min_class	1
  catch_at[LL1_catchA].plus_group	True
  catch_at[LL1_catchA].r        	1e-11
  catch_at[LL1_catchA].sexed    	False
  catch_at[LL1_catchA].sum_to_one	True
  catch_at[LL1_catchA].years    	2000 2001 2002 2003 2004 2005 2006 2007 2008 2009 2010
  catch_limit_penalty[1].fishery	LL1
  catch_limit_penalty[1].label  	LL1_Penalty
  catch_limit_penalty[1].log_scale	True
  catch_limit_penalty[1].multiplier	1000
  catch_limit_penalty[2].fishery	LL2
  catch_limit_penalty[2].label  	LL2_Penalty
  catch_limit_penalty[2].log_scale	True
  catch_limit_penalty[2].multiplier	1000
  estimate[1].lower_bound       	5000
  estimate[1].parameter         	initialization.B0
  estimate[1].prior             	uniform
  estimate[1].upper_bound       	5e+05
  estimator                     	Bayes
  fish_tagged_penalty[1].label  	Penalty_Tags2005_R1_LL1
  fish_tagged_penalty[1].multiplier	1
  fish_tagged_penalty[1].tagging_episode	Tags2005_R1_LL1
  fish_tagged_penalty[2].label  	Penalty_Tags2006_R1_LL1
  fish_tagged_penalty[2].multiplier	1
  fish_tagged_penalty[2].tagging_episode	Tags2006_R1_LL1
  fish_tagged_penalty[3].label  	Penalty_Tags2007_R1_LL1
  fish_tagged_penalty[3].multiplier	1
  fish_tagged_penalty[3].tagging_episode	Tags2007_R1_LL1
  fish_tagged_penalty[4].label  	Penalty_Tags2008_R1_LL1
  fish_tagged_penalty[4].multiplier	1
  fish_tagged_penalty[4].tagging_episode	Tags2008_R1_LL1
  fish_tagged_penalty[5].label  	Penalty_Tags2009_R1_LL1
  fish_tagged_penalty[5].multiplier	1
  fish_tagged_penalty[5].tagging_episode	Tags2009_R1_LL1
  grad_tol                      	0.001
  max_evals                     	10000
  max_iters                     	1600
  profile[1].l                  	40000
  profile[1].n                  	11
  profile[1].parameter          	initialization.B0
  profile[1].u                  	130000
  q_method                      	nuisance
  tag_recapture[Tags2005_R1_R1].area	R1
  tag_recapture[Tags2005_R1_R1].class_mins	100 150 200 250 300 350 400 450 500 550 600 650 700 750 800 850 900 950 1000 1050 1100 1150 1200 1250 1300 1350 1400 1450 1500 1550 1600 1650 1700 1750 1800 1850 1900 1950 2000 2050
  tag_recapture[Tags2005_R1_R1].detection_probability	1
  tag_recapture[Tags2005_R1_R1].dispersion	1
  tag_recapture[Tags2005_R1_R1].do_bootstrap	True
  tag_recapture[Tags2005_R1_R1].plus_group	False
  tag_recapture[Tags2005_R1_R1].proportion_mortality	0.5
  tag_recapture[Tags2005_R1_R1].r	1e-11
  tag_recapture[Tags2005_R1_R1].recaptured_2006	0 0 0 0 0 0 0 0 1 2 3 16 25 33 25 14 22 20 6 7 6 0 0 1 0 0 0 0 0 0 0 0 0 0 0 0 0 0 0
  tag_recapture[Tags2005_R1_R1].recaptured_2007	0 0 0 0 0 0 0 0 0 0 1 12 9 19 19 23 14 16 5 5 5 1 2 2 0 1 1 0 0 0 0 0 0 0 0 0 0 0 0
  tag_recapture[Tags2005_R1_R1].recaptured_2008	0 0 0 0 0 0 0 0 0 0 0 3 9 10 10 22 11 10 14 6 1 1 1 0 0 1 0 0 0 0 0 0 0 0 0 0 0 0 0
  tag_recapture[Tags2005_R1_R1].recaptured_2009	0 0 0 0 0 0 0 0 0 0 0 0 3 11 10 10 19 12 5 1 0 1 0 0 1 0 0 0 0 0 0 0 0 0 0 0 0 0 0
  tag_recapture[Tags2005_R1_R1].recaptured_2010	0 0 0 0 0 0 0 0 0 0 0 0 2 1 14 8 7 9 9 5 3 3 1 0 0 0 0 0 0 0 0 0 0 0 0 0 0 0 0
  tag_recapture[Tags2005_R1_R1].sample	size
  tag_recapture[Tags2005_R1_R1].scanned_2006	0 0 0 2 28 320 2302 11502 39770 96806 173902 243624 277690 266092 224820 178122 136978 101584 71958 49292 33518 23134 16316 11662 8346 5944 4222 2988 2086 1406 896 530 286 140 62 24 8 2 0
  tag_recapture[Tags2005_R1_R1].scanned_2007	0 0 0 2 28 344 2442 11568 39724 99366 181960 252416 280488 265182 224010 176300 134278 100438 72920 50898 34514 23278 15942 11162 7944 5686 4062 2880 2006 1350 862 512 278 138 62 24 8 2 0
  tag_recapture[Tags2005_R1_R1].scanned_2008	0 0 0 2 28 344 2602 12332 40170 97884 182308 260086 291620 271378 224512 174626 131756 97934 71728 51120 35200 23658 15864 10828 7580 5410 3886 2772 1934 1300 826 490 266 132 58 24 8 2 0
  tag_recapture[Tags2005_R1_R1].scanned_2009	0 0 0 2 28 338 2596 13080 43468 101422 180382 255904 293398 278302 229716 175798 130724 96182 70174 50456 35360 24054 16060 10754 7362 5182 3714 2662 1866 1256 798 470 254 126 56 22 8 2 0
  tag_recapture[Tags2005_R1_R1].scanned_2010	0 0 0 2 30 342 2546 12914 45438 110634 193100 259840 288924 275666 231594 178066 131090 95240 68874 49434 34952 24134 16262 10830 7284 5028 3564 2550 1794 1212 770 454 246 120 54 22 8 2 0
  tag_recapture[Tags2005_R1_R1].step	1
  tag_recapture[Tags2005_R1_R1].tag_name	Tags2005_R1
  tag_recapture[Tags2005_R1_R1].years	2006 2007 2008 2009 2010
  tag_recapture[Tags2006_R1_R1].area	R1
  tag_recapture[Tags2006_R1_R1].class_mins	100 150 200 250 300 350 400 450 500 550 600 650 700 750 800 850 900 950 1000 1050 1100 1150 1200 1250 1300 1350 1400 1450 1500 1550 1600 1650 1700 1750 1800 1850 1900 1950 2000 2050
  tag_recapture[Tags2006_R1_R1].detection_probability	1
  tag_recapture[Tags2006_R1_R1].dispersion	1
  tag_recapture[Tags2006_R1_R1].do_bootstrap	True
  tag_recapture[Tags2006_R1_R1].plus_group	False
  tag_recapture[Tags2006_R1_R1].proportion_mortality	0.5
  tag_recapture[Tags2006_R1_R1].r	1e-11
  tag_recapture[Tags2006_R1_R1].recaptured_2007	0 0 0 0 0 0 0 0 0 0 4 6 27 23 24 28 14 9 6 5 5 2 0 0 0 0 0 0 0 0 0 0 0 0 0 0 0 0 0
  tag_recapture[Tags2006_R1_R1].recaptured_2008	0 0 0 0 0 0 0 0 0 0 1 5 15 24 23 22 18 14 5 6 1 1 2 1 0 0 0 0 0 0 0 0 0 0 0 0 0 0 0
  tag_recapture[Tags2006_R1_R1].recaptured_2009	0 0 0 0 0 0 0 0 0 1 1 3 11 12 20 12 16 13 7 1 3 4 1 0 0 0 0 1 0 0 0 0 0 0 0 0 0 0 0
  tag_recapture[Tags2006_R1_R1].recaptured_2010	0 0 0 0 0 0 0 0 0 0 0 1 4 14 11 17 9 13 11 2 1 1 1 1 0 0 0 0 0 1 0 0 0 0 0 0 0 0 0
  tag_recapture[Tags2006_R1_R1].sample	size
  tag_recapture[Tags2006_R1_R1].scanned_2007	0 0 0 2 28 344 2442 11568 39724 99366 181960 252416 280488 265182 224010 176300 134278 100438 72920 50898 34514 23278 15942 11162 7944 5686 4062 2880 2006 1350 862 512 278 138 62 24 8 2 0
  tag_recapture[Tags2006_R1_R1].scanned_2008	0 0 0 2 28 344 2602 12332 40170 97884 182308 260086 291620 271378 224512 174626 131756 97934 71728 51120 35200 23658 15864 10828 7580 5410 3886 2772 1934 1300 826 490 266 132 58 24 8 2 0
  tag_recapture[Tags2006_R1_R1].scanned_2009	0 0 0 2 28 338 2596 13080 43468 101422 180382 255904 293398 278302 229716 175798 130724 96182 70174 50456 35360 24054 16060 10754 7362 5182 3714 2662 1866 1256 798 470 254 126 56 22 8 2 0
  tag_recapture[Tags2006_R1_R1].scanned_2010	0 0 0 2 30 342 2546 12914 45438 110634 193100 259840 288924 275666 231594 178066 131090 95240 68874 49434 34952 24134 16262 10830 7284 5028 3564 2550 1794 1212 770 454 246 120 54 22 8 2 0
  tag_recapture[Tags2006_R1_R1].step	1
  tag_recapture[Tags2006_R1_R1].tag_name	Tags2006_R1
  tag_recapture[Tags2006_R1_R1].years	2007 2008 2009 2010
  tag_recapture[Tags2007_R1_R1].area	R1
  tag_recapture[Tags2007_R1_R1].class_mins	100 150 200 250 300 350 400 450 500 550 600 650 700 750 800 850 900 950 1000 1050 1100 1150 1200 1250 1300 1350 1400 1450 1500 1550 1600 1650 1700 1750 1800 1850 1900 1950 2000 2050
  tag_recapture[Tags2007_R1_R1].detection_probability	1
  tag_recapture[Tags2007_R1_R1].dispersion	1
  tag_recapture[Tags2007_R1_R1].do_bootstrap	True
  tag_recapture[Tags2007_R1_R1].plus_group	False
  tag_recapture[Tags2007_R1_R1].proportion_mortality	0.5
  tag_recapture[Tags2007_R1_R1].r	1e-11
  tag_recapture[Tags2007_R1_R1].recaptured_2008	0 0 0 0 0 0 0 0 0 0 3 14 29 20 33 24 21 10 12 4 4 1 2 0 0 0 0 0 0 0 0 0 0 0 0 0 0 0 0
  tag_recapture[Tags2007_R1_R1].recaptured_2009	0 0 0 0 0 0 0 0 0 0 1 6 18 28 20 13 10 9 6 6 1 2 3 0 0 0 0 0 0 0 0 0 0 0 0 0 0 0 0
  tag_recapture[Tags2007_R1_R1].recaptured_2010	0 0 0 0 0 0 0 0 0 0 1 3 10 14 16 11 21 15 14 5 1 3 0 0 1 0 0 0 0 0 0 0 0 0 0 0 0 0 0
  tag_recapture[Tags2007_R1_R1].sample	size
  tag_recapture[Tags2007_R1_R1].scanned_2008	0 0 0 2 28 344 2602 12332 40170 97884 182308 260086 291620 271378 224512 174626 131756 97934 71728 51120 35200 23658 15864 10828 7580 5410 3886 2772 1934 1300 826 490 266 132 58 24 8 2 0
  tag_recapture[Tags2007_R1_R1].scanned_2009	0 0 0 2 28 338 2596 13080 43468 101422 180382 255904 293398 278302 229716 175798 130724 96182 70174 50456 35360 24054 16060 10754 7362 5182 3714 2662 1866 1256 798 470 254 126 56 22 8 2 0
  tag_recapture[Tags2007_R1_R1].scanned_2010	0 0 0 2 30 342 2546 12914 45438 110634 193100 259840 288924 275666 231594 178066 131090 95240 68874 49434 34952 24134 16262 10830 7284 5028 3564 2550 1794 1212 770 454 246 120 54 22 8 2 0
  tag_recapture[Tags2007_R1_R1].step	1
  tag_recapture[Tags2007_R1_R1].tag_name	Tags2007_R1
  tag_recapture[Tags2007_R1_R1].years	2008 2009 2010
  tag_recapture[Tags2008_R1_R1].area	R1
  tag_recapture[Tags2008_R1_R1].class_mins	100 150 200 250 300 350 400 450 500 550 600 650 700 750 800 850 900 950 1000 1050 1100 1150 1200 1250 1300 1350 1400 1450 1500 1550 1600 1650 1700 1750 1800 1850 1900 1950 2000 2050
  tag_recapture[Tags2008_R1_R1].detection_probability	1
  tag_recapture[Tags2008_R1_R1].dispersion	1
  tag_recapture[Tags2008_R1_R1].do_bootstrap	True
  tag_recapture[Tags2008_R1_R1].plus_group	False
  tag_recapture[Tags2008_R1_R1].proportion_mortality	0.5
  tag_recapture[Tags2008_R1_R1].r	1e-11
  tag_recapture[Tags2008_R1_R1].recaptured_2009	0 0 0 0 0 0 0 0 0 3 5 13 19 27 39 22 12 13 5 2 1 2 2 1 0 0 0 0 0 0 0 0 0 0 0 0 0 0 0
  tag_recapture[Tags2008_R1_R1].recaptured_2010	0 0 0 0 0 0 0 0 0 1 4 7 23 23 24 20 17 13 5 9 4 2 0 1 1 0 0 0 0 0 0 0 0 0 0 0 0 0 0
  tag_recapture[Tags2008_R1_R1].sample	size
  tag_recapture[Tags2008_R1_R1].scanned_2009	0 0 0 2 28 338 2596 13080 43468 101422 180382 255904 293398 278302 229716 175798 130724 96182 70174 50456 35360 24054 16060 10754 7362 5182 3714 2662 1866 1256 798 470 254 126 56 22 8 2 0
  tag_recapture[Tags2008_R1_R1].scanned_2010	0 0 0 2 30 342 2546 12914 45438 110634 193100 259840 288924 275666 231594 178066 131090 95240 68874 49434 34952 24134 16262 10830 7284 5028 3564 2550 1794 1212 770 454 246 120 54 22 8 2 0
  tag_recapture[Tags2008_R1_R1].step	1
  tag_recapture[Tags2008_R1_R1].tag_name	Tags2008_R1
  tag_recapture[Tags2008_R1_R1].years	2009 2010
  tag_recapture[Tags2009_R1_R1].area	R1
  tag_recapture[Tags2009_R1_R1].class_mins	100 150 200 250 300 350 400 450 500 550 600 650 700 750 800 850 900 950 1000 1050 1100 1150 1200 1250 1300 1350 1400 1450 1500 1550 1600 1650 1700 1750 1800 1850 1900 1950 2000 2050
  tag_recapture[Tags2009_R1_R1].detection_probability	1
  tag_recapture[Tags2009_R1_R1].dispersion	1
  tag_recapture[Tags2009_R1_R1].do_bootstrap	True
  tag_recapture[Tags2009_R1_R1].plus_group	False
  tag_recapture[Tags2009_R1_R1].proportion_mortality	0.5
  tag_recapture[Tags2009_R1_R1].r	1e-11
  tag_recapture[Tags2009_R1_R1].recaptured_2010	0 0 0 0 0 0 0 0 0 1 6 17 24 35 24 20 22 16 9 6 4 3 0 0 0 0 0 0 0 0 0 0 0 0 0 0 0 0 0
  tag_recapture[Tags2009_R1_R1].sample	size
  tag_recapture[Tags2009_R1_R1].scanned_2010	0 0 0 2 30 342 2546 12914 45438 110634 193100 259840 288924 275666 231594 178066 131090 95240 68874 49434 34952 24134 16262 10830 7284 5028 3564 2550 1794 1212 770 454 246 120 54 22 8 2 0
  tag_recapture[Tags2009_R1_R1].step	1
  tag_recapture[Tags2009_R1_R1].tag_name	Tags2009_R1
  tag_recapture[Tags2009_R1_R1].years	2010
  vector_average_penalty[1].k   	1
  vector_average_penalty[1].label	meanYCS_1
  vector_average_penalty[1].multiplier	100
  vector_average_penalty[1].vector	recruitment.YCS
Stored as DOUBLEs: 
Stored as VECTORs: 
Stored as OGIVEs: 

Population parameters:
Stored as strings: 
  annual_cycle.M_props          	1
  annual_cycle.aging_time       	1
  annual_cycle.baranov          	False
  annual_cycle.fishery_areas    	R1
  annual_cycle.fishery_names    	LL1 LL2
  annual_cycle.fishery_times    	1 1
  annual_cycle.growth_props     	0
  annual_cycle.migrate_from     	R1
  annual_cycle.migrate_to       	R2
  annual_cycle.migration_names  	MoveRec_1_2
  annual_cycle.migration_times  	1
  annual_cycle.n_migrations     	0
  annual_cycle.recruitment_areas	R1
  annual_cycle.recruitment_time 	1
  annual_cycle.spawning_all_areas	1
  annual_cycle.spawning_p       	1
  annual_cycle.spawning_part_mort	0.5
  annual_cycle.spawning_time    	1
  annual_cycle.spawning_use_total_B	False
  annual_cycle.time_steps       	1
  area_names                    	R1
  current                       	2010
  final                         	2045
  first_random_year             	2007
  fishery[LL1].U_max            	0.95
  fishery[LL1].catches          	0 6000 6000 6000 6000 6000 6000 6000 6000 6000 6000 6000 6000 6000 6000 6000 6000 6000 6000 6000 6000
  fishery[LL1].future_constant_catches	200
  fishery[LL1].selectivity      	SelLL
  fishery[LL1].years            	1990 1991 1992 1993 1994 1995 1996 1997 1998 1999 2000 2001 2002 2003 2004 2005 2006 2007 2008 2009 2010
  fishery[LL2].U_max            	0.95
  fishery[LL2].catches          	0 0 315.789473684211 631.578947368421 947.368421052632 1263.15789473684 1578.94736842105 1894.73684210526 2210.52631578947 2526.31578947368 2842.10526315789 3157.8947368421 3473.68421052632 3789.47368421053 4105.26315789474 4421.05263157895 4736.84210526316 5052.63157894737 5368.42105263158 5684.21052631579 6000
  fishery[LL2].future_constant_catches	200
  fishery[LL2].selectivity      	SelLL
  fishery[LL2].years            	1990 1991 1992 1993 1994 1995 1996 1997 1998 1999 2000 2001 2002 2003 2004 2005 2006 2007 2008 2009 2010
  initial                       	1990
  initialization.B0             	448262
  mature_partition              	False
  maturity_props.all            	allvalues 0 0 0 0 0 0 0 0 0 0 0 0.1667 0.3333 0.5 0.6667 0.8333 1 1 1 1 1 1 1 1 1 1 1 1 1 1
  max_age                       	30
  min_age                       	1
  n_areas                       	1
  n_stocks                      	1
  n_tags                        	5
  natural_mortality.all         	0.155
  plus_group                    	True
  randomisation_method          	lognormal
  recruitment.SR                	BH
  recruitment.YCS               	1 1 1 1 1 1 1 1 1 1 1 1 1 1 1 1 1 1 1 1 1
  recruitment.YCS_years         	1989 1990 1991 1992 1993 1994 1995 1996 1997 1998 1999 2000 2001 2002 2003 2004 2005 2006 2007 2008 2009
  recruitment.first_free        	1989
  recruitment.last_free         	2006
  recruitment.p_male            	0.5
  recruitment.rho               	0
  recruitment.sigma_r           	0.6
  recruitment.steepness         	0.7
  recruitment.year_range        	1989 2006
  selectivity[SelLL].all        	double_normal 10 2 10
  selectivity_names             	SelLL
  sex_partition                 	False
  size_at_age.Linf              	2870
  size_at_age.by_length         	True
  size_at_age.cv                	0.1
  size_at_age.k                 	0.02056
  size_at_age.t0                	-4.2897
  size_at_age_dist              	normal
  size_at_age_type              	von_Bert
  size_based                    	False
  size_weight.a                 	2.59e-12
  size_weight.b                 	3.2064
  size_weight.verify_size_weight	500 0.5 1.5
  standardise_YCS               	True
  tag[Tags2005_R1_LL1].area     	R1
  tag[Tags2005_R1_LL1].class_mins	100 150 200 250 300 350 400 450 500 550 600 650 700 750 800 850 900 950 1000 1050 1100 1150 1200 1250 1300 1350 1400 1450 1500 1550 1600 1650 1700 1750 1800 1850 1900 1950 2000 2050
  tag[Tags2005_R1_LL1].mature_only	False
  tag[Tags2005_R1_LL1].mortality	0.1
  tag[Tags2005_R1_LL1].number   	2500
  tag[Tags2005_R1_LL1].ogive    	SelLL
  tag[Tags2005_R1_LL1].plus_group	False
  tag[Tags2005_R1_LL1].props_all	0 0 0 0 0 1e-04 8e-04 0.0048 0.0184 0.0472 0.088 0.1245 0.1388 0.1298 0.1103 0.0896 0.0694 0.0511 0.0362 0.0255 0.0183 0.0135 0.01 0.0073 0.0052 0.0037 0.0025 0.0018 0.0012 8e-04 5e-04 3e-04 2e-04 1e-04 0 0 0 0 0
  tag[Tags2005_R1_LL1].release_type	deterministic
  tag[Tags2005_R1_LL1].sex      	both
  tag[Tags2005_R1_LL1].step     	1
  tag[Tags2005_R1_LL1].tag_name 	Tags2005_R1
  tag[Tags2005_R1_LL1].year     	2005
  tag[Tags2006_R1_LL1].area     	R1
  tag[Tags2006_R1_LL1].class_mins	100 150 200 250 300 350 400 450 500 550 600 650 700 750 800 850 900 950 1000 1050 1100 1150 1200 1250 1300 1350 1400 1450 1500 1550 1600 1650 1700 1750 1800 1850 1900 1950 2000 2050
  tag[Tags2006_R1_LL1].mature_only	False
  tag[Tags2006_R1_LL1].mortality	0.1
  tag[Tags2006_R1_LL1].number   	2500
  tag[Tags2006_R1_LL1].ogive    	SelLL
  tag[Tags2006_R1_LL1].plus_group	False
  tag[Tags2006_R1_LL1].props_all	0 0 0 0 0 2e-04 0.0013 0.0058 0.0198 0.0485 0.0873 0.1222 0.1397 0.1351 0.1154 0.0921 0.0705 0.0511 0.0349 0.023 0.0152 0.0104 0.0075 0.0055 0.0041 0.0031 0.0023 0.0017 0.0012 9e-04 6e-04 3e-04 2e-04 1e-04 0 0 0 0 0
  tag[Tags2006_R1_LL1].release_type	deterministic
  tag[Tags2006_R1_LL1].sex      	both
  tag[Tags2006_R1_LL1].step     	1
  tag[Tags2006_R1_LL1].tag_name 	Tags2006_R1
  tag[Tags2006_R1_LL1].year     	2006
  tag[Tags2007_R1_LL1].area     	R1
  tag[Tags2007_R1_LL1].class_mins	100 150 200 250 300 350 400 450 500 550 600 650 700 750 800 850 900 950 1000 1050 1100 1150 1200 1250 1300 1350 1400 1450 1500 1550 1600 1650 1700 1750 1800 1850 1900 1950 2000 2050
  tag[Tags2007_R1_LL1].mature_only	False
  tag[Tags2007_R1_LL1].mortality	0.1
  tag[Tags2007_R1_LL1].number   	2500
  tag[Tags2007_R1_LL1].ogive    	SelLL
  tag[Tags2007_R1_LL1].plus_group	False
  tag[Tags2007_R1_LL1].props_all	0 0 0 0 0 1e-04 0.0011 0.0056 0.0193 0.0485 0.0889 0.124 0.139 0.1322 0.1118 0.0878 0.0669 0.0504 0.0372 0.0265 0.0183 0.0125 0.0087 0.0062 0.0045 0.0032 0.0024 0.0017 0.0012 8e-04 5e-04 3e-04 2e-04 1e-04 0 0 0 0 0
  tag[Tags2007_R1_LL1].release_type	deterministic
  tag[Tags2007_R1_LL1].sex      	both
  tag[Tags2007_R1_LL1].step     	1
  tag[Tags2007_R1_LL1].tag_name 	Tags2007_R1
  tag[Tags2007_R1_LL1].year     	2007
  tag[Tags2008_R1_LL1].area     	R1
  tag[Tags2008_R1_LL1].class_mins	100 150 200 250 300 350 400 450 500 550 600 650 700 750 800 850 900 950 1000 1050 1100 1150 1200 1250 1300 1350 1400 1450 1500 1550 1600 1650 1700 1750 1800 1850 1900 1950 2000 2050
  tag[Tags2008_R1_LL1].mature_only	False
  tag[Tags2008_R1_LL1].mortality	0.1
  tag[Tags2008_R1_LL1].number   	2500
  tag[Tags2008_R1_LL1].ogive    	SelLL
  tag[Tags2008_R1_LL1].plus_group	False
  tag[Tags2008_R1_LL1].props_all	0 0 0 0 0 1e-04 0.0012 0.0062 0.0205 0.0497 0.0924 0.1328 0.1497 0.1384 0.112 0.0842 0.0614 0.0445 0.0322 0.0228 0.0157 0.0106 0.0073 0.0052 0.0038 0.0029 0.0022 0.0016 0.0011 7e-04 4e-04 3e-04 1e-04 1e-04 0 0 0 0 0
  tag[Tags2008_R1_LL1].release_type	deterministic
  tag[Tags2008_R1_LL1].sex      	both
  tag[Tags2008_R1_LL1].step     	1
  tag[Tags2008_R1_LL1].tag_name 	Tags2008_R1
  tag[Tags2008_R1_LL1].year     	2008
  tag[Tags2009_R1_LL1].area     	R1
  tag[Tags2009_R1_LL1].class_mins	100 150 200 250 300 350 400 450 500 550 600 650 700 750 800 850 900 950 1000 1050 1100 1150 1200 1250 1300 1350 1400 1450 1500 1550 1600 1650 1700 1750 1800 1850 1900 1950 2000 2050
  tag[Tags2009_R1_LL1].mature_only	False
  tag[Tags2009_R1_LL1].mortality	0.1
  tag[Tags2009_R1_LL1].number   	2500
  tag[Tags2009_R1_LL1].ogive    	SelLL
  tag[Tags2009_R1_LL1].plus_group	False
  tag[Tags2009_R1_LL1].props_all	0 0 0 0 0 1e-04 0.0012 0.0063 0.0213 0.0502 0.0897 0.1266 0.1435 0.135 0.1117 0.0864 0.065 0.0482 0.0352 0.0253 0.0178 0.0122 0.0082 0.0055 0.0037 0.0025 0.0017 0.0011 7e-04 4e-04 3e-04 1e-04 1e-04 0 0 0 0 0 0
  tag[Tags2009_R1_LL1].release_type	deterministic
  tag[Tags2009_R1_LL1].sex      	both
  tag[Tags2009_R1_LL1].step     	1
  tag[Tags2009_R1_LL1].tag_name 	Tags2009_R1
  tag[Tags2009_R1_LL1].year     	2009
  tag_growth_loss[Tags2005_R1].nogrowth_period	0
  tag_growth_loss[Tags2006_R1].nogrowth_period	0
  tag_growth_loss[Tags2007_R1].nogrowth_period	0
  tag_growth_loss[Tags2008_R1].nogrowth_period	0
  tag_growth_loss[Tags2009_R1].nogrowth_period	0
  tag_loss_props                	1
  tag_names                     	Tags2005_R1 Tags2006_R1 Tags2007_R1 Tags2008_R1 Tags2009_R1
  tag_shedding_rate             	0.0084 0.0084 0.0084 0.0084 0.0084
  y_enter                       	1
Stored as DOUBLEs: 
Stored as VECTORs: 
Stored as OGIVEs: 

Output parameters:
Stored as strings: 
  n_projections                 	100
  numbers_at[Numbers_at_age_R1].area	R1
  numbers_at[Numbers_at_age_R1].proportion_mortality	0.5
  numbers_at[Numbers_at_age_R1].step	1
  numbers_at[Numbers_at_age_R1].years	1990 1991 1992 1993 1994 1995 1996 1997 1998 1999 2000 2001 2002 2003 2004 2005 2006 2007 2008 2009 2010
  print.covariance              	true
  print.estimation_section      	true
  print.final_state             	false
  print.fits                    	true
  print.fits_every_eval         	false
  print.initial_state           	false
  print.normalised_resids       	true
  print.objective_every_eval    	false
  print.parameter_vector_every_eval	false
  print.parameters              	true
  print.parameters_every_eval   	false
  print.pearson_resids          	true
  print.requests                	false
  print.resids                  	true
  print.results                 	false
  print.state_annually          	false
  print.state_every_step        	false
  print.unused_parameters       	true
  print.yields                  	true
  quantities.B0                 	true
  quantities.R0                 	true
  quantities.SSBs               	true
  quantities.YCS                	true
  quantities.actual_catches     	false
  quantities.all_free_parameters	true
  quantities.fishing_pressures  	true
  quantities.nuisance_qs        	true
  quantities.recruitments       	true
  quantities.true_YCS           	true
Stored as DOUBLEs: 
Stored as VECTORs: 
Stored as OGIVEs: 

A fish of size 500 cm has a weight of 1.16755 kg in your model. This size-weight scale check assumes that the growth curve is in centimetres, and that the catch is in tonnes.

A fish of size 500 cm has a weight of 1.16755 kg in your model. This size-weight scale check assumes that the growth curve is in centimetres, and that the catch is in tonnes.

Estimation section :

Objective function: Bayes

Minimiser convergence threshold: 0.001


Observations:

The observations are:
LL1_catchA
Tags2005_R1_R1
Tags2006_R1_R1
Tags2007_R1_R1
Tags2008_R1_R1
Tags2009_R1_R1
Fits follow:

LL1_catchA :
catch proportions-at-age for fishery LL1  with ageing error (constrained to sum to 1):
obs (last class is a plus group):
class 1       2       3       4       5       6       7       8       9       10      11      12      13      14      15      16      17      18      19      20      21      22      23      24      25      26      27      28      29      30      
2000 0       0       0       0       0       0       0.05    0.12    0.17    0.15    0.17    0.06    0.07    0.08    0.03    0.05    0       0.01    0       0.01    0.02    0       0.01    0       0       0       0       0       0       0       
2001 0       0       0       0       0       0       0.08    0.16    0.07    0.19    0.1     0.09    0.08    0.04    0.07    0.01    0.02    0.05    0.03    0       0.01    0       0       0       0       0       0       0       0       0       
2002 0       0       0       0       0       0.03    0.05    0.1     0.17    0.18    0.12    0.06    0.06    0.05    0.03    0.07    0       0.06    0       0.02    0       0       0       0       0       0       0       0       0       0       
2003 0       0       0       0       0.01    0       0.07    0.12    0.18    0.14    0.13    0.12    0.04    0.07    0.01    0.02    0.02    0       0.03    0       0.01    0.01    0       0.01    0.01    0       0       0       0       0       
2004 0       0       0       0       0.01    0.01    0.06    0.1     0.08    0.15    0.14    0.11    0.08    0.07    0.02    0.02    0.03    0.01    0.06    0.02    0.03    0       0       0       0       0       0       0       0       0       
2005 0       0       0       0       0.01    0       0.03    0.09    0.19    0.12    0.12    0.19    0.07    0.02    0.06    0.01    0       0.04    0.01    0.01    0.01    0.02    0       0       0       0       0       0       0       0       
2006 0       0       0       0       0       0.01    0.02    0.16    0.2     0.16    0.11    0.07    0.05    0.05    0.05    0.02    0.03    0.04    0.02    0       0       0       0       0.01    0       0       0       0       0       0       
2007 0       0       0       0       0       0.02    0.1     0.09    0.17    0.2     0.1     0.08    0.07    0.07    0.01    0.03    0.03    0.02    0       0.01    0       0       0       0       0       0       0       0       0       0       
2008 0       0       0       0       0.01    0.02    0.06    0.12    0.14    0.13    0.14    0.09    0.06    0.05    0.07    0.01    0.02    0.03    0.01    0       0.01    0.01    0       0.01    0       0       0       0       0       0.01    
2009 0       0       0       0       0       0.01    0.05    0.09    0.13    0.16    0.12    0.16    0.06    0.07    0.03    0.01    0.03    0.01    0       0.01    0.02    0.02    0.01    0       0       0       0       0       0       0.01    
2010 0       0       0       0       0       0.05    0.01    0.1     0.2     0.19    0.1     0.05    0.09    0.04    0       0.05    0.02    0.01    0.02    0       0       0       0.01    0.02    0.01    0       0       0.02    0       0.01    
objective function: multinomial likelihood, with delta = 1e-011, N =
100 100 100 100 100 100 100 100 100 100 100 100 100 100 100 100 100 100 100 100 100 100 100 100 100 100 100 100 100 100 
100 100 100 100 100 100 100 100 100 100 100 100 100 100 100 100 100 100 100 100 100 100 100 100 100 100 100 100 100 100 
100 100 100 100 100 100 100 100 100 100 100 100 100 100 100 100 100 100 100 100 100 100 100 100 100 100 100 100 100 100 
100 100 100 100 100 100 100 100 100 100 100 100 100 100 100 100 100 100 100 100 100 100 100 100 100 100 100 100 100 100 
100 100 100 100 100 100 100 100 100 100 100 100 100 100 100 100 100 100 100 100 100 100 100 100 100 100 100 100 100 100 
100 100 100 100 100 100 100 100 100 100 100 100 100 100 100 100 100 100 100 100 100 100 100 100 100 100 100 100 100 100 
100 100 100 100 100 100 100 100 100 100 100 100 100 100 100 100 100 100 100 100 100 100 100 100 100 100 100 100 100 100 
100 100 100 100 100 100 100 100 100 100 100 100 100 100 100 100 100 100 100 100 100 100 100 100 100 100 100 100 100 100 
100 100 100 100 100 100 100 100 100 100 100 100 100 100 100 100 100 100 100 100 100 100 100 100 100 100 100 100 100 100 
100 100 100 100 100 100 100 100 100 100 100 100 100 100 100 100 100 100 100 100 100 100 100 100 100 100 100 100 100 100 
100 100 100 100 100 100 100 100 100 100 100 100 100 100 100 100 100 100 100 100 100 100 100 100 100 100 100 100 100 100 

Tags2005_R1_R1 :
tag-recapture data for tag Tags2005_R1 in years 2006 2007 2008 2009 2010 , step 1, after proportion 0.5 of mortality, with sampling method size, detection probability 1.
Year 2006
class scanned recaptured
100 0 0
150 0 0
200 0 0
250 2 0
300 28 0
350 320 0
400 2302 0
450 11502 0
500 39770 1
550 96806 2
600 173902 3
650 243624 16
700 277690 25
750 266092 33
800 224820 25
850 178122 14
900 136978 22
950 101584 20
1000 71958 6
1050 49292 7
1100 33518 6
1150 23134 0
1200 16316 0
1250 11662 1
1300 8346 0
1350 5944 0
1400 4222 0
1450 2988 0
1500 2086 0
1550 1406 0
1600 896 0
1650 530 0
1700 286 0
1750 140 0
1800 62 0
1850 24 0
1900 8 0
1950 2 0
2000 0 0


Year 2007
class scanned recaptured
100 0 0
150 0 0
200 0 0
250 2 0
300 28 0
350 344 0
400 2442 0
450 11568 0
500 39724 0
550 99366 0
600 181960 1
650 252416 12
700 280488 9
750 265182 19
800 224010 19
850 176300 23
900 134278 14
950 100438 16
1000 72920 5
1050 50898 5
1100 34514 5
1150 23278 1
1200 15942 2
1250 11162 2
1300 7944 0
1350 5686 1
1400 4062 1
1450 2880 0
1500 2006 0
1550 1350 0
1600 862 0
1650 512 0
1700 278 0
1750 138 0
1800 62 0
1850 24 0
1900 8 0
1950 2 0
2000 0 0


Year 2008
class scanned recaptured
100 0 0
150 0 0
200 0 0
250 2 0
300 28 0
350 344 0
400 2602 0
450 12332 0
500 40170 0
550 97884 0
600 182308 0
650 260086 3
700 291620 9
750 271378 10
800 224512 10
850 174626 22
900 131756 11
950 97934 10
1000 71728 14
1050 51120 6
1100 35200 1
1150 23658 1
1200 15864 1
1250 10828 0
1300 7580 0
1350 5410 1
1400 3886 0
1450 2772 0
1500 1934 0
1550 1300 0
1600 826 0
1650 490 0
1700 266 0
1750 132 0
1800 58 0
1850 24 0
1900 8 0
1950 2 0
2000 0 0


Year 2009
class scanned recaptured
100 0 0
150 0 0
200 0 0
250 2 0
300 28 0
350 338 0
400 2596 0
450 13080 0
500 43468 0
550 101422 0
600 180382 0
650 255904 0
700 293398 3
750 278302 11
800 229716 10
850 175798 10
900 130724 19
950 96182 12
1000 70174 5
1050 50456 1
1100 35360 0
1150 24054 1
1200 16060 0
1250 10754 0
1300 7362 1
1350 5182 0
1400 3714 0
1450 2662 0
1500 1866 0
1550 1256 0
1600 798 0
1650 470 0
1700 254 0
1750 126 0
1800 56 0
1850 22 0
1900 8 0
1950 2 0
2000 0 0


Year 2010
class scanned recaptured
100 0 0
150 0 0
200 0 0
250 2 0
300 30 0
350 342 0
400 2546 0
450 12914 0
500 45438 0
550 110634 0
600 193100 0
650 259840 0
700 288924 2
750 275666 1
800 231594 14
850 178066 8
900 131090 7
950 95240 9
1000 68874 9
1050 49434 5
1100 34952 3
1150 24134 3
1200 16262 1
1250 10830 0
1300 7284 0
1350 5028 0
1400 3564 0
1450 2550 0
1500 1794 0
1550 1212 0
1600 770 0
1650 454 0
1700 246 0
1750 120 0
1800 54 0
1850 22 0
1900 8 0
1950 2 0
2000 0 0


Tags2006_R1_R1 :
tag-recapture data for tag Tags2006_R1 in years 2007 2008 2009 2010 , step 1, after proportion 0.5 of mortality, with sampling method size, detection probability 1.
Year 2007
class scanned recaptured
100 0 0
150 0 0
200 0 0
250 2 0
300 28 0
350 344 0
400 2442 0
450 11568 0
500 39724 0
550 99366 0
600 181960 4
650 252416 6
700 280488 27
750 265182 23
800 224010 24
850 176300 28
900 134278 14
950 100438 9
1000 72920 6
1050 50898 5
1100 34514 5
1150 23278 2
1200 15942 0
1250 11162 0
1300 7944 0
1350 5686 0
1400 4062 0
1450 2880 0
1500 2006 0
1550 1350 0
1600 862 0
1650 512 0
1700 278 0
1750 138 0
1800 62 0
1850 24 0
1900 8 0
1950 2 0
2000 0 0


Year 2008
class scanned recaptured
100 0 0
150 0 0
200 0 0
250 2 0
300 28 0
350 344 0
400 2602 0
450 12332 0
500 40170 0
550 97884 0
600 182308 1
650 260086 5
700 291620 15
750 271378 24
800 224512 23
850 174626 22
900 131756 18
950 97934 14
1000 71728 5
1050 51120 6
1100 35200 1
1150 23658 1
1200 15864 2
1250 10828 1
1300 7580 0
1350 5410 0
1400 3886 0
1450 2772 0
1500 1934 0
1550 1300 0
1600 826 0
1650 490 0
1700 266 0
1750 132 0
1800 58 0
1850 24 0
1900 8 0
1950 2 0
2000 0 0


Year 2009
class scanned recaptured
100 0 0
150 0 0
200 0 0
250 2 0
300 28 0
350 338 0
400 2596 0
450 13080 0
500 43468 0
550 101422 1
600 180382 1
650 255904 3
700 293398 11
750 278302 12
800 229716 20
850 175798 12
900 130724 16
950 96182 13
1000 70174 7
1050 50456 1
1100 35360 3
1150 24054 4
1200 16060 1
1250 10754 0
1300 7362 0
1350 5182 0
1400 3714 0
1450 2662 1
1500 1866 0
1550 1256 0
1600 798 0
1650 470 0
1700 254 0
1750 126 0
1800 56 0
1850 22 0
1900 8 0
1950 2 0
2000 0 0


Year 2010
class scanned recaptured
100 0 0
150 0 0
200 0 0
250 2 0
300 30 0
350 342 0
400 2546 0
450 12914 0
500 45438 0
550 110634 0
600 193100 0
650 259840 1
700 288924 4
750 275666 14
800 231594 11
850 178066 17
900 131090 9
950 95240 13
1000 68874 11
1050 49434 2
1100 34952 1
1150 24134 1
1200 16262 1
1250 10830 1
1300 7284 0
1350 5028 0
1400 3564 0
1450 2550 0
1500 1794 0
1550 1212 1
1600 770 0
1650 454 0
1700 246 0
1750 120 0
1800 54 0
1850 22 0
1900 8 0
1950 2 0
2000 0 0


Tags2007_R1_R1 :
tag-recapture data for tag Tags2007_R1 in years 2008 2009 2010 , step 1, after proportion 0.5 of mortality, with sampling method size, detection probability 1.
Year 2008
class scanned recaptured
100 0 0
150 0 0
200 0 0
250 2 0
300 28 0
350 344 0
400 2602 0
450 12332 0
500 40170 0
550 97884 0
600 182308 3
650 260086 14
700 291620 29
750 271378 20
800 224512 33
850 174626 24
900 131756 21
950 97934 10
1000 71728 12
1050 51120 4
1100 35200 4
1150 23658 1
1200 15864 2
1250 10828 0
1300 7580 0
1350 5410 0
1400 3886 0
1450 2772 0
1500 1934 0
1550 1300 0
1600 826 0
1650 490 0
1700 266 0
1750 132 0
1800 58 0
1850 24 0
1900 8 0
1950 2 0
2000 0 0


Year 2009
class scanned recaptured
100 0 0
150 0 0
200 0 0
250 2 0
300 28 0
350 338 0
400 2596 0
450 13080 0
500 43468 0
550 101422 0
600 180382 1
650 255904 6
700 293398 18
750 278302 28
800 229716 20
850 175798 13
900 130724 10
950 96182 9
1000 70174 6
1050 50456 6
1100 35360 1
1150 24054 2
1200 16060 3
1250 10754 0
1300 7362 0
1350 5182 0
1400 3714 0
1450 2662 0
1500 1866 0
1550 1256 0
1600 798 0
1650 470 0
1700 254 0
1750 126 0
1800 56 0
1850 22 0
1900 8 0
1950 2 0
2000 0 0


Year 2010
class scanned recaptured
100 0 0
150 0 0
200 0 0
250 2 0
300 30 0
350 342 0
400 2546 0
450 12914 0
500 45438 0
550 110634 0
600 193100 1
650 259840 3
700 288924 10
750 275666 14
800 231594 16
850 178066 11
900 131090 21
950 95240 15
1000 68874 14
1050 49434 5
1100 34952 1
1150 24134 3
1200 16262 0
1250 10830 0
1300 7284 1
1350 5028 0
1400 3564 0
1450 2550 0
1500 1794 0
1550 1212 0
1600 770 0
1650 454 0
1700 246 0
1750 120 0
1800 54 0
1850 22 0
1900 8 0
1950 2 0
2000 0 0


Tags2008_R1_R1 :
tag-recapture data for tag Tags2008_R1 in years 2009 2010 , step 1, after proportion 0.5 of mortality, with sampling method size, detection probability 1.
Year 2009
class scanned recaptured
100 0 0
150 0 0
200 0 0
250 2 0
300 28 0
350 338 0
400 2596 0
450 13080 0
500 43468 0
550 101422 3
600 180382 5
650 255904 13
700 293398 19
750 278302 27
800 229716 39
850 175798 22
900 130724 12
950 96182 13
1000 70174 5
1050 50456 2
1100 35360 1
1150 24054 2
1200 16060 2
1250 10754 1
1300 7362 0
1350 5182 0
1400 3714 0
1450 2662 0
1500 1866 0
1550 1256 0
1600 798 0
1650 470 0
1700 254 0
1750 126 0
1800 56 0
1850 22 0
1900 8 0
1950 2 0
2000 0 0


Year 2010
class scanned recaptured
100 0 0
150 0 0
200 0 0
250 2 0
300 30 0
350 342 0
400 2546 0
450 12914 0
500 45438 0
550 110634 1
600 193100 4
650 259840 7
700 288924 23
750 275666 23
800 231594 24
850 178066 20
900 131090 17
950 95240 13
1000 68874 5
1050 49434 9
1100 34952 4
1150 24134 2
1200 16262 0
1250 10830 1
1300 7284 1
1350 5028 0
1400 3564 0
1450 2550 0
1500 1794 0
1550 1212 0
1600 770 0
1650 454 0
1700 246 0
1750 120 0
1800 54 0
1850 22 0
1900 8 0
1950 2 0
2000 0 0


Tags2009_R1_R1 :
tag-recapture data for tag Tags2009_R1 in years 2010 , step 1, after proportion 0.5 of mortality, with sampling method size, detection probability 1.
Year 2010
class scanned recaptured
100 0 0
150 0 0
200 0 0
250 2 0
300 30 0
350 342 0
400 2546 0
450 12914 0
500 45438 0
550 110634 1
600 193100 6
650 259840 17
700 288924 24
750 275666 35
800 231594 24
850 178066 20
900 131090 22
950 95240 16
1000 68874 9
1050 49434 6
1100 34952 4
1150 24134 3
1200 16262 0
1250 10830 0
1300 7284 0
1350 5028 0
1400 3564 0
1450 2550 0
1500 1794 0
1550 1212 0
1600 770 0
1650 454 0
1700 246 0
1750 120 0
1800 54 0
1850 22 0
1900 8 0
1950 2 0
2000 0 0



Ageing_error:
  Misclassification matrix:
1 0 0 0 0 0 0 0 0 0 0 0 0 0 0 0 0 0 0 0 0 0 0 0 0 0 0 0 0 0 
0 1 0 0 0 0 0 0 0 0 0 0 0 0 0 0 0 0 0 0 0 0 0 0 0 0 0 0 0 0 
0 0 1 0 0 0 0 0 0 0 0 0 0 0 0 0 0 0 0 0 0 0 0 0 0 0 0 0 0 0 
0 0 0 1 0 0 0 0 0 0 0 0 0 0 0 0 0 0 0 0 0 0 0 0 0 0 0 0 0 0 
0 0 0 0 1 0 0 0 0 0 0 0 0 0 0 0 0 0 0 0 0 0 0 0 0 0 0 0 0 0 
0 0 0 0 0 1 0 0 0 0 0 0 0 0 0 0 0 0 0 0 0 0 0 0 0 0 0 0 0 0 
0 0 0 0 0 0 1 0 0 0 0 0 0 0 0 0 0 0 0 0 0 0 0 0 0 0 0 0 0 0 
0 0 0 0 0 0 0 1 0 0 0 0 0 0 0 0 0 0 0 0 0 0 0 0 0 0 0 0 0 0 
0 0 0 0 0 0 0 0 1 0 0 0 0 0 0 0 0 0 0 0 0 0 0 0 0 0 0 0 0 0 
0 0 0 0 0 0 0 0 0 1 0 0 0 0 0 0 0 0 0 0 0 0 0 0 0 0 0 0 0 0 
0 0 0 0 0 0 0 0 0 0 1 0 0 0 0 0 0 0 0 0 0 0 0 0 0 0 0 0 0 0 
0 0 0 0 0 0 0 0 0 0 0 1 0 0 0 0 0 0 0 0 0 0 0 0 0 0 0 0 0 0 
0 0 0 0 0 0 0 0 0 0 0 0 1 0 0 0 0 0 0 0 0 0 0 0 0 0 0 0 0 0 
0 0 0 0 0 0 0 0 0 0 0 0 0 1 0 0 0 0 0 0 0 0 0 0 0 0 0 0 0 0 
0 0 0 0 0 0 0 0 0 0 0 0 0 0 1 0 0 0 0 0 0 0 0 0 0 0 0 0 0 0 
0 0 0 0 0 0 0 0 0 0 0 0 0 0 0 1 0 0 0 0 0 0 0 0 0 0 0 0 0 0 
0 0 0 0 0 0 0 0 0 0 0 0 0 0 0 0 1 0 0 0 0 0 0 0 0 0 0 0 0 0 
0 0 0 0 0 0 0 0 0 0 0 0 0 0 0 0 0 1 0 0 0 0 0 0 0 0 0 0 0 0 
0 0 0 0 0 0 0 0 0 0 0 0 0 0 0 0 0 0 1 0 0 0 0 0 0 0 0 0 0 0 
0 0 0 0 0 0 0 0 0 0 0 0 0 0 0 0 0 0 0 1 0 0 0 0 0 0 0 0 0 0 
0 0 0 0 0 0 0 0 0 0 0 0 0 0 0 0 0 0 0 0 1 0 0 0 0 0 0 0 0 0 
0 0 0 0 0 0 0 0 0 0 0 0 0 0 0 0 0 0 0 0 0 1 0 0 0 0 0 0 0 0 
0 0 0 0 0 0 0 0 0 0 0 0 0 0 0 0 0 0 0 0 0 0 1 0 0 0 0 0 0 0 
0 0 0 0 0 0 0 0 0 0 0 0 0 0 0 0 0 0 0 0 0 0 0 1 0 0 0 0 0 0 
0 0 0 0 0 0 0 0 0 0 0 0 0 0 0 0 0 0 0 0 0 0 0 0 1 0 0 0 0 0 
0 0 0 0 0 0 0 0 0 0 0 0 0 0 0 0 0 0 0 0 0 0 0 0 0 1 0 0 0 0 
0 0 0 0 0 0 0 0 0 0 0 0 0 0 0 0 0 0 0 0 0 0 0 0 0 0 1 0 0 0 
0 0 0 0 0 0 0 0 0 0 0 0 0 0 0 0 0 0 0 0 0 0 0 0 0 0 0 1 0 0 
0 0 0 0 0 0 0 0 0 0 0 0 0 0 0 0 0 0 0 0 0 0 0 0 0 0 0 0 1 0 
0 0 0 0 0 0 0 0 0 0 0 0 0 0 0 0 0 0 0 0 0 0 0 0 0 0 0 0 0 1 

Free parameters:

initialization.B0
uniform: bounds from 5000 to 500000
current value: 448262
lower bound: 5000
upper bound: 500000


Q's:
qs are nuisance parameters

Penalties:
LL1_Penalty :
Catch limit penalty of 1000 x the sum of squares of (log(actual catch) - log(specified catch)) for fishery LL1 to disencourage breaking exploitation rate limits
LL2_Penalty :
Catch limit penalty of 1000 x the sum of squares of (log(actual catch) - log(specified catch)) for fishery LL2 to disencourage breaking exploitation rate limits
meanYCS_1 :
Vector average penalty of 100 x square of (mean(recruitment.YCS) - 1) 
Penalty_Tags2005_R1_LL1 :
'Fish-must-be-tagged' penalty of 1 x square of (actual number of tagged fish - nominal number of tagged fish) for tagging episode Tags2005_R1_LL1
Penalty_Tags2006_R1_LL1 :
'Fish-must-be-tagged' penalty of 1 x square of (actual number of tagged fish - nominal number of tagged fish) for tagging episode Tags2006_R1_LL1
Penalty_Tags2007_R1_LL1 :
'Fish-must-be-tagged' penalty of 1 x square of (actual number of tagged fish - nominal number of tagged fish) for tagging episode Tags2007_R1_LL1
Penalty_Tags2008_R1_LL1 :
'Fish-must-be-tagged' penalty of 1 x square of (actual number of tagged fish - nominal number of tagged fish) for tagging episode Tags2008_R1_LL1
Penalty_Tags2009_R1_LL1 :
'Fish-must-be-tagged' penalty of 1 x square of (actual number of tagged fish - nominal number of tagged fish) for tagging episode Tags2009_R1_LL1

Components of the objective function are:
  LL1_catchA
  Tags2005_R1_R1
  Tags2006_R1_R1
  Tags2007_R1_R1
  Tags2008_R1_R1
  Tags2009_R1_R1
  prior_on_initialization.B0
  LL1_Penalty
  LL2_Penalty
  meanYCS_1
  Penalty_Tags2005_R1_LL1
  Penalty_Tags2006_R1_LL1
  Penalty_Tags2007_R1_LL1
  Penalty_Tags2008_R1_LL1
  Penalty_Tags2009_R1_LL1

Random number seed : 15288


Minimiser achieved convergence after 9 quasi-Newton iterations using 12 objective function evaluations



Approximate Covariance matrix (Inverse Hessian of parameters at point estimate):
1.12369e+007 

Correlation matrix:
1 

List of parameter names, in the same order as the rows & cols of the covariance/correlation matrices:
initialization.B0 



Start extracting output from here

Point estimate:
initialization.B0
current value: 213030
lower bound: 5000
upper bound: 500000


In a format suitable for -i :

initialization.B0 
213030 

Objective function : 904.191

Components :
LL1_catchA                                         399.009
Tags2005_R1_R1                                     169.646
Tags2006_R1_R1                                     131.063
Tags2007_R1_R1                                     100.81
Tags2008_R1_R1                                     70.8267
Tags2009_R1_R1                                     32.8364
prior_on_initialization.B0                         0
LL1_Penalty                                        0
LL2_Penalty                                        0
meanYCS_1                                          0
Penalty_Tags2005_R1_LL1                            2.06795e-025
Penalty_Tags2006_R1_LL1                            8.27181e-025
Penalty_Tags2007_R1_LL1                            8.27181e-025
Penalty_Tags2008_R1_LL1                            8.27181e-025
Penalty_Tags2009_R1_LL1                            0

Fits : 

The observations are:
LL1_catchA
Tags2005_R1_R1
Tags2006_R1_R1
Tags2007_R1_R1
Tags2008_R1_R1
Tags2009_R1_R1
Fits follow:

LL1_catchA :
catch proportions-at-age for fishery LL1  with ageing error (constrained to sum to 1):
obs (last class is a plus group):
class 1       2       3       4       5       6       7       8       9       10      11      12      13      14      15      16      17      18      19      20      21      22      23      24      25      26      27      28      29      30      
2000 0       0       0       0       0       0       0.05    0.12    0.17    0.15    0.17    0.06    0.07    0.08    0.03    0.05    0       0.01    0       0.01    0.02    0       0.01    0       0       0       0       0       0       0       
2001 0       0       0       0       0       0       0.08    0.16    0.07    0.19    0.1     0.09    0.08    0.04    0.07    0.01    0.02    0.05    0.03    0       0.01    0       0       0       0       0       0       0       0       0       
2002 0       0       0       0       0       0.03    0.05    0.1     0.17    0.18    0.12    0.06    0.06    0.05    0.03    0.07    0       0.06    0       0.02    0       0       0       0       0       0       0       0       0       0       
2003 0       0       0       0       0.01    0       0.07    0.12    0.18    0.14    0.13    0.12    0.04    0.07    0.01    0.02    0.02    0       0.03    0       0.01    0.01    0       0.01    0.01    0       0       0       0       0       
2004 0       0       0       0       0.01    0.01    0.06    0.1     0.08    0.15    0.14    0.11    0.08    0.07    0.02    0.02    0.03    0.01    0.06    0.02    0.03    0       0       0       0       0       0       0       0       0       
2005 0       0       0       0       0.01    0       0.03    0.09    0.19    0.12    0.12    0.19    0.07    0.02    0.06    0.01    0       0.04    0.01    0.01    0.01    0.02    0       0       0       0       0       0       0       0       
2006 0       0       0       0       0       0.01    0.02    0.16    0.2     0.16    0.11    0.07    0.05    0.05    0.05    0.02    0.03    0.04    0.02    0       0       0       0       0.01    0       0       0       0       0       0       
2007 0       0       0       0       0       0.02    0.1     0.09    0.17    0.2     0.1     0.08    0.07    0.07    0.01    0.03    0.03    0.02    0       0.01    0       0       0       0       0       0       0       0       0       0       
2008 0       0       0       0       0.01    0.02    0.06    0.12    0.14    0.13    0.14    0.09    0.06    0.05    0.07    0.01    0.02    0.03    0.01    0       0.01    0.01    0       0.01    0       0       0       0       0       0.01    
2009 0       0       0       0       0       0.01    0.05    0.09    0.13    0.16    0.12    0.16    0.06    0.07    0.03    0.01    0.03    0.01    0       0.01    0.02    0.02    0.01    0       0       0       0       0       0       0.01    
2010 0       0       0       0       0       0.05    0.01    0.1     0.2     0.19    0.1     0.05    0.09    0.04    0       0.05    0.02    0.01    0.02    0       0       0       0.01    0.02    0.01    0       0       0.02    0       0.01    
fits (last class is a plus group):
class 1       2       3       4       5       6       7       8       9       10      11      12      13      14      15      16      17      18      19      20      21      22      23      24      25      26      27      28      29      30      
2000 5.01038e-007 8.19877e-006 9.48377e-005 0.000775448 0.00448139 0.0182941 0.0526321 0.106096 0.1486  0.144145 0.115857 0.0922156 0.072738 0.0568952 0.0441647 0.0340728 0.026209 0.0201856 0.0155795 0.0119648 0.00908632 0.00681774 0.00505017 0.00369018 0.00265802 0.00188615 0.00131793 0.000906449 0.000613518 0.00296415 
2001 5.05831e-007 8.27952e-006 9.58005e-005 0.000783574 0.00452989 0.0184978 0.0532255 0.107246 0.149979 0.145172 0.116325 0.0922529 0.0725189 0.0565423 0.043751 0.0336178 0.0256862 0.0195746 0.0149388 0.0114256 0.00869459 0.00654126 0.00486093 0.00356484 0.0025779 0.00183689 0.00128893 0.000890232 0.000604996 0.00296841 
2002 5.10603e-007 8.3599e-006 9.67575e-005 0.000791638 0.00457796 0.0186997 0.0538129 0.108382 0.151326 0.14604 0.11669 0.0922615 0.0722696 0.0561637 0.0433274 0.033194 0.025267 0.0191319 0.0144515 0.0109324 0.00828749 0.00624946 0.00465771 0.00342757 0.00248819 0.00178031 0.00125462 0.000870315 0.000594012 0.00296615 
2003 5.15426e-007 8.44121e-006 9.77253e-005 0.000799779 0.00462639 0.0189026 0.0544024 0.109517 0.152659 0.146874 0.116922 0.092187 0.071999 0.0557642 0.0428871 0.0327659 0.0248744 0.0187693 0.0140912 0.010554 0.0079158 0.00594806 0.00444456 0.00328111 0.00239059 0.0017174 0.0012155 0.000846934 0.000580646 0.00295704 
2004 5.20358e-007 8.52449e-006 9.87169e-005 0.000808114 0.00467587 0.0191095 0.0550016 0.110666 0.153994 0.147685 0.117118 0.0920032 0.0716617 0.0553486 0.0424325 0.0323272 0.0244805 0.0184284 0.0137917 0.01027 0.00762868 0.00567324 0.00422539 0.00312818 0.00228693 0.00164928 0.00117221 0.00082041 0.000565035 0.0029408 
2005 5.25446e-007 8.61056e-006 9.97429e-005 0.000816739 0.00472703 0.0193229 0.0556176 0.111841 0.155345 0.148482 0.117282 0.0917829 0.0712354 0.05488 0.0419655 0.0318786 0.02408 0.0180878 0.0135092 0.0100314 0.00741082 0.00545988 0.00402574 0.00297145 0.00217904 0.00157715 0.00112548 0.000791145 0.000547375 0.00291716 
2006 5.30731e-007 8.70015e-006 0.000100813 0.00082574 0.00478041 0.0195453 0.0562579 0.113056 0.156727 0.149275 0.117416 0.0915252 0.0707739 0.0543396 0.0414567 0.0314202 0.0236723 0.0177428 0.0132277 0.0098058 0.00722626 0.00529664 0.00387017 0.00282879 0.00206872 0.00150224 0.0010761 0.000759613 0.000527926 0.00288602 
2007 5.36237e-007 8.79372e-006 0.000101932 0.000835171 0.00483639 0.0197785 0.056928 0.114323 0.158153 0.15007 0.117522 0.091229 0.0702746 0.0537676 0.0408913 0.0309295 0.0232572 0.0173928 0.0129433 0.00958121 0.00705142 0.00515749 0.00375039 0.00271731 0.00196835 0.00142575 0.00102487 0.000726323 0.000506983 0.00284733 
2008 5.41989e-007 8.89174e-006 0.000103107 0.000845088 0.00489532 0.020024 0.0576334 0.115651 0.159636 0.150876 0.117602 0.0908929 0.0697346 0.0531604 0.0402986 0.0303949 0.0228174 0.0170371 0.0126552 0.00935472 0.00687748 0.00502544 0.00364782 0.0026311 0.00188978 0.00135618 0.000972607 0.000691813 0.00048488 0.00280126 
2009 5.4801e-007 8.99465e-006 0.000104343 0.000855544 0.00495754 0.0202836 0.0583789 0.117052 0.161188 0.151698 0.117657 0.0905151 0.0691507 0.0525146 0.0396753 0.0298378 0.0223441 0.0166629 0.012363 0.00912566 0.00670229 0.00489415 0.00355037 0.00255705 0.00182886 0.00130169 0.000925099 0.000656617 0.000461973 0.00274814 
2010 5.54323e-007 9.1029e-006 0.000105648 0.000866595 0.00502341 0.0205587 0.0591694 0.118535 0.16282 0.152543 0.117686 0.090093 0.0685198 0.0518267 0.039018 0.0292553 0.0218531 0.0162636 0.012057 0.0088935 0.0065253 0.00476203 0.00345353 0.00248666 0.00177645 0.0012594 0.000887905 0.000624648 0.000438614 0.00268847 
resids (last class is a plus group):
class 1       2       3       4       5       6       7       8       9       10      11      12      13      14      15      16      17      18      19      20      21      22      23      24      25      26      27      28      29      30      
2000 -5.01038e-007 -8.19877e-006 -9.48377e-005 -0.000775448 -0.00448139 -0.0182941 -0.00263207 0.0139045 0.0214001 0.00585478 0.054143 -0.0322156 -0.00273798 0.0231048 -0.0141647 0.0159272 -0.026209 -0.0101856 -0.0155795 -0.00196482 0.0109137 -0.00681774 0.00494983 -0.00369018 -0.00265802 -0.00188615 -0.00131793 -0.000906449 -0.000613518 -0.00296415 
2001 -5.05831e-007 -8.27952e-006 -9.58005e-005 -0.000783574 -0.00452989 -0.0184978 0.0267745 0.0527538 -0.0799785 0.044828 -0.0163248 -0.00225288 0.00748114 -0.0165423 0.026249 -0.0236178 -0.00568623 0.0304254 0.0150612 -0.0114256 0.00130541 -0.00654126 -0.00486093 -0.00356484 -0.0025779 -0.00183689 -0.00128893 -0.000890232 -0.000604996 -0.00296841 
2002 -5.10603e-007 -8.3599e-006 -9.67575e-005 -0.000791638 -0.00457796 0.0113003 -0.00381292 -0.00838203 0.0186739 0.0339602 0.00331041 -0.0322615 -0.0122696 -0.00616366 -0.0133274 0.036806 -0.025267 0.0408681 -0.0144515 0.00906755 -0.00828749 -0.00624946 -0.00465771 -0.00342757 -0.00248819 -0.00178031 -0.00125462 -0.000870315 -0.000594012 -0.00296615 
2003 -5.15426e-007 -8.44121e-006 -9.77253e-005 -0.000799779 0.00537361 -0.0189026 0.0155976 0.0104827 0.0273406 -0.00687378 0.013078 0.027813 -0.031999 0.0142358 -0.0328871 -0.0127659 -0.00487438 -0.0187693 0.0159088 -0.010554 0.0020842 0.00405194 -0.00444456 0.00671889 0.00760941 -0.0017174 -0.0012155 -0.000846934 -0.000580646 -0.00295704 
2004 -5.20358e-007 -8.52449e-006 -9.87169e-005 -0.000808114 0.00532413 -0.00910949 0.00499843 -0.010666 -0.0739941 0.00231517 0.0228818 0.0179968 0.00833828 0.0146514 -0.0224325 -0.0123272 0.00551945 -0.00842838 0.0462083 0.00972998 0.0223713 -0.00567324 -0.00422539 -0.00312818 -0.00228693 -0.00164928 -0.00117221 -0.00082041 -0.000565035 -0.0029408 
2005 -5.25446e-007 -8.61056e-006 -9.97429e-005 -0.000816739 0.00527297 -0.0193229 -0.0256176 -0.0218413 0.0346548 -0.0284823 0.00271794 0.0982171 -0.00123539 -0.03488 0.0180345 -0.0218786 -0.02408 0.0219122 -0.00350922 -3.13915e-005 0.00258918 0.0145401 -0.00402574 -0.00297145 -0.00217904 -0.00157715 -0.00112548 -0.000791145 -0.000547375 -0.00291716 
2006 -5.30731e-007 -8.70015e-006 -0.000100813 -0.00082574 -0.00478041 -0.00954528 -0.0362579 0.0469437 0.0432728 0.0107254 -0.00741574 -0.0215252 -0.0207739 -0.00433963 0.00854326 -0.0114202 0.00632768 0.0222572 0.00677233 -0.0098058 -0.00722626 -0.00529664 -0.00387017 0.00717121 -0.00206872 -0.00150224 -0.0010761 -0.000759613 -0.000527926 -0.00288602 
2007 -5.36237e-007 -8.79372e-006 -0.000101932 -0.000835171 -0.00483639 0.000221549 0.043072 -0.0243226 0.0118467 0.0499297 -0.0175218 -0.011229 -0.000274642 0.0162324 -0.0308913 -0.000929523 0.00674281 0.00260721 -0.0129433 0.000418788 -0.00705142 -0.00515749 -0.00375039 -0.00271731 -0.00196835 -0.00142575 -0.00102487 -0.000726323 -0.000506983 -0.00284733 
2008 -5.41989e-007 -8.89174e-006 -0.000103107 -0.000845088 0.00510468 -2.40403e-005 0.00236658 0.00434882 -0.0196362 -0.020876 0.0223981 -0.000892926 -0.00973462 -0.00316044 0.0297014 -0.0203949 -0.0028174 0.0129629 -0.00265523 -0.00935472 0.00312252 0.00497456 -0.00364782 0.0073689 -0.00188978 -0.00135618 -0.000972607 -0.000691813 -0.00048488 0.00719874 
2009 -5.4801e-007 -8.99465e-006 -0.000104343 -0.000855544 -0.00495754 -0.0102836 -0.00837891 -0.0270522 -0.031188 0.00830175 0.00234342 0.0694849 -0.00915075 0.0174854 -0.0096753 -0.0198378 0.00765586 -0.00666287 -0.012363 0.000874343 0.0132977 0.0151059 0.00644963 -0.00255705 -0.00182886 -0.00130169 -0.000925099 -0.000656617 -0.000461973 0.00725186 
2010 -5.54323e-007 -9.1029e-006 -0.000105648 -0.000866595 -0.00502341 0.0294413 -0.0491694 -0.0185353 0.0371804 0.0374574 -0.0176859 -0.040093 0.0214802 -0.0118267 -0.039018 0.0207447 -0.0018531 -0.00626362 0.00794297 -0.0088935 -0.0065253 -0.00476203 0.00654647 0.0175133 0.00822355 -0.0012594 -0.000887905 0.0193754 -0.000438614 0.00731153 
pearson_resids (last class is a plus group):
class 1       2       3       4       5       6       7       8       9       10      11      12      13      14      15      16      17      18      19      20      21      22      23      24      25      26      27      28      29      30      
2000 -0.00707841 -0.0286336 -0.0973893 -0.278577 -0.670937 -1.3651 -0.117873 0.451504 0.601644 0.16669 1.69169 -1.11346 -0.105426 0.997434 -0.689412 0.877935 -1.64056 -0.724259 -1.25802 -0.18071 1.15016 -0.828525 0.698291 -0.608592 -0.516247 -0.434709 -0.363272 -0.30121 -0.247769 -0.545248 
2001 -0.00711218 -0.0287743 -0.0978824 -0.280034 -0.674574 -1.37282 1.19272 1.70489 -2.23998 1.27253 -0.509173 -0.0778511 0.288463 -0.716222 1.28331 -1.31033 -0.359439 2.19626 1.24156 -1.07507 0.14061 -0.811439 -0.698905 -0.598129 -0.508386 -0.428984 -0.359249 -0.2985 -0.246041 -0.545641 
2002 -0.00714565 -0.0289136 -0.0983702 -0.281472 -0.67816 0.834207 -0.168976 -0.269638 0.521085 0.961648 0.103112 -1.11479 -0.473852 -0.267709 -0.654608 2.05456 -1.61003 2.98332 -1.21092 0.872004 -0.914152 -0.793017 -0.684069 -0.586461 -0.499439 -0.422313 -0.354429 -0.295139 -0.243796 -0.545433 
2003 -0.00717932 -0.0290539 -0.0988609 -0.282917 0.791867 -1.38805 0.687696 0.335673 0.760182 -0.194186 0.407001 0.961425 -1.23794 0.620388 -1.62323 -0.717091 -0.312977 -1.38305 1.34973 -1.03279 0.235189 0.526952 -0.668161 1.1749  1.55818 -0.414772 -0.348853 -0.291145 -0.241036 -0.544593 
2004 -0.00721359 -0.0291969 -0.0993613 -0.284388 0.780432 -0.665364 0.219246 -0.339988 -2.05002 0.0652553 0.711586 0.622661 0.323281 0.640754 -1.11287 -0.696975 0.357164 -0.626671 3.96212 0.96509 2.57117 -0.755355 -0.651407 -0.560178 -0.478766 -0.406449 -0.342577 -0.286546 -0.237772 -0.54309 
2005 -0.00724877 -0.0293439 -0.0998763 -0.285903 0.76876 -1.4037 -1.11779 -0.692997 0.956699 -0.801016 0.0844721 3.40182 -0.048029 -1.53153 0.89943 -1.24539 -1.5708 1.64421 -0.303983 -0.00315007 0.301887 1.97317 -0.635768 -0.545921 -0.467311 -0.397447 -0.335671 -0.281384 -0.234025 -0.540897 
2006 -0.00728513 -0.0294962 -0.100411 -0.287476 -0.693064 -0.689531 -1.57356 1.48245 1.19031 0.300971 -0.230363 -0.746484 -0.810066 -0.191437 0.428569 -0.654638 0.416224 1.68596 0.592772 -0.995133 -0.853162 -0.729715 -0.623314 1.35023 -0.455303 -0.387879 -0.328216 -0.275716 -0.229827 -0.537994 
2007 -0.00732282 -0.0296543 -0.100966 -0.289114 -0.697129 0.0159115 1.85891 -0.764374 0.324669 1.39804 -0.544086 -0.389984 -0.0107446 0.719654 -1.55986 -0.0536903 0.447375 0.199435 -1.14512 0.0429907 -0.842704 -0.720016 -0.613556 -0.521988 -0.444098 -0.37786 -0.320301 -0.269602 -0.22522 -0.534365 
2008 -0.00736199 -0.0298192 -0.101547 -0.290827 0.731382 -0.00171615 0.101549 0.135983 -0.536116 -0.583247 0.695299 -0.031063 -0.3822 -0.140869 1.5103  -1.18802 -0.188681 1.0017  -0.237538 -0.971754 0.377823 0.703496 -0.605076 1.43849 -0.435127 -0.368513 -0.312018 -0.263114 -0.220253 1.36204 
2009 -0.00740277 -0.0299912 -0.102154 -0.292622 -0.70585 -0.729496 -0.357373 -0.841483 -0.848182 0.231422 0.0727316 2.42176 -0.360677 0.783879 -0.495673 -1.16597 0.517987 -0.520517 -1.11883 0.0919476 1.62977 2.16457 1.08435 -0.506321 -0.428043 -0.361025 -0.304295 -0.25633 -0.214985 1.38525 
2010 -0.00744529 -0.0301711 -0.10279 -0.294508 -0.710547 2.07476 -2.08397 -0.573421 1.00705 1.0418  -0.548851 -1.40031 0.850244 -0.533509 -2.015  1.23098 -0.126748 -0.495196 0.727775 -0.947275 -0.810442 -0.691724 1.1159  3.51642 1.95285 -0.355104 -0.29811 7.75475 -0.209477 1.41202 
objective function: multinomial likelihood, with delta = 1e-011, N =
100 100 100 100 100 100 100 100 100 100 100 100 100 100 100 100 100 100 100 100 100 100 100 100 100 100 100 100 100 100 
100 100 100 100 100 100 100 100 100 100 100 100 100 100 100 100 100 100 100 100 100 100 100 100 100 100 100 100 100 100 
100 100 100 100 100 100 100 100 100 100 100 100 100 100 100 100 100 100 100 100 100 100 100 100 100 100 100 100 100 100 
100 100 100 100 100 100 100 100 100 100 100 100 100 100 100 100 100 100 100 100 100 100 100 100 100 100 100 100 100 100 
100 100 100 100 100 100 100 100 100 100 100 100 100 100 100 100 100 100 100 100 100 100 100 100 100 100 100 100 100 100 
100 100 100 100 100 100 100 100 100 100 100 100 100 100 100 100 100 100 100 100 100 100 100 100 100 100 100 100 100 100 
100 100 100 100 100 100 100 100 100 100 100 100 100 100 100 100 100 100 100 100 100 100 100 100 100 100 100 100 100 100 
100 100 100 100 100 100 100 100 100 100 100 100 100 100 100 100 100 100 100 100 100 100 100 100 100 100 100 100 100 100 
100 100 100 100 100 100 100 100 100 100 100 100 100 100 100 100 100 100 100 100 100 100 100 100 100 100 100 100 100 100 
100 100 100 100 100 100 100 100 100 100 100 100 100 100 100 100 100 100 100 100 100 100 100 100 100 100 100 100 100 100 
100 100 100 100 100 100 100 100 100 100 100 100 100 100 100 100 100 100 100 100 100 100 100 100 100 100 100 100 100 100 

Tags2005_R1_R1 :
tag-recapture data for tag Tags2005_R1 in years 2006 2007 2008 2009 2010 , step 1, after proportion 0.5 of mortality, with sampling method size, detection probability 1.
Year 2006
class scanned recaptured expected_prop neg_log_likelihood
100 0 0 0 0
150 0 0 1.28272e-012 0
200 0 0 7.59485e-012 0
250 2 0 5.34984e-011 1.06997e-010
300 28 0 7.17356e-010 2.0086e-008
350 320 0 8.97328e-009 2.87145e-006
400 2302 0 8.37892e-008 0.000192883
450 11502 0 5.64908e-007 0.00649758
500 39770 1 2.69199e-006 2.34142
550 96806 2 9.2081e-006 1.81447
600 173902 3 2.34395e-005 1.65245
650 243624 16 4.62885e-005 3.18463
700 277690 25 7.37695e-005 2.99626
750 266092 33 9.8527e-005 3.47996
800 224820 25 0.00011487 2.54497
850 178122 14 0.000121868 3.81161
900 136978 22 0.000121716 3.241
950 101584 20 0.000116806 4.72859
1000 71958 6 0.000108673 2.05911
1050 49292 7 9.82891e-005 2.32457
1100 33518 6 8.63968e-005 3.09548
1150 23134 0 7.36619e-005 1.70416
1200 16316 0 6.08209e-005 0.992384
1250 11662 1 4.88022e-005 1.13274
1300 8346 0 3.84546e-005 0.320949
1350 5944 0 3.02276e-005 0.179675
1400 4222 0 2.42067e-005 0.102202
1450 2988 0 2.00327e-005 0.0598583
1500 2086 0 1.72053e-005 0.0358905
1550 1406 0 1.53139e-005 0.0215314
1600 896 0 1.40107e-005 0.0125537
1650 530 0 1.31288e-005 0.00695831
1700 286 0 1.25488e-005 0.00358899
1750 140 0 1.21761e-005 0.00170466
1800 62 0 1.19401e-005 0.000740293
1850 24 0 1.17915e-005 0.000282997
1900 8 0 1.16948e-005 9.3559e-005
1950 2 0 1.16208e-005 2.32418e-005
2000 0 0 1.15388e-005 0

total neg_log_likelihood: 41.8566


Year 2007
class scanned recaptured expected_prop neg_log_likelihood
100 0 0 0 0
150 0 0 4.29526e-015 0
200 0 0 4.33164e-013 0
250 2 0 6.43789e-012 1.28757e-011
300 28 0 1.30965e-010 3.66702e-009
350 344 0 1.80227e-009 6.19982e-007
400 2442 0 1.73711e-008 4.24203e-005
450 11568 0 1.33629e-007 0.00154582
500 39724 0 7.73078e-007 0.0307098
550 99366 0 3.26348e-006 0.324279
600 181960 1 1.02348e-005 1.2405
650 252416 12 2.46438e-005 4.27356
700 280488 9 4.71235e-005 2.78549
750 265182 19 7.37721e-005 2.40369
800 224010 19 9.75907e-005 2.59152
850 176300 23 0.000113242 2.71016
900 134278 14 0.000119787 2.38573
950 100438 16 0.000119193 2.92289
1000 72920 5 0.000113773 2.50478
1050 50898 5 0.00010506 1.75179
1100 34514 5 9.40101e-005 2.14707
1150 23278 1 8.13942e-005 1.25563
1200 15942 2 6.80857e-005 1.6146
1250 11162 2 5.51985e-005 2.27788
1300 7944 0 4.38061e-005 0.348003
1350 5686 1 3.45525e-005 1.8237
1400 4062 1 2.76641e-005 2.29829
1450 2880 0 2.28206e-005 0.0657241
1500 2006 0 1.94944e-005 0.0391061
1550 1350 0 1.72406e-005 0.023275
1600 862 0 1.56621e-005 0.0135008
1650 512 0 1.45752e-005 0.00746254
1700 278 0 1.38486e-005 0.00384993
1750 138 0 1.3375e-005 0.00184576
1800 62 0 1.3072e-005 0.000810469
1850 24 0 1.288e-005 0.000309122
1900 8 0 1.2756e-005 0.000102049
1950 2 0 1.26647e-005 2.53296e-005
2000 0 0 1.25692e-005 0

total neg_log_likelihood: 37.8479


Year 2008
class scanned recaptured expected_prop neg_log_likelihood
100 0 0 0 0
150 0 0 0 0
200 0 0 1.24739e-014 0
250 2 0 5.88285e-013 1.17661e-012
300 28 0 2.21003e-011 6.18809e-010
350 344 0 4.06507e-010 1.39838e-007
400 2602 0 4.00021e-009 1.04086e-005
450 12332 0 3.0904e-008 0.000381109
500 40170 0 2.03101e-007 0.00815855
550 97884 0 1.02356e-006 0.10019
600 182308 0 3.8965e-006 0.710364
650 260086 3 1.13828e-005 1.49618
700 291620 9 2.61669e-005 2.14288
750 271378 10 4.85249e-005 2.49466
800 224512 10 7.43876e-005 3.65076
850 174626 22 9.70889e-005 3.15404
900 131756 11 0.000111789 2.6433
950 97934 10 0.000117627 2.18348
1000 71728 14 0.000116405 3.83002
1050 51120 6 0.000110286 1.84003
1100 35200 1 0.000100745 2.28042
1150 23658 1 8.87602e-005 1.35801
1200 15864 1 7.53516e-005 1.01689
1250 10828 0 6.18296e-005 0.669511
1300 7580 0 4.95181e-005 0.375356
1350 5410 1 3.92907e-005 1.76105
1400 3886 0 3.1547e-005 0.122594
1450 2772 0 2.60301e-005 0.0721564
1500 1934 0 2.21966e-005 0.0429287
1550 1300 0 1.95731e-005 0.0254453
1600 826 0 1.7714e-005 0.0146319
1650 490 0 1.64187e-005 0.00804521
1700 266 0 1.55434e-005 0.00413456
1750 132 0 1.49677e-005 0.00197575
1800 58 0 1.45969e-005 0.000846627
1850 24 0 1.43612e-005 0.000344672
1900 8 0 1.42095e-005 0.000113676
1950 2 0 1.41001e-005 2.82003e-005
2000 0 0 1.39907e-005 0

total neg_log_likelihood: 32.0089


Year 2009
class scanned recaptured expected_prop neg_log_likelihood
100 0 0 0 0
150 0 0 0 0
200 0 0 4.22995e-017 0
250 2 0 3.59544e-014 7.19425e-014
300 28 0 2.94028e-012 8.23288e-011
350 338 0 8.88026e-011 3.00153e-008
400 2596 0 1.09093e-009 2.83206e-006
450 13080 0 7.60042e-009 9.94135e-005
500 43468 0 5.19142e-008 0.00225661
550 101422 0 2.96121e-007 0.0300332
600 180382 0 1.33142e-006 0.240164
650 255904 0 4.65858e-006 1.19215
700 293398 3 1.28102e-005 1.57819
750 278302 11 2.81641e-005 2.69144
800 229716 10 5.04834e-005 2.19391
850 175798 10 7.54729e-005 2.51886
900 130724 19 9.68967e-005 3.7661
950 96182 12 0.000110411 2.25435
1000 70174 5 0.000115301 2.42481
1050 50456 1 0.000113198 3.96923
1100 35360 0 0.000106078 3.75112
1150 24054 1 9.53743e-005 1.46379
1200 16060 0 8.23475e-005 1.32256
1250 10754 0 6.85216e-005 0.736907
1300 7362 1 5.54907e-005 1.30369
1350 5182 0 4.43914e-005 0.230041
1400 3714 0 3.58343e-005 0.133091
1450 2662 0 2.96558e-005 0.0789449
1500 1866 0 2.53142e-005 0.0472369
1550 1256 0 2.23166e-005 0.0280299
1600 798 0 2.01721e-005 0.0160975
1650 470 0 1.86646e-005 0.00877246
1700 254 0 1.76383e-005 0.00448017
1750 126 0 1.69592e-005 0.00213688
1800 56 0 1.65198e-005 0.000925119
1850 22 0 1.624e-005 0.000357283
1900 8 0 1.60604e-005 0.000128484
1950 2 0 1.59326e-005 3.18654e-005
2000 0 0 1.58079e-005 0

total neg_log_likelihood: 31.9899


Year 2010
class scanned recaptured expected_prop neg_log_likelihood
100 0 0 0 0
150 0 0 0 0
200 0 0 0 0
250 2 0 1.0723e-015 2.22045e-015
300 30 0 2.79968e-013 8.39995e-012
350 342 0 1.61457e-011 5.52185e-009
400 2546 0 3.32466e-010 8.46459e-007
450 12914 0 2.12531e-009 2.74462e-005
500 45438 0 1.38553e-008 0.000629559
550 110634 0 8.32418e-008 0.00920938
600 193100 0 4.23321e-007 0.0817434
650 259840 0 1.73334e-006 0.450391
700 288924 2 5.63602e-006 1.34635
750 275666 1 1.4615e-005 2.63539
800 231594 14 3.06364e-005 4.85463
850 178066 8 5.28785e-005 2.08128
900 131090 7 7.69015e-005 2.43161
950 95240 9 9.6886e-005 2.02959
1000 68874 9 0.000108992 2.16631
1050 49434 5 0.000112639 1.77029
1100 34952 3 0.000109285 1.59092
1150 24134 3 0.000100752 1.55766
1200 16262 1 8.8731e-005 1.07623
1250 10830 0 7.50427e-005 0.812743
1300 7284 0 6.15806e-005 0.448567
1350 5028 0 4.97751e-005 0.250276
1400 3564 0 4.04861e-005 0.144295
1450 2550 0 3.36805e-005 0.0858868
1500 1794 0 2.88423e-005 0.0517439
1550 1212 0 2.54721e-005 0.0308725
1600 770 0 2.30398e-005 0.0177408
1650 454 0 2.13171e-005 0.00967808
1700 246 0 2.01372e-005 0.0049538
1750 120 0 1.93529e-005 0.00232237
1800 54 0 1.88439e-005 0.00101758
1850 22 0 1.85193e-005 0.000407428
1900 8 0 1.83116e-005 0.000146494
1950 2 0 1.81653e-005 3.6331e-005
2000 0 0 1.80249e-005 0

total neg_log_likelihood: 25.9429


Tags2006_R1_R1 :
tag-recapture data for tag Tags2006_R1 in years 2007 2008 2009 2010 , step 1, after proportion 0.5 of mortality, with sampling method size, detection probability 1.
Year 2007
class scanned recaptured expected_prop neg_log_likelihood
100 0 0 0 0
150 0 0 2.49112e-012 0
200 0 0 1.13351e-011 0
250 2 0 6.6038e-011 1.32076e-010
300 28 0 8.5511e-010 2.39431e-008
350 344 0 1.06255e-008 3.65518e-006
400 2442 0 9.53684e-008 0.00023289
450 11568 0 6.14822e-007 0.00711227
500 39724 0 2.83689e-006 0.112693
550 99366 0 9.52183e-006 0.946151
600 181960 4 2.4023e-005 1.64909
650 252416 6 4.73495e-005 3.64581
700 280488 27 7.56636e-005 3.29332
750 265182 23 0.000101563 2.79251
800 224010 24 0.000118974 2.64788
850 176300 28 0.000126462 3.26256
900 134278 14 0.00012591 2.51
950 100438 9 0.000119713 2.44362
1000 72920 6 0.000109665 2.10179
1050 50898 5 9.71487e-005 1.74056
1100 34514 5 8.33508e-005 2.38091
1150 23278 2 6.93043e-005 1.34985
1200 15942 0 5.5921e-005 0.891518
1250 11162 0 4.40699e-005 0.491919
1300 7944 0 3.43577e-005 0.272942
1350 5686 0 2.69499e-005 0.153239
1400 4062 0 2.17062e-005 0.0881714
1450 2880 0 1.81622e-005 0.0523075
1500 2006 0 1.58061e-005 0.0317073
1550 1350 0 1.42503e-005 0.019238
1600 862 0 1.3186e-005 0.0113664
1650 512 0 1.24679e-005 0.0063836
1700 278 0 1.19956e-005 0.00333481
1750 138 0 1.16918e-005 0.00161347
1800 62 0 1.1499e-005 0.000712943
1850 24 0 1.13773e-005 0.000273057
1900 8 0 1.12982e-005 9.03862e-005
1950 2 0 1.12387e-005 2.24776e-005
2000 0 0 1.11746e-005 0

total neg_log_likelihood: 32.9089


Year 2008
class scanned recaptured expected_prop neg_log_likelihood
100 0 0 0 0
150 0 0 8.61992e-015 0
200 0 0 7.49635e-013 0
250 2 0 8.30771e-012 1.66154e-011
300 28 0 1.50943e-010 4.2264e-009
350 344 0 2.06554e-009 7.10546e-007
400 2602 0 1.9836e-008 5.16133e-005
450 12332 0 1.48019e-007 0.00182537
500 40170 0 8.27586e-007 0.0332441
550 97884 0 3.40752e-006 0.333542
600 182308 1 1.05317e-005 1.26768
650 260086 5 2.51998e-005 1.94113
700 291620 15 4.81712e-005 2.31007
750 271378 24 7.56745e-005 2.78833
800 224512 23 0.000100612 2.49398
850 174626 22 0.000117239 2.52377
900 131756 18 0.000124139 2.44867
950 97934 14 0.000123012 2.39474
1000 71728 5 0.000116213 2.52051
1050 51120 6 0.000105573 1.86115
1100 35200 1 9.24787e-005 2.07504
1150 23658 1 7.81493e-005 1.23428
1200 15864 2 6.37845e-005 1.68138
1250 10828 1 5.0596e-005 1.14956
1300 7580 0 3.95107e-005 0.299497
1350 5410 0 3.09029e-005 0.167187
1400 3886 0 2.47326e-005 0.0961123
1450 2772 0 2.05241e-005 0.0568935
1500 1934 0 1.77023e-005 0.0342366
1550 1300 0 1.58245e-005 0.0205721
1600 826 0 1.45261e-005 0.0119987
1650 490 0 1.36389e-005 0.00668311
1700 266 0 1.30482e-005 0.00347083
1750 132 0 1.26637e-005 0.00167162
1800 58 0 1.24176e-005 0.000720226
1850 24 0 1.22614e-005 0.000294276
1900 8 0 1.21602e-005 9.72824e-005
1950 2 0 1.2086e-005 2.41721e-005
2000 0 0 1.20104e-005 0

total neg_log_likelihood: 29.7584


Year 2009
class scanned recaptured expected_prop neg_log_likelihood
100 0 0 0 0
150 0 0 0 0
200 0 0 2.42359e-014 0
250 2 0 8.57907e-013 1.71574e-012
300 28 0 2.58856e-011 7.24798e-010
350 338 0 4.50945e-010 1.52419e-007
400 2596 0 4.46564e-009 1.15928e-005
450 13080 0 3.43665e-008 0.000449514
500 43468 0 2.20088e-007 0.00956681
550 101422 1 1.07997e-006 2.32107
600 180382 1 4.03348e-006 1.04561
650 255904 3 1.16601e-005 1.49596
700 293398 11 2.67096e-005 2.69207
750 278302 12 4.9595e-005 2.29149
800 229716 20 7.6339e-005 2.58643
850 175798 12 0.000100119 3.17269
900 130724 16 0.000115677 2.33541
950 96182 13 0.000121709 2.27676
1000 70174 7 0.000119804 2.0287
1050 50456 1 0.000112216 3.92841
1100 35360 3 0.000100754 1.54286
1150 24054 4 8.6853e-005 2.32016
1200 16060 1 7.19676e-005 1.01098
1250 10754 0 5.76652e-005 0.620149
1300 7362 0 4.52586e-005 0.333202
1350 5182 0 3.54126e-005 0.183511
1400 3714 0 2.82503e-005 0.104923
1450 2662 1 2.33174e-005 2.84153
1500 1866 0 1.99847e-005 0.0372918
1550 1256 0 1.77544e-005 0.0222998
1600 798 0 1.6202e-005 0.0129293
1650 470 0 1.51339e-005 0.00711298
1700 254 0 1.44179e-005 0.00366218
1750 126 0 1.39492e-005 0.00175761
1800 56 0 1.36479e-005 0.000764285
1850 22 0 1.34561e-005 0.000296036
1900 8 0 1.3332e-005 0.000106656
1950 2 0 1.32419e-005 2.6484e-005
2000 0 0 1.31527e-005 0

total neg_log_likelihood: 35.2282


Year 2010
class scanned recaptured expected_prop neg_log_likelihood
100 0 0 0 0
150 0 0 0 0
200 0 0 8.4967e-017 0
250 2 0 6.19167e-014 1.23901e-013
300 30 0 3.69774e-012 1.10931e-010
350 342 0 9.80379e-011 3.3529e-008
400 2546 0 1.17701e-009 2.99666e-006
450 12914 0 8.33566e-009 0.000107647
500 45438 0 5.63925e-008 0.00256236
550 110634 0 3.148e-007 0.0348276
600 193100 0 1.38671e-006 0.267773
650 259840 1 4.78634e-006 1.0256
700 288924 4 1.30767e-005 1.63926
750 275666 14 2.87219e-005 4.14159
800 231594 11 5.16157e-005 2.16455
850 178066 17 7.75034e-005 2.68552
900 131090 9 9.9942e-005 2.74878
950 95240 13 0.000114169 2.40336
1000 68874 11 0.000119072 2.55648
1050 49434 2 0.000116125 2.93869
1100 34952 1 0.000107452 2.4325
1150 24134 1 9.48667e-005 1.46119
1200 16262 1 8.01042e-005 1.03822
1250 10830 1 6.50778e-005 1.0546
1300 7284 0 5.15235e-005 0.375307
1350 5028 0 4.04711e-005 0.203493
1400 3564 0 3.22829e-005 0.115058
1450 2550 0 2.65751e-005 0.0677674
1500 1794 0 2.26855e-005 0.0406983
1550 1212 1 2.00674e-005 3.74069
1600 770 0 1.82353e-005 0.0140413
1650 454 0 1.69688e-005 0.00770388
1700 246 0 1.61165e-005 0.0039647
1750 120 0 1.55569e-005 0.00186684
1800 54 0 1.51963e-005 0.000820604
1850 22 0 1.49665e-005 0.000329265
1900 8 0 1.48179e-005 0.000118544
1950 2 0 1.47108e-005 2.94218e-005
2000 0 0 1.46058e-005 0

total neg_log_likelihood: 33.1675


Tags2007_R1_R1 :
tag-recapture data for tag Tags2007_R1 in years 2008 2009 2010 , step 1, after proportion 0.5 of mortality, with sampling method size, detection probability 1.
Year 2008
class scanned recaptured expected_prop neg_log_likelihood
100 0 0 0 0
150 0 0 1.38328e-012 0
200 0 0 9.13504e-012 0
250 2 0 5.99595e-011 1.19919e-010
300 28 0 7.88275e-010 2.20717e-008
350 344 0 9.90162e-009 3.40616e-006
400 2602 0 9.1536e-008 0.000238177
450 12332 0 6.05059e-007 0.00746159
500 40170 0 2.83236e-006 0.113776
550 97884 0 9.57314e-006 0.937062
600 182308 3 2.42177e-005 1.75176
650 260086 14 4.77515e-005 2.34095
700 291620 29 7.62403e-005 3.54426
750 271378 20 0.000102202 3.61692
800 224512 33 0.000119647 3.32293
850 174626 24 0.000127417 2.57843
900 131756 21 0.000127687 2.92531
950 97934 10 0.000122912 2.26158
1000 71728 12 0.000114638 2.92713
1050 51120 4 0.000103797 1.8087
1100 35200 4 9.11298e-005 1.72347
1150 23658 1 7.73803e-005 1.22598
1200 15864 2 6.3439e-005 1.68676
1250 10828 0 5.04192e-005 0.545952
1300 7580 0 3.93102e-005 0.297977
1350 5410 0 3.0607e-005 0.165586
1400 3886 0 2.43556e-005 0.0946469
1450 2772 0 2.01088e-005 0.0557422
1500 1934 0 1.72888e-005 0.0334368
1550 1300 0 1.5436e-005 0.020067
1600 826 0 1.41784e-005 0.0117115
1650 490 0 1.33368e-005 0.00653505
1700 266 0 1.27873e-005 0.00340144
1750 132 0 1.24357e-005 0.00164153
1800 58 0 1.22136e-005 0.00070839
1850 24 0 1.20734e-005 0.000289763
1900 8 0 1.19817e-005 9.58544e-005
1950 2 0 1.19118e-005 2.38238e-005
2000 0 0 1.18364e-005 0

total neg_log_likelihood: 34.0105


Year 2009
class scanned recaptured expected_prop neg_log_likelihood
100 0 0 0 0
150 0 0 4.37271e-015 0
200 0 0 5.1946e-013 0
250 2 0 7.43636e-012 1.48728e-011
300 28 0 1.42681e-010 3.99508e-009
350 338 0 1.94974e-009 6.59012e-007
400 2596 0 1.88566e-008 4.89517e-005
450 13080 0 1.43632e-007 0.0018787
500 43468 0 8.17043e-007 0.0355152
550 101422 0 3.39892e-006 0.344725
600 180382 1 1.05612e-005 1.26055
650 255904 6 2.53345e-005 1.84715
700 293398 18 4.84752e-005 2.83108
750 278302 28 7.61503e-005 3.58006
800 229716 20 0.000101202 2.65919
850 175798 13 0.000117967 3.87488
900 130724 10 0.00012528 3.5228
950 96182 9 0.000125082 2.44535
1000 70174 6 0.000119737 2.21055
1050 50456 6 0.000110791 1.84331
1100 35360 1 9.91785e-005 2.25228
1150 24054 2 8.56899e-005 1.30773
1200 16060 3 7.13123e-005 2.53011
1250 10754 0 5.73507e-005 0.616767
1300 7362 0 4.50619e-005 0.331754
1350 5182 0 3.51852e-005 0.182333
1400 3714 0 2.79424e-005 0.10378
1450 2662 0 2.2938e-005 0.0610615
1500 1866 0 1.95628e-005 0.0365045
1550 1256 0 1.73152e-005 0.0217481
1600 798 0 1.57662e-005 0.0125815
1650 470 0 1.47135e-005 0.00691539
1700 254 0 1.40165e-005 0.00356021
1750 126 0 1.35651e-005 0.00170922
1800 56 0 1.32773e-005 0.000743535
1850 22 0 1.3095e-005 0.000288091
1900 8 0 1.29764e-005 0.000103812
1950 2 0 1.2888e-005 2.57762e-005
2000 0 0 1.27967e-005 0

total neg_log_likelihood: 33.9271


Year 2010
class scanned recaptured expected_prop neg_log_likelihood
100 0 0 0 0
150 0 0 0 0
200 0 0 1.34846e-014 0
250 2 0 7.10449e-013 1.42086e-012
300 30 0 2.43786e-011 7.31358e-010
350 342 0 4.32388e-010 1.47877e-007
400 2546 0 4.25794e-009 1.08407e-005
450 12914 0 3.29948e-008 0.000426095
500 45438 0 2.14561e-007 0.00974923
550 110634 0 1.06612e-006 0.117949
600 193100 1 4.01381e-006 1.02987
650 259840 3 1.16597e-005 1.49606
700 288924 10 2.67886e-005 2.38042
750 275666 14 4.98273e-005 2.24692
800 231594 16 7.67533e-005 2.40221
850 178066 11 0.000100699 3.68162
900 131090 21 0.000116497 3.40591
950 95240 15 0.000123068 2.69952
1000 68874 14 0.000122189 3.78569
1050 49434 5 0.000116061 1.78981
1100 34952 1 0.000106171 2.39972
1150 24134 3 9.34944e-005 1.6068
1200 16262 0 7.91178e-005 1.28666
1250 10830 0 6.45191e-005 0.698764
1300 7284 1 5.12254e-005 1.35892
1350 5028 0 4.02489e-005 0.202375
1400 3564 0 3.20265e-005 0.114144
1450 2550 0 2.62484e-005 0.0669343
1500 1794 0 2.2294e-005 0.0399959
1550 1212 0 1.96289e-005 0.0237904
1600 770 0 1.77692e-005 0.0136824
1650 454 0 1.6491e-005 0.00748696
1700 246 0 1.56365e-005 0.00384662
1750 120 0 1.5079e-005 0.00180949
1800 54 0 1.47216e-005 0.000794973
1850 22 0 1.44947e-005 0.000318886
1900 8 0 1.43478e-005 0.000114783
1950 2 0 1.424e-005 2.84803e-005
2000 0 0 1.4131e-005 0

total neg_log_likelihood: 32.8724


Tags2008_R1_R1 :
tag-recapture data for tag Tags2008_R1 in years 2009 2010 , step 1, after proportion 0.5 of mortality, with sampling method size, detection probability 1.
Year 2009
class scanned recaptured expected_prop neg_log_likelihood
100 0 0 0 0
150 0 0 1.42153e-012 0
200 0 0 9.91472e-012 0
250 2 0 6.43494e-011 1.28699e-010
300 28 0 8.43432e-010 2.36161e-008
350 338 0 1.06142e-008 3.58759e-006
400 2596 0 9.7971e-008 0.000254333
450 13080 0 6.44942e-007 0.00843584
500 43468 0 3.00817e-006 0.130759
550 101422 3 1.01516e-005 2.73386
600 180382 5 2.56755e-005 1.75458
650 255904 13 5.06074e-005 2.20789
700 293398 19 8.06148e-005 2.88642
750 278302 27 0.000107405 2.71445
800 229716 39 0.000124303 4.46567
850 175798 22 0.000130147 2.48531
900 130724 12 0.00012772 2.90123
950 96182 13 0.000120238 2.29335
1000 70174 5 0.000109807 2.28338
1050 50456 2 9.76286e-005 2.43013
1100 35360 1 8.44763e-005 1.89283
1150 24054 2 7.09749e-005 1.33059
1200 16060 2 5.77894e-005 1.77045
1250 10754 1 4.57629e-005 1.2011
1300 7362 0 3.56421e-005 0.262402
1350 5182 0 2.77724e-005 0.143919
1400 3714 0 2.21436e-005 0.0822422
1450 2662 0 1.83286e-005 0.0487911
1500 1866 0 1.57985e-005 0.0294802
1550 1256 0 1.41377e-005 0.0177571
1600 798 0 1.30107e-005 0.0103826
1650 470 0 1.22566e-005 0.00576063
1700 254 0 1.17643e-005 0.00298816
1750 126 0 1.14494e-005 0.00144263
1800 56 0 1.12503e-005 0.000630023
1850 22 0 1.11249e-005 0.000244748
1900 8 0 1.10429e-005 8.83436e-005
1950 2 0 1.09804e-005 2.19609e-005
2000 0 0 1.09132e-005 0

total neg_log_likelihood: 36.0969


Year 2010
class scanned recaptured expected_prop neg_log_likelihood
100 0 0 0 0
150 0 0 4.40999e-015 0
200 0 0 5.54955e-013 0
250 2 0 8.05634e-012 1.61127e-011
300 30 0 1.52186e-010 4.56558e-009
350 342 0 2.08005e-009 7.11377e-007
400 2546 0 2.01202e-008 5.12261e-005
450 12914 0 1.52984e-007 0.00197564
500 45438 0 8.66934e-007 0.0393918
550 110634 1 3.596e-006 1.31954
600 193100 4 1.11618e-005 2.2616
650 259840 7 2.67779e-005 1.9039
700 288924 23 5.12292e-005 4.42958
750 275666 23 8.02925e-005 2.507
800 231594 24 0.000106031 2.51773
850 178066 20 0.000122156 2.49344
900 131090 17 0.000127532 2.34275
950 95240 13 0.000124705 2.25926
1000 68874 5 0.000116784 2.40665
1050 49434 9 0.000105848 3.14037
1100 34952 4 9.30838e-005 1.71259
1150 24134 2 7.93007e-005 1.30872
1200 16262 0 6.53266e-005 1.06238
1250 10830 1 5.21969e-005 1.13567
1300 7284 1 4.08783e-005 1.5092
1350 5028 0 3.18952e-005 0.160371
1400 3564 0 2.53572e-005 0.0903742
1450 2550 0 2.08592e-005 0.0531915
1500 1794 0 1.78328e-005 0.0319923
1550 1212 0 1.58201e-005 0.0191742
1600 770 0 1.44335e-005 0.0111138
1650 454 0 1.34911e-005 0.00612499
1700 246 0 1.28671e-005 0.00316534
1750 120 0 1.24631e-005 0.00149558
1800 54 0 1.22055e-005 0.000659101
1850 22 0 1.20424e-005 0.000264934
1900 8 0 1.19364e-005 9.54922e-005
1950 2 0 1.18577e-005 2.37156e-005
2000 0 0 1.17763e-005 0

total neg_log_likelihood: 34.7298


Tags2009_R1_R1 :
tag-recapture data for tag Tags2009_R1 in years 2010 , step 1, after proportion 0.5 of mortality, with sampling method size, detection probability 1.
Year 2010
class scanned recaptured expected_prop neg_log_likelihood
100 0 0 0 0
150 0 0 1.43234e-012 0
200 0 0 1.0098e-011 0
250 2 0 6.58092e-011 1.31618e-010
300 30 0 8.52952e-010 2.55886e-008
350 342 0 1.07394e-008 3.67288e-006
400 2546 0 9.92284e-008 0.000252635
450 12914 0 6.50862e-007 0.00840523
500 45438 0 3.01469e-006 0.136982
550 110634 1 1.00992e-005 1.00638
600 193100 6 2.54151e-005 1.94212
650 259840 17 5.00356e-005 2.90055
700 288924 24 7.99688e-005 2.52852
750 275666 35 0.000107396 3.16307
800 231594 24 0.000125845 2.99494
850 178066 20 0.000133916 2.74925
900 131090 22 0.000133899 2.98928
950 95240 16 0.000128509 2.83675
1000 68874 9 0.000119477 2.0618
1050 49434 6 0.000107796 1.86924
1100 34952 4 9.41917e-005 1.70398
1150 24134 3 7.93825e-005 1.75711
1200 16262 0 6.42817e-005 1.04538
1250 10830 0 5.01077e-005 0.54268
1300 7284 0 3.79896e-005 0.276722
1350 5028 0 2.85203e-005 0.143402
1400 3564 0 2.17686e-005 0.0775842
1450 2550 0 1.72346e-005 0.0439486
1500 1794 0 1.42679e-005 0.0255968
1550 1212 0 1.23509e-005 0.0149694
1600 770 0 1.10744e-005 0.00852732
1650 454 0 1.0236e-005 0.00464718
1700 246 0 9.69769e-006 0.00238564
1750 120 0 9.35767e-006 0.00112293
1800 54 0 9.14469e-006 0.000493816
1850 22 0 9.01067e-006 0.000198236
1900 8 0 8.92212e-006 7.13773e-005
1950 2 0 8.8524e-006 1.77049e-005
2000 0 0 8.77548e-006 0

total neg_log_likelihood: 32.8364


Output quantities start here

* Scalar parameter values
initialization.B0 213030

* Nuisance q's

* B0
213030

* R0
1.54567e+007

* SSBs
SSB 213030 211628 208174 204207 199746 194845 189587 184066 178377 172606 166824 161073 155373 149735 144162 138653 133209 127826 122503 117237 112025 
year 1990 1991 1992 1993 1994 1995 1996 1997 1998 1999 2000 2001 2002 2003 2004 2005 2006 2007 2008 2009 2010 

* recruitments
recruitment 1.54567e+007 1.54567e+007 1.54458e+007 1.54182e+007 1.53855e+007 1.53474e+007 1.53037e+007 1.52546e+007 1.52004e+007 1.51416e+007 1.50784e+007 1.50112e+007 1.49404e+007 1.48657e+007 1.4787e+007 1.47041e+007 1.46166e+007 1.45242e+007 1.44264e+007 1.43227e+007 1.42125e+007 
year 1990 1991 1992 1993 1994 1995 1996 1997 1998 1999 2000 2001 2002 2003 2004 2005 2006 2007 2008 2009 2010 

* YCS
YCS 1 1 1 1 1 1 1 1 1 1 1 1 1 1 1 1 1 1 1 1 1 
year 1989 1990 1991 1992 1993 1994 1995 1996 1997 1998 1999 2000 2001 2002 2003 2004 2005 2006 2007 2008 2009 

* true_YCS
true_YCS 1 1 0.99929 0.997507 0.995392 0.992925 0.990099 0.986925 0.98342 0.97961 0.975522 0.971179 0.966593 0.961761 0.956672 0.951308 0.94565 0.939671 0.933343 0.926633 0.919502 
year 1989 1990 1991 1992 1993 1994 1995 1996 1997 1998 1999 2000 2001 2002 2003 2004 2005 2006 2007 2008 2009 

* fishing_pressures
LL1 0 0.0347711 0.0375568 0.0404922 0.0435627 0.0467564 0.0500634 0.0534762 0.0569901 0.0606045 0.0643242 0.0681588 0.072121 0.0762264 0.0804939 0.0849457 0.0896079 0.094508 0.0996779 0.105153 0.110975 
LL2 0 0.0347711 0.0375568 0.0404922 0.0435627 0.0467564 0.0500634 0.0534762 0.0569901 0.0606045 0.0643242 0.0681588 0.072121 0.0762264 0.0804939 0.0849457 0.0896079 0.094508 0.0996779 0.105153 0.110975 
year 1990 1991 1992 1993 1994 1995 1996 1997 1998 1999 2000 2001 2002 2003 2004 2005 2006 2007 2008 2009 2010 

* Numbers_at_age_R1
1990  1.4347e+007 1.2287e+007 1.05228e+007 9.01188e+006 7.71791e+006 6.60974e+006 5.66068e+006 4.84789e+006 4.15181e+006 3.55567e+006 3.04513e+006 2.6079e+006 2.23344e+006 1.91275e+006 1.63811e+006 1.4029e+006 1.20147e+006 1.02896e+006 881213 754684 646323 553521 474044 405978 347686 297763 255009 218394 187036 1.11558e+006 
1991  1.4347e+007 1.2287e+007 1.05228e+007 9.0116e+006 7.71629e+006 6.60311e+006 5.64159e+006 4.80901e+006 4.09581e+006 3.49864e+006 2.99662e+006 2.56721e+006 2.19978e+006 1.88529e+006 1.61602e+006 1.38537e+006 1.18775e+006 1.01836e+006 873150 748631 641841 550248 471687 404304 346513 296953 254457 218023 186790 1.11446e+006 
1992  1.43369e+007 1.2287e+007 1.05228e+007 9.01151e+006 7.71563e+006 6.59956e+006 5.6278e+006 4.77076e+006 4.02019e+006 3.3919e+006 2.88868e+006 2.47541e+006 2.12278e+006 1.82158e+006 1.56401e+006 1.3435e+006 1.1545e+006 992323 853036 733308 630330 541720 465456 399815 343323 294718 252913 216971 186083 1.11184e+006 
1993  1.43113e+007 1.22783e+007 1.05227e+007 9.01148e+006 7.7154e+006 6.59831e+006 5.62264e+006 4.75434e+006 3.98054e+006 3.32031e+006 2.79229e+006 2.3793e+006 2.04109e+006 1.75305e+006 1.50728e+006 1.29716e+006 1.11715e+006 962629 829748 715295 616589 531384 457790 394208 339281 291845 250899 215579 185135 1.1088e+006 
1994  1.42809e+007 1.22564e+007 1.05153e+007 9.01145e+006 7.7152e+006 6.59739e+006 5.61934e+006 4.74499e+006 3.95881e+006 3.27824e+006 2.72487e+006 2.29287e+006 1.956e+006 1.68077e+006 1.44666e+006 1.24696e+006 1.07612e+006 929540 803414 694622 600583 519163 448590 387381 334286 288242 248338 213784 183895 1.10517e+006 
1995  1.42455e+007 1.22304e+007 1.04965e+007 9.00502e+006 7.715e+006 6.59647e+006 5.61623e+006 4.737e+006 3.94268e+006 3.25067e+006 2.6816e+006 2.23033e+006 1.87907e+006 1.60589e+006 1.3831e+006 1.19367e+006 1.03199e+006 893447 774283 671420 582353 505038 437798 379253 328252 283827 245154 211521 182310 1.1008e+006 
1996  1.4205e+007 1.22001e+007 1.04743e+007 8.98892e+006 7.70932e+006 6.59552e+006 5.61303e+006 4.72899e+006 3.92741e+006 3.22744e+006 2.65005e+006 2.18759e+006 1.82189e+006 1.53793e+006 1.3176e+006 1.1381e+006 985397 854852 742707 645917 562026 489056 425408 369782 321117 278530 241278 208727 180324 1.09548e+006 
1997  1.41595e+007 1.21654e+007 1.04483e+007 8.96983e+006 7.69534e+006 6.58986e+006 5.60973e+006 4.72074e+006 3.91186e+006 3.20465e+006 2.62188e+006 2.15437e+006 1.78096e+006 1.48632e+006 1.258e+006 1.08113e+006 937078 814334 709127 618427 539808 471335 411466 358968 312848 272299 236652 205342 177885 1.08901e+006 
1998  1.41092e+007 1.21264e+007 1.04185e+007 8.94756e+006 7.67881e+006 6.57709e+006 5.60234e+006 4.71224e+006 3.89588e+006 3.18141e+006 2.59391e+006 2.12383e+006 1.74781e+006 1.44808e+006 1.21195e+006 1.02919e+006 887769 772516 674047 589336 515975 452058 396080 346856 303448 265110 231234 201320 174943 1.08117e+006 
1999  1.40545e+007 1.20833e+007 1.03851e+007 8.92206e+006 7.65955e+006 6.56211e+006 5.58885e+006 4.70016e+006 3.87946e+006 3.15759e+006 2.56544e+006 2.0934e+006 1.71683e+006 1.41623e+006 1.17693e+006 988518 842776 730026 637998 559076 490861 431465 379410 333541 292961 256967 225005 196626 171458 1.07172e+006 
2000  1.39959e+007 1.20365e+007 1.03483e+007 8.89342e+006 7.63752e+006 6.54478e+006 5.57342e+006 4.68281e+006 3.85987e+006 3.13321e+006 2.53637e+006 2.06252e+006 1.68595e+006 1.38619e+006 1.14718e+006 956953 807146 691229 601512 528099 464835 409844 361664 319163 281468 247910 217970 191243 167402 1.06044e+006 
2001  1.39336e+007 1.19863e+007 1.03082e+007 8.86179e+006 7.61279e+006 6.52506e+006 5.55592e+006 4.66368e+006 3.83573e+006 3.10604e+006 2.50671e+006 2.03109e+006 1.6547e+006 1.35625e+006 1.11894e+006 929750 779058 660234 568185 496852 438279 387508 343088 303901 269092 238011 210165 185179 162761 1.0471e+006 
2002  1.38678e+007 1.19329e+007 1.02651e+007 8.82742e+006 7.58551e+006 6.50301e+006 5.53632e+006 4.64266e+006 3.80989e+006 3.07497e+006 2.47466e+006 1.99913e+006 1.62301e+006 1.32604e+006 1.09084e+006 903834 754591 635492 541365 468303 411569 364781 323949 287966 255987 227374 201651 178462 157541 1.03151e+006 
2003  1.37984e+007 1.18765e+007 1.02194e+007 8.79054e+006 7.55587e+006 6.47876e+006 5.51466e+006 4.61971e+006 3.78225e+006 3.04231e+006 2.43935e+006 1.96518e+006 1.59087e+006 1.2955e+006 1.06256e+006 878078 731223 613763 519742 445193 387164 341978 304520 271582 242330 216131 192519 171148 151769 1.01351e+006 
2004  1.37254e+007 1.18172e+007 1.01712e+007 8.75137e+006 7.52408e+006 6.45246e+006 5.49104e+006 4.59484e+006 3.75275e+006 3.00793e+006 2.4026e+006 1.92856e+006 1.55712e+006 1.26461e+006 1.03406e+006 852224 708033 592977 500633 426410 367310 321141 285066 254983 228314 204434 182881 163314 145491 992982 
2005  1.36485e+007 1.17546e+007 1.01203e+007 8.71e+006 7.49031e+006 6.42429e+006 5.46557e+006 4.56809e+006 3.72134e+006 2.97173e+006 2.36428e+006 1.89069e+006 1.52122e+006 1.23245e+006 1.00529e+006 826224 684805 572374 482329 409726 351066 304120 267286 238390 214135 192447 172866 155055 138773 969870 
2006  1.35673e+007 1.16887e+007 1.00668e+007 8.66641e+006 7.45466e+006 6.39439e+006 5.4384e+006 4.53956e+006 3.68804e+006 2.93366e+006 2.32428e+006 1.85147e+006 1.48429e+006 1.19858e+006 975541 800054 661499 551778 464210 393733 336581 290119 252715 223224 199981 180336 162615 146483 131698 944183 
2007  1.34815e+007 1.16192e+007 1.00103e+007 8.62051e+006 7.4171e+006 6.36284e+006 5.40964e+006 4.50934e+006 3.65289e+006 2.89371e+006 2.28258e+006 1.81082e+006 1.44626e+006 1.16391e+006 944469 773135 638098 531161 446133 377921 322688 277593 240675 210759 187044 168260 152268 137715 124360 916004 
2008  1.33907e+007 1.15457e+007 9.95077e+006 8.57213e+006 7.37754e+006 6.32962e+006 5.37933e+006 4.47747e+006 3.61589e+006 2.85186e+006 2.23912e+006 1.76869e+006 1.40706e+006 1.12837e+006 912795 745208 614138 510504 428070 362170 308966 265576 229876 200423 176386 157221 141960 128873 116861 885482 
2009  1.32944e+007 1.1468e+007 9.88785e+006 8.52109e+006 7.33585e+006 6.29463e+006 5.34743e+006 4.44394e+006 3.57705e+006 2.80805e+006 2.19383e+006 1.72501e+006 1.36663e+006 1.09191e+006 880462 716843 589418 489436 410008 346459 295317 253716 219512 191132 167521 148109 132537 120071 109302 852833 
2010  1.31921e+007 1.13856e+007 9.82126e+006 8.46716e+006 7.29187e+006 6.25777e+006 5.31386e+006 4.4087e+006 3.53629e+006 2.76225e+006 2.14668e+006 1.67975e+006 1.32493e+006 1.05449e+006 847433 688004 564397 467803 391650 330777 281723 241934 209292 182212 159538 140511 124746 112023 101782 818330 

Output quantities finish here

Unused parameters:
annual_cycle.fishery_areas annual_cycle.migrate_from annual_cycle.migrate_to annual_cycle.migration_names annual_cycle.migration_times annual_cycle.n_migrations annual_cycle.recruitment_areas annual_cycle.spawning_all_areas area_names recruitment.p_male recruitment.year_range tag[Tags2005_R1_LL1].area tag[Tags2005_R1_LL1].sex tag[Tags2006_R1_LL1].area tag[Tags2006_R1_LL1].sex tag[Tags2007_R1_LL1].area tag[Tags2007_R1_LL1].sex tag[Tags2008_R1_LL1].area tag[Tags2008_R1_LL1].sex tag[Tags2009_R1_LL1].area tag[Tags2009_R1_LL1].sex MCMC.adapt_at MCMC.adaptive_stepsize MCMC.burn_in MCMC.keep MCMC.length MCMC.start MCMC.stepsize profile[1].l profile[1].n profile[1].parameter profile[1].u tag_recapture[Tags2005_R1_R1].area tag_recapture[Tags2006_R1_R1].area tag_recapture[Tags2007_R1_R1].area tag_recapture[Tags2008_R1_R1].area tag_recapture[Tags2009_R1_R1].area n_projections numbers_at[Numbers_at_age_R1].area print.final_state print.initial_state print.requests print.results print.state_annually print.state_every_step print.yields 
