CASAL (C++ algorithmic stock assessment laboratory)
Call: C:/Users/bstacy/Documents/GitHub/lasac/projects/simulations/sim/con0.1/casal -e -q -f EM 
Date: Mon Oct 14 23:02:51 2019
v2.30-2012-03-21 00:22:59 UTC (rev.4648)  (c) Copyright 2002-2012, NIWA
User name: bstacy
Machine name: DOM-IMA-HVZRNF2 (Microsoft Windows, PID=17436)

Prefix for the input parameter filenames : EM

Random number seed : 54571

Estimation parameters:
Stored as strings: 
  MCMC.adapt_at                 	1e+05 2e+05 3e+05 4e+05
  MCMC.adaptive_stepsize        	True
  MCMC.burn_in                  	500
  MCMC.keep                     	1000
  MCMC.length                   	1500000
  MCMC.start                    	0
  MCMC.stepsize                 	0.01
  ageing_error.c                	0
  ageing_error.type             	normal
  catch_at[LL1_catchA].2000     	0 0 0 0 0 0.01 0.08 0.12 0.16 0.13 0.13 0.11 0.05 0.07 0.04 0.05 0 0.01 0.02 0 0 0.01 0.01 0 0 0 0 0 0 0
  catch_at[LL1_catchA].2001     	0 0 0 0.01 0.01 0.04 0.04 0.09 0.13 0.13 0.15 0.07 0.04 0.04 0.08 0.06 0.03 0.02 0 0.03 0.01 0 0.01 0 0 0 0 0 0 0.01
  catch_at[LL1_catchA].2002     	0 0 0 0 0.01 0.01 0.05 0.1 0.17 0.15 0.13 0.1 0.09 0.06 0 0.02 0.02 0.04 0 0.02 0.02 0 0 0 0 0 0.01 0 0 0
  catch_at[LL1_catchA].2003     	0 0 0 0 0.01 0.02 0.06 0.18 0.15 0.17 0.06 0.06 0.05 0.04 0.08 0.03 0.02 0.03 0.01 0.01 0.02 0 0 0 0 0 0 0 0 0
  catch_at[LL1_catchA].2004     	0 0 0 0 0 0.04 0.05 0.15 0.18 0.12 0.1 0.1 0.08 0.03 0.06 0.02 0.03 0.01 0.01 0 0.01 0 0 0.01 0 0 0 0 0 0
  catch_at[LL1_catchA].2005     	0 0 0 0 0 0 0.05 0.1 0.13 0.15 0.14 0.06 0.09 0.08 0.05 0.05 0.01 0.04 0.04 0 0.01 0 0 0 0 0 0 0 0 0
  catch_at[LL1_catchA].2006     	0 0 0 0 0.01 0.02 0.1 0.11 0.11 0.14 0.11 0.09 0.04 0.06 0.06 0.03 0.02 0.02 0.03 0 0.03 0 0 0.01 0 0 0 0.01 0 0
  catch_at[LL1_catchA].2007     	0 0 0 0 0 0 0.02 0.09 0.26 0.2 0.11 0.08 0.02 0.03 0.05 0.02 0.02 0.02 0.03 0.02 0.01 0.01 0.01 0 0 0 0 0 0 0
  catch_at[LL1_catchA].2008     	0 0 0 0 0.02 0.03 0.01 0.07 0.17 0.17 0.18 0.09 0.06 0.04 0.04 0.02 0.03 0 0.02 0.01 0.01 0.01 0.01 0 0 0.01 0 0 0 0
  catch_at[LL1_catchA].2009     	0 0 0 0 0 0.02 0.06 0.07 0.17 0.14 0.09 0.1 0.09 0.06 0.03 0.05 0.03 0.04 0.01 0.02 0.02 0 0 0 0 0 0 0 0 0
  catch_at[LL1_catchA].2010     	0 0 0 0 0 0 0.1 0.13 0.12 0.15 0.14 0.06 0.1 0.04 0.05 0.02 0.02 0.01 0.02 0.01 0.01 0.02 0 0 0 0 0 0 0 0
  catch_at[LL1_catchA].N_2000   	100
  catch_at[LL1_catchA].N_2001   	100
  catch_at[LL1_catchA].N_2002   	100
  catch_at[LL1_catchA].N_2003   	100
  catch_at[LL1_catchA].N_2004   	100
  catch_at[LL1_catchA].N_2005   	100
  catch_at[LL1_catchA].N_2006   	100
  catch_at[LL1_catchA].N_2007   	100
  catch_at[LL1_catchA].N_2008   	100
  catch_at[LL1_catchA].N_2009   	100
  catch_at[LL1_catchA].N_2010   	100
  catch_at[LL1_catchA].at_size  	False
  catch_at[LL1_catchA].dist     	multinomial
  catch_at[LL1_catchA].fishery  	LL1
  catch_at[LL1_catchA].max_class	30
  catch_at[LL1_catchA].min_class	1
  catch_at[LL1_catchA].plus_group	True
  catch_at[LL1_catchA].r        	1e-11
  catch_at[LL1_catchA].sexed    	False
  catch_at[LL1_catchA].sum_to_one	True
  catch_at[LL1_catchA].years    	2000 2001 2002 2003 2004 2005 2006 2007 2008 2009 2010
  catch_limit_penalty[1].fishery	LL1
  catch_limit_penalty[1].label  	LL1_Penalty
  catch_limit_penalty[1].log_scale	True
  catch_limit_penalty[1].multiplier	1000
  catch_limit_penalty[2].fishery	LL2
  catch_limit_penalty[2].label  	LL2_Penalty
  catch_limit_penalty[2].log_scale	True
  catch_limit_penalty[2].multiplier	1000
  estimate[1].lower_bound       	5000
  estimate[1].parameter         	initialization.B0
  estimate[1].prior             	uniform
  estimate[1].upper_bound       	5e+05
  estimator                     	Bayes
  fish_tagged_penalty[1].label  	Penalty_Tags2005_R1_LL1
  fish_tagged_penalty[1].multiplier	1
  fish_tagged_penalty[1].tagging_episode	Tags2005_R1_LL1
  fish_tagged_penalty[2].label  	Penalty_Tags2006_R1_LL1
  fish_tagged_penalty[2].multiplier	1
  fish_tagged_penalty[2].tagging_episode	Tags2006_R1_LL1
  fish_tagged_penalty[3].label  	Penalty_Tags2007_R1_LL1
  fish_tagged_penalty[3].multiplier	1
  fish_tagged_penalty[3].tagging_episode	Tags2007_R1_LL1
  fish_tagged_penalty[4].label  	Penalty_Tags2008_R1_LL1
  fish_tagged_penalty[4].multiplier	1
  fish_tagged_penalty[4].tagging_episode	Tags2008_R1_LL1
  fish_tagged_penalty[5].label  	Penalty_Tags2009_R1_LL1
  fish_tagged_penalty[5].multiplier	1
  fish_tagged_penalty[5].tagging_episode	Tags2009_R1_LL1
  grad_tol                      	0.001
  max_evals                     	10000
  max_iters                     	1600
  profile[1].l                  	40000
  profile[1].n                  	11
  profile[1].parameter          	initialization.B0
  profile[1].u                  	130000
  q_method                      	nuisance
  tag_recapture[Tags2005_R1_R1].area	R1
  tag_recapture[Tags2005_R1_R1].class_mins	100 150 200 250 300 350 400 450 500 550 600 650 700 750 800 850 900 950 1000 1050 1100 1150 1200 1250 1300 1350 1400 1450 1500 1550 1600 1650 1700 1750 1800 1850 1900 1950 2000 2050
  tag_recapture[Tags2005_R1_R1].detection_probability	1
  tag_recapture[Tags2005_R1_R1].dispersion	1
  tag_recapture[Tags2005_R1_R1].do_bootstrap	True
  tag_recapture[Tags2005_R1_R1].plus_group	False
  tag_recapture[Tags2005_R1_R1].proportion_mortality	0.5
  tag_recapture[Tags2005_R1_R1].r	1e-11
  tag_recapture[Tags2005_R1_R1].recaptured_2006	0 0 0 0 0 0 0 0 0 1 3 11 21 38 25 21 18 11 14 2 1 1 3 0 0 1 0 0 0 0 0 0 0 0 0 0 0 0 0
  tag_recapture[Tags2005_R1_R1].recaptured_2007	0 0 0 0 0 0 0 0 0 0 1 8 19 19 23 21 17 17 4 6 2 3 0 0 0 0 0 1 0 0 0 0 0 0 0 0 0 0 0
  tag_recapture[Tags2005_R1_R1].recaptured_2008	0 0 0 0 0 0 0 0 0 0 1 1 7 21 19 12 20 10 5 3 3 3 4 0 2 1 0 0 0 0 0 0 0 0 0 0 0 0 0
  tag_recapture[Tags2005_R1_R1].recaptured_2009	0 0 0 0 0 0 0 0 0 0 0 4 5 10 10 12 10 10 8 7 2 2 0 1 0 0 0 0 0 0 0 0 0 0 0 0 0 0 0
  tag_recapture[Tags2005_R1_R1].recaptured_2010	0 0 0 0 0 0 0 0 0 0 0 1 0 6 9 10 9 9 1 7 3 3 2 0 0 0 0 0 0 0 0 0 0 0 0 0 0 0 0
  tag_recapture[Tags2005_R1_R1].sample	size
  tag_recapture[Tags2005_R1_R1].scanned_2006	0 0 0 2 28 320 2302 11502 39770 96806 173902 243624 277690 266092 224820 178122 136978 101584 71958 49292 33518 23134 16316 11662 8346 5944 4222 2988 2086 1406 896 530 286 140 62 24 8 2 0
  tag_recapture[Tags2005_R1_R1].scanned_2007	0 0 0 2 28 344 2442 11568 39724 99366 181960 252416 280488 265182 224010 176300 134278 100438 72920 50898 34514 23278 15942 11162 7944 5686 4062 2880 2006 1350 862 512 278 138 62 24 8 2 0
  tag_recapture[Tags2005_R1_R1].scanned_2008	0 0 0 2 28 344 2602 12332 40170 97884 182308 260086 291620 271378 224512 174626 131756 97934 71728 51120 35200 23658 15864 10828 7580 5410 3886 2772 1934 1300 826 490 266 132 58 24 8 2 0
  tag_recapture[Tags2005_R1_R1].scanned_2009	0 0 0 2 28 338 2596 13080 43468 101422 180382 255904 293398 278302 229716 175798 130724 96182 70174 50456 35360 24054 16060 10754 7362 5182 3714 2662 1866 1256 798 470 254 126 56 22 8 2 0
  tag_recapture[Tags2005_R1_R1].scanned_2010	0 0 0 2 30 342 2546 12914 45438 110634 193100 259840 288924 275666 231594 178066 131090 95240 68874 49434 34952 24134 16262 10830 7284 5028 3564 2550 1794 1212 770 454 246 120 54 22 8 2 0
  tag_recapture[Tags2005_R1_R1].step	1
  tag_recapture[Tags2005_R1_R1].tag_name	Tags2005_R1
  tag_recapture[Tags2005_R1_R1].years	2006 2007 2008 2009 2010
  tag_recapture[Tags2006_R1_R1].area	R1
  tag_recapture[Tags2006_R1_R1].class_mins	100 150 200 250 300 350 400 450 500 550 600 650 700 750 800 850 900 950 1000 1050 1100 1150 1200 1250 1300 1350 1400 1450 1500 1550 1600 1650 1700 1750 1800 1850 1900 1950 2000 2050
  tag_recapture[Tags2006_R1_R1].detection_probability	1
  tag_recapture[Tags2006_R1_R1].dispersion	1
  tag_recapture[Tags2006_R1_R1].do_bootstrap	True
  tag_recapture[Tags2006_R1_R1].plus_group	False
  tag_recapture[Tags2006_R1_R1].proportion_mortality	0.5
  tag_recapture[Tags2006_R1_R1].r	1e-11
  tag_recapture[Tags2006_R1_R1].recaptured_2007	0 0 0 0 0 0 0 0 0 1 9 17 28 26 31 28 16 12 9 2 3 3 2 1 0 0 0 0 0 0 0 0 0 0 0 0 0 0 0
  tag_recapture[Tags2006_R1_R1].recaptured_2008	0 0 0 0 0 0 0 0 1 0 2 10 16 17 25 18 11 12 7 7 3 2 0 0 1 1 0 1 0 0 0 0 0 0 0 0 0 0 0
  tag_recapture[Tags2006_R1_R1].recaptured_2009	0 0 0 0 0 0 0 0 0 0 1 2 8 21 18 14 12 4 6 13 3 1 2 1 0 0 0 0 0 0 0 0 0 0 0 0 0 0 0
  tag_recapture[Tags2006_R1_R1].recaptured_2010	0 0 0 0 0 0 0 0 0 0 0 2 1 7 21 9 9 10 4 3 4 1 3 0 1 0 0 0 0 0 0 0 0 0 0 0 0 0 0
  tag_recapture[Tags2006_R1_R1].sample	size
  tag_recapture[Tags2006_R1_R1].scanned_2007	0 0 0 2 28 344 2442 11568 39724 99366 181960 252416 280488 265182 224010 176300 134278 100438 72920 50898 34514 23278 15942 11162 7944 5686 4062 2880 2006 1350 862 512 278 138 62 24 8 2 0
  tag_recapture[Tags2006_R1_R1].scanned_2008	0 0 0 2 28 344 2602 12332 40170 97884 182308 260086 291620 271378 224512 174626 131756 97934 71728 51120 35200 23658 15864 10828 7580 5410 3886 2772 1934 1300 826 490 266 132 58 24 8 2 0
  tag_recapture[Tags2006_R1_R1].scanned_2009	0 0 0 2 28 338 2596 13080 43468 101422 180382 255904 293398 278302 229716 175798 130724 96182 70174 50456 35360 24054 16060 10754 7362 5182 3714 2662 1866 1256 798 470 254 126 56 22 8 2 0
  tag_recapture[Tags2006_R1_R1].scanned_2010	0 0 0 2 30 342 2546 12914 45438 110634 193100 259840 288924 275666 231594 178066 131090 95240 68874 49434 34952 24134 16262 10830 7284 5028 3564 2550 1794 1212 770 454 246 120 54 22 8 2 0
  tag_recapture[Tags2006_R1_R1].step	1
  tag_recapture[Tags2006_R1_R1].tag_name	Tags2006_R1
  tag_recapture[Tags2006_R1_R1].years	2007 2008 2009 2010
  tag_recapture[Tags2007_R1_R1].area	R1
  tag_recapture[Tags2007_R1_R1].class_mins	100 150 200 250 300 350 400 450 500 550 600 650 700 750 800 850 900 950 1000 1050 1100 1150 1200 1250 1300 1350 1400 1450 1500 1550 1600 1650 1700 1750 1800 1850 1900 1950 2000 2050
  tag_recapture[Tags2007_R1_R1].detection_probability	1
  tag_recapture[Tags2007_R1_R1].dispersion	1
  tag_recapture[Tags2007_R1_R1].do_bootstrap	True
  tag_recapture[Tags2007_R1_R1].plus_group	False
  tag_recapture[Tags2007_R1_R1].proportion_mortality	0.5
  tag_recapture[Tags2007_R1_R1].r	1e-11
  tag_recapture[Tags2007_R1_R1].recaptured_2008	0 0 0 0 0 0 0 0 1 0 3 14 20 27 27 21 22 8 1 3 2 1 1 1 0 0 0 0 0 0 0 0 0 0 0 0 0 0 0
  tag_recapture[Tags2007_R1_R1].recaptured_2009	0 0 0 0 0 0 0 0 0 1 1 8 14 29 25 16 22 12 12 6 3 2 0 0 1 0 0 0 0 0 0 0 0 0 0 0 0 0 0
  tag_recapture[Tags2007_R1_R1].recaptured_2010	0 0 0 0 0 0 0 0 0 0 1 2 9 15 17 20 17 20 10 8 1 1 0 0 1 0 0 0 0 0 0 0 0 0 0 0 0 0 0
  tag_recapture[Tags2007_R1_R1].sample	size
  tag_recapture[Tags2007_R1_R1].scanned_2008	0 0 0 2 28 344 2602 12332 40170 97884 182308 260086 291620 271378 224512 174626 131756 97934 71728 51120 35200 23658 15864 10828 7580 5410 3886 2772 1934 1300 826 490 266 132 58 24 8 2 0
  tag_recapture[Tags2007_R1_R1].scanned_2009	0 0 0 2 28 338 2596 13080 43468 101422 180382 255904 293398 278302 229716 175798 130724 96182 70174 50456 35360 24054 16060 10754 7362 5182 3714 2662 1866 1256 798 470 254 126 56 22 8 2 0
  tag_recapture[Tags2007_R1_R1].scanned_2010	0 0 0 2 30 342 2546 12914 45438 110634 193100 259840 288924 275666 231594 178066 131090 95240 68874 49434 34952 24134 16262 10830 7284 5028 3564 2550 1794 1212 770 454 246 120 54 22 8 2 0
  tag_recapture[Tags2007_R1_R1].step	1
  tag_recapture[Tags2007_R1_R1].tag_name	Tags2007_R1
  tag_recapture[Tags2007_R1_R1].years	2008 2009 2010
  tag_recapture[Tags2008_R1_R1].area	R1
  tag_recapture[Tags2008_R1_R1].class_mins	100 150 200 250 300 350 400 450 500 550 600 650 700 750 800 850 900 950 1000 1050 1100 1150 1200 1250 1300 1350 1400 1450 1500 1550 1600 1650 1700 1750 1800 1850 1900 1950 2000 2050
  tag_recapture[Tags2008_R1_R1].detection_probability	1
  tag_recapture[Tags2008_R1_R1].dispersion	1
  tag_recapture[Tags2008_R1_R1].do_bootstrap	True
  tag_recapture[Tags2008_R1_R1].plus_group	False
  tag_recapture[Tags2008_R1_R1].proportion_mortality	0.5
  tag_recapture[Tags2008_R1_R1].r	1e-11
  tag_recapture[Tags2008_R1_R1].recaptured_2009	0 0 0 0 0 0 0 0 0 0 2 16 23 23 28 26 13 10 5 4 4 2 2 1 0 0 0 0 0 0 0 0 0 0 0 0 0 0 0
  tag_recapture[Tags2008_R1_R1].recaptured_2010	0 0 0 0 0 0 0 0 0 0 3 2 14 18 28 20 12 11 12 6 4 1 2 1 0 0 0 0 0 0 0 0 0 0 0 0 0 0 0
  tag_recapture[Tags2008_R1_R1].sample	size
  tag_recapture[Tags2008_R1_R1].scanned_2009	0 0 0 2 28 338 2596 13080 43468 101422 180382 255904 293398 278302 229716 175798 130724 96182 70174 50456 35360 24054 16060 10754 7362 5182 3714 2662 1866 1256 798 470 254 126 56 22 8 2 0
  tag_recapture[Tags2008_R1_R1].scanned_2010	0 0 0 2 30 342 2546 12914 45438 110634 193100 259840 288924 275666 231594 178066 131090 95240 68874 49434 34952 24134 16262 10830 7284 5028 3564 2550 1794 1212 770 454 246 120 54 22 8 2 0
  tag_recapture[Tags2008_R1_R1].step	1
  tag_recapture[Tags2008_R1_R1].tag_name	Tags2008_R1
  tag_recapture[Tags2008_R1_R1].years	2009 2010
  tag_recapture[Tags2009_R1_R1].area	R1
  tag_recapture[Tags2009_R1_R1].class_mins	100 150 200 250 300 350 400 450 500 550 600 650 700 750 800 850 900 950 1000 1050 1100 1150 1200 1250 1300 1350 1400 1450 1500 1550 1600 1650 1700 1750 1800 1850 1900 1950 2000 2050
  tag_recapture[Tags2009_R1_R1].detection_probability	1
  tag_recapture[Tags2009_R1_R1].dispersion	1
  tag_recapture[Tags2009_R1_R1].do_bootstrap	True
  tag_recapture[Tags2009_R1_R1].plus_group	False
  tag_recapture[Tags2009_R1_R1].proportion_mortality	0.5
  tag_recapture[Tags2009_R1_R1].r	1e-11
  tag_recapture[Tags2009_R1_R1].recaptured_2010	0 0 0 0 0 0 0 0 0 0 3 14 25 34 33 23 15 14 5 5 3 0 1 0 0 0 0 0 0 0 0 0 0 0 0 0 0 0 0
  tag_recapture[Tags2009_R1_R1].sample	size
  tag_recapture[Tags2009_R1_R1].scanned_2010	0 0 0 2 30 342 2546 12914 45438 110634 193100 259840 288924 275666 231594 178066 131090 95240 68874 49434 34952 24134 16262 10830 7284 5028 3564 2550 1794 1212 770 454 246 120 54 22 8 2 0
  tag_recapture[Tags2009_R1_R1].step	1
  tag_recapture[Tags2009_R1_R1].tag_name	Tags2009_R1
  tag_recapture[Tags2009_R1_R1].years	2010
  vector_average_penalty[1].k   	1
  vector_average_penalty[1].label	meanYCS_1
  vector_average_penalty[1].multiplier	100
  vector_average_penalty[1].vector	recruitment.YCS
Stored as DOUBLEs: 
Stored as VECTORs: 
Stored as OGIVEs: 

Population parameters:
Stored as strings: 
  annual_cycle.M_props          	1
  annual_cycle.aging_time       	1
  annual_cycle.baranov          	False
  annual_cycle.fishery_areas    	R1
  annual_cycle.fishery_names    	LL1 LL2
  annual_cycle.fishery_times    	1 1
  annual_cycle.growth_props     	0
  annual_cycle.migrate_from     	R1
  annual_cycle.migrate_to       	R2
  annual_cycle.migration_names  	MoveRec_1_2
  annual_cycle.migration_times  	1
  annual_cycle.n_migrations     	0
  annual_cycle.recruitment_areas	R1
  annual_cycle.recruitment_time 	1
  annual_cycle.spawning_all_areas	1
  annual_cycle.spawning_p       	1
  annual_cycle.spawning_part_mort	0.5
  annual_cycle.spawning_time    	1
  annual_cycle.spawning_use_total_B	False
  annual_cycle.time_steps       	1
  area_names                    	R1
  current                       	2010
  final                         	2045
  first_random_year             	2007
  fishery[LL1].U_max            	0.95
  fishery[LL1].catches          	0 6000 6000 6000 6000 6000 6000 6000 6000 6000 6000 6000 6000 6000 6000 6000 6000 6000 6000 6000 6000
  fishery[LL1].future_constant_catches	200
  fishery[LL1].selectivity      	SelLL
  fishery[LL1].years            	1990 1991 1992 1993 1994 1995 1996 1997 1998 1999 2000 2001 2002 2003 2004 2005 2006 2007 2008 2009 2010
  fishery[LL2].U_max            	0.95
  fishery[LL2].catches          	0 0 0 0 0 0 0 0 0 0 0 0 0 0 0 0 0 0 0 0 0
  fishery[LL2].future_constant_catches	200
  fishery[LL2].selectivity      	SelLL
  fishery[LL2].years            	1990 1991 1992 1993 1994 1995 1996 1997 1998 1999 2000 2001 2002 2003 2004 2005 2006 2007 2008 2009 2010
  initial                       	1990
  initialization.B0             	448262
  mature_partition              	False
  maturity_props.all            	allvalues  0 0 0 0 0 0 0 0 0 0 0 0.1667 0.3333 0.5 0.6667 0.8333 1 1 1 1 1 1 1 1 1 1 1 1 1 1
  max_age                       	30
  min_age                       	1
  n_areas                       	1
  n_stocks                      	1
  n_tags                        	5
  natural_mortality.all         	0.155
  plus_group                    	True
  randomisation_method          	lognormal
  recruitment.SR                	BH
  recruitment.YCS               	1 1 1 1 1 1 1 1 1 1 1 1 1 1 1 1 1 1 1 1 1
  recruitment.YCS_years         	1989 1990 1991 1992 1993 1994 1995 1996 1997 1998 1999 2000 2001 2002 2003 2004 2005 2006 2007 2008 2009
  recruitment.first_free        	1989
  recruitment.last_free         	2006
  recruitment.p_male            	0.5
  recruitment.rho               	0
  recruitment.sigma_r           	0.6
  recruitment.steepness         	0.7
  recruitment.year_range        	1989 2006
  selectivity[SelLL].all        	double_normal 10 2 10
  selectivity_names             	SelLL
  sex_partition                 	False
  size_at_age.Linf              	2870
  size_at_age.by_length         	True
  size_at_age.cv                	0.1
  size_at_age.k                 	0.02056
  size_at_age.t0                	-4.2897
  size_at_age_dist              	normal
  size_at_age_type              	von_Bert
  size_based                    	False
  size_weight.a                 	2.59e-12
  size_weight.b                 	3.2064
  size_weight.verify_size_weight	500 0.5 1.5
  standardise_YCS               	True
  tag[Tags2005_R1_LL1].area     	R1
  tag[Tags2005_R1_LL1].class_mins	100 150 200 250 300 350 400 450 500 550 600 650 700 750 800 850 900 950 1000 1050 1100 1150 1200 1250 1300 1350 1400 1450 1500 1550 1600 1650 1700 1750 1800 1850 1900 1950 2000 2050
  tag[Tags2005_R1_LL1].mature_only	False
  tag[Tags2005_R1_LL1].mortality	0.1
  tag[Tags2005_R1_LL1].number   	2500
  tag[Tags2005_R1_LL1].ogive    	SelLL
  tag[Tags2005_R1_LL1].plus_group	False
  tag[Tags2005_R1_LL1].props_all	0 0 0 0 0 1e-04 8e-04 0.0048 0.0184 0.0472 0.088 0.1245 0.1388 0.1298 0.1103 0.0896 0.0694 0.0511 0.0362 0.0255 0.0183 0.0135 0.01 0.0073 0.0052 0.0037 0.0025 0.0018 0.0012 8e-04 5e-04 3e-04 2e-04 1e-04 0 0 0 0 0
  tag[Tags2005_R1_LL1].release_type	deterministic
  tag[Tags2005_R1_LL1].sex      	both
  tag[Tags2005_R1_LL1].step     	1
  tag[Tags2005_R1_LL1].tag_name 	Tags2005_R1
  tag[Tags2005_R1_LL1].year     	2005
  tag[Tags2006_R1_LL1].area     	R1
  tag[Tags2006_R1_LL1].class_mins	100 150 200 250 300 350 400 450 500 550 600 650 700 750 800 850 900 950 1000 1050 1100 1150 1200 1250 1300 1350 1400 1450 1500 1550 1600 1650 1700 1750 1800 1850 1900 1950 2000 2050
  tag[Tags2006_R1_LL1].mature_only	False
  tag[Tags2006_R1_LL1].mortality	0.1
  tag[Tags2006_R1_LL1].number   	2500
  tag[Tags2006_R1_LL1].ogive    	SelLL
  tag[Tags2006_R1_LL1].plus_group	False
  tag[Tags2006_R1_LL1].props_all	0 0 0 0 0 2e-04 0.0013 0.0058 0.0198 0.0485 0.0873 0.1222 0.1397 0.1351 0.1154 0.0921 0.0705 0.0511 0.0349 0.023 0.0152 0.0104 0.0075 0.0055 0.0041 0.0031 0.0023 0.0017 0.0012 9e-04 6e-04 3e-04 2e-04 1e-04 0 0 0 0 0
  tag[Tags2006_R1_LL1].release_type	deterministic
  tag[Tags2006_R1_LL1].sex      	both
  tag[Tags2006_R1_LL1].step     	1
  tag[Tags2006_R1_LL1].tag_name 	Tags2006_R1
  tag[Tags2006_R1_LL1].year     	2006
  tag[Tags2007_R1_LL1].area     	R1
  tag[Tags2007_R1_LL1].class_mins	100 150 200 250 300 350 400 450 500 550 600 650 700 750 800 850 900 950 1000 1050 1100 1150 1200 1250 1300 1350 1400 1450 1500 1550 1600 1650 1700 1750 1800 1850 1900 1950 2000 2050
  tag[Tags2007_R1_LL1].mature_only	False
  tag[Tags2007_R1_LL1].mortality	0.1
  tag[Tags2007_R1_LL1].number   	2500
  tag[Tags2007_R1_LL1].ogive    	SelLL
  tag[Tags2007_R1_LL1].plus_group	False
  tag[Tags2007_R1_LL1].props_all	0 0 0 0 0 1e-04 0.0011 0.0056 0.0193 0.0485 0.0889 0.124 0.139 0.1322 0.1118 0.0878 0.0669 0.0504 0.0372 0.0265 0.0183 0.0125 0.0087 0.0062 0.0045 0.0032 0.0024 0.0017 0.0012 8e-04 5e-04 3e-04 2e-04 1e-04 0 0 0 0 0
  tag[Tags2007_R1_LL1].release_type	deterministic
  tag[Tags2007_R1_LL1].sex      	both
  tag[Tags2007_R1_LL1].step     	1
  tag[Tags2007_R1_LL1].tag_name 	Tags2007_R1
  tag[Tags2007_R1_LL1].year     	2007
  tag[Tags2008_R1_LL1].area     	R1
  tag[Tags2008_R1_LL1].class_mins	100 150 200 250 300 350 400 450 500 550 600 650 700 750 800 850 900 950 1000 1050 1100 1150 1200 1250 1300 1350 1400 1450 1500 1550 1600 1650 1700 1750 1800 1850 1900 1950 2000 2050
  tag[Tags2008_R1_LL1].mature_only	False
  tag[Tags2008_R1_LL1].mortality	0.1
  tag[Tags2008_R1_LL1].number   	2500
  tag[Tags2008_R1_LL1].ogive    	SelLL
  tag[Tags2008_R1_LL1].plus_group	False
  tag[Tags2008_R1_LL1].props_all	0 0 0 0 0 1e-04 0.0012 0.0062 0.0205 0.0497 0.0924 0.1328 0.1497 0.1384 0.112 0.0842 0.0614 0.0445 0.0322 0.0228 0.0157 0.0106 0.0073 0.0052 0.0038 0.0029 0.0022 0.0016 0.0011 7e-04 4e-04 3e-04 1e-04 1e-04 0 0 0 0 0
  tag[Tags2008_R1_LL1].release_type	deterministic
  tag[Tags2008_R1_LL1].sex      	both
  tag[Tags2008_R1_LL1].step     	1
  tag[Tags2008_R1_LL1].tag_name 	Tags2008_R1
  tag[Tags2008_R1_LL1].year     	2008
  tag[Tags2009_R1_LL1].area     	R1
  tag[Tags2009_R1_LL1].class_mins	100 150 200 250 300 350 400 450 500 550 600 650 700 750 800 850 900 950 1000 1050 1100 1150 1200 1250 1300 1350 1400 1450 1500 1550 1600 1650 1700 1750 1800 1850 1900 1950 2000 2050
  tag[Tags2009_R1_LL1].mature_only	False
  tag[Tags2009_R1_LL1].mortality	0.1
  tag[Tags2009_R1_LL1].number   	2500
  tag[Tags2009_R1_LL1].ogive    	SelLL
  tag[Tags2009_R1_LL1].plus_group	False
  tag[Tags2009_R1_LL1].props_all	0 0 0 0 0 1e-04 0.0012 0.0063 0.0213 0.0502 0.0897 0.1266 0.1435 0.135 0.1117 0.0864 0.065 0.0482 0.0352 0.0253 0.0178 0.0122 0.0082 0.0055 0.0037 0.0025 0.0017 0.0011 7e-04 4e-04 3e-04 1e-04 1e-04 0 0 0 0 0 0
  tag[Tags2009_R1_LL1].release_type	deterministic
  tag[Tags2009_R1_LL1].sex      	both
  tag[Tags2009_R1_LL1].step     	1
  tag[Tags2009_R1_LL1].tag_name 	Tags2009_R1
  tag[Tags2009_R1_LL1].year     	2009
  tag_growth_loss[Tags2005_R1].nogrowth_period	0
  tag_growth_loss[Tags2006_R1].nogrowth_period	0
  tag_growth_loss[Tags2007_R1].nogrowth_period	0
  tag_growth_loss[Tags2008_R1].nogrowth_period	0
  tag_growth_loss[Tags2009_R1].nogrowth_period	0
  tag_loss_props                	1
  tag_names                     	Tags2005_R1 Tags2006_R1 Tags2007_R1 Tags2008_R1 Tags2009_R1
  tag_shedding_rate             	0.0084 0.0084 0.0084 0.0084 0.0084
  y_enter                       	1
Stored as DOUBLEs: 
Stored as VECTORs: 
Stored as OGIVEs: 

Output parameters:
Stored as strings: 
  n_projections                 	100
  numbers_at[Numbers_at_age_R1].area	R1
  numbers_at[Numbers_at_age_R1].proportion_mortality	0.5
  numbers_at[Numbers_at_age_R1].step	1
  numbers_at[Numbers_at_age_R1].years	1990 1991 1992 1993 1994 1995 1996 1997 1998 1999 2000 2001 2002 2003 2004 2005 2006 2007 2008 2009 2010
  print.covariance              	true
  print.estimation_section      	true
  print.final_state             	false
  print.fits                    	true
  print.fits_every_eval         	false
  print.initial_state           	false
  print.normalised_resids       	true
  print.objective_every_eval    	false
  print.parameter_vector_every_eval	false
  print.parameters              	true
  print.parameters_every_eval   	false
  print.pearson_resids          	true
  print.requests                	false
  print.resids                  	true
  print.results                 	false
  print.state_annually          	false
  print.state_every_step        	false
  print.unused_parameters       	true
  print.yields                  	true
  quantities.B0                 	true
  quantities.R0                 	true
  quantities.SSBs               	true
  quantities.YCS                	true
  quantities.actual_catches     	false
  quantities.all_free_parameters	true
  quantities.fishing_pressures  	true
  quantities.nuisance_qs        	true
  quantities.recruitments       	true
  quantities.true_YCS           	true
Stored as DOUBLEs: 
Stored as VECTORs: 
Stored as OGIVEs: 

A fish of size 500 cm has a weight of 1.16755 kg in your model. This size-weight scale check assumes that the growth curve is in centimetres, and that the catch is in tonnes.

A fish of size 500 cm has a weight of 1.16755 kg in your model. This size-weight scale check assumes that the growth curve is in centimetres, and that the catch is in tonnes.

Estimation section :

Objective function: Bayes

Minimiser convergence threshold: 0.001


Observations:

The observations are:
LL1_catchA
Tags2005_R1_R1
Tags2006_R1_R1
Tags2007_R1_R1
Tags2008_R1_R1
Tags2009_R1_R1
Fits follow:

LL1_catchA :
catch proportions-at-age for fishery LL1  with ageing error (constrained to sum to 1):
obs (last class is a plus group):
class 1       2       3       4       5       6       7       8       9       10      11      12      13      14      15      16      17      18      19      20      21      22      23      24      25      26      27      28      29      30      
2000 0       0       0       0       0       0.01    0.08    0.12    0.16    0.13    0.13    0.11    0.05    0.07    0.04    0.05    0       0.01    0.02    0       0       0.01    0.01    0       0       0       0       0       0       0       
2001 0       0       0       0.01    0.01    0.04    0.04    0.09    0.13    0.13    0.15    0.07    0.04    0.04    0.08    0.06    0.03    0.02    0       0.03    0.01    0       0.01    0       0       0       0       0       0       0.01    
2002 0       0       0       0       0.01    0.01    0.05    0.1     0.17    0.15    0.13    0.1     0.09    0.06    0       0.02    0.02    0.04    0       0.02    0.02    0       0       0       0       0       0.01    0       0       0       
2003 0       0       0       0       0.01    0.02    0.06    0.18    0.15    0.17    0.06    0.06    0.05    0.04    0.08    0.03    0.02    0.03    0.01    0.01    0.02    0       0       0       0       0       0       0       0       0       
2004 0       0       0       0       0       0.04    0.05    0.15    0.18    0.12    0.1     0.1     0.08    0.03    0.06    0.02    0.03    0.01    0.01    0       0.01    0       0       0.01    0       0       0       0       0       0       
2005 0       0       0       0       0       0       0.05    0.1     0.13    0.15    0.14    0.06    0.09    0.08    0.05    0.05    0.01    0.04    0.04    0       0.01    0       0       0       0       0       0       0       0       0       
2006 0       0       0       0       0.01    0.02    0.1     0.11    0.11    0.14    0.11    0.09    0.04    0.06    0.06    0.03    0.02    0.02    0.03    0       0.03    0       0       0.01    0       0       0       0.01    0       0       
2007 0       0       0       0       0       0       0.02    0.09    0.26    0.2     0.11    0.08    0.02    0.03    0.05    0.02    0.02    0.02    0.03    0.02    0.01    0.01    0.01    0       0       0       0       0       0       0       
2008 0       0       0       0       0.02    0.03    0.01    0.07    0.17    0.17    0.18    0.09    0.06    0.04    0.04    0.02    0.03    0       0.02    0.01    0.01    0.01    0.01    0       0       0.01    0       0       0       0       
2009 0       0       0       0       0       0.02    0.06    0.07    0.17    0.14    0.09    0.1     0.09    0.06    0.03    0.05    0.03    0.04    0.01    0.02    0.02    0       0       0       0       0       0       0       0       0       
2010 0       0       0       0       0       0       0.1     0.13    0.12    0.15    0.14    0.06    0.1     0.04    0.05    0.02    0.02    0.01    0.02    0.01    0.01    0.02    0       0       0       0       0       0       0       0       
objective function: multinomial likelihood, with delta = 1e-011, N =
100 100 100 100 100 100 100 100 100 100 100 100 100 100 100 100 100 100 100 100 100 100 100 100 100 100 100 100 100 100 
100 100 100 100 100 100 100 100 100 100 100 100 100 100 100 100 100 100 100 100 100 100 100 100 100 100 100 100 100 100 
100 100 100 100 100 100 100 100 100 100 100 100 100 100 100 100 100 100 100 100 100 100 100 100 100 100 100 100 100 100 
100 100 100 100 100 100 100 100 100 100 100 100 100 100 100 100 100 100 100 100 100 100 100 100 100 100 100 100 100 100 
100 100 100 100 100 100 100 100 100 100 100 100 100 100 100 100 100 100 100 100 100 100 100 100 100 100 100 100 100 100 
100 100 100 100 100 100 100 100 100 100 100 100 100 100 100 100 100 100 100 100 100 100 100 100 100 100 100 100 100 100 
100 100 100 100 100 100 100 100 100 100 100 100 100 100 100 100 100 100 100 100 100 100 100 100 100 100 100 100 100 100 
100 100 100 100 100 100 100 100 100 100 100 100 100 100 100 100 100 100 100 100 100 100 100 100 100 100 100 100 100 100 
100 100 100 100 100 100 100 100 100 100 100 100 100 100 100 100 100 100 100 100 100 100 100 100 100 100 100 100 100 100 
100 100 100 100 100 100 100 100 100 100 100 100 100 100 100 100 100 100 100 100 100 100 100 100 100 100 100 100 100 100 
100 100 100 100 100 100 100 100 100 100 100 100 100 100 100 100 100 100 100 100 100 100 100 100 100 100 100 100 100 100 

Tags2005_R1_R1 :
tag-recapture data for tag Tags2005_R1 in years 2006 2007 2008 2009 2010 , step 1, after proportion 0.5 of mortality, with sampling method size, detection probability 1.
Year 2006
class scanned recaptured
100 0 0
150 0 0
200 0 0
250 2 0
300 28 0
350 320 0
400 2302 0
450 11502 0
500 39770 0
550 96806 1
600 173902 3
650 243624 11
700 277690 21
750 266092 38
800 224820 25
850 178122 21
900 136978 18
950 101584 11
1000 71958 14
1050 49292 2
1100 33518 1
1150 23134 1
1200 16316 3
1250 11662 0
1300 8346 0
1350 5944 1
1400 4222 0
1450 2988 0
1500 2086 0
1550 1406 0
1600 896 0
1650 530 0
1700 286 0
1750 140 0
1800 62 0
1850 24 0
1900 8 0
1950 2 0
2000 0 0


Year 2007
class scanned recaptured
100 0 0
150 0 0
200 0 0
250 2 0
300 28 0
350 344 0
400 2442 0
450 11568 0
500 39724 0
550 99366 0
600 181960 1
650 252416 8
700 280488 19
750 265182 19
800 224010 23
850 176300 21
900 134278 17
950 100438 17
1000 72920 4
1050 50898 6
1100 34514 2
1150 23278 3
1200 15942 0
1250 11162 0
1300 7944 0
1350 5686 0
1400 4062 0
1450 2880 1
1500 2006 0
1550 1350 0
1600 862 0
1650 512 0
1700 278 0
1750 138 0
1800 62 0
1850 24 0
1900 8 0
1950 2 0
2000 0 0


Year 2008
class scanned recaptured
100 0 0
150 0 0
200 0 0
250 2 0
300 28 0
350 344 0
400 2602 0
450 12332 0
500 40170 0
550 97884 0
600 182308 1
650 260086 1
700 291620 7
750 271378 21
800 224512 19
850 174626 12
900 131756 20
950 97934 10
1000 71728 5
1050 51120 3
1100 35200 3
1150 23658 3
1200 15864 4
1250 10828 0
1300 7580 2
1350 5410 1
1400 3886 0
1450 2772 0
1500 1934 0
1550 1300 0
1600 826 0
1650 490 0
1700 266 0
1750 132 0
1800 58 0
1850 24 0
1900 8 0
1950 2 0
2000 0 0


Year 2009
class scanned recaptured
100 0 0
150 0 0
200 0 0
250 2 0
300 28 0
350 338 0
400 2596 0
450 13080 0
500 43468 0
550 101422 0
600 180382 0
650 255904 4
700 293398 5
750 278302 10
800 229716 10
850 175798 12
900 130724 10
950 96182 10
1000 70174 8
1050 50456 7
1100 35360 2
1150 24054 2
1200 16060 0
1250 10754 1
1300 7362 0
1350 5182 0
1400 3714 0
1450 2662 0
1500 1866 0
1550 1256 0
1600 798 0
1650 470 0
1700 254 0
1750 126 0
1800 56 0
1850 22 0
1900 8 0
1950 2 0
2000 0 0


Year 2010
class scanned recaptured
100 0 0
150 0 0
200 0 0
250 2 0
300 30 0
350 342 0
400 2546 0
450 12914 0
500 45438 0
550 110634 0
600 193100 0
650 259840 1
700 288924 0
750 275666 6
800 231594 9
850 178066 10
900 131090 9
950 95240 9
1000 68874 1
1050 49434 7
1100 34952 3
1150 24134 3
1200 16262 2
1250 10830 0
1300 7284 0
1350 5028 0
1400 3564 0
1450 2550 0
1500 1794 0
1550 1212 0
1600 770 0
1650 454 0
1700 246 0
1750 120 0
1800 54 0
1850 22 0
1900 8 0
1950 2 0
2000 0 0


Tags2006_R1_R1 :
tag-recapture data for tag Tags2006_R1 in years 2007 2008 2009 2010 , step 1, after proportion 0.5 of mortality, with sampling method size, detection probability 1.
Year 2007
class scanned recaptured
100 0 0
150 0 0
200 0 0
250 2 0
300 28 0
350 344 0
400 2442 0
450 11568 0
500 39724 0
550 99366 1
600 181960 9
650 252416 17
700 280488 28
750 265182 26
800 224010 31
850 176300 28
900 134278 16
950 100438 12
1000 72920 9
1050 50898 2
1100 34514 3
1150 23278 3
1200 15942 2
1250 11162 1
1300 7944 0
1350 5686 0
1400 4062 0
1450 2880 0
1500 2006 0
1550 1350 0
1600 862 0
1650 512 0
1700 278 0
1750 138 0
1800 62 0
1850 24 0
1900 8 0
1950 2 0
2000 0 0


Year 2008
class scanned recaptured
100 0 0
150 0 0
200 0 0
250 2 0
300 28 0
350 344 0
400 2602 0
450 12332 0
500 40170 1
550 97884 0
600 182308 2
650 260086 10
700 291620 16
750 271378 17
800 224512 25
850 174626 18
900 131756 11
950 97934 12
1000 71728 7
1050 51120 7
1100 35200 3
1150 23658 2
1200 15864 0
1250 10828 0
1300 7580 1
1350 5410 1
1400 3886 0
1450 2772 1
1500 1934 0
1550 1300 0
1600 826 0
1650 490 0
1700 266 0
1750 132 0
1800 58 0
1850 24 0
1900 8 0
1950 2 0
2000 0 0


Year 2009
class scanned recaptured
100 0 0
150 0 0
200 0 0
250 2 0
300 28 0
350 338 0
400 2596 0
450 13080 0
500 43468 0
550 101422 0
600 180382 1
650 255904 2
700 293398 8
750 278302 21
800 229716 18
850 175798 14
900 130724 12
950 96182 4
1000 70174 6
1050 50456 13
1100 35360 3
1150 24054 1
1200 16060 2
1250 10754 1
1300 7362 0
1350 5182 0
1400 3714 0
1450 2662 0
1500 1866 0
1550 1256 0
1600 798 0
1650 470 0
1700 254 0
1750 126 0
1800 56 0
1850 22 0
1900 8 0
1950 2 0
2000 0 0


Year 2010
class scanned recaptured
100 0 0
150 0 0
200 0 0
250 2 0
300 30 0
350 342 0
400 2546 0
450 12914 0
500 45438 0
550 110634 0
600 193100 0
650 259840 2
700 288924 1
750 275666 7
800 231594 21
850 178066 9
900 131090 9
950 95240 10
1000 68874 4
1050 49434 3
1100 34952 4
1150 24134 1
1200 16262 3
1250 10830 0
1300 7284 1
1350 5028 0
1400 3564 0
1450 2550 0
1500 1794 0
1550 1212 0
1600 770 0
1650 454 0
1700 246 0
1750 120 0
1800 54 0
1850 22 0
1900 8 0
1950 2 0
2000 0 0


Tags2007_R1_R1 :
tag-recapture data for tag Tags2007_R1 in years 2008 2009 2010 , step 1, after proportion 0.5 of mortality, with sampling method size, detection probability 1.
Year 2008
class scanned recaptured
100 0 0
150 0 0
200 0 0
250 2 0
300 28 0
350 344 0
400 2602 0
450 12332 0
500 40170 1
550 97884 0
600 182308 3
650 260086 14
700 291620 20
750 271378 27
800 224512 27
850 174626 21
900 131756 22
950 97934 8
1000 71728 1
1050 51120 3
1100 35200 2
1150 23658 1
1200 15864 1
1250 10828 1
1300 7580 0
1350 5410 0
1400 3886 0
1450 2772 0
1500 1934 0
1550 1300 0
1600 826 0
1650 490 0
1700 266 0
1750 132 0
1800 58 0
1850 24 0
1900 8 0
1950 2 0
2000 0 0


Year 2009
class scanned recaptured
100 0 0
150 0 0
200 0 0
250 2 0
300 28 0
350 338 0
400 2596 0
450 13080 0
500 43468 0
550 101422 1
600 180382 1
650 255904 8
700 293398 14
750 278302 29
800 229716 25
850 175798 16
900 130724 22
950 96182 12
1000 70174 12
1050 50456 6
1100 35360 3
1150 24054 2
1200 16060 0
1250 10754 0
1300 7362 1
1350 5182 0
1400 3714 0
1450 2662 0
1500 1866 0
1550 1256 0
1600 798 0
1650 470 0
1700 254 0
1750 126 0
1800 56 0
1850 22 0
1900 8 0
1950 2 0
2000 0 0


Year 2010
class scanned recaptured
100 0 0
150 0 0
200 0 0
250 2 0
300 30 0
350 342 0
400 2546 0
450 12914 0
500 45438 0
550 110634 0
600 193100 1
650 259840 2
700 288924 9
750 275666 15
800 231594 17
850 178066 20
900 131090 17
950 95240 20
1000 68874 10
1050 49434 8
1100 34952 1
1150 24134 1
1200 16262 0
1250 10830 0
1300 7284 1
1350 5028 0
1400 3564 0
1450 2550 0
1500 1794 0
1550 1212 0
1600 770 0
1650 454 0
1700 246 0
1750 120 0
1800 54 0
1850 22 0
1900 8 0
1950 2 0
2000 0 0


Tags2008_R1_R1 :
tag-recapture data for tag Tags2008_R1 in years 2009 2010 , step 1, after proportion 0.5 of mortality, with sampling method size, detection probability 1.
Year 2009
class scanned recaptured
100 0 0
150 0 0
200 0 0
250 2 0
300 28 0
350 338 0
400 2596 0
450 13080 0
500 43468 0
550 101422 0
600 180382 2
650 255904 16
700 293398 23
750 278302 23
800 229716 28
850 175798 26
900 130724 13
950 96182 10
1000 70174 5
1050 50456 4
1100 35360 4
1150 24054 2
1200 16060 2
1250 10754 1
1300 7362 0
1350 5182 0
1400 3714 0
1450 2662 0
1500 1866 0
1550 1256 0
1600 798 0
1650 470 0
1700 254 0
1750 126 0
1800 56 0
1850 22 0
1900 8 0
1950 2 0
2000 0 0


Year 2010
class scanned recaptured
100 0 0
150 0 0
200 0 0
250 2 0
300 30 0
350 342 0
400 2546 0
450 12914 0
500 45438 0
550 110634 0
600 193100 3
650 259840 2
700 288924 14
750 275666 18
800 231594 28
850 178066 20
900 131090 12
950 95240 11
1000 68874 12
1050 49434 6
1100 34952 4
1150 24134 1
1200 16262 2
1250 10830 1
1300 7284 0
1350 5028 0
1400 3564 0
1450 2550 0
1500 1794 0
1550 1212 0
1600 770 0
1650 454 0
1700 246 0
1750 120 0
1800 54 0
1850 22 0
1900 8 0
1950 2 0
2000 0 0


Tags2009_R1_R1 :
tag-recapture data for tag Tags2009_R1 in years 2010 , step 1, after proportion 0.5 of mortality, with sampling method size, detection probability 1.
Year 2010
class scanned recaptured
100 0 0
150 0 0
200 0 0
250 2 0
300 30 0
350 342 0
400 2546 0
450 12914 0
500 45438 0
550 110634 0
600 193100 3
650 259840 14
700 288924 25
750 275666 34
800 231594 33
850 178066 23
900 131090 15
950 95240 14
1000 68874 5
1050 49434 5
1100 34952 3
1150 24134 0
1200 16262 1
1250 10830 0
1300 7284 0
1350 5028 0
1400 3564 0
1450 2550 0
1500 1794 0
1550 1212 0
1600 770 0
1650 454 0
1700 246 0
1750 120 0
1800 54 0
1850 22 0
1900 8 0
1950 2 0
2000 0 0



Ageing_error:
  Misclassification matrix:
1 0 0 0 0 0 0 0 0 0 0 0 0 0 0 0 0 0 0 0 0 0 0 0 0 0 0 0 0 0 
0 1 0 0 0 0 0 0 0 0 0 0 0 0 0 0 0 0 0 0 0 0 0 0 0 0 0 0 0 0 
0 0 1 0 0 0 0 0 0 0 0 0 0 0 0 0 0 0 0 0 0 0 0 0 0 0 0 0 0 0 
0 0 0 1 0 0 0 0 0 0 0 0 0 0 0 0 0 0 0 0 0 0 0 0 0 0 0 0 0 0 
0 0 0 0 1 0 0 0 0 0 0 0 0 0 0 0 0 0 0 0 0 0 0 0 0 0 0 0 0 0 
0 0 0 0 0 1 0 0 0 0 0 0 0 0 0 0 0 0 0 0 0 0 0 0 0 0 0 0 0 0 
0 0 0 0 0 0 1 0 0 0 0 0 0 0 0 0 0 0 0 0 0 0 0 0 0 0 0 0 0 0 
0 0 0 0 0 0 0 1 0 0 0 0 0 0 0 0 0 0 0 0 0 0 0 0 0 0 0 0 0 0 
0 0 0 0 0 0 0 0 1 0 0 0 0 0 0 0 0 0 0 0 0 0 0 0 0 0 0 0 0 0 
0 0 0 0 0 0 0 0 0 1 0 0 0 0 0 0 0 0 0 0 0 0 0 0 0 0 0 0 0 0 
0 0 0 0 0 0 0 0 0 0 1 0 0 0 0 0 0 0 0 0 0 0 0 0 0 0 0 0 0 0 
0 0 0 0 0 0 0 0 0 0 0 1 0 0 0 0 0 0 0 0 0 0 0 0 0 0 0 0 0 0 
0 0 0 0 0 0 0 0 0 0 0 0 1 0 0 0 0 0 0 0 0 0 0 0 0 0 0 0 0 0 
0 0 0 0 0 0 0 0 0 0 0 0 0 1 0 0 0 0 0 0 0 0 0 0 0 0 0 0 0 0 
0 0 0 0 0 0 0 0 0 0 0 0 0 0 1 0 0 0 0 0 0 0 0 0 0 0 0 0 0 0 
0 0 0 0 0 0 0 0 0 0 0 0 0 0 0 1 0 0 0 0 0 0 0 0 0 0 0 0 0 0 
0 0 0 0 0 0 0 0 0 0 0 0 0 0 0 0 1 0 0 0 0 0 0 0 0 0 0 0 0 0 
0 0 0 0 0 0 0 0 0 0 0 0 0 0 0 0 0 1 0 0 0 0 0 0 0 0 0 0 0 0 
0 0 0 0 0 0 0 0 0 0 0 0 0 0 0 0 0 0 1 0 0 0 0 0 0 0 0 0 0 0 
0 0 0 0 0 0 0 0 0 0 0 0 0 0 0 0 0 0 0 1 0 0 0 0 0 0 0 0 0 0 
0 0 0 0 0 0 0 0 0 0 0 0 0 0 0 0 0 0 0 0 1 0 0 0 0 0 0 0 0 0 
0 0 0 0 0 0 0 0 0 0 0 0 0 0 0 0 0 0 0 0 0 1 0 0 0 0 0 0 0 0 
0 0 0 0 0 0 0 0 0 0 0 0 0 0 0 0 0 0 0 0 0 0 1 0 0 0 0 0 0 0 
0 0 0 0 0 0 0 0 0 0 0 0 0 0 0 0 0 0 0 0 0 0 0 1 0 0 0 0 0 0 
0 0 0 0 0 0 0 0 0 0 0 0 0 0 0 0 0 0 0 0 0 0 0 0 1 0 0 0 0 0 
0 0 0 0 0 0 0 0 0 0 0 0 0 0 0 0 0 0 0 0 0 0 0 0 0 1 0 0 0 0 
0 0 0 0 0 0 0 0 0 0 0 0 0 0 0 0 0 0 0 0 0 0 0 0 0 0 1 0 0 0 
0 0 0 0 0 0 0 0 0 0 0 0 0 0 0 0 0 0 0 0 0 0 0 0 0 0 0 1 0 0 
0 0 0 0 0 0 0 0 0 0 0 0 0 0 0 0 0 0 0 0 0 0 0 0 0 0 0 0 1 0 
0 0 0 0 0 0 0 0 0 0 0 0 0 0 0 0 0 0 0 0 0 0 0 0 0 0 0 0 0 1 

Free parameters:

initialization.B0
uniform: bounds from 5000 to 500000
current value: 448262
lower bound: 5000
upper bound: 500000


Q's:
qs are nuisance parameters

Penalties:
LL1_Penalty :
Catch limit penalty of 1000 x the sum of squares of (log(actual catch) - log(specified catch)) for fishery LL1 to disencourage breaking exploitation rate limits
LL2_Penalty :
Catch limit penalty of 1000 x the sum of squares of (log(actual catch) - log(specified catch)) for fishery LL2 to disencourage breaking exploitation rate limits
meanYCS_1 :
Vector average penalty of 100 x square of (mean(recruitment.YCS) - 1) 
Penalty_Tags2005_R1_LL1 :
'Fish-must-be-tagged' penalty of 1 x square of (actual number of tagged fish - nominal number of tagged fish) for tagging episode Tags2005_R1_LL1
Penalty_Tags2006_R1_LL1 :
'Fish-must-be-tagged' penalty of 1 x square of (actual number of tagged fish - nominal number of tagged fish) for tagging episode Tags2006_R1_LL1
Penalty_Tags2007_R1_LL1 :
'Fish-must-be-tagged' penalty of 1 x square of (actual number of tagged fish - nominal number of tagged fish) for tagging episode Tags2007_R1_LL1
Penalty_Tags2008_R1_LL1 :
'Fish-must-be-tagged' penalty of 1 x square of (actual number of tagged fish - nominal number of tagged fish) for tagging episode Tags2008_R1_LL1
Penalty_Tags2009_R1_LL1 :
'Fish-must-be-tagged' penalty of 1 x square of (actual number of tagged fish - nominal number of tagged fish) for tagging episode Tags2009_R1_LL1

Components of the objective function are:
  LL1_catchA
  Tags2005_R1_R1
  Tags2006_R1_R1
  Tags2007_R1_R1
  Tags2008_R1_R1
  Tags2009_R1_R1
  prior_on_initialization.B0
  LL1_Penalty
  LL2_Penalty
  meanYCS_1
  Penalty_Tags2005_R1_LL1
  Penalty_Tags2006_R1_LL1
  Penalty_Tags2007_R1_LL1
  Penalty_Tags2008_R1_LL1
  Penalty_Tags2009_R1_LL1

Random number seed : 54571


Minimiser achieved convergence after 7 quasi-Newton iterations using 10 objective function evaluations



Approximate Covariance matrix (Inverse Hessian of parameters at point estimate):
1.18189e+007 

Correlation matrix:
1 

List of parameter names, in the same order as the rows & cols of the covariance/correlation matrices:
initialization.B0 



Start extracting output from here

Point estimate:
initialization.B0
current value: 189835
lower bound: 5000
upper bound: 500000


In a format suitable for -i :

initialization.B0 
189835 

Objective function : 887.657

Components :
LL1_catchA                                         383.71
Tags2005_R1_R1                                     162.948
Tags2006_R1_R1                                     141.982
Tags2007_R1_R1                                     101.641
Tags2008_R1_R1                                     66.3863
Tags2009_R1_R1                                     30.9892
prior_on_initialization.B0                         0
LL1_Penalty                                        0
LL2_Penalty                                        0
meanYCS_1                                          0
Penalty_Tags2005_R1_LL1                            2.06795e-025
Penalty_Tags2006_R1_LL1                            2.06795e-025
Penalty_Tags2007_R1_LL1                            0
Penalty_Tags2008_R1_LL1                            2.06795e-025
Penalty_Tags2009_R1_LL1                            0

Fits : 

The observations are:
LL1_catchA
Tags2005_R1_R1
Tags2006_R1_R1
Tags2007_R1_R1
Tags2008_R1_R1
Tags2009_R1_R1
Fits follow:

LL1_catchA :
catch proportions-at-age for fishery LL1  with ageing error (constrained to sum to 1):
obs (last class is a plus group):
class 1       2       3       4       5       6       7       8       9       10      11      12      13      14      15      16      17      18      19      20      21      22      23      24      25      26      27      28      29      30      
2000 0       0       0       0       0       0.01    0.08    0.12    0.16    0.13    0.13    0.11    0.05    0.07    0.04    0.05    0       0.01    0.02    0       0       0.01    0.01    0       0       0       0       0       0       0       
2001 0       0       0       0.01    0.01    0.04    0.04    0.09    0.13    0.13    0.15    0.07    0.04    0.04    0.08    0.06    0.03    0.02    0       0.03    0.01    0       0.01    0       0       0       0       0       0       0.01    
2002 0       0       0       0       0.01    0.01    0.05    0.1     0.17    0.15    0.13    0.1     0.09    0.06    0       0.02    0.02    0.04    0       0.02    0.02    0       0       0       0       0       0.01    0       0       0       
2003 0       0       0       0       0.01    0.02    0.06    0.18    0.15    0.17    0.06    0.06    0.05    0.04    0.08    0.03    0.02    0.03    0.01    0.01    0.02    0       0       0       0       0       0       0       0       0       
2004 0       0       0       0       0       0.04    0.05    0.15    0.18    0.12    0.1     0.1     0.08    0.03    0.06    0.02    0.03    0.01    0.01    0       0.01    0       0       0.01    0       0       0       0       0       0       
2005 0       0       0       0       0       0       0.05    0.1     0.13    0.15    0.14    0.06    0.09    0.08    0.05    0.05    0.01    0.04    0.04    0       0.01    0       0       0       0       0       0       0       0       0       
2006 0       0       0       0       0.01    0.02    0.1     0.11    0.11    0.14    0.11    0.09    0.04    0.06    0.06    0.03    0.02    0.02    0.03    0       0.03    0       0       0.01    0       0       0       0.01    0       0       
2007 0       0       0       0       0       0       0.02    0.09    0.26    0.2     0.11    0.08    0.02    0.03    0.05    0.02    0.02    0.02    0.03    0.02    0.01    0.01    0.01    0       0       0       0       0       0       0       
2008 0       0       0       0       0.02    0.03    0.01    0.07    0.17    0.17    0.18    0.09    0.06    0.04    0.04    0.02    0.03    0       0.02    0.01    0.01    0.01    0.01    0       0       0.01    0       0       0       0       
2009 0       0       0       0       0       0.02    0.06    0.07    0.17    0.14    0.09    0.1     0.09    0.06    0.03    0.05    0.03    0.04    0.01    0.02    0.02    0       0       0       0       0       0       0       0       0       
2010 0       0       0       0       0       0       0.1     0.13    0.12    0.15    0.14    0.06    0.1     0.04    0.05    0.02    0.02    0.01    0.02    0.01    0.01    0.02    0       0       0       0       0       0       0       0       
fits (last class is a plus group):
class 1       2       3       4       5       6       7       8       9       10      11      12      13      14      15      16      17      18      19      20      21      22      23      24      25      26      27      28      29      30      
2000 4.90736e-007 8.02388e-006 9.27633e-005 0.000758218 0.00438108 0.0178865 0.0515033 0.104109 0.146744 0.143745 0.116663 0.0934986 0.074052 0.0580025 0.044972 0.0345817 0.0264792 0.020301 0.015613 0.0119557 0.00905323 0.00677412 0.00500488 0.00364844 0.00262241 0.00185746 0.00129584 0.000890092 0.000601803 0.00290385 
2001 4.92203e-007 8.04795e-006 9.30479e-005 0.000760641 0.00439588 0.0179509 0.0517001 0.104521 0.14731 0.144373 0.117166 0.0938146 0.0742279 0.0580762 0.0449627 0.0344745 0.0262248 0.0198698 0.0150762 0.0114753 0.00869614 0.00651586 0.00482333 0.00352454 0.00254043 0.00180493 0.00126331 0.000870654 0.000590628 0.00288966 
2002 4.93403e-007 8.06731e-006 9.32727e-005 0.000762529 0.00440735 0.0180009 0.0518539 0.104845 0.14776 0.144768 0.117534 0.094105 0.0743894 0.0581455 0.044968 0.0344289 0.0261154 0.0196586 0.0147415 0.0110703 0.00833926 0.00625353 0.00463568 0.00339406 0.00245234 0.00174726 0.00122674 0.000848232 0.000577356 0.00286837 
2003 4.94429e-007 8.0836e-006 9.34581e-005 0.000764053 0.00441645 0.0180402 0.051975 0.105102 0.148116 0.145082 0.11774 0.0943085 0.0745475 0.0582169 0.0449803 0.0344024 0.0260587 0.0195607 0.0145735 0.0108166 0.00803942 0.00599297 0.0044463 0.00326011 0.00236024 0.00168578 0.00118694 0.000823277 0.000562221 0.00284011 
2004 4.95353e-007 8.09808e-006 9.36199e-005 0.000765352 0.004424 0.0180722 0.0520719 0.105306 0.148399 0.145328 0.117901 0.0943989 0.0746504 0.0582961 0.0450022 0.0343873 0.026021 0.0195057 0.0144921 0.0106873 0.00785096 0.0057746 0.00425904 0.00312555 0.00226615 0.00162184 0.00114475 0.000796285 0.000545495 0.00280504 
2005 4.96229e-007 8.11164e-006 9.37693e-005 0.000766527 0.00443065 0.0180994 0.0521525 0.105472 0.148625 0.145521 0.118025 0.0944665 0.0746741 0.0583401 0.0450363 0.0343842 0.0259953 0.0194674 0.0144443 0.0106228 0.00775384 0.00563705 0.00410238 0.00299292 0.00217195 0.00155674 0.00110104 0.000767788 0.000527484 0.0027634 
2006 4.97098e-007 8.12501e-006 9.39152e-005 0.000767659 0.00443693 0.0181244 0.0522237 0.105614 0.14881 0.145673 0.118116 0.0945134 0.0746873 0.058328 0.0450475 0.0343937 0.0259812 0.01944 0.0144103 0.0105839 0.00770451 0.00556564 0.00400356 0.00288211 0.00207932 0.00149172 0.00105664 0.000738337 0.000508523 0.00271549 
2007 4.97979e-007 8.13851e-006 9.40615e-005 0.000768785 0.00444308 0.0181483 0.0522898 0.10574 0.148969 0.145795 0.118183 0.094542 0.0746895 0.0583119 0.0450186 0.0343881 0.0259783 0.0194224 0.0143852 0.0105558 0.00767421 0.00552884 0.00395195 0.00281212 0.00200196 0.00142786 0.00101235 0.000708467 0.000488954 0.00266169 
2008 4.98886e-007 8.15238e-006 9.42114e-005 0.00076993 0.00444928 0.0181722 0.0523542 0.105859 0.14911 0.145896 0.118231 0.0945552 0.0746809 0.0582899 0.0449886 0.0343534 0.025965 0.019414 0.014368 0.0105346 0.00765193 0.00550588 0.00392504 0.00277537 0.00195303 0.00137454 0.00096889 0.000678693 0.000469124 0.00260251 
2009 4.99826e-007 8.16675e-006 9.43663e-005 0.00077111 0.00445564 0.0181964 0.0524187 0.105976 0.149244 0.145985 0.118266 0.0945559 0.074662 0.058261 0.0449553 0.0343187 0.0259304 0.0193983 0.0143578 0.0105193 0.00763482 0.00548879 0.00390804 0.00275603 0.00192723 0.00134077 0.000932605 0.000649488 0.000449366 0.00253858 
2010 5.008e-007 8.18165e-006 9.45269e-005 0.000772332 0.0044622 0.0182212 0.0524844 0.106093 0.149376 0.146067 0.118292 0.0945472 0.0746344 0.058225 0.0449172 0.0342818 0.0258961 0.0193668 0.0143423 0.0105093 0.00762207 0.00547542 0.00389521 0.00274365 0.00191353 0.0013229 0.000909591 0.000625101 0.000429989 0.00247064 
resids (last class is a plus group):
class 1       2       3       4       5       6       7       8       9       10      11      12      13      14      15      16      17      18      19      20      21      22      23      24      25      26      27      28      29      30      
2000 -4.90736e-007 -8.02388e-006 -9.27633e-005 -0.000758218 -0.00438108 -0.00788653 0.0284967 0.0158907 0.0132559 -0.0137454 0.0133371 0.0165014 -0.024052 0.0119975 -0.00497201 0.0154183 -0.0264792 -0.010301 0.00438699 -0.0119557 -0.00905323 0.00322588 0.00499512 -0.00364844 -0.00262241 -0.00185746 -0.00129584 -0.000890092 -0.000601803 -0.00290385 
2001 -4.92203e-007 -8.04795e-006 -9.30479e-005 0.00923936 0.00560412 0.0220491 -0.0117001 -0.0145207 -0.0173096 -0.0143731 0.0328339 -0.0238146 -0.0342279 -0.0180762 0.0350373 0.0255255 0.00377521 0.000130189 -0.0150762 0.0185247 0.00130386 -0.00651586 0.00517667 -0.00352454 -0.00254043 -0.00180493 -0.00126331 -0.000870654 -0.000590628 0.00711034 
2002 -4.93403e-007 -8.06731e-006 -9.32727e-005 -0.000762529 0.00559265 -0.0080009 -0.00185394 -0.00484542 0.0222403 0.00523169 0.0124655 0.00589499 0.0156106 0.00185447 -0.044968 -0.0144289 -0.00611542 0.0203414 -0.0147415 0.00892968 0.0116607 -0.00625353 -0.00463568 -0.00339406 -0.00245234 -0.00174726 0.00877326 -0.000848232 -0.000577356 -0.00286837 
2003 -4.94429e-007 -8.0836e-006 -9.34581e-005 -0.000764053 0.00558355 0.00195976 0.00802505 0.0748983 0.00188385 0.0249185 -0.0577404 -0.0343085 -0.0245475 -0.0182169 0.0350197 -0.00440244 -0.0060587 0.0104393 -0.00457351 -0.000816606 0.0119606 -0.00599297 -0.0044463 -0.00326011 -0.00236024 -0.00168578 -0.00118694 -0.000823277 -0.000562221 -0.00284011 
2004 -4.95353e-007 -8.09808e-006 -9.36199e-005 -0.000765352 -0.004424 0.0219278 -0.00207195 0.0446942 0.0316013 -0.0253281 -0.0179012 0.00560115 0.00534964 -0.0282961 0.0149978 -0.0143873 0.00397903 -0.00950566 -0.00449211 -0.0106873 0.00214904 -0.0057746 -0.00425904 0.00687445 -0.00226615 -0.00162184 -0.00114475 -0.000796285 -0.000545495 -0.00280504 
2005 -4.96229e-007 -8.11164e-006 -9.37693e-005 -0.000766527 -0.00443065 -0.0180994 -0.00215254 -0.00547209 -0.0186248 0.00447861 0.0219755 -0.0344665 0.0153259 0.0216599 0.00496373 0.0156158 -0.0159953 0.0205326 0.0255557 -0.0106228 0.00224616 -0.00563705 -0.00410238 -0.00299292 -0.00217195 -0.00155674 -0.00110104 -0.000767788 -0.000527484 -0.0027634 
2006 -4.97098e-007 -8.12501e-006 -9.39152e-005 -0.000767659 0.00556307 0.0018756 0.0477763 0.00438643 -0.0388105 -0.00567326 -0.00811633 -0.00451336 -0.0346873 0.00167197 0.0149525 -0.00439375 -0.00598119 0.000560048 0.0155897 -0.0105839 0.0222955 -0.00556564 -0.00400356 0.00711789 -0.00207932 -0.00149172 -0.00105664 0.00926166 -0.000508523 -0.00271549 
2007 -4.97979e-007 -8.13851e-006 -9.40615e-005 -0.000768785 -0.00444308 -0.0181483 -0.0322898 -0.0157399 0.111031 0.0542049 -0.00818325 -0.014542 -0.0546895 -0.0283119 0.00498138 -0.0143881 -0.0059783 0.000577622 0.0156148 0.00944419 0.00232579 0.00447116 0.00604805 -0.00281212 -0.00200196 -0.00142786 -0.00101235 -0.000708467 -0.000488954 -0.00266169 
2008 -4.98886e-007 -8.15238e-006 -9.42114e-005 -0.00076993 0.0155507 0.0118278 -0.0423542 -0.0358589 0.0208895 0.0241037 0.0617686 -0.00455521 -0.0146809 -0.0182899 -0.00498861 -0.0143534 0.00403495 -0.019414 0.00563203 -0.000534581 0.00234807 0.00449412 0.00607496 -0.00277537 -0.00195303 0.00862546 -0.00096889 -0.000678693 -0.000469124 -0.00260251 
2009 -4.99826e-007 -8.16675e-006 -9.43663e-005 -0.00077111 -0.00445564 0.00180361 0.00758126 -0.0359756 0.0207556 -0.00598475 -0.0282658 0.00544406 0.015338 0.00173897 -0.0149553 0.0156813 0.00406956 0.0206017 -0.0043578 0.0094807 0.0123652 -0.00548879 -0.00390804 -0.00275603 -0.00192723 -0.00134077 -0.000932605 -0.000649488 -0.000449366 -0.00253858 
2010 -5.008e-007 -8.18165e-006 -9.45269e-005 -0.000772332 -0.0044622 -0.0182212 0.0475156 0.0239071 -0.0293763 0.00393256 0.0217081 -0.0345472 0.0253656 -0.018225 0.00508279 -0.0142818 -0.00589612 -0.00936676 0.00565765 -0.000509297 0.00237793 0.0145246 -0.00389521 -0.00274365 -0.00191353 -0.0013229 -0.000909591 -0.000625101 -0.000429989 -0.00247064 
pearson_resids (last class is a plus group):
class 1       2       3       4       5       6       7       8       9       10      11      12      13      14      15      16      17      18      19      20      21      22      23      24      25      26      27      28      29      30      
2000 -0.00700526 -0.0283266 -0.0963182 -0.275462 -0.663352 -0.595035 1.28932 0.52032 0.37462 -0.391795 0.415463 0.566804 -0.918523 0.513264 -0.239913 0.843831 -1.64923 -0.730424 0.353867 -1.10001 -0.955821 0.393276 0.707847 -0.605128 -0.512768 -0.431383 -0.360211 -0.298477 -0.245391 -0.539658 
2001 -0.00701572 -0.028369 -0.0964658 3.35133 0.847112 1.66066 -0.528409 -0.474633 -0.488401 -0.408946 1.0209  -0.816771 -1.3057 -0.772857 1.69081 1.39909 0.236241 0.00932898 -1.23721 1.73931 0.140432 -0.809851 0.747183 -0.594727 -0.504668 -0.425229 -0.355655 -0.295197 -0.2431 1.32463 
2002 -0.00702426 -0.0284031 -0.0965823 -0.276245 0.844283 -0.601778 -0.0836119 -0.158164 0.626733 0.148684 0.387061 0.201901 0.594908 0.0792448 -2.16992 -0.791371 -0.383464 1.46526 -1.22319 0.85344 1.28227 -0.793277 -0.682442 -0.583577 -0.495819 -0.418368 2.5064  -0.291368 -0.240352 -0.536341 
2003 -0.00703156 -0.0284318 -0.0966782 -0.276521 0.842044 0.147243 0.361527 2.44219 0.053034 0.707544 -1.79151 -1.17391 -0.934575 -0.77799 1.68964 -0.241547 -0.380309 0.75382 -0.381641 -0.0789457 1.33935 -0.776473 -0.668293 -0.571907 -0.486398 -0.410929 -0.344725 -0.287046 -0.237179 -0.533685 
2004 -0.00703813 -0.0284572 -0.0967619 -0.276756 -0.666608 1.64608 -0.0932586 1.45609 0.888939 -0.718667 -0.555092 0.191569 0.203543 -1.20767 0.723453 -0.789551 0.249943 -0.687352 -0.375884 -1.03936 0.243498 -0.762111 -0.654008 1.23156 -0.476582 -0.403048 -0.338536 -0.282298 -0.233622 -0.530371 
2005 -0.00704435 -0.0284811 -0.0968391 -0.276968 -0.667111 -1.35768 -0.0968154 -0.178151 -0.523583 0.127008 0.68112 -1.17844 0.583032 0.924115 0.23935 0.857001 -1.00523 1.48614 2.14189 -1.03619 0.256079 -0.752928 -0.641816 -0.547897 -0.466549 -0.394863 -0.332002 -0.277196 -0.229731 -0.526408 
2006 -0.00705052 -0.0285045 -0.0969144 -0.277173 0.837026 0.140598 2.14746 0.142721 -1.09048 -0.160817 -0.251477 -0.154281 -1.31948 0.071341 0.720921 -0.241099 -0.375988 0.040564 1.30813 -1.03427 2.54991 -0.748117 -0.634008 1.32777 -0.45647 -0.386516 -0.325232 3.40975 -0.225562 -0.521812 
2007 -0.00705676 -0.0285282 -0.0969899 -0.277376 -0.66805 -1.35955 -1.45051 -0.511859 3.11835 1.53598 -0.253489 -0.497025 -2.08032 -1.20819 0.240246 -0.789585 -0.375827 0.0418554 1.31136 0.924109 0.266518 0.602986 0.963984 -0.531041 -0.447881 -0.37814 -0.318336 -0.266265 -0.221177 -0.516603 
2008 -0.00706319 -0.0285525 -0.0970671 -0.277583 2.33654 0.88549 -1.90151 -1.16555 0.58646 0.682821 1.91304 -0.155681 -0.558472 -0.780651 -0.240671 -0.788062 0.253721 -1.40706 0.473271 -0.0523606 0.269459 0.607337 0.971572 -0.52755 -0.442363 2.3281  -0.311421 -0.260606 -0.216643 -0.510813 
2009 -0.00706984 -0.0285776 -0.0971469 -0.277796 -0.668998 0.134939 0.340165 -1.16877 0.582482 -0.169496 -0.875313 0.186058 0.583537 0.0742398 -0.721761 0.861393 0.256063 1.49375 -0.366323 0.929272 1.42058 -0.742905 -0.626368 -0.525704 -0.439426 -0.366412 -0.305528 -0.254933 -0.21203 -0.504484 
2010 -0.00707673 -0.0286037 -0.0972296 -0.278016 -0.669492 -1.36233 2.13073 0.776316 -0.824114 0.111349 0.672175 -1.18074 0.965204 -0.778284 0.245401 -0.784921 -0.371233 -0.679685 0.475842 -0.0499434 0.273416 1.96828 -0.625335 -0.524519 -0.437858 -0.363957 -0.301731 -0.250098 -0.207406 -0.497671 
objective function: multinomial likelihood, with delta = 1e-011, N =
100 100 100 100 100 100 100 100 100 100 100 100 100 100 100 100 100 100 100 100 100 100 100 100 100 100 100 100 100 100 
100 100 100 100 100 100 100 100 100 100 100 100 100 100 100 100 100 100 100 100 100 100 100 100 100 100 100 100 100 100 
100 100 100 100 100 100 100 100 100 100 100 100 100 100 100 100 100 100 100 100 100 100 100 100 100 100 100 100 100 100 
100 100 100 100 100 100 100 100 100 100 100 100 100 100 100 100 100 100 100 100 100 100 100 100 100 100 100 100 100 100 
100 100 100 100 100 100 100 100 100 100 100 100 100 100 100 100 100 100 100 100 100 100 100 100 100 100 100 100 100 100 
100 100 100 100 100 100 100 100 100 100 100 100 100 100 100 100 100 100 100 100 100 100 100 100 100 100 100 100 100 100 
100 100 100 100 100 100 100 100 100 100 100 100 100 100 100 100 100 100 100 100 100 100 100 100 100 100 100 100 100 100 
100 100 100 100 100 100 100 100 100 100 100 100 100 100 100 100 100 100 100 100 100 100 100 100 100 100 100 100 100 100 
100 100 100 100 100 100 100 100 100 100 100 100 100 100 100 100 100 100 100 100 100 100 100 100 100 100 100 100 100 100 
100 100 100 100 100 100 100 100 100 100 100 100 100 100 100 100 100 100 100 100 100 100 100 100 100 100 100 100 100 100 
100 100 100 100 100 100 100 100 100 100 100 100 100 100 100 100 100 100 100 100 100 100 100 100 100 100 100 100 100 100 

Tags2005_R1_R1 :
tag-recapture data for tag Tags2005_R1 in years 2006 2007 2008 2009 2010 , step 1, after proportion 0.5 of mortality, with sampling method size, detection probability 1.
Year 2006
class scanned recaptured expected_prop neg_log_likelihood
100 0 0 0 0
150 0 0 1.42095e-012 0
200 0 0 8.35538e-012 0
250 2 0 5.83653e-011 1.16731e-010
300 28 0 7.83888e-010 2.19489e-008
350 320 0 9.84937e-009 3.1518e-006
400 2302 0 9.20059e-008 0.000211798
450 11502 0 6.20205e-007 0.0071336
500 39770 0 2.95522e-006 0.117529
550 96806 1 1.00917e-005 1.00026
600 173902 3 2.55391e-005 1.76022
650 243624 11 4.98489e-005 2.18114
700 277690 21 7.81186e-005 2.45631
750 266092 38 0.000102343 4.63318
800 224820 25 0.000117106 2.56571
850 178122 21 0.000122254 2.45911
900 136978 18 0.000120566 2.43355
950 101584 11 0.000114689 2.14392
1000 71958 14 0.000106206 4.36188
1050 49292 2 9.60193e-005 2.31707
1100 33518 1 8.47321e-005 1.79626
1150 23134 1 7.28187e-005 1.16306
1200 16316 3 6.07903e-005 2.80818
1250 11662 0 4.9378e-005 0.57586
1300 8346 0 3.93519e-005 0.328438
1350 5944 1 3.12128e-005 1.87005
1400 4222 0 2.515e-005 0.106185
1450 2988 0 2.08925e-005 0.0624274
1500 2086 0 1.79847e-005 0.0375164
1550 1406 0 1.60297e-005 0.022538
1600 896 0 1.46793e-005 0.0131528
1650 530 0 1.37641e-005 0.00729501
1700 286 0 1.31616e-005 0.00376424
1750 140 0 1.27741e-005 0.00178839
1800 62 0 1.25286e-005 0.00077678
1850 24 0 1.23738e-005 0.000296973
1900 8 0 1.22729e-005 9.81834e-005
1950 2 0 1.21953e-005 2.43908e-005
2000 0 0 1.21093e-005 0

total neg_log_likelihood: 37.2349


Year 2007
class scanned recaptured expected_prop neg_log_likelihood
100 0 0 0 0
150 0 0 4.75465e-015 0
200 0 0 4.76899e-013 0
250 2 0 7.04977e-012 1.40996e-011
300 28 0 1.44513e-010 4.04637e-009
350 344 0 2.01266e-009 6.92355e-007
400 2442 0 1.94277e-008 4.74424e-005
450 11568 0 1.49569e-007 0.00173022
500 39724 0 8.67633e-007 0.0344659
550 99366 0 3.66734e-006 0.36441
600 181960 1 1.14566e-005 1.35005
650 252416 8 2.72706e-005 2.05506
700 280488 19 5.11929e-005 3.07573
750 265182 19 7.83763e-005 2.47437
800 224010 23 0.000101387 2.49208
850 176300 21 0.00011534 2.45589
900 134278 17 0.000120066 2.36386
950 100438 17 0.000118057 3.32231
1000 72920 4 0.000111838 2.93872
1050 50898 6 0.000102963 1.88118
1100 34514 2 9.22984e-005 1.56145
1150 23278 3 8.04386e-005 1.78243
1200 15942 0 6.79985e-005 1.08407
1250 11162 0 5.58228e-005 0.623112
1300 7944 0 4.48357e-005 0.356183
1350 5686 0 3.57037e-005 0.203015
1400 4062 0 2.87659e-005 0.116849
1450 2880 1 2.38141e-005 2.74825
1500 2006 0 2.03814e-005 0.0408854
1550 1350 0 1.80428e-005 0.024358
1600 862 0 1.64012e-005 0.014138
1650 512 0 1.52697e-005 0.00781813
1700 278 0 1.45128e-005 0.00403459
1750 138 0 1.40194e-005 0.00193469
1800 62 0 1.37035e-005 0.00084962
1850 24 0 1.3503e-005 0.000324074
1900 8 0 1.3373e-005 0.000106985
1950 2 0 1.32768e-005 2.65538e-005
2000 0 0 1.31757e-005 0

total neg_log_likelihood: 33.3797


Year 2008
class scanned recaptured expected_prop neg_log_likelihood
100 0 0 0 0
150 0 0 0 0
200 0 0 1.37217e-014 0
250 2 0 6.46432e-013 1.29297e-012
300 28 0 2.47257e-011 6.92322e-010
350 344 0 4.67562e-010 1.60841e-007
400 2602 0 4.63742e-009 1.20666e-005
450 12332 0 3.57265e-008 0.000440579
500 40170 0 2.35378e-007 0.00945515
550 97884 0 1.18895e-006 0.11638
600 182308 1 4.51125e-006 1.01792
650 260086 1 1.30177e-005 2.16615
700 291620 7 2.93058e-005 2.05294
750 271378 21 5.29532e-005 3.78203
800 224512 19 7.90443e-005 2.43877
850 174626 12 0.000100717 3.16862
900 131756 20 0.000113683 3.18184
950 97934 10 0.000117803 2.18577
1000 71728 5 0.000115347 2.49579
1050 51120 3 0.000108655 2.20245
1100 35200 3 9.92001e-005 1.53227
1150 23658 3 8.78279e-005 1.67557
1200 15864 4 7.52893e-005 3.66202
1250 10828 0 6.25596e-005 0.677417
1300 7580 2 5.07329e-005 2.98908
1350 5410 1 4.06611e-005 1.73417
1400 3886 0 3.28572e-005 0.127685
1450 2772 0 2.71999e-005 0.075399
1500 1934 0 2.32259e-005 0.0449195
1550 1300 0 2.04897e-005 0.0266369
1600 826 0 1.85467e-005 0.0153197
1650 490 0 1.71921e-005 0.0084242
1700 266 0 1.62767e-005 0.00432964
1750 132 0 1.56747e-005 0.00206908
1800 58 0 1.52869e-005 0.000886644
1850 24 0 1.50399e-005 0.00036096
1900 8 0 1.48801e-005 0.000119042
1950 2 0 1.47638e-005 2.95278e-005
2000 0 0 1.46468e-005 0

total neg_log_likelihood: 37.3953


Year 2009
class scanned recaptured expected_prop neg_log_likelihood
100 0 0 0 0
150 0 0 0 0
200 0 0 4.64481e-017 0
250 2 0 3.95747e-014 7.90479e-014
300 28 0 3.33488e-012 9.33769e-011
350 338 0 1.05637e-010 3.57054e-008
400 2596 0 1.33265e-009 3.45955e-006
450 13080 0 9.22601e-009 0.000120676
500 43468 0 6.29369e-008 0.00273574
550 101422 0 3.5903e-007 0.0364135
600 180382 0 1.60634e-006 0.289756
650 255904 4 5.53915e-006 3.2
700 293398 5 1.4865e-005 1.78493
750 278302 10 3.17037e-005 2.15375
800 229716 10 5.50688e-005 2.37787
850 175798 12 7.99926e-005 2.32756
900 130724 10 0.000100241 2.4792
950 96182 10 0.000112063 2.10732
1000 70174 8 0.000115412 1.96962
1050 50456 7 0.000112333 2.04928
1100 35360 2 0.000104949 1.78156
1150 24054 2 9.46443e-005 1.32434
1200 16060 0 8.24285e-005 1.32386
1250 10754 1 6.94407e-005 1.03873
1300 7362 0 5.69607e-005 0.419357
1350 5182 0 4.60469e-005 0.238621
1400 3714 0 3.74133e-005 0.138956
1450 2662 0 3.1054e-005 0.0826671
1500 1866 0 2.6529e-005 0.0495038
1550 1256 0 2.33825e-005 0.0293687
1600 798 0 2.11268e-005 0.0168594
1650 470 0 1.95409e-005 0.00918431
1700 254 0 1.84615e-005 0.00468927
1750 126 0 1.77477e-005 0.00223623
1800 56 0 1.72858e-005 0.000968016
1850 22 0 1.69912e-005 0.00037381
1900 8 0 1.68009e-005 0.000134408
1950 2 0 1.66636e-005 3.33275e-005
2000 0 0 1.65282e-005 0

total neg_log_likelihood: 27.24


Year 2010
class scanned recaptured expected_prop neg_log_likelihood
100 0 0 0 0
150 0 0 0 0
200 0 0 0 0
250 2 0 1.17984e-015 2.44249e-015
300 30 0 3.21317e-013 9.63896e-012
350 342 0 1.98374e-011 6.78441e-009
400 2546 0 4.30089e-010 1.09501e-006
450 12914 0 2.74419e-009 3.54384e-005
500 45438 0 1.77936e-008 0.000808507
550 110634 0 1.06405e-007 0.011772
600 193100 0 5.36288e-007 0.103557
650 259840 1 2.1555e-006 1.13975
700 288924 0 6.80902e-006 1.9673
750 275666 6 1.70396e-005 1.99463
800 231594 9 3.44243e-005 2.09033
850 178066 10 5.74262e-005 2.08104
900 131090 9 8.11239e-005 2.15938
950 95240 9 9.98566e-005 2.04071
1000 68874 1 0.000110397 5.57521
1050 49434 7 0.00011278 2.07202
1100 34952 3 0.000108819 1.58745
1150 24134 3 0.000100427 1.55952
1200 16262 2 8.91025e-005 1.40035
1250 10830 0 7.6258e-005 0.825906
1300 7284 0 6.33931e-005 0.46177
1350 5028 0 5.17947e-005 0.26043
1400 3564 0 4.24055e-005 0.151136
1450 2550 0 3.53697e-005 0.0901944
1500 1794 0 3.02952e-005 0.0543505
1550 1212 0 2.67307e-005 0.032398
1600 770 0 2.41524e-005 0.0185976
1650 454 0 2.23262e-005 0.0101362
1700 246 0 2.10763e-005 0.00518482
1750 120 0 2.02461e-005 0.00242956
1800 54 0 1.97074e-005 0.00106421
1850 22 0 1.93633e-005 0.000425997
1900 8 0 1.91415e-005 0.000153134
1950 2 0 1.89827e-005 3.79657e-005
2000 0 0 1.88274e-005 0

total neg_log_likelihood: 27.6981


Tags2006_R1_R1 :
tag-recapture data for tag Tags2006_R1 in years 2007 2008 2009 2010 , step 1, after proportion 0.5 of mortality, with sampling method size, detection probability 1.
Year 2007
class scanned recaptured expected_prop neg_log_likelihood
100 0 0 0 0
150 0 0 2.75183e-012 0
200 0 0 1.24357e-011 0
250 2 0 7.18397e-011 1.43679e-010
300 28 0 9.31646e-010 2.60861e-008
350 344 0 1.16295e-008 4.00054e-006
400 2442 0 1.04413e-007 0.000254976
450 11568 0 6.7283e-007 0.0077833
500 39724 0 3.10334e-006 0.123277
550 99366 1 1.03946e-005 1.00052
600 181960 9 2.60501e-005 3.53744
650 252416 17 5.0669e-005 2.9679
700 280488 28 7.94337e-005 3.2664
750 265182 26 0.000104294 2.6018
800 224010 31 0.000119555 2.95463
850 176300 28 0.000124699 3.34481
900 134278 16 0.000122292 2.31583
950 100438 12 0.000115016 2.17686
1000 72920 9 0.0001047 2.14214
1050 50898 2 9.26128e-005 2.30602
1100 34514 3 7.97363e-005 1.50673
1150 23278 3 6.68533e-005 2.02119
1200 15942 2 5.46093e-005 1.84089
1250 11162 1 4.36511e-005 1.20621
1300 7944 0 3.44952e-005 0.274035
1350 5686 0 2.73569e-005 0.155553
1400 4062 0 2.22028e-005 0.0901887
1450 2880 0 1.86667e-005 0.0537606
1500 2006 0 1.62927e-005 0.0326835
1550 1350 0 1.47155e-005 0.0198661
1600 862 0 1.36332e-005 0.0117519
1650 512 0 1.29013e-005 0.00660552
1700 278 0 1.24194e-005 0.00345262
1750 138 0 1.2109e-005 0.00167105
1800 62 0 1.19119e-005 0.000738543
1850 24 0 1.17873e-005 0.000282896
1900 8 0 1.1706e-005 9.36485e-005
1950 2 0 1.16447e-005 2.32895e-005
2000 0 0 1.15785e-005 0

total neg_log_likelihood: 35.9714


Year 2008
class scanned recaptured expected_prop neg_log_likelihood
100 0 0 0 0
150 0 0 9.51376e-015 0
200 0 0 8.22487e-013 0
250 2 0 9.0669e-012 1.81337e-011
300 28 0 1.65965e-010 4.64702e-009
350 344 0 2.29861e-009 7.90723e-007
400 2602 0 2.21179e-008 5.75509e-005
450 12332 0 1.65276e-007 0.00203819
500 40170 1 9.27078e-007 3.32759
550 97884 0 3.82328e-006 0.374239
600 182308 2 1.17671e-005 1.31188
650 260086 10 2.77994e-005 2.55193
700 291620 16 5.20522e-005 2.3322
750 271378 17 7.97347e-005 2.87747
800 224512 25 0.000103333 2.59979
850 174626 18 0.000117682 2.53396
900 131756 11 0.000122286 3.03913
950 97934 12 0.000119462 2.1721
1000 71728 7 0.0001118 1.97145
1050 51120 7 0.000101127 2.19515
1100 35200 3 8.86834e-005 1.49828
1150 23658 2 7.5443e-005 1.31929
1200 15864 0 6.22847e-005 0.988116
1250 10828 0 5.01097e-005 0.542602
1300 7580 1 3.96783e-005 1.50217
1350 5410 1 3.13867e-005 1.9429
1400 3886 0 2.53114e-005 0.0983613
1450 2772 1 2.10978e-005 2.89748
1500 1934 0 1.82422e-005 0.0352808
1550 1300 0 1.63301e-005 0.0212293
1600 826 0 1.50045e-005 0.0123938
1650 490 0 1.40975e-005 0.00690784
1700 266 0 1.34932e-005 0.00358922
1750 132 0 1.30997e-005 0.00172917
1800 58 0 1.28477e-005 0.000745169
1850 24 0 1.26874e-005 0.000304499
1900 8 0 1.25831e-005 0.000100665
1950 2 0 1.25059e-005 2.5012e-005
2000 0 0 1.24273e-005 0

total neg_log_likelihood: 38.1605


Year 2009
class scanned recaptured expected_prop neg_log_likelihood
100 0 0 0 0
150 0 0 0 0
200 0 0 2.65566e-014 0
250 2 0 9.39353e-013 1.87872e-012
300 28 0 2.88756e-011 8.08516e-010
350 338 0 5.17559e-010 1.74935e-007
400 2596 0 5.16651e-009 1.34123e-005
450 13080 0 3.96761e-008 0.000518964
500 43468 0 2.55051e-007 0.0110866
550 101422 0 1.25576e-006 0.127362
600 180382 1 4.67595e-006 1.0137
650 255904 2 1.33398e-005 1.65126
700 293398 8 2.98605e-005 2.00311
750 278302 21 5.38597e-005 3.51542
800 229716 18 8.04472e-005 2.375
850 175798 14 0.000102648 2.73616
900 130724 12 0.000115901 2.52143
950 96182 4 0.000119775 4.92211
1000 70174 6 0.000116407 2.1461
1050 50456 13 0.000108243 5.94367
1100 35360 3 9.70497e-005 1.52425
1150 24054 1 8.40624e-005 1.31793
1200 16060 2 7.03857e-005 1.57837
1250 10754 1 5.71879e-005 1.10109
1300 7362 0 4.55226e-005 0.335145
1350 5182 0 3.60324e-005 0.186723
1400 3714 0 2.896e-005 0.107559
1450 2662 0 2.39971e-005 0.063881
1500 1866 0 2.06044e-005 0.0384482
1550 1256 0 1.83188e-005 0.0230086
1600 798 0 1.67245e-005 0.0133463
1650 470 0 1.56271e-005 0.00734478
1700 254 0 1.48915e-005 0.00378246
1750 126 0 1.441e-005 0.00181567
1800 56 0 1.41002e-005 0.000789619
1850 22 0 1.39027e-005 0.000305862
1900 8 0 1.37742e-005 0.000110194
1950 2 0 1.36798e-005 2.73598e-005
2000 0 0 1.35856e-005 0

total neg_log_likelihood: 35.2709


Year 2010
class scanned recaptured expected_prop neg_log_likelihood
100 0 0 0 0
150 0 0 0 0
200 0 0 9.29165e-017 0
250 2 0 6.78866e-014 1.35669e-013
300 30 0 4.18587e-012 1.25576e-010
350 342 0 1.16729e-010 3.99214e-008
400 2546 0 1.44091e-009 3.66855e-006
450 12914 0 1.0134e-008 0.00013087
500 45438 0 6.85461e-008 0.0031146
550 110634 0 3.83249e-007 0.0424004
600 193100 0 1.68115e-006 0.324631
650 259840 2 5.71477e-006 1.38734
700 288924 1 1.52051e-005 2.9131
750 275666 7 3.22934e-005 2.12327
800 231594 21 5.60281e-005 4.53125
850 178066 9 8.14353e-005 3.23488
900 131090 9 0.000102142 2.84122
950 95240 10 0.000114133 2.1143
1000 68874 4 0.000117109 2.89339
1050 49434 3 0.00011303 2.21772
1100 34952 4 0.000104165 1.64999
1150 24134 1 9.22204e-005 1.42561
1200 16262 3 7.85925e-005 2.33377
1250 10830 0 6.47205e-005 0.700945
1300 7284 1 5.19767e-005 1.34984
1350 5028 0 4.13083e-005 0.207702
1400 3564 0 3.31911e-005 0.118295
1450 2550 0 2.7413e-005 0.069904
1500 1794 0 2.34232e-005 0.0420217
1550 1212 0 2.07178e-005 0.0251102
1600 770 0 1.88212e-005 0.0144925
1650 454 0 1.75104e-005 0.00794981
1700 246 0 1.6629e-005 0.00409078
1750 120 0 1.60506e-005 0.00192609
1800 54 0 1.56778e-005 0.00084661
1850 22 0 1.54398e-005 0.000339679
1900 8 0 1.52848e-005 0.00012228
1950 2 0 1.51713e-005 3.03428e-005
2000 0 0 1.50587e-005 0

total neg_log_likelihood: 32.5797


Tags2007_R1_R1 :
tag-recapture data for tag Tags2007_R1 in years 2008 2009 2010 , step 1, after proportion 0.5 of mortality, with sampling method size, detection probability 1.
Year 2008
class scanned recaptured expected_prop neg_log_likelihood
100 0 0 0 0
150 0 0 1.52278e-012 0
200 0 0 9.96953e-012 0
250 2 0 6.47744e-011 1.29549e-010
300 28 0 8.53084e-010 2.38864e-008
350 344 0 1.07768e-008 3.70723e-006
400 2602 0 9.9703e-008 0.000259427
450 12332 0 6.58947e-007 0.00812613
500 40170 1 3.08409e-006 2.21226
550 97884 0 1.04019e-005 1.01819
600 182308 3 2.61225e-005 1.87188
650 260086 14 5.0755e-005 2.26812
700 291620 20 7.93187e-005 2.64311
750 271378 27 0.000103709 2.59348
800 224512 27 0.000118443 2.573
850 174626 21 0.000123392 2.45212
900 131756 22 0.000121436 3.47431
950 97934 8 0.000115312 2.50414
1000 71728 1 0.000106618 5.61342
1050 51120 3 9.62184e-005 1.93133
1100 35200 2 8.46866e-005 1.4896
1150 23658 1 7.25144e-005 1.1758
1200 15864 1 6.02552e-005 1.00097
1250 10828 1 4.86746e-005 1.16748
1300 7580 0 3.85589e-005 0.292282
1350 5410 0 3.04135e-005 0.16454
1400 3886 0 2.44132e-005 0.094871
1450 2772 0 2.02578e-005 0.0561553
1500 1934 0 1.74636e-005 0.0337749
1550 1300 0 1.56138e-005 0.0202981
1600 826 0 1.43538e-005 0.0118563
1650 490 0 1.35089e-005 0.00661938
1700 266 0 1.29567e-005 0.00344651
1750 132 0 1.26032e-005 0.00166363
1800 58 0 1.23795e-005 0.000718017
1850 24 0 1.22382e-005 0.000293718
1900 8 0 1.21453e-005 9.71629e-005
1950 2 0 1.20739e-005 2.4148e-005
2000 0 0 1.1997e-005 0

total neg_log_likelihood: 36.6843


Year 2009
class scanned recaptured expected_prop neg_log_likelihood
100 0 0 0 0
150 0 0 4.80965e-015 0
200 0 0 5.67195e-013 0
250 2 0 8.06775e-012 1.61355e-011
300 28 0 1.56147e-010 4.37211e-009
350 338 0 2.16432e-009 7.31541e-007
400 2596 0 2.09781e-008 5.44593e-005
450 13080 0 1.60027e-007 0.00209315
500 43468 0 9.13617e-007 0.0397131
550 101422 1 3.80766e-006 1.33763
600 180382 1 1.17772e-005 1.37091
650 255904 8 2.78563e-005 2.02028
700 293398 14 5.2088e-005 2.29978
750 278302 29 7.95473e-005 3.57345
800 229716 25 0.000102705 2.5728
850 175798 16 0.000116619 2.84539
900 130724 22 0.000121151 3.53641
950 96182 12 0.000118888 2.18202
1000 70174 12 0.000112428 3.09034
1050 50456 6 0.000103343 1.88507
1100 35360 3 9.24713e-005 1.50733
1150 24054 2 8.03894e-005 1.30794
1200 16060 0 6.77226e-005 1.08766
1250 10754 0 5.53423e-005 0.595167
1300 7362 1 4.41992e-005 1.44807
1350 5182 0 3.4982e-005 0.18128
1400 3714 0 2.80325e-005 0.104114
1450 2662 0 2.31253e-005 0.0615603
1500 1866 0 1.97684e-005 0.0368882
1550 1256 0 1.7514e-005 0.0219978
1600 798 0 1.59549e-005 0.0127321
1650 470 0 1.48937e-005 0.00700009
1700 254 0 1.41907e-005 0.00360446
1750 126 0 1.37353e-005 0.00173066
1800 56 0 1.34448e-005 0.000752911
1850 22 0 1.32603e-005 0.000291728
1900 8 0 1.31396e-005 0.000105117
1950 2 0 1.30487e-005 2.60975e-005
2000 0 0 1.29542e-005 0

total neg_log_likelihood: 33.1342


Year 2010
class scanned recaptured expected_prop neg_log_likelihood
100 0 0 0 0
150 0 0 0 0
200 0 0 1.47075e-014 0
250 2 0 7.73774e-013 1.54765e-012
300 30 0 2.71239e-011 8.13716e-010
350 342 0 4.97132e-010 1.70019e-007
400 2546 0 4.94168e-009 1.25815e-005
450 12914 0 3.81873e-008 0.000493151
500 45438 0 2.49263e-007 0.011326
550 110634 0 1.24288e-006 0.137504
600 193100 1 4.66337e-006 1.0053
650 259840 2 1.33499e-005 1.67435
700 288924 9 2.98979e-005 2.03426
750 275666 15 5.38432e-005 2.27932
800 231594 17 8.01907e-005 2.40888
850 178066 20 0.000101989 2.51107
900 131090 17 0.000114905 2.45994
950 95240 20 0.000118835 5.12614
1000 68874 10 0.000116135 2.31028
1050 49434 8 0.000109214 2.51394
1100 34952 1 9.95581e-005 2.23287
1150 24134 1 8.79968e-005 1.37055
1200 16262 0 7.52615e-005 1.22395
1250 10830 0 6.23265e-005 0.675017
1300 7284 1 5.03044e-005 1.37036
1350 5028 0 4.00797e-005 0.201525
1400 3564 0 3.21867e-005 0.114715
1450 2550 0 2.65044e-005 0.0675872
1500 1794 0 2.25531e-005 0.0404607
1550 1212 0 1.98644e-005 0.0240759
1600 770 0 1.79814e-005 0.0138458
1650 454 0 1.66856e-005 0.00757534
1700 246 0 1.58193e-005 0.00389157
1750 120 0 1.5254e-005 0.00183049
1800 54 0 1.48915e-005 0.000804147
1850 22 0 1.46609e-005 0.000322541
1900 8 0 1.45104e-005 0.000116084
1950 2 0 1.43985e-005 2.87972e-005
2000 0 0 1.42839e-005 0

total neg_log_likelihood: 31.8223


Tags2008_R1_R1 :
tag-recapture data for tag Tags2008_R1 in years 2009 2010 , step 1, after proportion 0.5 of mortality, with sampling method size, detection probability 1.
Year 2009
class scanned recaptured expected_prop neg_log_likelihood
100 0 0 0 0
150 0 0 1.55888e-012 0
200 0 0 1.07668e-011 0
250 2 0 6.9102e-011 1.38204e-010
300 28 0 9.07312e-010 2.54047e-008
350 338 0 1.14928e-008 3.88455e-006
400 2596 0 1.06187e-007 0.00027566
450 13080 0 6.98951e-007 0.00914228
500 43468 0 3.25945e-006 0.141682
550 101422 0 1.09741e-005 1.11302
600 180382 2 2.75336e-005 2.45428
650 255904 16 5.3396e-005 2.49956
700 293398 23 8.3062e-005 2.52954
750 278302 23 0.000107633 3.36861
800 229716 28 0.000121163 2.58846
850 175798 26 0.000123749 2.94077
900 130724 13 0.000118952 2.42932
950 96182 10 0.000110199 2.09578
1000 70174 5 9.95499e-005 2.05389
1050 50456 4 8.80591e-005 1.65571
1100 35360 4 7.62938e-005 1.9061
1150 24054 2 6.46172e-005 1.36536
1200 16060 2 5.3363e-005 1.85875
1250 10754 1 4.30223e-005 1.23339
1300 7362 0 3.41191e-005 0.251189
1350 5182 0 2.69876e-005 0.139852
1400 3714 0 2.17363e-005 0.0807296
1450 2662 0 1.80935e-005 0.0481653
1500 1866 0 1.56391e-005 0.0291827
1550 1256 0 1.40117e-005 0.0175988
1600 798 0 1.29018e-005 0.0102957
1650 470 0 1.21571e-005 0.00571388
1700 254 0 1.16703e-005 0.00296426
1750 126 0 1.13584e-005 0.00143117
1800 56 0 1.11612e-005 0.000625032
1850 22 0 1.10366e-005 0.000242806
1900 8 0 1.09547e-005 8.76382e-005
1950 2 0 1.08917e-005 2.17836e-005
2000 0 0 1.08238e-005 0

total neg_log_likelihood: 32.8317


Year 2010
class scanned recaptured expected_prop neg_log_likelihood
100 0 0 0 0
150 0 0 4.83168e-015 0
200 0 0 6.0292e-013 0
250 2 0 8.69101e-012 1.73821e-011
300 30 0 1.65709e-010 4.97127e-009
350 342 0 2.30079e-009 7.8687e-007
400 2546 0 2.23139e-008 5.68112e-005
450 12914 0 1.69968e-007 0.00219497
500 45438 0 9.67173e-007 0.0439465
550 110634 0 4.02043e-006 0.444797
600 193100 3 1.24179e-005 1.56587
650 259840 2 2.9335e-005 4.25343
700 288924 14 5.47141e-005 2.352
750 275666 18 8.31111e-005 2.93733
800 231594 28 0.000106277 2.811
850 178066 20 0.000118896 2.45394
900 131090 12 0.000121085 2.68479
950 95240 11 0.00011608 2.12554
1000 68874 12 0.000107145 3.38232
1050 49434 6 9.62811e-005 1.97784
1100 34952 4 8.45053e-005 1.7995
1150 24134 1 7.23811e-005 1.18902
1200 16262 2 6.03693e-005 1.71173
1250 10830 1 4.90704e-005 1.16358
1300 7284 0 3.91317e-005 0.285041
1350 5028 0 3.10065e-005 0.155903
1400 3564 0 2.49092e-005 0.0887774
1450 2550 0 2.06075e-005 0.0525498
1500 1794 0 1.7663e-005 0.0316877
1550 1212 0 1.56832e-005 0.0190082
1600 770 0 1.43123e-005 0.0110205
1650 454 0 1.33782e-005 0.00607374
1700 246 0 1.2759e-005 0.00313873
1750 120 0 1.23577e-005 0.00148294
1800 54 0 1.21017e-005 0.000653496
1850 22 0 1.19392e-005 0.000262664
1900 8 0 1.1833e-005 9.46643e-005
1950 2 0 1.1753e-005 2.35062e-005
2000 0 0 1.16696e-005 0

total neg_log_likelihood: 33.5546


Tags2009_R1_R1 :
tag-recapture data for tag Tags2009_R1 in years 2010 , step 1, after proportion 0.5 of mortality, with sampling method size, detection probability 1.
Year 2010
class scanned recaptured expected_prop neg_log_likelihood
100 0 0 0 0
150 0 0 1.56391e-012 0
200 0 0 1.09042e-011 0
250 2 0 7.01947e-011 1.40389e-010
300 30 0 9.11667e-010 2.735e-008
350 342 0 1.15615e-008 3.95403e-006
400 2546 0 1.06963e-007 0.000272328
450 12914 0 7.01637e-007 0.00906094
500 45438 0 3.24949e-006 0.147651
550 110634 0 1.08582e-005 1.20129
600 193100 3 2.70829e-005 2.05841
650 259840 14 5.23665e-005 2.25002
700 288924 25 8.15081e-005 2.57544
750 275666 34 0.000106102 3.05113
800 231594 33 0.000120485 3.10913
850 178066 23 0.000124611 2.50489
900 131090 15 0.000121624 2.30696
950 95240 14 0.000114523 2.64648
1000 68874 5 0.00010506 2.12813
1050 49434 5 9.41348e-005 1.75285
1100 34952 3 8.22739e-005 1.49853
1150 24134 0 6.98898e-005 1.68678
1200 16262 1 5.74549e-005 1.00222
1250 10830 0 4.56797e-005 0.494723
1300 7284 0 3.53416e-005 0.257433
1350 5028 0 2.69804e-005 0.135659
1400 3564 0 2.08134e-005 0.0741796
1450 2550 0 1.65578e-005 0.0422228
1500 1794 0 1.37214e-005 0.0246164
1550 1212 0 1.18675e-005 0.0143835
1600 770 0 1.06265e-005 0.00818244
1650 454 0 9.80949e-006 0.00445353
1700 246 0 9.28438e-006 0.00228397
1750 120 0 8.95259e-006 0.00107432
1800 54 0 8.74461e-006 0.000472211
1850 22 0 8.61337e-006 0.000189495
1900 8 0 8.526e-006 6.82083e-005
1950 2 0 8.45633e-006 1.69127e-005
2000 0 0 8.37912e-006 0

total neg_log_likelihood: 30.9892


Output quantities start here

* Scalar parameter values
initialization.B0 189835

* Nuisance q's

* B0
189835

* R0
1.37737e+007

* SSBs
SSB 189835 188432 185052 181337 177324 173080 168696 164270 159893 155648 151597 147774 144189 140843 137728 134835 132153 129670 127374 125253 123296 
year 1990 1991 1992 1993 1994 1995 1996 1997 1998 1999 2000 2001 2002 2003 2004 2005 2006 2007 2008 2009 2010 

* recruitments
recruitment 1.37737e+007 1.37737e+007 1.37628e+007 1.37357e+007 1.37049e+007 1.36704e+007 1.36323e+007 1.35913e+007 1.35478e+007 1.35028e+007 1.34571e+007 1.34113e+007 1.33661e+007 1.33219e+007 1.32788e+007 1.32372e+007 1.3197e+007 1.31584e+007 1.31214e+007 1.30862e+007 1.30527e+007 
year 1990 1991 1992 1993 1994 1995 1996 1997 1998 1999 2000 2001 2002 2003 2004 2005 2006 2007 2008 2009 2010 

* YCS
YCS 1 1 1 1 1 1 1 1 1 1 1 1 1 1 1 1 1 1 1 1 1 
year 1989 1990 1991 1992 1993 1994 1995 1996 1997 1998 1999 2000 2001 2002 2003 2004 2005 2006 2007 2008 2009 

* true_YCS
true_YCS 1 1 0.999203 0.997239 0.995004 0.992497 0.989735 0.986752 0.983599 0.980331 0.977008 0.973686 0.970406 0.967195 0.96407 0.961044 0.958126 0.955324 0.952642 0.950082 0.947648 
year 1989 1990 1991 1992 1993 1994 1995 1996 1997 1998 1999 2000 2001 2002 2003 2004 2005 2006 2007 2008 2009 

* fishing_pressures
LL1 0 0.0390197 0.0401666 0.0413173 0.0424409 0.0435144 0.0445212 0.0454503 0.0462951 0.0470549 0.0477336 0.0483386 0.0488782 0.0493612 0.0497967 0.0501933 0.0505596 0.0509017 0.0512253 0.0515351 0.0518343 
LL2 0 0.0390197 0.0401666 0.0413173 0.0424409 0.0435144 0.0445212 0.0454503 0.0462951 0.0470549 0.0477336 0.0483386 0.0488782 0.0493612 0.0497967 0.0501933 0.0505596 0.0509017 0.0512253 0.0515351 0.0518343 
year 1990 1991 1992 1993 1994 1995 1996 1997 1998 1999 2000 2001 2002 2003 2004 2005 2006 2007 2008 2009 2010 

* Numbers_at_age_R1
1990  1.27849e+007 1.09492e+007 9.37704e+006 8.03064e+006 6.87756e+006 5.89005e+006 5.04433e+006 4.32004e+006 3.69975e+006 3.16852e+006 2.71357e+006 2.32394e+006 1.99026e+006 1.70449e+006 1.45975e+006 1.25015e+006 1.07065e+006 916919 785263 672512 575949 493252 422428 361774 309829 265342 227243 194614 166671 994111 
1991  1.27849e+007 1.09492e+007 9.377e+006 8.03036e+006 6.87593e+006 5.88342e+006 5.02524e+006 4.28115e+006 3.64374e+006 3.11148e+006 2.66506e+006 2.28325e+006 1.9566e+006 1.67703e+006 1.43765e+006 1.23262e+006 1.05693e+006 906327 777201 666459 571468 489979 420071 360100 308656 264532 226691 194243 166425 992992 
1992  1.27747e+007 1.09492e+007 9.377e+006 8.03028e+006 6.87536e+006 5.88021e+006 5.01242e+006 4.2449e+006 3.57104e+006 3.00777e+006 2.5597e+006 2.19363e+006 1.88139e+006 1.61477e+006 1.38682e+006 1.19167e+006 1.0244e+006 880844 757509 651452 560189 481620 413962 355697 305526 262338 225175 193210 165730 990430 
1993  1.27496e+007 1.09404e+007 9.377e+006 8.03027e+006 6.87524e+006 5.87948e+006 5.00893e+006 4.23239e+006 3.53807e+006 2.94455e+006 2.47143e+006 2.10443e+006 1.80547e+006 1.551e+006 1.33395e+006 1.14843e+006 989496 853053 735682 634545 547274 471893 406738 350407 301708 259621 223268 191891 164831 987575 
1994  1.2721e+007 1.09189e+007 9.36952e+006 8.03026e+006 6.87518e+006 5.87914e+006 5.00756e+006 4.22778e+006 3.52495e+006 2.91423e+006 2.41662e+006 2.02948e+006 1.73009e+006 1.48679e+006 1.27995e+006 1.10359e+006 952748 823330 711963 615874 532781 460798 398365 344179 297141 256320 220916 190240 163688 984296 
1995  1.2689e+007 1.08945e+007 9.3511e+006 8.02385e+006 6.87511e+006 5.87885e+006 5.00656e+006 4.22502e+006 3.51852e+006 2.9004e+006 2.389e+006 1.98224e+006 1.66664e+006 1.42321e+006 1.22574e+006 1.05793e+006 914770 792140 686682 595656 516831 448391 388851 336986 291782 252386 218070 188210 162262 980450 
1996  1.26536e+007 1.0867e+007 9.33015e+006 8.00806e+006 6.86958e+006 5.87858e+006 5.00564e+006 4.22266e+006 3.51378e+006 2.89225e+006 2.37508e+006 1.95748e+006 1.62615e+006 1.36965e+006 1.17222e+006 1.01224e+006 876216 760007 660237 574174 499614 434782 378244 328838 285614 247784 214688 185762 160515 975883 
1997  1.26155e+007 1.08368e+007 9.30664e+006 7.99011e+006 6.85602e+006 5.87365e+006 5.00479e+006 4.22049e+006 3.50955e+006 2.8857e+006 2.366e+006 1.94412e+006 1.60427e+006 1.33513e+006 1.12711e+006 967243 837737 727479 633068 551765 481371 420130 366639 319778 278643 242500 210742 182859 158412 970430 
1998  1.25752e+007 1.08041e+007 9.28073e+006 7.96997e+006 6.84061e+006 5.86187e+006 5.00002e+006 4.21849e+006 3.50566e+006 2.8798e+006 2.35845e+006 1.93492e+006 1.59191e+006 1.31604e+006 1.09781e+006 929320 799944 695095 605633 528799 462385 404640 354173 309887 270908 236541 206220 179479 155923 963923 
1999  1.25334e+007 1.07696e+007 9.25277e+006 7.94778e+006 6.82333e+006 5.84853e+006 4.98949e+006 4.21331e+006 3.50213e+006 2.87441e+006 2.35164e+006 1.92714e+006 1.58309e+006 1.30488e+006 1.08132e+006 904543 768099 663361 578380 505656 442967 388552 341020 299280 262478 229938 201127 175609 153029 956193 
2000  1.24909e+007 1.07338e+007 9.2232e+006 7.92383e+006 6.80429e+006 5.83361e+006 4.97768e+006 4.2034e+006 3.49615e+006 2.86955e+006 2.34547e+006 1.92014e+006 1.57558e+006 1.29675e+006 1.07145e+006 890411 747199 636628 551723 482708 423434 372123 327378 288104 253450 222752 195491 171257 149720 947077 
2001  1.24485e+007 1.06974e+007 9.19255e+006 7.8985e+006 6.78376e+006 5.81721e+006 4.96457e+006 4.19253e+006 3.48643e+006 2.8629e+006 2.33992e+006 1.91383e+006 1.56884e+006 1.2898e+006 1.06415e+006 881800 735156 619024 529274 460296 404092 355619 313465 276528 243948 215064 189362 166445 146000 936431 
2002  1.24065e+007 1.06611e+007 9.16139e+006 7.87225e+006 6.76205e+006 5.79954e+006 4.95025e+006 4.18068e+006 3.47609e+006 2.85338e+006 2.33309e+006 1.90816e+006 1.56277e+006 1.28357e+006 1.05789e+006 875363 727720 608799 514452 441426 385222 339294 299502 264732 234113 206977 182810 161215 141890 924132 
2003  1.23655e+007 1.06251e+007 9.13024e+006 7.84556e+006 6.73955e+006 5.78088e+006 4.93489e+006 4.16789e+006 3.46508e+006 2.84353e+006 2.32408e+006 1.90158e+006 1.55734e+006 1.27797e+006 1.05228e+006 869832 722118 602422 505790 428941 369339 323382 285702 252902 224099 198613 175922 155627 137425 910093 
2004  1.23255e+007 1.059e+007 9.09948e+006 7.81889e+006 6.71668e+006 5.76155e+006 4.91872e+006 4.15431e+006 3.45342e+006 2.83328e+006 2.31494e+006 1.89333e+006 1.55125e+006 1.27296e+006 1.04726e+006 864886 717297 597590 500347 421611 358813 309988 272259 241216 214061 190100 168801 149755 132655 894270 
2005  1.22868e+007 1.05558e+007 9.06937e+006 7.79254e+006 6.69382e+006 5.74192e+006 4.90201e+006 4.14009e+006 3.44118e+006 2.82261e+006 2.30556e+006 1.88505e+006 1.54386e+006 1.26746e+006 1.04275e+006 860442 712982 593422 496200 416975 352609 301101 260945 229838 204149 181570 161555 143686 127645 876668 
2006  1.22495e+007 1.05226e+007 9.04007e+006 7.76675e+006 6.67125e+006 5.7223e+006 4.88506e+006 4.12548e+006 3.42852e+006 2.81156e+006 2.29593e+006 1.87666e+006 1.5365e+006 1.26095e+006 1.03787e+006 856452 709102 589690 492618 413430 348666 295847 253429 220261 194502 173150 154296 137511 122467 857343 
2007  1.22137e+007 1.04907e+007 9.0117e+006 7.74165e+006 6.64916e+006 5.70293e+006 4.86815e+006 4.11071e+006 3.4156e+006 2.80026e+006 2.28609e+006 1.86813e+006 1.52911e+006 1.25451e+006 1.0322e+006 852189 705617 586333 489409 410364 345642 292496 248976 213895 186381 164956 147133 131327 117200 836407 
2008  1.21794e+007 1.046e+007 8.98434e+006 7.71735e+006 6.62766e+006 5.68398e+006 4.85147e+006 4.09601e+006 3.40262e+006 2.78883e+006 2.27611e+006 1.85948e+006 1.52165e+006 1.24807e+006 1.02661e+006 847293 701922 583313 486521 407616 343024 289919 246127 210116 180980 158058 140162 125225 111926 814024 
2009  1.21467e+007 1.04306e+007 8.95806e+006 7.69392e+006 6.60684e+006 5.66553e+006 4.83514e+006 4.08152e+006 3.38972e+006 2.77738e+006 2.26606e+006 1.85075e+006 1.51412e+006 1.24159e+006 1.02105e+006 842479 697716 580128 483918 405138 340674 287685 243931 207693 177769 153468 134295 119288 106722 790399 
2010  1.21156e+007 1.04026e+007 8.9329e+006 7.67141e+006 6.58676e+006 5.64768e+006 4.81927e+006 4.06737e+006 3.37706e+006 2.76607e+006 2.25605e+006 1.842e+006 1.50655e+006 1.23509e+006 1.01548e+006 837698 693589 576529 481184 402903 338554 285679 242026 205822 175706 150737 130389 114290 101659 765776 

Output quantities finish here

Unused parameters:
annual_cycle.fishery_areas annual_cycle.migrate_from annual_cycle.migrate_to annual_cycle.migration_names annual_cycle.migration_times annual_cycle.n_migrations annual_cycle.recruitment_areas annual_cycle.spawning_all_areas area_names recruitment.p_male recruitment.year_range tag[Tags2005_R1_LL1].area tag[Tags2005_R1_LL1].sex tag[Tags2006_R1_LL1].area tag[Tags2006_R1_LL1].sex tag[Tags2007_R1_LL1].area tag[Tags2007_R1_LL1].sex tag[Tags2008_R1_LL1].area tag[Tags2008_R1_LL1].sex tag[Tags2009_R1_LL1].area tag[Tags2009_R1_LL1].sex MCMC.adapt_at MCMC.adaptive_stepsize MCMC.burn_in MCMC.keep MCMC.length MCMC.start MCMC.stepsize profile[1].l profile[1].n profile[1].parameter profile[1].u tag_recapture[Tags2005_R1_R1].area tag_recapture[Tags2006_R1_R1].area tag_recapture[Tags2007_R1_R1].area tag_recapture[Tags2008_R1_R1].area tag_recapture[Tags2009_R1_R1].area n_projections numbers_at[Numbers_at_age_R1].area print.final_state print.initial_state print.requests print.results print.state_annually print.state_every_step print.yields 
