CASAL (C++ algorithmic stock assessment laboratory)
Call: C:/Users/bstacy/Documents/GitHub/lasac/projects/simulations/sim/con0.1/casal -e -q -f TR 
Date: Mon Oct 14 13:35:47 2019
v2.30-2012-03-21 00:22:59 UTC (rev.4648)  (c) Copyright 2002-2012, NIWA
User name: bstacy
Machine name: DOM-IMA-HVZRNF2 (Microsoft Windows, PID=17500)

Prefix for the input parameter filenames : TR

Random number seed : 20547

Estimation parameters:
Stored as strings: 
  MCMC.adapt_at                 	1e+05 2e+05 3e+05 4e+05
  MCMC.adaptive_stepsize        	True
  MCMC.burn_in                  	500
  MCMC.keep                     	1000
  MCMC.length                   	1500000
  MCMC.start                    	0
  MCMC.stepsize                 	0.01
  ageing_error.c                	0
  ageing_error.type             	normal
  catch_at[LL1_catchA].2000     	0 0 0 0 0.01 0.02 0.04 0.07 0.22 0.19 0.13 0.06 0.04 0.03 0.06 0.02 0.01 0.04 0 0.04 0 0 0.02 0 0 0 0 0 0 0
  catch_at[LL1_catchA].2001     	0 0 0 0 0 0.02 0.04 0.1 0.21 0.1 0.15 0.09 0.08 0.06 0.04 0.01 0 0.03 0.02 0.01 0 0 0.01 0.01 0 0.01 0 0.01 0 0
  catch_at[LL1_catchA].2002     	0 0 0 0 0.02 0.01 0.05 0.08 0.15 0.2 0.12 0.12 0.07 0.04 0.02 0 0.04 0.02 0.03 0.02 0.01 0 0 0 0 0 0 0 0 0
  catch_at[LL1_catchA].2003     	0 0 0 0 0 0 0.02 0.09 0.18 0.17 0.12 0.11 0.07 0.03 0.01 0.05 0.03 0 0.01 0.05 0.02 0 0.01 0.02 0 0.01 0 0 0 0
  catch_at[LL1_catchA].2004     	0 0 0 0 0 0.03 0.03 0.11 0.19 0.1 0.1 0.09 0.11 0.1 0.03 0.04 0.04 0 0.01 0 0 0.01 0.01 0 0 0 0 0 0 0
  catch_at[LL1_catchA].2005     	0 0 0 0 0.01 0.01 0.06 0.12 0.11 0.18 0.09 0.16 0.07 0.01 0.03 0.03 0.03 0.02 0.02 0.01 0.02 0 0.01 0.01 0 0 0 0 0 0
  catch_at[LL1_catchA].2006     	0 0 0 0 0.01 0.01 0.02 0.13 0.16 0.18 0.12 0.11 0.06 0.03 0.02 0.08 0.02 0.02 0.01 0 0.01 0.01 0 0 0 0 0 0 0 0
  catch_at[LL1_catchA].2007     	0 0 0 0 0.02 0 0.05 0.06 0.14 0.19 0.08 0.13 0.06 0.04 0.05 0.03 0.04 0.01 0 0.02 0.03 0 0.03 0 0 0 0 0.01 0.01 0
  catch_at[LL1_catchA].2008     	0 0 0 0 0 0.03 0.04 0.09 0.15 0.14 0.1 0.15 0.09 0.06 0.04 0.04 0.02 0.03 0.01 0 0 0.01 0 0 0 0 0 0 0 0
  catch_at[LL1_catchA].2009     	0 0 0 0 0 0.04 0.02 0.14 0.17 0.13 0.17 0.08 0.06 0.03 0.06 0.02 0.01 0.01 0.02 0.02 0 0.01 0 0 0.01 0 0 0 0 0
  catch_at[LL1_catchA].2010     	0 0 0 0 0 0.01 0.04 0.14 0.09 0.2 0.12 0.07 0.05 0.1 0.05 0.04 0.01 0.01 0.02 0.01 0 0.01 0.02 0.01 0 0 0 0 0 0
  catch_at[LL1_catchA].N_2000   	100
  catch_at[LL1_catchA].N_2001   	100
  catch_at[LL1_catchA].N_2002   	100
  catch_at[LL1_catchA].N_2003   	100
  catch_at[LL1_catchA].N_2004   	100
  catch_at[LL1_catchA].N_2005   	100
  catch_at[LL1_catchA].N_2006   	100
  catch_at[LL1_catchA].N_2007   	100
  catch_at[LL1_catchA].N_2008   	100
  catch_at[LL1_catchA].N_2009   	100
  catch_at[LL1_catchA].N_2010   	100
  catch_at[LL1_catchA].at_size  	False
  catch_at[LL1_catchA].dist     	multinomial
  catch_at[LL1_catchA].fishery  	LL1
  catch_at[LL1_catchA].max_class	30
  catch_at[LL1_catchA].min_class	1
  catch_at[LL1_catchA].plus_group	True
  catch_at[LL1_catchA].r        	1e-11
  catch_at[LL1_catchA].sexed    	False
  catch_at[LL1_catchA].sum_to_one	True
  catch_at[LL1_catchA].years    	2000 2001 2002 2003 2004 2005 2006 2007 2008 2009 2010
  catch_limit_penalty[1].fishery	LL1
  catch_limit_penalty[1].label  	LL1_Penalty
  catch_limit_penalty[1].log_scale	True
  catch_limit_penalty[1].multiplier	1000
  catch_limit_penalty[2].fishery	LL2
  catch_limit_penalty[2].label  	LL2_Penalty
  catch_limit_penalty[2].log_scale	True
  catch_limit_penalty[2].multiplier	1000
  estimate[1].lower_bound       	5000
  estimate[1].parameter         	initialization.B0
  estimate[1].prior             	uniform
  estimate[1].upper_bound       	5e+05
  estimator                     	Bayes
  fish_tagged_penalty[1].label  	Penalty_Tags2005_R1_LL1
  fish_tagged_penalty[1].multiplier	1
  fish_tagged_penalty[1].tagging_episode	Tags2005_R1_LL1
  fish_tagged_penalty[2].label  	Penalty_Tags2006_R1_LL1
  fish_tagged_penalty[2].multiplier	1
  fish_tagged_penalty[2].tagging_episode	Tags2006_R1_LL1
  fish_tagged_penalty[3].label  	Penalty_Tags2007_R1_LL1
  fish_tagged_penalty[3].multiplier	1
  fish_tagged_penalty[3].tagging_episode	Tags2007_R1_LL1
  fish_tagged_penalty[4].label  	Penalty_Tags2008_R1_LL1
  fish_tagged_penalty[4].multiplier	1
  fish_tagged_penalty[4].tagging_episode	Tags2008_R1_LL1
  fish_tagged_penalty[5].label  	Penalty_Tags2009_R1_LL1
  fish_tagged_penalty[5].multiplier	1
  fish_tagged_penalty[5].tagging_episode	Tags2009_R1_LL1
  grad_tol                      	0.001
  max_evals                     	10000
  max_iters                     	1600
  profile[1].l                  	40000
  profile[1].n                  	11
  profile[1].parameter          	initialization.B0
  profile[1].u                  	130000
  q_method                      	nuisance
  tag_recapture[Tags2005_R1_R1].area	R1
  tag_recapture[Tags2005_R1_R1].class_mins	100 150 200 250 300 350 400 450 500 550 600 650 700 750 800 850 900 950 1000 1050 1100 1150 1200 1250 1300 1350 1400 1450 1500 1550 1600 1650 1700 1750 1800 1850 1900 1950 2000 2050
  tag_recapture[Tags2005_R1_R1].detection_probability	1
  tag_recapture[Tags2005_R1_R1].dispersion	1
  tag_recapture[Tags2005_R1_R1].do_bootstrap	True
  tag_recapture[Tags2005_R1_R1].plus_group	False
  tag_recapture[Tags2005_R1_R1].proportion_mortality	0.5
  tag_recapture[Tags2005_R1_R1].r	1e-11
  tag_recapture[Tags2005_R1_R1].recaptured_2006	0 0 0 0 0 0 0 0 0 1 4 7 17 34 21 14 23 15 10 8 3 2 0 0 0 0 0 0 0 0 0 0 0 0 0 0 0 0 0
  tag_recapture[Tags2005_R1_R1].recaptured_2007	0 0 0 0 0 0 0 0 0 0 5 6 15 23 24 17 12 8 5 3 0 1 2 0 0 0 1 0 0 0 0 0 0 0 0 0 0 0 0
  tag_recapture[Tags2005_R1_R1].recaptured_2008	0 0 0 0 0 0 0 0 0 0 1 2 3 14 14 14 18 14 7 5 4 0 0 0 0 1 0 0 0 0 0 0 0 0 0 0 0 0 0
  tag_recapture[Tags2005_R1_R1].recaptured_2009	0 0 0 0 0 0 0 0 0 0 1 1 3 7 14 6 12 15 5 7 5 1 0 0 2 1 0 0 0 0 1 0 0 0 0 0 0 0 0
  tag_recapture[Tags2005_R1_R1].recaptured_2010	0 0 0 0 0 0 0 0 0 0 0 0 0 2 7 16 8 9 3 7 1 2 1 1 0 0 0 0 0 0 0 0 0 0 0 0 0 0 0
  tag_recapture[Tags2005_R1_R1].sample	size
  tag_recapture[Tags2005_R1_R1].scanned_2006	0 0 0 2 28 320 2302 11502 39770 96806 173902 243624 277690 266092 224820 178122 136978 101584 71958 49292 33518 23134 16316 11662 8346 5944 4222 2988 2086 1406 896 530 286 140 62 24 8 2 0
  tag_recapture[Tags2005_R1_R1].scanned_2007	0 0 0 2 28 344 2442 11568 39724 99366 181960 252416 280488 265182 224010 176300 134278 100438 72920 50898 34514 23278 15942 11162 7944 5686 4062 2880 2006 1350 862 512 278 138 62 24 8 2 0
  tag_recapture[Tags2005_R1_R1].scanned_2008	0 0 0 2 28 344 2602 12332 40170 97884 182308 260086 291620 271378 224512 174626 131756 97934 71728 51120 35200 23658 15864 10828 7580 5410 3886 2772 1934 1300 826 490 266 132 58 24 8 2 0
  tag_recapture[Tags2005_R1_R1].scanned_2009	0 0 0 2 28 338 2596 13080 43468 101422 180382 255904 293398 278302 229716 175798 130724 96182 70174 50456 35360 24054 16060 10754 7362 5182 3714 2662 1866 1256 798 470 254 126 56 22 8 2 0
  tag_recapture[Tags2005_R1_R1].scanned_2010	0 0 0 2 30 342 2546 12914 45438 110634 193100 259840 288924 275666 231594 178066 131090 95240 68874 49434 34952 24134 16262 10830 7284 5028 3564 2550 1794 1212 770 454 246 120 54 22 8 2 0
  tag_recapture[Tags2005_R1_R1].step	1
  tag_recapture[Tags2005_R1_R1].tag_name	Tags2005_R1
  tag_recapture[Tags2005_R1_R1].years	2006 2007 2008 2009 2010
  tag_recapture[Tags2006_R1_R1].area	R1
  tag_recapture[Tags2006_R1_R1].class_mins	100 150 200 250 300 350 400 450 500 550 600 650 700 750 800 850 900 950 1000 1050 1100 1150 1200 1250 1300 1350 1400 1450 1500 1550 1600 1650 1700 1750 1800 1850 1900 1950 2000 2050
  tag_recapture[Tags2006_R1_R1].detection_probability	1
  tag_recapture[Tags2006_R1_R1].dispersion	1
  tag_recapture[Tags2006_R1_R1].do_bootstrap	True
  tag_recapture[Tags2006_R1_R1].plus_group	False
  tag_recapture[Tags2006_R1_R1].proportion_mortality	0.5
  tag_recapture[Tags2006_R1_R1].r	1e-11
  tag_recapture[Tags2006_R1_R1].recaptured_2007	0 0 0 0 0 0 0 0 0 0 3 14 19 23 22 26 15 11 6 8 1 0 0 0 1 0 0 1 0 0 0 0 0 0 0 0 0 0 0
  tag_recapture[Tags2006_R1_R1].recaptured_2008	0 0 0 0 0 0 0 0 0 1 3 4 16 18 26 21 12 10 10 9 3 4 0 1 0 0 0 0 0 0 0 0 0 0 0 0 0 0 0
  tag_recapture[Tags2006_R1_R1].recaptured_2009	0 0 0 0 0 0 0 0 0 0 1 1 9 19 13 14 23 13 10 4 1 4 0 2 0 0 0 0 0 0 0 0 0 0 0 0 0 0 0
  tag_recapture[Tags2006_R1_R1].recaptured_2010	0 0 0 0 0 0 0 0 0 0 0 2 4 8 22 19 13 11 7 4 1 2 1 1 2 0 0 0 0 0 0 0 0 0 0 0 0 0 0
  tag_recapture[Tags2006_R1_R1].sample	size
  tag_recapture[Tags2006_R1_R1].scanned_2007	0 0 0 2 28 344 2442 11568 39724 99366 181960 252416 280488 265182 224010 176300 134278 100438 72920 50898 34514 23278 15942 11162 7944 5686 4062 2880 2006 1350 862 512 278 138 62 24 8 2 0
  tag_recapture[Tags2006_R1_R1].scanned_2008	0 0 0 2 28 344 2602 12332 40170 97884 182308 260086 291620 271378 224512 174626 131756 97934 71728 51120 35200 23658 15864 10828 7580 5410 3886 2772 1934 1300 826 490 266 132 58 24 8 2 0
  tag_recapture[Tags2006_R1_R1].scanned_2009	0 0 0 2 28 338 2596 13080 43468 101422 180382 255904 293398 278302 229716 175798 130724 96182 70174 50456 35360 24054 16060 10754 7362 5182 3714 2662 1866 1256 798 470 254 126 56 22 8 2 0
  tag_recapture[Tags2006_R1_R1].scanned_2010	0 0 0 2 30 342 2546 12914 45438 110634 193100 259840 288924 275666 231594 178066 131090 95240 68874 49434 34952 24134 16262 10830 7284 5028 3564 2550 1794 1212 770 454 246 120 54 22 8 2 0
  tag_recapture[Tags2006_R1_R1].step	1
  tag_recapture[Tags2006_R1_R1].tag_name	Tags2006_R1
  tag_recapture[Tags2006_R1_R1].years	2007 2008 2009 2010
  tag_recapture[Tags2007_R1_R1].area	R1
  tag_recapture[Tags2007_R1_R1].class_mins	100 150 200 250 300 350 400 450 500 550 600 650 700 750 800 850 900 950 1000 1050 1100 1150 1200 1250 1300 1350 1400 1450 1500 1550 1600 1650 1700 1750 1800 1850 1900 1950 2000 2050
  tag_recapture[Tags2007_R1_R1].detection_probability	1
  tag_recapture[Tags2007_R1_R1].dispersion	1
  tag_recapture[Tags2007_R1_R1].do_bootstrap	True
  tag_recapture[Tags2007_R1_R1].plus_group	False
  tag_recapture[Tags2007_R1_R1].proportion_mortality	0.5
  tag_recapture[Tags2007_R1_R1].r	1e-11
  tag_recapture[Tags2007_R1_R1].recaptured_2008	0 0 0 0 0 0 0 0 1 1 3 11 21 20 21 16 23 11 5 7 0 0 1 0 0 0 0 0 1 1 0 0 0 0 0 0 0 0 0
  tag_recapture[Tags2007_R1_R1].recaptured_2009	0 0 0 0 0 0 0 0 0 1 2 10 17 26 15 26 19 14 5 8 2 2 0 3 0 1 0 0 0 0 0 0 0 0 0 0 0 0 0
  tag_recapture[Tags2007_R1_R1].recaptured_2010	0 0 0 0 0 0 0 0 0 0 1 3 8 16 15 21 14 10 6 6 1 3 1 0 0 0 1 0 0 0 0 0 0 0 0 0 0 0 0
  tag_recapture[Tags2007_R1_R1].sample	size
  tag_recapture[Tags2007_R1_R1].scanned_2008	0 0 0 2 28 344 2602 12332 40170 97884 182308 260086 291620 271378 224512 174626 131756 97934 71728 51120 35200 23658 15864 10828 7580 5410 3886 2772 1934 1300 826 490 266 132 58 24 8 2 0
  tag_recapture[Tags2007_R1_R1].scanned_2009	0 0 0 2 28 338 2596 13080 43468 101422 180382 255904 293398 278302 229716 175798 130724 96182 70174 50456 35360 24054 16060 10754 7362 5182 3714 2662 1866 1256 798 470 254 126 56 22 8 2 0
  tag_recapture[Tags2007_R1_R1].scanned_2010	0 0 0 2 30 342 2546 12914 45438 110634 193100 259840 288924 275666 231594 178066 131090 95240 68874 49434 34952 24134 16262 10830 7284 5028 3564 2550 1794 1212 770 454 246 120 54 22 8 2 0
  tag_recapture[Tags2007_R1_R1].step	1
  tag_recapture[Tags2007_R1_R1].tag_name	Tags2007_R1
  tag_recapture[Tags2007_R1_R1].years	2008 2009 2010
  tag_recapture[Tags2008_R1_R1].area	R1
  tag_recapture[Tags2008_R1_R1].class_mins	100 150 200 250 300 350 400 450 500 550 600 650 700 750 800 850 900 950 1000 1050 1100 1150 1200 1250 1300 1350 1400 1450 1500 1550 1600 1650 1700 1750 1800 1850 1900 1950 2000 2050
  tag_recapture[Tags2008_R1_R1].detection_probability	1
  tag_recapture[Tags2008_R1_R1].dispersion	1
  tag_recapture[Tags2008_R1_R1].do_bootstrap	True
  tag_recapture[Tags2008_R1_R1].plus_group	False
  tag_recapture[Tags2008_R1_R1].proportion_mortality	0.5
  tag_recapture[Tags2008_R1_R1].r	1e-11
  tag_recapture[Tags2008_R1_R1].recaptured_2009	0 0 0 0 0 0 0 0 1 3 2 16 26 32 25 14 20 7 12 1 2 0 1 2 1 0 0 0 0 0 0 0 0 0 0 0 0 0 0
  tag_recapture[Tags2008_R1_R1].recaptured_2010	0 0 0 0 0 0 0 0 0 1 4 10 21 28 18 15 19 15 5 5 5 2 1 0 0 0 0 0 0 0 0 0 0 0 0 0 0 0 0
  tag_recapture[Tags2008_R1_R1].sample	size
  tag_recapture[Tags2008_R1_R1].scanned_2009	0 0 0 2 28 338 2596 13080 43468 101422 180382 255904 293398 278302 229716 175798 130724 96182 70174 50456 35360 24054 16060 10754 7362 5182 3714 2662 1866 1256 798 470 254 126 56 22 8 2 0
  tag_recapture[Tags2008_R1_R1].scanned_2010	0 0 0 2 30 342 2546 12914 45438 110634 193100 259840 288924 275666 231594 178066 131090 95240 68874 49434 34952 24134 16262 10830 7284 5028 3564 2550 1794 1212 770 454 246 120 54 22 8 2 0
  tag_recapture[Tags2008_R1_R1].step	1
  tag_recapture[Tags2008_R1_R1].tag_name	Tags2008_R1
  tag_recapture[Tags2008_R1_R1].years	2009 2010
  tag_recapture[Tags2009_R1_R1].area	R1
  tag_recapture[Tags2009_R1_R1].class_mins	100 150 200 250 300 350 400 450 500 550 600 650 700 750 800 850 900 950 1000 1050 1100 1150 1200 1250 1300 1350 1400 1450 1500 1550 1600 1650 1700 1750 1800 1850 1900 1950 2000 2050
  tag_recapture[Tags2009_R1_R1].detection_probability	1
  tag_recapture[Tags2009_R1_R1].dispersion	1
  tag_recapture[Tags2009_R1_R1].do_bootstrap	True
  tag_recapture[Tags2009_R1_R1].plus_group	False
  tag_recapture[Tags2009_R1_R1].proportion_mortality	0.5
  tag_recapture[Tags2009_R1_R1].r	1e-11
  tag_recapture[Tags2009_R1_R1].recaptured_2010	0 0 0 0 0 0 0 0 0 4 3 11 23 27 33 18 12 12 5 8 3 4 1 0 0 0 0 0 0 0 0 0 0 0 0 0 0 0 0
  tag_recapture[Tags2009_R1_R1].sample	size
  tag_recapture[Tags2009_R1_R1].scanned_2010	0 0 0 2 30 342 2546 12914 45438 110634 193100 259840 288924 275666 231594 178066 131090 95240 68874 49434 34952 24134 16262 10830 7284 5028 3564 2550 1794 1212 770 454 246 120 54 22 8 2 0
  tag_recapture[Tags2009_R1_R1].step	1
  tag_recapture[Tags2009_R1_R1].tag_name	Tags2009_R1
  tag_recapture[Tags2009_R1_R1].years	2010
  vector_average_penalty[1].k   	1
  vector_average_penalty[1].label	meanYCS_1
  vector_average_penalty[1].multiplier	100
  vector_average_penalty[1].vector	recruitment.YCS
Stored as DOUBLEs: 
Stored as VECTORs: 
Stored as OGIVEs: 

Population parameters:
Stored as strings: 
  annual_cycle.M_props          	1
  annual_cycle.aging_time       	1
  annual_cycle.baranov          	False
  annual_cycle.fishery_areas    	R1
  annual_cycle.fishery_names    	LL1 LL2
  annual_cycle.fishery_times    	1 1
  annual_cycle.growth_props     	0
  annual_cycle.migrate_from     	R1
  annual_cycle.migrate_to       	R2
  annual_cycle.migration_names  	MoveRec_1_2
  annual_cycle.migration_times  	1
  annual_cycle.n_migrations     	0
  annual_cycle.recruitment_areas	R1
  annual_cycle.recruitment_time 	1
  annual_cycle.spawning_all_areas	1
  annual_cycle.spawning_p       	1
  annual_cycle.spawning_part_mort	0.5
  annual_cycle.spawning_time    	1
  annual_cycle.spawning_use_total_B	False
  annual_cycle.time_steps       	1
  area_names                    	R1
  current                       	2010
  final                         	2045
  first_random_year             	2007
  fishery[LL1].U_max            	0.95
  fishery[LL1].catches          	0 6000 6000 6000 6000 6000 6000 6000 6000 6000 6000 6000 6000 6000 6000 6000 6000 6000 6000 6000 6000
  fishery[LL1].future_constant_catches	200
  fishery[LL1].selectivity      	SelLL
  fishery[LL1].years            	1990 1991 1992 1993 1994 1995 1996 1997 1998 1999 2000 2001 2002 2003 2004 2005 2006 2007 2008 2009 2010
  fishery[LL2].U_max            	0.95
  fishery[LL2].catches          	0 6000 6000 6000 6000 6000 6000 6000 6000 6000 6000 6000 6000 6000 6000 6000 6000 6000 6000 6000 6000
  fishery[LL2].future_constant_catches	200
  fishery[LL2].selectivity      	SelLL
  fishery[LL2].years            	1990 1991 1992 1993 1994 1995 1996 1997 1998 1999 2000 2001 2002 2003 2004 2005 2006 2007 2008 2009 2010
  initial                       	1990
  initialization.B0             	448262
  mature_partition              	False
  maturity_props.all            	allvalues  0 0 0 0 0 0 0 0 0 0 0 0.1667 0.3333 0.5 0.6667 0.8333 1 1 1 1 1 1 1 1 1 1 1 1 1 1
  max_age                       	30
  min_age                       	1
  n_areas                       	1
  n_stocks                      	1
  n_tags                        	5
  natural_mortality.all         	0.155
  plus_group                    	True
  randomisation_method          	lognormal
  recruitment.SR                	BH
  recruitment.YCS               	1 1 1 1 1 1 1 1 1 1 1 1 1 1 1 1 1 1 1 1 1
  recruitment.YCS_years         	1989 1990 1991 1992 1993 1994 1995 1996 1997 1998 1999 2000 2001 2002 2003 2004 2005 2006 2007 2008 2009
  recruitment.first_free        	1989
  recruitment.last_free         	2006
  recruitment.p_male            	0.5
  recruitment.rho               	0
  recruitment.sigma_r           	0.6
  recruitment.steepness         	0.7
  recruitment.year_range        	1989 2006
  selectivity[SelLL].all        	double_normal 10 2 10
  selectivity_names             	SelLL
  sex_partition                 	False
  size_at_age.Linf              	2870
  size_at_age.by_length         	True
  size_at_age.cv                	0.1
  size_at_age.k                 	0.02056
  size_at_age.t0                	-4.2897
  size_at_age_dist              	normal
  size_at_age_type              	von_Bert
  size_based                    	False
  size_weight.a                 	2.59e-12
  size_weight.b                 	3.2064
  size_weight.verify_size_weight	500 0.5 1.5
  standardise_YCS               	True
  tag[Tags2005_R1_LL1].area     	R1
  tag[Tags2005_R1_LL1].class_mins	100 150 200 250 300 350 400 450 500 550 600 650 700 750 800 850 900 950 1000 1050 1100 1150 1200 1250 1300 1350 1400 1450 1500 1550 1600 1650 1700 1750 1800 1850 1900 1950 2000 2050
  tag[Tags2005_R1_LL1].mature_only	False
  tag[Tags2005_R1_LL1].mortality	0.1
  tag[Tags2005_R1_LL1].number   	2500
  tag[Tags2005_R1_LL1].ogive    	SelLL
  tag[Tags2005_R1_LL1].plus_group	False
  tag[Tags2005_R1_LL1].props_all	0 0 0 0 0 1e-04 8e-04 0.0048 0.0184 0.0472 0.088 0.1245 0.1388 0.1298 0.1103 0.0896 0.0694 0.0511 0.0362 0.0255 0.0183 0.0135 0.01 0.0073 0.0052 0.0037 0.0025 0.0018 0.0012 8e-04 5e-04 3e-04 2e-04 1e-04 0 0 0 0 0
  tag[Tags2005_R1_LL1].release_type	deterministic
  tag[Tags2005_R1_LL1].sex      	both
  tag[Tags2005_R1_LL1].step     	1
  tag[Tags2005_R1_LL1].tag_name 	Tags2005_R1
  tag[Tags2005_R1_LL1].year     	2005
  tag[Tags2006_R1_LL1].area     	R1
  tag[Tags2006_R1_LL1].class_mins	100 150 200 250 300 350 400 450 500 550 600 650 700 750 800 850 900 950 1000 1050 1100 1150 1200 1250 1300 1350 1400 1450 1500 1550 1600 1650 1700 1750 1800 1850 1900 1950 2000 2050
  tag[Tags2006_R1_LL1].mature_only	False
  tag[Tags2006_R1_LL1].mortality	0.1
  tag[Tags2006_R1_LL1].number   	2500
  tag[Tags2006_R1_LL1].ogive    	SelLL
  tag[Tags2006_R1_LL1].plus_group	False
  tag[Tags2006_R1_LL1].props_all	0 0 0 0 0 2e-04 0.0013 0.0058 0.0198 0.0485 0.0873 0.1222 0.1397 0.1351 0.1154 0.0921 0.0705 0.0511 0.0349 0.023 0.0152 0.0104 0.0075 0.0055 0.0041 0.0031 0.0023 0.0017 0.0012 9e-04 6e-04 3e-04 2e-04 1e-04 0 0 0 0 0
  tag[Tags2006_R1_LL1].release_type	deterministic
  tag[Tags2006_R1_LL1].sex      	both
  tag[Tags2006_R1_LL1].step     	1
  tag[Tags2006_R1_LL1].tag_name 	Tags2006_R1
  tag[Tags2006_R1_LL1].year     	2006
  tag[Tags2007_R1_LL1].area     	R1
  tag[Tags2007_R1_LL1].class_mins	100 150 200 250 300 350 400 450 500 550 600 650 700 750 800 850 900 950 1000 1050 1100 1150 1200 1250 1300 1350 1400 1450 1500 1550 1600 1650 1700 1750 1800 1850 1900 1950 2000 2050
  tag[Tags2007_R1_LL1].mature_only	False
  tag[Tags2007_R1_LL1].mortality	0.1
  tag[Tags2007_R1_LL1].number   	2500
  tag[Tags2007_R1_LL1].ogive    	SelLL
  tag[Tags2007_R1_LL1].plus_group	False
  tag[Tags2007_R1_LL1].props_all	0 0 0 0 0 1e-04 0.0011 0.0056 0.0193 0.0485 0.0889 0.124 0.139 0.1322 0.1118 0.0878 0.0669 0.0504 0.0372 0.0265 0.0183 0.0125 0.0087 0.0062 0.0045 0.0032 0.0024 0.0017 0.0012 8e-04 5e-04 3e-04 2e-04 1e-04 0 0 0 0 0
  tag[Tags2007_R1_LL1].release_type	deterministic
  tag[Tags2007_R1_LL1].sex      	both
  tag[Tags2007_R1_LL1].step     	1
  tag[Tags2007_R1_LL1].tag_name 	Tags2007_R1
  tag[Tags2007_R1_LL1].year     	2007
  tag[Tags2008_R1_LL1].area     	R1
  tag[Tags2008_R1_LL1].class_mins	100 150 200 250 300 350 400 450 500 550 600 650 700 750 800 850 900 950 1000 1050 1100 1150 1200 1250 1300 1350 1400 1450 1500 1550 1600 1650 1700 1750 1800 1850 1900 1950 2000 2050
  tag[Tags2008_R1_LL1].mature_only	False
  tag[Tags2008_R1_LL1].mortality	0.1
  tag[Tags2008_R1_LL1].number   	2500
  tag[Tags2008_R1_LL1].ogive    	SelLL
  tag[Tags2008_R1_LL1].plus_group	False
  tag[Tags2008_R1_LL1].props_all	0 0 0 0 0 1e-04 0.0012 0.0062 0.0205 0.0497 0.0924 0.1328 0.1497 0.1384 0.112 0.0842 0.0614 0.0445 0.0322 0.0228 0.0157 0.0106 0.0073 0.0052 0.0038 0.0029 0.0022 0.0016 0.0011 7e-04 4e-04 3e-04 1e-04 1e-04 0 0 0 0 0
  tag[Tags2008_R1_LL1].release_type	deterministic
  tag[Tags2008_R1_LL1].sex      	both
  tag[Tags2008_R1_LL1].step     	1
  tag[Tags2008_R1_LL1].tag_name 	Tags2008_R1
  tag[Tags2008_R1_LL1].year     	2008
  tag[Tags2009_R1_LL1].area     	R1
  tag[Tags2009_R1_LL1].class_mins	100 150 200 250 300 350 400 450 500 550 600 650 700 750 800 850 900 950 1000 1050 1100 1150 1200 1250 1300 1350 1400 1450 1500 1550 1600 1650 1700 1750 1800 1850 1900 1950 2000 2050
  tag[Tags2009_R1_LL1].mature_only	False
  tag[Tags2009_R1_LL1].mortality	0.1
  tag[Tags2009_R1_LL1].number   	2500
  tag[Tags2009_R1_LL1].ogive    	SelLL
  tag[Tags2009_R1_LL1].plus_group	False
  tag[Tags2009_R1_LL1].props_all	0 0 0 0 0 1e-04 0.0012 0.0063 0.0213 0.0502 0.0897 0.1266 0.1435 0.135 0.1117 0.0864 0.065 0.0482 0.0352 0.0253 0.0178 0.0122 0.0082 0.0055 0.0037 0.0025 0.0017 0.0011 7e-04 4e-04 3e-04 1e-04 1e-04 0 0 0 0 0 0
  tag[Tags2009_R1_LL1].release_type	deterministic
  tag[Tags2009_R1_LL1].sex      	both
  tag[Tags2009_R1_LL1].step     	1
  tag[Tags2009_R1_LL1].tag_name 	Tags2009_R1
  tag[Tags2009_R1_LL1].year     	2009
  tag_growth_loss[Tags2005_R1].nogrowth_period	0
  tag_growth_loss[Tags2006_R1].nogrowth_period	0
  tag_growth_loss[Tags2007_R1].nogrowth_period	0
  tag_growth_loss[Tags2008_R1].nogrowth_period	0
  tag_growth_loss[Tags2009_R1].nogrowth_period	0
  tag_loss_props                	1
  tag_names                     	Tags2005_R1 Tags2006_R1 Tags2007_R1 Tags2008_R1 Tags2009_R1
  tag_shedding_rate             	0.0084 0.0084 0.0084 0.0084 0.0084
  y_enter                       	1
Stored as DOUBLEs: 
Stored as VECTORs: 
Stored as OGIVEs: 

Output parameters:
Stored as strings: 
  n_projections                 	100
  numbers_at[Numbers_at_age_R1].area	R1
  numbers_at[Numbers_at_age_R1].proportion_mortality	0.5
  numbers_at[Numbers_at_age_R1].step	1
  numbers_at[Numbers_at_age_R1].years	1990 1991 1992 1993 1994 1995 1996 1997 1998 1999 2000 2001 2002 2003 2004 2005 2006 2007 2008 2009 2010
  print.covariance              	true
  print.estimation_section      	true
  print.final_state             	false
  print.fits                    	true
  print.fits_every_eval         	false
  print.initial_state           	false
  print.normalised_resids       	true
  print.objective_every_eval    	false
  print.parameter_vector_every_eval	false
  print.parameters              	true
  print.parameters_every_eval   	false
  print.pearson_resids          	true
  print.requests                	false
  print.resids                  	true
  print.results                 	false
  print.state_annually          	false
  print.state_every_step        	false
  print.unused_parameters       	true
  print.yields                  	true
  quantities.B0                 	true
  quantities.R0                 	true
  quantities.SSBs               	true
  quantities.YCS                	true
  quantities.actual_catches     	false
  quantities.all_free_parameters	true
  quantities.fishing_pressures  	true
  quantities.nuisance_qs        	true
  quantities.recruitments       	true
  quantities.true_YCS           	true
Stored as DOUBLEs: 
Stored as VECTORs: 
Stored as OGIVEs: 

A fish of size 500 cm has a weight of 1.16755 kg in your model. This size-weight scale check assumes that the growth curve is in centimetres, and that the catch is in tonnes.

A fish of size 500 cm has a weight of 1.16755 kg in your model. This size-weight scale check assumes that the growth curve is in centimetres, and that the catch is in tonnes.

Estimation section :

Objective function: Bayes

Minimiser convergence threshold: 0.001


Observations:

The observations are:
LL1_catchA
Tags2005_R1_R1
Tags2006_R1_R1
Tags2007_R1_R1
Tags2008_R1_R1
Tags2009_R1_R1
Fits follow:

LL1_catchA :
catch proportions-at-age for fishery LL1  with ageing error (constrained to sum to 1):
obs (last class is a plus group):
class 1       2       3       4       5       6       7       8       9       10      11      12      13      14      15      16      17      18      19      20      21      22      23      24      25      26      27      28      29      30      
2000 0       0       0       0       0.01    0.02    0.04    0.07    0.22    0.19    0.13    0.06    0.04    0.03    0.06    0.02    0.01    0.04    0       0.04    0       0       0.02    0       0       0       0       0       0       0       
2001 0       0       0       0       0       0.02    0.04    0.1     0.21    0.1     0.15    0.09    0.08    0.06    0.04    0.01    0       0.03    0.02    0.01    0       0       0.01    0.01    0       0.01    0       0.01    0       0       
2002 0       0       0       0       0.02    0.01    0.05    0.08    0.15    0.2     0.12    0.12    0.07    0.04    0.02    0       0.04    0.02    0.03    0.02    0.01    0       0       0       0       0       0       0       0       0       
2003 0       0       0       0       0       0       0.02    0.09    0.18    0.17    0.12    0.11    0.07    0.03    0.01    0.05    0.03    0       0.01    0.05    0.02    0       0.01    0.02    0       0.01    0       0       0       0       
2004 0       0       0       0       0       0.03    0.03    0.11    0.19    0.1     0.1     0.09    0.11    0.1     0.03    0.04    0.04    0       0.01    0       0       0.01    0.01    0       0       0       0       0       0       0       
2005 0       0       0       0       0.01    0.01    0.06    0.12    0.11    0.18    0.09    0.16    0.07    0.01    0.03    0.03    0.03    0.02    0.02    0.01    0.02    0       0.01    0.01    0       0       0       0       0       0       
2006 0       0       0       0       0.01    0.01    0.02    0.13    0.16    0.18    0.12    0.11    0.06    0.03    0.02    0.08    0.02    0.02    0.01    0       0.01    0.01    0       0       0       0       0       0       0       0       
2007 0       0       0       0       0.02    0       0.05    0.06    0.14    0.19    0.08    0.13    0.06    0.04    0.05    0.03    0.04    0.01    0       0.02    0.03    0       0.03    0       0       0       0       0.01    0.01    0       
2008 0       0       0       0       0       0.03    0.04    0.09    0.15    0.14    0.1     0.15    0.09    0.06    0.04    0.04    0.02    0.03    0.01    0       0       0.01    0       0       0       0       0       0       0       0       
2009 0       0       0       0       0       0.04    0.02    0.14    0.17    0.13    0.17    0.08    0.06    0.03    0.06    0.02    0.01    0.01    0.02    0.02    0       0.01    0       0       0.01    0       0       0       0       0       
2010 0       0       0       0       0       0.01    0.04    0.14    0.09    0.2     0.12    0.07    0.05    0.1     0.05    0.04    0.01    0.01    0.02    0.01    0       0.01    0.02    0.01    0       0       0       0       0       0       
objective function: multinomial likelihood, with delta = 1e-011, N =
100 100 100 100 100 100 100 100 100 100 100 100 100 100 100 100 100 100 100 100 100 100 100 100 100 100 100 100 100 100 
100 100 100 100 100 100 100 100 100 100 100 100 100 100 100 100 100 100 100 100 100 100 100 100 100 100 100 100 100 100 
100 100 100 100 100 100 100 100 100 100 100 100 100 100 100 100 100 100 100 100 100 100 100 100 100 100 100 100 100 100 
100 100 100 100 100 100 100 100 100 100 100 100 100 100 100 100 100 100 100 100 100 100 100 100 100 100 100 100 100 100 
100 100 100 100 100 100 100 100 100 100 100 100 100 100 100 100 100 100 100 100 100 100 100 100 100 100 100 100 100 100 
100 100 100 100 100 100 100 100 100 100 100 100 100 100 100 100 100 100 100 100 100 100 100 100 100 100 100 100 100 100 
100 100 100 100 100 100 100 100 100 100 100 100 100 100 100 100 100 100 100 100 100 100 100 100 100 100 100 100 100 100 
100 100 100 100 100 100 100 100 100 100 100 100 100 100 100 100 100 100 100 100 100 100 100 100 100 100 100 100 100 100 
100 100 100 100 100 100 100 100 100 100 100 100 100 100 100 100 100 100 100 100 100 100 100 100 100 100 100 100 100 100 
100 100 100 100 100 100 100 100 100 100 100 100 100 100 100 100 100 100 100 100 100 100 100 100 100 100 100 100 100 100 
100 100 100 100 100 100 100 100 100 100 100 100 100 100 100 100 100 100 100 100 100 100 100 100 100 100 100 100 100 100 

Tags2005_R1_R1 :
tag-recapture data for tag Tags2005_R1 in years 2006 2007 2008 2009 2010 , step 1, after proportion 0.5 of mortality, with sampling method size, detection probability 1.
Year 2006
class scanned recaptured
100 0 0
150 0 0
200 0 0
250 2 0
300 28 0
350 320 0
400 2302 0
450 11502 0
500 39770 0
550 96806 1
600 173902 4
650 243624 7
700 277690 17
750 266092 34
800 224820 21
850 178122 14
900 136978 23
950 101584 15
1000 71958 10
1050 49292 8
1100 33518 3
1150 23134 2
1200 16316 0
1250 11662 0
1300 8346 0
1350 5944 0
1400 4222 0
1450 2988 0
1500 2086 0
1550 1406 0
1600 896 0
1650 530 0
1700 286 0
1750 140 0
1800 62 0
1850 24 0
1900 8 0
1950 2 0
2000 0 0


Year 2007
class scanned recaptured
100 0 0
150 0 0
200 0 0
250 2 0
300 28 0
350 344 0
400 2442 0
450 11568 0
500 39724 0
550 99366 0
600 181960 5
650 252416 6
700 280488 15
750 265182 23
800 224010 24
850 176300 17
900 134278 12
950 100438 8
1000 72920 5
1050 50898 3
1100 34514 0
1150 23278 1
1200 15942 2
1250 11162 0
1300 7944 0
1350 5686 0
1400 4062 1
1450 2880 0
1500 2006 0
1550 1350 0
1600 862 0
1650 512 0
1700 278 0
1750 138 0
1800 62 0
1850 24 0
1900 8 0
1950 2 0
2000 0 0


Year 2008
class scanned recaptured
100 0 0
150 0 0
200 0 0
250 2 0
300 28 0
350 344 0
400 2602 0
450 12332 0
500 40170 0
550 97884 0
600 182308 1
650 260086 2
700 291620 3
750 271378 14
800 224512 14
850 174626 14
900 131756 18
950 97934 14
1000 71728 7
1050 51120 5
1100 35200 4
1150 23658 0
1200 15864 0
1250 10828 0
1300 7580 0
1350 5410 1
1400 3886 0
1450 2772 0
1500 1934 0
1550 1300 0
1600 826 0
1650 490 0
1700 266 0
1750 132 0
1800 58 0
1850 24 0
1900 8 0
1950 2 0
2000 0 0


Year 2009
class scanned recaptured
100 0 0
150 0 0
200 0 0
250 2 0
300 28 0
350 338 0
400 2596 0
450 13080 0
500 43468 0
550 101422 0
600 180382 1
650 255904 1
700 293398 3
750 278302 7
800 229716 14
850 175798 6
900 130724 12
950 96182 15
1000 70174 5
1050 50456 7
1100 35360 5
1150 24054 1
1200 16060 0
1250 10754 0
1300 7362 2
1350 5182 1
1400 3714 0
1450 2662 0
1500 1866 0
1550 1256 0
1600 798 1
1650 470 0
1700 254 0
1750 126 0
1800 56 0
1850 22 0
1900 8 0
1950 2 0
2000 0 0


Year 2010
class scanned recaptured
100 0 0
150 0 0
200 0 0
250 2 0
300 30 0
350 342 0
400 2546 0
450 12914 0
500 45438 0
550 110634 0
600 193100 0
650 259840 0
700 288924 0
750 275666 2
800 231594 7
850 178066 16
900 131090 8
950 95240 9
1000 68874 3
1050 49434 7
1100 34952 1
1150 24134 2
1200 16262 1
1250 10830 1
1300 7284 0
1350 5028 0
1400 3564 0
1450 2550 0
1500 1794 0
1550 1212 0
1600 770 0
1650 454 0
1700 246 0
1750 120 0
1800 54 0
1850 22 0
1900 8 0
1950 2 0
2000 0 0


Tags2006_R1_R1 :
tag-recapture data for tag Tags2006_R1 in years 2007 2008 2009 2010 , step 1, after proportion 0.5 of mortality, with sampling method size, detection probability 1.
Year 2007
class scanned recaptured
100 0 0
150 0 0
200 0 0
250 2 0
300 28 0
350 344 0
400 2442 0
450 11568 0
500 39724 0
550 99366 0
600 181960 3
650 252416 14
700 280488 19
750 265182 23
800 224010 22
850 176300 26
900 134278 15
950 100438 11
1000 72920 6
1050 50898 8
1100 34514 1
1150 23278 0
1200 15942 0
1250 11162 0
1300 7944 1
1350 5686 0
1400 4062 0
1450 2880 1
1500 2006 0
1550 1350 0
1600 862 0
1650 512 0
1700 278 0
1750 138 0
1800 62 0
1850 24 0
1900 8 0
1950 2 0
2000 0 0


Year 2008
class scanned recaptured
100 0 0
150 0 0
200 0 0
250 2 0
300 28 0
350 344 0
400 2602 0
450 12332 0
500 40170 0
550 97884 1
600 182308 3
650 260086 4
700 291620 16
750 271378 18
800 224512 26
850 174626 21
900 131756 12
950 97934 10
1000 71728 10
1050 51120 9
1100 35200 3
1150 23658 4
1200 15864 0
1250 10828 1
1300 7580 0
1350 5410 0
1400 3886 0
1450 2772 0
1500 1934 0
1550 1300 0
1600 826 0
1650 490 0
1700 266 0
1750 132 0
1800 58 0
1850 24 0
1900 8 0
1950 2 0
2000 0 0


Year 2009
class scanned recaptured
100 0 0
150 0 0
200 0 0
250 2 0
300 28 0
350 338 0
400 2596 0
450 13080 0
500 43468 0
550 101422 0
600 180382 1
650 255904 1
700 293398 9
750 278302 19
800 229716 13
850 175798 14
900 130724 23
950 96182 13
1000 70174 10
1050 50456 4
1100 35360 1
1150 24054 4
1200 16060 0
1250 10754 2
1300 7362 0
1350 5182 0
1400 3714 0
1450 2662 0
1500 1866 0
1550 1256 0
1600 798 0
1650 470 0
1700 254 0
1750 126 0
1800 56 0
1850 22 0
1900 8 0
1950 2 0
2000 0 0


Year 2010
class scanned recaptured
100 0 0
150 0 0
200 0 0
250 2 0
300 30 0
350 342 0
400 2546 0
450 12914 0
500 45438 0
550 110634 0
600 193100 0
650 259840 2
700 288924 4
750 275666 8
800 231594 22
850 178066 19
900 131090 13
950 95240 11
1000 68874 7
1050 49434 4
1100 34952 1
1150 24134 2
1200 16262 1
1250 10830 1
1300 7284 2
1350 5028 0
1400 3564 0
1450 2550 0
1500 1794 0
1550 1212 0
1600 770 0
1650 454 0
1700 246 0
1750 120 0
1800 54 0
1850 22 0
1900 8 0
1950 2 0
2000 0 0


Tags2007_R1_R1 :
tag-recapture data for tag Tags2007_R1 in years 2008 2009 2010 , step 1, after proportion 0.5 of mortality, with sampling method size, detection probability 1.
Year 2008
class scanned recaptured
100 0 0
150 0 0
200 0 0
250 2 0
300 28 0
350 344 0
400 2602 0
450 12332 0
500 40170 1
550 97884 1
600 182308 3
650 260086 11
700 291620 21
750 271378 20
800 224512 21
850 174626 16
900 131756 23
950 97934 11
1000 71728 5
1050 51120 7
1100 35200 0
1150 23658 0
1200 15864 1
1250 10828 0
1300 7580 0
1350 5410 0
1400 3886 0
1450 2772 0
1500 1934 1
1550 1300 1
1600 826 0
1650 490 0
1700 266 0
1750 132 0
1800 58 0
1850 24 0
1900 8 0
1950 2 0
2000 0 0


Year 2009
class scanned recaptured
100 0 0
150 0 0
200 0 0
250 2 0
300 28 0
350 338 0
400 2596 0
450 13080 0
500 43468 0
550 101422 1
600 180382 2
650 255904 10
700 293398 17
750 278302 26
800 229716 15
850 175798 26
900 130724 19
950 96182 14
1000 70174 5
1050 50456 8
1100 35360 2
1150 24054 2
1200 16060 0
1250 10754 3
1300 7362 0
1350 5182 1
1400 3714 0
1450 2662 0
1500 1866 0
1550 1256 0
1600 798 0
1650 470 0
1700 254 0
1750 126 0
1800 56 0
1850 22 0
1900 8 0
1950 2 0
2000 0 0


Year 2010
class scanned recaptured
100 0 0
150 0 0
200 0 0
250 2 0
300 30 0
350 342 0
400 2546 0
450 12914 0
500 45438 0
550 110634 0
600 193100 1
650 259840 3
700 288924 8
750 275666 16
800 231594 15
850 178066 21
900 131090 14
950 95240 10
1000 68874 6
1050 49434 6
1100 34952 1
1150 24134 3
1200 16262 1
1250 10830 0
1300 7284 0
1350 5028 0
1400 3564 1
1450 2550 0
1500 1794 0
1550 1212 0
1600 770 0
1650 454 0
1700 246 0
1750 120 0
1800 54 0
1850 22 0
1900 8 0
1950 2 0
2000 0 0


Tags2008_R1_R1 :
tag-recapture data for tag Tags2008_R1 in years 2009 2010 , step 1, after proportion 0.5 of mortality, with sampling method size, detection probability 1.
Year 2009
class scanned recaptured
100 0 0
150 0 0
200 0 0
250 2 0
300 28 0
350 338 0
400 2596 0
450 13080 0
500 43468 1
550 101422 3
600 180382 2
650 255904 16
700 293398 26
750 278302 32
800 229716 25
850 175798 14
900 130724 20
950 96182 7
1000 70174 12
1050 50456 1
1100 35360 2
1150 24054 0
1200 16060 1
1250 10754 2
1300 7362 1
1350 5182 0
1400 3714 0
1450 2662 0
1500 1866 0
1550 1256 0
1600 798 0
1650 470 0
1700 254 0
1750 126 0
1800 56 0
1850 22 0
1900 8 0
1950 2 0
2000 0 0


Year 2010
class scanned recaptured
100 0 0
150 0 0
200 0 0
250 2 0
300 30 0
350 342 0
400 2546 0
450 12914 0
500 45438 0
550 110634 1
600 193100 4
650 259840 10
700 288924 21
750 275666 28
800 231594 18
850 178066 15
900 131090 19
950 95240 15
1000 68874 5
1050 49434 5
1100 34952 5
1150 24134 2
1200 16262 1
1250 10830 0
1300 7284 0
1350 5028 0
1400 3564 0
1450 2550 0
1500 1794 0
1550 1212 0
1600 770 0
1650 454 0
1700 246 0
1750 120 0
1800 54 0
1850 22 0
1900 8 0
1950 2 0
2000 0 0


Tags2009_R1_R1 :
tag-recapture data for tag Tags2009_R1 in years 2010 , step 1, after proportion 0.5 of mortality, with sampling method size, detection probability 1.
Year 2010
class scanned recaptured
100 0 0
150 0 0
200 0 0
250 2 0
300 30 0
350 342 0
400 2546 0
450 12914 0
500 45438 0
550 110634 4
600 193100 3
650 259840 11
700 288924 23
750 275666 27
800 231594 33
850 178066 18
900 131090 12
950 95240 12
1000 68874 5
1050 49434 8
1100 34952 3
1150 24134 4
1200 16262 1
1250 10830 0
1300 7284 0
1350 5028 0
1400 3564 0
1450 2550 0
1500 1794 0
1550 1212 0
1600 770 0
1650 454 0
1700 246 0
1750 120 0
1800 54 0
1850 22 0
1900 8 0
1950 2 0
2000 0 0



Ageing_error:
  Misclassification matrix:
1 0 0 0 0 0 0 0 0 0 0 0 0 0 0 0 0 0 0 0 0 0 0 0 0 0 0 0 0 0 
0 1 0 0 0 0 0 0 0 0 0 0 0 0 0 0 0 0 0 0 0 0 0 0 0 0 0 0 0 0 
0 0 1 0 0 0 0 0 0 0 0 0 0 0 0 0 0 0 0 0 0 0 0 0 0 0 0 0 0 0 
0 0 0 1 0 0 0 0 0 0 0 0 0 0 0 0 0 0 0 0 0 0 0 0 0 0 0 0 0 0 
0 0 0 0 1 0 0 0 0 0 0 0 0 0 0 0 0 0 0 0 0 0 0 0 0 0 0 0 0 0 
0 0 0 0 0 1 0 0 0 0 0 0 0 0 0 0 0 0 0 0 0 0 0 0 0 0 0 0 0 0 
0 0 0 0 0 0 1 0 0 0 0 0 0 0 0 0 0 0 0 0 0 0 0 0 0 0 0 0 0 0 
0 0 0 0 0 0 0 1 0 0 0 0 0 0 0 0 0 0 0 0 0 0 0 0 0 0 0 0 0 0 
0 0 0 0 0 0 0 0 1 0 0 0 0 0 0 0 0 0 0 0 0 0 0 0 0 0 0 0 0 0 
0 0 0 0 0 0 0 0 0 1 0 0 0 0 0 0 0 0 0 0 0 0 0 0 0 0 0 0 0 0 
0 0 0 0 0 0 0 0 0 0 1 0 0 0 0 0 0 0 0 0 0 0 0 0 0 0 0 0 0 0 
0 0 0 0 0 0 0 0 0 0 0 1 0 0 0 0 0 0 0 0 0 0 0 0 0 0 0 0 0 0 
0 0 0 0 0 0 0 0 0 0 0 0 1 0 0 0 0 0 0 0 0 0 0 0 0 0 0 0 0 0 
0 0 0 0 0 0 0 0 0 0 0 0 0 1 0 0 0 0 0 0 0 0 0 0 0 0 0 0 0 0 
0 0 0 0 0 0 0 0 0 0 0 0 0 0 1 0 0 0 0 0 0 0 0 0 0 0 0 0 0 0 
0 0 0 0 0 0 0 0 0 0 0 0 0 0 0 1 0 0 0 0 0 0 0 0 0 0 0 0 0 0 
0 0 0 0 0 0 0 0 0 0 0 0 0 0 0 0 1 0 0 0 0 0 0 0 0 0 0 0 0 0 
0 0 0 0 0 0 0 0 0 0 0 0 0 0 0 0 0 1 0 0 0 0 0 0 0 0 0 0 0 0 
0 0 0 0 0 0 0 0 0 0 0 0 0 0 0 0 0 0 1 0 0 0 0 0 0 0 0 0 0 0 
0 0 0 0 0 0 0 0 0 0 0 0 0 0 0 0 0 0 0 1 0 0 0 0 0 0 0 0 0 0 
0 0 0 0 0 0 0 0 0 0 0 0 0 0 0 0 0 0 0 0 1 0 0 0 0 0 0 0 0 0 
0 0 0 0 0 0 0 0 0 0 0 0 0 0 0 0 0 0 0 0 0 1 0 0 0 0 0 0 0 0 
0 0 0 0 0 0 0 0 0 0 0 0 0 0 0 0 0 0 0 0 0 0 1 0 0 0 0 0 0 0 
0 0 0 0 0 0 0 0 0 0 0 0 0 0 0 0 0 0 0 0 0 0 0 1 0 0 0 0 0 0 
0 0 0 0 0 0 0 0 0 0 0 0 0 0 0 0 0 0 0 0 0 0 0 0 1 0 0 0 0 0 
0 0 0 0 0 0 0 0 0 0 0 0 0 0 0 0 0 0 0 0 0 0 0 0 0 1 0 0 0 0 
0 0 0 0 0 0 0 0 0 0 0 0 0 0 0 0 0 0 0 0 0 0 0 0 0 0 1 0 0 0 
0 0 0 0 0 0 0 0 0 0 0 0 0 0 0 0 0 0 0 0 0 0 0 0 0 0 0 1 0 0 
0 0 0 0 0 0 0 0 0 0 0 0 0 0 0 0 0 0 0 0 0 0 0 0 0 0 0 0 1 0 
0 0 0 0 0 0 0 0 0 0 0 0 0 0 0 0 0 0 0 0 0 0 0 0 0 0 0 0 0 1 

Free parameters:

initialization.B0
uniform: bounds from 5000 to 500000
current value: 448262
lower bound: 5000
upper bound: 500000


Q's:
qs are nuisance parameters

Penalties:
LL1_Penalty :
Catch limit penalty of 1000 x the sum of squares of (log(actual catch) - log(specified catch)) for fishery LL1 to disencourage breaking exploitation rate limits
LL2_Penalty :
Catch limit penalty of 1000 x the sum of squares of (log(actual catch) - log(specified catch)) for fishery LL2 to disencourage breaking exploitation rate limits
meanYCS_1 :
Vector average penalty of 100 x square of (mean(recruitment.YCS) - 1) 
Penalty_Tags2005_R1_LL1 :
'Fish-must-be-tagged' penalty of 1 x square of (actual number of tagged fish - nominal number of tagged fish) for tagging episode Tags2005_R1_LL1
Penalty_Tags2006_R1_LL1 :
'Fish-must-be-tagged' penalty of 1 x square of (actual number of tagged fish - nominal number of tagged fish) for tagging episode Tags2006_R1_LL1
Penalty_Tags2007_R1_LL1 :
'Fish-must-be-tagged' penalty of 1 x square of (actual number of tagged fish - nominal number of tagged fish) for tagging episode Tags2007_R1_LL1
Penalty_Tags2008_R1_LL1 :
'Fish-must-be-tagged' penalty of 1 x square of (actual number of tagged fish - nominal number of tagged fish) for tagging episode Tags2008_R1_LL1
Penalty_Tags2009_R1_LL1 :
'Fish-must-be-tagged' penalty of 1 x square of (actual number of tagged fish - nominal number of tagged fish) for tagging episode Tags2009_R1_LL1

Components of the objective function are:
  LL1_catchA
  Tags2005_R1_R1
  Tags2006_R1_R1
  Tags2007_R1_R1
  Tags2008_R1_R1
  Tags2009_R1_R1
  prior_on_initialization.B0
  LL1_Penalty
  LL2_Penalty
  meanYCS_1
  Penalty_Tags2005_R1_LL1
  Penalty_Tags2006_R1_LL1
  Penalty_Tags2007_R1_LL1
  Penalty_Tags2008_R1_LL1
  Penalty_Tags2009_R1_LL1

Random number seed : 20547


Minimiser achieved convergence after 7 quasi-Newton iterations using 9 objective function evaluations



Approximate Covariance matrix (Inverse Hessian of parameters at point estimate):
1.10683e+007 

Correlation matrix:
1 

List of parameter names, in the same order as the rows & cols of the covariance/correlation matrices:
initialization.B0 



Start extracting output from here

Point estimate:
initialization.B0
current value: 240154
lower bound: 5000
upper bound: 500000


In a format suitable for -i :

initialization.B0 
240154 

Objective function : 937.941

Components :
LL1_catchA                                         407.795
Tags2005_R1_R1                                     165.65
Tags2006_R1_R1                                     135.624
Tags2007_R1_R1                                     113.681
Tags2008_R1_R1                                     79.6179
Tags2009_R1_R1                                     35.5731
prior_on_initialization.B0                         0
LL1_Penalty                                        0
LL2_Penalty                                        0
meanYCS_1                                          0
Penalty_Tags2005_R1_LL1                            2.06795e-025
Penalty_Tags2006_R1_LL1                            3.30872e-024
Penalty_Tags2007_R1_LL1                            2.06795e-025
Penalty_Tags2008_R1_LL1                            2.06795e-025
Penalty_Tags2009_R1_LL1                            2.06795e-025

Fits : 

The observations are:
LL1_catchA
Tags2005_R1_R1
Tags2006_R1_R1
Tags2007_R1_R1
Tags2008_R1_R1
Tags2009_R1_R1
Fits follow:

LL1_catchA :
catch proportions-at-age for fishery LL1  with ageing error (constrained to sum to 1):
obs (last class is a plus group):
class 1       2       3       4       5       6       7       8       9       10      11      12      13      14      15      16      17      18      19      20      21      22      23      24      25      26      27      28      29      30      
2000 0       0       0       0       0.01    0.02    0.04    0.07    0.22    0.19    0.13    0.06    0.04    0.03    0.06    0.02    0.01    0.04    0       0.04    0       0       0.02    0       0       0       0       0       0       0       
2001 0       0       0       0       0       0.02    0.04    0.1     0.21    0.1     0.15    0.09    0.08    0.06    0.04    0.01    0       0.03    0.02    0.01    0       0       0.01    0.01    0       0.01    0       0.01    0       0       
2002 0       0       0       0       0.02    0.01    0.05    0.08    0.15    0.2     0.12    0.12    0.07    0.04    0.02    0       0.04    0.02    0.03    0.02    0.01    0       0       0       0       0       0       0       0       0       
2003 0       0       0       0       0       0       0.02    0.09    0.18    0.17    0.12    0.11    0.07    0.03    0.01    0.05    0.03    0       0.01    0.05    0.02    0       0.01    0.02    0       0.01    0       0       0       0       
2004 0       0       0       0       0       0.03    0.03    0.11    0.19    0.1     0.1     0.09    0.11    0.1     0.03    0.04    0.04    0       0.01    0       0       0.01    0.01    0       0       0       0       0       0       0       
2005 0       0       0       0       0.01    0.01    0.06    0.12    0.11    0.18    0.09    0.16    0.07    0.01    0.03    0.03    0.03    0.02    0.02    0.01    0.02    0       0.01    0.01    0       0       0       0       0       0       
2006 0       0       0       0       0.01    0.01    0.02    0.13    0.16    0.18    0.12    0.11    0.06    0.03    0.02    0.08    0.02    0.02    0.01    0       0.01    0.01    0       0       0       0       0       0       0       0       
2007 0       0       0       0       0.02    0       0.05    0.06    0.14    0.19    0.08    0.13    0.06    0.04    0.05    0.03    0.04    0.01    0       0.02    0.03    0       0.03    0       0       0       0       0.01    0.01    0       
2008 0       0       0       0       0       0.03    0.04    0.09    0.15    0.14    0.1     0.15    0.09    0.06    0.04    0.04    0.02    0.03    0.01    0       0       0.01    0       0       0       0       0       0       0       0       
2009 0       0       0       0       0       0.04    0.02    0.14    0.17    0.13    0.17    0.08    0.06    0.03    0.06    0.02    0.01    0.01    0.02    0.02    0       0.01    0       0       0.01    0       0       0       0       0       
2010 0       0       0       0       0       0.01    0.04    0.14    0.09    0.2     0.12    0.07    0.05    0.1     0.05    0.04    0.01    0.01    0.02    0.01    0       0.01    0.02    0.01    0       0       0       0       0       0       
fits (last class is a plus group):
class 1       2       3       4       5       6       7       8       9       10      11      12      13      14      15      16      17      18      19      20      21      22      23      24      25      26      27      28      29      30      
2000 5.33324e-007 8.74792e-006 0.000101427 0.000831195 0.00481352 0.019682 0.0566386 0.113757 0.157527 0.149517 0.116924 0.0905043 0.0694356 0.0528688 0.0400114 0.030186 0.022842 0.017483 0.0135699 0.0105512 0.008127 0.00619292 0.00466253 0.00346387 0.0025364 0.00182878 0.00129731 0.000904901 0.000620374 0.00311355 
2001 5.36859e-007 8.80822e-006 0.000102161 0.000837557 0.00485267 0.019852 0.0571509 0.11479 0.158839 0.150711 0.117673 0.0908148 0.0694618 0.0527234 0.0397582 0.0298265 0.0223209 0.0167622 0.0127355 0.00981295 0.00757342 0.00578853 0.00437528 0.00326583 0.00240415 0.00174342 0.00124419 0.000873126 0.000602175 0.00309587 
2002 5.3989e-007 8.85979e-006 0.000102787 0.000842969 0.00488604 0.0199975 0.0575923 0.115685 0.159976 0.151548 0.118238 0.0911097 0.0694848 0.0525849 0.0395343 0.0295563 0.0219979 0.0163402 0.0121829 0.00919044 0.0070301 0.00538481 0.00408305 0.00306015 0.00226366 0.00165048 0.00118476 0.000836484 0.000580448 0.00306585 
2003 5.42563e-007 8.90511e-006 0.000103334 0.00084768 0.004915 0.0201238 0.0579764 0.116466 0.160966 0.152269 0.118565 0.0912944 0.0695217 0.0524642 0.0393312 0.0293196 0.0217497 0.0160701 0.0118534 0.00877624 0.0065736 0.00499126 0.0037933 0.00285238 0.00211884 0.00155253 0.00112062 0.000795886 0.000555673 0.00302368 
2004 5.44991e-007 8.94616e-006 0.000103827 0.000851903 0.00494077 0.0202357 0.0583158 0.117155 0.161834 0.15289 0.118836 0.0913234 0.0694957 0.0523703 0.0391539 0.0291079 0.0215334 0.0158601 0.0116382 0.00852602 0.00626887 0.00466152 0.00351229 0.00264744 0.00197331 0.00145211 0.0010534 0.00075234 0.000528416 0.00296968 
2005 5.47266e-007 8.98445e-006 0.000104285 0.000855803 0.0049644 0.0203373 0.0586219 0.117771 0.162603 0.153428 0.119057 0.091331 0.0693685 0.0522421 0.0390065 0.0289228 0.021341 0.0156774 0.0114696 0.00836042 0.00608312 0.0044409 0.00327733 0.00244941 0.00183029 0.00135158 0.000984764 0.000706902 0.000499309 0.00290436 
2006 5.49463e-007 9.02126e-006 0.000104724 0.000859515 0.00498673 0.0204326 0.0589054 0.118336 0.163296 0.153898 0.119235 0.0913174 0.069238 0.0520476 0.038841 0.0287653 0.0211721 0.0155152 0.0113229 0.00822989 0.00595898 0.00430556 0.00311988 0.00228409 0.00169246 0.00125305 0.000916241 0.00066063 0.000469029 0.00282846 
2007 5.51632e-007 9.0574e-006 0.000105152 0.00086312 0.0050083 0.0205239 0.0591744 0.118864 0.163931 0.154313 0.119375 0.0912829 0.0691014 0.0518585 0.0386319 0.0285986 0.0210266 0.0153724 0.0111927 0.00811631 0.00586069 0.00421445 0.00302282 0.00217317 0.00157752 0.00115826 0.000849193 0.000614514 0.000438245 0.00274292 
2008 5.53816e-007 9.09357e-006 0.000105578 0.000866688 0.00502952 0.0206131 0.0594353 0.11937 0.164527 0.154686 0.119483 0.0912282 0.0689557 0.05167 0.0384309 0.0284029 0.0208766 0.0152482 0.0110776 0.0080153 0.00577504 0.00414202 0.00295712 0.00210454 0.00150032 0.00107926 0.000784767 0.000569442 0.000407598 0.00264891 
2009 5.56044e-007 9.1303e-006 0.000106008 0.000870269 0.0050507 0.0207017 0.0596924 0.119864 0.165099 0.155029 0.119565 0.0911544 0.0687991 0.0514783 0.0382331 0.0282152 0.0207069 0.0151217 0.0109767 0.00792574 0.00569875 0.00407882 0.00290472 0.00205789 0.00145244 0.00102617 0.000731095 0.000526166 0.000377668 0.00254782 
2010 5.58342e-007 9.168e-006 0.000106447 0.000873905 0.00507208 0.0207906 0.059949 0.120353 0.165658 0.155353 0.119627 0.0910633 0.0686304 0.0512803 0.0380344 0.028031 0.020544 0.0149817 0.0108747 0.00784665 0.00563085 0.00402241 0.00285892 0.00202059 0.00141978 0.000993178 0.00069501 0.000490123 0.000348942 0.00244115 
resids (last class is a plus group):
class 1       2       3       4       5       6       7       8       9       10      11      12      13      14      15      16      17      18      19      20      21      22      23      24      25      26      27      28      29      30      
2000 -5.33324e-007 -8.74792e-006 -0.000101427 -0.000831195 0.00518648 0.00031802 -0.0166386 -0.0437566 0.0624732 0.0404831 0.013076 -0.0305043 -0.0294356 -0.0228688 0.0199886 -0.010186 -0.012842 0.022517 -0.0135699 0.0294488 -0.008127 -0.00619292 0.0153375 -0.00346387 -0.0025364 -0.00182878 -0.00129731 -0.000904901 -0.000620374 -0.00311355 
2001 -5.36859e-007 -8.80822e-006 -0.000102161 -0.000837557 -0.00485267 0.000148047 -0.0171509 -0.0147901 0.0511609 -0.0507105 0.0323266 -0.000814764 0.0105382 0.00727664 0.000241768 -0.0198265 -0.0223209 0.0132378 0.0072645 0.000187053 -0.00757342 -0.00578853 0.00562472 0.00673417 -0.00240415 0.00825658 -0.00124419 0.00912687 -0.000602175 -0.00309587 
2002 -5.3989e-007 -8.85979e-006 -0.000102787 -0.000842969 0.015114 -0.00999749 -0.00759232 -0.0356854 -0.00997617 0.0484517 0.00176203 0.0288903 0.000515219 -0.0125849 -0.0195343 -0.0295563 0.0180021 0.00365985 0.0178171 0.0108096 0.0029699 -0.00538481 -0.00408305 -0.00306015 -0.00226366 -0.00165048 -0.00118476 -0.000836484 -0.000580448 -0.00306585 
2003 -5.42563e-007 -8.90511e-006 -0.000103334 -0.00084768 -0.004915 -0.0201238 -0.0379764 -0.0264661 0.019034 0.0177314 0.00143472 0.0187056 0.000478316 -0.0224642 -0.0293312 0.0206804 0.00825025 -0.0160701 -0.00185337 0.0412238 0.0134264 -0.00499126 0.0062067 0.0171476 -0.00211884 0.00844747 -0.00112062 -0.000795886 -0.000555673 -0.00302368 
2004 -5.44991e-007 -8.94616e-006 -0.000103827 -0.000851903 -0.00494077 0.00976431 -0.0283158 -0.00715468 0.0281662 -0.0528899 -0.0188359 -0.00132339 0.0405043 0.0476297 -0.0091539 0.0108921 0.0184666 -0.0158601 -0.00163821 -0.00852602 -0.00626887 0.00533848 0.00648771 -0.00264744 -0.00197331 -0.00145211 -0.0010534 -0.00075234 -0.000528416 -0.00296968 
2005 -5.47266e-007 -8.98445e-006 -0.000104285 -0.000855803 0.0050356 -0.0103373 0.00137814 0.00222856 -0.0526029 0.026572 -0.0290572 0.068669 0.000631541 -0.0422421 -0.00900652 0.00107723 0.00865905 0.00432256 0.00853043 0.00163958 0.0139169 -0.0044409 0.00672267 0.00755059 -0.00183029 -0.00135158 -0.000984764 -0.000706902 -0.000499309 -0.00290436 
2006 -5.49463e-007 -9.02126e-006 -0.000104724 -0.000859515 0.00501327 -0.0104326 -0.0389054 0.0116642 -0.00329555 0.0261024 0.00076526 0.0186826 -0.00923798 -0.0220476 -0.018841 0.0512347 -0.00117211 0.0044848 -0.00132293 -0.00822989 0.00404102 0.00569444 -0.00311988 -0.00228409 -0.00169246 -0.00125305 -0.000916241 -0.00066063 -0.000469029 -0.00282846 
2007 -5.51632e-007 -9.0574e-006 -0.000105152 -0.00086312 0.0149917 -0.0205239 -0.00917439 -0.058864 -0.023931 0.0356873 -0.0393747 0.0387171 -0.00910138 -0.0118585 0.0113681 0.00140142 0.0189734 -0.00537243 -0.0111927 0.0118837 0.0241393 -0.00421445 0.0269772 -0.00217317 -0.00157752 -0.00115826 -0.000849193 0.00938549 0.00956176 -0.00274292 
2008 -5.53816e-007 -9.09357e-006 -0.000105578 -0.000866688 -0.00502952 0.00938689 -0.0194353 -0.0293699 -0.0145271 -0.0146857 -0.019483 0.0587718 0.0210443 0.00832996 0.00156911 0.0115971 -0.000876594 0.0147518 -0.00107765 -0.0080153 -0.00577504 0.00585798 -0.00295712 -0.00210454 -0.00150032 -0.00107926 -0.000784767 -0.000569442 -0.000407598 -0.00264891 
2009 -5.56044e-007 -9.1303e-006 -0.000106008 -0.000870269 -0.0050507 0.0192983 -0.0396924 0.0201361 0.00490082 -0.0250287 0.0504351 -0.0111544 -0.00879905 -0.0214783 0.0217669 -0.00821516 -0.0107069 -0.0051217 0.00902326 0.0120743 -0.00569875 0.00592118 -0.00290472 -0.00205789 0.00854756 -0.00102617 -0.000731095 -0.000526166 -0.000377668 -0.00254782 
2010 -5.58342e-007 -9.168e-006 -0.000106447 -0.000873905 -0.00507208 -0.0107906 -0.019949 0.0196468 -0.0756584 0.0446474 0.000373365 -0.0210633 -0.0186304 0.0487197 0.0119656 0.011969 -0.010544 -0.00498169 0.00912529 0.00215335 -0.00563085 0.00597759 0.0171411 0.00797941 -0.00141978 -0.000993178 -0.00069501 -0.000490123 -0.000348942 -0.00244115 
pearson_resids (last class is a plus group):
class 1       2       3       4       5       6       7       8       9       10      11      12      13      14      15      16      17      18      19      20      21      22      23      24      25      26      27      28      29      30      
2000 -0.00730291 -0.029577 -0.100716 -0.288424 0.749357 0.0228948 -0.719816 -1.37809 1.7149  1.13526 0.406936 -1.06323 -1.158  -1.02197 1.0199  -0.59533 -0.859572 1.71804 -1.17288 2.88218 -0.905185 -0.789399 2.25143 -0.589568 -0.504267 -0.428034 -0.360416 -0.300952 -0.24915 -0.558862 
2001 -0.00732707 -0.0296788 -0.10108 -0.289527 -0.698308 0.0106134 -0.738848 -0.463978 1.39965 -1.41742 1.00324 -0.0283548 0.414503 0.325605 0.0123736 -1.16552 -1.51098 1.03115 0.64786 0.018976 -0.873568 -0.763036 0.852216 1.18031 -0.490912 1.97914 -0.352951 3.0901  -0.245466 -0.557269 
2002 -0.00734772 -0.0297655 -0.101389 -0.290462 2.16752 -0.71415 -0.325891 -1.1157 -0.272139 1.3512  0.0545708 1.00396 0.0202621 -0.563832 -1.00247 -1.74518 1.22733 0.288677 1.62413 1.13278 0.355462 -0.735796 -0.640296 -0.554035 -0.476319 -0.406597 -0.344408 -0.289341 -0.240995 -0.554552 
2003 -0.00736589 -0.0298416 -0.101658 -0.291273 -0.7028 -1.43308 -1.62502 -0.825048 0.517933 0.493524 0.0443808 0.64944 0.0188062 -1.00754 -1.50895 1.22586 0.565608 -1.27799 -0.17125 4.41985 1.66146 -0.708258 1.00966 3.21529 -0.460797 2.14558 -0.334944 -0.282227 -0.235793 -0.550713 
2004 -0.00738235 -0.0299103 -0.101901 -0.291998 -0.704649 0.69346 -1.20832 -0.222468 0.764767 -1.46965 -0.582081 -0.0459402 1.59281 2.13804 -0.471945 0.647917 1.2722  -1.26948 -0.152745 -0.927326 -0.794255 0.783734 1.09663 -0.515216 -0.444658 -0.381342 -0.324733 -0.274391 -0.229934 -0.545758 
2005 -0.00739774 -0.0299742 -0.102125 -0.292666 0.716472 -0.732358 0.0586652 0.0691375 -1.42554 0.737291 -0.897226 2.38368 0.024856 -1.89839 -0.465188 0.0642781 0.599167 0.347964 0.801128 0.18007 1.7898  -0.667886 1.17624 1.5275  -0.428211 -0.367887 -0.313964 -0.26597 -0.223508 -0.539705 
2006 -0.00741258 -0.0300355 -0.10234 -0.293301 0.711703 -0.737417 -1.6524 0.361114 -0.0891568 0.723358 0.0236144 0.648565 -0.363903 -0.992586 -0.975125 3.06527 -0.0814207 0.362877 -0.125035 -0.910943 0.525052 0.869707 -0.559432 -0.478468 -0.411744 -0.354207 -0.302833 -0.257112 -0.216622 -0.532586 
2007 -0.0074272 -0.0300956 -0.102549 -0.293916 2.12371 -1.44755 -0.388826 -1.81888 -0.646412 0.987889 -1.21441 1.34429 -0.35885 -0.534789 0.589887 0.0840805 1.32243 -0.43668 -1.06393 1.32447 3.16247 -0.65056 4.91414 -0.46668 -0.397493 -0.34053 -0.291533 3.78726 4.56851 -0.524449 
2008 -0.00744188 -0.0301557 -0.102756 -0.294523 -0.710981 0.660652 -0.822004 -0.905854 -0.391827 -0.406127 -0.600666 2.04116 0.830546 0.376308 0.0816248 0.698112 -0.0613127 1.20385 -0.102961 -0.898892 -0.762141 0.912101 -0.544599 -0.459236 -0.387631 -0.328699 -0.280247 -0.238698 -0.201932 -0.515359 
2009 -0.00745684 -0.0302165 -0.102966 -0.295132 -0.712484 1.35538 -1.67538 0.619949 0.132001 -0.691532 1.55447 -0.387535 -0.347635 -0.971994 1.13512 -0.496123 -0.751883 -0.419684 0.866012 1.36166 -0.757061 0.929027 -0.539739 -0.454107 2.24445 -0.320504 -0.270487 -0.229443 -0.194374 -0.505403 
2010 -0.00747223 -0.0302788 -0.103179 -0.295748 -0.713998 -0.756264 -0.84034 0.603821 -2.03507 1.23254 0.011505 -0.732129 -0.736891 2.20882 0.625557 0.725122 -0.74331 -0.410085 0.879857 0.244052 -0.752511 0.944406 3.2104  1.77693 -0.377067 -0.315304 -0.263722 -0.221441 -0.186832 -0.494685 
objective function: multinomial likelihood, with delta = 1e-011, N =
100 100 100 100 100 100 100 100 100 100 100 100 100 100 100 100 100 100 100 100 100 100 100 100 100 100 100 100 100 100 
100 100 100 100 100 100 100 100 100 100 100 100 100 100 100 100 100 100 100 100 100 100 100 100 100 100 100 100 100 100 
100 100 100 100 100 100 100 100 100 100 100 100 100 100 100 100 100 100 100 100 100 100 100 100 100 100 100 100 100 100 
100 100 100 100 100 100 100 100 100 100 100 100 100 100 100 100 100 100 100 100 100 100 100 100 100 100 100 100 100 100 
100 100 100 100 100 100 100 100 100 100 100 100 100 100 100 100 100 100 100 100 100 100 100 100 100 100 100 100 100 100 
100 100 100 100 100 100 100 100 100 100 100 100 100 100 100 100 100 100 100 100 100 100 100 100 100 100 100 100 100 100 
100 100 100 100 100 100 100 100 100 100 100 100 100 100 100 100 100 100 100 100 100 100 100 100 100 100 100 100 100 100 
100 100 100 100 100 100 100 100 100 100 100 100 100 100 100 100 100 100 100 100 100 100 100 100 100 100 100 100 100 100 
100 100 100 100 100 100 100 100 100 100 100 100 100 100 100 100 100 100 100 100 100 100 100 100 100 100 100 100 100 100 
100 100 100 100 100 100 100 100 100 100 100 100 100 100 100 100 100 100 100 100 100 100 100 100 100 100 100 100 100 100 
100 100 100 100 100 100 100 100 100 100 100 100 100 100 100 100 100 100 100 100 100 100 100 100 100 100 100 100 100 100 

Tags2005_R1_R1 :
tag-recapture data for tag Tags2005_R1 in years 2006 2007 2008 2009 2010 , step 1, after proportion 0.5 of mortality, with sampling method size, detection probability 1.
Year 2006
class scanned recaptured expected_prop neg_log_likelihood
100 0 0 0 0
150 0 0 1.16478e-012 0
200 0 0 6.9199e-012 0
250 2 0 4.89827e-011 9.79654e-011
300 28 0 6.57757e-010 1.84172e-008
350 320 0 8.20957e-009 2.62706e-006
400 2302 0 7.65695e-008 0.000176263
450 11502 0 5.16022e-007 0.00593529
500 39770 0 2.45854e-006 0.0977761
550 96806 1 8.41243e-006 1.0197
600 173902 4 2.14541e-005 1.64234
650 243624 7 4.25608e-005 2.52237
700 277690 17 6.8372e-005 2.44814
750 266092 34 9.23727e-005 4.29534
800 224820 21 0.000109266 2.71738
850 178122 14 0.000117887 3.56742
900 136978 23 0.000119931 3.65806
950 101584 15 0.00011735 2.64576
1000 71958 10 0.000111327 2.30725
1050 49292 8 0.000102532 2.69715
1100 33518 3 9.14698e-005 1.49659
1150 23134 2 7.86834e-005 1.31541
1200 16316 0 6.50371e-005 1.06118
1250 11662 0 5.18615e-005 0.604824
1300 8346 0 4.04584e-005 0.337673
1350 5944 0 3.15112e-005 0.187305
1400 4222 0 2.51096e-005 0.106014
1450 2988 0 2.07721e-005 0.0620677
1500 2086 0 1.78867e-005 0.037312
1550 1406 0 1.59811e-005 0.0224696
1600 896 0 1.46766e-005 0.0131504
1650 530 0 1.37968e-005 0.00731238
1700 286 0 1.32192e-005 0.00378071
1750 140 0 1.28482e-005 0.00179876
1800 62 0 1.26134e-005 0.000782038
1850 24 0 1.24658e-005 0.000299182
1900 8 0 1.23708e-005 9.89668e-005
1950 2 0 1.22995e-005 2.45992e-005
2000 0 0 1.22214e-005 0

total neg_log_likelihood: 34.8829


Year 2007
class scanned recaptured expected_prop neg_log_likelihood
100 0 0 0 0
150 0 0 3.89881e-015 0
200 0 0 3.94428e-013 0
250 2 0 5.8856e-012 1.17713e-011
300 28 0 1.20004e-010 3.36012e-009
350 344 0 1.648e-009 5.66913e-007
400 2442 0 1.58531e-008 3.87133e-005
450 11568 0 1.21813e-007 0.00140913
500 39724 0 7.03956e-007 0.027964
550 99366 0 2.96954e-006 0.295072
600 181960 5 9.31724e-006 3.84338
650 252416 6 2.24957e-005 1.83763
700 280488 15 4.32684e-005 2.59255
750 265182 23 6.83717e-005 3.09236
800 224010 24 9.15931e-005 2.79148
850 176300 17 0.000107924 2.45244
900 134278 12 0.000116173 2.61986
950 100438 8 0.000117812 2.67042
1000 72920 5 0.000114693 2.53163
1050 50898 3 0.000107974 2.17557
1100 34514 0 9.82805e-005 3.39222
1150 23278 1 8.61424e-005 1.30947
1200 15942 2 7.24253e-005 1.5602
1250 11162 0 5.85637e-005 0.653707
1300 7944 0 4.61147e-005 0.366343
1350 5686 0 3.6054e-005 0.205007
1400 4062 1 2.86963e-005 2.26585
1450 2880 0 2.363e-005 0.0680552
1500 2006 0 2.0213e-005 0.0405476
1550 1350 0 1.79299e-005 0.0242055
1600 862 0 1.63435e-005 0.0140882
1650 512 0 1.52561e-005 0.00781117
1700 278 0 1.45309e-005 0.00403962
1750 138 0 1.40588e-005 0.00194013
1800 62 0 1.37569e-005 0.000852934
1850 24 0 1.35659e-005 0.000325583
1900 8 0 1.34432e-005 0.000107547
1950 2 0 1.33549e-005 2.671e-005
2000 0 0 1.32646e-005 0

total neg_log_likelihood: 36.8466


Year 2008
class scanned recaptured expected_prop neg_log_likelihood
100 0 0 0 0
150 0 0 0 0
200 0 0 1.13514e-014 0
250 2 0 5.36975e-013 1.07403e-012
300 28 0 2.02255e-011 5.66314e-010
350 344 0 3.71521e-010 1.27803e-007
400 2602 0 3.64659e-009 9.48844e-006
450 12332 0 2.8138e-008 0.000346998
500 40170 0 1.8467e-007 0.00741819
550 97884 0 9.29492e-007 0.0909825
600 182308 1 3.53636e-006 1.08366
650 260086 2 1.03419e-005 1.404
700 291620 3 2.38613e-005 2.93035
750 271378 14 4.45556e-005 2.38768
800 224512 14 6.90084e-005 2.31878
850 174626 14 9.12834e-005 2.3676
900 131756 18 0.000106805 2.872
950 97934 14 0.000114436 2.5666
1000 71728 7 0.000115475 2.00866
1050 51120 5 0.0001116 1.78573
1100 35200 4 0.000103868 1.6485
1150 23658 0 9.29054e-005 2.19806
1200 15864 0 7.95759e-005 1.26244
1250 10828 0 6.53844e-005 0.708005
1300 7580 0 5.21147e-005 0.39504
1350 5410 1 4.10451e-005 1.72685
1400 3886 0 3.27565e-005 0.127294
1450 2772 0 2.69517e-005 0.0747111
1500 1934 0 2.29844e-005 0.0444524
1550 1300 0 2.03076e-005 0.0264002
1600 826 0 1.84279e-005 0.0152216
1650 490 0 1.71258e-005 0.00839172
1700 266 0 1.62491e-005 0.0043223
1750 132 0 1.56737e-005 0.00206895
1800 58 0 1.53035e-005 0.000887607
1850 24 0 1.50683e-005 0.000361642
1900 8 0 1.49175e-005 0.000119341
1950 2 0 1.48105e-005 2.96211e-005
2000 0 0 1.47068e-005 0

total neg_log_likelihood: 30.067


Year 2009
class scanned recaptured expected_prop neg_log_likelihood
100 0 0 0 0
150 0 0 0 0
200 0 0 3.84464e-017 0
250 2 0 3.27831e-014 6.55032e-014
300 28 0 2.68999e-012 7.53189e-011
350 338 0 8.12861e-011 2.74747e-008
400 2596 0 9.95613e-010 2.58461e-006
450 13080 0 6.92716e-009 9.06073e-005
500 43468 0 4.72528e-008 0.00205399
550 101422 0 2.69128e-007 0.0272955
600 180382 1 1.20835e-006 1.74138
650 255904 1 4.22569e-006 1.00314
700 293398 3 1.16353e-005 1.52207
750 278302 7 2.56875e-005 1.90534
800 229716 14 4.63919e-005 2.72119
850 175798 6 7.01215e-005 3.83571
900 130724 12 9.13086e-005 2.16846
950 96182 15 0.000105806 3.27453
1000 70174 5 0.00011259 2.35352
1050 50456 7 0.000112761 2.04426
1100 35360 5 0.000107774 1.90902
1150 24054 1 9.85968e-005 1.50808
1200 16060 0 8.61875e-005 1.38423
1250 10754 0 7.2104e-005 0.775434
1300 7362 2 5.83214e-005 2.81345
1350 5182 1 4.64156e-005 1.66541
1400 3714 0 3.72668e-005 0.138412
1450 2662 0 3.07387e-005 0.0818277
1500 1866 0 2.62131e-005 0.0489143
1550 1256 0 2.31288e-005 0.0290501
1600 798 1 2.09428e-005 4.1083
1650 470 0 1.94168e-005 0.009126
1700 254 0 1.83828e-005 0.00466927
1750 126 0 1.77006e-005 0.0022303
1800 56 0 1.72601e-005 0.000966571
1850 22 0 1.69798e-005 0.000373559
1900 8 0 1.68003e-005 0.000134403
1950 2 0 1.66737e-005 3.33477e-005
2000 0 0 1.65533e-005 0

total neg_log_likelihood: 37.0787


Year 2010
class scanned recaptured expected_prop neg_log_likelihood
100 0 0 0 0
150 0 0 0 0
200 0 0 0 0
250 2 0 9.76824e-016 1.9984e-015
300 30 0 2.56415e-013 7.69385e-012
350 342 0 1.48455e-011 5.07715e-009
400 2546 0 3.05041e-010 7.76635e-007
450 12914 0 1.94609e-009 2.51318e-005
500 45438 0 1.26694e-008 0.000575673
550 110634 0 7.59899e-008 0.00840707
600 193100 0 3.85576e-007 0.0744548
650 259840 0 1.5752e-006 0.4093
700 288924 0 5.11543e-006 1.47797
750 275666 2 1.32788e-005 1.75846
800 231594 7 2.79563e-005 1.92455
850 178066 16 4.8643e-005 4.79112
900 131090 8 7.15768e-005 2.07638
950 95240 9 9.15418e-005 2.03126
1000 68874 3 0.000104819 3.08089
1050 49434 7 0.000110467 2.10274
1100 34952 1 0.000109372 2.4819
1150 24134 2 0.000102776 1.35667
1200 16262 1 9.19129e-005 1.09275
1250 10830 1 7.8457e-005 1.01253
1300 7284 0 6.45535e-005 0.470223
1350 5028 0 5.20602e-005 0.261766
1400 3564 0 4.2177e-005 0.150322
1450 2550 0 3.49749e-005 0.0891874
1500 1794 0 2.99017e-005 0.0536444
1550 1212 0 2.64043e-005 0.0320024
1600 770 0 2.39015e-005 0.0184044
1650 454 0 2.21413e-005 0.0100523
1700 246 0 2.09421e-005 0.00515182
1750 120 0 2.01481e-005 0.00241779
1800 54 0 1.9634e-005 0.00106024
1850 22 0 1.93067e-005 0.000424751
1900 8 0 1.90976e-005 0.000152782
1950 2 0 1.89512e-005 3.79027e-005
2000 0 0 1.88126e-005 0

total neg_log_likelihood: 26.7748


Tags2006_R1_R1 :
tag-recapture data for tag Tags2006_R1 in years 2007 2008 2009 2010 , step 1, after proportion 0.5 of mortality, with sampling method size, detection probability 1.
Year 2007
class scanned recaptured expected_prop neg_log_likelihood
100 0 0 0 0
150 0 0 2.26501e-012 0
200 0 0 1.03325e-011 0
250 2 0 6.04115e-011 1.20823e-010
300 28 0 7.83262e-010 2.19313e-008
350 344 0 9.71722e-009 3.34272e-006
400 2442 0 8.7139e-008 0.000212793
450 11568 0 5.61627e-007 0.00649691
500 39724 0 2.59123e-006 0.102934
550 99366 0 8.6998e-006 0.864468
600 181960 3 2.198e-005 1.63274
650 252416 14 4.34758e-005 2.62781
700 280488 19 6.99202e-005 2.40515
750 265182 23 9.47559e-005 2.583
800 224010 22 0.000112394 2.67771
850 176300 26 0.00012126 3.01825
900 134278 15 0.000122773 2.34753
950 100438 11 0.000118866 2.16332
1000 72920 6 0.000110951 2.1256
1050 50898 8 0.000100096 2.67372
1100 34514 1 8.72595e-005 1.90922
1150 23278 0 7.33714e-005 1.708
1200 15942 0 5.9454e-005 0.947844
1250 11162 0 4.67156e-005 0.521452
1300 7944 1 3.61536e-005 1.53474
1350 5686 0 2.81492e-005 0.160059
1400 4062 0 2.25839e-005 0.0917369
1450 2880 1 1.89001e-005 2.96521
1500 2006 0 1.64948e-005 0.0330889
1550 1350 0 1.49285e-005 0.0201536
1600 862 0 1.38658e-005 0.0119524
1650 512 0 1.3152e-005 0.00673386
1700 278 0 1.26839e-005 0.00352614
1750 138 0 1.23831e-005 0.00170887
1800 62 0 1.21924e-005 0.000755934
1850 24 0 1.20722e-005 0.000289735
1900 8 0 1.19946e-005 9.59576e-005
1950 2 0 1.19375e-005 2.38752e-005
2000 0 0 1.18772e-005 0

total neg_log_likelihood: 35.1456


Year 2008
class scanned recaptured expected_prop neg_log_likelihood
100 0 0 0 0
150 0 0 7.83348e-015 0
200 0 0 6.83034e-013 0
250 2 0 7.59293e-012 1.51859e-011
300 28 0 1.38313e-010 3.87277e-009
350 344 0 1.89082e-009 6.50443e-007
400 2602 0 1.81281e-008 4.71693e-005
450 12332 0 1.35147e-007 0.00166664
500 40170 0 7.5507e-007 0.0303312
550 97884 1 3.10735e-006 1.49436
600 182308 3 9.60594e-006 1.86202
650 260086 4 2.30259e-005 2.00726
700 291620 16 4.42028e-005 2.65852
750 271378 18 6.99464e-005 2.39457
800 224512 26 9.39666e-005 3.08138
850 174626 21 0.00011095 2.51145
900 131756 12 0.000119322 2.64834
950 97934 10 0.000120313 2.22076
1000 71728 10 0.000115798 2.24059
1050 51120 9 0.0001072 2.97186
1100 35200 3 9.55724e-005 1.51634
1150 23658 4 8.19027e-005 2.4698
1200 15864 0 6.73784e-005 1.06893
1250 10828 1 5.34839e-005 1.12532
1300 7580 0 4.1565e-005 0.31507
1350 5410 0 3.22953e-005 0.17472
1400 3886 0 2.57294e-005 0.0999857
1450 2772 0 2.13277e-005 0.0591211
1500 1934 0 1.84249e-005 0.035634
1550 1300 0 1.65202e-005 0.0214764
1600 826 0 1.5215e-005 0.0125677
1650 490 0 1.43285e-005 0.00702104
1700 266 0 1.37404e-005 0.00365498
1750 132 0 1.33585e-005 0.00176333
1800 58 0 1.31143e-005 0.000760635
1850 24 0 1.29595e-005 0.00031103
1900 8 0 1.28596e-005 0.000102878
1950 2 0 1.27875e-005 2.55751e-005
2000 0 0 1.27161e-005 0

total neg_log_likelihood: 33.0358


Year 2009
class scanned recaptured expected_prop neg_log_likelihood
100 0 0 0 0
150 0 0 0 0
200 0 0 2.20658e-014 0
250 2 0 7.83211e-013 1.56652e-012
300 28 0 2.37183e-011 6.64114e-010
350 338 0 4.13567e-010 1.39786e-007
400 2596 0 4.0884e-009 1.06135e-005
450 13080 0 3.14211e-008 0.000410988
500 43468 0 2.0102e-007 0.00873793
550 101422 0 9.85464e-007 0.0999478
600 180382 1 3.67788e-006 1.07376
650 255904 1 1.06338e-005 1.72014
700 293398 9 2.44061e-005 2.24504
750 278302 19 4.5528e-005 3.76415
800 229716 13 7.06277e-005 2.55183
850 175798 14 9.36529e-005 2.43873
900 130724 23 0.000109719 4.69489
950 96182 13 0.000117334 2.33188
1000 70174 10 0.000117602 2.25167
1050 50456 4 0.000112271 1.90574
1100 35360 1 0.000102708 2.34212
1150 24054 4 8.99913e-005 2.25366
1200 16060 0 7.54136e-005 1.21119
1250 10754 2 6.06988e-005 2.199
1300 7362 0 4.75611e-005 0.350153
1350 5182 0 3.70314e-005 0.1919
1400 3714 0 2.94103e-005 0.109232
1450 2662 0 2.42266e-005 0.0644919
1500 1866 0 2.07722e-005 0.0387614
1550 1256 0 1.84904e-005 0.0232242
1600 798 0 1.69169e-005 0.0134998
1650 470 0 1.58417e-005 0.00744563
1700 254 0 1.51243e-005 0.00384161
1750 126 0 1.46562e-005 0.00184669
1800 56 0 1.43557e-005 0.000803925
1850 22 0 1.41647e-005 0.000311627
1900 8 0 1.40415e-005 0.000112333
1950 2 0 1.39529e-005 2.7906e-005
2000 0 0 1.38671e-005 0

total neg_log_likelihood: 33.8986


Year 2010
class scanned recaptured expected_prop neg_log_likelihood
100 0 0 0 0
150 0 0 0 0
200 0 0 7.72465e-017 0
250 2 0 5.64747e-014 1.13021e-013
300 30 0 3.39065e-012 1.01719e-010
350 342 0 9.02789e-011 3.08754e-008
400 2546 0 1.08323e-009 2.75791e-006
450 12914 0 7.65773e-009 9.88919e-005
500 45438 0 5.17397e-008 0.00235095
550 110634 0 2.88453e-007 0.0319127
600 193100 0 1.26861e-006 0.244969
650 259840 2 4.3719e-006 1.57412
700 288924 4 1.19377e-005 1.6747
750 275666 8 2.62624e-005 2.00766
800 231594 22 4.74201e-005 6.73551
850 178066 19 7.17945e-005 3.70817
900 131090 13 9.36687e-005 2.22854
950 95240 11 0.000108587 2.14592
1000 68874 7 0.000115205 1.96109
1050 49434 4 0.000114484 1.90417
1100 34952 1 0.000108004 2.44666
1150 24134 2 9.7092e-005 1.33328
1200 16262 1 8.31613e-005 1.05048
1250 10830 1 6.81207e-005 1.04186
1300 7284 2 5.40353e-005 2.95165
1350 5028 0 4.23378e-005 0.212879
1400 3564 0 3.36507e-005 0.119933
1450 2550 0 2.76362e-005 0.0704732
1500 1794 0 2.35781e-005 0.0422996
1550 1212 0 2.08757e-005 0.0253016
1600 770 0 1.90006e-005 0.0146306
1650 454 0 1.77135e-005 0.00804201
1700 246 0 1.68521e-005 0.00414564
1750 120 0 1.62885e-005 0.00195464
1800 54 0 1.59262e-005 0.000860021
1850 22 0 1.56957e-005 0.000345309
1900 8 0 1.55471e-005 0.000124378
1950 2 0 1.54405e-005 3.08812e-005
2000 0 0 1.53375e-005 0

total neg_log_likelihood: 33.5441


Tags2007_R1_R1 :
tag-recapture data for tag Tags2007_R1 in years 2008 2009 2010 , step 1, after proportion 0.5 of mortality, with sampling method size, detection probability 1.
Year 2008
class scanned recaptured expected_prop neg_log_likelihood
100 0 0 0 0
150 0 0 1.25891e-012 0
200 0 0 8.33025e-012 0
250 2 0 5.48451e-011 1.0969e-010
300 28 0 7.22171e-010 2.02208e-008
350 344 0 9.05979e-009 3.11657e-006
400 2602 0 8.36743e-008 0.000217721
450 12332 0 5.52889e-007 0.00681823
500 40170 1 2.58766e-006 2.36783
550 97884 1 8.74636e-006 1.01146
600 182308 3 2.21431e-005 1.64221
650 260086 11 4.37619e-005 2.13192
700 291620 21 7.01969e-005 2.45191
750 271378 20 9.4811e-005 3.1124
800 224512 21 0.000112159 2.81326
850 174626 16 0.000121021 2.99162
900 131756 23 0.000123162 3.74006
950 97934 11 0.00012062 2.15404
1000 71728 5 0.000114596 2.47457
1050 51120 7 0.000105711 2.11916
1100 35200 0 9.44241e-005 3.32388
1150 23658 0 8.12676e-005 1.92271
1200 15864 1 6.71147e-005 1.00198
1250 10828 0 5.33472e-005 0.577659
1300 7580 0 4.13785e-005 0.313656
1350 5410 0 3.20094e-005 0.173173
1400 3886 0 2.53756e-005 0.0986108
1450 2772 0 2.09559e-005 0.0580904
1500 1934 1 1.80748e-005 3.38858
1550 1300 1 1.62113e-005 3.88074
1600 826 0 1.49596e-005 0.0123567
1650 490 0 1.41278e-005 0.00692266
1700 266 0 1.35871e-005 0.0036142
1750 132 0 1.3242e-005 0.00174796
1800 58 0 1.30243e-005 0.000755412
1850 24 0 1.2887e-005 0.000309291
1900 8 0 1.27977e-005 0.000102382
1950 2 0 1.27306e-005 2.54613e-005
2000 0 0 1.26601e-005 0

total neg_log_likelihood: 43.7824


Year 2009
class scanned recaptured expected_prop neg_log_likelihood
100 0 0 0 0
150 0 0 3.97733e-015 0
200 0 0 4.73397e-013 0
250 2 0 6.79584e-012 1.35916e-011
300 28 0 1.30829e-010 3.66321e-009
350 338 0 1.78795e-009 6.04327e-007
400 2596 0 1.72658e-008 4.48221e-005
450 13080 0 1.314e-007 0.00171872
500 43468 0 7.47078e-007 0.032474
550 101422 1 3.10651e-006 1.47003
600 180382 2 9.65092e-006 1.32524
650 255904 10 2.31666e-005 3.23526
700 293398 17 4.44352e-005 2.88956
750 278302 26 7.01536e-005 3.52301
800 229716 15 9.39833e-005 3.40572
850 175798 26 0.000110769 3.54
900 130724 19 0.000119269 2.7436
950 96182 14 0.000121013 2.46905
1000 70174 5 0.000117933 2.49667
1050 50456 8 0.000111197 2.41794
1100 35360 2 0.000101395 1.72478
1150 24054 2 8.90084e-005 1.31156
1200 16060 0 7.48771e-005 1.20257
1250 10754 3 6.04569e-005 3.73367
1300 7362 0 4.74032e-005 0.348991
1350 5182 1 3.68254e-005 1.84717
1400 3714 0 2.91232e-005 0.108165
1450 2662 0 2.38779e-005 0.0635638
1500 1866 0 2.03955e-005 0.0380584
1550 1256 0 1.81103e-005 0.0227468
1600 798 0 1.65525e-005 0.013209
1650 470 0 1.55023e-005 0.00728614
1700 254 0 1.48109e-005 0.00376201
1750 126 0 1.43648e-005 0.00180998
1800 56 0 1.4081e-005 0.00078854
1850 22 0 1.39014e-005 0.000305832
1900 8 0 1.37848e-005 0.000110279
1950 2 0 1.36987e-005 2.73977e-005
2000 0 0 1.36116e-005 0

total neg_log_likelihood: 39.9789


Year 2010
class scanned recaptured expected_prop neg_log_likelihood
100 0 0 0 0
150 0 0 0 0
200 0 0 1.22773e-014 0
250 2 0 6.48556e-013 1.29718e-012
300 30 0 2.2374e-011 6.7122e-010
350 342 0 3.98183e-010 1.36179e-007
400 2546 0 3.91713e-009 9.973e-006
450 12914 0 3.03084e-008 0.000391403
500 45438 0 1.96942e-007 0.00894867
550 110634 0 9.77878e-007 0.108187
600 193100 1 3.67802e-006 1.0524
650 259840 3 1.06743e-005 1.50491
700 288924 8 2.45253e-005 2.02563
750 275666 16 4.57142e-005 2.7322
800 231594 15 7.07784e-005 2.33933
850 178066 21 9.36497e-005 2.9628
900 131090 14 0.000109617 2.24916
950 95240 10 0.000117498 2.14422
1000 68874 6 0.000118648 2.1469
1050 49434 6 0.000114809 1.83774
1100 34952 1 0.00010705 2.4222
1150 24134 3 9.59561e-005 1.58824
1200 16262 1 8.23342e-005 1.04703
1250 10830 0 6.76664e-005 0.732852
1300 7284 0 5.3802e-005 0.391904
1350 5028 0 4.21538e-005 0.211954
1400 3564 1 3.34202e-005 2.24679
1450 2550 0 2.73347e-005 0.0697043
1500 1794 0 2.32184e-005 0.0416542
1550 1212 0 2.04782e-005 0.0248198
1600 770 0 1.85856e-005 0.014311
1650 454 0 1.72956e-005 0.00785228
1700 246 0 1.64388e-005 0.00404399
1750 120 0 1.58823e-005 0.00190589
1800 54 0 1.55265e-005 0.000838439
1850 22 0 1.53011e-005 0.000336626
1900 8 0 1.51553e-005 0.000121243
1950 2 0 1.50488e-005 3.00978e-005
2000 0 0 1.49423e-005 0

total neg_log_likelihood: 29.9194


Tags2008_R1_R1 :
tag-recapture data for tag Tags2008_R1 in years 2009 2010 , step 1, after proportion 0.5 of mortality, with sampling method size, detection probability 1.
Year 2009
class scanned recaptured expected_prop neg_log_likelihood
100 0 0 0 0
150 0 0 1.29459e-012 0
200 0 0 9.04007e-012 0
250 2 0 5.87991e-011 1.17598e-010
300 28 0 7.72003e-010 2.16161e-008
350 338 0 9.70825e-009 3.28139e-006
400 2596 0 8.95362e-008 0.000232436
450 13080 0 5.89221e-007 0.00770701
500 43468 1 2.74776e-006 2.24438
550 101422 3 9.27145e-006 2.91667
600 180382 2 2.34521e-005 2.03893
650 255904 16 4.62711e-005 2.96779
700 293398 26 7.39061e-005 2.95477
750 278302 32 9.89729e-005 2.99677
800 229716 25 0.000115459 2.57623
850 175798 14 0.000122197 3.7323
900 130724 20 0.000121534 2.91247
950 96182 7 0.000116221 2.80574
1000 70174 12 0.000108007 3.26153
1050 50456 1 9.78112e-005 3.33892
1100 35360 2 8.61721e-005 1.51183
1150 24054 0 7.35307e-005 1.76877
1200 16060 1 6.05036e-005 1.00038
1250 10754 2 4.81048e-005 2.52867
1300 7362 1 3.74089e-005 1.56489
1350 5182 0 2.90377e-005 0.150476
1400 3714 0 2.30982e-005 0.0857877
1450 2662 0 1.91334e-005 0.0509337
1500 1866 0 1.65469e-005 0.0308767
1550 1256 0 1.48747e-005 0.0186827
1600 798 0 1.37531e-005 0.010975
1650 470 0 1.30091e-005 0.00611431
1700 254 0 1.25265e-005 0.00318174
1750 126 0 1.22189e-005 0.00153959
1800 56 0 1.2025e-005 0.000673404
1850 22 0 1.19029e-005 0.000261866
1900 8 0 1.18233e-005 9.45872e-005
1950 2 0 1.17631e-005 2.35264e-005
2000 0 0 1.16997e-005 0

total neg_log_likelihood: 43.4886


Year 2010
class scanned recaptured expected_prop neg_log_likelihood
100 0 0 0 0
150 0 0 4.01354e-015 0
200 0 0 5.05641e-013 0
250 2 0 7.3565e-012 1.47129e-011
300 30 0 1.39521e-010 4.18562e-009
350 342 0 1.90948e-009 6.5304e-007
400 2546 0 1.84473e-008 4.69668e-005
450 12914 0 1.40172e-007 0.00181018
500 45438 0 7.94194e-007 0.0360866
550 110634 1 3.29347e-006 1.37395
600 193100 4 1.02173e-005 2.43287
650 259840 10 2.45003e-005 2.96061
700 288924 21 4.68932e-005 4.19687
750 275666 28 7.36773e-005 3.8885
800 231594 18 9.78102e-005 2.88304
850 178066 15 0.000113637 3.02305
900 131090 19 0.000120003 2.71377
950 95240 15 0.000119018 2.81574
1000 68874 5 0.000113308 2.31833
1050 49434 5 0.000104575 1.74306
1100 34952 5 9.36952e-005 2.13096
1150 24134 2 8.12158e-005 1.30722
1200 16262 1 6.78141e-005 1.00492
1250 10830 0 5.45998e-005 0.591332
1300 7284 0 4.28324e-005 0.311998
1350 5028 0 3.3352e-005 0.167696
1400 3564 0 2.64542e-005 0.094284
1450 2550 0 2.17525e-005 0.0554695
1500 1794 0 1.8628e-005 0.033419
1550 1212 0 1.65769e-005 0.0200913
1600 770 0 1.51788e-005 0.0116878
1650 454 0 1.42373e-005 0.00646376
1700 246 0 1.36181e-005 0.00335008
1750 120 0 1.32191e-005 0.00158631
1800 54 0 1.29656e-005 0.000700145
1850 22 0 1.28053e-005 0.000281717
1900 8 0 1.27013e-005 0.000101611
1950 2 0 1.26243e-005 2.52487e-005
2000 0 0 1.25455e-005 0

total neg_log_likelihood: 36.1293


Tags2009_R1_R1 :
tag-recapture data for tag Tags2009_R1 in years 2010 , step 1, after proportion 0.5 of mortality, with sampling method size, detection probability 1.
Year 2010
class scanned recaptured expected_prop neg_log_likelihood
100 0 0 0 0
150 0 0 1.30485e-012 0
200 0 0 9.2016e-012 0
250 2 0 6.00381e-011 1.20076e-010
300 30 0 7.79571e-010 2.33871e-008
350 342 0 9.81469e-009 3.35662e-006
400 2546 0 9.06273e-008 0.000230737
450 12914 0 5.94275e-007 0.00767447
500 45438 0 2.75213e-006 0.125051
550 110634 4 9.21688e-006 4.11974
600 193100 3 2.31837e-005 1.77182
650 259840 11 4.56308e-005 2.15716
700 288924 23 7.29867e-005 2.57448
750 275666 27 9.82948e-005 2.57007
800 231594 33 0.00011582 3.33186
850 178066 18 0.000124301 2.78134
900 131090 12 0.00012571 2.84129
950 95240 12 0.000122354 2.17339
1000 68874 5 0.00011562 2.37656
1050 49434 8 0.000106191 2.58907
1100 34952 3 9.44981e-005 1.51022
1150 24134 4 8.099e-005 2.4519
1200 16262 1 6.64316e-005 1.00303
1250 10830 0 5.21375e-005 0.564664
1300 7284 0 3.95581e-005 0.288147
1350 5028 0 2.96127e-005 0.148895
1400 3564 0 2.25432e-005 0.0803449
1450 2550 0 1.78501e-005 0.0455183
1500 1794 0 1.4823e-005 0.0265927
1550 1212 0 1.28951e-005 0.015629
1600 770 0 1.1627e-005 0.0089528
1650 454 0 1.08024e-005 0.00490433
1700 246 0 1.02771e-005 0.00252817
1750 120 0 9.94701e-006 0.00119365
1800 54 0 9.74098e-006 0.000526015
1850 22 0 9.61154e-006 0.000211455
1900 8 0 9.52608e-006 7.6209e-005
1950 2 0 9.459e-006 1.89181e-005
2000 0 0 9.38583e-006 0

total neg_log_likelihood: 35.5731


Output quantities start here

* Scalar parameter values
initialization.B0 240154

* Nuisance q's

* B0
240154

* R0
1.74247e+007

* SSBs
SSB 240154 237349 230584 223154 215151 206729 198077 189388 180836 172565 164678 157223 150214 143645 137500 131758 126398 121400 116739 112393 108341 
year 1990 1991 1992 1993 1994 1995 1996 1997 1998 1999 2000 2001 2002 2003 2004 2005 2006 2007 2008 2009 2010 

* recruitments
recruitment 1.74247e+007 1.74247e+007 1.74027e+007 1.73476e+007 1.72836e+007 1.72104e+007 1.7128e+007 1.70369e+007 1.69382e+007 1.68331e+007 1.67229e+007 1.66091e+007 1.64926e+007 1.63743e+007 1.62546e+007 1.61341e+007 1.60132e+007 1.58923e+007 1.57717e+007 1.56518e+007 1.55329e+007 
year 1990 1991 1992 1993 1994 1995 1996 1997 1998 1999 2000 2001 2002 2003 2004 2005 2006 2007 2008 2009 2010 

* YCS
YCS 1 1 1 1 1 1 1 1 1 1 1 1 1 1 1 1 1 1 1 1 1 
year 1989 1990 1991 1992 1993 1994 1995 1996 1997 1998 1999 2000 2001 2002 2003 2004 2005 2006 2007 2008 2009 

* true_YCS
true_YCS 1 1 0.998735 0.995573 0.991904 0.987702 0.982972 0.977747 0.972082 0.966048 0.959726 0.953192 0.946508 0.939716 0.93285 0.925934 0.918995 0.912055 0.905135 0.898255 0.891431 
year 1989 1990 1991 1992 1993 1994 1995 1996 1997 1998 1999 2000 2001 2002 2003 2004 2005 2006 2007 2008 2009 

* fishing_pressures
LL1 0 0.0616879 0.0646044 0.067629 0.0706851 0.0737098 0.0766522 0.0794722 0.0821411 0.0846446 0.0869836 0.0891692 0.0912167 0.0931439 0.094971 0.0967189 0.0984088 0.100059 0.101685 0.103304 0.104926 
LL2 0 0.0616879 0.0646044 0.067629 0.0706851 0.0737098 0.0766522 0.0794722 0.0821411 0.0846446 0.0869836 0.0891692 0.0912167 0.0931439 0.094971 0.0967189 0.0984088 0.100059 0.101685 0.103304 0.104926 
year 1990 1991 1992 1993 1994 1995 1996 1997 1998 1999 2000 2001 2002 2003 2004 2005 2006 2007 2008 2009 2010 

* Numbers_at_age_R1
1990  1.61737e+007 1.38514e+007 1.18626e+007 1.01593e+007 8.70057e+006 7.4513e+006 6.38141e+006 5.46513e+006 4.68042e+006 4.00839e+006 3.43284e+006 2.93994e+006 2.51781e+006 2.15629e+006 1.84668e+006 1.58152e+006 1.35444e+006 1.15996e+006 993411 850772 728614 623996 534400 457668 391954 335675 287477 246200 210849 1.25762e+006 
1991  1.61737e+007 1.38514e+007 1.18625e+007 1.01587e+007 8.69732e+006 7.43805e+006 6.34323e+006 5.38737e+006 4.56842e+006 3.89431e+006 3.33582e+006 2.85856e+006 2.45049e+006 2.10137e+006 1.80249e+006 1.54646e+006 1.327e+006 1.13878e+006 977285 838666 719651 617451 529686 454320 389609 334055 286374 245458 210358 1.25538e+006 
1992  1.61533e+007 1.38514e+007 1.18625e+007 1.01586e+007 8.69612e+006 7.43139e+006 6.31698e+006 5.31388e+006 4.42238e+006 3.68719e+006 3.12574e+006 2.67983e+006 2.30047e+006 1.97713e+006 1.70099e+006 1.46466e+006 1.26198e+006 1.0878e+006 937866 808605 697043 600685 517425 445479 383322 329648 283326 243381 208961 1.25022e+006 
1993  1.61021e+007 1.38339e+007 1.18625e+007 1.01585e+007 8.6958e+006 7.42956e+006 6.30884e+006 5.28635e+006 4.35322e+006 3.55909e+006 2.95017e+006 2.50325e+006 2.15011e+006 1.85072e+006 1.59606e+006 1.37868e+006 1.19245e+006 1.03233e+006 894200 774707 671095 581101 502854 434792 375596 324142 279459 240704 207134 1.24439e+006 
1994  1.60428e+007 1.37901e+007 1.18475e+007 1.01585e+007 8.69557e+006 7.42848e+006 6.30476e+006 5.27392e+006 4.3217e+006 3.49313e+006 2.83845e+006 2.3551e+006 2.0022e+006 1.72461e+006 1.48982e+006 1.29025e+006 1.11976e+006 973336 846958 737384 642015 558764 485943 422174 366319 317422 274663 237330 204796 1.23762e+006 
1995  1.59748e+007 1.37393e+007 1.181e+007 1.01456e+007 8.69535e+006 7.42747e+006 6.30132e+006 5.26491e+006 4.3026e+006 3.45761e+006 2.77677e+006 2.25864e+006 1.87782e+006 1.60118e+006 1.38439e+006 1.2012e+006 1.04541e+006 912015 797013 697236 610182 533877 466765 407614 355429 309398 268841 233169 201867 1.22961e+006 
1996  1.58983e+007 1.36811e+007 1.17664e+007 1.01135e+007 8.68414e+006 7.4265e+006 6.29801e+006 5.25656e+006 4.28652e+006 3.43234e+006 2.73972e+006 2.20257e+006 1.79537e+006 1.49729e+006 1.28173e+006 1.11332e+006 970959 849641 745375 655020 576121 506774 445508 391185 342924 300026 261924 228143 198272 1.22005e+006 
1997  1.58138e+007 1.36156e+007 1.17166e+007 1.00762e+007 8.65645e+006 7.41616e+006 6.29482e+006 5.24853e+006 4.27132e+006 3.40989e+006 2.71124e+006 2.16651e+006 1.74559e+006 1.42746e+006 1.19534e+006 1.02818e+006 897851 787492 693114 611586 540476 477909 422461 373054 328875 289307 253875 222194 193944 1.20862e+006 
1998  1.57222e+007 1.35432e+007 1.16605e+007 1.00334e+007 8.62435e+006 7.39179e+006 6.28382e+006 5.24087e+006 4.25681e+006 3.38868e+006 2.6855e+006 2.1377e+006 1.71211e+006 1.38408e+006 1.13666e+006 956578 827369 726754 641279 567823 503959 447825 398013 353470 313423 277305 244700 215293 188837 1.19498e+006 
1999  1.56246e+007 1.34647e+007 1.15985e+007 9.98535e+006 8.58764e+006 7.36371e+006 6.26107e+006 5.22701e+006 4.24309e+006 3.3686e+006 2.66128e+006 2.11152e+006 1.68479e+006 1.35404e+006 1.09943e+006 907558 768157 668448 590831 524588 467303 417114 372616 332760 296784 264143 234453 207446 182927 1.17881e+006 
2000  1.55223e+007 1.33811e+007 1.15313e+007 9.93225e+006 8.54634e+006 7.33174e+006 6.23533e+006 5.20371e+006 4.22487e+006 3.34975e+006 2.63853e+006 2.08703e+006 1.65994e+006 1.32919e+006 1.07311e+006 875971 727373 619518 542579 482655 431207 386381 346765 311305 279232 250001 223240 198700 176218 1.15983e+006 
2001  1.54167e+007 1.32936e+007 1.14597e+007 9.87468e+006 8.50075e+006 7.2959e+006 6.20644e+006 5.17824e+006 4.19952e+006 3.32793e+006 2.61726e+006 2.06413e+006 1.6368e+006 1.30662e+006 1.05116e+006 853294 700778 585661 502126 442667 396296 356197 320958 289514 261085 235111 211213 189144 168752 1.13778e+006 
2002  1.53086e+007 1.32031e+007 1.13847e+007 9.81336e+006 8.45136e+006 7.25644e+006 6.1744e+006 5.15045e+006 4.17291e+006 3.30105e+006 2.59418e+006 2.04281e+006 1.61523e+006 1.28566e+006 1.03124e+006 834285 681469 563376 474032 409169 363084 327067 295662 267800 242685 219740 198568 178907 160603 1.1125e+006 
2003  1.51987e+007 1.31105e+007 1.13072e+007 9.74912e+006 8.39876e+006 7.21377e+006 6.13943e+006 5.12032e+006 4.14485e+006 3.27368e+006 2.5676e+006 2.02043e+006 1.5952e+006 1.26618e+006 1.01277e+006 817034 665217 547059 455406 385839 335279 299406 271291 246549 224375 204174 185528 168154 151882 1.0839e+006 
2004  1.50877e+007 1.30164e+007 1.12279e+007 9.68273e+006 8.34367e+006 7.1684e+006 6.10183e+006 5.08798e+006 4.11528e+006 3.24561e+006 2.54105e+006 1.99565e+006 1.5746e+006 1.24811e+006 995646 801074 650472 533280 441677 370282 315869 276258 248181 226101 206476 188700 172335 157075 142728 1.05199e+006 
2005  1.49758e+007 1.29213e+007 1.11473e+007 9.61481e+006 8.28675e+006 7.12092e+006 6.06204e+006 5.05365e+006 4.08423e+006 3.21672e+006 2.51429e+006 1.97116e+006 1.55234e+006 1.22975e+006 979757 786277 636839 520776 430050 358751 302864 260068 228848 206731 189269 173586 159229 145873 133301 1.01693e+006 
2006  1.48636e+007 1.28255e+007 1.10659e+007 9.5458e+006 8.22852e+006 7.07191e+006 6.02053e+006 5.01766e+006 4.05185e+006 3.18698e+006 2.48715e+006 1.94673e+006 1.53049e+006 1.21025e+006 963758 772545 624200 509216 419493 348962 293182 249179 215304 190529 172981 159066 146435 134751 123773 978956 
2007  1.47513e+007 1.27294e+007 1.09838e+007 9.47603e+006 8.16937e+006 7.0218e+006 5.97778e+006 4.98038e+006 4.01835e+006 3.15645e+006 2.4596e+006 1.92221e+006 1.50885e+006 1.19119e+006 946960 758803 612466 498499 409736 340071 284947 241043 206166 179164 159360 145330 134151 123898 114318 938430 
2008  1.46394e+007 1.26333e+007 1.09015e+007 9.40577e+006 8.10956e+006 6.97091e+006 5.93415e+006 4.94216e+006 3.98396e+006 3.12523e+006 2.43162e+006 1.89752e+006 1.48726e+006 1.17239e+006 930588 744493 600771 488541 400684 331850 277462 234110 199319 171478 149795 133843 122535 113482 105094 895805 
2009  1.45281e+007 1.25374e+007 1.08192e+007 9.33526e+006 8.04933e+006 6.91947e+006 5.88988e+006 4.90328e+006 3.94894e+006 3.09347e+006 2.40324e+006 1.8726e+006 1.46562e+006 1.15371e+006 914480 730567 588664 478643 392265 324218 270537 227805 193475 165703 143312 125770 112822 103635 96243.9 851601 
2010  1.44178e+007 1.24421e+007 1.07371e+007 9.26474e+006 7.9889e+006 6.86769e+006 5.84518e+006 4.86393e+006 3.91349e+006 3.06133e+006 2.37456e+006 1.84748e+006 1.44389e+006 1.13506e+006 898516 716890 576894 468441 383912 317113 264105 221968 188156 160768 138432 120289 105989 95400.6 87879.2 806379 

Output quantities finish here

Unused parameters:
annual_cycle.fishery_areas annual_cycle.migrate_from annual_cycle.migrate_to annual_cycle.migration_names annual_cycle.migration_times annual_cycle.n_migrations annual_cycle.recruitment_areas annual_cycle.spawning_all_areas area_names recruitment.p_male recruitment.year_range tag[Tags2005_R1_LL1].area tag[Tags2005_R1_LL1].sex tag[Tags2006_R1_LL1].area tag[Tags2006_R1_LL1].sex tag[Tags2007_R1_LL1].area tag[Tags2007_R1_LL1].sex tag[Tags2008_R1_LL1].area tag[Tags2008_R1_LL1].sex tag[Tags2009_R1_LL1].area tag[Tags2009_R1_LL1].sex MCMC.adapt_at MCMC.adaptive_stepsize MCMC.burn_in MCMC.keep MCMC.length MCMC.start MCMC.stepsize profile[1].l profile[1].n profile[1].parameter profile[1].u tag_recapture[Tags2005_R1_R1].area tag_recapture[Tags2006_R1_R1].area tag_recapture[Tags2007_R1_R1].area tag_recapture[Tags2008_R1_R1].area tag_recapture[Tags2009_R1_R1].area n_projections numbers_at[Numbers_at_age_R1].area print.final_state print.initial_state print.requests print.results print.state_annually print.state_every_step print.yields 
