CASAL (C++ algorithmic stock assessment laboratory)
Call: C:/Users/bstacy/Documents/GitHub/lasac/projects/simulations/sim1/casal -e -q -f EM 
Date: Tue Oct 08 11:48:22 2019
v2.30-2012-03-21 00:22:59 UTC (rev.4648)  (c) Copyright 2002-2012, NIWA
User name: bstacy
Machine name: DOM-IMA-HVZRNF2 (Microsoft Windows, PID=16220)

Prefix for the input parameter filenames : EM

Random number seed : 95702

Estimation parameters:
Stored as strings: 
  MCMC.adapt_at                 	1e+05 2e+05 3e+05 4e+05
  MCMC.adaptive_stepsize        	True
  MCMC.burn_in                  	500
  MCMC.keep                     	1000
  MCMC.length                   	1500000
  MCMC.start                    	0
  MCMC.stepsize                 	0.01
  ageing_error.c                	0
  ageing_error.type             	normal
  catch_at[LL_catchA].2000      	0 0 0 0 0 0.01 0.04 0.11 0.15 0.14 0.08 0.09 0.13 0.05 0.02 0.03 0.03 0.05 0.02 0.01 0 0.02 0.01 0.01 0 0 0 0 0 0
  catch_at[LL_catchA].2001      	0 0 0 0 0 0.02 0.06 0.1 0.14 0.17 0.12 0.13 0.05 0.07 0.03 0.06 0.01 0 0.01 0 0.01 0.01 0 0 0 0 0 0 0 0.01
  catch_at[LL_catchA].2002      	0 0 0 0 0 0.04 0.08 0.11 0.15 0.13 0.06 0.1 0.11 0.05 0.02 0.05 0.05 0 0.01 0.01 0 0.01 0.01 0 0 0 0.01 0 0 0
  catch_at[LL_catchA].2003      	0 0 0 0 0.01 0.01 0.08 0.12 0.21 0.17 0.11 0.09 0.04 0.02 0.03 0.01 0.03 0.01 0.01 0 0.01 0.01 0.01 0.01 0 0 0 0 0 0.01
  catch_at[LL_catchA].2004      	0 0 0 0 0.02 0.04 0.06 0.09 0.16 0.15 0.14 0.08 0.05 0.01 0.06 0.04 0.04 0 0 0.02 0.01 0 0 0 0.01 0 0 0 0 0.02
  catch_at[LL_catchA].2005      	0 0 0 0 0 0.02 0.12 0.06 0.12 0.14 0.09 0.07 0.1 0.06 0.08 0 0.03 0.05 0.02 0.01 0 0 0.01 0.01 0 0 0 0 0 0.01
  catch_at[LL_catchA].2006      	0 0 0 0 0.01 0.02 0.02 0.08 0.16 0.15 0.14 0.07 0.05 0.08 0.06 0.05 0.02 0.01 0.03 0.01 0.02 0.01 0 0 0 0.01 0 0 0 0
  catch_at[LL_catchA].2007      	0 0 0 0 0 0.02 0.03 0.08 0.2 0.15 0.08 0.09 0.11 0.08 0.03 0.05 0 0.04 0.01 0.01 0 0.01 0 0 0 0 0 0 0 0.01
  catch_at[LL_catchA].2008      	0 0 0 0 0 0.03 0.04 0.14 0.15 0.15 0.1 0.12 0.04 0.06 0.03 0.02 0.03 0.03 0.02 0.03 0.01 0 0 0 0 0 0 0 0 0
  catch_at[LL_catchA].2009      	0 0 0 0 0 0.01 0.02 0.11 0.12 0.12 0.16 0.1 0.1 0.06 0.06 0.03 0.04 0.02 0.02 0 0.02 0 0.01 0 0 0 0 0 0 0
  catch_at[LL_catchA].2010      	0 0 0 0.01 0 0.01 0.06 0.09 0.14 0.22 0.1 0.14 0.04 0.03 0.02 0.04 0.06 0.02 0.01 0 0 0 0 0.01 0 0 0 0 0 0
  catch_at[LL_catchA].N_2000    	100
  catch_at[LL_catchA].N_2001    	100
  catch_at[LL_catchA].N_2002    	100
  catch_at[LL_catchA].N_2003    	100
  catch_at[LL_catchA].N_2004    	100
  catch_at[LL_catchA].N_2005    	100
  catch_at[LL_catchA].N_2006    	100
  catch_at[LL_catchA].N_2007    	100
  catch_at[LL_catchA].N_2008    	100
  catch_at[LL_catchA].N_2009    	100
  catch_at[LL_catchA].N_2010    	100
  catch_at[LL_catchA].at_size   	False
  catch_at[LL_catchA].dist      	multinomial
  catch_at[LL_catchA].fishery   	LL
  catch_at[LL_catchA].max_class 	30
  catch_at[LL_catchA].min_class 	1
  catch_at[LL_catchA].plus_group	True
  catch_at[LL_catchA].r         	1e-11
  catch_at[LL_catchA].sexed     	False
  catch_at[LL_catchA].sum_to_one	False
  catch_at[LL_catchA].years     	2000 2001 2002 2003 2004 2005 2006 2007 2008 2009 2010
  catch_limit_penalty[1].fishery	LL
  catch_limit_penalty[1].label  	LL_Penalty
  catch_limit_penalty[1].log_scale	True
  catch_limit_penalty[1].multiplier	1000
  estimate[1].lower_bound       	5000
  estimate[1].parameter         	initialization.B0
  estimate[1].prior             	uniform
  estimate[1].upper_bound       	5e+05
  estimator                     	Bayes
  fish_tagged_penalty[1].label  	Penalty_Tags2005_R1_LL
  fish_tagged_penalty[1].multiplier	1
  fish_tagged_penalty[1].tagging_episode	Tags2005_R1_LL
  fish_tagged_penalty[2].label  	Penalty_Tags2006_R1_LL
  fish_tagged_penalty[2].multiplier	1
  fish_tagged_penalty[2].tagging_episode	Tags2006_R1_LL
  fish_tagged_penalty[3].label  	Penalty_Tags2007_R1_LL
  fish_tagged_penalty[3].multiplier	1
  fish_tagged_penalty[3].tagging_episode	Tags2007_R1_LL
  fish_tagged_penalty[4].label  	Penalty_Tags2008_R1_LL
  fish_tagged_penalty[4].multiplier	1
  fish_tagged_penalty[4].tagging_episode	Tags2008_R1_LL
  fish_tagged_penalty[5].label  	Penalty_Tags2009_R1_LL
  fish_tagged_penalty[5].multiplier	1
  fish_tagged_penalty[5].tagging_episode	Tags2009_R1_LL
  grad_tol                      	0.001
  max_evals                     	10000
  max_iters                     	1600
  profile[1].l                  	40000
  profile[1].n                  	11
  profile[1].parameter          	initialization.B0
  profile[1].u                  	130000
  q_method                      	nuisance
  tag_recapture[Tags2005_R1_R1].area	R1
  tag_recapture[Tags2005_R1_R1].class_mins	100 150 200 250 300 350 400 450 500 550 600 650 700 750 800 850 900 950 1000 1050 1100 1150 1200 1250 1300 1350 1400 1450 1500 1550 1600 1650 1700 1750 1800 1850 1900 1950 2000 2050
  tag_recapture[Tags2005_R1_R1].detection_probability	1
  tag_recapture[Tags2005_R1_R1].dispersion	1
  tag_recapture[Tags2005_R1_R1].do_bootstrap	True
  tag_recapture[Tags2005_R1_R1].plus_group	False
  tag_recapture[Tags2005_R1_R1].proportion_mortality	0.5
  tag_recapture[Tags2005_R1_R1].r	1e-11
  tag_recapture[Tags2005_R1_R1].recaptured_2006	0 0 0 0 0 0 0 0 0 1 1 10 10 14 12 10 6 3 7 3 3 0 0 1 1 0 0 0 0 0 0 0 0 0 0 0 0 0 0
  tag_recapture[Tags2005_R1_R1].recaptured_2007	0 0 0 0 0 0 0 0 0 0 0 3 1 11 9 4 5 4 2 7 3 0 1 0 0 0 0 0 0 0 0 0 0 0 0 0 0 0 0
  tag_recapture[Tags2005_R1_R1].recaptured_2008	0 0 0 0 0 0 0 0 0 0 0 2 2 6 5 6 9 3 6 2 1 1 1 0 1 0 0 0 0 0 0 0 0 0 0 0 0 0 0
  tag_recapture[Tags2005_R1_R1].recaptured_2009	0 0 0 0 0 0 0 0 0 0 0 0 1 7 2 2 5 7 2 2 1 2 2 1 1 1 0 0 0 0 0 0 0 0 0 0 0 0 0
  tag_recapture[Tags2005_R1_R1].recaptured_2010	0 0 0 0 0 0 0 0 0 0 0 0 2 5 3 8 7 6 1 2 5 0 0 0 0 0 0 0 0 0 1 0 0 0 0 0 0 0 0
  tag_recapture[Tags2005_R1_R1].sample	size
  tag_recapture[Tags2005_R1_R1].scanned_2006	0 0 0 0 12 158 1164 5400 17230 40736 74702 107602 122602 114910 96170 78086 63392 50824 39614 29908 22030 15980 11430 8012 5482 3670 2426 1590 1028 648 390 222 116 56 24 10 4 2 0
  tag_recapture[Tags2005_R1_R1].scanned_2007	0 0 0 0 12 154 1188 5846 19106 44148 77076 107512 123892 120194 101498 79614 61954 48778 38160 29120 21578 15618 11128 7818 5400 3658 2436 1598 1032 648 390 220 116 56 24 10 4 2 0
  tag_recapture[Tags2005_R1_R1].scanned_2008	0 0 0 0 12 148 1136 5836 20228 48602 84868 114222 126232 120836 103652 81948 62262 47378 36456 27882 20840 15160 10790 7564 5238 3578 2406 1590 1028 646 386 218 114 54 24 10 4 2 0
  tag_recapture[Tags2005_R1_R1].scanned_2009	0 0 0 0 12 144 1080 5452 19454 49380 90534 124382 135292 124916 104638 82726 62796 46732 34910 26292 19670 14408 10300 7220 4996 3424 2320 1546 1006 632 378 214 112 54 24 10 4 2 0
  tag_recapture[Tags2005_R1_R1].scanned_2010	0 0 0 0 12 140 1042 5174 17996 46168 88522 128034 144032 133060 108570 83738 63094 46670 34148 25064 18486 13538 9730 6846 4740 3250 2208 1480 970 612 368 208 108 52 22 8 4 2 0
  tag_recapture[Tags2005_R1_R1].step	1
  tag_recapture[Tags2005_R1_R1].tag_name	Tags2005_R1
  tag_recapture[Tags2005_R1_R1].years	2006 2007 2008 2009 2010
  tag_recapture[Tags2006_R1_R1].area	R1
  tag_recapture[Tags2006_R1_R1].class_mins	100 150 200 250 300 350 400 450 500 550 600 650 700 750 800 850 900 950 1000 1050 1100 1150 1200 1250 1300 1350 1400 1450 1500 1550 1600 1650 1700 1750 1800 1850 1900 1950 2000 2050
  tag_recapture[Tags2006_R1_R1].detection_probability	1
  tag_recapture[Tags2006_R1_R1].dispersion	1
  tag_recapture[Tags2006_R1_R1].do_bootstrap	True
  tag_recapture[Tags2006_R1_R1].plus_group	False
  tag_recapture[Tags2006_R1_R1].proportion_mortality	0.5
  tag_recapture[Tags2006_R1_R1].r	1e-11
  tag_recapture[Tags2006_R1_R1].recaptured_2007	0 0 0 0 0 0 0 0 0 0 1 8 10 12 12 7 3 2 2 2 2 2 1 0 0 0 0 0 0 0 0 0 0 0 0 0 0 0 0
  tag_recapture[Tags2006_R1_R1].recaptured_2008	0 0 0 0 0 0 0 0 0 1 1 5 5 8 10 8 6 3 2 1 4 0 1 0 0 0 1 0 0 0 0 0 0 0 0 0 0 0 0
  tag_recapture[Tags2006_R1_R1].recaptured_2009	0 0 0 0 0 0 0 0 0 0 1 0 5 5 9 18 7 11 4 2 4 1 0 0 1 0 0 1 0 0 0 0 0 0 0 0 0 0 0
  tag_recapture[Tags2006_R1_R1].recaptured_2010	0 0 0 0 0 0 0 0 0 0 1 2 3 0 2 10 7 3 2 4 1 0 5 0 0 0 0 0 0 0 0 0 0 0 0 0 0 0 0
  tag_recapture[Tags2006_R1_R1].sample	size
  tag_recapture[Tags2006_R1_R1].scanned_2007	0 0 0 0 12 154 1188 5846 19106 44148 77076 107512 123892 120194 101498 79614 61954 48778 38160 29120 21578 15618 11128 7818 5400 3658 2436 1598 1032 648 390 220 116 56 24 10 4 2 0
  tag_recapture[Tags2006_R1_R1].scanned_2008	0 0 0 0 12 148 1136 5836 20228 48602 84868 114222 126232 120836 103652 81948 62262 47378 36456 27882 20840 15160 10790 7564 5238 3578 2406 1590 1028 646 386 218 114 54 24 10 4 2 0
  tag_recapture[Tags2006_R1_R1].scanned_2009	0 0 0 0 12 144 1080 5452 19454 49380 90534 124382 135292 124916 104638 82726 62796 46732 34910 26292 19670 14408 10300 7220 4996 3424 2320 1546 1006 632 378 214 112 54 24 10 4 2 0
  tag_recapture[Tags2006_R1_R1].scanned_2010	0 0 0 0 12 140 1042 5174 17996 46168 88522 128034 144032 133060 108570 83738 63094 46670 34148 25064 18486 13538 9730 6846 4740 3250 2208 1480 970 612 368 208 108 52 22 8 4 2 0
  tag_recapture[Tags2006_R1_R1].step	1
  tag_recapture[Tags2006_R1_R1].tag_name	Tags2006_R1
  tag_recapture[Tags2006_R1_R1].years	2007 2008 2009 2010
  tag_recapture[Tags2007_R1_R1].area	R1
  tag_recapture[Tags2007_R1_R1].class_mins	100 150 200 250 300 350 400 450 500 550 600 650 700 750 800 850 900 950 1000 1050 1100 1150 1200 1250 1300 1350 1400 1450 1500 1550 1600 1650 1700 1750 1800 1850 1900 1950 2000 2050
  tag_recapture[Tags2007_R1_R1].detection_probability	1
  tag_recapture[Tags2007_R1_R1].dispersion	1
  tag_recapture[Tags2007_R1_R1].do_bootstrap	True
  tag_recapture[Tags2007_R1_R1].plus_group	False
  tag_recapture[Tags2007_R1_R1].proportion_mortality	0.5
  tag_recapture[Tags2007_R1_R1].r	1e-11
  tag_recapture[Tags2007_R1_R1].recaptured_2008	0 0 0 0 0 0 0 0 0 1 3 4 14 13 10 5 10 11 3 2 4 0 0 1 0 1 0 0 0 0 0 0 0 0 0 0 0 0 0
  tag_recapture[Tags2007_R1_R1].recaptured_2009	0 0 0 0 0 0 0 0 0 2 0 3 2 12 12 14 13 11 1 4 0 1 0 1 1 0 0 0 0 0 0 0 0 0 0 0 0 0 0
  tag_recapture[Tags2007_R1_R1].recaptured_2010	0 0 0 0 0 0 0 0 0 0 0 0 2 4 8 13 12 4 2 5 1 0 1 2 1 0 0 0 0 0 0 0 0 0 0 0 0 0 0
  tag_recapture[Tags2007_R1_R1].sample	size
  tag_recapture[Tags2007_R1_R1].scanned_2008	0 0 0 0 12 148 1136 5836 20228 48602 84868 114222 126232 120836 103652 81948 62262 47378 36456 27882 20840 15160 10790 7564 5238 3578 2406 1590 1028 646 386 218 114 54 24 10 4 2 0
  tag_recapture[Tags2007_R1_R1].scanned_2009	0 0 0 0 12 144 1080 5452 19454 49380 90534 124382 135292 124916 104638 82726 62796 46732 34910 26292 19670 14408 10300 7220 4996 3424 2320 1546 1006 632 378 214 112 54 24 10 4 2 0
  tag_recapture[Tags2007_R1_R1].scanned_2010	0 0 0 0 12 140 1042 5174 17996 46168 88522 128034 144032 133060 108570 83738 63094 46670 34148 25064 18486 13538 9730 6846 4740 3250 2208 1480 970 612 368 208 108 52 22 8 4 2 0
  tag_recapture[Tags2007_R1_R1].step	1
  tag_recapture[Tags2007_R1_R1].tag_name	Tags2007_R1
  tag_recapture[Tags2007_R1_R1].years	2008 2009 2010
  tag_recapture[Tags2008_R1_R1].area	R1
  tag_recapture[Tags2008_R1_R1].class_mins	100 150 200 250 300 350 400 450 500 550 600 650 700 750 800 850 900 950 1000 1050 1100 1150 1200 1250 1300 1350 1400 1450 1500 1550 1600 1650 1700 1750 1800 1850 1900 1950 2000 2050
  tag_recapture[Tags2008_R1_R1].detection_probability	1
  tag_recapture[Tags2008_R1_R1].dispersion	1
  tag_recapture[Tags2008_R1_R1].do_bootstrap	True
  tag_recapture[Tags2008_R1_R1].plus_group	False
  tag_recapture[Tags2008_R1_R1].proportion_mortality	0.5
  tag_recapture[Tags2008_R1_R1].r	1e-11
  tag_recapture[Tags2008_R1_R1].recaptured_2009	0 0 0 0 0 0 0 0 0 0 5 7 11 12 16 3 8 4 7 3 1 0 1 0 1 0 0 0 0 0 0 0 0 0 0 0 0 0 0
  tag_recapture[Tags2008_R1_R1].recaptured_2010	0 0 0 0 0 0 0 0 0 0 1 7 6 12 12 6 5 4 4 3 2 0 0 0 1 0 0 0 0 0 0 0 0 0 0 0 0 0 0
  tag_recapture[Tags2008_R1_R1].sample	size
  tag_recapture[Tags2008_R1_R1].scanned_2009	0 0 0 0 12 144 1080 5452 19454 49380 90534 124382 135292 124916 104638 82726 62796 46732 34910 26292 19670 14408 10300 7220 4996 3424 2320 1546 1006 632 378 214 112 54 24 10 4 2 0
  tag_recapture[Tags2008_R1_R1].scanned_2010	0 0 0 0 12 140 1042 5174 17996 46168 88522 128034 144032 133060 108570 83738 63094 46670 34148 25064 18486 13538 9730 6846 4740 3250 2208 1480 970 612 368 208 108 52 22 8 4 2 0
  tag_recapture[Tags2008_R1_R1].step	1
  tag_recapture[Tags2008_R1_R1].tag_name	Tags2008_R1
  tag_recapture[Tags2008_R1_R1].years	2009 2010
  tag_recapture[Tags2009_R1_R1].area	R1
  tag_recapture[Tags2009_R1_R1].class_mins	100 150 200 250 300 350 400 450 500 550 600 650 700 750 800 850 900 950 1000 1050 1100 1150 1200 1250 1300 1350 1400 1450 1500 1550 1600 1650 1700 1750 1800 1850 1900 1950 2000 2050
  tag_recapture[Tags2009_R1_R1].detection_probability	1
  tag_recapture[Tags2009_R1_R1].dispersion	1
  tag_recapture[Tags2009_R1_R1].do_bootstrap	True
  tag_recapture[Tags2009_R1_R1].plus_group	False
  tag_recapture[Tags2009_R1_R1].proportion_mortality	0.5
  tag_recapture[Tags2009_R1_R1].r	1e-11
  tag_recapture[Tags2009_R1_R1].recaptured_2010	0 0 0 0 0 0 0 0 0 1 1 9 12 19 18 14 9 6 5 2 0 1 0 0 0 0 0 0 0 0 0 0 0 0 0 0 0 0 0
  tag_recapture[Tags2009_R1_R1].sample	size
  tag_recapture[Tags2009_R1_R1].scanned_2010	0 0 0 0 12 140 1042 5174 17996 46168 88522 128034 144032 133060 108570 83738 63094 46670 34148 25064 18486 13538 9730 6846 4740 3250 2208 1480 970 612 368 208 108 52 22 8 4 2 0
  tag_recapture[Tags2009_R1_R1].step	1
  tag_recapture[Tags2009_R1_R1].tag_name	Tags2009_R1
  tag_recapture[Tags2009_R1_R1].years	2010
  vector_average_penalty[1].k   	1
  vector_average_penalty[1].label	meanYCS_1
  vector_average_penalty[1].multiplier	100
  vector_average_penalty[1].vector	recruitment.YCS
Stored as DOUBLEs: 
Stored as VECTORs: 
Stored as OGIVEs: 

Population parameters:
Stored as strings: 
  annual_cycle.M_props          	1
  annual_cycle.aging_time       	1
  annual_cycle.baranov          	False
  annual_cycle.fishery_areas    	R1
  annual_cycle.fishery_names    	LL
  annual_cycle.fishery_times    	1
  annual_cycle.growth_props     	0
  annual_cycle.migrate_from     	R1
  annual_cycle.migrate_to       	R2
  annual_cycle.migration_names  	MoveRec_1_2
  annual_cycle.migration_times  	1
  annual_cycle.n_migrations     	0
  annual_cycle.recruitment_areas	R1
  annual_cycle.recruitment_time 	1
  annual_cycle.spawning_all_areas	1
  annual_cycle.spawning_p       	1
  annual_cycle.spawning_part_mort	1
  annual_cycle.spawning_time    	1
  annual_cycle.spawning_use_total_B	False
  annual_cycle.time_steps       	1
  area_names                    	R1
  current                       	2010
  final                         	2045
  first_random_year             	2007
  fishery[LL].U_max             	0.95
  fishery[LL].catches           	0 6000 6000 6000 6000 6000 6000 6000 6000 6000 6000 6000 6000 6000 6000 6000 6000 6000 6000 6000 6000
  fishery[LL].future_constant_catches	200
  fishery[LL].selectivity       	SelLL
  fishery[LL].years             	1990 1991 1992 1993 1994 1995 1996 1997 1998 1999 2000 2001 2002 2003 2004 2005 2006 2007 2008 2009 2010
  initial                       	1990
  initialization.B0             	161760
  mature_partition              	False
  maturity_props.all            	allvalues  0 0 0 0 0 0 0 0 0 0 0 0.1667 0.3333 0.5 0.6667 0.8333 1 1 1 1 1 1 1 1 1 1 1 1 1 1
  max_age                       	30
  min_age                       	1
  n_areas                       	1
  n_stocks                      	1
  n_tags                        	5
  natural_mortality.all         	0.155
  plus_group                    	True
  randomisation_method          	lognormal
  recruitment.SR                	BH
  recruitment.YCS               	1 1 1 1 1 1 1 1 1 1 1 1 1 1 1 1 1 1 1 1 1
  recruitment.YCS_years         	1989 1990 1991 1992 1993 1994 1995 1996 1997 1998 1999 2000 2001 2002 2003 2004 2005 2006 2007 2008 2009
  recruitment.first_free        	1989
  recruitment.last_free         	2006
  recruitment.p_male            	0.5
  recruitment.rho               	0
  recruitment.sigma_r           	0.6
  recruitment.steepness         	0.7
  recruitment.year_range        	1989 2006
  selectivity[SelLL].all        	double_normal 10 2 10
  selectivity_names             	SelLL
  sex_partition                 	False
  size_at_age.Linf              	2870
  size_at_age.by_length         	True
  size_at_age.cv                	0.1
  size_at_age.k                 	0.02056
  size_at_age.t0                	-4.2897
  size_at_age_dist              	normal
  size_at_age_type              	von_Bert
  size_based                    	False
  size_weight.a                 	2.59e-12
  size_weight.b                 	3.2064
  size_weight.verify_size_weight	500 0.5 1.5
  standardise_YCS               	True
  tag[Tags2005_R1_LL].area      	R1
  tag[Tags2005_R1_LL].class_mins	100 150 200 250 300 350 400 450 500 550 600 650 700 750 800 850 900 950 1000 1050 1100 1150 1200 1250 1300 1350 1400 1450 1500 1550 1600 1650 1700 1750 1800 1850 1900 1950 2000 2050
  tag[Tags2005_R1_LL].mature_only	False
  tag[Tags2005_R1_LL].mortality 	0.1
  tag[Tags2005_R1_LL].number    	2500
  tag[Tags2005_R1_LL].ogive     	SelLL
  tag[Tags2005_R1_LL].plus_group	False
  tag[Tags2005_R1_LL].props_all 	0 0 0 0 0 1e-04 0.001 0.0053 0.0183 0.0452 0.0826 0.1146 0.1267 0.1199 0.1043 0.0871 0.0711 0.0572 0.0451 0.035 0.0267 0.0199 0.0142 0.0096 0.0062 0.0039 0.0024 0.0015 9e-04 5e-04 3e-04 2e-04 1e-04 0 0 0 0 0 0
  tag[Tags2005_R1_LL].release_type	deterministic
  tag[Tags2005_R1_LL].sex       	both
  tag[Tags2005_R1_LL].step      	1
  tag[Tags2005_R1_LL].tag_name  	Tags2005_R1
  tag[Tags2005_R1_LL].year      	2005
  tag[Tags2006_R1_LL].area      	R1
  tag[Tags2006_R1_LL].class_mins	100 150 200 250 300 350 400 450 500 550 600 650 700 750 800 850 900 950 1000 1050 1100 1150 1200 1250 1300 1350 1400 1450 1500 1550 1600 1650 1700 1750 1800 1850 1900 1950 2000 2050
  tag[Tags2006_R1_LL].mature_only	False
  tag[Tags2006_R1_LL].mortality 	0.1
  tag[Tags2006_R1_LL].number    	2500
  tag[Tags2006_R1_LL].ogive     	SelLL
  tag[Tags2006_R1_LL].plus_group	False
  tag[Tags2006_R1_LL].props_all 	0 0 0 0 0 2e-04 0.0011 0.0052 0.0177 0.0438 0.0827 0.1211 0.1385 0.1285 0.1054 0.0837 0.0671 0.0534 0.0413 0.031 0.0228 0.0167 0.0122 0.0087 0.006 0.0041 0.0029 0.002 0.0014 0.001 6e-04 4e-04 2e-04 1e-04 0 0 0 0 0
  tag[Tags2006_R1_LL].release_type	deterministic
  tag[Tags2006_R1_LL].sex       	both
  tag[Tags2006_R1_LL].step      	1
  tag[Tags2006_R1_LL].tag_name  	Tags2006_R1
  tag[Tags2006_R1_LL].year      	2006
  tag[Tags2007_R1_LL].area      	R1
  tag[Tags2007_R1_LL].class_mins	100 150 200 250 300 350 400 450 500 550 600 650 700 750 800 850 900 950 1000 1050 1100 1150 1200 1250 1300 1350 1400 1450 1500 1550 1600 1650 1700 1750 1800 1850 1900 1950 2000 2050
  tag[Tags2007_R1_LL].mature_only	False
  tag[Tags2007_R1_LL].mortality 	0.1
  tag[Tags2007_R1_LL].number    	2500
  tag[Tags2007_R1_LL].ogive     	SelLL
  tag[Tags2007_R1_LL].plus_group	False
  tag[Tags2007_R1_LL].props_all 	0 0 0 0 0 1e-04 0.0011 0.0061 0.0205 0.0467 0.0807 0.1132 0.132 0.1294 0.11 0.0867 0.0677 0.0534 0.0418 0.0318 0.0235 0.0171 0.0124 0.0088 0.0062 0.0041 0.0027 0.0017 0.001 6e-04 3e-04 2e-04 1e-04 0 0 0 0 0 0
  tag[Tags2007_R1_LL].release_type	deterministic
  tag[Tags2007_R1_LL].sex       	both
  tag[Tags2007_R1_LL].step      	1
  tag[Tags2007_R1_LL].tag_name  	Tags2007_R1
  tag[Tags2007_R1_LL].year      	2007
  tag[Tags2008_R1_LL].area      	R1
  tag[Tags2008_R1_LL].class_mins	100 150 200 250 300 350 400 450 500 550 600 650 700 750 800 850 900 950 1000 1050 1100 1150 1200 1250 1300 1350 1400 1450 1500 1550 1600 1650 1700 1750 1800 1850 1900 1950 2000 2050
  tag[Tags2008_R1_LL].mature_only	False
  tag[Tags2008_R1_LL].mortality 	0.1
  tag[Tags2008_R1_LL].number    	2500
  tag[Tags2008_R1_LL].ogive     	SelLL
  tag[Tags2008_R1_LL].plus_group	False
  tag[Tags2008_R1_LL].props_all 	0 0 0 0 0 1e-04 0.0012 0.0063 0.0218 0.0522 0.0903 0.1204 0.1326 0.1274 0.1093 0.0854 0.0637 0.0481 0.0373 0.0287 0.0215 0.0156 0.0112 0.0081 0.0059 0.0043 0.0031 0.0021 0.0014 9e-04 5e-04 3e-04 2e-04 1e-04 0 0 0 0 0
  tag[Tags2008_R1_LL].release_type	deterministic
  tag[Tags2008_R1_LL].sex       	both
  tag[Tags2008_R1_LL].step      	1
  tag[Tags2008_R1_LL].tag_name  	Tags2008_R1
  tag[Tags2008_R1_LL].year      	2008
  tag[Tags2009_R1_LL].area      	R1
  tag[Tags2009_R1_LL].class_mins	100 150 200 250 300 350 400 450 500 550 600 650 700 750 800 850 900 950 1000 1050 1100 1150 1200 1250 1300 1350 1400 1450 1500 1550 1600 1650 1700 1750 1800 1850 1900 1950 2000 2050
  tag[Tags2009_R1_LL].mature_only	False
  tag[Tags2009_R1_LL].mortality 	0.1
  tag[Tags2009_R1_LL].number    	2500
  tag[Tags2009_R1_LL].ogive     	SelLL
  tag[Tags2009_R1_LL].plus_group	False
  tag[Tags2009_R1_LL].props_all 	0 0 0 0 0 2e-04 9e-04 0.0047 0.0187 0.0496 0.0922 0.1269 0.1381 0.1276 0.1069 0.0847 0.0645 0.0481 0.0357 0.0268 0.0204 0.0156 0.0119 0.0088 0.0063 0.0043 0.0028 0.0018 0.0011 6e-04 4e-04 2e-04 1e-04 0 0 0 0 0 0
  tag[Tags2009_R1_LL].release_type	deterministic
  tag[Tags2009_R1_LL].sex       	both
  tag[Tags2009_R1_LL].step      	1
  tag[Tags2009_R1_LL].tag_name  	Tags2009_R1
  tag[Tags2009_R1_LL].year      	2009
  tag_growth_loss[Tags2005_R1].nogrowth_period	0
  tag_growth_loss[Tags2006_R1].nogrowth_period	0
  tag_growth_loss[Tags2007_R1].nogrowth_period	0
  tag_growth_loss[Tags2008_R1].nogrowth_period	0
  tag_growth_loss[Tags2009_R1].nogrowth_period	0
  tag_loss_props                	1
  tag_names                     	Tags2005_R1 Tags2006_R1 Tags2007_R1 Tags2008_R1 Tags2009_R1
  tag_shedding_rate             	0.0084 0.0084 0.0084 0.0084 0.0084
  y_enter                       	1
Stored as DOUBLEs: 
Stored as VECTORs: 
Stored as OGIVEs: 

Output parameters:
Stored as strings: 
  n_projections                 	100
  numbers_at[Numbers_at_age_R1].area	R1
  numbers_at[Numbers_at_age_R1].proportion_mortality	0.5
  numbers_at[Numbers_at_age_R1].step	1
  numbers_at[Numbers_at_age_R1].years	1990 1991 1992 1993 1994 1995 1996 1997 1998 1999 2000 2001 2002 2003 2004 2005 2006 2007 2008 2009 2010
  print.covariance              	true
  print.estimation_section      	true
  print.final_state             	false
  print.fits                    	true
  print.fits_every_eval         	false
  print.initial_state           	false
  print.normalised_resids       	true
  print.objective_every_eval    	false
  print.parameter_vector_every_eval	false
  print.parameters              	true
  print.parameters_every_eval   	false
  print.pearson_resids          	true
  print.requests                	false
  print.resids                  	true
  print.results                 	false
  print.state_annually          	false
  print.state_every_step        	false
  print.unused_parameters       	true
  print.yields                  	true
  quantities.B0                 	true
  quantities.R0                 	true
  quantities.SSBs               	true
  quantities.YCS                	true
  quantities.actual_catches     	false
  quantities.all_free_parameters	true
  quantities.fishing_pressures  	true
  quantities.nuisance_qs        	true
  quantities.recruitments       	true
  quantities.true_YCS           	true
Stored as DOUBLEs: 
Stored as VECTORs: 
Stored as OGIVEs: 

A fish of size 500 cm has a weight of 1.16755 kg in your model. This size-weight scale check assumes that the growth curve is in centimetres, and that the catch is in tonnes.

A fish of size 500 cm has a weight of 1.16755 kg in your model. This size-weight scale check assumes that the growth curve is in centimetres, and that the catch is in tonnes.

Estimation section :

Objective function: Bayes

Minimiser convergence threshold: 0.001


Observations:

The observations are:
LL_catchA
Tags2005_R1_R1
Tags2006_R1_R1
Tags2007_R1_R1
Tags2008_R1_R1
Tags2009_R1_R1
Fits follow:

LL_catchA :
catch proportions-at-age for fishery LL  with ageing error (not constrained to sum to 1):
obs (last class is a plus group):
class 1       2       3       4       5       6       7       8       9       10      11      12      13      14      15      16      17      18      19      20      21      22      23      24      25      26      27      28      29      30      
2000 0       0       0       0       0       0.01    0.04    0.11    0.15    0.14    0.08    0.09    0.13    0.05    0.02    0.03    0.03    0.05    0.02    0.01    0       0.02    0.01    0.01    0       0       0       0       0       0       
2001 0       0       0       0       0       0.02    0.06    0.1     0.14    0.17    0.12    0.13    0.05    0.07    0.03    0.06    0.01    0       0.01    0       0.01    0.01    0       0       0       0       0       0       0       0.01    
2002 0       0       0       0       0       0.04    0.08    0.11    0.15    0.13    0.06    0.1     0.11    0.05    0.02    0.05    0.05    0       0.01    0.01    0       0.01    0.01    0       0       0       0.01    0       0       0       
2003 0       0       0       0       0.01    0.01    0.08    0.12    0.21    0.17    0.11    0.09    0.04    0.02    0.03    0.01    0.03    0.01    0.01    0       0.01    0.01    0.01    0.01    0       0       0       0       0       0.01    
2004 0       0       0       0       0.02    0.04    0.06    0.09    0.16    0.15    0.14    0.08    0.05    0.01    0.06    0.04    0.04    0       0       0.02    0.01    0       0       0       0.01    0       0       0       0       0.02    
2005 0       0       0       0       0       0.02    0.12    0.06    0.12    0.14    0.09    0.07    0.1     0.06    0.08    0       0.03    0.05    0.02    0.01    0       0       0.01    0.01    0       0       0       0       0       0.01    
2006 0       0       0       0       0.01    0.02    0.02    0.08    0.16    0.15    0.14    0.07    0.05    0.08    0.06    0.05    0.02    0.01    0.03    0.01    0.02    0.01    0       0       0       0.01    0       0       0       0       
2007 0       0       0       0       0       0.02    0.03    0.08    0.2     0.15    0.08    0.09    0.11    0.08    0.03    0.05    0       0.04    0.01    0.01    0       0.01    0       0       0       0       0       0       0       0.01    
2008 0       0       0       0       0       0.03    0.04    0.14    0.15    0.15    0.1     0.12    0.04    0.06    0.03    0.02    0.03    0.03    0.02    0.03    0.01    0       0       0       0       0       0       0       0       0       
2009 0       0       0       0       0       0.01    0.02    0.11    0.12    0.12    0.16    0.1     0.1     0.06    0.06    0.03    0.04    0.02    0.02    0       0.02    0       0.01    0       0       0       0       0       0       0       
2010 0       0       0       0.01    0       0.01    0.06    0.09    0.14    0.22    0.1     0.14    0.04    0.03    0.02    0.04    0.06    0.02    0.01    0       0       0       0       0.01    0       0       0       0       0       0       
objective function: multinomial likelihood, with delta = 1e-011, N =
100 100 100 100 100 100 100 100 100 100 100 100 100 100 100 100 100 100 100 100 100 100 100 100 100 100 100 100 100 100 
100 100 100 100 100 100 100 100 100 100 100 100 100 100 100 100 100 100 100 100 100 100 100 100 100 100 100 100 100 100 
100 100 100 100 100 100 100 100 100 100 100 100 100 100 100 100 100 100 100 100 100 100 100 100 100 100 100 100 100 100 
100 100 100 100 100 100 100 100 100 100 100 100 100 100 100 100 100 100 100 100 100 100 100 100 100 100 100 100 100 100 
100 100 100 100 100 100 100 100 100 100 100 100 100 100 100 100 100 100 100 100 100 100 100 100 100 100 100 100 100 100 
100 100 100 100 100 100 100 100 100 100 100 100 100 100 100 100 100 100 100 100 100 100 100 100 100 100 100 100 100 100 
100 100 100 100 100 100 100 100 100 100 100 100 100 100 100 100 100 100 100 100 100 100 100 100 100 100 100 100 100 100 
100 100 100 100 100 100 100 100 100 100 100 100 100 100 100 100 100 100 100 100 100 100 100 100 100 100 100 100 100 100 
100 100 100 100 100 100 100 100 100 100 100 100 100 100 100 100 100 100 100 100 100 100 100 100 100 100 100 100 100 100 
100 100 100 100 100 100 100 100 100 100 100 100 100 100 100 100 100 100 100 100 100 100 100 100 100 100 100 100 100 100 
100 100 100 100 100 100 100 100 100 100 100 100 100 100 100 100 100 100 100 100 100 100 100 100 100 100 100 100 100 100 

Tags2005_R1_R1 :
tag-recapture data for tag Tags2005_R1 in years 2006 2007 2008 2009 2010 , step 1, after proportion 0.5 of mortality, with sampling method size, detection probability 1.
Year 2006
class scanned recaptured
100 0 0
150 0 0
200 0 0
250 0 0
300 12 0
350 158 0
400 1164 0
450 5400 0
500 17230 0
550 40736 1
600 74702 1
650 107602 10
700 122602 10
750 114910 14
800 96170 12
850 78086 10
900 63392 6
950 50824 3
1000 39614 7
1050 29908 3
1100 22030 3
1150 15980 0
1200 11430 0
1250 8012 1
1300 5482 1
1350 3670 0
1400 2426 0
1450 1590 0
1500 1028 0
1550 648 0
1600 390 0
1650 222 0
1700 116 0
1750 56 0
1800 24 0
1850 10 0
1900 4 0
1950 2 0
2000 0 0


Year 2007
class scanned recaptured
100 0 0
150 0 0
200 0 0
250 0 0
300 12 0
350 154 0
400 1188 0
450 5846 0
500 19106 0
550 44148 0
600 77076 0
650 107512 3
700 123892 1
750 120194 11
800 101498 9
850 79614 4
900 61954 5
950 48778 4
1000 38160 2
1050 29120 7
1100 21578 3
1150 15618 0
1200 11128 1
1250 7818 0
1300 5400 0
1350 3658 0
1400 2436 0
1450 1598 0
1500 1032 0
1550 648 0
1600 390 0
1650 220 0
1700 116 0
1750 56 0
1800 24 0
1850 10 0
1900 4 0
1950 2 0
2000 0 0


Year 2008
class scanned recaptured
100 0 0
150 0 0
200 0 0
250 0 0
300 12 0
350 148 0
400 1136 0
450 5836 0
500 20228 0
550 48602 0
600 84868 0
650 114222 2
700 126232 2
750 120836 6
800 103652 5
850 81948 6
900 62262 9
950 47378 3
1000 36456 6
1050 27882 2
1100 20840 1
1150 15160 1
1200 10790 1
1250 7564 0
1300 5238 1
1350 3578 0
1400 2406 0
1450 1590 0
1500 1028 0
1550 646 0
1600 386 0
1650 218 0
1700 114 0
1750 54 0
1800 24 0
1850 10 0
1900 4 0
1950 2 0
2000 0 0


Year 2009
class scanned recaptured
100 0 0
150 0 0
200 0 0
250 0 0
300 12 0
350 144 0
400 1080 0
450 5452 0
500 19454 0
550 49380 0
600 90534 0
650 124382 0
700 135292 1
750 124916 7
800 104638 2
850 82726 2
900 62796 5
950 46732 7
1000 34910 2
1050 26292 2
1100 19670 1
1150 14408 2
1200 10300 2
1250 7220 1
1300 4996 1
1350 3424 1
1400 2320 0
1450 1546 0
1500 1006 0
1550 632 0
1600 378 0
1650 214 0
1700 112 0
1750 54 0
1800 24 0
1850 10 0
1900 4 0
1950 2 0
2000 0 0


Year 2010
class scanned recaptured
100 0 0
150 0 0
200 0 0
250 0 0
300 12 0
350 140 0
400 1042 0
450 5174 0
500 17996 0
550 46168 0
600 88522 0
650 128034 0
700 144032 2
750 133060 5
800 108570 3
850 83738 8
900 63094 7
950 46670 6
1000 34148 1
1050 25064 2
1100 18486 5
1150 13538 0
1200 9730 0
1250 6846 0
1300 4740 0
1350 3250 0
1400 2208 0
1450 1480 0
1500 970 0
1550 612 0
1600 368 1
1650 208 0
1700 108 0
1750 52 0
1800 22 0
1850 8 0
1900 4 0
1950 2 0
2000 0 0


Tags2006_R1_R1 :
tag-recapture data for tag Tags2006_R1 in years 2007 2008 2009 2010 , step 1, after proportion 0.5 of mortality, with sampling method size, detection probability 1.
Year 2007
class scanned recaptured
100 0 0
150 0 0
200 0 0
250 0 0
300 12 0
350 154 0
400 1188 0
450 5846 0
500 19106 0
550 44148 0
600 77076 1
650 107512 8
700 123892 10
750 120194 12
800 101498 12
850 79614 7
900 61954 3
950 48778 2
1000 38160 2
1050 29120 2
1100 21578 2
1150 15618 2
1200 11128 1
1250 7818 0
1300 5400 0
1350 3658 0
1400 2436 0
1450 1598 0
1500 1032 0
1550 648 0
1600 390 0
1650 220 0
1700 116 0
1750 56 0
1800 24 0
1850 10 0
1900 4 0
1950 2 0
2000 0 0


Year 2008
class scanned recaptured
100 0 0
150 0 0
200 0 0
250 0 0
300 12 0
350 148 0
400 1136 0
450 5836 0
500 20228 0
550 48602 1
600 84868 1
650 114222 5
700 126232 5
750 120836 8
800 103652 10
850 81948 8
900 62262 6
950 47378 3
1000 36456 2
1050 27882 1
1100 20840 4
1150 15160 0
1200 10790 1
1250 7564 0
1300 5238 0
1350 3578 0
1400 2406 1
1450 1590 0
1500 1028 0
1550 646 0
1600 386 0
1650 218 0
1700 114 0
1750 54 0
1800 24 0
1850 10 0
1900 4 0
1950 2 0
2000 0 0


Year 2009
class scanned recaptured
100 0 0
150 0 0
200 0 0
250 0 0
300 12 0
350 144 0
400 1080 0
450 5452 0
500 19454 0
550 49380 0
600 90534 1
650 124382 0
700 135292 5
750 124916 5
800 104638 9
850 82726 18
900 62796 7
950 46732 11
1000 34910 4
1050 26292 2
1100 19670 4
1150 14408 1
1200 10300 0
1250 7220 0
1300 4996 1
1350 3424 0
1400 2320 0
1450 1546 1
1500 1006 0
1550 632 0
1600 378 0
1650 214 0
1700 112 0
1750 54 0
1800 24 0
1850 10 0
1900 4 0
1950 2 0
2000 0 0


Year 2010
class scanned recaptured
100 0 0
150 0 0
200 0 0
250 0 0
300 12 0
350 140 0
400 1042 0
450 5174 0
500 17996 0
550 46168 0
600 88522 1
650 128034 2
700 144032 3
750 133060 0
800 108570 2
850 83738 10
900 63094 7
950 46670 3
1000 34148 2
1050 25064 4
1100 18486 1
1150 13538 0
1200 9730 5
1250 6846 0
1300 4740 0
1350 3250 0
1400 2208 0
1450 1480 0
1500 970 0
1550 612 0
1600 368 0
1650 208 0
1700 108 0
1750 52 0
1800 22 0
1850 8 0
1900 4 0
1950 2 0
2000 0 0


Tags2007_R1_R1 :
tag-recapture data for tag Tags2007_R1 in years 2008 2009 2010 , step 1, after proportion 0.5 of mortality, with sampling method size, detection probability 1.
Year 2008
class scanned recaptured
100 0 0
150 0 0
200 0 0
250 0 0
300 12 0
350 148 0
400 1136 0
450 5836 0
500 20228 0
550 48602 1
600 84868 3
650 114222 4
700 126232 14
750 120836 13
800 103652 10
850 81948 5
900 62262 10
950 47378 11
1000 36456 3
1050 27882 2
1100 20840 4
1150 15160 0
1200 10790 0
1250 7564 1
1300 5238 0
1350 3578 1
1400 2406 0
1450 1590 0
1500 1028 0
1550 646 0
1600 386 0
1650 218 0
1700 114 0
1750 54 0
1800 24 0
1850 10 0
1900 4 0
1950 2 0
2000 0 0


Year 2009
class scanned recaptured
100 0 0
150 0 0
200 0 0
250 0 0
300 12 0
350 144 0
400 1080 0
450 5452 0
500 19454 0
550 49380 2
600 90534 0
650 124382 3
700 135292 2
750 124916 12
800 104638 12
850 82726 14
900 62796 13
950 46732 11
1000 34910 1
1050 26292 4
1100 19670 0
1150 14408 1
1200 10300 0
1250 7220 1
1300 4996 1
1350 3424 0
1400 2320 0
1450 1546 0
1500 1006 0
1550 632 0
1600 378 0
1650 214 0
1700 112 0
1750 54 0
1800 24 0
1850 10 0
1900 4 0
1950 2 0
2000 0 0


Year 2010
class scanned recaptured
100 0 0
150 0 0
200 0 0
250 0 0
300 12 0
350 140 0
400 1042 0
450 5174 0
500 17996 0
550 46168 0
600 88522 0
650 128034 0
700 144032 2
750 133060 4
800 108570 8
850 83738 13
900 63094 12
950 46670 4
1000 34148 2
1050 25064 5
1100 18486 1
1150 13538 0
1200 9730 1
1250 6846 2
1300 4740 1
1350 3250 0
1400 2208 0
1450 1480 0
1500 970 0
1550 612 0
1600 368 0
1650 208 0
1700 108 0
1750 52 0
1800 22 0
1850 8 0
1900 4 0
1950 2 0
2000 0 0


Tags2008_R1_R1 :
tag-recapture data for tag Tags2008_R1 in years 2009 2010 , step 1, after proportion 0.5 of mortality, with sampling method size, detection probability 1.
Year 2009
class scanned recaptured
100 0 0
150 0 0
200 0 0
250 0 0
300 12 0
350 144 0
400 1080 0
450 5452 0
500 19454 0
550 49380 0
600 90534 5
650 124382 7
700 135292 11
750 124916 12
800 104638 16
850 82726 3
900 62796 8
950 46732 4
1000 34910 7
1050 26292 3
1100 19670 1
1150 14408 0
1200 10300 1
1250 7220 0
1300 4996 1
1350 3424 0
1400 2320 0
1450 1546 0
1500 1006 0
1550 632 0
1600 378 0
1650 214 0
1700 112 0
1750 54 0
1800 24 0
1850 10 0
1900 4 0
1950 2 0
2000 0 0


Year 2010
class scanned recaptured
100 0 0
150 0 0
200 0 0
250 0 0
300 12 0
350 140 0
400 1042 0
450 5174 0
500 17996 0
550 46168 0
600 88522 1
650 128034 7
700 144032 6
750 133060 12
800 108570 12
850 83738 6
900 63094 5
950 46670 4
1000 34148 4
1050 25064 3
1100 18486 2
1150 13538 0
1200 9730 0
1250 6846 0
1300 4740 1
1350 3250 0
1400 2208 0
1450 1480 0
1500 970 0
1550 612 0
1600 368 0
1650 208 0
1700 108 0
1750 52 0
1800 22 0
1850 8 0
1900 4 0
1950 2 0
2000 0 0


Tags2009_R1_R1 :
tag-recapture data for tag Tags2009_R1 in years 2010 , step 1, after proportion 0.5 of mortality, with sampling method size, detection probability 1.
Year 2010
class scanned recaptured
100 0 0
150 0 0
200 0 0
250 0 0
300 12 0
350 140 0
400 1042 0
450 5174 0
500 17996 0
550 46168 1
600 88522 1
650 128034 9
700 144032 12
750 133060 19
800 108570 18
850 83738 14
900 63094 9
950 46670 6
1000 34148 5
1050 25064 2
1100 18486 0
1150 13538 1
1200 9730 0
1250 6846 0
1300 4740 0
1350 3250 0
1400 2208 0
1450 1480 0
1500 970 0
1550 612 0
1600 368 0
1650 208 0
1700 108 0
1750 52 0
1800 22 0
1850 8 0
1900 4 0
1950 2 0
2000 0 0



Ageing_error:
  Misclassification matrix:
1 0 0 0 0 0 0 0 0 0 0 0 0 0 0 0 0 0 0 0 0 0 0 0 0 0 0 0 0 0 
0 1 0 0 0 0 0 0 0 0 0 0 0 0 0 0 0 0 0 0 0 0 0 0 0 0 0 0 0 0 
0 0 1 0 0 0 0 0 0 0 0 0 0 0 0 0 0 0 0 0 0 0 0 0 0 0 0 0 0 0 
0 0 0 1 0 0 0 0 0 0 0 0 0 0 0 0 0 0 0 0 0 0 0 0 0 0 0 0 0 0 
0 0 0 0 1 0 0 0 0 0 0 0 0 0 0 0 0 0 0 0 0 0 0 0 0 0 0 0 0 0 
0 0 0 0 0 1 0 0 0 0 0 0 0 0 0 0 0 0 0 0 0 0 0 0 0 0 0 0 0 0 
0 0 0 0 0 0 1 0 0 0 0 0 0 0 0 0 0 0 0 0 0 0 0 0 0 0 0 0 0 0 
0 0 0 0 0 0 0 1 0 0 0 0 0 0 0 0 0 0 0 0 0 0 0 0 0 0 0 0 0 0 
0 0 0 0 0 0 0 0 1 0 0 0 0 0 0 0 0 0 0 0 0 0 0 0 0 0 0 0 0 0 
0 0 0 0 0 0 0 0 0 1 0 0 0 0 0 0 0 0 0 0 0 0 0 0 0 0 0 0 0 0 
0 0 0 0 0 0 0 0 0 0 1 0 0 0 0 0 0 0 0 0 0 0 0 0 0 0 0 0 0 0 
0 0 0 0 0 0 0 0 0 0 0 1 0 0 0 0 0 0 0 0 0 0 0 0 0 0 0 0 0 0 
0 0 0 0 0 0 0 0 0 0 0 0 1 0 0 0 0 0 0 0 0 0 0 0 0 0 0 0 0 0 
0 0 0 0 0 0 0 0 0 0 0 0 0 1 0 0 0 0 0 0 0 0 0 0 0 0 0 0 0 0 
0 0 0 0 0 0 0 0 0 0 0 0 0 0 1 0 0 0 0 0 0 0 0 0 0 0 0 0 0 0 
0 0 0 0 0 0 0 0 0 0 0 0 0 0 0 1 0 0 0 0 0 0 0 0 0 0 0 0 0 0 
0 0 0 0 0 0 0 0 0 0 0 0 0 0 0 0 1 0 0 0 0 0 0 0 0 0 0 0 0 0 
0 0 0 0 0 0 0 0 0 0 0 0 0 0 0 0 0 1 0 0 0 0 0 0 0 0 0 0 0 0 
0 0 0 0 0 0 0 0 0 0 0 0 0 0 0 0 0 0 1 0 0 0 0 0 0 0 0 0 0 0 
0 0 0 0 0 0 0 0 0 0 0 0 0 0 0 0 0 0 0 1 0 0 0 0 0 0 0 0 0 0 
0 0 0 0 0 0 0 0 0 0 0 0 0 0 0 0 0 0 0 0 1 0 0 0 0 0 0 0 0 0 
0 0 0 0 0 0 0 0 0 0 0 0 0 0 0 0 0 0 0 0 0 1 0 0 0 0 0 0 0 0 
0 0 0 0 0 0 0 0 0 0 0 0 0 0 0 0 0 0 0 0 0 0 1 0 0 0 0 0 0 0 
0 0 0 0 0 0 0 0 0 0 0 0 0 0 0 0 0 0 0 0 0 0 0 1 0 0 0 0 0 0 
0 0 0 0 0 0 0 0 0 0 0 0 0 0 0 0 0 0 0 0 0 0 0 0 1 0 0 0 0 0 
0 0 0 0 0 0 0 0 0 0 0 0 0 0 0 0 0 0 0 0 0 0 0 0 0 1 0 0 0 0 
0 0 0 0 0 0 0 0 0 0 0 0 0 0 0 0 0 0 0 0 0 0 0 0 0 0 1 0 0 0 
0 0 0 0 0 0 0 0 0 0 0 0 0 0 0 0 0 0 0 0 0 0 0 0 0 0 0 1 0 0 
0 0 0 0 0 0 0 0 0 0 0 0 0 0 0 0 0 0 0 0 0 0 0 0 0 0 0 0 1 0 
0 0 0 0 0 0 0 0 0 0 0 0 0 0 0 0 0 0 0 0 0 0 0 0 0 0 0 0 0 1 

Free parameters:

initialization.B0
uniform: bounds from 5000 to 500000
current value: 161760
lower bound: 5000
upper bound: 500000


Q's:
qs are nuisance parameters

Penalties:
LL_Penalty :
Catch limit penalty of 1000 x the sum of squares of (log(actual catch) - log(specified catch)) for fishery LL to disencourage breaking exploitation rate limits
meanYCS_1 :
Vector average penalty of 100 x square of (mean(recruitment.YCS) - 1) 
Penalty_Tags2005_R1_LL :
'Fish-must-be-tagged' penalty of 1 x square of (actual number of tagged fish - nominal number of tagged fish) for tagging episode Tags2005_R1_LL
Penalty_Tags2006_R1_LL :
'Fish-must-be-tagged' penalty of 1 x square of (actual number of tagged fish - nominal number of tagged fish) for tagging episode Tags2006_R1_LL
Penalty_Tags2007_R1_LL :
'Fish-must-be-tagged' penalty of 1 x square of (actual number of tagged fish - nominal number of tagged fish) for tagging episode Tags2007_R1_LL
Penalty_Tags2008_R1_LL :
'Fish-must-be-tagged' penalty of 1 x square of (actual number of tagged fish - nominal number of tagged fish) for tagging episode Tags2008_R1_LL
Penalty_Tags2009_R1_LL :
'Fish-must-be-tagged' penalty of 1 x square of (actual number of tagged fish - nominal number of tagged fish) for tagging episode Tags2009_R1_LL

Components of the objective function are:
  LL_catchA
  Tags2005_R1_R1
  Tags2006_R1_R1
  Tags2007_R1_R1
  Tags2008_R1_R1
  Tags2009_R1_R1
  prior_on_initialization.B0
  LL_Penalty
  meanYCS_1
  Penalty_Tags2005_R1_LL
  Penalty_Tags2006_R1_LL
  Penalty_Tags2007_R1_LL
  Penalty_Tags2008_R1_LL
  Penalty_Tags2009_R1_LL

Random number seed : 95702


Minimiser achieved convergence after 5 quasi-Newton iterations using 6 objective function evaluations



Approximate Covariance matrix (Inverse Hessian of parameters at point estimate):
2.05582e+007 

Correlation matrix:
1 

List of parameter names, in the same order as the rows & cols of the covariance/correlation matrices:
initialization.B0 



Start extracting output from here

Point estimate:
initialization.B0
current value: 174860
lower bound: 5000
upper bound: 500000


In a format suitable for -i :

initialization.B0 
174860 

Objective function : 844.601

Components :
LL_catchA                                          389.727
Tags2005_R1_R1                                     141.901
Tags2006_R1_R1                                     125.8
Tags2007_R1_R1                                     100.995
Tags2008_R1_R1                                     57.8393
Tags2009_R1_R1                                     28.3391
prior_on_initialization.B0                         0
LL_Penalty                                         0
meanYCS_1                                          0
Penalty_Tags2005_R1_LL                             2.06795e-025
Penalty_Tags2006_R1_LL                             2.06795e-025
Penalty_Tags2007_R1_LL                             2.06795e-025
Penalty_Tags2008_R1_LL                             2.06795e-025
Penalty_Tags2009_R1_LL                             2.06795e-025

Fits : 

The observations are:
LL_catchA
Tags2005_R1_R1
Tags2006_R1_R1
Tags2007_R1_R1
Tags2008_R1_R1
Tags2009_R1_R1
Fits follow:

LL_catchA :
catch proportions-at-age for fishery LL  with ageing error (not constrained to sum to 1):
obs (last class is a plus group):
class 1       2       3       4       5       6       7       8       9       10      11      12      13      14      15      16      17      18      19      20      21      22      23      24      25      26      27      28      29      30      
2000 0       0       0       0       0       0.01    0.04    0.11    0.15    0.14    0.08    0.09    0.13    0.05    0.02    0.03    0.03    0.05    0.02    0.01    0       0.02    0.01    0.01    0       0       0       0       0       0       
2001 0       0       0       0       0       0.02    0.06    0.1     0.14    0.17    0.12    0.13    0.05    0.07    0.03    0.06    0.01    0       0.01    0       0.01    0.01    0       0       0       0       0       0       0       0.01    
2002 0       0       0       0       0       0.04    0.08    0.11    0.15    0.13    0.06    0.1     0.11    0.05    0.02    0.05    0.05    0       0.01    0.01    0       0.01    0.01    0       0       0       0.01    0       0       0       
2003 0       0       0       0       0.01    0.01    0.08    0.12    0.21    0.17    0.11    0.09    0.04    0.02    0.03    0.01    0.03    0.01    0.01    0       0.01    0.01    0.01    0.01    0       0       0       0       0       0.01    
2004 0       0       0       0       0.02    0.04    0.06    0.09    0.16    0.15    0.14    0.08    0.05    0.01    0.06    0.04    0.04    0       0       0.02    0.01    0       0       0       0.01    0       0       0       0       0.02    
2005 0       0       0       0       0       0.02    0.12    0.06    0.12    0.14    0.09    0.07    0.1     0.06    0.08    0       0.03    0.05    0.02    0.01    0       0       0.01    0.01    0       0       0       0       0       0.01    
2006 0       0       0       0       0.01    0.02    0.02    0.08    0.16    0.15    0.14    0.07    0.05    0.08    0.06    0.05    0.02    0.01    0.03    0.01    0.02    0.01    0       0       0       0.01    0       0       0       0       
2007 0       0       0       0       0       0.02    0.03    0.08    0.2     0.15    0.08    0.09    0.11    0.08    0.03    0.05    0       0.04    0.01    0.01    0       0.01    0       0       0       0       0       0       0       0.01    
2008 0       0       0       0       0       0.03    0.04    0.14    0.15    0.15    0.1     0.12    0.04    0.06    0.03    0.02    0.03    0.03    0.02    0.03    0.01    0       0       0       0       0       0       0       0       0       
2009 0       0       0       0       0       0.01    0.02    0.11    0.12    0.12    0.16    0.1     0.1     0.06    0.06    0.03    0.04    0.02    0.02    0       0.02    0       0.01    0       0       0       0       0       0       0       
2010 0       0       0       0.01    0       0.01    0.06    0.09    0.14    0.22    0.1     0.14    0.04    0.03    0.02    0.04    0.06    0.02    0.01    0       0       0       0       0.01    0       0       0       0       0       0       
fits (last class is a plus group):
class 1       2       3       4       5       6       7       8       9       10      11      12      13      14      15      16      17      18      19      20      21      22      23      24      25      26      27      28      29      30      
2000 4.90379e-007 8.01846e-006 9.27055e-005 0.000757782 0.00437877 0.0178779 0.0514803 0.104065 0.14668 0.143807 0.116702 0.0935217 0.0740641 0.0580076 0.044973 0.0345806 0.0264774 0.0202995 0.0156122 0.0119555 0.00905351 0.00677465 0.00500552 0.00364908 0.00262301 0.00185797 0.00129626 0.000890413 0.000602043 0.00290531 
2001 4.91901e-007 8.04346e-006 9.30009e-005 0.000760296 0.0043941 0.0179445 0.0516835 0.104489 0.147264 0.144322 0.117224 0.0938519 0.0742509 0.0580895 0.0449699 0.0344779 0.0262262 0.0198703 0.0150766 0.0114759 0.00869703 0.00651687 0.00482434 0.00352547 0.00254124 0.00180561 0.00126385 0.000871068 0.000590935 0.00289155 
2002 4.93146e-007 8.06358e-006 9.32348e-005 0.00076226 0.00440602 0.0179963 0.0518429 0.104825 0.14773 0.144731 0.117497 0.0941546 0.0744218 0.058166 0.0449805 0.0344363 0.0261196 0.019661 0.014743 0.0110716 0.00834052 0.00625482 0.00463691 0.00339517 0.00245329 0.00174805 0.00122737 0.000848711 0.000577712 0.00287061 
2003 4.94209e-007 8.08051e-006 9.34278e-005 0.000763848 0.0044155 0.0180373 0.0519685 0.105091 0.148099 0.145057 0.117712 0.0942792 0.0745879 0.0582433 0.0449973 0.0344131 0.0260653 0.0195648 0.0145761 0.0108185 0.00804093 0.00599439 0.00444763 0.0032613 0.00236127 0.00168663 0.00118762 0.000823795 0.000562609 0.00284263 
2004 4.95163e-007 8.09549e-006 9.35957e-005 0.000765199 0.00442336 0.0180705 0.0520694 0.105303 0.148392 0.145313 0.11788 0.094375 0.0746267 0.0583276 0.0450228 0.0344007 0.0260296 0.0195112 0.0144957 0.0106897 0.00785276 0.00577608 0.00426037 0.00312675 0.00226719 0.0016227 0.00114545 0.000796822 0.000545899 0.00280779 
2005 4.96061e-007 8.10946e-006 9.37501e-005 0.000766417 0.00443027 0.0180989 0.0521533 0.105476 0.148628 0.145514 0.118009 0.0944467 0.0746534 0.0583205 0.04506 0.0343998 0.0260055 0.0194741 0.0144488 0.0106258 0.00775596 0.00563865 0.00410369 0.00299407 0.00217295 0.00155758 0.00110172 0.000768325 0.000527892 0.00276631 
2006 4.96947e-007 8.12314e-006 9.38999e-005 0.000767583 0.00443676 0.0181247 0.0522271 0.105623 0.148821 0.145673 0.118105 0.0944967 0.0746686 0.0583097 0.045031 0.0344111 0.0259926 0.0194475 0.0144154 0.0105874 0.00770693 0.00556738 0.0040049 0.00288321 0.00208025 0.00149252 0.0010573 0.000738859 0.000508925 0.00271851 
2007 4.97841e-007 8.13686e-006 9.40492e-005 0.000768735 0.00444308 0.0181494 0.0522955 0.105754 0.148985 0.1458  0.118176 0.0945278 0.0746723 0.0582944 0.0450026 0.0343744 0.0259908 0.0194307 0.0143908 0.0105596 0.00767686 0.00553074 0.00395335 0.00281319 0.00200284 0.00142859 0.00101297 0.000708963 0.000489341 0.00266478 
2008 4.98758e-007 8.1509e-006 9.42012e-005 0.000769902 0.00444942 0.0181739 0.0523617 0.105877 0.149132 0.145906 0.118227 0.0945427 0.0746646 0.0582729 0.0449727 0.0343396 0.0259537 0.0194228 0.0143739 0.0105386 0.00765477 0.00550791 0.00392652 0.00277647 0.00195388 0.00137523 0.000969455 0.000679156 0.000469489 0.00260564 
2009 4.99705e-007 8.1654e-006 9.43578e-005 0.000771097 0.00445589 0.0181986 0.0524279 0.105997 0.149271 0.145998 0.118264 0.0945448 0.0746463 0.0582441 0.0449392 0.0343046 0.0259188 0.0193891 0.014364 0.0105236 0.00763779 0.0054909 0.00390958 0.00275717 0.00192809 0.00134143 0.000933126 0.000649911 0.000449705 0.00254171 
2010 5.00685e-007 8.18039e-006 9.45197e-005 0.000772331 0.00446253 0.0182238 0.0524948 0.106117 0.149406 0.146084 0.118292 0.094537 0.074619 0.0582079 0.0449008 0.0342674 0.0258841 0.0193573 0.0143352 0.0105137 0.00762513 0.00547761 0.0038968 0.00274482 0.0019144 0.00132355 0.000910089 0.00062549 0.000430299 0.00247374 
resids (last class is a plus group):
class 1       2       3       4       5       6       7       8       9       10      11      12      13      14      15      16      17      18      19      20      21      22      23      24      25      26      27      28      29      30      
2000 -4.90379e-007 -8.01846e-006 -9.27055e-005 -0.000757782 -0.00437877 -0.00787789 -0.0114803 0.00593497 0.0033198 -0.00380737 -0.0367021 -0.0035217 0.0559359 -0.00800762 -0.024973 -0.00458057 0.00352255 0.0297005 0.00438781 -0.0019555 -0.00905351 0.0132253 0.00499448 0.00635092 -0.00262301 -0.00185797 -0.00129626 -0.000890413 -0.000602043 -0.00290531 
2001 -4.91901e-007 -8.04346e-006 -9.30009e-005 -0.000760296 -0.0043941 0.00205552 0.00831648 -0.00448949 -0.00726415 0.0256784 0.00277628 0.0361481 -0.0242509 0.0119105 -0.0149699 0.0255221 -0.0162262 -0.0198703 -0.00507658 -0.0114759 0.00130297 0.00348313 -0.00482434 -0.00352547 -0.00254124 -0.00180561 -0.00126385 -0.000871068 -0.000590935 0.00710845 
2002 -4.93146e-007 -8.06358e-006 -9.32348e-005 -0.00076226 -0.00440602 0.0220037 0.0281571 0.00517463 0.00227038 -0.0147314 -0.0574966 0.0058454 0.0355782 -0.008166 -0.0249805 0.0155637 0.0238804 -0.019661 -0.00474298 -0.00107157 -0.00834052 0.00374518 0.00536309 -0.00339517 -0.00245329 -0.00174805 0.00877263 -0.000848711 -0.000577712 -0.00287061 
2003 -4.94209e-007 -8.08051e-006 -9.34278e-005 -0.000763848 0.0055845 -0.00803726 0.0280315 0.0149089 0.0619009 0.0249433 -0.00771169 -0.00427922 -0.0345879 -0.0382433 -0.0149973 -0.0244131 0.00393467 -0.00956483 -0.00457614 -0.0108185 0.00195907 0.00400561 0.00555237 0.0067387 -0.00236127 -0.00168663 -0.00118762 -0.000823795 -0.000562609 0.00715737 
2004 -4.95163e-007 -8.09549e-006 -9.35957e-005 -0.000765199 0.0155766 0.0219295 0.00793058 -0.0153031 0.0116076 0.00468691 0.0221202 -0.014375 -0.0246267 -0.0483276 0.0149772 0.00559926 0.0139704 -0.0195112 -0.0144957 0.00931028 0.00214724 -0.00577608 -0.00426037 -0.00312675 0.00773281 -0.0016227 -0.00114545 -0.000796822 -0.000545899 0.0171922 
2005 -4.96061e-007 -8.10946e-006 -9.37501e-005 -0.000766417 -0.00443027 0.00190114 0.0678467 -0.045476 -0.0286276 -0.00551448 -0.028009 -0.0244467 0.0253466 0.00167951 0.03494 -0.0343998 0.00399445 0.0305259 0.00555121 -0.000625808 -0.00775596 -0.00563865 0.00589631 0.00700593 -0.00217295 -0.00155758 -0.00110172 -0.000768325 -0.000527892 0.00723369 
2006 -4.96947e-007 -8.12314e-006 -9.38999e-005 -0.000767583 0.00556324 0.00187527 -0.0322271 -0.025623 0.0111792 0.00432691 0.0218946 -0.0244967 -0.0246686 0.0216903 0.014969 0.0155889 -0.00599265 -0.00944754 0.0155846 -0.000587407 0.0122931 0.00443262 -0.0040049 -0.00288321 -0.00208025 0.00850748 -0.0010573 -0.000738859 -0.000508925 -0.00271851 
2007 -4.97841e-007 -8.13686e-006 -9.40492e-005 -0.000768735 -0.00444308 0.00185058 -0.0222955 -0.0257539 0.0510147 0.00419962 -0.0381761 -0.00452779 0.0353277 0.0217056 -0.0150026 0.0156256 -0.0259908 0.0205693 -0.0043908 -0.00055961 -0.00767686 0.00446926 -0.00395335 -0.00281319 -0.00200284 -0.00142859 -0.00101297 -0.000708963 -0.000489341 0.00733522 
2008 -4.98758e-007 -8.1509e-006 -9.42012e-005 -0.000769902 -0.00444942 0.0118261 -0.0123617 0.0341232 0.000867699 0.00409396 -0.0182271 0.0254573 -0.0346646 0.00172713 -0.0149727 -0.0143396 0.00404627 0.0105772 0.00562609 0.0194614 0.00234523 -0.00550791 -0.00392652 -0.00277647 -0.00195388 -0.00137523 -0.000969455 -0.000679156 -0.000469489 -0.00260564 
2009 -4.99705e-007 -8.1654e-006 -9.43578e-005 -0.000771097 -0.00445589 -0.00819858 -0.0324279 0.00400322 -0.0292707 -0.0259982 0.0417361 0.00545523 0.0253537 0.00175592 0.0150608 -0.00430458 0.0140812 0.000610856 0.00563597 -0.0105236 0.0123622 -0.0054909 0.00609042 -0.00275717 -0.00192809 -0.00134143 -0.000933126 -0.000649911 -0.000449705 -0.00254171 
2010 -5.00685e-007 -8.18039e-006 -9.45197e-005 0.00922767 -0.00446253 -0.00822381 0.00750515 -0.0161169 -0.00940625 0.0739161 -0.0182918 0.045463 -0.034619 -0.0282079 -0.0249008 0.00573264 0.0341159 0.000642668 -0.00433523 -0.0105137 -0.00762513 -0.00547761 -0.0038968 0.00725518 -0.0019144 -0.00132355 -0.000910089 -0.00062549 -0.000430299 -0.00247374 
pearson_resids (last class is a plus group):
class 1       2       3       4       5       6       7       8       9       10      11      12      13      14      15      16      17      18      19      20      21      22      23      24      25      26      27      28      29      30      
2000 -0.00700271 -0.028317 -0.0962881 -0.275383 -0.663177 -0.594523 -0.519528 0.194369 0.0938361 -0.108505 -1.14314 -0.120953 2.13598 -0.34256 -1.205  -0.250695 0.219405 2.10608 0.353943 -0.179923 -0.955836 1.61228 0.707711 1.05327 -0.512826 -0.431443 -0.360269 -0.298531 -0.245439 -0.539794 
2001 -0.00701357 -0.0283611 -0.0964415 -0.275839 -0.664342 0.154842 0.375653 -0.146766 -0.204988 0.730712 0.0863038 1.23955 -0.924976 0.509184 -0.722351 1.39883 -1.01536 -1.42384 -0.416599 -1.07746 0.140328 0.432882 -0.696256 -0.594806 -0.504749 -0.425309 -0.355731 -0.295267 -0.243163 1.32385 
2002 -0.00702244 -0.0283966 -0.0965627 -0.276196 -0.665246 1.65518 1.27    0.168924 0.0639846 -0.418709 -1.78555 0.200155 1.35559 -0.348889 -1.20527 0.853521 1.49729 -1.41617 -0.393536 -0.102408 -0.917097 0.475037 0.789422 -0.583673 -0.495916 -0.418463 2.50559 -0.29145 -0.240426 -0.536551 
2003 -0.00703 -0.0284263 -0.0966626 -0.276484 0.842277 -0.603914 1.26289 0.486155 1.74272 0.708299 -0.239296 -0.14644 -1.31651 -1.63291 -0.723464 -1.33926 0.246952 -0.690605 -0.381827 -1.04579 0.219356 0.518922 0.834415 1.18192 -0.486503 -0.411033 -0.344823 -0.287137 -0.23726 1.34435 
2004 -0.00703678 -0.0284527 -0.0967494 -0.276728 2.34725 1.64628 0.356965 -0.498563 0.326525 0.132994 0.68597 -0.491706 -0.937133 -2.06209 0.722299 0.307219 0.877411 -1.41065 -1.2128 0.905344 0.243266 -0.76221 -0.65411 -0.560049 1.62587 -0.403155 -0.338638 -0.282393 -0.233709 3.24908 
2005 -0.00704316 -0.0284772 -0.0968292 -0.276949 -0.667082 0.142611 3.05154 -1.4805 -0.804776 -0.156387 -0.868175 -0.83593 0.964367 0.0716674 1.68438 -1.88747 0.250984 2.20908 0.465192 -0.0610351 -0.884115 -0.753035 0.922329 1.28229 -0.466657 -0.39497 -0.332105 -0.277293 -0.22982 1.37725 
2006 -0.00704945 -0.0285012 -0.0969065 -0.277159 0.837068 0.140572 -1.44851 -0.833663 0.314101 0.122652 0.678411 -0.837442 -0.938484 0.925636 0.721841 0.855204 -0.376628 -0.684149 1.30748 -0.0573925 1.40572 0.595726 -0.634114 -0.537731 -0.456573 2.20377 -0.325333 -0.27192 -0.225651 -0.522104 
2007 -0.00705579 -0.0285253 -0.0969835 -0.277367 -0.66805 0.138629 -1.00149 -0.837465 1.4327  0.119001 -1.18259 -0.154764 1.34396 0.926404 -0.72368 0.857661 -1.63353 1.49018 -0.36868 -0.0547478 -0.87956 0.602627 -0.630003 -0.531143 -0.447979 -0.378238 -0.318433 -0.266358 -0.221265 1.42286 
2008 -0.00706228 -0.0285499 -0.0970619 -0.277578 -0.668529 0.885323 -0.554947 1.10905 0.0243586 0.115972 -0.564521 0.870089 -1.3188 0.0737275 -0.722465 -0.787456 0.254487 0.766433 0.472675 1.90582 0.269084 -0.744205 -0.627853 -0.527655 -0.44246 -0.371096 -0.311512 -0.260695 -0.216728 -0.511121 
2009 -0.00706898 -0.0285753 -0.0971425 -0.277794 -0.669016 -0.613349 -1.45489 0.130045 -0.821391 -0.736276 1.29246 0.186449 0.964681 0.074974 0.726974 -0.236502 0.886202 0.0443007 0.473666 -1.03128 1.41996 -0.743049 0.975963 -0.525813 -0.439524 -0.366501 -0.305614 -0.255016 -0.21211 -0.504795 
2010 -0.00707591 -0.0286015 -0.0972258 3.32168 -0.669517 -0.614819 0.33652 -0.523298 -0.263858 2.09281 -0.56639 1.5539  -1.31744 -1.20477 -1.20244 0.315127 2.14849 0.0466454 -0.364708 -1.0308 -0.876568 -0.742144 -0.625463 1.38672 -0.437958 -0.364047 -0.301814 -0.250176 -0.207481 -0.497983 
objective function: multinomial likelihood, with delta = 1e-011, N =
100 100 100 100 100 100 100 100 100 100 100 100 100 100 100 100 100 100 100 100 100 100 100 100 100 100 100 100 100 100 
100 100 100 100 100 100 100 100 100 100 100 100 100 100 100 100 100 100 100 100 100 100 100 100 100 100 100 100 100 100 
100 100 100 100 100 100 100 100 100 100 100 100 100 100 100 100 100 100 100 100 100 100 100 100 100 100 100 100 100 100 
100 100 100 100 100 100 100 100 100 100 100 100 100 100 100 100 100 100 100 100 100 100 100 100 100 100 100 100 100 100 
100 100 100 100 100 100 100 100 100 100 100 100 100 100 100 100 100 100 100 100 100 100 100 100 100 100 100 100 100 100 
100 100 100 100 100 100 100 100 100 100 100 100 100 100 100 100 100 100 100 100 100 100 100 100 100 100 100 100 100 100 
100 100 100 100 100 100 100 100 100 100 100 100 100 100 100 100 100 100 100 100 100 100 100 100 100 100 100 100 100 100 
100 100 100 100 100 100 100 100 100 100 100 100 100 100 100 100 100 100 100 100 100 100 100 100 100 100 100 100 100 100 
100 100 100 100 100 100 100 100 100 100 100 100 100 100 100 100 100 100 100 100 100 100 100 100 100 100 100 100 100 100 
100 100 100 100 100 100 100 100 100 100 100 100 100 100 100 100 100 100 100 100 100 100 100 100 100 100 100 100 100 100 
100 100 100 100 100 100 100 100 100 100 100 100 100 100 100 100 100 100 100 100 100 100 100 100 100 100 100 100 100 100 

Tags2005_R1_R1 :
tag-recapture data for tag Tags2005_R1 in years 2006 2007 2008 2009 2010 , step 1, after proportion 0.5 of mortality, with sampling method size, detection probability 1.
Year 2006
class scanned recaptured expected_prop neg_log_likelihood
100 0 0 0 0
150 0 0 1.48706e-012 0
200 0 0 9.35409e-012 0
250 0 0 6.07323e-011 0
300 12 0 7.96528e-010 9.55833e-009
350 158 0 1.00502e-008 1.58793e-006
400 1164 0 9.29472e-008 0.000108191
450 5400 0 6.13316e-007 0.00331191
500 17230 0 2.86309e-006 0.0493311
550 40736 1 9.62905e-006 1.3281
600 74702 1 2.41305e-005 1.21337
650 107602 10 4.68698e-005 3.96718
700 122602 10 7.34604e-005 2.13142
750 114910 14 9.68449e-005 2.58658
800 96170 12 0.000112403 2.23152
850 78086 10 0.000120179 2.09827
900 63392 6 0.000122582 2.04777
950 50824 3 0.000121547 2.50659
1000 39614 7 0.000117795 2.40886
1050 29908 3 0.00011137 1.51288
1100 22030 3 0.000102201 1.60842
1150 15980 0 9.04179e-005 1.44494
1200 11430 0 7.66699e-005 0.876371
1250 8012 1 6.229e-005 1.19403
1300 5482 1 4.88804e-005 1.58483
1350 3670 0 3.76422e-005 0.13815
1400 2426 0 2.91578e-005 0.0707378
1450 1590 0 2.31923e-005 0.0368762
1500 1028 0 1.9143e-005 0.0196792
1550 648 0 1.64482e-005 0.0106585
1600 390 0 1.46127e-005 0.00569899
1650 222 0 1.33865e-005 0.00297182
1700 116 0 1.25896e-005 0.0014604
1750 56 0 1.20822e-005 0.000676609
1800 24 0 1.1763e-005 0.000282313
1850 10 0 1.15618e-005 0.000115619
1900 4 0 1.14293e-005 4.57176e-005
1950 2 0 1.13247e-005 2.26495e-005
2000 0 0 1.12062e-005 0

total neg_log_likelihood: 31.0813


Year 2007
class scanned recaptured expected_prop neg_log_likelihood
100 0 0 0 0
150 0 0 4.78646e-015 0
200 0 0 5.3592e-013 0
250 0 0 7.56969e-012 0
300 12 0 1.45932e-010 1.75119e-009
350 154 0 2.01638e-009 3.10523e-007
400 1188 0 1.95532e-008 2.32292e-005
450 5846 0 1.49074e-007 0.000871486
500 19106 0 8.49637e-007 0.0162332
550 44148 0 3.5324e-006 0.155948
600 77076 0 1.08998e-005 0.840116
650 107512 3 2.57436e-005 1.50539
700 123892 1 4.81633e-005 4.18089
750 120194 11 7.38485e-005 2.36139
800 101498 9 9.62642e-005 2.05799
850 79614 4 0.000111239 3.30992
900 61954 5 0.000118746 2.16617
950 48778 4 0.000120869 1.97687
1000 38160 2 0.000119383 2.21611
1050 29120 7 0.000114957 3.41522
1100 21578 3 0.000107609 1.58642
1150 15618 0 9.72872e-005 1.51951
1200 11128 1 8.43933e-005 1.00189
1250 7818 0 7.01037e-005 0.54809
1300 5400 0 5.60966e-005 0.30293
1350 3658 0 4.38435e-005 0.160383
1400 2436 0 3.42644e-005 0.0834695
1450 1598 0 2.73369e-005 0.043685
1500 1032 0 2.25199e-005 0.0232408
1550 648 0 1.92483e-005 0.012473
1600 390 0 1.69714e-005 0.0066189
1650 220 0 1.54185e-005 0.0033921
1700 116 0 1.43905e-005 0.00166931
1750 56 0 1.3726e-005 0.000768664
1800 24 0 1.33033e-005 0.000319281
1850 10 0 1.30356e-005 0.000130357
1900 4 0 1.28608e-005 5.14434e-005
1950 2 0 1.2728e-005 2.54561e-005
2000 0 0 1.25846e-005 0

total neg_log_likelihood: 29.4982


Year 2008
class scanned recaptured expected_prop neg_log_likelihood
100 0 0 0 0
150 0 0 0 0
200 0 0 1.43686e-014 0
250 0 0 7.25182e-013 0
300 12 0 2.54161e-011 3.04993e-010
350 148 0 4.63316e-010 6.85707e-008
400 1136 0 4.601e-009 5.22673e-006
450 5836 0 3.55838e-008 0.000207667
500 20228 0 2.32077e-007 0.00469445
550 48602 0 1.15507e-006 0.0561386
600 84868 0 4.32426e-006 0.366992
650 114222 2 1.23555e-005 1.41543
700 126232 2 2.765e-005 1.68348
750 120836 6 4.98684e-005 1.82873
800 103652 5 7.46592e-005 2.29499
850 81948 6 9.60057e-005 2.07029
900 62262 9 0.00011024 2.32924
950 47378 3 0.000117299 2.2038
1000 36456 6 0.000118995 2.1127
1050 27882 2 0.000116878 1.58922
1100 20840 1 0.000111516 1.48073
1150 15160 1 0.000102902 1.11529
1200 10790 1 9.12462e-005 1.00007
1250 7564 0 7.75147e-005 0.586344
1300 5238 1 6.33507e-005 1.43491
1350 3578 0 5.04061e-005 0.180358
1400 2406 0 3.99171e-005 0.0960424
1450 1590 0 3.21092e-005 0.0510544
1500 1028 0 2.6547e-005 0.0272907
1550 646 0 2.26952e-005 0.0146613
1600 386 0 1.99635e-005 0.007706
1650 218 0 1.8069e-005 0.00393908
1700 114 0 1.67972e-005 0.00191489
1750 54 0 1.5966e-005 0.00086217
1800 24 0 1.54332e-005 0.000370399
1850 10 0 1.50949e-005 0.00015095
1900 4 0 1.4875e-005 5.95006e-005
1950 2 0 1.47117e-005 2.94236e-005
2000 0 0 1.45422e-005 0

total neg_log_likelihood: 23.9577


Year 2009
class scanned recaptured expected_prop neg_log_likelihood
100 0 0 0 0
150 0 0 0 0
200 0 0 4.67659e-017 0
250 0 0 4.46052e-014 0
300 12 0 3.56689e-012 4.28031e-011
350 144 0 1.05301e-010 1.51633e-008
400 1080 0 1.30139e-009 1.4055e-006
450 5452 0 9.11134e-009 4.9675e-005
500 19454 0 6.2104e-008 0.00120817
550 49380 0 3.50818e-007 0.0173234
600 90534 0 1.55026e-006 0.140351
650 124382 0 5.28827e-006 0.657768
700 135292 1 1.40829e-005 1.26066
750 124916 7 2.99097e-005 3.0349
800 104638 2 5.19355e-005 2.74211
850 82726 2 7.57793e-005 3.29096
900 62796 5 9.59871e-005 1.83332
950 46732 7 0.000109337 2.2169
1000 34910 2 0.000115777 1.94158
1050 26292 2 0.000116834 1.52041
1100 19670 1 0.000113801 1.43269
1150 14408 2 0.000107118 1.36852
1200 10300 2 9.70057e-005 1.69394
1250 7220 1 8.42475e-005 1.10535
1300 4996 1 7.03748e-005 1.39682
1350 3424 1 5.71203e-005 1.82731
1400 2320 0 4.59811e-005 0.106679
1450 1546 0 3.74393e-005 0.0578823
1500 1006 0 3.1201e-005 0.0313887
1550 632 0 2.67943e-005 0.0169342
1600 378 0 2.36111e-005 0.00892512
1650 214 0 2.13694e-005 0.0045731
1700 112 0 1.98462e-005 0.00222279
1750 54 0 1.88417e-005 0.00101746
1800 24 0 1.81941e-005 0.000436663
1850 10 0 1.77822e-005 0.000177824
1900 4 0 1.75162e-005 7.00653e-005
1950 2 0 1.73216e-005 3.46434e-005
2000 0 0 1.71237e-005 0

total neg_log_likelihood: 27.7125


Year 2010
class scanned recaptured expected_prop neg_log_likelihood
100 0 0 0 0
150 0 0 0 0
200 0 0 0 0
250 0 0 1.23582e-015 0
300 12 0 3.60617e-013 4.32721e-012
350 140 0 2.02605e-011 2.83646e-009
400 1042 0 4.16446e-010 4.33936e-007
450 5174 0 2.67782e-009 1.38551e-005
500 17996 0 1.7469e-008 0.000314372
550 46168 0 1.04134e-007 0.00480767
600 88522 0 5.20071e-007 0.0460377
650 128034 0 2.06898e-006 0.2649
700 144032 2 6.4801e-006 1.76445
750 133060 5 1.61235e-005 3.11628
800 108570 3 3.24904e-005 1.53748
850 83738 8 5.42659e-005 3.03808
900 63094 7 7.71246e-005 2.31519
950 46670 6 9.61191e-005 2.05948
1000 34148 1 0.00010845 2.39421
1050 25064 2 0.000114053 1.45107
1100 18486 5 0.00011416 3.16366
1150 13538 0 0.000109788 1.48639
1200 9730 0 0.000101505 0.987694
1250 6846 0 9.00756e-005 0.616685
1300 4740 0 7.69148e-005 0.36459
1350 3250 0 6.37559e-005 0.207213
1400 2208 0 5.22812e-005 0.11544
1450 1480 0 4.32131e-005 0.0639567
1500 970 0 3.64188e-005 0.0353269
1550 612 0 3.15196e-005 0.0192903
1600 368 1 2.7913e-005 4.58858
1650 208 0 2.53334e-005 0.00526942
1700 108 0 2.356e-005 0.00254451
1750 52 0 2.23807e-005 0.00116381
1800 22 0 2.16163e-005 0.000475563
1850 8 0 2.11295e-005 0.000169038
1900 4 0 2.08171e-005 8.32692e-005
1950 2 0 2.05926e-005 4.11856e-005
2000 0 0 2.03676e-005 0

total neg_log_likelihood: 29.6509


Tags2006_R1_R1 :
tag-recapture data for tag Tags2006_R1 in years 2007 2008 2009 2010 , step 1, after proportion 0.5 of mortality, with sampling method size, detection probability 1.
Year 2007
class scanned recaptured expected_prop neg_log_likelihood
100 0 0 0 0
150 0 0 2.69932e-012 0
200 0 0 1.13035e-011 0
250 0 0 6.53741e-011 0
300 12 0 8.59365e-010 1.03124e-008
350 154 0 1.06849e-008 1.64548e-006
400 1188 0 9.57475e-008 0.000113748
450 5846 0 6.21037e-007 0.00363058
500 19106 0 2.89623e-006 0.0553355
550 44148 0 9.81266e-006 0.433212
600 77076 1 2.48216e-005 1.2644
650 107512 8 4.8577e-005 2.60323
700 123892 10 7.63916e-005 2.0934
750 120194 12 0.000100442 2.1685
800 101498 12 0.000115452 2.17164
850 79614 7 0.00012145 2.31172
900 61954 3 0.000121369 3.25879
950 48778 2 0.000117799 2.94226
1000 38160 2 0.000111969 2.06142
1050 29120 2 0.00010425 1.50797
1100 21578 2 9.4747e-005 1.30729
1150 15618 2 8.36139e-005 1.46522
1200 11128 1 7.13148e-005 1.02474
1250 7818 0 5.88061e-005 0.45976
1300 5400 0 4.72673e-005 0.255249
1350 3658 0 3.76068e-005 0.137568
1400 2436 0 3.02908e-005 0.0737894
1450 1598 0 2.51216e-005 0.0401448
1500 1032 0 2.15921e-005 0.0222832
1550 648 0 1.92281e-005 0.0124599
1600 390 0 1.76036e-005 0.00686547
1650 220 0 1.6508e-005 0.00363179
1700 116 0 1.57895e-005 0.0018316
1750 56 0 1.53287e-005 0.000858413
1800 24 0 1.50371e-005 0.000360893
1850 10 0 1.48529e-005 0.000148531
1900 4 0 1.47323e-005 5.89297e-005
1950 2 0 1.46397e-005 2.92796e-005
2000 0 0 1.45379e-005 0

total neg_log_likelihood: 27.6879


Year 2008
class scanned recaptured expected_prop neg_log_likelihood
100 0 0 0 0
150 0 0 9.53008e-015 0
200 0 0 7.65732e-013 0
250 0 0 8.17799e-012 0
300 12 0 1.52251e-010 1.82701e-009
350 148 0 2.12807e-009 3.14954e-007
400 1136 0 2.03735e-008 2.31443e-005
450 5836 0 1.52313e-007 0.000888898
500 20228 0 8.60412e-007 0.0174044
550 48602 1 3.58405e-006 1.92179
600 84868 1 1.11399e-005 1.00154
650 114222 5 2.65239e-005 2.27493
700 126232 5 4.99221e-005 1.88509
750 120836 8 7.66923e-005 2.05992
800 103652 10 9.9591e-005 2.08361
850 81948 8 0.000113892 2.06915
900 62262 6 0.000119596 1.97922
950 47378 3 0.000119298 2.24783
1000 36456 2 0.000115406 2.02682
1050 27882 1 0.000109092 1.92934
1100 20840 4 0.000100698 2.31161
1150 15160 0 9.03346e-005 1.36953
1200 10790 1 7.83534e-005 1.01329
1250 7564 0 6.56436e-005 0.496545
1300 5238 0 5.34551e-005 0.280005
1350 3578 0 4.28852e-005 0.153447
1400 2406 1 3.46379e-005 2.56815
1450 1590 0 2.86658e-005 0.0455793
1500 1028 0 2.45004e-005 0.0251867
1550 646 0 2.16612e-005 0.0139933
1600 386 0 1.96739e-005 0.00759421
1650 218 0 1.83097e-005 0.00399155
1700 114 0 1.74008e-005 0.00198371
1750 54 0 1.681e-005 0.000907747
1800 24 0 1.64325e-005 0.000394383
1850 10 0 1.6193e-005 0.000161931
1900 4 0 1.60368e-005 6.41479e-005
1950 2 0 1.592e-005 3.18402e-005
2000 0 0 1.57979e-005 0

total neg_log_likelihood: 29.79


Year 2009
class scanned recaptured expected_prop neg_log_likelihood
100 0 0 0 0
150 0 0 0 0
200 0 0 2.6047e-014 0
250 0 0 8.48829e-013 0
300 12 0 2.61831e-011 3.14198e-010
350 144 0 4.79641e-010 6.90683e-008
400 1080 0 4.79496e-009 5.17856e-006
450 5452 0 3.66533e-008 0.000199834
500 19454 0 2.36206e-007 0.00459514
550 49380 0 1.17126e-006 0.0578368
600 90534 1 4.40072e-006 1.31867
650 124382 0 1.26606e-005 1.57476
700 135292 5 2.8526e-005 1.89434
750 124916 5 5.16812e-005 1.91839
800 104638 9 7.74114e-005 2.07499
850 82726 18 9.90506e-005 6.72861
900 62796 7 0.000112479 1.90402
950 46732 11 0.000117708 4.24954
1000 34910 4 0.000117058 1.63374
1050 26292 2 0.000112694 1.48371
1100 19670 4 0.000105679 2.32977
1150 14408 1 9.63282e-005 1.06008
1200 10300 0 8.49526e-005 0.875049
1250 7220 0 7.23554e-005 0.522425
1300 4996 1 5.98005e-005 1.50682
1350 3424 0 4.85267e-005 0.166159
1400 2320 0 3.94643e-005 0.0915591
1450 1546 1 3.27386e-005 3.03411
1500 1006 0 2.79487e-005 0.0281168
1550 632 0 2.46287e-005 0.0155655
1600 378 0 2.22678e-005 0.00841731
1650 214 0 2.06244e-005 0.00441366
1700 112 0 1.95169e-005 0.00218591
1750 54 0 1.87906e-005 0.0010147
1800 24 0 1.83236e-005 0.000439771
1850 10 0 1.80267e-005 0.000180268
1900 4 0 1.78339e-005 7.13364e-005
1950 2 0 1.76917e-005 3.53838e-005
2000 0 0 1.75467e-005 0

total neg_log_likelihood: 34.4898


Year 2010
class scanned recaptured expected_prop neg_log_likelihood
100 0 0 0 0
150 0 0 0 0
200 0 0 9.30903e-017 0
250 0 0 6.30501e-014 0
300 12 0 3.76445e-012 4.51732e-011
350 140 0 1.07205e-010 1.50087e-008
400 1042 0 1.34743e-009 1.40402e-006
450 5174 0 9.40945e-009 4.86845e-005
500 17996 0 6.35618e-008 0.00114386
550 46168 0 3.56618e-007 0.0164643
600 88522 1 1.57521e-006 2.10956
650 128034 2 5.39746e-006 2.12327
700 144032 3 1.44633e-005 1.67325
750 133060 0 3.08868e-005 4.10986
800 108570 2 5.37965e-005 3.00419
850 83738 10 7.84233e-005 2.85085
900 63094 7 9.87313e-005 1.94956
950 46670 3 0.000111142 2.0403
1000 34148 2 0.000115733 1.89675
1050 25064 4 0.000114541 1.83041
1100 18486 1 0.000109461 1.31867
1150 13538 0 0.000101427 1.37319
1200 9730 5 9.09329e-005 6.28498
1250 6846 0 7.87518e-005 0.539156
1300 4740 0 6.61312e-005 0.313472
1350 3250 0 5.44e-005 0.176805
1400 2208 0 4.46866e-005 0.0986702
1450 1480 0 3.72973e-005 0.0552011
1500 970 0 3.19228e-005 0.0309656
1550 612 0 2.81341e-005 0.0172183
1600 368 0 2.53976e-005 0.00934643
1650 208 0 2.34682e-005 0.00488144
1700 108 0 2.2155e-005 0.00239277
1750 52 0 2.12876e-005 0.00110697
1800 22 0 2.07274e-005 0.000456008
1850 8 0 2.03707e-005 0.000162967
1900 4 0 2.01402e-005 8.05617e-005
1950 2 0 1.99725e-005 3.99454e-005
2000 0 0 1.98034e-005 0

total neg_log_likelihood: 33.8324


Tags2007_R1_R1 :
tag-recapture data for tag Tags2007_R1 in years 2008 2009 2010 , step 1, after proportion 0.5 of mortality, with sampling method size, detection probability 1.
Year 2008
class scanned recaptured expected_prop neg_log_likelihood
100 0 0 0 0
150 0 0 1.5289e-012 0
200 0 0 1.03571e-011 0
250 0 0 6.63567e-011 0
300 12 0 8.5304e-010 1.02365e-008
350 148 0 1.0835e-008 1.60358e-006
400 1136 0 1.00153e-007 0.000113773
450 5836 0 6.53745e-007 0.00381526
500 20228 0 3.00832e-006 0.0608524
550 48602 1 1.00029e-005 1.20737
600 84868 3 2.4915e-005 1.6598
650 114222 4 4.83176e-005 1.86424
700 126232 14 7.57864e-005 3.14192
750 120836 13 9.99273e-005 2.24234
800 103652 10 0.000115585 2.2521
850 81948 5 0.000122484 3.2934
900 62262 10 0.000123175 2.40147
950 47378 11 0.00012007 4.0679
1000 36456 3 0.000114433 1.67848
1050 27882 2 0.00010673 1.48792
1100 20840 4 9.71195e-005 2.38178
1150 15160 0 8.57423e-005 1.29991
1200 10790 0 7.30189e-005 0.787903
1250 7564 1 5.98946e-005 1.24476
1300 5238 0 4.76145e-005 0.249411
1350 3578 1 3.72096e-005 2.14949
1400 2406 0 2.92671e-005 0.0704176
1450 1590 0 2.36358e-005 0.0375814
1500 1028 0 1.97927e-005 0.0203471
1550 646 0 1.72276e-005 0.0111291
1600 386 0 1.54755e-005 0.00597357
1650 218 0 1.43018e-005 0.00311781
1700 114 0 1.3537e-005 0.00154322
1750 54 0 1.30489e-005 0.000704647
1800 24 0 1.27413e-005 0.000305792
1850 10 0 1.25472e-005 0.000125472
1900 4 0 1.24193e-005 4.96773e-005
1950 2 0 1.23195e-005 2.46392e-005
2000 0 0 1.22098e-005 0

total neg_log_likelihood: 33.6263


Year 2009
class scanned recaptured expected_prop neg_log_likelihood
100 0 0 0 0
150 0 0 4.82567e-015 0
200 0 0 5.76564e-013 0
250 0 0 8.4194e-012 0
300 12 0 1.56466e-010 1.87759e-009
350 144 0 2.14959e-009 3.09541e-007
400 1080 0 2.09694e-008 2.26469e-005
450 5452 0 1.59408e-007 0.000869095
500 19454 0 8.99145e-007 0.017492
550 49380 2 3.69429e-006 4.27843
600 90534 0 1.13e-005 1.02304
650 124382 3 2.657e-005 1.51042
700 135292 2 4.96557e-005 3.60166
750 124916 12 7.61657e-005 2.46794
800 104638 12 9.92142e-005 2.28835
850 82726 14 0.000114149 3.20037
900 62796 13 0.000120696 3.80117
950 46732 11 0.000121114 4.09494
1000 34910 1 0.000117653 2.69462
1050 26292 4 0.000111511 1.80732
1100 19670 0 0.000103107 2.02822
1150 14408 1 9.25868e-005 1.04579
1200 10300 0 8.02835e-005 0.826953
1250 7220 1 6.70644e-005 1.2094
1300 4996 1 5.42125e-005 1.57701
1350 3424 0 4.29213e-005 0.146966
1400 2320 0 3.40197e-005 0.078927
1450 1546 0 2.75296e-005 0.0425613
1500 1006 0 2.2988e-005 0.0231262
1550 632 0 1.98912e-005 0.0125713
1600 378 0 1.77292e-005 0.00670169
1650 214 0 1.62512e-005 0.00347779
1700 112 0 1.5271e-005 0.00171036
1750 54 0 1.46365e-005 0.000790375
1800 24 0 1.42323e-005 0.000341578
1850 10 0 1.39764e-005 0.000139764
1900 4 0 1.3809e-005 5.52365e-005
1950 2 0 1.3682e-005 2.73641e-005
2000 0 0 1.35472e-005 0

total neg_log_likelihood: 37.7914


Year 2010
class scanned recaptured expected_prop neg_log_likelihood
100 0 0 0 0
150 0 0 0 0
200 0 0 1.4769e-014 0
250 0 0 8.06197e-013 0
300 12 0 2.77303e-011 3.32763e-010
350 140 0 4.90484e-010 6.86677e-008
400 1042 0 4.8898e-009 5.09517e-006
450 5174 0 3.79562e-008 0.000196385
500 17996 0 2.46413e-007 0.00443445
550 46168 0 1.2149e-006 0.0560896
600 88522 0 4.5052e-006 0.398811
650 128034 0 1.27884e-005 1.63736
700 144032 2 2.85282e-005 1.97578
750 133060 4 5.14122e-005 2.3273
800 108570 8 7.69644e-005 1.97673
850 83738 13 9.88102e-005 3.35559
900 63094 12 0.000112862 3.55179
950 46670 4 0.000118879 1.87231
1000 34148 2 0.000118887 1.95068
1050 25064 5 0.000114915 2.37837
1100 18486 1 0.000108041 1.30547
1150 13538 0 9.86368e-005 1.33541
1200 9730 1 8.7035e-005 1.01303
1250 6846 2 7.40315e-005 2.55918
1300 4740 1 6.09059e-005 1.53103
1350 3250 0 4.89661e-005 0.159144
1400 2208 0 3.92571e-005 0.0866814
1450 1480 0 3.19863e-005 0.0473405
1500 970 0 2.6776e-005 0.025973
1550 612 0 2.31515e-005 0.0141689
1600 368 0 2.05715e-005 0.00757038
1650 208 0 1.87775e-005 0.00390576
1700 108 0 1.75711e-005 0.0018977
1750 52 0 1.67819e-005 0.000872667
1800 22 0 1.62757e-005 0.000358068
1850 8 0 1.59543e-005 0.000127635
1900 4 0 1.57457e-005 6.29831e-005
1950 2 0 1.55905e-005 3.11812e-005
2000 0 0 1.54292e-005 0

total neg_log_likelihood: 29.5777


Tags2008_R1_R1 :
tag-recapture data for tag Tags2008_R1 in years 2009 2010 , step 1, after proportion 0.5 of mortality, with sampling method size, detection probability 1.
Year 2009
class scanned recaptured expected_prop neg_log_likelihood
100 0 0 0 0
150 0 0 1.56454e-012 0
200 0 0 1.09444e-011 0
250 0 0 7.1163e-011 0
300 12 0 9.16989e-010 1.10039e-008
350 144 0 1.16082e-008 1.67159e-006
400 1080 0 1.07627e-007 0.000116237
450 5452 0 7.05369e-007 0.00384567
500 19454 0 3.24949e-006 0.0632157
550 49380 0 1.0763e-005 0.531482
600 90534 5 2.65781e-005 2.80344
650 124382 7 5.09251e-005 1.93759
700 135292 11 7.87485e-005 2.13098
750 124916 12 0.000102239 2.19206
800 104638 16 0.000116359 2.85653
850 82726 3 0.000121282 4.90755
900 62796 8 0.000119994 1.98306
950 46732 4 0.000115211 1.82832
1000 34910 7 0.000108414 2.99312
1050 26292 3 0.000100216 1.52007
1100 19670 1 9.08346e-005 1.20633
1150 14408 0 8.03631e-005 1.15792
1200 10300 1 6.90454e-005 1.05197
1250 7220 0 5.75375e-005 0.415433
1300 4996 1 4.67769e-005 1.68738
1350 3424 0 3.75906e-005 0.128713
1400 2320 0 3.05034e-005 0.070769
1450 1546 0 2.54225e-005 0.0393037
1500 1006 0 2.19186e-005 0.0220504
1550 632 0 1.95585e-005 0.0123611
1600 378 0 1.79321e-005 0.0067784
1650 214 0 1.68343e-005 0.00360256
1700 112 0 1.61145e-005 0.00180483
1750 54 0 1.5653e-005 0.000845268
1800 24 0 1.53612e-005 0.000368672
1850 10 0 1.5177e-005 0.000151772
1900 4 0 1.50562e-005 6.02253e-005
1950 2 0 1.49628e-005 2.99258e-005
2000 0 0 1.48609e-005 0

total neg_log_likelihood: 31.5573


Year 2010
class scanned recaptured expected_prop neg_log_likelihood
100 0 0 0 0
150 0 0 4.84857e-015 0
200 0 0 6.069e-013 0
250 0 0 8.95457e-012 0
300 12 0 1.69048e-010 2.02857e-009
350 140 0 2.30775e-009 3.23085e-007
400 1042 0 2.2482e-008 2.34263e-005
450 5174 0 1.71507e-007 0.000887375
500 17996 0 9.69785e-007 0.0174523
550 46168 0 3.9816e-006 0.183823
600 88522 1 1.21167e-005 1.00251
650 128034 7 2.82366e-005 3.14431
700 144032 6 5.21517e-005 1.99213
750 133060 12 7.89006e-005 2.27089
800 108570 12 0.00010124 2.21319
850 83738 6 0.000114642 2.60866
900 63094 5 0.000119254 2.22108
950 46670 4 0.000117762 1.85795
1000 34148 4 0.000112732 1.63572
1050 25064 3 0.000105579 1.51852
1100 18486 2 9.68624e-005 1.31859
1150 13538 0 8.67748e-005 1.17481
1200 9730 0 7.55526e-005 0.735155
1250 6846 0 6.38139e-005 0.436884
1300 4740 1 5.2514e-005 1.63951
1350 3250 0 4.25773e-005 0.138379
1400 2208 0 3.46932e-005 0.0766039
1450 1480 0 2.88961e-005 0.0427669
1500 970 0 2.4803e-005 0.0240592
1550 612 0 2.19888e-005 0.0134573
1600 368 0 2.00076e-005 0.00736288
1650 208 0 1.86432e-005 0.00387783
1700 108 0 1.7733e-005 0.00191518
1750 52 0 1.71412e-005 0.00089135
1800 22 0 1.67632e-005 0.000368794
1850 8 0 1.65237e-005 0.00013219
1900 4 0 1.63677e-005 6.54712e-005
1950 2 0 1.62504e-005 3.2501e-005
2000 0 0 1.61267e-005 0

total neg_log_likelihood: 26.282


Tags2009_R1_R1 :
tag-recapture data for tag Tags2009_R1 in years 2010 , step 1, after proportion 0.5 of mortality, with sampling method size, detection probability 1.
Year 2010
class scanned recaptured expected_prop neg_log_likelihood
100 0 0 0 0
150 0 0 2.6621e-012 0
200 0 0 1.04849e-011 0
250 0 0 6.57294e-011 0
300 12 0 8.76625e-010 1.05195e-008
350 140 0 1.08212e-008 1.51497e-006
400 1042 0 9.84277e-008 0.000102562
450 5174 0 6.53557e-007 0.00338151
500 17996 0 3.09602e-006 0.0557161
550 46168 1 1.05319e-005 1.20729
600 88522 1 2.65229e-005 1.49436
650 128034 9 5.14394e-005 2.4233
700 144032 12 7.99986e-005 2.17806
750 133060 19 0.000103928 3.26046
800 108570 18 0.000117938 3.30362
850 83738 14 0.000122336 2.86148
900 63094 9 0.000120393 2.14916
950 46670 6 0.000115044 1.86433
1000 34148 5 0.000107875 1.95155
1050 25064 2 9.95472e-005 1.35954
1100 18486 0 9.0269e-005 1.66879
1150 13538 1 8.00557e-005 1.00329
1200 9730 0 6.90053e-005 0.671445
1250 6846 0 5.76241e-005 0.394506
1300 4740 0 4.67775e-005 0.22173
1350 3250 0 3.7329e-005 0.121322
1400 2208 0 2.99106e-005 0.0660437
1450 1480 0 2.45219e-005 0.0362928
1500 970 0 2.07737e-005 0.0201507
1550 612 0 1.82381e-005 0.0111618
1600 368 0 1.64903e-005 0.00606849
1650 208 0 1.53136e-005 0.00318525
1700 108 0 1.4545e-005 0.00157087
1750 52 0 1.40543e-005 0.000730827
1800 22 0 1.37451e-005 0.000302393
1850 8 0 1.35503e-005 0.000108403
1900 4 0 1.34221e-005 5.36888e-005
1950 2 0 1.33215e-005 2.66431e-005
2000 0 0 1.32093e-005 0

total neg_log_likelihood: 28.3391


Output quantities start here

* Scalar parameter values
initialization.B0 174860

* Nuisance q's

* B0
174860

* R0
1.37508e+007

* SSBs
SSB 174860 172055 168933 165508 161812 157910 153883 149819 145801 141904 138184 134671 131376 128296 125426 122757 120279 117982 115856 113891 112077 
year 1990 1991 1992 1993 1994 1995 1996 1997 1998 1999 2000 2001 2002 2003 2004 2005 2006 2007 2008 2009 2010 

* recruitments
recruitment 1.37508e+007 1.37508e+007 1.37268e+007 1.36993e+007 1.36681e+007 1.3633e+007 1.35945e+007 1.35529e+007 1.35089e+007 1.34633e+007 1.3417e+007 1.33706e+007 1.33248e+007 1.32799e+007 1.32361e+007 1.31937e+007 1.31527e+007 1.31132e+007 1.30754e+007 1.30393e+007 1.30049e+007 
year 1990 1991 1992 1993 1994 1995 1996 1997 1998 1999 2000 2001 2002 2003 2004 2005 2006 2007 2008 2009 2010 

* YCS
YCS 1 1 1 1 1 1 1 1 1 1 1 1 1 1 1 1 1 1 1 1 1 
year 1989 1990 1991 1992 1993 1994 1995 1996 1997 1998 1999 2000 2001 2002 2003 2004 2005 2006 2007 2008 2009 

* true_YCS
true_YCS 1 1 0.998256 0.996255 0.993982 0.991434 0.98863 0.985604 0.982406 0.979092 0.975721 0.972349 0.969017 0.965751 0.962569 0.959483 0.956502 0.953634 0.950884 0.948257 0.945754 
year 1989 1990 1991 1992 1993 1994 1995 1996 1997 1998 1999 2000 2001 2002 2003 2004 2005 2006 2007 2008 2009 

* fishing_pressures
pressure 0 0.0390847 0.0402355 0.0413903 0.0425179 0.0435953 0.044606 0.0455388 0.0463878 0.0471528 0.0478382 0.0484509 0.0489984 0.0494894 0.0499329 0.0503373 0.0507113 0.051061 0.051392 0.0517089 0.0520152 
year 1990 1991 1992 1993 1994 1995 1996 1997 1998 1999 2000 2001 2002 2003 2004 2005 2006 2007 2008 2009 2010 

* Numbers_at_age_R1
1990  1.27636e+007 1.09309e+007 9.36143e+006 8.01727e+006 6.86611e+006 5.88024e+006 5.03593e+006 4.31285e+006 3.69359e+006 3.16324e+006 2.70905e+006 2.32007e+006 1.98694e+006 1.70165e+006 1.45732e+006 1.24807e+006 1.06887e+006 915393 783956 671392 574990 492431 421725 361172 309313 264900 226865 194290 166393 992456 
1991  1.27636e+007 1.09309e+007 9.3614e+006 8.01699e+006 6.86449e+006 5.87362e+006 5.01684e+006 4.27396e+006 3.63758e+006 3.10621e+006 2.66054e+006 2.27938e+006 1.95329e+006 1.67419e+006 1.43522e+006 1.23054e+006 1.05514e+006 904801 775894 665339 570509 489158 419368 359498 308140 264090 226313 193920 166147 991338 
1992  1.27414e+007 1.09309e+007 9.36139e+006 8.01692e+006 6.86391e+006 5.87041e+006 5.00403e+006 4.23771e+006 3.56488e+006 3.00249e+006 2.55518e+006 2.18976e+006 1.87808e+006 1.61193e+006 1.38439e+006 1.18959e+006 1.02262e+006 879318 756202 650332 559230 480799 413259 355094 305011 261897 224797 192886 165453 988775 
1993  1.27158e+007 1.09119e+007 9.36139e+006 8.0169e+006 6.8638e+006 5.86967e+006 5.00053e+006 4.22519e+006 3.53191e+006 2.93928e+006 2.46691e+006 2.10056e+006 1.80216e+006 1.54816e+006 1.33152e+006 1.14635e+006 987715 851527 734375 633425 546316 471071 406034 349805 301192 259179 222890 191567 164553 985920 
1994  1.26868e+007 1.089e+007 9.34506e+006 8.01689e+006 6.86373e+006 5.86933e+006 4.99916e+006 4.22058e+006 3.51878e+006 2.90894e+006 2.41211e+006 2.02562e+006 1.72678e+006 1.48396e+006 1.27753e+006 1.10151e+006 950967 821804 710656 614755 531822 459977 397662 343576 296625 255878 220538 189915 163410 982641 
1995  1.26543e+007 1.08652e+007 9.32633e+006 8.0029e+006 6.86367e+006 5.86904e+006 4.99816e+006 4.21782e+006 3.51234e+006 2.8951e+006 2.38447e+006 1.97837e+006 1.66334e+006 1.42039e+006 1.22332e+006 1.05586e+006 912992 790616 685376 594537 515872 447570 388147 336383 291266 251943 217691 187886 161984 978795 
1996  1.26185e+007 1.08373e+007 9.30505e+006 7.98685e+006 6.85164e+006 5.86878e+006 4.99724e+006 4.21545e+006 3.50759e+006 2.88694e+006 2.37054e+006 1.9536e+006 1.62284e+006 1.36683e+006 1.16981e+006 1.01017e+006 874441 758486 658933 573056 498656 433960 377540 328235 285097 247342 214309 185437 160237 974226 
1997  1.25799e+007 1.08067e+007 9.2812e+006 7.96862e+006 6.83785e+006 5.85829e+006 4.99639e+006 4.21327e+006 3.50335e+006 2.88038e+006 2.36145e+006 1.94024e+006 1.60096e+006 1.3323e+006 1.1247e+006 965179 835967 725961 631767 550649 480413 419309 365936 319175 278126 242058 210363 182534 158134 968773 
1998  1.25391e+007 1.07736e+007 9.25494e+006 7.94818e+006 6.8222e+006 5.84632e+006 4.98689e+006 4.21127e+006 3.49946e+006 2.87446e+006 2.35388e+006 1.93102e+006 1.58858e+006 1.3132e+006 1.0954e+006 927262 798182 693583 604336 527685 461430 403820 353470 309284 270391 236098 205840 179154 155645 962265 
1999  1.24967e+007 1.07386e+007 9.22662e+006 7.92569e+006 6.80467e+006 5.83277e+006 4.97619e+006 4.20211e+006 3.49591e+006 2.86906e+006 2.34705e+006 1.92322e+006 1.57974e+006 1.30203e+006 1.0789e+006 902483 766341 661855 577088 504547 442015 387734 340318 298678 261961 229496 200747 175284 152751 954534 
2000  1.24537e+007 1.07024e+007 9.19668e+006 7.90143e+006 6.78538e+006 5.81764e+006 4.9642e+006 4.19205e+006 3.48661e+006 2.86417e+006 2.34086e+006 1.9162e+006 1.57221e+006 1.29389e+006 1.06902e+006 888342 745440 635126 550436 481603 422484 371307 326677 287503 252934 222309 195111 170932 149441 945417 
2001  1.24107e+007 1.06656e+007 9.16565e+006 7.87579e+006 6.76458e+006 5.80102e+006 4.95091e+006 4.18102e+006 3.47676e+006 2.85479e+006 2.33527e+006 1.90985e+006 1.56545e+006 1.28691e+006 1.06169e+006 879715 733386 617519 527990 459195 403145 354805 312767 275927 243433 214621 188982 166120 145721 934769 
2002  1.23681e+007 1.06287e+007 9.13409e+006 7.84921e+006 6.7426e+006 5.78312e+006 4.9364e+006 4.169e+006 3.46627e+006 2.84515e+006 2.3262e+006 1.90414e+006 1.55935e+006 1.28065e+006 1.05541e+006 873257 725934 607284 513164 440326 384279 338483 298805 264133 233599 206535 182430 160890 141611 922468 
2003  1.23265e+007 1.05923e+007 9.10253e+006 7.82219e+006 6.71982e+006 5.76422e+006 4.92084e+006 4.15604e+006 3.45511e+006 2.83516e+006 2.31708e+006 1.89572e+006 1.55387e+006 1.27501e+006 1.04977e+006 867701 720312 600891 504492 427838 368397 322573 285007 252304 223585 198172 175543 155302 137146 908428 
2004  1.22859e+007 1.05566e+007 9.07133e+006 7.79515e+006 6.69666e+006 5.74466e+006 4.90447e+006 4.14228e+006 3.44329e+006 2.82477e+006 2.30781e+006 1.88737e+006 1.54627e+006 1.26996e+006 1.04471e+006 862726 715467 596040 499034 420499 357867 309181 271567 240620 213549 189660 168422 149430 132376 892603 
2005  1.22465e+007 1.05218e+007 9.04076e+006 7.76843e+006 6.6735e+006 5.72477e+006 4.88755e+006 4.12789e+006 3.4309e+006 2.81396e+006 2.2983e+006 1.87898e+006 1.53878e+006 1.26322e+006 1.04016e+006 858247 711123 591849 494869 415849 351655 300290 260252 229244 203638 181131 161177 143361 127366 874999 
2006  1.22084e+007 1.04881e+007 9.01097e+006 7.74225e+006 6.6506e+006 5.70489e+006 4.87038e+006 4.11309e+006 3.41807e+006 2.80277e+006 2.28855e+006 1.87047e+006 1.53132e+006 1.25662e+006 1.03426e+006 854218 707211 588089 491265 412286 347698 295028 252733 219667 193992 172711 153919 137187 122188 855672 
2007  1.21718e+007 1.04555e+007 8.98208e+006 7.71674e+006 6.62817e+006 5.68525e+006 4.85324e+006 4.09814e+006 3.40499e+006 2.79132e+006 2.27857e+006 1.86182e+006 1.52383e+006 1.25009e+006 1.02851e+006 849110 703691 584704 488033 409201 344659 291665 248273 213298 185871 164518 146756 131004 116922 834735 
2008  1.21367e+007 1.04241e+007 8.95417e+006 7.69199e+006 6.60632e+006 5.66601e+006 4.83632e+006 4.08323e+006 3.39183e+006 2.77973e+006 2.26845e+006 1.85305e+006 1.51626e+006 1.24356e+006 1.02285e+006 844148 699296 581653 485118 406431 342024 289075 245413 209512 180467 157621 139787 124902 111648 812350 
2009  1.21032e+007 1.03941e+007 8.92732e+006 7.66809e+006 6.58512e+006 5.64726e+006 4.81974e+006 4.06854e+006 3.37876e+006 2.76813e+006 2.25827e+006 1.8442e+006 1.50862e+006 1.237e+006 1.0172e+006 839266 695033 577888 482488 403931 339655 286825 243206 207080 177250 153028 133920 118965 106445 788724 
2010  1.20712e+007 1.03653e+007 8.90159e+006 7.64509e+006 6.56464e+006 5.62907e+006 4.80361e+006 4.05417e+006 3.36591e+006 2.75666e+006 2.24812e+006 1.83533e+006 1.50096e+006 1.2304e+006 1.01155e+006 834417 690849 574241 479272 401673 337516 284803 241288 205199 175179 150292 130011 113968 101383 764102 

Output quantities finish here

Unused parameters:
annual_cycle.fishery_areas annual_cycle.migrate_from annual_cycle.migrate_to annual_cycle.migration_names annual_cycle.migration_times annual_cycle.n_migrations annual_cycle.recruitment_areas annual_cycle.spawning_all_areas area_names recruitment.p_male recruitment.year_range tag[Tags2005_R1_LL].area tag[Tags2005_R1_LL].sex tag[Tags2006_R1_LL].area tag[Tags2006_R1_LL].sex tag[Tags2007_R1_LL].area tag[Tags2007_R1_LL].sex tag[Tags2008_R1_LL].area tag[Tags2008_R1_LL].sex tag[Tags2009_R1_LL].area tag[Tags2009_R1_LL].sex MCMC.adapt_at MCMC.adaptive_stepsize MCMC.burn_in MCMC.keep MCMC.length MCMC.start MCMC.stepsize profile[1].l profile[1].n profile[1].parameter profile[1].u tag_recapture[Tags2005_R1_R1].area tag_recapture[Tags2006_R1_R1].area tag_recapture[Tags2007_R1_R1].area tag_recapture[Tags2008_R1_R1].area tag_recapture[Tags2009_R1_R1].area n_projections numbers_at[Numbers_at_age_R1].area print.final_state print.initial_state print.requests print.results print.state_annually print.state_every_step print.yields 
