CASAL (C++ algorithmic stock assessment laboratory)
Call: casal -e -q -f casal_ 
Date: Mon Oct 07 16:51:36 2019
v2.30-2012-03-21 00:22:59 UTC (rev.4648)  (c) Copyright 2002-2012, NIWA
User name: bstacy
Machine name: DOM-IMA-HVZRNF2 (Microsoft Windows, PID=26416)

Prefix for the input parameter filenames : casal_

Random number seed : 27496

Estimation parameters:
Stored as strings: 
  MCMC.adapt_at                 	1e+05 2e+05 3e+05 4e+05
  MCMC.adaptive_stepsize        	True
  MCMC.burn_in                  	500
  MCMC.keep                     	1000
  MCMC.length                   	1500000
  MCMC.start                    	0
  MCMC.stepsize                 	0.01
  ageing_error.c                	0
  ageing_error.type             	normal
  catch_at[LL_catchA].2000      	0 0 0 0 0.002 0.015 0.034 0.13 0.113 0.206 0.065 0.081 0.053 0.089 0.065 0.036 0.029 0.022 0.011 0.022 0.004 0.004 0.005 0.005 0.003 0.001 0.001 0.002 0 0.002
  catch_at[LL_catchA].2001      	0 0 0 0.001 0.004 0.017 0.048 0.067 0.163 0.124 0.152 0.075 0.067 0.052 0.061 0.049 0.028 0.02 0.023 0.014 0.008 0.004 0.009 0.004 0.004 0.001 0.004 0 0.001 0
  catch_at[LL_catchA].2002      	0 0 0 0.001 0.007 0.01 0.034 0.122 0.106 0.165 0.099 0.143 0.068 0.046 0.027 0.047 0.033 0.02 0.006 0.025 0.011 0.01 0.005 0.002 0.003 0.002 0.003 0 0 0.005
  catch_at[LL_catchA].2003      	0 0 0.001 0.001 0.002 0.024 0.053 0.068 0.144 0.097 0.14 0.085 0.115 0.045 0.04 0.029 0.054 0.033 0.019 0.01 0.007 0.009 0.013 0.002 0.003 0.001 0.002 0.002 0 0.001
  catch_at[LL_catchA].2004      	0 0 0 0.003 0.006 0.015 0.055 0.098 0.087 0.153 0.097 0.094 0.077 0.08 0.047 0.032 0.034 0.031 0.033 0.02 0.007 0.01 0.01 0.004 0.002 0 0.001 0 0 0.004
  catch_at[LL_catchA].2005      	0 0 0 0 0.008 0.015 0.037 0.155 0.134 0.096 0.132 0.067 0.09 0.064 0.051 0.029 0.029 0.018 0.026 0.023 0.011 0.004 0.003 0.002 0.003 0.002 0 0.001 0 0
  catch_at[LL_catchA].2006      	0 0 0 0.001 0.005 0.013 0.042 0.094 0.213 0.118 0.081 0.11 0.049 0.068 0.047 0.053 0.025 0.018 0.012 0.014 0.017 0.004 0.004 0.004 0.003 0.002 0 0 0.001 0.002
  catch_at[LL_catchA].2007      	0 0 0 0.001 0.008 0.033 0.064 0.102 0.121 0.175 0.098 0.069 0.078 0.04 0.059 0.034 0.045 0.02 0.008 0.01 0.007 0.01 0.008 0.005 0.001 0 0 0.001 0.001 0.002
  catch_at[LL_catchA].2008      	0 0 0 0.002 0.004 0.025 0.08 0.132 0.133 0.112 0.167 0.089 0.045 0.042 0.024 0.036 0.023 0.024 0.01 0.014 0.005 0.01 0.007 0.003 0.003 0.003 0.002 0.001 0.001 0.003
  catch_at[LL_catchA].2009      	0 0 0 0.001 0.002 0.017 0.054 0.134 0.174 0.154 0.086 0.103 0.069 0.033 0.048 0.019 0.02 0.015 0.021 0.008 0.011 0.005 0.007 0.006 0 0.005 0.003 0.002 0 0.003
  catch_at[LL_catchA].2010      	0 0 0 0.001 0.006 0.019 0.051 0.13 0.171 0.152 0.121 0.064 0.093 0.049 0.022 0.028 0.019 0.016 0.013 0.02 0.007 0.004 0.002 0.005 0.001 0.001 0.001 0.001 0 0.003
  catch_at[LL_catchA].N_2000    	100
  catch_at[LL_catchA].N_2001    	100
  catch_at[LL_catchA].N_2002    	100
  catch_at[LL_catchA].N_2003    	100
  catch_at[LL_catchA].N_2004    	100
  catch_at[LL_catchA].N_2005    	100
  catch_at[LL_catchA].N_2006    	100
  catch_at[LL_catchA].N_2007    	100
  catch_at[LL_catchA].N_2008    	100
  catch_at[LL_catchA].N_2009    	100
  catch_at[LL_catchA].N_2010    	100
  catch_at[LL_catchA].at_size   	False
  catch_at[LL_catchA].dist      	multinomial
  catch_at[LL_catchA].fishery   	LL
  catch_at[LL_catchA].max_class 	30
  catch_at[LL_catchA].min_class 	1
  catch_at[LL_catchA].plus_group	True
  catch_at[LL_catchA].r         	1e-11
  catch_at[LL_catchA].sexed     	False
  catch_at[LL_catchA].sum_to_one	False
  catch_at[LL_catchA].years     	2000 2001 2002 2003 2004 2005 2006 2007 2008 2009 2010
  catch_limit_penalty[1].fishery	LL
  catch_limit_penalty[1].label  	LL_Penalty
  catch_limit_penalty[1].log_scale	True
  catch_limit_penalty[1].multiplier	1000
  estimate[1].lower_bound       	5000
  estimate[1].parameter         	initialization.B0
  estimate[1].prior             	uniform
  estimate[1].upper_bound       	5e+05
  estimator                     	Bayes
  fish_tagged_penalty[1].label  	Penalty_Tags2005_R1_LL
  fish_tagged_penalty[1].multiplier	1
  fish_tagged_penalty[1].tagging_episode	Tags2005_R1_LL
  fish_tagged_penalty[2].label  	Penalty_Tags2006_R1_LL
  fish_tagged_penalty[2].multiplier	1
  fish_tagged_penalty[2].tagging_episode	Tags2006_R1_LL
  fish_tagged_penalty[3].label  	Penalty_Tags2007_R1_LL
  fish_tagged_penalty[3].multiplier	1
  fish_tagged_penalty[3].tagging_episode	Tags2007_R1_LL
  fish_tagged_penalty[4].label  	Penalty_Tags2008_R1_LL
  fish_tagged_penalty[4].multiplier	1
  fish_tagged_penalty[4].tagging_episode	Tags2008_R1_LL
  fish_tagged_penalty[5].label  	Penalty_Tags2009_R1_LL
  fish_tagged_penalty[5].multiplier	1
  fish_tagged_penalty[5].tagging_episode	Tags2009_R1_LL
  grad_tol                      	0.001
  max_evals                     	10000
  max_iters                     	1600
  profile[1].l                  	40000
  profile[1].n                  	11
  profile[1].parameter          	initialization.B0
  profile[1].u                  	130000
  q_method                      	nuisance
  tag_recapture[Tags2005_R1_R1].area	R1
  tag_recapture[Tags2005_R1_R1].class_mins	100 150 200 250 300 350 400 450 500 550 600 650 700 750 800 850 900 950 1000 1050 1100 1150 1200 1250 1300 1350 1400 1450 1500 1550 1600 1650 1700 1750 1800 1850 1900 1950 2000 2050
  tag_recapture[Tags2005_R1_R1].detection_probability	1
  tag_recapture[Tags2005_R1_R1].dispersion	1
  tag_recapture[Tags2005_R1_R1].do_bootstrap	True
  tag_recapture[Tags2005_R1_R1].plus_group	False
  tag_recapture[Tags2005_R1_R1].proportion_mortality	0.5
  tag_recapture[Tags2005_R1_R1].r	1e-11
  tag_recapture[Tags2005_R1_R1].recaptured_2006	0 0 0 0 0 0 0 0 0.4 1.4 3.9 7.3 9.9 10.5 9.3 7.7 6.3 5.2 4.4 3.5 2.6 1.9 1.3 0.8 0.6 0.4 0.2 0.1 0.1 0 0 0 0 0 0 0 0 0 0
  tag_recapture[Tags2005_R1_R1].recaptured_2007	0 0 0 0 0 0 0 0 0.1 0.8 2.1 4.4 6.8 7.9 7.7 6.4 5.1 3.9 3.1 2.4 1.8 1.2 0.7 0.3 0.2 0.1 0 0 0 0 0 0 0 0 0 0 0 0 0
  tag_recapture[Tags2005_R1_R1].recaptured_2008	0 0 0 0 0 0 0 0 0 0.2 0.7 1.8 3.7 5.7 6.9 7 6.3 5.2 4 2.9 1.9 1.2 0.7 0.4 0.2 0.1 0 0 0 0 0 0 0 0 0 0 0 0 0
  tag_recapture[Tags2005_R1_R1].recaptured_2009	0 0 0 0 0 0 0 0 0 0 0.2 0.6 1.5 3 4.8 6.1 6.7 6.3 5.1 3.7 2.5 1.5 0.9 0.6 0.4 0.3 0.3 0.2 0.1 0.1 0 0 0 0 0 0 0 0 0
  tag_recapture[Tags2005_R1_R1].recaptured_2010	0 0 0 0 0 0 0 0 0 0 0.1 0.4 0.9 1.8 3 4 4.4 4.2 3.3 2.3 1.5 0.9 0.6 0.4 0.2 0.1 0.1 0 0 0 0 0 0 0 0 0 0 0 0
  tag_recapture[Tags2005_R1_R1].sample	size
  tag_recapture[Tags2005_R1_R1].scanned_2006	0 0 0 0 12 158 1164 5400 17230 40736 74702 107602 122602 114910 96170 78086 63392 50824 39614 29908 22030 15980 11430 8012 5482 3670 2426 1590 1028 648 390 222 116 56 24 10 4 2 0
  tag_recapture[Tags2005_R1_R1].scanned_2007	0 0 0 0 12 154 1188 5846 19106 44148 77076 107512 123892 120194 101498 79614 61954 48778 38160 29120 21578 15618 11128 7818 5400 3658 2436 1598 1032 648 390 220 116 56 24 10 4 2 0
  tag_recapture[Tags2005_R1_R1].scanned_2008	0 0 0 0 12 148 1136 5836 20228 48602 84868 114222 126232 120836 103652 81948 62262 47378 36456 27882 20840 15160 10790 7564 5238 3578 2406 1590 1028 646 386 218 114 54 24 10 4 2 0
  tag_recapture[Tags2005_R1_R1].scanned_2009	0 0 0 0 12 144 1080 5452 19454 49380 90534 124382 135292 124916 104638 82726 62796 46732 34910 26292 19670 14408 10300 7220 4996 3424 2320 1546 1006 632 378 214 112 54 24 10 4 2 0
  tag_recapture[Tags2005_R1_R1].scanned_2010	0 0 0 0 12 140 1042 5174 17996 46168 88522 128034 144032 133060 108570 83738 63094 46670 34148 25064 18486 13538 9730 6846 4740 3250 2208 1480 970 612 368 208 108 52 22 8 4 2 0
  tag_recapture[Tags2005_R1_R1].step	1
  tag_recapture[Tags2005_R1_R1].tag_name	Tags2005_R1
  tag_recapture[Tags2005_R1_R1].years	2006 2007 2008 2009 2010
  tag_recapture[Tags2006_R1_R1].area	R1
  tag_recapture[Tags2006_R1_R1].class_mins	100 150 200 250 300 350 400 450 500 550 600 650 700 750 800 850 900 950 1000 1050 1100 1150 1200 1250 1300 1350 1400 1450 1500 1550 1600 1650 1700 1750 1800 1850 1900 1950 2000 2050
  tag_recapture[Tags2006_R1_R1].detection_probability	1
  tag_recapture[Tags2006_R1_R1].dispersion	1
  tag_recapture[Tags2006_R1_R1].do_bootstrap	True
  tag_recapture[Tags2006_R1_R1].plus_group	False
  tag_recapture[Tags2006_R1_R1].proportion_mortality	0.5
  tag_recapture[Tags2006_R1_R1].r	1e-11
  tag_recapture[Tags2006_R1_R1].recaptured_2007	0 0 0 0 0 0 0 0 0.3 1.4 4.1 7.6 10 10 8.6 7.3 6.3 5.5 4.5 3.5 2.5 1.6 1 0.5 0.3 0.1 0 0 0 0 0 0 0 0 0 0 0 0 0
  tag_recapture[Tags2006_R1_R1].recaptured_2008	0 0 0 0 0 0 0 0 0 0.4 1.5 3.7 6.9 9.7 10.5 9.3 7 4.7 3.1 1.9 1.2 0.6 0.2 0.1 0 0 0 0 0 0 0 0 0 0 0 0 0 0 0
  tag_recapture[Tags2006_R1_R1].recaptured_2009	0 0 0 0 0 0 0 0 0 0.1 0.5 1.4 3.4 5.9 7.9 8.2 7.2 5.6 4.3 3.4 2.5 1.8 1.2 0.7 0.4 0.3 0.1 0 0 0 0 0 0 0 0 0 0 0 0
  tag_recapture[Tags2006_R1_R1].recaptured_2010	0 0 0 0 0 0 0 0 0 0 0.2 0.7 1.7 3.2 5 6.1 6.1 5.3 4.1 3.1 2.1 1.5 1 0.6 0.3 0.2 0 0 0 0 0 0 0 0 0 0 0 0 0
  tag_recapture[Tags2006_R1_R1].sample	size
  tag_recapture[Tags2006_R1_R1].scanned_2007	0 0 0 0 12 154 1188 5846 19106 44148 77076 107512 123892 120194 101498 79614 61954 48778 38160 29120 21578 15618 11128 7818 5400 3658 2436 1598 1032 648 390 220 116 56 24 10 4 2 0
  tag_recapture[Tags2006_R1_R1].scanned_2008	0 0 0 0 12 148 1136 5836 20228 48602 84868 114222 126232 120836 103652 81948 62262 47378 36456 27882 20840 15160 10790 7564 5238 3578 2406 1590 1028 646 386 218 114 54 24 10 4 2 0
  tag_recapture[Tags2006_R1_R1].scanned_2009	0 0 0 0 12 144 1080 5452 19454 49380 90534 124382 135292 124916 104638 82726 62796 46732 34910 26292 19670 14408 10300 7220 4996 3424 2320 1546 1006 632 378 214 112 54 24 10 4 2 0
  tag_recapture[Tags2006_R1_R1].scanned_2010	0 0 0 0 12 140 1042 5174 17996 46168 88522 128034 144032 133060 108570 83738 63094 46670 34148 25064 18486 13538 9730 6846 4740 3250 2208 1480 970 612 368 208 108 52 22 8 4 2 0
  tag_recapture[Tags2006_R1_R1].step	1
  tag_recapture[Tags2006_R1_R1].tag_name	Tags2006_R1
  tag_recapture[Tags2006_R1_R1].years	2007 2008 2009 2010
  tag_recapture[Tags2007_R1_R1].area	R1
  tag_recapture[Tags2007_R1_R1].class_mins	100 150 200 250 300 350 400 450 500 550 600 650 700 750 800 850 900 950 1000 1050 1100 1150 1200 1250 1300 1350 1400 1450 1500 1550 1600 1650 1700 1750 1800 1850 1900 1950 2000 2050
  tag_recapture[Tags2007_R1_R1].detection_probability	1
  tag_recapture[Tags2007_R1_R1].dispersion	1
  tag_recapture[Tags2007_R1_R1].do_bootstrap	True
  tag_recapture[Tags2007_R1_R1].plus_group	False
  tag_recapture[Tags2007_R1_R1].proportion_mortality	0.5
  tag_recapture[Tags2007_R1_R1].r	1e-11
  tag_recapture[Tags2007_R1_R1].recaptured_2008	0 0 0 0 0 0 0 0 0.2 0.7 2.5 5.4 8.9 11.1 11.4 9.8 7.5 5.3 3.8 2.7 2 1.4 1 0.6 0.4 0.2 0.1 0 0 0 0 0 0 0 0 0 0 0 0
  tag_recapture[Tags2007_R1_R1].recaptured_2009	0 0 0 0 0 0 0 0 0.2 0.9 2.6 5.4 8.4 10.6 11 9.8 7.6 5.5 3.8 2.7 1.8 1.3 0.8 0.6 0.3 0.1 0.1 0 0 0 0 0 0 0 0 0 0 0 0
  tag_recapture[Tags2007_R1_R1].recaptured_2010	0 0 0 0 0 0 0 0 0 0.3 0.8 2 4 5.9 7.5 8.1 7.5 6.2 4.8 3.6 2.6 1.7 1 0.6 0.2 0.1 0 0 0 0 0 0 0 0 0 0 0 0 0
  tag_recapture[Tags2007_R1_R1].sample	size
  tag_recapture[Tags2007_R1_R1].scanned_2008	0 0 0 0 12 148 1136 5836 20228 48602 84868 114222 126232 120836 103652 81948 62262 47378 36456 27882 20840 15160 10790 7564 5238 3578 2406 1590 1028 646 386 218 114 54 24 10 4 2 0
  tag_recapture[Tags2007_R1_R1].scanned_2009	0 0 0 0 12 144 1080 5452 19454 49380 90534 124382 135292 124916 104638 82726 62796 46732 34910 26292 19670 14408 10300 7220 4996 3424 2320 1546 1006 632 378 214 112 54 24 10 4 2 0
  tag_recapture[Tags2007_R1_R1].scanned_2010	0 0 0 0 12 140 1042 5174 17996 46168 88522 128034 144032 133060 108570 83738 63094 46670 34148 25064 18486 13538 9730 6846 4740 3250 2208 1480 970 612 368 208 108 52 22 8 4 2 0
  tag_recapture[Tags2007_R1_R1].step	1
  tag_recapture[Tags2007_R1_R1].tag_name	Tags2007_R1
  tag_recapture[Tags2007_R1_R1].years	2008 2009 2010
  tag_recapture[Tags2008_R1_R1].area	R1
  tag_recapture[Tags2008_R1_R1].class_mins	100 150 200 250 300 350 400 450 500 550 600 650 700 750 800 850 900 950 1000 1050 1100 1150 1200 1250 1300 1350 1400 1450 1500 1550 1600 1650 1700 1750 1800 1850 1900 1950 2000 2050
  tag_recapture[Tags2008_R1_R1].detection_probability	1
  tag_recapture[Tags2008_R1_R1].dispersion	1
  tag_recapture[Tags2008_R1_R1].do_bootstrap	True
  tag_recapture[Tags2008_R1_R1].plus_group	False
  tag_recapture[Tags2008_R1_R1].proportion_mortality	0.5
  tag_recapture[Tags2008_R1_R1].r	1e-11
  tag_recapture[Tags2008_R1_R1].recaptured_2009	0 0 0 0 0 0 0 0 0.3 1.3 3.8 7.5 11 12.7 12.3 10.4 7.9 5.5 3.7 2.4 1.7 1.1 0.7 0.4 0.2 0.1 0 0 0 0 0 0 0 0 0 0 0 0 0
  tag_recapture[Tags2008_R1_R1].recaptured_2010	0 0 0 0 0 0 0 0 0.1 0.6 1.8 4.1 6.8 8.8 9.4 8.6 6.9 4.9 3.3 2.3 1.6 1 0.7 0.5 0.2 0.2 0 0 0 0 0 0 0 0 0 0 0 0 0
  tag_recapture[Tags2008_R1_R1].sample	size
  tag_recapture[Tags2008_R1_R1].scanned_2009	0 0 0 0 12 144 1080 5452 19454 49380 90534 124382 135292 124916 104638 82726 62796 46732 34910 26292 19670 14408 10300 7220 4996 3424 2320 1546 1006 632 378 214 112 54 24 10 4 2 0
  tag_recapture[Tags2008_R1_R1].scanned_2010	0 0 0 0 12 140 1042 5174 17996 46168 88522 128034 144032 133060 108570 83738 63094 46670 34148 25064 18486 13538 9730 6846 4740 3250 2208 1480 970 612 368 208 108 52 22 8 4 2 0
  tag_recapture[Tags2008_R1_R1].step	1
  tag_recapture[Tags2008_R1_R1].tag_name	Tags2008_R1
  tag_recapture[Tags2008_R1_R1].years	2009 2010
  tag_recapture[Tags2009_R1_R1].area	R1
  tag_recapture[Tags2009_R1_R1].class_mins	100 150 200 250 300 350 400 450 500 550 600 650 700 750 800 850 900 950 1000 1050 1100 1150 1200 1250 1300 1350 1400 1450 1500 1550 1600 1650 1700 1750 1800 1850 1900 1950 2000 2050
  tag_recapture[Tags2009_R1_R1].detection_probability	1
  tag_recapture[Tags2009_R1_R1].dispersion	1
  tag_recapture[Tags2009_R1_R1].do_bootstrap	True
  tag_recapture[Tags2009_R1_R1].plus_group	False
  tag_recapture[Tags2009_R1_R1].proportion_mortality	0.5
  tag_recapture[Tags2009_R1_R1].r	1e-11
  tag_recapture[Tags2009_R1_R1].recaptured_2010	0 0 0 0 0 0 0 0 0.4 1.4 4.1 8.1 11.6 12.9 12 10 8 5.9 4.2 2.8 1.8 1.1 0.6 0.4 0.3 0.2 0.1 0.1 0 0 0 0 0 0 0 0 0 0 0
  tag_recapture[Tags2009_R1_R1].sample	size
  tag_recapture[Tags2009_R1_R1].scanned_2010	0 0 0 0 12 140 1042 5174 17996 46168 88522 128034 144032 133060 108570 83738 63094 46670 34148 25064 18486 13538 9730 6846 4740 3250 2208 1480 970 612 368 208 108 52 22 8 4 2 0
  tag_recapture[Tags2009_R1_R1].step	1
  tag_recapture[Tags2009_R1_R1].tag_name	Tags2009_R1
  tag_recapture[Tags2009_R1_R1].years	2010
  vector_average_penalty[1].k   	1
  vector_average_penalty[1].label	meanYCS_1
  vector_average_penalty[1].multiplier	100
  vector_average_penalty[1].vector	recruitment.YCS
Stored as DOUBLEs: 
Stored as VECTORs: 
Stored as OGIVEs: 

Population parameters:
Stored as strings: 
  annual_cycle.M_props          	1
  annual_cycle.aging_time       	1
  annual_cycle.baranov          	False
  annual_cycle.fishery_areas    	R1
  annual_cycle.fishery_names    	LL
  annual_cycle.fishery_times    	1
  annual_cycle.growth_props     	0
  annual_cycle.migrate_from     	R1
  annual_cycle.migrate_to       	R2
  annual_cycle.migration_names  	MoveRec_1_2
  annual_cycle.migration_times  	1
  annual_cycle.n_migrations     	0
  annual_cycle.recruitment_areas	R1
  annual_cycle.recruitment_time 	1
  annual_cycle.spawning_all_areas	1
  annual_cycle.spawning_p       	1
  annual_cycle.spawning_part_mort	1
  annual_cycle.spawning_time    	1
  annual_cycle.spawning_use_total_B	False
  annual_cycle.time_steps       	1
  area_names                    	R1
  current                       	2010
  final                         	2045
  first_random_year             	2007
  fishery[LL].U_max             	0.95
  fishery[LL].catches           	0 6000 6000 6000 6000 6000 6000 6000 6000 6000 6000 6000 6000 6000 6000 6000 6000 6000 6000 6000 6000
  fishery[LL].future_constant_catches	200
  fishery[LL].selectivity       	SelLL
  fishery[LL].years             	1990 1991 1992 1993 1994 1995 1996 1997 1998 1999 2000 2001 2002 2003 2004 2005 2006 2007 2008 2009 2010
  initial                       	1990
  initialization.B0             	161760
  mature_partition              	False
  maturity_props.all            	allvalues  0 0 0 0 0 0 0 0 0 0 0 0.1667 0.3333 0.5 0.6667 0.8333 1 1 1 1 1 1 1 1 1 1 1 1 1 1
  max_age                       	30
  min_age                       	1
  n_areas                       	1
  n_stocks                      	1
  n_tags                        	5
  natural_mortality.all         	0.155
  plus_group                    	True
  randomisation_method          	lognormal
  recruitment.SR                	BH
  recruitment.YCS               	1 1 1 1 1 1 1 1 1 1 1 1 1 1 1 1 1 1 1 1 1
  recruitment.YCS_years         	1989 1990 1991 1992 1993 1994 1995 1996 1997 1998 1999 2000 2001 2002 2003 2004 2005 2006 2007 2008 2009
  recruitment.first_free        	1989
  recruitment.last_free         	2006
  recruitment.p_male            	0.5
  recruitment.rho               	0
  recruitment.sigma_r           	0.6
  recruitment.steepness         	0.7
  recruitment.year_range        	1989 2006
  selectivity[SelLL].all        	double_normal 10 2 10
  selectivity_names             	SelLL
  sex_partition                 	False
  size_at_age.Linf              	2870
  size_at_age.by_length         	True
  size_at_age.cv                	0.1
  size_at_age.k                 	0.02056
  size_at_age.t0                	-4.2897
  size_at_age_dist              	normal
  size_at_age_type              	von_Bert
  size_based                    	False
  size_weight.a                 	2.59e-12
  size_weight.b                 	3.2064
  size_weight.verify_size_weight	500 0.5 1.5
  standardise_YCS               	True
  tag[Tags2005_R1_LL].area      	R1
  tag[Tags2005_R1_LL].class_mins	100 150 200 250 300 350 400 450 500 550 600 650 700 750 800 850 900 950 1000 1050 1100 1150 1200 1250 1300 1350 1400 1450 1500 1550 1600 1650 1700 1750 1800 1850 1900 1950 2000 2050
  tag[Tags2005_R1_LL].mature_only	False
  tag[Tags2005_R1_LL].mortality 	0.1
  tag[Tags2005_R1_LL].number    	2500
  tag[Tags2005_R1_LL].ogive     	SelLL
  tag[Tags2005_R1_LL].plus_group	False
  tag[Tags2005_R1_LL].props_all 	0 0 0 0 0 1e-04 0.001 0.0053 0.0183 0.0452 0.0826 0.1146 0.1267 0.1199 0.1043 0.0871 0.0711 0.0572 0.0451 0.035 0.0267 0.0199 0.0142 0.0096 0.0062 0.0039 0.0024 0.0015 9e-04 5e-04 3e-04 2e-04 1e-04 0 0 0 0 0 0
  tag[Tags2005_R1_LL].release_type	deterministic
  tag[Tags2005_R1_LL].sex       	both
  tag[Tags2005_R1_LL].step      	1
  tag[Tags2005_R1_LL].tag_name  	Tags2005_R1
  tag[Tags2005_R1_LL].year      	2005
  tag[Tags2006_R1_LL].area      	R1
  tag[Tags2006_R1_LL].class_mins	100 150 200 250 300 350 400 450 500 550 600 650 700 750 800 850 900 950 1000 1050 1100 1150 1200 1250 1300 1350 1400 1450 1500 1550 1600 1650 1700 1750 1800 1850 1900 1950 2000 2050
  tag[Tags2006_R1_LL].mature_only	False
  tag[Tags2006_R1_LL].mortality 	0.1
  tag[Tags2006_R1_LL].number    	2500
  tag[Tags2006_R1_LL].ogive     	SelLL
  tag[Tags2006_R1_LL].plus_group	False
  tag[Tags2006_R1_LL].props_all 	0 0 0 0 0 2e-04 0.0011 0.0052 0.0177 0.0438 0.0827 0.1211 0.1385 0.1285 0.1054 0.0837 0.0671 0.0534 0.0413 0.031 0.0228 0.0167 0.0122 0.0087 0.006 0.0041 0.0029 0.002 0.0014 0.001 6e-04 4e-04 2e-04 1e-04 0 0 0 0 0
  tag[Tags2006_R1_LL].release_type	deterministic
  tag[Tags2006_R1_LL].sex       	both
  tag[Tags2006_R1_LL].step      	1
  tag[Tags2006_R1_LL].tag_name  	Tags2006_R1
  tag[Tags2006_R1_LL].year      	2006
  tag[Tags2007_R1_LL].area      	R1
  tag[Tags2007_R1_LL].class_mins	100 150 200 250 300 350 400 450 500 550 600 650 700 750 800 850 900 950 1000 1050 1100 1150 1200 1250 1300 1350 1400 1450 1500 1550 1600 1650 1700 1750 1800 1850 1900 1950 2000 2050
  tag[Tags2007_R1_LL].mature_only	False
  tag[Tags2007_R1_LL].mortality 	0.1
  tag[Tags2007_R1_LL].number    	2500
  tag[Tags2007_R1_LL].ogive     	SelLL
  tag[Tags2007_R1_LL].plus_group	False
  tag[Tags2007_R1_LL].props_all 	0 0 0 0 0 1e-04 0.0011 0.0061 0.0205 0.0467 0.0807 0.1132 0.132 0.1294 0.11 0.0867 0.0677 0.0534 0.0418 0.0318 0.0235 0.0171 0.0124 0.0088 0.0062 0.0041 0.0027 0.0017 0.001 6e-04 3e-04 2e-04 1e-04 0 0 0 0 0 0
  tag[Tags2007_R1_LL].release_type	deterministic
  tag[Tags2007_R1_LL].sex       	both
  tag[Tags2007_R1_LL].step      	1
  tag[Tags2007_R1_LL].tag_name  	Tags2007_R1
  tag[Tags2007_R1_LL].year      	2007
  tag[Tags2008_R1_LL].area      	R1
  tag[Tags2008_R1_LL].class_mins	100 150 200 250 300 350 400 450 500 550 600 650 700 750 800 850 900 950 1000 1050 1100 1150 1200 1250 1300 1350 1400 1450 1500 1550 1600 1650 1700 1750 1800 1850 1900 1950 2000 2050
  tag[Tags2008_R1_LL].mature_only	False
  tag[Tags2008_R1_LL].mortality 	0.1
  tag[Tags2008_R1_LL].number    	2500
  tag[Tags2008_R1_LL].ogive     	SelLL
  tag[Tags2008_R1_LL].plus_group	False
  tag[Tags2008_R1_LL].props_all 	0 0 0 0 0 1e-04 0.0012 0.0063 0.0218 0.0522 0.0903 0.1204 0.1326 0.1274 0.1093 0.0854 0.0637 0.0481 0.0373 0.0287 0.0215 0.0156 0.0112 0.0081 0.0059 0.0043 0.0031 0.0021 0.0014 9e-04 5e-04 3e-04 2e-04 1e-04 0 0 0 0 0
  tag[Tags2008_R1_LL].release_type	deterministic
  tag[Tags2008_R1_LL].sex       	both
  tag[Tags2008_R1_LL].step      	1
  tag[Tags2008_R1_LL].tag_name  	Tags2008_R1
  tag[Tags2008_R1_LL].year      	2008
  tag[Tags2009_R1_LL].area      	R1
  tag[Tags2009_R1_LL].class_mins	100 150 200 250 300 350 400 450 500 550 600 650 700 750 800 850 900 950 1000 1050 1100 1150 1200 1250 1300 1350 1400 1450 1500 1550 1600 1650 1700 1750 1800 1850 1900 1950 2000 2050
  tag[Tags2009_R1_LL].mature_only	False
  tag[Tags2009_R1_LL].mortality 	0.1
  tag[Tags2009_R1_LL].number    	2500
  tag[Tags2009_R1_LL].ogive     	SelLL
  tag[Tags2009_R1_LL].plus_group	False
  tag[Tags2009_R1_LL].props_all 	0 0 0 0 0 2e-04 9e-04 0.0047 0.0187 0.0496 0.0922 0.1269 0.1381 0.1276 0.1069 0.0847 0.0645 0.0481 0.0357 0.0268 0.0204 0.0156 0.0119 0.0088 0.0063 0.0043 0.0028 0.0018 0.0011 6e-04 4e-04 2e-04 1e-04 0 0 0 0 0 0
  tag[Tags2009_R1_LL].release_type	deterministic
  tag[Tags2009_R1_LL].sex       	both
  tag[Tags2009_R1_LL].step      	1
  tag[Tags2009_R1_LL].tag_name  	Tags2009_R1
  tag[Tags2009_R1_LL].year      	2009
  tag_growth_loss[Tags2005_R1].nogrowth_period	0
  tag_growth_loss[Tags2006_R1].nogrowth_period	0
  tag_growth_loss[Tags2007_R1].nogrowth_period	0
  tag_growth_loss[Tags2008_R1].nogrowth_period	0
  tag_growth_loss[Tags2009_R1].nogrowth_period	0
  tag_loss_props                	1
  tag_names                     	Tags2005_R1 Tags2006_R1 Tags2007_R1 Tags2008_R1 Tags2009_R1
  tag_shedding_rate             	0.0084 0.0084 0.0084 0.0084 0.0084
  y_enter                       	1
Stored as DOUBLEs: 
Stored as VECTORs: 
Stored as OGIVEs: 

Output parameters:
Stored as strings: 
  n_projections                 	100
  numbers_at[Numbers_at_age_R1].area	R1
  numbers_at[Numbers_at_age_R1].proportion_mortality	0.5
  numbers_at[Numbers_at_age_R1].step	1
  numbers_at[Numbers_at_age_R1].years	1990 1991 1992 1993 1994 1995 1996 1997 1998 1999 2000 2001 2002 2003 2004 2005 2006 2007 2008 2009 2010
  print.covariance              	true
  print.estimation_section      	true
  print.final_state             	false
  print.fits                    	true
  print.fits_every_eval         	false
  print.initial_state           	false
  print.normalised_resids       	true
  print.objective_every_eval    	false
  print.parameter_vector_every_eval	false
  print.parameters              	true
  print.parameters_every_eval   	false
  print.pearson_resids          	true
  print.requests                	false
  print.resids                  	true
  print.results                 	false
  print.state_annually          	false
  print.state_every_step        	false
  print.unused_parameters       	true
  print.yields                  	true
  quantities.B0                 	true
  quantities.R0                 	true
  quantities.SSBs               	true
  quantities.YCS                	true
  quantities.actual_catches     	false
  quantities.all_free_parameters	true
  quantities.fishing_pressures  	true
  quantities.nuisance_qs        	true
  quantities.recruitments       	true
  quantities.true_YCS           	true
Stored as DOUBLEs: 
Stored as VECTORs: 
Stored as OGIVEs: 

A fish of size 500 cm has a weight of 1.16755 kg in your model. This size-weight scale check assumes that the growth curve is in centimetres, and that the catch is in tonnes.

A fish of size 500 cm has a weight of 1.16755 kg in your model. This size-weight scale check assumes that the growth curve is in centimetres, and that the catch is in tonnes.

Estimation section :

Objective function: Bayes

Minimiser convergence threshold: 0.001


Observations:

The observations are:
LL_catchA
Tags2005_R1_R1
Tags2006_R1_R1
Tags2007_R1_R1
Tags2008_R1_R1
Tags2009_R1_R1
Fits follow:

LL_catchA :
catch proportions-at-age for fishery LL  with ageing error (not constrained to sum to 1):
obs (last class is a plus group):
class 1       2       3       4       5       6       7       8       9       10      11      12      13      14      15      16      17      18      19      20      21      22      23      24      25      26      27      28      29      30      
2000 0       0       0       0       0.002   0.015   0.034   0.13    0.113   0.206   0.065   0.081   0.053   0.089   0.065   0.036   0.029   0.022   0.011   0.022   0.004   0.004   0.005   0.005   0.003   0.001   0.001   0.002   0       0.002   
2001 0       0       0       0.001   0.004   0.017   0.048   0.067   0.163   0.124   0.152   0.075   0.067   0.052   0.061   0.049   0.028   0.02    0.023   0.014   0.008   0.004   0.009   0.004   0.004   0.001   0.004   0       0.001   0       
2002 0       0       0       0.001   0.007   0.01    0.034   0.122   0.106   0.165   0.099   0.143   0.068   0.046   0.027   0.047   0.033   0.02    0.006   0.025   0.011   0.01    0.005   0.002   0.003   0.002   0.003   0       0       0.005   
2003 0       0       0.001   0.001   0.002   0.024   0.053   0.068   0.144   0.097   0.14    0.085   0.115   0.045   0.04    0.029   0.054   0.033   0.019   0.01    0.007   0.009   0.013   0.002   0.003   0.001   0.002   0.002   0       0.001   
2004 0       0       0       0.003   0.006   0.015   0.055   0.098   0.087   0.153   0.097   0.094   0.077   0.08    0.047   0.032   0.034   0.031   0.033   0.02    0.007   0.01    0.01    0.004   0.002   0       0.001   0       0       0.004   
2005 0       0       0       0       0.008   0.015   0.037   0.155   0.134   0.096   0.132   0.067   0.09    0.064   0.051   0.029   0.029   0.018   0.026   0.023   0.011   0.004   0.003   0.002   0.003   0.002   0       0.001   0       0       
2006 0       0       0       0.001   0.005   0.013   0.042   0.094   0.213   0.118   0.081   0.11    0.049   0.068   0.047   0.053   0.025   0.018   0.012   0.014   0.017   0.004   0.004   0.004   0.003   0.002   0       0       0.001   0.002   
2007 0       0       0       0.001   0.008   0.033   0.064   0.102   0.121   0.175   0.098   0.069   0.078   0.04    0.059   0.034   0.045   0.02    0.008   0.01    0.007   0.01    0.008   0.005   0.001   0       0       0.001   0.001   0.002   
2008 0       0       0       0.002   0.004   0.025   0.08    0.132   0.133   0.112   0.167   0.089   0.045   0.042   0.024   0.036   0.023   0.024   0.01    0.014   0.005   0.01    0.007   0.003   0.003   0.003   0.002   0.001   0.001   0.003   
2009 0       0       0       0.001   0.002   0.017   0.054   0.134   0.174   0.154   0.086   0.103   0.069   0.033   0.048   0.019   0.02    0.015   0.021   0.008   0.011   0.005   0.007   0.006   0       0.005   0.003   0.002   0       0.003   
2010 0       0       0       0.001   0.006   0.019   0.051   0.13    0.171   0.152   0.121   0.064   0.093   0.049   0.022   0.028   0.019   0.016   0.013   0.02    0.007   0.004   0.002   0.005   0.001   0.001   0.001   0.001   0       0.003   
objective function: multinomial likelihood, with delta = 1e-011, N =
100 100 100 100 100 100 100 100 100 100 100 100 100 100 100 100 100 100 100 100 100 100 100 100 100 100 100 100 100 100 
100 100 100 100 100 100 100 100 100 100 100 100 100 100 100 100 100 100 100 100 100 100 100 100 100 100 100 100 100 100 
100 100 100 100 100 100 100 100 100 100 100 100 100 100 100 100 100 100 100 100 100 100 100 100 100 100 100 100 100 100 
100 100 100 100 100 100 100 100 100 100 100 100 100 100 100 100 100 100 100 100 100 100 100 100 100 100 100 100 100 100 
100 100 100 100 100 100 100 100 100 100 100 100 100 100 100 100 100 100 100 100 100 100 100 100 100 100 100 100 100 100 
100 100 100 100 100 100 100 100 100 100 100 100 100 100 100 100 100 100 100 100 100 100 100 100 100 100 100 100 100 100 
100 100 100 100 100 100 100 100 100 100 100 100 100 100 100 100 100 100 100 100 100 100 100 100 100 100 100 100 100 100 
100 100 100 100 100 100 100 100 100 100 100 100 100 100 100 100 100 100 100 100 100 100 100 100 100 100 100 100 100 100 
100 100 100 100 100 100 100 100 100 100 100 100 100 100 100 100 100 100 100 100 100 100 100 100 100 100 100 100 100 100 
100 100 100 100 100 100 100 100 100 100 100 100 100 100 100 100 100 100 100 100 100 100 100 100 100 100 100 100 100 100 
100 100 100 100 100 100 100 100 100 100 100 100 100 100 100 100 100 100 100 100 100 100 100 100 100 100 100 100 100 100 

Tags2005_R1_R1 :
tag-recapture data for tag Tags2005_R1 in years 2006 2007 2008 2009 2010 , step 1, after proportion 0.5 of mortality, with sampling method size, detection probability 1.
Year 2006
class scanned recaptured
100 0 0
150 0 0
200 0 0
250 0 0
300 12 0
350 158 0
400 1164 0
450 5400 0
500 17230 0.4
550 40736 1.4
600 74702 3.9
650 107602 7.3
700 122602 9.9
750 114910 10.5
800 96170 9.3
850 78086 7.7
900 63392 6.3
950 50824 5.2
1000 39614 4.4
1050 29908 3.5
1100 22030 2.6
1150 15980 1.9
1200 11430 1.3
1250 8012 0.8
1300 5482 0.6
1350 3670 0.4
1400 2426 0.2
1450 1590 0.1
1500 1028 0.1
1550 648 0
1600 390 0
1650 222 0
1700 116 0
1750 56 0
1800 24 0
1850 10 0
1900 4 0
1950 2 0
2000 0 0


Year 2007
class scanned recaptured
100 0 0
150 0 0
200 0 0
250 0 0
300 12 0
350 154 0
400 1188 0
450 5846 0
500 19106 0.1
550 44148 0.8
600 77076 2.1
650 107512 4.4
700 123892 6.8
750 120194 7.9
800 101498 7.7
850 79614 6.4
900 61954 5.1
950 48778 3.9
1000 38160 3.1
1050 29120 2.4
1100 21578 1.8
1150 15618 1.2
1200 11128 0.7
1250 7818 0.3
1300 5400 0.2
1350 3658 0.1
1400 2436 0
1450 1598 0
1500 1032 0
1550 648 0
1600 390 0
1650 220 0
1700 116 0
1750 56 0
1800 24 0
1850 10 0
1900 4 0
1950 2 0
2000 0 0


Year 2008
class scanned recaptured
100 0 0
150 0 0
200 0 0
250 0 0
300 12 0
350 148 0
400 1136 0
450 5836 0
500 20228 0
550 48602 0.2
600 84868 0.7
650 114222 1.8
700 126232 3.7
750 120836 5.7
800 103652 6.9
850 81948 7
900 62262 6.3
950 47378 5.2
1000 36456 4
1050 27882 2.9
1100 20840 1.9
1150 15160 1.2
1200 10790 0.7
1250 7564 0.4
1300 5238 0.2
1350 3578 0.1
1400 2406 0
1450 1590 0
1500 1028 0
1550 646 0
1600 386 0
1650 218 0
1700 114 0
1750 54 0
1800 24 0
1850 10 0
1900 4 0
1950 2 0
2000 0 0


Year 2009
class scanned recaptured
100 0 0
150 0 0
200 0 0
250 0 0
300 12 0
350 144 0
400 1080 0
450 5452 0
500 19454 0
550 49380 0
600 90534 0.2
650 124382 0.6
700 135292 1.5
750 124916 3
800 104638 4.8
850 82726 6.1
900 62796 6.7
950 46732 6.3
1000 34910 5.1
1050 26292 3.7
1100 19670 2.5
1150 14408 1.5
1200 10300 0.9
1250 7220 0.6
1300 4996 0.4
1350 3424 0.3
1400 2320 0.3
1450 1546 0.2
1500 1006 0.1
1550 632 0.1
1600 378 0
1650 214 0
1700 112 0
1750 54 0
1800 24 0
1850 10 0
1900 4 0
1950 2 0
2000 0 0


Year 2010
class scanned recaptured
100 0 0
150 0 0
200 0 0
250 0 0
300 12 0
350 140 0
400 1042 0
450 5174 0
500 17996 0
550 46168 0
600 88522 0.1
650 128034 0.4
700 144032 0.9
750 133060 1.8
800 108570 3
850 83738 4
900 63094 4.4
950 46670 4.2
1000 34148 3.3
1050 25064 2.3
1100 18486 1.5
1150 13538 0.9
1200 9730 0.6
1250 6846 0.4
1300 4740 0.2
1350 3250 0.1
1400 2208 0.1
1450 1480 0
1500 970 0
1550 612 0
1600 368 0
1650 208 0
1700 108 0
1750 52 0
1800 22 0
1850 8 0
1900 4 0
1950 2 0
2000 0 0


Tags2006_R1_R1 :
tag-recapture data for tag Tags2006_R1 in years 2007 2008 2009 2010 , step 1, after proportion 0.5 of mortality, with sampling method size, detection probability 1.
Year 2007
class scanned recaptured
100 0 0
150 0 0
200 0 0
250 0 0
300 12 0
350 154 0
400 1188 0
450 5846 0
500 19106 0.3
550 44148 1.4
600 77076 4.1
650 107512 7.6
700 123892 10
750 120194 10
800 101498 8.6
850 79614 7.3
900 61954 6.3
950 48778 5.5
1000 38160 4.5
1050 29120 3.5
1100 21578 2.5
1150 15618 1.6
1200 11128 1
1250 7818 0.5
1300 5400 0.3
1350 3658 0.1
1400 2436 0
1450 1598 0
1500 1032 0
1550 648 0
1600 390 0
1650 220 0
1700 116 0
1750 56 0
1800 24 0
1850 10 0
1900 4 0
1950 2 0
2000 0 0


Year 2008
class scanned recaptured
100 0 0
150 0 0
200 0 0
250 0 0
300 12 0
350 148 0
400 1136 0
450 5836 0
500 20228 0
550 48602 0.4
600 84868 1.5
650 114222 3.7
700 126232 6.9
750 120836 9.7
800 103652 10.5
850 81948 9.3
900 62262 7
950 47378 4.7
1000 36456 3.1
1050 27882 1.9
1100 20840 1.2
1150 15160 0.6
1200 10790 0.2
1250 7564 0.1
1300 5238 0
1350 3578 0
1400 2406 0
1450 1590 0
1500 1028 0
1550 646 0
1600 386 0
1650 218 0
1700 114 0
1750 54 0
1800 24 0
1850 10 0
1900 4 0
1950 2 0
2000 0 0


Year 2009
class scanned recaptured
100 0 0
150 0 0
200 0 0
250 0 0
300 12 0
350 144 0
400 1080 0
450 5452 0
500 19454 0
550 49380 0.1
600 90534 0.5
650 124382 1.4
700 135292 3.4
750 124916 5.9
800 104638 7.9
850 82726 8.2
900 62796 7.2
950 46732 5.6
1000 34910 4.3
1050 26292 3.4
1100 19670 2.5
1150 14408 1.8
1200 10300 1.2
1250 7220 0.7
1300 4996 0.4
1350 3424 0.3
1400 2320 0.1
1450 1546 0
1500 1006 0
1550 632 0
1600 378 0
1650 214 0
1700 112 0
1750 54 0
1800 24 0
1850 10 0
1900 4 0
1950 2 0
2000 0 0


Year 2010
class scanned recaptured
100 0 0
150 0 0
200 0 0
250 0 0
300 12 0
350 140 0
400 1042 0
450 5174 0
500 17996 0
550 46168 0
600 88522 0.2
650 128034 0.7
700 144032 1.7
750 133060 3.2
800 108570 5
850 83738 6.1
900 63094 6.1
950 46670 5.3
1000 34148 4.1
1050 25064 3.1
1100 18486 2.1
1150 13538 1.5
1200 9730 1
1250 6846 0.6
1300 4740 0.3
1350 3250 0.2
1400 2208 0
1450 1480 0
1500 970 0
1550 612 0
1600 368 0
1650 208 0
1700 108 0
1750 52 0
1800 22 0
1850 8 0
1900 4 0
1950 2 0
2000 0 0


Tags2007_R1_R1 :
tag-recapture data for tag Tags2007_R1 in years 2008 2009 2010 , step 1, after proportion 0.5 of mortality, with sampling method size, detection probability 1.
Year 2008
class scanned recaptured
100 0 0
150 0 0
200 0 0
250 0 0
300 12 0
350 148 0
400 1136 0
450 5836 0
500 20228 0.2
550 48602 0.7
600 84868 2.5
650 114222 5.4
700 126232 8.9
750 120836 11.1
800 103652 11.4
850 81948 9.8
900 62262 7.5
950 47378 5.3
1000 36456 3.8
1050 27882 2.7
1100 20840 2
1150 15160 1.4
1200 10790 1
1250 7564 0.6
1300 5238 0.4
1350 3578 0.2
1400 2406 0.1
1450 1590 0
1500 1028 0
1550 646 0
1600 386 0
1650 218 0
1700 114 0
1750 54 0
1800 24 0
1850 10 0
1900 4 0
1950 2 0
2000 0 0


Year 2009
class scanned recaptured
100 0 0
150 0 0
200 0 0
250 0 0
300 12 0
350 144 0
400 1080 0
450 5452 0
500 19454 0.2
550 49380 0.9
600 90534 2.6
650 124382 5.4
700 135292 8.4
750 124916 10.6
800 104638 11
850 82726 9.8
900 62796 7.6
950 46732 5.5
1000 34910 3.8
1050 26292 2.7
1100 19670 1.8
1150 14408 1.3
1200 10300 0.8
1250 7220 0.6
1300 4996 0.3
1350 3424 0.1
1400 2320 0.1
1450 1546 0
1500 1006 0
1550 632 0
1600 378 0
1650 214 0
1700 112 0
1750 54 0
1800 24 0
1850 10 0
1900 4 0
1950 2 0
2000 0 0


Year 2010
class scanned recaptured
100 0 0
150 0 0
200 0 0
250 0 0
300 12 0
350 140 0
400 1042 0
450 5174 0
500 17996 0
550 46168 0.3
600 88522 0.8
650 128034 2
700 144032 4
750 133060 5.9
800 108570 7.5
850 83738 8.1
900 63094 7.5
950 46670 6.2
1000 34148 4.8
1050 25064 3.6
1100 18486 2.6
1150 13538 1.7
1200 9730 1
1250 6846 0.6
1300 4740 0.2
1350 3250 0.1
1400 2208 0
1450 1480 0
1500 970 0
1550 612 0
1600 368 0
1650 208 0
1700 108 0
1750 52 0
1800 22 0
1850 8 0
1900 4 0
1950 2 0
2000 0 0


Tags2008_R1_R1 :
tag-recapture data for tag Tags2008_R1 in years 2009 2010 , step 1, after proportion 0.5 of mortality, with sampling method size, detection probability 1.
Year 2009
class scanned recaptured
100 0 0
150 0 0
200 0 0
250 0 0
300 12 0
350 144 0
400 1080 0
450 5452 0
500 19454 0.3
550 49380 1.3
600 90534 3.8
650 124382 7.5
700 135292 11
750 124916 12.7
800 104638 12.3
850 82726 10.4
900 62796 7.9
950 46732 5.5
1000 34910 3.7
1050 26292 2.4
1100 19670 1.7
1150 14408 1.1
1200 10300 0.7
1250 7220 0.4
1300 4996 0.2
1350 3424 0.1
1400 2320 0
1450 1546 0
1500 1006 0
1550 632 0
1600 378 0
1650 214 0
1700 112 0
1750 54 0
1800 24 0
1850 10 0
1900 4 0
1950 2 0
2000 0 0


Year 2010
class scanned recaptured
100 0 0
150 0 0
200 0 0
250 0 0
300 12 0
350 140 0
400 1042 0
450 5174 0
500 17996 0.1
550 46168 0.6
600 88522 1.8
650 128034 4.1
700 144032 6.8
750 133060 8.8
800 108570 9.4
850 83738 8.6
900 63094 6.9
950 46670 4.9
1000 34148 3.3
1050 25064 2.3
1100 18486 1.6
1150 13538 1
1200 9730 0.7
1250 6846 0.5
1300 4740 0.2
1350 3250 0.2
1400 2208 0
1450 1480 0
1500 970 0
1550 612 0
1600 368 0
1650 208 0
1700 108 0
1750 52 0
1800 22 0
1850 8 0
1900 4 0
1950 2 0
2000 0 0


Tags2009_R1_R1 :
tag-recapture data for tag Tags2009_R1 in years 2010 , step 1, after proportion 0.5 of mortality, with sampling method size, detection probability 1.
Year 2010
class scanned recaptured
100 0 0
150 0 0
200 0 0
250 0 0
300 12 0
350 140 0
400 1042 0
450 5174 0
500 17996 0.4
550 46168 1.4
600 88522 4.1
650 128034 8.1
700 144032 11.6
750 133060 12.9
800 108570 12
850 83738 10
900 63094 8
950 46670 5.9
1000 34148 4.2
1050 25064 2.8
1100 18486 1.8
1150 13538 1.1
1200 9730 0.6
1250 6846 0.4
1300 4740 0.3
1350 3250 0.2
1400 2208 0.1
1450 1480 0.1
1500 970 0
1550 612 0
1600 368 0
1650 208 0
1700 108 0
1750 52 0
1800 22 0
1850 8 0
1900 4 0
1950 2 0
2000 0 0



Ageing_error:
  Misclassification matrix:
1 0 0 0 0 0 0 0 0 0 0 0 0 0 0 0 0 0 0 0 0 0 0 0 0 0 0 0 0 0 
0 1 0 0 0 0 0 0 0 0 0 0 0 0 0 0 0 0 0 0 0 0 0 0 0 0 0 0 0 0 
0 0 1 0 0 0 0 0 0 0 0 0 0 0 0 0 0 0 0 0 0 0 0 0 0 0 0 0 0 0 
0 0 0 1 0 0 0 0 0 0 0 0 0 0 0 0 0 0 0 0 0 0 0 0 0 0 0 0 0 0 
0 0 0 0 1 0 0 0 0 0 0 0 0 0 0 0 0 0 0 0 0 0 0 0 0 0 0 0 0 0 
0 0 0 0 0 1 0 0 0 0 0 0 0 0 0 0 0 0 0 0 0 0 0 0 0 0 0 0 0 0 
0 0 0 0 0 0 1 0 0 0 0 0 0 0 0 0 0 0 0 0 0 0 0 0 0 0 0 0 0 0 
0 0 0 0 0 0 0 1 0 0 0 0 0 0 0 0 0 0 0 0 0 0 0 0 0 0 0 0 0 0 
0 0 0 0 0 0 0 0 1 0 0 0 0 0 0 0 0 0 0 0 0 0 0 0 0 0 0 0 0 0 
0 0 0 0 0 0 0 0 0 1 0 0 0 0 0 0 0 0 0 0 0 0 0 0 0 0 0 0 0 0 
0 0 0 0 0 0 0 0 0 0 1 0 0 0 0 0 0 0 0 0 0 0 0 0 0 0 0 0 0 0 
0 0 0 0 0 0 0 0 0 0 0 1 0 0 0 0 0 0 0 0 0 0 0 0 0 0 0 0 0 0 
0 0 0 0 0 0 0 0 0 0 0 0 1 0 0 0 0 0 0 0 0 0 0 0 0 0 0 0 0 0 
0 0 0 0 0 0 0 0 0 0 0 0 0 1 0 0 0 0 0 0 0 0 0 0 0 0 0 0 0 0 
0 0 0 0 0 0 0 0 0 0 0 0 0 0 1 0 0 0 0 0 0 0 0 0 0 0 0 0 0 0 
0 0 0 0 0 0 0 0 0 0 0 0 0 0 0 1 0 0 0 0 0 0 0 0 0 0 0 0 0 0 
0 0 0 0 0 0 0 0 0 0 0 0 0 0 0 0 1 0 0 0 0 0 0 0 0 0 0 0 0 0 
0 0 0 0 0 0 0 0 0 0 0 0 0 0 0 0 0 1 0 0 0 0 0 0 0 0 0 0 0 0 
0 0 0 0 0 0 0 0 0 0 0 0 0 0 0 0 0 0 1 0 0 0 0 0 0 0 0 0 0 0 
0 0 0 0 0 0 0 0 0 0 0 0 0 0 0 0 0 0 0 1 0 0 0 0 0 0 0 0 0 0 
0 0 0 0 0 0 0 0 0 0 0 0 0 0 0 0 0 0 0 0 1 0 0 0 0 0 0 0 0 0 
0 0 0 0 0 0 0 0 0 0 0 0 0 0 0 0 0 0 0 0 0 1 0 0 0 0 0 0 0 0 
0 0 0 0 0 0 0 0 0 0 0 0 0 0 0 0 0 0 0 0 0 0 1 0 0 0 0 0 0 0 
0 0 0 0 0 0 0 0 0 0 0 0 0 0 0 0 0 0 0 0 0 0 0 1 0 0 0 0 0 0 
0 0 0 0 0 0 0 0 0 0 0 0 0 0 0 0 0 0 0 0 0 0 0 0 1 0 0 0 0 0 
0 0 0 0 0 0 0 0 0 0 0 0 0 0 0 0 0 0 0 0 0 0 0 0 0 1 0 0 0 0 
0 0 0 0 0 0 0 0 0 0 0 0 0 0 0 0 0 0 0 0 0 0 0 0 0 0 1 0 0 0 
0 0 0 0 0 0 0 0 0 0 0 0 0 0 0 0 0 0 0 0 0 0 0 0 0 0 0 1 0 0 
0 0 0 0 0 0 0 0 0 0 0 0 0 0 0 0 0 0 0 0 0 0 0 0 0 0 0 0 1 0 
0 0 0 0 0 0 0 0 0 0 0 0 0 0 0 0 0 0 0 0 0 0 0 0 0 0 0 0 0 1 

Free parameters:

initialization.B0
uniform: bounds from 5000 to 500000
current value: 161760
lower bound: 5000
upper bound: 500000


Q's:
qs are nuisance parameters

Penalties:
LL_Penalty :
Catch limit penalty of 1000 x the sum of squares of (log(actual catch) - log(specified catch)) for fishery LL to disencourage breaking exploitation rate limits
meanYCS_1 :
Vector average penalty of 100 x square of (mean(recruitment.YCS) - 1) 
Penalty_Tags2005_R1_LL :
'Fish-must-be-tagged' penalty of 1 x square of (actual number of tagged fish - nominal number of tagged fish) for tagging episode Tags2005_R1_LL
Penalty_Tags2006_R1_LL :
'Fish-must-be-tagged' penalty of 1 x square of (actual number of tagged fish - nominal number of tagged fish) for tagging episode Tags2006_R1_LL
Penalty_Tags2007_R1_LL :
'Fish-must-be-tagged' penalty of 1 x square of (actual number of tagged fish - nominal number of tagged fish) for tagging episode Tags2007_R1_LL
Penalty_Tags2008_R1_LL :
'Fish-must-be-tagged' penalty of 1 x square of (actual number of tagged fish - nominal number of tagged fish) for tagging episode Tags2008_R1_LL
Penalty_Tags2009_R1_LL :
'Fish-must-be-tagged' penalty of 1 x square of (actual number of tagged fish - nominal number of tagged fish) for tagging episode Tags2009_R1_LL

Components of the objective function are:
  LL_catchA
  Tags2005_R1_R1
  Tags2006_R1_R1
  Tags2007_R1_R1
  Tags2008_R1_R1
  Tags2009_R1_R1
  prior_on_initialization.B0
  LL_Penalty
  meanYCS_1
  Penalty_Tags2005_R1_LL
  Penalty_Tags2006_R1_LL
  Penalty_Tags2007_R1_LL
  Penalty_Tags2008_R1_LL
  Penalty_Tags2009_R1_LL

Random number seed : 27496


Minimiser achieved convergence after 4 quasi-Newton iterations using 6 objective function evaluations



Approximate Covariance matrix (Inverse Hessian of parameters at point estimate):
2.16051e+007 

Correlation matrix:
1 

List of parameter names, in the same order as the rows & cols of the covariance/correlation matrices:
initialization.B0 



Start extracting output from here

Point estimate:
initialization.B0
current value: 177747
lower bound: 5000
upper bound: 500000


In a format suitable for -i :

initialization.B0 
177747 

Objective function : 734.957

Components :
LL_catchA                                          362.897
Tags2005_R1_R1                                     120.495
Tags2006_R1_R1                                     95.3714
Tags2007_R1_R1                                     77.1335
Tags2008_R1_R1                                     50.7459
Tags2009_R1_R1                                     28.315
prior_on_initialization.B0                         0
LL_Penalty                                         0
meanYCS_1                                          0
Penalty_Tags2005_R1_LL                             0
Penalty_Tags2006_R1_LL                             8.27181e-025
Penalty_Tags2007_R1_LL                             0
Penalty_Tags2008_R1_LL                             8.27181e-025
Penalty_Tags2009_R1_LL                             0

Fits : 

The observations are:
LL_catchA
Tags2005_R1_R1
Tags2006_R1_R1
Tags2007_R1_R1
Tags2008_R1_R1
Tags2009_R1_R1
Fits follow:

LL_catchA :
catch proportions-at-age for fishery LL  with ageing error (not constrained to sum to 1):
obs (last class is a plus group):
class 1       2       3       4       5       6       7       8       9       10      11      12      13      14      15      16      17      18      19      20      21      22      23      24      25      26      27      28      29      30      
2000 0       0       0       0       0.002   0.015   0.034   0.13    0.113   0.206   0.065   0.081   0.053   0.089   0.065   0.036   0.029   0.022   0.011   0.022   0.004   0.004   0.005   0.005   0.003   0.001   0.001   0.002   0       0.002   
2001 0       0       0       0.001   0.004   0.017   0.048   0.067   0.163   0.124   0.152   0.075   0.067   0.052   0.061   0.049   0.028   0.02    0.023   0.014   0.008   0.004   0.009   0.004   0.004   0.001   0.004   0       0.001   0       
2002 0       0       0       0.001   0.007   0.01    0.034   0.122   0.106   0.165   0.099   0.143   0.068   0.046   0.027   0.047   0.033   0.02    0.006   0.025   0.011   0.01    0.005   0.002   0.003   0.002   0.003   0       0       0.005   
2003 0       0       0.001   0.001   0.002   0.024   0.053   0.068   0.144   0.097   0.14    0.085   0.115   0.045   0.04    0.029   0.054   0.033   0.019   0.01    0.007   0.009   0.013   0.002   0.003   0.001   0.002   0.002   0       0.001   
2004 0       0       0       0.003   0.006   0.015   0.055   0.098   0.087   0.153   0.097   0.094   0.077   0.08    0.047   0.032   0.034   0.031   0.033   0.02    0.007   0.01    0.01    0.004   0.002   0       0.001   0       0       0.004   
2005 0       0       0       0       0.008   0.015   0.037   0.155   0.134   0.096   0.132   0.067   0.09    0.064   0.051   0.029   0.029   0.018   0.026   0.023   0.011   0.004   0.003   0.002   0.003   0.002   0       0.001   0       0       
2006 0       0       0       0.001   0.005   0.013   0.042   0.094   0.213   0.118   0.081   0.11    0.049   0.068   0.047   0.053   0.025   0.018   0.012   0.014   0.017   0.004   0.004   0.004   0.003   0.002   0       0       0.001   0.002   
2007 0       0       0       0.001   0.008   0.033   0.064   0.102   0.121   0.175   0.098   0.069   0.078   0.04    0.059   0.034   0.045   0.02    0.008   0.01    0.007   0.01    0.008   0.005   0.001   0       0       0.001   0.001   0.002   
2008 0       0       0       0.002   0.004   0.025   0.08    0.132   0.133   0.112   0.167   0.089   0.045   0.042   0.024   0.036   0.023   0.024   0.01    0.014   0.005   0.01    0.007   0.003   0.003   0.003   0.002   0.001   0.001   0.003   
2009 0       0       0       0.001   0.002   0.017   0.054   0.134   0.174   0.154   0.086   0.103   0.069   0.033   0.048   0.019   0.02    0.015   0.021   0.008   0.011   0.005   0.007   0.006   0       0.005   0.003   0.002   0       0.003   
2010 0       0       0       0.001   0.006   0.019   0.051   0.13    0.171   0.152   0.121   0.064   0.093   0.049   0.022   0.028   0.019   0.016   0.013   0.02    0.007   0.004   0.002   0.005   0.001   0.001   0.001   0.001   0       0.003   
fits (last class is a plus group):
class 1       2       3       4       5       6       7       8       9       10      11      12      13      14      15      16      17      18      19      20      21      22      23      24      25      26      27      28      29      30      
2000 4.89329e-007 8.00069e-006 9.24935e-005 0.000756 0.00436822 0.0178341 0.0513547 0.103827 0.146407 0.143648 0.116679 0.0935849 0.0741743 0.0581368 0.0451024 0.0346984 0.0265768 0.0203772 0.0156686 0.0119941 0.00907888 0.00679052 0.00501484 0.00365411 0.00262537 0.00185879 0.00129627 0.000890067 0.000601591 0.00290012 
2001 4.9081e-007 8.02499e-006 9.27804e-005 0.000758439 0.0043831 0.0178987 0.0515519 0.104239 0.146976 0.144151 0.117192 0.0939119 0.0743615 0.0582213 0.045103 0.0346005 0.0263316 0.0199557 0.0151415 0.011522 0.00872803 0.00653686 0.00483661 0.00353254 0.00254498 0.00180732 0.00126442 0.000871054 0.000590673 0.00288653 
2002 4.9202e-007 8.04452e-006 9.30071e-005 0.000760342 0.00439463 0.0179489 0.0517062 0.104565 0.147428 0.14455 0.11746 0.0942114 0.0745325 0.0583  0.045117 0.0345627 0.0262293 0.0197514 0.0148138 0.011124 0.00837697 0.00627889 0.00465215 0.00340435 0.00245848 0.00175072 0.00122855 0.00084908 0.000577677 0.00286588 
2003 4.93053e-007 8.06093e-006 9.31938e-005 0.000761875 0.00440378 0.0179883 0.0518274 0.104821 0.147786 0.144867 0.117671 0.0943352 0.0746985 0.0583791 0.0451367 0.0345429 0.0261785 0.0196587 0.0146507 0.0108752 0.00808197 0.00602239 0.00446579 0.00327259 0.00236793 0.00169031 0.00118947 0.000824588 0.000562834 0.00283833 
2004 4.93979e-007 8.07545e-006 9.33562e-005 0.000763178 0.00441135 0.0180203 0.0519244 0.105025 0.148069 0.145116 0.117836 0.0944302 0.0747386 0.0584648 0.0451648 0.0345335 0.0261458 0.019608 0.0145731 0.0107494 0.00789701 0.00580738 0.00428133 0.00314009 0.00227533 0.00162741 0.00114799 0.000798066 0.000546409 0.00280405 
2005 4.94852e-007 8.08899e-006 9.35055e-005 0.000764354 0.004418 0.0180475 0.0520048 0.105191 0.148295 0.14531 0.117962 0.0945014 0.0747665 0.05846 0.045204 0.0345352 0.0261244 0.0195734 0.0145285 0.0106876 0.00780239 0.00567227 0.00412699 0.00300938 0.00218253 0.00156331 0.00110497 0.000770038 0.000528704 0.00276326 
2006 4.95713e-007 8.10226e-006 9.36505e-005 0.00076548 0.00442424 0.0180724 0.0520756 0.105332 0.14848 0.145463 0.118056 0.094551 0.0747828 0.0584514 0.0451776 0.0345486 0.0261139 0.0195491 0.0144972 0.010651 0.00775497 0.00560259 0.00402985 0.00290016 0.00209119 0.00149923 0.00106124 0.000741046 0.00051005 0.00271626 
2007 4.96583e-007 8.11559e-006 9.37952e-005 0.000766593 0.00443033 0.0180961 0.0521411 0.105457 0.148638 0.145585 0.118124 0.0945818 0.0747877 0.058438 0.0451515 0.0345143 0.026114 0.0195342 0.0144744 0.0106248 0.00772626 0.00556713 0.00397943 0.00283131 0.00201491 0.00143625 0.00101758 0.000711617 0.000490781 0.00266342 
2008 4.97475e-007 8.12924e-006 9.39426e-005 0.000767722 0.00443645 0.0181196 0.0522046 0.105575 0.148778 0.145686 0.118173 0.0945968 0.0747811 0.0584182 0.0451237 0.0344818 0.0260791 0.0195281 0.0144591 0.0106053 0.00770537 0.0055453 0.00395346 0.00279539 0.00196676 0.00138366 0.000974703 0.00068226 0.000471239 0.00260525 
2009 4.98397e-007 8.14333e-006 9.40947e-005 0.00076888 0.0044427 0.0181434 0.0522682 0.10569 0.14891 0.145774 0.118208 0.094599 0.074764 0.0583912 0.0450923 0.0344489 0.0260462 0.0194962 0.0144506 0.0105915 0.00768946 0.00552919 0.00393725 0.00277669 0.00194153 0.00135042 0.000938904 0.000653442 0.000451755 0.00254237 
2010 4.99352e-007 8.15792e-006 9.42519e-005 0.000770077 0.00444912 0.0181678 0.0523326 0.105805 0.14904 0.145856 0.118235 0.0945916 0.0747381 0.0583569 0.0450559 0.0344136 0.0260134 0.0194661 0.0144233 0.0105827 0.00767776 0.00551669 0.00392511 0.00276487 0.00192827 0.00133292 0.000916243 0.000629377 0.000432632 0.00247551 
resids (last class is a plus group):
class 1       2       3       4       5       6       7       8       9       10      11      12      13      14      15      16      17      18      19      20      21      22      23      24      25      26      27      28      29      30      
2000 -4.89329e-007 -8.00069e-006 -9.24935e-005 -0.000756 -0.00236822 -0.00283408 -0.0173547 0.026173 -0.0334075 0.0623519 -0.0516794 -0.0125849 -0.0211743 0.0308632 0.0198976 0.00130163 0.00242319 0.00162277 -0.00466859 0.0100059 -0.00507888 -0.00279052 -1.48367e-005 0.00134589 0.000374631 -0.000858792 -0.000296269 0.00110993 -0.000601591 -0.000900124 
2001 -4.9081e-007 -8.02499e-006 -9.27804e-005 0.000241561 -0.000383097 -0.000898684 -0.00355193 -0.0372394 0.016024 -0.0201507 0.0348075 -0.0189119 -0.00736148 -0.00622126 0.015897 0.0143995 0.00166836 4.42609e-005 0.00785852 0.00247801 -0.000728025 -0.00253686 0.00416339 0.000467456 0.00145502 -0.000807321 0.00273558 -0.000871054 0.000409327 -0.00288653 
2002 -4.9202e-007 -8.04452e-006 -9.30071e-005 0.000239658 0.00260537 -0.00794886 -0.0177062 0.0174352 -0.041428 0.0204496 -0.0184605 0.0487886 -0.00653254 -0.0123 -0.018117 0.0124373 0.00677066 0.000248599 -0.00881375 0.013876 0.00262303 0.00372111 0.000347845 -0.00140435 0.000541524 0.000249277 0.00177145 -0.00084908 -0.000577677 0.00213412 
2003 -4.93053e-007 -8.06093e-006 0.000906806 0.000238125 -0.00240378 0.00601168 0.00117264 -0.0368214 -0.00378567 -0.0478668 0.0223287 -0.00933517 0.0403015 -0.0133791 -0.00513669 -0.00554289 0.0278215 0.0133413 0.00434925 -0.000875216 -0.00108197 0.00297761 0.00853421 -0.00127259 0.00063207 -0.000690311 0.000810532 0.00117541 -0.000562834 -0.00183833 
2004 -4.93979e-007 -8.07545e-006 -9.33562e-005 0.00223682 0.00158865 -0.0030203 0.00307562 -0.00702545 -0.0610688 0.00788445 -0.0208358 -0.000430245 0.00226135 0.0215352 0.00183524 -0.00253349 0.00785423 0.011392 0.0184269 0.0092506 -0.000897013 0.00419262 0.00571867 0.000859908 -0.000275329 -0.00162741 -0.000147991 -0.000798066 -0.000546409 0.00119595 
2005 -4.94852e-007 -8.08899e-006 -9.35055e-005 -0.000764354 0.003582 -0.00304753 -0.0150048 0.0498086 -0.014295 -0.0493102 0.0140382 -0.0275014 0.0152335 0.00554 0.00579605 -0.00553517 0.00287558 -0.00157342 0.0114715 0.0123124 0.00319761 -0.00167227 -0.00112699 -0.00100938 0.000817473 0.000436686 -0.00110497 0.000229962 -0.000528704 -0.00276326 
2006 -4.95713e-007 -8.10226e-006 -9.36505e-005 0.00023452 0.000575761 -0.00507237 -0.0100756 -0.0113321 0.0645198 -0.027463 -0.0370556 0.015449 -0.0257828 0.00954864 0.00182242 0.0184514 -0.00111386 -0.00154913 -0.0024972 0.00334895 0.00924503 -0.00160259 -2.98517e-005 0.00109984 0.000908808 0.000500767 -0.00106124 -0.000741046 0.00048995 -0.000716257 
2007 -4.96583e-007 -8.11559e-006 -9.37952e-005 0.000233407 0.00356967 0.0149039 0.0118589 -0.00345738 -0.0276375 0.0294148 -0.020124 -0.0255818 0.00321234 -0.018438 0.0138485 -0.000514333 0.018886 0.000465767 -0.00647441 -0.000624846 -0.000726264 0.00443287 0.00402057 0.00216869 -0.00101491 -0.00143625 -0.00101758 0.000288383 0.000509219 -0.00066342 
2008 -4.97475e-007 -8.12924e-006 -9.39426e-005 0.00123228 -0.000436452 0.00688038 0.0277954 0.0264251 -0.0157781 -0.0336863 0.0488269 -0.00559676 -0.0297811 -0.0164182 -0.0211237 0.00151822 -0.00307912 0.00447193 -0.00445912 0.00339471 -0.00270537 0.0044547 0.00304654 0.000204612 0.00103324 0.00161634 0.0010253 0.00031774 0.000528761 0.000394747 
2009 -4.98397e-007 -8.14333e-006 -9.40947e-005 0.00023112 -0.0024427 -0.00114343 0.00173183 0.0283101 0.0250896 0.00822559 -0.0322085 0.00840102 -0.00576402 -0.0253912 0.00290767 -0.0154489 -0.00604622 -0.00449624 0.00654937 -0.00259146 0.00331054 -0.000529188 0.00306275 0.00322331 -0.00194153 0.00364958 0.0020611 0.00134656 -0.000451755 0.000457627 
2010 -4.99352e-007 -8.15792e-006 -9.42519e-005 0.000229923 0.00155088 0.000832227 -0.0013326 0.0241949 0.0219599 0.00614368 0.00276493 -0.0305916 0.0182619 -0.00935689 -0.0230559 -0.00641362 -0.00701337 -0.0034661 -0.00142329 0.0094173 -0.000677763 -0.00151669 -0.00192511 0.00223513 -0.000928272 -0.000332922 8.37569e-005 0.000370623 -0.000432632 0.000524494 
pearson_resids (last class is a plus group):
class 1       2       3       4       5       6       7       8       9       10      11      12      13      14      15      16      17      18      19      20      21      22      23      24      25      26      27      28      29      30      
2000 -0.0069952 -0.0282856 -0.096178 -0.275059 -0.359105 -0.214138 -0.786275 0.858029 -0.945011 1.77776 -1.60976 -0.432098 -0.808012 1.31893 0.95879 0.0711215 0.150656 0.114856 -0.375924 0.919159 -0.535467 -0.339792 -0.0021004 0.223055 0.0732114 -0.199378 -0.0823417 0.372202 -0.245347 -0.167388 
2001 -0.00700579 -0.0283285 -0.0963271 0.0877466 -0.0579925 -0.0677826 -0.160633 -1.21868 0.452552 -0.573699 1.08216 -0.648321 -0.280589 -0.265682 0.766008 0.787868 0.104194 0.00316492 0.643531 0.232196 -0.0782694 -0.314801 0.600108 0.0787889 0.28879 -0.190074 0.769803 -0.295265 0.168471 -0.538041 
2002 -0.00701442 -0.028363 -0.0964447 0.0869468 0.393881 -0.598714 -0.799616 0.569794 -1.16853 0.581537 -0.573363 1.67014 -0.24873 -0.524944 -0.872854 0.680863 0.423651 0.0178662 -0.729574 1.32302 0.287797 0.471085 0.0511177 -0.241101 0.10935 0.0596285 0.505706 -0.291514 -0.240419 0.399221 
2003 -0.00702177 -0.0283919 0.93938 0.0863035 -0.363028 0.452317 0.0528983 -1.20204 -0.106672 -1.35998 0.692967 -0.319376 1.53293 -0.570639 -0.247427 -0.303522 1.74248 0.961018 0.361984 -0.0843861 -0.120842 0.384854 1.27993 -0.22282 0.130046 -0.168046 0.235154 0.409497 -0.237308 -0.345549 
2004 -0.00702837 -0.0284175 -0.0966255 0.809998 0.23972 -0.227048 0.13862 -0.229151 -1.71943 0.223852 -0.646244 -0.0147129 0.0859931 0.917877 0.0883751 -0.138749 0.492216 0.821645 1.53767 0.897066 -0.101342 0.551772 0.875866 0.153696 -0.0577862 -0.403741 -0.0437034 -0.282614 -0.233818 0.226166 
2005 -0.00703457 -0.0284413 -0.0967028 -0.276575 0.540101 -0.228925 -0.675781 1.62349 -0.402231 -1.39922 0.435209 -0.940138 0.579188 0.236135 0.27899 -0.303132 0.180281 -0.11358 0.958708 1.19738 0.363424 -0.222671 -0.175793 -0.184277 0.175173 0.110532 -0.332595 0.0829024 -0.229997 -0.526395 
2006 -0.00704069 -0.0284646 -0.0967777 0.0847968 0.0867533 -0.380771 -0.453487 -0.369148 1.81452 -0.778944 -1.14839 0.528001 -0.980185 0.407027 0.0877457 1.0103  -0.0698459 -0.111895 -0.208921 0.32624 1.05392 -0.214708 -0.00471196 0.204526 0.198944 0.129427 -0.32594 -0.272323 0.216998 -0.137618 
2007 -0.00704687 -0.028488 -0.0968524 0.0843329 0.537494 1.11808 0.533437 -0.112566 -0.776923 0.834014 -0.623506 -0.874185 0.12212 -0.786033 0.666959 -0.0281755 1.18427 0.0336553 -0.542083 -0.060944 -0.0829457 0.595774 0.63862 0.40815 -0.226328 -0.379251 -0.319158 0.108144 0.229915 -0.128721 
2008 -0.00705319 -0.0285119 -0.0969286 0.444911 -0.0656726 0.515832 1.24957 0.859931 -0.443366 -0.95485 1.51254 -0.191239 -1.1322 -0.700041 -1.01764 0.0832068 -0.193205 0.323182 -0.373543 0.331403 -0.309393 0.599878 0.485487 0.0387541 0.233212 0.434829 0.328568 0.121687 0.243636 0.077439 
2009 -0.00705973 -0.0285366 -0.097007 0.0833824 -0.367294 -0.0856691 0.0778115 0.920834 0.704765 0.233099 -0.997615 0.287057 -0.219156 -1.08287 0.140124 -0.847075 -0.379614 -0.325199 0.548803 -0.253151 0.378989 -0.0713647 0.489071 0.61255 -0.441056 0.993808 0.672963 0.526943 -0.212593 0.090875 
2010 -0.00706648 -0.0285622 -0.097088 0.0828864 0.233028 0.0623121 -0.0598392 0.786601 0.616628 0.174061 0.0856317 -1.04533 0.694455 -0.399156 -1.11152 -0.351838 -0.440607 -0.250882 -0.119376 0.920319 -0.0776487 -0.204766 -0.307882 0.425665 -0.211597 -0.0912494 0.0276831 0.147779 -0.208043 0.105547 
objective function: multinomial likelihood, with delta = 1e-011, N =
100 100 100 100 100 100 100 100 100 100 100 100 100 100 100 100 100 100 100 100 100 100 100 100 100 100 100 100 100 100 
100 100 100 100 100 100 100 100 100 100 100 100 100 100 100 100 100 100 100 100 100 100 100 100 100 100 100 100 100 100 
100 100 100 100 100 100 100 100 100 100 100 100 100 100 100 100 100 100 100 100 100 100 100 100 100 100 100 100 100 100 
100 100 100 100 100 100 100 100 100 100 100 100 100 100 100 100 100 100 100 100 100 100 100 100 100 100 100 100 100 100 
100 100 100 100 100 100 100 100 100 100 100 100 100 100 100 100 100 100 100 100 100 100 100 100 100 100 100 100 100 100 
100 100 100 100 100 100 100 100 100 100 100 100 100 100 100 100 100 100 100 100 100 100 100 100 100 100 100 100 100 100 
100 100 100 100 100 100 100 100 100 100 100 100 100 100 100 100 100 100 100 100 100 100 100 100 100 100 100 100 100 100 
100 100 100 100 100 100 100 100 100 100 100 100 100 100 100 100 100 100 100 100 100 100 100 100 100 100 100 100 100 100 
100 100 100 100 100 100 100 100 100 100 100 100 100 100 100 100 100 100 100 100 100 100 100 100 100 100 100 100 100 100 
100 100 100 100 100 100 100 100 100 100 100 100 100 100 100 100 100 100 100 100 100 100 100 100 100 100 100 100 100 100 
100 100 100 100 100 100 100 100 100 100 100 100 100 100 100 100 100 100 100 100 100 100 100 100 100 100 100 100 100 100 

Tags2005_R1_R1 :
tag-recapture data for tag Tags2005_R1 in years 2006 2007 2008 2009 2010 , step 1, after proportion 0.5 of mortality, with sampling method size, detection probability 1.
Year 2006
class scanned recaptured expected_prop neg_log_likelihood
100 0 0 0 0
150 0 0 1.46164e-012 0
200 0 0 9.19218e-012 0
250 0 0 5.96645e-011 0
300 12 0 7.8252e-010 9.39024e-009
350 158 0 9.87476e-009 1.56021e-006
400 1164 0 9.13271e-008 0.000106305
450 5400 0 6.02623e-007 0.00325417
500 17230 0.4 2.81315e-006 1.13957
550 40736 1.4 9.46056e-006 1.93716
600 74702 3.9 2.37038e-005 2.57087
650 107602 7.3 4.60233e-005 2.40919
700 122602 9.9 7.20914e-005 2.13491
750 114910 10.5 9.49714e-005 2.11044
800 96170 9.3 0.000110142 2.12512
850 78086 7.7 0.000117669 2.07796
900 63392 6.3 0.000119931 1.97098
950 50824 5.2 0.000118835 1.82051
1000 39614 4.4 0.000115097 1.68141
1050 29908 3.5 0.000108766 1.57816
1100 22030 2.6 9.978e-005 1.46322
1150 15980 1.9 8.82684e-005 1.35981
1200 11430 1.3 7.48601e-005 1.21245
1250 8012 0.8 6.08436e-005 0.991158
1300 5482 0.6 4.77692e-005 0.953177
1350 3670 0.4 3.68033e-005 0.816201
1400 2426 0.2 2.85162e-005 0.517976
1450 1590 0.1 2.26842e-005 0.318401
1500 1028 0.1 1.87227e-005 0.364369
1550 648 0 1.60851e-005 0.0104232
1600 390 0 1.42881e-005 0.00557239
1650 222 0 1.30875e-005 0.00290543
1700 116 0 1.23071e-005 0.00142763
1750 56 0 1.18103e-005 0.000661379
1800 24 0 1.14976e-005 0.000275945
1850 10 0 1.13007e-005 0.000113007
1900 4 0 1.11708e-005 4.46836e-005
1950 2 0 1.10683e-005 2.21366e-005
2000 0 0 1.09521e-005 0

total neg_log_likelihood: 31.5779


Year 2007
class scanned recaptured expected_prop neg_log_likelihood
100 0 0 0 0
150 0 0 4.70464e-015 0
200 0 0 5.26665e-013 0
250 0 0 7.43752e-012 0
300 12 0 1.43399e-010 1.72078e-009
350 154 0 1.98193e-009 3.05217e-007
400 1188 0 1.92204e-008 2.28338e-005
450 5846 0 1.46542e-007 0.000856685
500 19106 0.1 8.35272e-007 0.379859
550 44148 0.8 3.47279e-006 1.58243
600 77076 2.1 1.07147e-005 2.01505
650 107512 4.4 2.52979e-005 2.11503
700 123892 6.8 4.73026e-005 1.96121
750 120194 7.9 7.24758e-005 2.00188
800 101498 7.7 9.43983e-005 2.14847
850 79614 6.4 0.000108993 2.18918
900 61954 5.1 0.000116255 2.09191
950 48778 3.9 0.000118244 1.96239
1000 38160 3.1 0.000116711 1.74187
1050 29120 2.4 0.000112319 1.519
1100 21578 1.8 0.000105096 1.3106
1150 15618 1.2 9.4996e-005 1.10715
1200 11128 0.7 8.24104e-005 0.881831
1250 7818 0.3 6.84772e-005 0.614612
1300 5400 0.2 5.48199e-005 0.454096
1350 3658 0.1 4.28654e-005 0.292193
1400 2436 0 3.3511e-005 0.0816341
1450 1598 0 2.67398e-005 0.0427308
1500 1032 0 2.2028e-005 0.0227331
1550 648 0 1.88261e-005 0.0121994
1600 390 0 1.65971e-005 0.00647292
1650 220 0 1.50766e-005 0.00331689
1700 116 0 1.407e-005 0.00163213
1750 56 0 1.34193e-005 0.000751485
1800 24 0 1.30053e-005 0.000312129
1850 10 0 1.27432e-005 0.000127433
1900 4 0 1.25719e-005 5.02877e-005
1950 2 0 1.24417e-005 2.48835e-005
2000 0 0 1.2301e-005 0

total neg_log_likelihood: 26.5416


Year 2008
class scanned recaptured expected_prop neg_log_likelihood
100 0 0 0 0
150 0 0 0 0
200 0 0 1.41207e-014 0
250 0 0 7.12608e-013 0
300 12 0 2.49833e-011 2.998e-010
350 148 0 4.55695e-010 6.74429e-008
400 1136 0 4.52625e-009 5.14182e-006
450 5836 0 3.50045e-008 0.000204286
500 20228 0 2.28317e-007 0.0046184
550 48602 0.2 1.13644e-006 0.549096
600 84868 0.7 4.2542e-006 0.97836
650 114222 1.8 1.21515e-005 1.31455
700 126232 3.7 2.71782e-005 1.60586
750 120836 5.7 4.89808e-005 1.80784
800 103652 6.9 7.32688e-005 1.9295
850 81948 7 9.41365e-005 1.93789
900 62262 6.3 0.000108003 1.86607
950 47378 5.2 0.000114826 1.7646
1000 36456 4 0.0001164 1.63994
1050 27882 2.9 0.000114255 1.49308
1100 20840 1.9 0.000108957 1.31536
1150 15160 1.2 0.000100509 1.11525
1200 10790 0.7 8.9119e-005 0.893171
1250 7564 0.4 7.57225e-005 0.676039
1300 5238 0.2 6.19093e-005 0.464118
1350 3578 0.1 4.92805e-005 0.299982
1400 2406 0 3.9039e-005 0.0939296
1450 1590 0 3.14087e-005 0.0499405
1500 1028 0 2.5969e-005 0.0266964
1550 646 0 2.21999e-005 0.0143413
1600 386 0 1.95259e-005 0.00753705
1650 218 0 1.7671e-005 0.00385231
1700 114 0 1.64256e-005 0.00187253
1750 54 0 1.56116e-005 0.000843035
1800 24 0 1.50899e-005 0.000362159
1850 10 0 1.47585e-005 0.000147587
1900 4 0 1.45432e-005 5.81732e-005
1950 2 0 1.43831e-005 2.87663e-005
2000 0 0 1.42167e-005 0

total neg_log_likelihood: 21.8551


Year 2009
class scanned recaptured expected_prop neg_log_likelihood
100 0 0 0 0
150 0 0 0 0
200 0 0 4.5959e-017 0
250 0 0 4.38351e-014 0
300 12 0 3.50729e-012 4.20877e-011
350 144 0 1.03642e-010 1.49244e-008
400 1080 0 1.28166e-009 1.38419e-006
450 5452 0 8.97213e-009 4.89161e-005
500 19454 0 6.11551e-008 0.00118971
550 49380 0 3.45467e-007 0.0170592
600 90534 0.2 1.52648e-006 0.448636
650 124382 0.6 5.20549e-006 0.795685
700 135292 1.5 1.38544e-005 1.21664
750 124916 3 2.94016e-005 1.56167
800 104638 4.8 5.10087e-005 1.74858
850 82726 6.1 7.43602e-005 1.83691
900 62796 6.7 9.41065e-005 1.93303
950 46732 6.3 0.000107104 2.00704
1000 34910 5.1 0.000113323 1.90123
1050 26292 3.7 0.000114276 1.67042
1100 19670 2.5 0.000111243 1.43142
1150 14408 1.5 0.000104667 1.17645
1200 10300 0.9 9.4769e-005 0.958845
1250 7220 0.6 8.23116e-005 0.793889
1300 4996 0.4 6.87773e-005 0.651256
1350 3424 0.3 5.58445e-005 0.579307
1400 2320 0.3 4.49687e-005 0.674162
1450 1546 0.2 3.66224e-005 0.545471
1500 1006 0.1 3.05224e-005 0.329117
1550 632 0.1 2.62111e-005 0.376663
1600 378 0 2.30956e-005 0.00873025
1650 214 0 2.0901e-005 0.00447287
1700 112 0 1.94096e-005 0.0021739
1750 54 0 1.84261e-005 0.000995018
1800 24 0 1.77919e-005 0.000427009
1850 10 0 1.73885e-005 0.000173887
1900 4 0 1.71279e-005 6.85121e-005
1950 2 0 1.69372e-005 3.38746e-005
2000 0 0 1.67431e-005 0

total neg_log_likelihood: 22.6718


Year 2010
class scanned recaptured expected_prop neg_log_likelihood
100 0 0 0 0
150 0 0 0 0
200 0 0 0 0
250 0 0 1.21453e-015 0
300 12 0 3.5468e-013 4.2566e-012
350 140 0 1.99533e-011 2.79347e-009
400 1042 0 4.10588e-010 4.27833e-007
450 5174 0 2.64012e-009 1.366e-005
500 17996 0 1.72213e-008 0.000309915
550 46168 0 1.02651e-007 0.00473918
600 88522 0.1 5.12583e-007 0.304782
650 128034 0.4 2.03844e-006 0.678685
700 144032 0.9 6.38055e-006 0.956035
750 133060 1.8 1.5863e-005 1.28277
800 108570 3 3.19364e-005 1.52892
850 83738 4 5.32906e-005 1.65769
900 63094 4.4 7.56688e-005 1.69368
950 46670 4.2 9.42213e-005 1.66074
1000 34148 3.3 0.00010622 1.55625
1050 25064 2.3 0.000111623 1.41853
1100 18486 1.5 0.000111652 1.26168
1150 13538 0.9 0.000107322 1.0777
1200 9730 0.6 9.91971e-005 0.873832
1250 6846 0.4 8.80245e-005 0.685567
1300 4740 0.2 7.51768e-005 0.47732
1350 3250 0.1 6.23336e-005 0.312358
1400 2208 0.1 5.11295e-005 0.28113
1450 1480 0 4.22693e-005 0.0625598
1500 970 0 3.56267e-005 0.0345585
1550 612 0 3.08342e-005 0.0188708
1600 368 0 2.73049e-005 0.0100483
1650 208 0 2.47801e-005 0.00515432
1700 108 0 2.30439e-005 0.00248877
1750 52 0 2.18893e-005 0.00113825
1800 22 0 2.11408e-005 0.000465102
1850 8 0 2.06641e-005 0.000165315
1900 4 0 2.03581e-005 8.14333e-005
1950 2 0 2.01381e-005 4.02767e-005
2000 0 0 1.99175e-005 0

total neg_log_likelihood: 17.8483


Tags2006_R1_R1 :
tag-recapture data for tag Tags2006_R1 in years 2007 2008 2009 2010 , step 1, after proportion 0.5 of mortality, with sampling method size, detection probability 1.
Year 2007
class scanned recaptured expected_prop neg_log_likelihood
100 0 0 0 0
150 0 0 2.65296e-012 0
200 0 0 1.11072e-011 0
250 0 0 6.42211e-011 0
300 12 0 8.44198e-010 1.01304e-008
350 154 0 1.04977e-008 1.61664e-006
400 1188 0 9.40709e-008 0.000111756
450 5846 0 6.10153e-007 0.00356695
500 19106 0.3 2.84543e-006 0.819795
550 44148 1.4 9.63998e-006 1.83844
600 77076 4.1 2.43802e-005 2.62259
650 107512 7.6 4.76947e-005 2.46217
700 123892 10 7.49601e-005 2.10522
750 120194 10 9.84882e-005 2.22919
800 101498 8.6 0.000113118 2.40075
850 79614 7.3 0.0001189 2.19352
900 61954 6.3 0.00011873 1.93207
950 48778 5.5 0.000115155 1.78762
1000 38160 4.5 0.000109385 1.70181
1050 29120 3.5 0.000101791 1.61476
1100 21578 2.5 9.24783e-005 1.46919
1150 15618 1.6 8.15995e-005 1.2438
1200 11128 1 6.96038e-005 1.02998
1250 7818 0.5 5.74143e-005 0.728567
1300 5400 0.3 4.61699e-005 0.557824
1350 3658 0.1 3.67501e-005 0.285216
1400 2436 0 2.96097e-005 0.0721303
1450 1598 0 2.456e-005 0.0392473
1500 1032 0 2.11094e-005 0.0217851
1550 648 0 1.8797e-005 0.0121806
1600 390 0 1.72075e-005 0.00671098
1650 220 0 1.61352e-005 0.00354978
1700 116 0 1.5432e-005 0.00179013
1750 56 0 1.49809e-005 0.000838937
1800 24 0 1.46955e-005 0.000352694
1850 10 0 1.45152e-005 0.000145153
1900 4 0 1.43971e-005 5.75886e-005
1950 2 0 1.43063e-005 2.86128e-005
2000 0 0 1.42065e-005 0

total neg_log_likelihood: 29.185


Year 2008
class scanned recaptured expected_prop neg_log_likelihood
100 0 0 0 0
150 0 0 9.3664e-015 0
200 0 0 7.52453e-013 0
250 0 0 8.03467e-012 0
300 12 0 1.49595e-010 1.79514e-009
350 148 0 2.09152e-009 3.09546e-007
400 1136 0 2.0025e-008 2.27484e-005
450 5836 0 1.49714e-007 0.000873729
500 20228 0 8.45793e-007 0.0171087
550 48602 0.4 3.52328e-006 0.757501
600 84868 1.5 1.09498e-005 1.32397
650 114222 3.7 2.60623e-005 1.67703
700 126232 6.9 4.90253e-005 1.93615
750 120836 9.7 7.52592e-005 2.08331
800 103652 10.5 9.76505e-005 2.10949
850 81948 9.3 0.000111581 2.04417
900 62262 7 0.000117074 1.90955
950 47378 4.7 0.000116694 1.77585
1000 36456 3.1 0.000112807 1.64775
1050 27882 1.9 0.00010657 1.50509
1100 20840 1.2 9.83247e-005 1.28515
1150 15160 0.6 8.81822e-005 1.05006
1200 10790 0.2 7.64854e-005 0.778319
1250 7564 0.1 6.40933e-005 0.507334
1300 5238 0 5.22131e-005 0.273499
1350 3578 0 4.19066e-005 0.149945
1400 2406 0 3.38585e-005 0.0814648
1450 1590 0 2.80254e-005 0.0445611
1500 1028 0 2.39541e-005 0.0246251
1550 646 0 2.11773e-005 0.0136807
1600 386 0 1.92331e-005 0.00742403
1650 218 0 1.78981e-005 0.00390182
1700 114 0 1.70085e-005 0.00193899
1750 54 0 1.64303e-005 0.000887241
1800 24 0 1.60608e-005 0.000385461
1850 10 0 1.58263e-005 0.000158264
1900 4 0 1.56734e-005 6.26941e-005
1950 2 0 1.55589e-005 3.1118e-005
2000 0 0 1.54392e-005 0

total neg_log_likelihood: 23.0113


Year 2009
class scanned recaptured expected_prop neg_log_likelihood
100 0 0 0 0
150 0 0 0 0
200 0 0 2.55954e-014 0
250 0 0 8.34053e-013 0
300 12 0 2.57351e-011 3.08821e-010
350 144 0 4.71706e-010 6.79257e-008
400 1080 0 4.71665e-009 5.09398e-006
450 5452 0 3.60535e-008 0.000196564
500 19454 0 2.32361e-007 0.00452035
550 49380 0.1 1.15228e-006 0.293673
600 90534 0.5 4.32912e-006 0.73948
650 124382 1.4 1.24507e-005 1.15317
700 135292 3.4 2.80369e-005 1.57637
750 124916 5.9 5.07568e-005 1.83616
800 104638 7.9 7.59623e-005 1.96302
850 82726 8.2 9.71122e-005 1.98282
900 62796 7.2 0.000110185 1.92311
950 46732 5.6 0.000115214 1.7994
1000 34910 4.3 0.000114491 1.67874
1050 26292 3.4 0.000110149 1.59671
1100 19670 2.5 0.000103235 1.46068
1150 14408 1.8 9.40658e-005 1.32471
1200 10300 1.2 8.29465e-005 1.14014
1250 7220 0.7 7.0655e-005 0.885439
1300 4996 0.4 5.8413e-005 0.664811
1350 3424 0.3 4.74185e-005 0.599525
1400 2320 0.1 3.85753e-005 0.280958
1450 1546 0 3.20071e-005 0.0494837
1500 1006 0 2.73261e-005 0.0274904
1550 632 0 2.40797e-005 0.0152186
1600 378 0 2.17703e-005 0.00822927
1650 214 0 2.01624e-005 0.0043148
1700 112 0 1.90786e-005 0.00213682
1750 54 0 1.83678e-005 0.000991869
1800 24 0 1.79108e-005 0.000429862
1850 10 0 1.76201e-005 0.000176203
1900 4 0 1.74314e-005 6.97262e-005
1950 2 0 1.72921e-005 3.45845e-005
2000 0 0 1.71499e-005 0

total neg_log_likelihood: 23.0122


Year 2010
class scanned recaptured expected_prop neg_log_likelihood
100 0 0 0 0
150 0 0 0 0
200 0 0 9.14765e-017 0
250 0 0 6.1957e-014 0
300 12 0 3.70122e-012 4.44151e-011
350 140 0 1.05506e-010 1.47708e-008
400 1042 0 1.32689e-009 1.38262e-006
450 5174 0 9.26492e-009 4.79367e-005
500 17996 0 6.25858e-008 0.00112629
550 46168 0 3.51156e-007 0.0162122
600 88522 0.2 1.55095e-006 0.449045
650 128034 0.7 5.31263e-006 0.854148
700 144032 1.7 1.42276e-005 1.26436
750 133060 3.2 3.03597e-005 1.62049
800 108570 5 5.28319e-005 1.78966
850 83738 6.1 7.69474e-005 1.84602
900 63094 6.1 9.67874e-005 1.83669
950 46670 5.3 0.000108861 1.77311
1000 34148 4.1 0.000113268 1.65149
1050 25064 3.1 0.00011202 1.52609
1100 18486 2.1 0.000106984 1.33296
1150 13538 1.5 9.90864e-005 1.18545
1200 9730 1 8.88128e-005 1.01011
1250 6846 0.6 7.69158e-005 0.798758
1300 4740 0.3 6.46025e-005 0.553049
1350 3250 0.2 5.31586e-005 0.438525
1400 2208 0 4.36791e-005 0.0964455
1450 1480 0 3.64632e-005 0.0539665
1500 970 0 3.12115e-005 0.0302757
1550 612 0 2.75074e-005 0.0168348
1600 368 0 2.48312e-005 0.00913798
1650 208 0 2.29438e-005 0.00477236
1700 108 0 2.1659e-005 0.00233919
1750 52 0 2.08102e-005 0.00108214
1800 22 0 2.02619e-005 0.000445767
1850 8 0 1.99128e-005 0.000159304
1900 4 0 1.96872e-005 7.87496e-005
1950 2 0 1.95229e-005 3.90462e-005
2000 0 0 1.93572e-005 0

total neg_log_likelihood: 20.1629


Tags2007_R1_R1 :
tag-recapture data for tag Tags2007_R1 in years 2008 2009 2010 , step 1, after proportion 0.5 of mortality, with sampling method size, detection probability 1.
Year 2008
class scanned recaptured expected_prop neg_log_likelihood
100 0 0 0 0
150 0 0 1.50251e-012 0
200 0 0 1.01761e-011 0
250 0 0 6.5179e-011 0
300 12 0 8.37897e-010 1.00548e-008
350 148 0 1.06441e-008 1.57532e-006
400 1136 0 9.83904e-008 0.000111771
450 5836 0 6.42239e-007 0.00374811
500 20228 0.2 2.95534e-006 0.537817
550 48602 0.7 9.82607e-006 0.899088
600 84868 2.5 2.44698e-005 1.45071
650 114222 5.4 4.74353e-005 1.77756
700 126232 8.9 7.43578e-005 2.03411
750 120836 11.1 9.7971e-005 2.1534
800 103652 11.4 0.000113231 2.14787
850 81948 9.8 0.000119893 2.0686
900 62262 7.5 0.000120475 1.93743
950 47378 5.3 0.000117352 1.77461
1000 36456 3.8 0.000111768 1.61774
1050 27882 2.7 0.000104187 1.45365
1100 20840 2 9.47666e-005 1.30696
1150 15160 1.4 8.36481e-005 1.15239
1200 10790 1 7.12387e-005 1.03172
1250 7564 0.6 5.84511e-005 0.819193
1300 5238 0.4 4.64873e-005 0.688906
1350 3578 0.2 3.6345e-005 0.45262
1400 2406 0.1 2.85959e-005 0.286561
1450 1590 0 2.30966e-005 0.036724
1500 1028 0 1.93406e-005 0.0198823
1550 646 0 1.68319e-005 0.0108735
1600 386 0 1.51177e-005 0.00583548
1650 218 0 1.39691e-005 0.00304529
1700 114 0 1.32206e-005 0.00150715
1750 54 0 1.27428e-005 0.000688118
1800 24 0 1.24417e-005 0.000298602
1850 10 0 1.22516e-005 0.000122517
1900 4 0 1.21264e-005 4.85059e-005
1950 2 0 1.20287e-005 2.40575e-005
2000 0 0 1.19211e-005 0

total neg_log_likelihood: 25.6739


Year 2009
class scanned recaptured expected_prop neg_log_likelihood
100 0 0 0 0
150 0 0 4.74239e-015 0
200 0 0 5.66511e-013 0
250 0 0 8.27099e-012 0
300 12 0 1.53724e-010 1.84469e-009
350 144 0 2.11249e-009 3.04199e-007
400 1080 0 2.06089e-008 2.22576e-005
450 5452 0 1.56675e-007 0.000854191
500 19454 0.2 8.83796e-007 0.744461
550 49380 0.9 3.63135e-006 1.68707
600 90534 2.6 1.11062e-005 2.30418
650 124382 5.4 2.61053e-005 2.37133
700 135292 8.4 4.87589e-005 2.21962
750 124916 10.6 7.47339e-005 2.18921
800 104638 11 9.72681e-005 2.15775
850 82726 9.8 0.000111816 2.08461
900 62796 7.6 0.000118132 1.94612
950 46732 5.5 0.000118448 1.7865
1000 34910 3.8 0.00011498 1.61407
1050 26292 2.7 0.000108909 1.451
1100 19670 1.8 0.000100651 1.26707
1150 14408 1.3 9.03533e-005 1.11307
1200 10300 0.8 7.83414e-005 0.907422
1250 7220 0.6 6.54539e-005 0.809678
1300 4996 0.3 5.29296e-005 0.555278
1350 3424 0.1 4.1923e-005 0.287769
1400 2320 0.1 3.32393e-005 0.283467
1450 1546 0 2.69026e-005 0.041592
1500 1006 0 2.2465e-005 0.0226001
1550 632 0 1.94372e-005 0.0122844
1600 378 0 1.73225e-005 0.00654795
1650 214 0 1.58764e-005 0.00339758
1700 112 0 1.49172e-005 0.00167074
1750 54 0 1.42961e-005 0.000771997
1800 24 0 1.39006e-005 0.000333616
1850 10 0 1.365e-005 0.000136501
1900 4 0 1.34862e-005 5.3945e-005
1950 2 0 1.33617e-005 2.67236e-005
2000 0 0 1.32296e-005 0

total neg_log_likelihood: 27.87


Year 2010
class scanned recaptured expected_prop neg_log_likelihood
100 0 0 0 0
150 0 0 0 0
200 0 0 1.45117e-014 0
250 0 0 7.92086e-013 0
300 12 0 2.72541e-011 3.27049e-010
350 140 0 4.82341e-010 6.75278e-008
400 1042 0 4.80958e-009 5.01159e-006
450 5174 0 3.73322e-008 0.000193157
500 17996 0 2.42382e-007 0.00436192
550 46168 0.3 1.19512e-006 0.816165
600 88522 0.8 4.43154e-006 1.06981
650 128034 2 1.25753e-005 1.35066
700 144032 4 2.80365e-005 1.63304
750 133060 5.9 5.04874e-005 1.87244
800 108570 7.5 7.55148e-005 1.96811
850 83738 8.1 9.68635e-005 1.97511
900 63094 7.5 0.000110543 1.95675
950 46670 6.2 0.000116341 1.89682
1000 34148 4.8 0.000116258 1.8018
1050 25064 3.6 0.000112296 1.68305
1100 18486 2.6 0.000105517 1.52631
1150 13538 1.7 9.62939e-005 1.28763
1200 9730 1 8.49524e-005 1.01699
1250 6846 0.6 7.22649e-005 0.804342
1300 4740 0.2 5.94682e-005 0.44974
1350 3250 0.1 4.78272e-005 0.291702
1400 2208 0 3.8356e-005 0.0846917
1450 1480 0 3.1258e-005 0.0462626
1500 970 0 2.6168e-005 0.0253833
1550 612 0 2.26251e-005 0.0138467
1600 368 0 2.01022e-005 0.00739769
1650 208 0 1.83474e-005 0.0038163
1700 108 0 1.71671e-005 0.00185407
1750 52 0 1.63948e-005 0.000852539
1800 22 0 1.58994e-005 0.00034979
1850 8 0 1.55849e-005 0.00012468
1900 4 0 1.53807e-005 6.15231e-005
1950 2 0 1.52287e-005 3.04576e-005
2000 0 0 1.50707e-005 0

total neg_log_likelihood: 23.5897


Tags2008_R1_R1 :
tag-recapture data for tag Tags2008_R1 in years 2009 2010 , step 1, after proportion 0.5 of mortality, with sampling method size, detection probability 1.
Year 2009
class scanned recaptured expected_prop neg_log_likelihood
100 0 0 0 0
150 0 0 1.53741e-012 0
200 0 0 1.07522e-011 0
250 0 0 6.98931e-011 0
300 12 0 9.00628e-010 1.08075e-008
350 144 0 1.14026e-008 1.64198e-006
400 1080 0 1.05723e-007 0.000114181
450 5452 0 6.9289e-007 0.00377764
500 19454 0.3 3.19198e-006 0.787634
550 49380 1.3 1.05719e-005 1.52123
600 90534 3.8 2.6101e-005 1.97655
650 124382 7.5 4.99911e-005 2.06138
700 135292 11 7.72573e-005 2.13953
750 124916 12.7 0.000100227 2.19754
800 104638 12.3 0.000113977 2.18625
850 82726 10.4 0.000118703 2.1146
900 62796 7.9 0.000117349 1.98154
950 46732 5.5 0.000112587 1.79172
1000 34910 3.7 0.000105872 1.59552
1050 26292 2.4 9.78093e-005 1.39702
1100 19670 1.7 8.86131e-005 1.23324
1150 14408 1.1 7.83776e-005 1.04094
1200 10300 0.7 6.73381e-005 0.85386
1250 7220 0.4 5.6127e-005 0.64691
1300 4996 0.2 4.56473e-005 0.438295
1350 3424 0.1 3.66978e-005 0.283189
1400 2320 0 2.97878e-005 0.0691088
1450 1546 0 2.48296e-005 0.0383871
1500 1006 0 2.14075e-005 0.0215362
1550 632 0 1.9101e-005 0.012072
1600 378 0 1.75108e-005 0.00661914
1650 214 0 1.6437e-005 0.00351755
1700 112 0 1.57329e-005 0.00176209
1750 54 0 1.52814e-005 0.0008252
1800 24 0 1.49959e-005 0.000359903
1850 10 0 1.48156e-005 0.000148157
1900 4 0 1.46973e-005 5.87898e-005
1950 2 0 1.46059e-005 2.9212e-005
2000 0 0 1.45061e-005 0

total neg_log_likelihood: 26.4053


Year 2010
class scanned recaptured expected_prop neg_log_likelihood
100 0 0 0 0
150 0 0 4.76449e-015 0
200 0 0 5.96267e-013 0
250 0 0 8.79594e-012 0
300 12 0 1.66072e-010 1.99286e-009
350 140 0 2.26775e-009 3.17484e-007
400 1042 0 2.20937e-008 2.30216e-005
450 5174 0 1.68551e-007 0.000872083
500 17996 0.1 9.5315e-007 0.373837
550 46168 0.6 3.91345e-006 1.09471
600 88522 1.8 1.1908e-005 1.47595
650 128034 4.1 2.77405e-005 1.685
700 144032 6.8 5.12055e-005 1.91266
750 133060 8.8 7.74105e-005 2.13074
800 108570 9.4 9.92446e-005 2.13984
850 83738 8.6 0.000112286 2.03973
900 63094 6.9 0.000116706 1.91162
950 46670 4.9 0.000115156 1.75206
1000 34148 3.3 0.000110155 1.57059
1050 25064 2.3 0.000103098 1.38758
1100 18486 1.6 9.45355e-005 1.21178
1150 13538 1 8.46598e-005 1.0097
1200 9730 0.7 7.37014e-005 0.854035
1250 6846 0.5 6.22568e-005 0.731803
1300 4740 0.2 5.12474e-005 0.440528
1350 3250 0.2 4.15652e-005 0.45005
1400 2208 0 3.38787e-005 0.0748053
1450 1480 0 2.82225e-005 0.0417698
1500 970 0 2.42259e-005 0.0234994
1550 612 0 2.14765e-005 0.0131437
1600 368 0 1.954e-005 0.00719078
1650 208 0 1.82059e-005 0.00378687
1700 108 0 1.73157e-005 0.00187012
1750 52 0 1.67369e-005 0.000870324
1800 22 0 1.63671e-005 0.000360079
1850 8 0 1.61327e-005 0.000129063
1900 4 0 1.59801e-005 6.39208e-005
1950 2 0 1.58653e-005 3.17308e-005
2000 0 0 1.57441e-005 0

total neg_log_likelihood: 24.3406


Tags2009_R1_R1 :
tag-recapture data for tag Tags2009_R1 in years 2010 , step 1, after proportion 0.5 of mortality, with sampling method size, detection probability 1.
Year 2010
class scanned recaptured expected_prop neg_log_likelihood
100 0 0 0 0
150 0 0 2.6157e-012 0
200 0 0 1.03e-011 0
250 0 0 6.45507e-011 0
300 12 0 8.60898e-010 1.03308e-008
350 140 0 1.06284e-008 1.48798e-006
400 1042 0 9.66755e-008 0.000100736
450 5174 0 6.41916e-007 0.00332127
500 17996 0.4 3.04086e-006 1.09729
550 46168 1.4 1.03437e-005 1.72913
600 88522 4.1 2.60439e-005 2.21057
650 128034 8.1 5.04904e-005 2.1665
700 144032 11.6 7.84749e-005 2.15545
750 133060 12.9 0.000101871 2.22005
800 108570 12 0.00011551 2.18012
850 83738 10 0.000119717 2.07853
900 63094 8 0.000117722 1.99053
950 46670 5.9 0.000112405 1.85965
1000 34148 4.2 0.000105326 1.70422
1050 25064 2.8 9.71354e-005 1.48948
1100 18486 1.8 8.80394e-005 1.26747
1150 13538 1.1 7.80547e-005 1.04143
1200 9730 0.6 6.72754e-005 0.796215
1250 6846 0.4 5.61884e-005 0.647176
1300 4740 0.3 4.56272e-005 0.567431
1350 3250 0.2 3.6425e-005 0.459746
1400 2208 0.1 2.91949e-005 0.288735
1450 1480 0.1 2.39384e-005 0.319547
1500 970 0 2.02793e-005 0.0196711
1550 612 0 1.78023e-005 0.0108951
1600 368 0 1.6094e-005 0.00592264
1650 208 0 1.49435e-005 0.00310826
1700 108 0 1.41918e-005 0.00153273
1750 52 0 1.37118e-005 0.000713018
1800 22 0 1.34093e-005 0.000295007
1850 8 0 1.32188e-005 0.000105751
1900 4 0 1.30933e-005 5.23736e-005
1950 2 0 1.29948e-005 2.59897e-005
2000 0 0 1.28849e-005 0

total neg_log_likelihood: 28.315


Output quantities start here

* Scalar parameter values
initialization.B0 177747

* Nuisance q's

* B0
177747

* R0
1.39778e+007

* SSBs
SSB 177747 174942 171820 168394 164698 160795 156766 152700 148679 144779 141057 137541 134244 131163 128292 125622 123144 120849 118724 116760 114948 
year 1990 1991 1992 1993 1994 1995 1996 1997 1998 1999 2000 2001 2002 2003 2004 2005 2006 2007 2008 2009 2010 

* recruitments
recruitment 1.39778e+007 1.39778e+007 1.39538e+007 1.39263e+007 1.38951e+007 1.38602e+007 1.38217e+007 1.37802e+007 1.37364e+007 1.3691e+007 1.36449e+007 1.35988e+007 1.35533e+007 1.35088e+007 1.34654e+007 1.34234e+007 1.33828e+007 1.33439e+007 1.33065e+007 1.32709e+007 1.3237e+007 
year 1990 1991 1992 1993 1994 1995 1996 1997 1998 1999 2000 2001 2002 2003 2004 2005 2006 2007 2008 2009 2010 

* YCS
YCS 1 1 1 1 1 1 1 1 1 1 1 1 1 1 1 1 1 1 1 1 1 
year 1989 1990 1991 1992 1993 1994 1995 1996 1997 1998 1999 2000 2001 2002 2003 2004 2005 2006 2007 2008 2009 

* true_YCS
true_YCS 1 1 0.998285 0.996318 0.994084 0.991583 0.988831 0.985863 0.982729 0.979482 0.976184 0.972887 0.969631 0.966444 0.963342 0.960336 0.957435 0.954647 0.951977 0.949428 0.947002 
year 1989 1990 1991 1992 1993 1994 1995 1996 1997 1998 1999 2000 2001 2002 2003 2004 2005 2006 2007 2008 2009 

* fishing_pressures
pressure 0 0.03845 0.0395632 0.0406792 0.0417679 0.0428073 0.0437813 0.0446794 0.0454959 0.0462309 0.0468887 0.047476 0.0480001 0.0484696 0.0488931 0.0492789 0.0496352 0.049968 0.0502828 0.0505839 0.0508747 
year 1990 1991 1992 1993 1994 1995 1996 1997 1998 1999 2000 2001 2002 2003 2004 2005 2006 2007 2008 2009 2010 

* Numbers_at_age_R1
1990  1.29743e+007 1.11114e+007 9.51596e+006 8.14962e+006 6.97945e+006 5.97731e+006 5.11906e+006 4.38404e+006 3.75456e+006 3.21546e+006 2.75377e+006 2.35837e+006 2.01974e+006 1.72974e+006 1.48138e+006 1.26867e+006 1.08651e+006 930504 796898 682475 584482 500559 428687 367134 314419 269273 230610 197498 169140 1.00884e+006 
1991  1.29743e+007 1.11114e+007 9.51593e+006 8.14933e+006 6.97783e+006 5.97068e+006 5.09997e+006 4.34516e+006 3.69856e+006 3.15843e+006 2.70526e+006 2.31768e+006 1.98608e+006 1.70228e+006 1.45928e+006 1.25114e+006 1.07279e+006 919912 788835 676422 580000 497287 426330 365460 313246 268463 230058 197127 168894 1.00772e+006 
1992  1.29521e+007 1.11114e+007 9.51592e+006 8.14926e+006 6.97726e+006 5.96748e+006 5.08716e+006 4.30892e+006 3.62586e+006 3.05471e+006 2.59989e+006 2.22805e+006 1.91087e+006 1.64002e+006 1.40844e+006 1.21019e+006 1.04026e+006 894429 769144 661416 568723 488928 420221 361057 310117 266270 228542 196094 168200 1.00516e+006 
1993  1.29265e+007 1.10923e+007 9.51592e+006 8.14925e+006 6.97714e+006 5.96675e+006 5.08369e+006 4.29643e+006 3.59293e+006 2.99151e+006 2.51161e+006 2.13883e+006 1.83493e+006 1.57623e+006 1.35557e+006 1.16694e+006 1.00535e+006 866636 747317 644510 555810 479203 412998 355769 306300 263553 226636 194775 167300 1.00231e+006 
1994  1.28976e+007 1.10705e+007 9.4996e+006 8.14924e+006 6.97707e+006 5.96641e+006 5.08234e+006 4.29186e+006 3.57988e+006 2.96125e+006 2.45683e+006 2.06387e+006 1.75952e+006 1.512e+006 1.30155e+006 1.12209e+006 968596 836908 723595 625839 541317 468110 404628 349542 301734 260253 224285 193124 166158 999029 
1995  1.28651e+007 1.10457e+007 9.48088e+006 8.13525e+006 6.97701e+006 5.96613e+006 5.08135e+006 4.28915e+006 3.57352e+006 2.94752e+006 2.42929e+006 2.01664e+006 1.69604e+006 1.44838e+006 1.2473e+006 1.07641e+006 930599 805705 698307 605617 525367 455704 395115 342352 296378 256321 221440 191096 164733 995187 
1996  1.28294e+007 1.10179e+007 9.45962e+006 8.11921e+006 6.96499e+006 5.96587e+006 5.08045e+006 4.28683e+006 3.56885e+006 2.93948e+006 2.41548e+006 1.99196e+006 1.65557e+006 1.39478e+006 1.19373e+006 1.03067e+006 892013 773549 671847 584126 508145 442093 384509 334205 290211 251722 218060 188649 162987 990624 
1997  1.27909e+007 1.09873e+007 9.43582e+006 8.101e+006 6.95121e+006 5.95539e+006 5.07961e+006 4.28469e+006 3.5647e+006 2.93303e+006 2.40653e+006 1.97873e+006 1.63377e+006 1.36026e+006 1.14857e+006 985613 853487 740986 644653 561701 489891 427435 372902 325145 283242 246439 214116 185748 160886 985177 
1998  1.27502e+007 1.09543e+007 9.40963e+006 8.08061e+006 6.93558e+006 5.94343e+006 5.07014e+006 4.28273e+006 3.56088e+006 2.92723e+006 2.3991e+006 1.96965e+006 1.62151e+006 1.34124e+006 1.11927e+006 947640 815633 708553 617181 538708 470888 411935 360430 315252 275507 240481 209595 182369 158399 978678 
1999  1.27081e+007 1.09195e+007 9.38139e+006 8.05817e+006 6.91809e+006 5.92991e+006 5.05945e+006 4.27361e+006 3.55741e+006 2.92194e+006 2.3924e+006 1.96199e+006 1.61281e+006 1.33019e+006 1.10284e+006 922860 783733 676755 589878 515528 451444 395829 347265 304639 267073 233878 204502 178501 155506 970955 
2000  1.26653e+007 1.08834e+007 9.35156e+006 8.03399e+006 6.89884e+006 5.91481e+006 5.04749e+006 4.26359e+006 3.54818e+006 2.91716e+006 2.38633e+006 1.9551e+006 1.60541e+006 1.32216e+006 1.09305e+006 908773 762823 649967 563158 492531 431873 379374 333606 293452 258039 226688 198866 174149 152197 961848 
2001  1.26225e+007 1.08468e+007 9.32067e+006 8.00844e+006 6.87811e+006 5.89823e+006 5.03424e+006 4.2526e+006 3.53839e+006 2.90787e+006 2.38087e+006 1.94888e+006 1.59877e+006 1.3153e+006 1.08584e+006 900229 750813 632347 540653 470057 412483 362834 319668 281858 248526 218994 192734 169336 148478 951209 
2002  1.25803e+007 1.08101e+007 9.28928e+006 7.98198e+006 6.85621e+006 5.88039e+006 5.01977e+006 4.24063e+006 3.52797e+006 2.89831e+006 2.3719e+006 1.9433e+006 1.59279e+006 1.30915e+006 1.07966e+006 893862 743431 622146 525811 451133 393556 346464 305671 270038 238675 210897 186175 164103 144366 938917 
2003  1.25389e+007 1.07739e+007 9.2579e+006 7.95509e+006 6.83353e+006 5.86156e+006 5.00427e+006 4.22773e+006 3.51687e+006 2.8884e+006 2.36286e+006 1.93498e+006 1.58743e+006 1.30363e+006 1.07412e+006 888396 737886 615811 517166 438627 377621 330497 291829 258177 228639 202518 179278 158510 139898 924882 
2004  1.24987e+007 1.07385e+007 9.22693e+006 7.92822e+006 6.81049e+006 5.84209e+006 4.98796e+006 4.21403e+006 3.50512e+006 2.87809e+006 2.35368e+006 1.92671e+006 1.57992e+006 1.29867e+006 1.06915e+006 883506 733117 611025 511756 431308 367073 317057 278337 246453 218573 193985 172143 152629 135124 909060 
2005  1.24597e+007 1.07041e+007 9.1966e+006 7.90169e+006 6.78747e+006 5.8223e+006 4.97113e+006 4.19971e+006 3.4928e+006 2.86735e+006 2.34426e+006 1.9184e+006 1.57252e+006 1.29202e+006 1.06469e+006 879109 728846 606898 507645 426697 360876 308148 266979 235031 208627 185430 164880 146547 130106 891452 
2006  1.24221e+007 1.06707e+007 9.16708e+006 7.87571e+006 6.76474e+006 5.80254e+006 4.95406e+006 4.18499e+006 3.48005e+006 2.85624e+006 2.33458e+006 1.90998e+006 1.56514e+006 1.28549e+006 1.05886e+006 875156 725003 603199 504095 423180 356952 302897 259442 225414 198939 176979 157598 140357 124917 872116 
2007  1.23859e+007 1.06384e+007 9.13847e+006 7.85043e+006 6.74248e+006 5.78304e+006 4.93702e+006 4.17012e+006 3.46705e+006 2.84488e+006 2.32469e+006 1.90141e+006 1.55772e+006 1.27903e+006 1.05318e+006 870109 721548 599872 500913 420139 353950 299561 254991 219029 190784 168749 150408 134153 119636 851160 
2008  1.23512e+007 1.06075e+007 9.11087e+006 7.82593e+006 6.72082e+006 5.76395e+006 4.92022e+006 4.15532e+006 3.45398e+006 2.83338e+006 2.31465e+006 1.89271e+006 1.55022e+006 1.27256e+006 1.04758e+006 865202 717205 596876 498048 417412 351352 297002 252153 215250 185365 161821 143406 128027 114344 828745 
2009  1.23182e+007 1.05778e+007 9.08434e+006 7.80229e+006 6.69983e+006 5.74537e+006 4.90378e+006 4.14074e+006 3.44101e+006 2.82186e+006 2.30455e+006 1.88393e+006 1.54265e+006 1.26606e+006 1.04199e+006 860372 712989 593154 495464 414953 349020 294784 249972 212836 182153 157215 137512 122063 109120 805078 
2010  1.22867e+007 1.05495e+007 9.05893e+006 7.77956e+006 6.67958e+006 5.72737e+006 4.88779e+006 4.12649e+006 3.42827e+006 2.81049e+006 2.29448e+006 1.87515e+006 1.53505e+006 1.25953e+006 1.03639e+006 855571 708847 589546 492284 412734 346915 292792 248081 210977 180098 154483 133592 117041 104033 780400 

Output quantities finish here

Unused parameters:
annual_cycle.fishery_areas annual_cycle.migrate_from annual_cycle.migrate_to annual_cycle.migration_names annual_cycle.migration_times annual_cycle.n_migrations annual_cycle.recruitment_areas annual_cycle.spawning_all_areas area_names recruitment.p_male recruitment.year_range tag[Tags2005_R1_LL].area tag[Tags2005_R1_LL].sex tag[Tags2006_R1_LL].area tag[Tags2006_R1_LL].sex tag[Tags2007_R1_LL].area tag[Tags2007_R1_LL].sex tag[Tags2008_R1_LL].area tag[Tags2008_R1_LL].sex tag[Tags2009_R1_LL].area tag[Tags2009_R1_LL].sex MCMC.adapt_at MCMC.adaptive_stepsize MCMC.burn_in MCMC.keep MCMC.length MCMC.start MCMC.stepsize profile[1].l profile[1].n profile[1].parameter profile[1].u tag_recapture[Tags2005_R1_R1].area tag_recapture[Tags2006_R1_R1].area tag_recapture[Tags2007_R1_R1].area tag_recapture[Tags2008_R1_R1].area tag_recapture[Tags2009_R1_R1].area n_projections numbers_at[Numbers_at_age_R1].area print.final_state print.initial_state print.requests print.results print.state_annually print.state_every_step print.yields 
