CASAL (C++ algorithmic stock assessment laboratory)
Call: C:/Users/bstacy/Documents/GitHub/lasac/projects/simulations/sim/inc0.1/casal -e -q -f EM 
Date: Mon Oct 14 13:37:55 2019
v2.30-2012-03-21 00:22:59 UTC (rev.4648)  (c) Copyright 2002-2012, NIWA
User name: bstacy
Machine name: DOM-IMA-HVZRNF2 (Microsoft Windows, PID=17068)

Prefix for the input parameter filenames : EM

Random number seed : 20675

Estimation parameters:
Stored as strings: 
  MCMC.adapt_at                 	1e+05 2e+05 3e+05 4e+05
  MCMC.adaptive_stepsize        	True
  MCMC.burn_in                  	500
  MCMC.keep                     	1000
  MCMC.length                   	1500000
  MCMC.start                    	0
  MCMC.stepsize                 	0.01
  ageing_error.c                	0
  ageing_error.type             	normal
  catch_at[LL1_catchA].2000     	0 0 0 0 0.02 0.05 0.03 0.07 0.18 0.08 0.11 0.09 0.07 0.04 0.07 0.06 0.03 0.03 0.01 0 0.01 0.01 0 0 0.02 0.01 0 0 0.01 0
  catch_at[LL1_catchA].2001     	0 0 0 0 0 0.02 0.1 0.13 0.17 0.15 0.11 0.07 0.1 0.06 0.05 0.01 0.01 0 0.01 0 0 0 0.01 0 0 0 0 0 0 0
  catch_at[LL1_catchA].2002     	0 0 0 0.01 0 0 0.05 0.1 0.14 0.1 0.2 0.11 0.07 0.08 0.06 0.02 0 0.01 0 0.02 0 0.03 0 0 0 0 0 0 0 0
  catch_at[LL1_catchA].2003     	0 0 0 0 0.02 0 0.04 0.13 0.12 0.08 0.18 0.11 0.13 0.04 0.03 0.05 0.04 0 0.02 0.01 0 0 0 0 0 0 0 0 0 0
  catch_at[LL1_catchA].2004     	0 0 0 0 0.02 0.03 0.04 0.05 0.12 0.18 0.11 0.08 0.09 0.09 0.04 0.03 0.03 0.04 0.01 0 0 0.02 0 0.01 0 0 0.01 0 0 0
  catch_at[LL1_catchA].2005     	0 0 0 0 0 0.01 0.04 0.09 0.1 0.15 0.12 0.1 0.11 0.07 0.06 0.04 0.02 0.02 0.02 0.01 0.01 0 0.01 0.01 0 0.01 0 0 0 0
  catch_at[LL1_catchA].2006     	0 0 0 0 0.01 0.02 0.09 0.11 0.17 0.11 0.12 0.07 0.09 0.03 0.05 0.02 0.05 0.04 0 0.01 0 0.01 0 0 0 0 0 0 0 0
  catch_at[LL1_catchA].2007     	0 0 0 0 0.02 0 0.06 0.1 0.15 0.21 0.13 0.11 0.04 0 0.06 0.05 0.01 0.03 0.01 0.01 0 0 0 0 0.01 0 0 0 0 0
  catch_at[LL1_catchA].2008     	0 0 0 0 0 0.01 0.03 0.14 0.15 0.19 0.11 0.07 0.07 0.07 0.03 0.02 0.03 0.05 0 0 0.01 0.01 0 0 0 0 0 0 0 0.01
  catch_at[LL1_catchA].2009     	0 0 0 0 0 0 0.04 0.08 0.19 0.11 0.11 0.12 0.1 0.07 0.06 0.05 0.01 0.02 0.01 0 0 0.02 0 0 0 0 0 0 0 0.01
  catch_at[LL1_catchA].2010     	0 0 0 0 0 0.02 0.08 0.13 0.15 0.09 0.14 0.11 0.04 0.05 0.05 0.07 0.02 0 0.03 0 0 0.01 0 0 0 0 0 0 0 0.01
  catch_at[LL1_catchA].N_2000   	100
  catch_at[LL1_catchA].N_2001   	100
  catch_at[LL1_catchA].N_2002   	100
  catch_at[LL1_catchA].N_2003   	100
  catch_at[LL1_catchA].N_2004   	100
  catch_at[LL1_catchA].N_2005   	100
  catch_at[LL1_catchA].N_2006   	100
  catch_at[LL1_catchA].N_2007   	100
  catch_at[LL1_catchA].N_2008   	100
  catch_at[LL1_catchA].N_2009   	100
  catch_at[LL1_catchA].N_2010   	100
  catch_at[LL1_catchA].at_size  	False
  catch_at[LL1_catchA].dist     	multinomial
  catch_at[LL1_catchA].fishery  	LL1
  catch_at[LL1_catchA].max_class	30
  catch_at[LL1_catchA].min_class	1
  catch_at[LL1_catchA].plus_group	True
  catch_at[LL1_catchA].r        	1e-11
  catch_at[LL1_catchA].sexed    	False
  catch_at[LL1_catchA].sum_to_one	True
  catch_at[LL1_catchA].years    	2000 2001 2002 2003 2004 2005 2006 2007 2008 2009 2010
  catch_limit_penalty[1].fishery	LL1
  catch_limit_penalty[1].label  	LL1_Penalty
  catch_limit_penalty[1].log_scale	True
  catch_limit_penalty[1].multiplier	1000
  catch_limit_penalty[2].fishery	LL2
  catch_limit_penalty[2].label  	LL2_Penalty
  catch_limit_penalty[2].log_scale	True
  catch_limit_penalty[2].multiplier	1000
  estimate[1].lower_bound       	5000
  estimate[1].parameter         	initialization.B0
  estimate[1].prior             	uniform
  estimate[1].upper_bound       	5e+05
  estimator                     	Bayes
  fish_tagged_penalty[1].label  	Penalty_Tags2005_R1_LL1
  fish_tagged_penalty[1].multiplier	1
  fish_tagged_penalty[1].tagging_episode	Tags2005_R1_LL1
  fish_tagged_penalty[2].label  	Penalty_Tags2006_R1_LL1
  fish_tagged_penalty[2].multiplier	1
  fish_tagged_penalty[2].tagging_episode	Tags2006_R1_LL1
  fish_tagged_penalty[3].label  	Penalty_Tags2007_R1_LL1
  fish_tagged_penalty[3].multiplier	1
  fish_tagged_penalty[3].tagging_episode	Tags2007_R1_LL1
  fish_tagged_penalty[4].label  	Penalty_Tags2008_R1_LL1
  fish_tagged_penalty[4].multiplier	1
  fish_tagged_penalty[4].tagging_episode	Tags2008_R1_LL1
  fish_tagged_penalty[5].label  	Penalty_Tags2009_R1_LL1
  fish_tagged_penalty[5].multiplier	1
  fish_tagged_penalty[5].tagging_episode	Tags2009_R1_LL1
  grad_tol                      	0.001
  max_evals                     	10000
  max_iters                     	1600
  profile[1].l                  	40000
  profile[1].n                  	11
  profile[1].parameter          	initialization.B0
  profile[1].u                  	130000
  q_method                      	nuisance
  tag_recapture[Tags2005_R1_R1].area	R1
  tag_recapture[Tags2005_R1_R1].class_mins	100 150 200 250 300 350 400 450 500 550 600 650 700 750 800 850 900 950 1000 1050 1100 1150 1200 1250 1300 1350 1400 1450 1500 1550 1600 1650 1700 1750 1800 1850 1900 1950 2000 2050
  tag_recapture[Tags2005_R1_R1].detection_probability	1
  tag_recapture[Tags2005_R1_R1].dispersion	1
  tag_recapture[Tags2005_R1_R1].do_bootstrap	True
  tag_recapture[Tags2005_R1_R1].plus_group	False
  tag_recapture[Tags2005_R1_R1].proportion_mortality	0.5
  tag_recapture[Tags2005_R1_R1].r	1e-11
  tag_recapture[Tags2005_R1_R1].recaptured_2006	0 0 0 0 0 0 0 0 0 1 2 14 24 24 31 23 12 7 13 5 4 3 0 0 0 0 0 0 0 1 0 0 0 0 0 0 0 0 0
  tag_recapture[Tags2005_R1_R1].recaptured_2007	0 0 0 0 0 0 0 0 0 1 1 3 13 24 18 22 17 15 10 5 5 3 0 2 0 0 0 0 0 0 0 0 0 0 0 0 0 0 0
  tag_recapture[Tags2005_R1_R1].recaptured_2008	0 0 0 0 0 0 0 0 0 0 0 1 7 16 21 19 13 20 7 8 1 0 2 0 0 0 0 0 0 0 0 0 0 0 0 0 0 0 0
  tag_recapture[Tags2005_R1_R1].recaptured_2009	0 0 0 0 0 0 0 0 0 0 0 1 2 11 11 21 10 18 6 7 4 1 2 0 0 0 0 0 0 0 0 0 0 0 0 0 0 0 0
  tag_recapture[Tags2005_R1_R1].recaptured_2010	0 0 0 0 0 0 0 0 0 0 0 0 1 3 6 13 10 7 9 5 2 1 1 1 0 1 0 1 0 0 0 0 0 0 0 0 0 0 0
  tag_recapture[Tags2005_R1_R1].sample	size
  tag_recapture[Tags2005_R1_R1].scanned_2006	0 0 0 2 28 320 2302 11502 39770 96806 173902 243624 277690 266092 224820 178122 136978 101584 71958 49292 33518 23134 16316 11662 8346 5944 4222 2988 2086 1406 896 530 286 140 62 24 8 2 0
  tag_recapture[Tags2005_R1_R1].scanned_2007	0 0 0 2 28 344 2442 11568 39724 99366 181960 252416 280488 265182 224010 176300 134278 100438 72920 50898 34514 23278 15942 11162 7944 5686 4062 2880 2006 1350 862 512 278 138 62 24 8 2 0
  tag_recapture[Tags2005_R1_R1].scanned_2008	0 0 0 2 28 344 2602 12332 40170 97884 182308 260086 291620 271378 224512 174626 131756 97934 71728 51120 35200 23658 15864 10828 7580 5410 3886 2772 1934 1300 826 490 266 132 58 24 8 2 0
  tag_recapture[Tags2005_R1_R1].scanned_2009	0 0 0 2 28 338 2596 13080 43468 101422 180382 255904 293398 278302 229716 175798 130724 96182 70174 50456 35360 24054 16060 10754 7362 5182 3714 2662 1866 1256 798 470 254 126 56 22 8 2 0
  tag_recapture[Tags2005_R1_R1].scanned_2010	0 0 0 2 30 342 2546 12914 45438 110634 193100 259840 288924 275666 231594 178066 131090 95240 68874 49434 34952 24134 16262 10830 7284 5028 3564 2550 1794 1212 770 454 246 120 54 22 8 2 0
  tag_recapture[Tags2005_R1_R1].step	1
  tag_recapture[Tags2005_R1_R1].tag_name	Tags2005_R1
  tag_recapture[Tags2005_R1_R1].years	2006 2007 2008 2009 2010
  tag_recapture[Tags2006_R1_R1].area	R1
  tag_recapture[Tags2006_R1_R1].class_mins	100 150 200 250 300 350 400 450 500 550 600 650 700 750 800 850 900 950 1000 1050 1100 1150 1200 1250 1300 1350 1400 1450 1500 1550 1600 1650 1700 1750 1800 1850 1900 1950 2000 2050
  tag_recapture[Tags2006_R1_R1].detection_probability	1
  tag_recapture[Tags2006_R1_R1].dispersion	1
  tag_recapture[Tags2006_R1_R1].do_bootstrap	True
  tag_recapture[Tags2006_R1_R1].plus_group	False
  tag_recapture[Tags2006_R1_R1].proportion_mortality	0.5
  tag_recapture[Tags2006_R1_R1].r	1e-11
  tag_recapture[Tags2006_R1_R1].recaptured_2007	0 0 0 0 0 0 0 0 0 0 8 10 19 18 26 31 20 10 7 2 0 2 1 0 2 0 0 0 0 0 0 0 0 0 0 0 0 0 0
  tag_recapture[Tags2006_R1_R1].recaptured_2008	0 0 0 0 0 0 0 0 0 1 1 7 9 24 18 32 16 6 8 4 3 2 1 0 0 1 0 0 0 0 0 0 0 0 0 0 0 0 0
  tag_recapture[Tags2006_R1_R1].recaptured_2009	0 0 0 0 0 0 0 0 0 0 0 3 8 16 17 20 13 7 7 5 8 1 0 0 0 0 0 0 0 0 0 0 0 0 0 0 0 0 0
  tag_recapture[Tags2006_R1_R1].recaptured_2010	0 0 0 0 0 0 0 0 0 0 0 0 4 6 18 13 17 8 8 9 3 1 1 2 0 0 1 0 0 0 0 0 0 0 0 0 0 0 0
  tag_recapture[Tags2006_R1_R1].sample	size
  tag_recapture[Tags2006_R1_R1].scanned_2007	0 0 0 2 28 344 2442 11568 39724 99366 181960 252416 280488 265182 224010 176300 134278 100438 72920 50898 34514 23278 15942 11162 7944 5686 4062 2880 2006 1350 862 512 278 138 62 24 8 2 0
  tag_recapture[Tags2006_R1_R1].scanned_2008	0 0 0 2 28 344 2602 12332 40170 97884 182308 260086 291620 271378 224512 174626 131756 97934 71728 51120 35200 23658 15864 10828 7580 5410 3886 2772 1934 1300 826 490 266 132 58 24 8 2 0
  tag_recapture[Tags2006_R1_R1].scanned_2009	0 0 0 2 28 338 2596 13080 43468 101422 180382 255904 293398 278302 229716 175798 130724 96182 70174 50456 35360 24054 16060 10754 7362 5182 3714 2662 1866 1256 798 470 254 126 56 22 8 2 0
  tag_recapture[Tags2006_R1_R1].scanned_2010	0 0 0 2 30 342 2546 12914 45438 110634 193100 259840 288924 275666 231594 178066 131090 95240 68874 49434 34952 24134 16262 10830 7284 5028 3564 2550 1794 1212 770 454 246 120 54 22 8 2 0
  tag_recapture[Tags2006_R1_R1].step	1
  tag_recapture[Tags2006_R1_R1].tag_name	Tags2006_R1
  tag_recapture[Tags2006_R1_R1].years	2007 2008 2009 2010
  tag_recapture[Tags2007_R1_R1].area	R1
  tag_recapture[Tags2007_R1_R1].class_mins	100 150 200 250 300 350 400 450 500 550 600 650 700 750 800 850 900 950 1000 1050 1100 1150 1200 1250 1300 1350 1400 1450 1500 1550 1600 1650 1700 1750 1800 1850 1900 1950 2000 2050
  tag_recapture[Tags2007_R1_R1].detection_probability	1
  tag_recapture[Tags2007_R1_R1].dispersion	1
  tag_recapture[Tags2007_R1_R1].do_bootstrap	True
  tag_recapture[Tags2007_R1_R1].plus_group	False
  tag_recapture[Tags2007_R1_R1].proportion_mortality	0.5
  tag_recapture[Tags2007_R1_R1].r	1e-11
  tag_recapture[Tags2007_R1_R1].recaptured_2008	0 0 0 0 0 0 0 0 0 0 4 11 21 24 21 18 9 9 8 7 3 3 0 3 0 0 0 0 0 0 0 0 0 0 0 0 0 0 0
  tag_recapture[Tags2007_R1_R1].recaptured_2009	0 0 0 0 0 0 0 0 0 1 0 8 14 22 27 19 19 9 9 3 1 0 2 0 0 0 0 0 0 0 0 0 0 0 0 0 0 0 0
  tag_recapture[Tags2007_R1_R1].recaptured_2010	0 0 0 0 0 0 0 0 0 0 0 2 11 16 19 21 15 17 6 6 2 6 1 2 0 0 0 0 0 0 0 0 0 0 0 0 0 0 0
  tag_recapture[Tags2007_R1_R1].sample	size
  tag_recapture[Tags2007_R1_R1].scanned_2008	0 0 0 2 28 344 2602 12332 40170 97884 182308 260086 291620 271378 224512 174626 131756 97934 71728 51120 35200 23658 15864 10828 7580 5410 3886 2772 1934 1300 826 490 266 132 58 24 8 2 0
  tag_recapture[Tags2007_R1_R1].scanned_2009	0 0 0 2 28 338 2596 13080 43468 101422 180382 255904 293398 278302 229716 175798 130724 96182 70174 50456 35360 24054 16060 10754 7362 5182 3714 2662 1866 1256 798 470 254 126 56 22 8 2 0
  tag_recapture[Tags2007_R1_R1].scanned_2010	0 0 0 2 30 342 2546 12914 45438 110634 193100 259840 288924 275666 231594 178066 131090 95240 68874 49434 34952 24134 16262 10830 7284 5028 3564 2550 1794 1212 770 454 246 120 54 22 8 2 0
  tag_recapture[Tags2007_R1_R1].step	1
  tag_recapture[Tags2007_R1_R1].tag_name	Tags2007_R1
  tag_recapture[Tags2007_R1_R1].years	2008 2009 2010
  tag_recapture[Tags2008_R1_R1].area	R1
  tag_recapture[Tags2008_R1_R1].class_mins	100 150 200 250 300 350 400 450 500 550 600 650 700 750 800 850 900 950 1000 1050 1100 1150 1200 1250 1300 1350 1400 1450 1500 1550 1600 1650 1700 1750 1800 1850 1900 1950 2000 2050
  tag_recapture[Tags2008_R1_R1].detection_probability	1
  tag_recapture[Tags2008_R1_R1].dispersion	1
  tag_recapture[Tags2008_R1_R1].do_bootstrap	True
  tag_recapture[Tags2008_R1_R1].plus_group	False
  tag_recapture[Tags2008_R1_R1].proportion_mortality	0.5
  tag_recapture[Tags2008_R1_R1].r	1e-11
  tag_recapture[Tags2008_R1_R1].recaptured_2009	0 0 0 0 0 0 0 0 0 4 1 17 27 35 28 21 12 9 7 7 4 1 1 2 0 1 0 0 0 0 0 0 0 0 0 0 0 0 0
  tag_recapture[Tags2008_R1_R1].recaptured_2010	0 0 0 0 0 0 0 0 0 0 4 11 5 17 26 20 16 10 5 4 5 1 1 0 1 1 0 0 0 0 0 0 0 0 0 0 0 0 0
  tag_recapture[Tags2008_R1_R1].sample	size
  tag_recapture[Tags2008_R1_R1].scanned_2009	0 0 0 2 28 338 2596 13080 43468 101422 180382 255904 293398 278302 229716 175798 130724 96182 70174 50456 35360 24054 16060 10754 7362 5182 3714 2662 1866 1256 798 470 254 126 56 22 8 2 0
  tag_recapture[Tags2008_R1_R1].scanned_2010	0 0 0 2 30 342 2546 12914 45438 110634 193100 259840 288924 275666 231594 178066 131090 95240 68874 49434 34952 24134 16262 10830 7284 5028 3564 2550 1794 1212 770 454 246 120 54 22 8 2 0
  tag_recapture[Tags2008_R1_R1].step	1
  tag_recapture[Tags2008_R1_R1].tag_name	Tags2008_R1
  tag_recapture[Tags2008_R1_R1].years	2009 2010
  tag_recapture[Tags2009_R1_R1].area	R1
  tag_recapture[Tags2009_R1_R1].class_mins	100 150 200 250 300 350 400 450 500 550 600 650 700 750 800 850 900 950 1000 1050 1100 1150 1200 1250 1300 1350 1400 1450 1500 1550 1600 1650 1700 1750 1800 1850 1900 1950 2000 2050
  tag_recapture[Tags2009_R1_R1].detection_probability	1
  tag_recapture[Tags2009_R1_R1].dispersion	1
  tag_recapture[Tags2009_R1_R1].do_bootstrap	True
  tag_recapture[Tags2009_R1_R1].plus_group	False
  tag_recapture[Tags2009_R1_R1].proportion_mortality	0.5
  tag_recapture[Tags2009_R1_R1].r	1e-11
  tag_recapture[Tags2009_R1_R1].recaptured_2010	0 0 0 0 0 0 0 0 2 0 8 12 25 31 24 17 18 13 10 3 2 1 2 0 0 0 1 0 0 0 0 0 0 0 0 0 0 0 0
  tag_recapture[Tags2009_R1_R1].sample	size
  tag_recapture[Tags2009_R1_R1].scanned_2010	0 0 0 2 30 342 2546 12914 45438 110634 193100 259840 288924 275666 231594 178066 131090 95240 68874 49434 34952 24134 16262 10830 7284 5028 3564 2550 1794 1212 770 454 246 120 54 22 8 2 0
  tag_recapture[Tags2009_R1_R1].step	1
  tag_recapture[Tags2009_R1_R1].tag_name	Tags2009_R1
  tag_recapture[Tags2009_R1_R1].years	2010
  vector_average_penalty[1].k   	1
  vector_average_penalty[1].label	meanYCS_1
  vector_average_penalty[1].multiplier	100
  vector_average_penalty[1].vector	recruitment.YCS
Stored as DOUBLEs: 
Stored as VECTORs: 
Stored as OGIVEs: 

Population parameters:
Stored as strings: 
  annual_cycle.M_props          	1
  annual_cycle.aging_time       	1
  annual_cycle.baranov          	False
  annual_cycle.fishery_areas    	R1
  annual_cycle.fishery_names    	LL1 LL2
  annual_cycle.fishery_times    	1 1
  annual_cycle.growth_props     	0
  annual_cycle.migrate_from     	R1
  annual_cycle.migrate_to       	R2
  annual_cycle.migration_names  	MoveRec_1_2
  annual_cycle.migration_times  	1
  annual_cycle.n_migrations     	0
  annual_cycle.recruitment_areas	R1
  annual_cycle.recruitment_time 	1
  annual_cycle.spawning_all_areas	1
  annual_cycle.spawning_p       	1
  annual_cycle.spawning_part_mort	0.5
  annual_cycle.spawning_time    	1
  annual_cycle.spawning_use_total_B	False
  annual_cycle.time_steps       	1
  area_names                    	R1
  current                       	2010
  final                         	2045
  first_random_year             	2007
  fishery[LL1].U_max            	0.95
  fishery[LL1].catches          	0 6000 6000 6000 6000 6000 6000 6000 6000 6000 6000 6000 6000 6000 6000 6000 6000 6000 6000 6000 6000
  fishery[LL1].future_constant_catches	200
  fishery[LL1].selectivity      	SelLL
  fishery[LL1].years            	1990 1991 1992 1993 1994 1995 1996 1997 1998 1999 2000 2001 2002 2003 2004 2005 2006 2007 2008 2009 2010
  fishery[LL2].U_max            	0.95
  fishery[LL2].catches          	0 0 0 0 0 0 0 0 0 0 0 0 0 0 0 0 0 0 0 0 0
  fishery[LL2].future_constant_catches	200
  fishery[LL2].selectivity      	SelLL
  fishery[LL2].years            	1990 1991 1992 1993 1994 1995 1996 1997 1998 1999 2000 2001 2002 2003 2004 2005 2006 2007 2008 2009 2010
  initial                       	1990
  initialization.B0             	448262
  mature_partition              	False
  maturity_props.all            	allvalues  0 0 0 0 0 0 0 0 0 0 0 0.1667 0.3333 0.5 0.6667 0.8333 1 1 1 1 1 1 1 1 1 1 1 1 1 1
  max_age                       	30
  min_age                       	1
  n_areas                       	1
  n_stocks                      	1
  n_tags                        	5
  natural_mortality.all         	0.155
  plus_group                    	True
  randomisation_method          	lognormal
  recruitment.SR                	BH
  recruitment.YCS               	1 1 1 1 1 1 1 1 1 1 1 1 1 1 1 1 1 1 1 1 1
  recruitment.YCS_years         	1989 1990 1991 1992 1993 1994 1995 1996 1997 1998 1999 2000 2001 2002 2003 2004 2005 2006 2007 2008 2009
  recruitment.first_free        	1989
  recruitment.last_free         	2006
  recruitment.p_male            	0.5
  recruitment.rho               	0
  recruitment.sigma_r           	0.6
  recruitment.steepness         	0.7
  recruitment.year_range        	1989 2006
  selectivity[SelLL].all        	double_normal 10 2 10
  selectivity_names             	SelLL
  sex_partition                 	False
  size_at_age.Linf              	2870
  size_at_age.by_length         	True
  size_at_age.cv                	0.1
  size_at_age.k                 	0.02056
  size_at_age.t0                	-4.2897
  size_at_age_dist              	normal
  size_at_age_type              	von_Bert
  size_based                    	False
  size_weight.a                 	2.59e-12
  size_weight.b                 	3.2064
  size_weight.verify_size_weight	500 0.5 1.5
  standardise_YCS               	True
  tag[Tags2005_R1_LL1].area     	R1
  tag[Tags2005_R1_LL1].class_mins	100 150 200 250 300 350 400 450 500 550 600 650 700 750 800 850 900 950 1000 1050 1100 1150 1200 1250 1300 1350 1400 1450 1500 1550 1600 1650 1700 1750 1800 1850 1900 1950 2000 2050
  tag[Tags2005_R1_LL1].mature_only	False
  tag[Tags2005_R1_LL1].mortality	0.1
  tag[Tags2005_R1_LL1].number   	2500
  tag[Tags2005_R1_LL1].ogive    	SelLL
  tag[Tags2005_R1_LL1].plus_group	False
  tag[Tags2005_R1_LL1].props_all	0 0 0 0 0 1e-04 8e-04 0.0048 0.0184 0.0472 0.088 0.1245 0.1388 0.1298 0.1103 0.0896 0.0694 0.0511 0.0362 0.0255 0.0183 0.0135 0.01 0.0073 0.0052 0.0037 0.0025 0.0018 0.0012 8e-04 5e-04 3e-04 2e-04 1e-04 0 0 0 0 0
  tag[Tags2005_R1_LL1].release_type	deterministic
  tag[Tags2005_R1_LL1].sex      	both
  tag[Tags2005_R1_LL1].step     	1
  tag[Tags2005_R1_LL1].tag_name 	Tags2005_R1
  tag[Tags2005_R1_LL1].year     	2005
  tag[Tags2006_R1_LL1].area     	R1
  tag[Tags2006_R1_LL1].class_mins	100 150 200 250 300 350 400 450 500 550 600 650 700 750 800 850 900 950 1000 1050 1100 1150 1200 1250 1300 1350 1400 1450 1500 1550 1600 1650 1700 1750 1800 1850 1900 1950 2000 2050
  tag[Tags2006_R1_LL1].mature_only	False
  tag[Tags2006_R1_LL1].mortality	0.1
  tag[Tags2006_R1_LL1].number   	2500
  tag[Tags2006_R1_LL1].ogive    	SelLL
  tag[Tags2006_R1_LL1].plus_group	False
  tag[Tags2006_R1_LL1].props_all	0 0 0 0 0 2e-04 0.0013 0.0058 0.0198 0.0485 0.0873 0.1222 0.1397 0.1351 0.1154 0.0921 0.0705 0.0511 0.0349 0.023 0.0152 0.0104 0.0075 0.0055 0.0041 0.0031 0.0023 0.0017 0.0012 9e-04 6e-04 3e-04 2e-04 1e-04 0 0 0 0 0
  tag[Tags2006_R1_LL1].release_type	deterministic
  tag[Tags2006_R1_LL1].sex      	both
  tag[Tags2006_R1_LL1].step     	1
  tag[Tags2006_R1_LL1].tag_name 	Tags2006_R1
  tag[Tags2006_R1_LL1].year     	2006
  tag[Tags2007_R1_LL1].area     	R1
  tag[Tags2007_R1_LL1].class_mins	100 150 200 250 300 350 400 450 500 550 600 650 700 750 800 850 900 950 1000 1050 1100 1150 1200 1250 1300 1350 1400 1450 1500 1550 1600 1650 1700 1750 1800 1850 1900 1950 2000 2050
  tag[Tags2007_R1_LL1].mature_only	False
  tag[Tags2007_R1_LL1].mortality	0.1
  tag[Tags2007_R1_LL1].number   	2500
  tag[Tags2007_R1_LL1].ogive    	SelLL
  tag[Tags2007_R1_LL1].plus_group	False
  tag[Tags2007_R1_LL1].props_all	0 0 0 0 0 1e-04 0.0011 0.0056 0.0193 0.0485 0.0889 0.124 0.139 0.1322 0.1118 0.0878 0.0669 0.0504 0.0372 0.0265 0.0183 0.0125 0.0087 0.0062 0.0045 0.0032 0.0024 0.0017 0.0012 8e-04 5e-04 3e-04 2e-04 1e-04 0 0 0 0 0
  tag[Tags2007_R1_LL1].release_type	deterministic
  tag[Tags2007_R1_LL1].sex      	both
  tag[Tags2007_R1_LL1].step     	1
  tag[Tags2007_R1_LL1].tag_name 	Tags2007_R1
  tag[Tags2007_R1_LL1].year     	2007
  tag[Tags2008_R1_LL1].area     	R1
  tag[Tags2008_R1_LL1].class_mins	100 150 200 250 300 350 400 450 500 550 600 650 700 750 800 850 900 950 1000 1050 1100 1150 1200 1250 1300 1350 1400 1450 1500 1550 1600 1650 1700 1750 1800 1850 1900 1950 2000 2050
  tag[Tags2008_R1_LL1].mature_only	False
  tag[Tags2008_R1_LL1].mortality	0.1
  tag[Tags2008_R1_LL1].number   	2500
  tag[Tags2008_R1_LL1].ogive    	SelLL
  tag[Tags2008_R1_LL1].plus_group	False
  tag[Tags2008_R1_LL1].props_all	0 0 0 0 0 1e-04 0.0012 0.0062 0.0205 0.0497 0.0924 0.1328 0.1497 0.1384 0.112 0.0842 0.0614 0.0445 0.0322 0.0228 0.0157 0.0106 0.0073 0.0052 0.0038 0.0029 0.0022 0.0016 0.0011 7e-04 4e-04 3e-04 1e-04 1e-04 0 0 0 0 0
  tag[Tags2008_R1_LL1].release_type	deterministic
  tag[Tags2008_R1_LL1].sex      	both
  tag[Tags2008_R1_LL1].step     	1
  tag[Tags2008_R1_LL1].tag_name 	Tags2008_R1
  tag[Tags2008_R1_LL1].year     	2008
  tag[Tags2009_R1_LL1].area     	R1
  tag[Tags2009_R1_LL1].class_mins	100 150 200 250 300 350 400 450 500 550 600 650 700 750 800 850 900 950 1000 1050 1100 1150 1200 1250 1300 1350 1400 1450 1500 1550 1600 1650 1700 1750 1800 1850 1900 1950 2000 2050
  tag[Tags2009_R1_LL1].mature_only	False
  tag[Tags2009_R1_LL1].mortality	0.1
  tag[Tags2009_R1_LL1].number   	2500
  tag[Tags2009_R1_LL1].ogive    	SelLL
  tag[Tags2009_R1_LL1].plus_group	False
  tag[Tags2009_R1_LL1].props_all	0 0 0 0 0 1e-04 0.0012 0.0063 0.0213 0.0502 0.0897 0.1266 0.1435 0.135 0.1117 0.0864 0.065 0.0482 0.0352 0.0253 0.0178 0.0122 0.0082 0.0055 0.0037 0.0025 0.0017 0.0011 7e-04 4e-04 3e-04 1e-04 1e-04 0 0 0 0 0 0
  tag[Tags2009_R1_LL1].release_type	deterministic
  tag[Tags2009_R1_LL1].sex      	both
  tag[Tags2009_R1_LL1].step     	1
  tag[Tags2009_R1_LL1].tag_name 	Tags2009_R1
  tag[Tags2009_R1_LL1].year     	2009
  tag_growth_loss[Tags2005_R1].nogrowth_period	0
  tag_growth_loss[Tags2006_R1].nogrowth_period	0
  tag_growth_loss[Tags2007_R1].nogrowth_period	0
  tag_growth_loss[Tags2008_R1].nogrowth_period	0
  tag_growth_loss[Tags2009_R1].nogrowth_period	0
  tag_loss_props                	1
  tag_names                     	Tags2005_R1 Tags2006_R1 Tags2007_R1 Tags2008_R1 Tags2009_R1
  tag_shedding_rate             	0.0084 0.0084 0.0084 0.0084 0.0084
  y_enter                       	1
Stored as DOUBLEs: 
Stored as VECTORs: 
Stored as OGIVEs: 

Output parameters:
Stored as strings: 
  n_projections                 	100
  numbers_at[Numbers_at_age_R1].area	R1
  numbers_at[Numbers_at_age_R1].proportion_mortality	0.5
  numbers_at[Numbers_at_age_R1].step	1
  numbers_at[Numbers_at_age_R1].years	1990 1991 1992 1993 1994 1995 1996 1997 1998 1999 2000 2001 2002 2003 2004 2005 2006 2007 2008 2009 2010
  print.covariance              	true
  print.estimation_section      	true
  print.final_state             	false
  print.fits                    	true
  print.fits_every_eval         	false
  print.initial_state           	false
  print.normalised_resids       	true
  print.objective_every_eval    	false
  print.parameter_vector_every_eval	false
  print.parameters              	true
  print.parameters_every_eval   	false
  print.pearson_resids          	true
  print.requests                	false
  print.resids                  	true
  print.results                 	false
  print.state_annually          	false
  print.state_every_step        	false
  print.unused_parameters       	true
  print.yields                  	true
  quantities.B0                 	true
  quantities.R0                 	true
  quantities.SSBs               	true
  quantities.YCS                	true
  quantities.actual_catches     	false
  quantities.all_free_parameters	true
  quantities.fishing_pressures  	true
  quantities.nuisance_qs        	true
  quantities.recruitments       	true
  quantities.true_YCS           	true
Stored as DOUBLEs: 
Stored as VECTORs: 
Stored as OGIVEs: 

A fish of size 500 cm has a weight of 1.16755 kg in your model. This size-weight scale check assumes that the growth curve is in centimetres, and that the catch is in tonnes.

A fish of size 500 cm has a weight of 1.16755 kg in your model. This size-weight scale check assumes that the growth curve is in centimetres, and that the catch is in tonnes.

Estimation section :

Objective function: Bayes

Minimiser convergence threshold: 0.001


Observations:

The observations are:
LL1_catchA
Tags2005_R1_R1
Tags2006_R1_R1
Tags2007_R1_R1
Tags2008_R1_R1
Tags2009_R1_R1
Fits follow:

LL1_catchA :
catch proportions-at-age for fishery LL1  with ageing error (constrained to sum to 1):
obs (last class is a plus group):
class 1       2       3       4       5       6       7       8       9       10      11      12      13      14      15      16      17      18      19      20      21      22      23      24      25      26      27      28      29      30      
2000 0       0       0       0       0.02    0.05    0.03    0.07    0.18    0.08    0.11    0.09    0.07    0.04    0.07    0.06    0.03    0.03    0.01    0       0.01    0.01    0       0       0.02    0.01    0       0       0.01    0       
2001 0       0       0       0       0       0.02    0.1     0.13    0.17    0.15    0.11    0.07    0.1     0.06    0.05    0.01    0.01    0       0.01    0       0       0       0.01    0       0       0       0       0       0       0       
2002 0       0       0       0.01    0       0       0.05    0.1     0.14    0.1     0.2     0.11    0.07    0.08    0.06    0.02    0       0.01    0       0.02    0       0.03    0       0       0       0       0       0       0       0       
2003 0       0       0       0       0.02    0       0.04    0.13    0.12    0.08    0.18    0.11    0.13    0.04    0.03    0.05    0.04    0       0.02    0.01    0       0       0       0       0       0       0       0       0       0       
2004 0       0       0       0       0.02    0.03    0.04    0.05    0.12    0.18    0.11    0.08    0.09    0.09    0.04    0.03    0.03    0.04    0.01    0       0       0.02    0       0.01    0       0       0.01    0       0       0       
2005 0       0       0       0       0       0.01    0.04    0.09    0.1     0.15    0.12    0.1     0.11    0.07    0.06    0.04    0.02    0.02    0.02    0.01    0.01    0       0.01    0.01    0       0.01    0       0       0       0       
2006 0       0       0       0       0.01    0.02    0.09    0.11    0.17    0.11    0.12    0.07    0.09    0.03    0.05    0.02    0.05    0.04    0       0.01    0       0.01    0       0       0       0       0       0       0       0       
2007 0       0       0       0       0.02    0       0.06    0.1     0.15    0.21    0.13    0.11    0.04    0       0.06    0.05    0.01    0.03    0.01    0.01    0       0       0       0       0.01    0       0       0       0       0       
2008 0       0       0       0       0       0.01    0.03    0.14    0.15    0.19    0.11    0.07    0.07    0.07    0.03    0.02    0.03    0.05    0       0       0.01    0.01    0       0       0       0       0       0       0       0.01    
2009 0       0       0       0       0       0       0.04    0.08    0.19    0.11    0.11    0.12    0.1     0.07    0.06    0.05    0.01    0.02    0.01    0       0       0.02    0       0       0       0       0       0       0       0.01    
2010 0       0       0       0       0       0.02    0.08    0.13    0.15    0.09    0.14    0.11    0.04    0.05    0.05    0.07    0.02    0       0.03    0       0       0.01    0       0       0       0       0       0       0       0.01    
objective function: multinomial likelihood, with delta = 1e-011, N =
100 100 100 100 100 100 100 100 100 100 100 100 100 100 100 100 100 100 100 100 100 100 100 100 100 100 100 100 100 100 
100 100 100 100 100 100 100 100 100 100 100 100 100 100 100 100 100 100 100 100 100 100 100 100 100 100 100 100 100 100 
100 100 100 100 100 100 100 100 100 100 100 100 100 100 100 100 100 100 100 100 100 100 100 100 100 100 100 100 100 100 
100 100 100 100 100 100 100 100 100 100 100 100 100 100 100 100 100 100 100 100 100 100 100 100 100 100 100 100 100 100 
100 100 100 100 100 100 100 100 100 100 100 100 100 100 100 100 100 100 100 100 100 100 100 100 100 100 100 100 100 100 
100 100 100 100 100 100 100 100 100 100 100 100 100 100 100 100 100 100 100 100 100 100 100 100 100 100 100 100 100 100 
100 100 100 100 100 100 100 100 100 100 100 100 100 100 100 100 100 100 100 100 100 100 100 100 100 100 100 100 100 100 
100 100 100 100 100 100 100 100 100 100 100 100 100 100 100 100 100 100 100 100 100 100 100 100 100 100 100 100 100 100 
100 100 100 100 100 100 100 100 100 100 100 100 100 100 100 100 100 100 100 100 100 100 100 100 100 100 100 100 100 100 
100 100 100 100 100 100 100 100 100 100 100 100 100 100 100 100 100 100 100 100 100 100 100 100 100 100 100 100 100 100 
100 100 100 100 100 100 100 100 100 100 100 100 100 100 100 100 100 100 100 100 100 100 100 100 100 100 100 100 100 100 

Tags2005_R1_R1 :
tag-recapture data for tag Tags2005_R1 in years 2006 2007 2008 2009 2010 , step 1, after proportion 0.5 of mortality, with sampling method size, detection probability 1.
Year 2006
class scanned recaptured
100 0 0
150 0 0
200 0 0
250 2 0
300 28 0
350 320 0
400 2302 0
450 11502 0
500 39770 0
550 96806 1
600 173902 2
650 243624 14
700 277690 24
750 266092 24
800 224820 31
850 178122 23
900 136978 12
950 101584 7
1000 71958 13
1050 49292 5
1100 33518 4
1150 23134 3
1200 16316 0
1250 11662 0
1300 8346 0
1350 5944 0
1400 4222 0
1450 2988 0
1500 2086 0
1550 1406 1
1600 896 0
1650 530 0
1700 286 0
1750 140 0
1800 62 0
1850 24 0
1900 8 0
1950 2 0
2000 0 0


Year 2007
class scanned recaptured
100 0 0
150 0 0
200 0 0
250 2 0
300 28 0
350 344 0
400 2442 0
450 11568 0
500 39724 0
550 99366 1
600 181960 1
650 252416 3
700 280488 13
750 265182 24
800 224010 18
850 176300 22
900 134278 17
950 100438 15
1000 72920 10
1050 50898 5
1100 34514 5
1150 23278 3
1200 15942 0
1250 11162 2
1300 7944 0
1350 5686 0
1400 4062 0
1450 2880 0
1500 2006 0
1550 1350 0
1600 862 0
1650 512 0
1700 278 0
1750 138 0
1800 62 0
1850 24 0
1900 8 0
1950 2 0
2000 0 0


Year 2008
class scanned recaptured
100 0 0
150 0 0
200 0 0
250 2 0
300 28 0
350 344 0
400 2602 0
450 12332 0
500 40170 0
550 97884 0
600 182308 0
650 260086 1
700 291620 7
750 271378 16
800 224512 21
850 174626 19
900 131756 13
950 97934 20
1000 71728 7
1050 51120 8
1100 35200 1
1150 23658 0
1200 15864 2
1250 10828 0
1300 7580 0
1350 5410 0
1400 3886 0
1450 2772 0
1500 1934 0
1550 1300 0
1600 826 0
1650 490 0
1700 266 0
1750 132 0
1800 58 0
1850 24 0
1900 8 0
1950 2 0
2000 0 0


Year 2009
class scanned recaptured
100 0 0
150 0 0
200 0 0
250 2 0
300 28 0
350 338 0
400 2596 0
450 13080 0
500 43468 0
550 101422 0
600 180382 0
650 255904 1
700 293398 2
750 278302 11
800 229716 11
850 175798 21
900 130724 10
950 96182 18
1000 70174 6
1050 50456 7
1100 35360 4
1150 24054 1
1200 16060 2
1250 10754 0
1300 7362 0
1350 5182 0
1400 3714 0
1450 2662 0
1500 1866 0
1550 1256 0
1600 798 0
1650 470 0
1700 254 0
1750 126 0
1800 56 0
1850 22 0
1900 8 0
1950 2 0
2000 0 0


Year 2010
class scanned recaptured
100 0 0
150 0 0
200 0 0
250 2 0
300 30 0
350 342 0
400 2546 0
450 12914 0
500 45438 0
550 110634 0
600 193100 0
650 259840 0
700 288924 1
750 275666 3
800 231594 6
850 178066 13
900 131090 10
950 95240 7
1000 68874 9
1050 49434 5
1100 34952 2
1150 24134 1
1200 16262 1
1250 10830 1
1300 7284 0
1350 5028 1
1400 3564 0
1450 2550 1
1500 1794 0
1550 1212 0
1600 770 0
1650 454 0
1700 246 0
1750 120 0
1800 54 0
1850 22 0
1900 8 0
1950 2 0
2000 0 0


Tags2006_R1_R1 :
tag-recapture data for tag Tags2006_R1 in years 2007 2008 2009 2010 , step 1, after proportion 0.5 of mortality, with sampling method size, detection probability 1.
Year 2007
class scanned recaptured
100 0 0
150 0 0
200 0 0
250 2 0
300 28 0
350 344 0
400 2442 0
450 11568 0
500 39724 0
550 99366 0
600 181960 8
650 252416 10
700 280488 19
750 265182 18
800 224010 26
850 176300 31
900 134278 20
950 100438 10
1000 72920 7
1050 50898 2
1100 34514 0
1150 23278 2
1200 15942 1
1250 11162 0
1300 7944 2
1350 5686 0
1400 4062 0
1450 2880 0
1500 2006 0
1550 1350 0
1600 862 0
1650 512 0
1700 278 0
1750 138 0
1800 62 0
1850 24 0
1900 8 0
1950 2 0
2000 0 0


Year 2008
class scanned recaptured
100 0 0
150 0 0
200 0 0
250 2 0
300 28 0
350 344 0
400 2602 0
450 12332 0
500 40170 0
550 97884 1
600 182308 1
650 260086 7
700 291620 9
750 271378 24
800 224512 18
850 174626 32
900 131756 16
950 97934 6
1000 71728 8
1050 51120 4
1100 35200 3
1150 23658 2
1200 15864 1
1250 10828 0
1300 7580 0
1350 5410 1
1400 3886 0
1450 2772 0
1500 1934 0
1550 1300 0
1600 826 0
1650 490 0
1700 266 0
1750 132 0
1800 58 0
1850 24 0
1900 8 0
1950 2 0
2000 0 0


Year 2009
class scanned recaptured
100 0 0
150 0 0
200 0 0
250 2 0
300 28 0
350 338 0
400 2596 0
450 13080 0
500 43468 0
550 101422 0
600 180382 0
650 255904 3
700 293398 8
750 278302 16
800 229716 17
850 175798 20
900 130724 13
950 96182 7
1000 70174 7
1050 50456 5
1100 35360 8
1150 24054 1
1200 16060 0
1250 10754 0
1300 7362 0
1350 5182 0
1400 3714 0
1450 2662 0
1500 1866 0
1550 1256 0
1600 798 0
1650 470 0
1700 254 0
1750 126 0
1800 56 0
1850 22 0
1900 8 0
1950 2 0
2000 0 0


Year 2010
class scanned recaptured
100 0 0
150 0 0
200 0 0
250 2 0
300 30 0
350 342 0
400 2546 0
450 12914 0
500 45438 0
550 110634 0
600 193100 0
650 259840 0
700 288924 4
750 275666 6
800 231594 18
850 178066 13
900 131090 17
950 95240 8
1000 68874 8
1050 49434 9
1100 34952 3
1150 24134 1
1200 16262 1
1250 10830 2
1300 7284 0
1350 5028 0
1400 3564 1
1450 2550 0
1500 1794 0
1550 1212 0
1600 770 0
1650 454 0
1700 246 0
1750 120 0
1800 54 0
1850 22 0
1900 8 0
1950 2 0
2000 0 0


Tags2007_R1_R1 :
tag-recapture data for tag Tags2007_R1 in years 2008 2009 2010 , step 1, after proportion 0.5 of mortality, with sampling method size, detection probability 1.
Year 2008
class scanned recaptured
100 0 0
150 0 0
200 0 0
250 2 0
300 28 0
350 344 0
400 2602 0
450 12332 0
500 40170 0
550 97884 0
600 182308 4
650 260086 11
700 291620 21
750 271378 24
800 224512 21
850 174626 18
900 131756 9
950 97934 9
1000 71728 8
1050 51120 7
1100 35200 3
1150 23658 3
1200 15864 0
1250 10828 3
1300 7580 0
1350 5410 0
1400 3886 0
1450 2772 0
1500 1934 0
1550 1300 0
1600 826 0
1650 490 0
1700 266 0
1750 132 0
1800 58 0
1850 24 0
1900 8 0
1950 2 0
2000 0 0


Year 2009
class scanned recaptured
100 0 0
150 0 0
200 0 0
250 2 0
300 28 0
350 338 0
400 2596 0
450 13080 0
500 43468 0
550 101422 1
600 180382 0
650 255904 8
700 293398 14
750 278302 22
800 229716 27
850 175798 19
900 130724 19
950 96182 9
1000 70174 9
1050 50456 3
1100 35360 1
1150 24054 0
1200 16060 2
1250 10754 0
1300 7362 0
1350 5182 0
1400 3714 0
1450 2662 0
1500 1866 0
1550 1256 0
1600 798 0
1650 470 0
1700 254 0
1750 126 0
1800 56 0
1850 22 0
1900 8 0
1950 2 0
2000 0 0


Year 2010
class scanned recaptured
100 0 0
150 0 0
200 0 0
250 2 0
300 30 0
350 342 0
400 2546 0
450 12914 0
500 45438 0
550 110634 0
600 193100 0
650 259840 2
700 288924 11
750 275666 16
800 231594 19
850 178066 21
900 131090 15
950 95240 17
1000 68874 6
1050 49434 6
1100 34952 2
1150 24134 6
1200 16262 1
1250 10830 2
1300 7284 0
1350 5028 0
1400 3564 0
1450 2550 0
1500 1794 0
1550 1212 0
1600 770 0
1650 454 0
1700 246 0
1750 120 0
1800 54 0
1850 22 0
1900 8 0
1950 2 0
2000 0 0


Tags2008_R1_R1 :
tag-recapture data for tag Tags2008_R1 in years 2009 2010 , step 1, after proportion 0.5 of mortality, with sampling method size, detection probability 1.
Year 2009
class scanned recaptured
100 0 0
150 0 0
200 0 0
250 2 0
300 28 0
350 338 0
400 2596 0
450 13080 0
500 43468 0
550 101422 4
600 180382 1
650 255904 17
700 293398 27
750 278302 35
800 229716 28
850 175798 21
900 130724 12
950 96182 9
1000 70174 7
1050 50456 7
1100 35360 4
1150 24054 1
1200 16060 1
1250 10754 2
1300 7362 0
1350 5182 1
1400 3714 0
1450 2662 0
1500 1866 0
1550 1256 0
1600 798 0
1650 470 0
1700 254 0
1750 126 0
1800 56 0
1850 22 0
1900 8 0
1950 2 0
2000 0 0


Year 2010
class scanned recaptured
100 0 0
150 0 0
200 0 0
250 2 0
300 30 0
350 342 0
400 2546 0
450 12914 0
500 45438 0
550 110634 0
600 193100 4
650 259840 11
700 288924 5
750 275666 17
800 231594 26
850 178066 20
900 131090 16
950 95240 10
1000 68874 5
1050 49434 4
1100 34952 5
1150 24134 1
1200 16262 1
1250 10830 0
1300 7284 1
1350 5028 1
1400 3564 0
1450 2550 0
1500 1794 0
1550 1212 0
1600 770 0
1650 454 0
1700 246 0
1750 120 0
1800 54 0
1850 22 0
1900 8 0
1950 2 0
2000 0 0


Tags2009_R1_R1 :
tag-recapture data for tag Tags2009_R1 in years 2010 , step 1, after proportion 0.5 of mortality, with sampling method size, detection probability 1.
Year 2010
class scanned recaptured
100 0 0
150 0 0
200 0 0
250 2 0
300 30 0
350 342 0
400 2546 0
450 12914 0
500 45438 2
550 110634 0
600 193100 8
650 259840 12
700 288924 25
750 275666 31
800 231594 24
850 178066 17
900 131090 18
950 95240 13
1000 68874 10
1050 49434 3
1100 34952 2
1150 24134 1
1200 16262 2
1250 10830 0
1300 7284 0
1350 5028 0
1400 3564 1
1450 2550 0
1500 1794 0
1550 1212 0
1600 770 0
1650 454 0
1700 246 0
1750 120 0
1800 54 0
1850 22 0
1900 8 0
1950 2 0
2000 0 0



Ageing_error:
  Misclassification matrix:
1 0 0 0 0 0 0 0 0 0 0 0 0 0 0 0 0 0 0 0 0 0 0 0 0 0 0 0 0 0 
0 1 0 0 0 0 0 0 0 0 0 0 0 0 0 0 0 0 0 0 0 0 0 0 0 0 0 0 0 0 
0 0 1 0 0 0 0 0 0 0 0 0 0 0 0 0 0 0 0 0 0 0 0 0 0 0 0 0 0 0 
0 0 0 1 0 0 0 0 0 0 0 0 0 0 0 0 0 0 0 0 0 0 0 0 0 0 0 0 0 0 
0 0 0 0 1 0 0 0 0 0 0 0 0 0 0 0 0 0 0 0 0 0 0 0 0 0 0 0 0 0 
0 0 0 0 0 1 0 0 0 0 0 0 0 0 0 0 0 0 0 0 0 0 0 0 0 0 0 0 0 0 
0 0 0 0 0 0 1 0 0 0 0 0 0 0 0 0 0 0 0 0 0 0 0 0 0 0 0 0 0 0 
0 0 0 0 0 0 0 1 0 0 0 0 0 0 0 0 0 0 0 0 0 0 0 0 0 0 0 0 0 0 
0 0 0 0 0 0 0 0 1 0 0 0 0 0 0 0 0 0 0 0 0 0 0 0 0 0 0 0 0 0 
0 0 0 0 0 0 0 0 0 1 0 0 0 0 0 0 0 0 0 0 0 0 0 0 0 0 0 0 0 0 
0 0 0 0 0 0 0 0 0 0 1 0 0 0 0 0 0 0 0 0 0 0 0 0 0 0 0 0 0 0 
0 0 0 0 0 0 0 0 0 0 0 1 0 0 0 0 0 0 0 0 0 0 0 0 0 0 0 0 0 0 
0 0 0 0 0 0 0 0 0 0 0 0 1 0 0 0 0 0 0 0 0 0 0 0 0 0 0 0 0 0 
0 0 0 0 0 0 0 0 0 0 0 0 0 1 0 0 0 0 0 0 0 0 0 0 0 0 0 0 0 0 
0 0 0 0 0 0 0 0 0 0 0 0 0 0 1 0 0 0 0 0 0 0 0 0 0 0 0 0 0 0 
0 0 0 0 0 0 0 0 0 0 0 0 0 0 0 1 0 0 0 0 0 0 0 0 0 0 0 0 0 0 
0 0 0 0 0 0 0 0 0 0 0 0 0 0 0 0 1 0 0 0 0 0 0 0 0 0 0 0 0 0 
0 0 0 0 0 0 0 0 0 0 0 0 0 0 0 0 0 1 0 0 0 0 0 0 0 0 0 0 0 0 
0 0 0 0 0 0 0 0 0 0 0 0 0 0 0 0 0 0 1 0 0 0 0 0 0 0 0 0 0 0 
0 0 0 0 0 0 0 0 0 0 0 0 0 0 0 0 0 0 0 1 0 0 0 0 0 0 0 0 0 0 
0 0 0 0 0 0 0 0 0 0 0 0 0 0 0 0 0 0 0 0 1 0 0 0 0 0 0 0 0 0 
0 0 0 0 0 0 0 0 0 0 0 0 0 0 0 0 0 0 0 0 0 1 0 0 0 0 0 0 0 0 
0 0 0 0 0 0 0 0 0 0 0 0 0 0 0 0 0 0 0 0 0 0 1 0 0 0 0 0 0 0 
0 0 0 0 0 0 0 0 0 0 0 0 0 0 0 0 0 0 0 0 0 0 0 1 0 0 0 0 0 0 
0 0 0 0 0 0 0 0 0 0 0 0 0 0 0 0 0 0 0 0 0 0 0 0 1 0 0 0 0 0 
0 0 0 0 0 0 0 0 0 0 0 0 0 0 0 0 0 0 0 0 0 0 0 0 0 1 0 0 0 0 
0 0 0 0 0 0 0 0 0 0 0 0 0 0 0 0 0 0 0 0 0 0 0 0 0 0 1 0 0 0 
0 0 0 0 0 0 0 0 0 0 0 0 0 0 0 0 0 0 0 0 0 0 0 0 0 0 0 1 0 0 
0 0 0 0 0 0 0 0 0 0 0 0 0 0 0 0 0 0 0 0 0 0 0 0 0 0 0 0 1 0 
0 0 0 0 0 0 0 0 0 0 0 0 0 0 0 0 0 0 0 0 0 0 0 0 0 0 0 0 0 1 

Free parameters:

initialization.B0
uniform: bounds from 5000 to 500000
current value: 448262
lower bound: 5000
upper bound: 500000


Q's:
qs are nuisance parameters

Penalties:
LL1_Penalty :
Catch limit penalty of 1000 x the sum of squares of (log(actual catch) - log(specified catch)) for fishery LL1 to disencourage breaking exploitation rate limits
LL2_Penalty :
Catch limit penalty of 1000 x the sum of squares of (log(actual catch) - log(specified catch)) for fishery LL2 to disencourage breaking exploitation rate limits
meanYCS_1 :
Vector average penalty of 100 x square of (mean(recruitment.YCS) - 1) 
Penalty_Tags2005_R1_LL1 :
'Fish-must-be-tagged' penalty of 1 x square of (actual number of tagged fish - nominal number of tagged fish) for tagging episode Tags2005_R1_LL1
Penalty_Tags2006_R1_LL1 :
'Fish-must-be-tagged' penalty of 1 x square of (actual number of tagged fish - nominal number of tagged fish) for tagging episode Tags2006_R1_LL1
Penalty_Tags2007_R1_LL1 :
'Fish-must-be-tagged' penalty of 1 x square of (actual number of tagged fish - nominal number of tagged fish) for tagging episode Tags2007_R1_LL1
Penalty_Tags2008_R1_LL1 :
'Fish-must-be-tagged' penalty of 1 x square of (actual number of tagged fish - nominal number of tagged fish) for tagging episode Tags2008_R1_LL1
Penalty_Tags2009_R1_LL1 :
'Fish-must-be-tagged' penalty of 1 x square of (actual number of tagged fish - nominal number of tagged fish) for tagging episode Tags2009_R1_LL1

Components of the objective function are:
  LL1_catchA
  Tags2005_R1_R1
  Tags2006_R1_R1
  Tags2007_R1_R1
  Tags2008_R1_R1
  Tags2009_R1_R1
  prior_on_initialization.B0
  LL1_Penalty
  LL2_Penalty
  meanYCS_1
  Penalty_Tags2005_R1_LL1
  Penalty_Tags2006_R1_LL1
  Penalty_Tags2007_R1_LL1
  Penalty_Tags2008_R1_LL1
  Penalty_Tags2009_R1_LL1

Random number seed : 20675


Minimiser achieved convergence after 7 quasi-Newton iterations using 10 objective function evaluations



Approximate Covariance matrix (Inverse Hessian of parameters at point estimate):
1.23461e+007 

Correlation matrix:
1 

List of parameter names, in the same order as the rows & cols of the covariance/correlation matrices:
initialization.B0 



Start extracting output from here

Point estimate:
initialization.B0
current value: 192164
lower bound: 5000
upper bound: 500000


In a format suitable for -i :

initialization.B0 
192164 

Objective function : 905.942

Components :
LL1_catchA                                         396.747
Tags2005_R1_R1                                     159.634
Tags2006_R1_R1                                     133.822
Tags2007_R1_R1                                     99.6821
Tags2008_R1_R1                                     76.9026
Tags2009_R1_R1                                     39.1539
prior_on_initialization.B0                         0
LL1_Penalty                                        0
LL2_Penalty                                        0
meanYCS_1                                          0
Penalty_Tags2005_R1_LL1                            8.27181e-025
Penalty_Tags2006_R1_LL1                            2.06795e-025
Penalty_Tags2007_R1_LL1                            2.06795e-025
Penalty_Tags2008_R1_LL1                            0
Penalty_Tags2009_R1_LL1                            2.06795e-025

Fits : 

The observations are:
LL1_catchA
Tags2005_R1_R1
Tags2006_R1_R1
Tags2007_R1_R1
Tags2008_R1_R1
Tags2009_R1_R1
Fits follow:

LL1_catchA :
catch proportions-at-age for fishery LL1  with ageing error (constrained to sum to 1):
obs (last class is a plus group):
class 1       2       3       4       5       6       7       8       9       10      11      12      13      14      15      16      17      18      19      20      21      22      23      24      25      26      27      28      29      30      
2000 0       0       0       0       0.02    0.05    0.03    0.07    0.18    0.08    0.11    0.09    0.07    0.04    0.07    0.06    0.03    0.03    0.01    0       0.01    0.01    0       0       0.02    0.01    0       0       0.01    0       
2001 0       0       0       0       0       0.02    0.1     0.13    0.17    0.15    0.11    0.07    0.1     0.06    0.05    0.01    0.01    0       0.01    0       0       0       0.01    0       0       0       0       0       0       0       
2002 0       0       0       0.01    0       0       0.05    0.1     0.14    0.1     0.2     0.11    0.07    0.08    0.06    0.02    0       0.01    0       0.02    0       0.03    0       0       0       0       0       0       0       0       
2003 0       0       0       0       0.02    0       0.04    0.13    0.12    0.08    0.18    0.11    0.13    0.04    0.03    0.05    0.04    0       0.02    0.01    0       0       0       0       0       0       0       0       0       0       
2004 0       0       0       0       0.02    0.03    0.04    0.05    0.12    0.18    0.11    0.08    0.09    0.09    0.04    0.03    0.03    0.04    0.01    0       0       0.02    0       0.01    0       0       0.01    0       0       0       
2005 0       0       0       0       0       0.01    0.04    0.09    0.1     0.15    0.12    0.1     0.11    0.07    0.06    0.04    0.02    0.02    0.02    0.01    0.01    0       0.01    0.01    0       0.01    0       0       0       0       
2006 0       0       0       0       0.01    0.02    0.09    0.11    0.17    0.11    0.12    0.07    0.09    0.03    0.05    0.02    0.05    0.04    0       0.01    0       0.01    0       0       0       0       0       0       0       0       
2007 0       0       0       0       0.02    0       0.06    0.1     0.15    0.21    0.13    0.11    0.04    0       0.06    0.05    0.01    0.03    0.01    0.01    0       0       0       0       0.01    0       0       0       0       0       
2008 0       0       0       0       0       0.01    0.03    0.14    0.15    0.19    0.11    0.07    0.07    0.07    0.03    0.02    0.03    0.05    0       0       0.01    0.01    0       0       0       0       0       0       0       0.01    
2009 0       0       0       0       0       0       0.04    0.08    0.19    0.11    0.11    0.12    0.1     0.07    0.06    0.05    0.01    0.02    0.01    0       0       0.02    0       0       0       0       0       0       0       0.01    
2010 0       0       0       0       0       0.02    0.08    0.13    0.15    0.09    0.14    0.11    0.04    0.05    0.05    0.07    0.02    0       0.03    0       0       0.01    0       0       0       0       0       0       0       0.01    
fits (last class is a plus group):
class 1       2       3       4       5       6       7       8       9       10      11      12      13      14      15      16      17      18      19      20      21      22      23      24      25      26      27      28      29      30      
2000 4.89945e-007 8.0105e-006 9.26039e-005 0.000756879 0.00437317 0.0178537 0.0514091 0.103931 0.14654 0.143627 0.116646 0.0935462 0.0741345 0.0580991 0.0450686 0.0346696 0.0265534 0.020359 0.0156551 0.0119845 0.00907218 0.00678597 0.00501184 0.0036522 0.00262418 0.00185808 0.00129586 0.000889838 0.000601469 0.0029  
2001 4.91382e-007 8.03407e-006 9.28822e-005 0.000759248 0.00438763 0.0179166 0.0516015 0.104333 0.147094 0.144245 0.117144 0.09386 0.0743108 0.0581747 0.0450622 0.034566 0.0263035 0.0199336 0.0151246 0.0115097 0.00871928 0.00653079 0.0048325 0.00352983 0.00254323 0.00180622 0.00126374 0.00087065 0.000590437 0.00288594 
2002 4.92556e-007 8.05299e-006 9.31017e-005 0.00076109 0.00439881 0.0179654 0.0517516 0.104651 0.147534 0.144633 0.117507 0.0941481 0.0744725 0.0582458 0.0450701 0.0345234 0.0261974 0.0197261 0.0147943 0.0111094 0.00836648 0.00627151 0.00464708 0.00340093 0.00245622 0.00174927 0.00122764 0.000848515 0.000577336 0.00286487 
2003 4.93559e-007 8.0689e-006 9.32826e-005 0.000762575 0.00440767 0.0180036 0.0518694 0.1049  0.147882 0.14494 0.11771 0.09435 0.0746307 0.0583186 0.0450846 0.0344995 0.0261432 0.0196308 0.0146292 0.010859 0.00807007 0.00601389 0.00445987 0.00326855 0.00236523 0.00168855 0.00118834 0.000823876 0.000562395 0.00283694 
2004 4.94463e-007 8.08303e-006 9.34403e-005 0.000763838 0.00441501 0.0180346 0.0519635 0.105098 0.148157 0.14518 0.117868 0.0944399 0.0747338 0.0583989 0.0451084 0.0344866 0.0261078 0.019578 0.0145499 0.0107318 0.007884 0.00579798 0.0042747 0.00313553 0.00227224 0.00162537 0.00114666 0.000797222 0.000545882 0.0028023 
2005 4.9532e-007 8.09628e-006 9.35859e-005 0.000764982 0.00442147 0.0180611 0.0520416 0.10526 0.148376 0.145369 0.117989 0.0945072 0.0747585 0.0584441 0.045144 0.0344854 0.0260842 0.0195416 0.0145039 0.010669 0.0077885 0.00566216 0.00411979 0.00300436 0.00217911 0.00156103 0.00110347 0.000769074 0.000528096 0.00276116 
2006 4.9617e-007 8.10935e-006 9.37283e-005 0.000766084 0.00442756 0.0180853 0.0521105 0.105396 0.148556 0.145516 0.118079 0.0945538 0.0747724 0.0584336 0.0451568 0.0344966 0.0260718 0.0195159 0.0144714 0.0106315 0.00774039 0.00559193 0.0040222 0.00289478 0.00208749 0.00149674 0.00105959 0.000739977 0.000509369 0.00271385 
2007 4.97033e-007 8.12255e-006 9.38712e-005 0.000767181 0.00443354 0.0181085 0.0521745 0.105519 0.148709 0.145635 0.118144 0.0945823 0.0747755 0.0584189 0.0451297 0.0344925 0.0260704 0.0194998 0.0144477 0.0106045 0.00771111 0.00555602 0.00397143 0.00282565 0.00201099 0.00143358 0.0010158 0.000710455 0.000490035 0.00266072 
2008 4.97922e-007 8.13612e-006 9.40176e-005 0.000768298 0.00443959 0.0181316 0.0522369 0.105634 0.148846 0.145732 0.118191 0.0945954 0.0747677 0.0583983 0.0451013 0.0344594 0.0260586 0.0194926 0.0144316 0.0105844 0.00768973 0.00553381 0.00394517 0.0027895 0.00196266 0.00138085 0.000972814 0.000681017 0.000470436 0.00260227 
2009 4.98844e-007 8.15019e-006 9.41691e-005 0.000769451 0.00444578 0.0181552 0.0522995 0.105747 0.148976 0.145818 0.118224 0.0945963 0.0747497 0.0583707 0.0450695 0.0344263 0.0260254 0.0194781 0.0144225 0.01057 0.00767342 0.00551738 0.00392871 0.00277062 0.00193728 0.00134749 0.000936925 0.000652129 0.000450901 0.00253913 
2010 4.99798e-007 8.16478e-006 9.43262e-005 0.000770644 0.00445218 0.0181794 0.0523633 0.10586 0.149103 0.145898 0.11825 0.0945878 0.0747231 0.058336 0.0450328 0.0343909 0.0259925 0.0194479 0.014408 0.0105608 0.00766138 0.00550462 0.00391636 0.00275863 0.00192389 0.0013299 0.000914191 0.000628008 0.000431735 0.00247202 
resids (last class is a plus group):
class 1       2       3       4       5       6       7       8       9       10      11      12      13      14      15      16      17      18      19      20      21      22      23      24      25      26      27      28      29      30      
2000 -4.89945e-007 -8.0105e-006 -9.26039e-005 -0.000756879 0.0156268 0.0321463 -0.0214091 -0.033931 0.0334604 -0.0636274 -0.00664648 -0.00354615 -0.00413447 -0.0180991 0.0249314 0.0253304 0.00344661 0.00964097 -0.0056551 -0.0119845 0.000927824 0.00321403 -0.00501184 -0.0036522 0.0173758 0.00814192 -0.00129586 -0.000889838 0.00939853 -0.0029 
2001 -4.91382e-007 -8.03407e-006 -9.28822e-005 -0.000759248 -0.00438763 0.00208339 0.0483985 0.0256666 0.0229061 0.00575502 -0.00714364 -0.02386 0.0256892 0.00182533 0.00493783 -0.024566 -0.0163035 -0.0199336 -0.00512464 -0.0115097 -0.00871928 -0.00653079 0.0051675 -0.00352983 -0.00254323 -0.00180622 -0.00126374 -0.00087065 -0.000590437 -0.00288594 
2002 -4.92556e-007 -8.05299e-006 -9.31017e-005 0.00923891 -0.00439881 -0.0179654 -0.00175163 -0.0046505 -0.00753403 -0.0446328 0.0824928 0.0158519 -0.00447254 0.0217542 0.0149299 -0.0145234 -0.0261974 -0.0097261 -0.0147943 0.00889056 -0.00836648 0.0237285 -0.00464708 -0.00340093 -0.00245622 -0.00174927 -0.00122764 -0.000848515 -0.000577336 -0.00286487 
2003 -4.93559e-007 -8.0689e-006 -9.32826e-005 -0.000762575 0.0155923 -0.0180036 -0.0118694 0.0250999 -0.0278819 -0.0649395 0.06229 0.01565 0.0553693 -0.0183186 -0.0150846 0.0155005 0.0138568 -0.0196308 0.00537078 -0.000858993 -0.00807007 -0.00601389 -0.00445987 -0.00326855 -0.00236523 -0.00168855 -0.00118834 -0.000823876 -0.000562395 -0.00283694 
2004 -4.94463e-007 -8.08303e-006 -9.34403e-005 -0.000763838 0.015585 0.0119654 -0.0119635 -0.0550984 -0.0281569 0.0348195 -0.00786817 -0.0144399 0.0152662 0.0316011 -0.00510838 -0.00448661 0.0038922 0.020422 -0.00454992 -0.0107318 -0.007884 0.014202 -0.0042747 0.00686447 -0.00227224 -0.00162537 0.00885334 -0.000797222 -0.000545882 -0.0028023 
2005 -4.9532e-007 -8.09628e-006 -9.35859e-005 -0.000764982 -0.00442147 -0.00806105 -0.0120416 -0.0152595 -0.0483765 0.00463115 0.0020108 0.00549285 0.0352415 0.0115559 0.014856 0.00551456 -0.00608417 0.000458409 0.0054961 -0.000668974 0.0022115 -0.00566216 0.00588021 0.00699564 -0.00217911 0.00843897 -0.00110347 -0.000769074 -0.000528096 -0.00276116 
2006 -4.9617e-007 -8.10935e-006 -9.37283e-005 -0.000766084 0.00557244 0.00191474 0.0378895 0.00460356 0.0214437 -0.0355164 0.00192098 -0.0245538 0.0152276 -0.0284336 0.00484319 -0.0144966 0.0239282 0.0204841 -0.0144714 -0.000631485 -0.00774039 0.00440807 -0.0040222 -0.00289478 -0.00208749 -0.00149674 -0.00105959 -0.000739977 -0.000509369 -0.00271385 
2007 -4.97033e-007 -8.12255e-006 -9.38712e-005 -0.000767181 0.0155665 -0.0181085 0.00782547 -0.00551856 0.00129075 0.0643655 0.0118557 0.0154177 -0.0347755 -0.0584189 0.0148703 0.0155075 -0.0160704 0.0105002 -0.00444771 -0.000604541 -0.00771111 -0.00555602 -0.00397143 -0.00282565 0.00798901 -0.00143358 -0.0010158 -0.000710455 -0.000490035 -0.00266072 
2008 -4.97922e-007 -8.13612e-006 -9.40176e-005 -0.000768298 -0.00443959 -0.00813165 -0.0222369 0.0343664 0.00115377 0.0442677 -0.00819107 -0.0245954 -0.0047677 0.0116017 -0.0151013 -0.0144594 0.00394143 0.0305074 -0.0144316 -0.0105844 0.00231027 0.00446619 -0.00394517 -0.0027895 -0.00196266 -0.00138085 -0.000972814 -0.000681017 -0.000470436 0.00739773 
2009 -4.98844e-007 -8.15019e-006 -9.41691e-005 -0.000769451 -0.00444578 -0.0181552 -0.0122995 -0.0257466 0.0410243 -0.0358178 -0.00822444 0.0254037 0.0252503 0.0116293 0.0149305 0.0155737 -0.0160254 0.000521866 -0.0044225 -0.01057 -0.00767342 0.0144826 -0.00392871 -0.00277062 -0.00193728 -0.00134749 -0.000936925 -0.000652129 -0.000450901 0.00746087 
2010 -4.99798e-007 -8.16478e-006 -9.43262e-005 -0.000770644 -0.00445218 0.00182063 0.0276367 0.0241397 0.000896662 -0.0558978 0.0217504 0.0154122 -0.0347231 -0.00833598 0.00496719 0.0356091 -0.00599247 -0.0194479 0.015592 -0.0105608 -0.00766138 0.00449538 -0.00391636 -0.00275863 -0.00192389 -0.0013299 -0.000914191 -0.000628008 -0.000431735 0.00752798 
pearson_resids (last class is a plus group):
class 1       2       3       4       5       6       7       8       9       10      11      12      13      14      15      16      17      18      19      20      21      22      23      24      25      26      27      28      29      30      
2000 -0.00699961 -0.0283029 -0.0962354 -0.275219 2.36823 2.42761 -0.969481 -1.11187 0.946153 -1.81424 -0.207056 -0.121779 -0.15781 -0.773694 1.20177 1.38461 0.214376 0.682667 -0.455553 -1.10136 0.0978564 0.391491 -0.709724 -0.605441 3.3964  1.89059 -0.360214 -0.298434 3.8334  -0.539299 
2001 -0.00700987 -0.0283445 -0.0963799 -0.275649 -0.66385 0.157061 2.18779 0.83962 0.646701 0.163803 -0.222134 -0.818149 0.979473 0.077981 0.238036 -1.34477 -1.01874 -1.42615 -0.419885 -1.07906 -0.937869 -0.810785 0.745155 -0.595175 -0.504947 -0.425381 -0.355716 -0.295196 -0.243061 -0.537986 
2002 -0.00701823 -0.0283779 -0.0964937 3.35018 -0.664699 -1.35255 -0.0790715 -0.151926 -0.212443 -1.26895 2.5617  0.542808 -0.170358 0.928842 0.71966 -0.7955 -1.64019 -0.69943 -1.22542 0.848221 -0.918535 3.00573 -0.683284 -0.584169 -0.496213 -0.418609 -0.350592 -0.291416 -0.240348 -0.536013 
2003 -0.00702538 -0.0284059 -0.0965874 -0.276253 2.35378 -1.35402 -0.535228 0.819121 -0.785444 -1.84466 1.93288 0.53538 2.10695 -0.781694 -0.727005 0.849307 0.868429 -1.41506 0.447328 -0.0828831 -0.901982 -0.777835 -0.669317 -0.572649 -0.486913 -0.411266 -0.344927 -0.287151 -0.237215 -0.533386 
2004 -0.00703181 -0.0284308 -0.096669 -0.276482 2.35073 0.899136 -0.539011 -1.79661 -0.792583 0.988398 -0.244011 -0.493775 0.580551 1.34762 -0.246137 -0.245875 0.244093 1.47404 -0.379976 -1.04155 -0.89144 1.87057 -0.655214 1.22782 -0.477223 -0.403487 2.616   -0.282464 -0.233705 -0.530111 
2005 -0.0070379 -0.0284541 -0.0967443 -0.276689 -0.666416 -0.60531 -0.542145 -0.497236 -1.36091 0.131391 0.062332 0.187769 1.33998 0.492616 0.715537 0.302213 -0.381727 0.0331176 0.459711 -0.0651144 0.251569 -0.754613 0.91802 1.27822 -0.467319 2.13758 -0.332369 -0.277429 -0.229864 -0.526195 
2006 -0.00704394 -0.028477 -0.0968179 -0.276888 0.839317 0.143684 1.70482 0.149922 0.602943 -1.00721 0.0595279 -0.839165 0.578943 -1.2122 0.23324 -0.794329 1.50162 1.48082 -1.21177 -0.0615725 -0.88322 0.591134 -0.635488 -0.538812 -0.457368 -0.387167 -0.325686 -0.272126 -0.225749 -0.521655 
2007 -0.00705006 -0.0285002 -0.0968917 -0.277087 2.34304 -1.35803 0.351898 -0.179629 0.0362773 1.82473 0.367301 0.526855 -1.32212 -2.49085 0.716337 0.849769 -1.00853 0.759381 -0.372732 -0.0590194 -0.881535 -0.747467 -0.631448 -0.532321 1.78331 -0.378898 -0.318879 -0.266638 -0.221422 -0.516509 
2008 -0.00705636 -0.028524 -0.0969672 -0.277288 -0.667786 -0.609443 -0.999392 1.11809 0.032415 1.25462 -0.253724 -0.840424 -0.18127 0.494752 -0.727679 -0.792706 0.247407 2.2067  -1.21008 -1.03429 0.264474 0.602046 -0.629349 -0.528895 -0.443454 -0.371854 -0.312051 -0.261052 -0.216946 1.45207 
2009 -0.00706289 -0.0285487 -0.0970453 -0.277497 -0.668254 -1.35981 -0.552465 -0.837253 1.15216 -1.01489 -0.254726 0.868038 0.960133 0.496038 0.719694 0.854192 -1.00655 0.0377621 -0.370939 -1.03358 -0.879361 1.95516 -0.628029 -0.527097 -0.440572 -0.367329 -0.306236 -0.255452 -0.212392 1.48251 
2010 -0.00706964 -0.0285742 -0.0971263 -0.277712 -0.668737 0.136275 1.24066 0.784626 0.0251737 -1.58349 0.67359 0.526651 -1.32055 -0.355664 0.239525 1.95407 -0.376618 -1.40832 1.30843 -1.03313 -0.878665 0.607578 -0.627038 -0.525952 -0.439045 -0.364921 -0.302494 -0.25068 -0.207827 1.51597 
objective function: multinomial likelihood, with delta = 1e-011, N =
100 100 100 100 100 100 100 100 100 100 100 100 100 100 100 100 100 100 100 100 100 100 100 100 100 100 100 100 100 100 
100 100 100 100 100 100 100 100 100 100 100 100 100 100 100 100 100 100 100 100 100 100 100 100 100 100 100 100 100 100 
100 100 100 100 100 100 100 100 100 100 100 100 100 100 100 100 100 100 100 100 100 100 100 100 100 100 100 100 100 100 
100 100 100 100 100 100 100 100 100 100 100 100 100 100 100 100 100 100 100 100 100 100 100 100 100 100 100 100 100 100 
100 100 100 100 100 100 100 100 100 100 100 100 100 100 100 100 100 100 100 100 100 100 100 100 100 100 100 100 100 100 
100 100 100 100 100 100 100 100 100 100 100 100 100 100 100 100 100 100 100 100 100 100 100 100 100 100 100 100 100 100 
100 100 100 100 100 100 100 100 100 100 100 100 100 100 100 100 100 100 100 100 100 100 100 100 100 100 100 100 100 100 
100 100 100 100 100 100 100 100 100 100 100 100 100 100 100 100 100 100 100 100 100 100 100 100 100 100 100 100 100 100 
100 100 100 100 100 100 100 100 100 100 100 100 100 100 100 100 100 100 100 100 100 100 100 100 100 100 100 100 100 100 
100 100 100 100 100 100 100 100 100 100 100 100 100 100 100 100 100 100 100 100 100 100 100 100 100 100 100 100 100 100 
100 100 100 100 100 100 100 100 100 100 100 100 100 100 100 100 100 100 100 100 100 100 100 100 100 100 100 100 100 100 

Tags2005_R1_R1 :
tag-recapture data for tag Tags2005_R1 in years 2006 2007 2008 2009 2010 , step 1, after proportion 0.5 of mortality, with sampling method size, detection probability 1.
Year 2006
class scanned recaptured expected_prop neg_log_likelihood
100 0 0 0 0
150 0 0 1.40285e-012 0
200 0 0 8.24759e-012 0
250 2 0 5.75996e-011 1.15199e-010
300 28 0 7.736e-010 2.16608e-008
350 320 0 9.72108e-009 3.11075e-006
400 2302 0 9.08092e-008 0.000209043
450 11502 0 6.12137e-007 0.0070408
500 39770 0 2.91676e-006 0.116
550 96806 1 9.95998e-006 1.00065
600 173902 2 2.52023e-005 2.12055
650 243624 14 4.91775e-005 2.40572
700 277690 24 7.70332e-005 2.66437
750 266092 24 0.000100867 2.66725
800 224820 31 0.000115351 3.10417
850 178122 23 0.000120353 2.54586
900 136978 12 0.000118627 2.77993
950 101584 7 0.000112787 2.91215
1000 71958 13 0.000104398 3.84957
1050 49292 5 9.43511e-005 1.75305
1100 33518 4 8.32405e-005 1.86383
1150 23134 3 7.15316e-005 1.93548
1200 16316 0 5.97225e-005 0.974462
1250 11662 0 4.85237e-005 0.565898
1300 8346 0 3.86844e-005 0.322867
1350 5944 0 3.06931e-005 0.182442
1400 4222 0 2.47364e-005 0.104438
1450 2988 0 2.05507e-005 0.061406
1500 2086 0 1.76905e-005 0.0369027
1550 1406 1 1.57669e-005 3.83125
1600 896 0 1.44378e-005 0.0129364
1650 530 0 1.3537e-005 0.00717466
1700 286 0 1.29439e-005 0.00370199
1750 140 0 1.25625e-005 0.00175877
1800 62 0 1.23209e-005 0.0007639
1850 24 0 1.21685e-005 0.000292045
1900 8 0 1.20691e-005 9.65531e-005
1950 2 0 1.19927e-005 2.39855e-005
2000 0 0 1.19079e-005 0

total neg_log_likelihood: 37.8322


Year 2007
class scanned recaptured expected_prop neg_log_likelihood
100 0 0 0 0
150 0 0 4.69409e-015 0
200 0 0 4.70764e-013 0
250 2 0 6.95799e-012 1.3916e-011
300 28 0 1.42643e-010 3.99399e-009
350 344 0 1.98704e-009 6.83542e-007
400 2442 0 1.91813e-008 4.68408e-005
450 11568 0 1.47676e-007 0.00170832
500 39724 0 8.56699e-007 0.0340315
550 99366 1 3.62121e-006 1.38196
600 181960 1 1.13116e-005 1.3364
650 252416 3 2.69186e-005 2.83805
700 280488 13 5.05108e-005 2.2573
750 265182 24 7.72903e-005 2.7952
800 224010 18 9.99225e-005 2.82914
850 176300 22 0.000113605 2.56219
900 134278 17 0.000118191 2.37966
950 100438 15 0.000116151 2.71508
1000 72920 10 0.000109978 2.30509
1050 50898 5 0.000101209 1.7425
1100 34514 5 9.06978e-005 2.2121
1150 23278 3 7.90313e-005 1.80262
1200 15942 0 6.68107e-005 1.06513
1250 11162 2 5.48587e-005 2.28644
1300 7944 0 4.40748e-005 0.350138
1350 5686 0 3.51086e-005 0.199631
1400 4062 0 2.82928e-005 0.114927
1450 2880 0 2.3425e-005 0.0674647
1500 2006 0 2.00488e-005 0.0402182
1550 1350 0 1.77478e-005 0.0239597
1600 862 0 1.61323e-005 0.0139062
1650 512 0 1.50186e-005 0.00768959
1700 278 0 1.42737e-005 0.0039681
1750 138 0 1.37879e-005 0.00190275
1800 62 0 1.34769e-005 0.000835576
1850 24 0 1.32796e-005 0.000318713
1900 8 0 1.31516e-005 0.000105214
1950 2 0 1.30568e-005 2.61139e-005
2000 0 0 1.29573e-005 0

total neg_log_likelihood: 33.3697


Year 2008
class scanned recaptured expected_prop neg_log_likelihood
100 0 0 0 0
150 0 0 0 0
200 0 0 1.35453e-014 0
250 2 0 6.3808e-013 1.27609e-012
300 28 0 2.4412e-011 6.83537e-010
350 344 0 4.61839e-010 1.58873e-007
400 2602 0 4.58141e-009 1.19208e-005
450 12332 0 3.52938e-008 0.000435243
500 40170 0 2.3254e-007 0.00934114
550 97884 0 1.17467e-006 0.114982
600 182308 0 4.45681e-006 0.812513
650 260086 1 1.28575e-005 2.13688
700 291620 7 2.89331e-005 2.03384
750 271378 16 5.22506e-005 2.42256
800 224512 21 7.79471e-005 2.77389
850 174626 19 9.92563e-005 2.47323
900 131756 13 0.000111965 2.31622
950 97934 20 0.000115956 5.09695
1000 71728 7 0.000113478 1.98753
1050 51120 8 0.000106845 2.48411
1100 35200 1 9.75108e-005 2.1992
1150 23658 0 8.63122e-005 2.04206
1200 15864 2 7.39859e-005 1.54648
1250 10828 0 6.14841e-005 0.66577
1300 7580 0 4.9873e-005 0.378047
1350 5410 0 3.99832e-005 0.216314
1400 3886 0 3.23166e-005 0.125584
1450 2772 0 2.67556e-005 0.0741675
1500 1934 0 2.28474e-005 0.0441875
1550 1300 0 2.01554e-005 0.0262023
1600 826 0 1.82434e-005 0.0150692
1650 490 0 1.69103e-005 0.0082861
1700 266 0 1.60093e-005 0.0042585
1750 132 0 1.54167e-005 0.00203502
1800 58 0 1.50349e-005 0.000872032
1850 24 0 1.47918e-005 0.000355006
1900 8 0 1.46345e-005 0.000117077
1950 2 0 1.45199e-005 2.904e-005
2000 0 0 1.44046e-005 0

total neg_log_likelihood: 32.0115


Year 2009
class scanned recaptured expected_prop neg_log_likelihood
100 0 0 0 0
150 0 0 0 0
200 0 0 4.58511e-017 0
250 2 0 3.90659e-014 7.81597e-014
300 28 0 3.29337e-012 9.22142e-011
350 338 0 1.04399e-010 3.52869e-008
400 2596 0 1.31764e-009 3.42059e-006
450 13080 0 9.12133e-009 0.000119307
500 43468 0 6.22222e-008 0.00270468
550 101422 0 3.54957e-007 0.0360005
600 180382 0 1.58801e-006 0.286448
650 255904 1 5.47457e-006 1.0638
700 293398 2 1.46853e-005 2.08054
750 278302 11 3.13023e-005 2.40271
800 229716 11 5.43364e-005 2.21712
850 175798 21 7.88765e-005 4.02782
900 130724 10 9.8778e-005 2.43498
950 96182 18 0.00011036 4.49006
1000 70174 6 0.000113594 2.09546
1050 50456 7 0.000110507 2.07187
1100 35360 4 0.0001032 1.64917
1150 24054 1 9.30383e-005 1.4324
1200 16060 2 8.10188e-005 1.46775
1250 10754 0 6.8256e-005 0.73405
1300 7362 0 5.59989e-005 0.412275
1350 5182 0 4.52801e-005 0.234647
1400 3714 0 3.67977e-005 0.136669
1450 2662 0 3.05468e-005 0.0813169
1500 1866 0 2.6097e-005 0.0486976
1550 1256 0 2.30015e-005 0.0288902
1600 798 0 2.0782e-005 0.0165842
1650 470 0 1.92212e-005 0.00903407
1700 254 0 1.81589e-005 0.00461241
1750 126 0 1.74563e-005 0.00219951
1800 56 0 1.70017e-005 0.000952102
1850 22 0 1.67116e-005 0.000367659
1900 8 0 1.65243e-005 0.000132195
1950 2 0 1.63891e-005 3.27784e-005
2000 0 0 1.62556e-005 0

total neg_log_likelihood: 29.4694


Year 2010
class scanned recaptured expected_prop neg_log_likelihood
100 0 0 0 0
150 0 0 0 0
200 0 0 0 0
250 2 0 1.1647e-015 2.22045e-015
300 30 0 3.17377e-013 9.52238e-012
350 342 0 1.96137e-011 6.70787e-009
400 2546 0 4.25595e-010 1.08357e-006
450 12914 0 2.71551e-009 3.50681e-005
500 45438 0 1.76064e-008 0.000799999
550 110634 0 1.05279e-007 0.0116474
600 193100 0 5.30546e-007 0.102448
650 259840 0 2.13182e-006 0.553933
700 288924 1 6.73112e-006 1.27963
750 275666 3 1.68345e-005 1.82786
800 231594 6 3.39869e-005 2.07117
850 178066 13 5.66572e-005 2.59244
900 131090 10 7.99834e-005 2.08992
950 95240 7 9.83893e-005 2.23271
1000 68874 9 0.00010871 2.17021
1050 49434 5 0.000110995 1.76253
1100 34952 2 0.000107047 1.79569
1150 24134 1 9.87559e-005 1.51488
1200 16262 1 8.76017e-005 1.07068
1250 10830 1 7.49706e-005 1.02023
1300 7284 0 6.23294e-005 0.454021
1350 5028 1 5.09347e-005 1.61824
1400 3564 0 4.17084e-005 0.148652
1450 2550 1 3.47921e-005 2.51096
1500 1794 0 2.98018e-005 0.0534653
1550 1212 0 2.62953e-005 0.0318704
1600 770 0 2.37585e-005 0.0182943
1650 454 0 2.19615e-005 0.00997062
1700 246 0 2.07313e-005 0.00509996
1750 120 0 1.99142e-005 0.00238973
1800 54 0 1.9384e-005 0.00104675
1850 22 0 1.90453e-005 0.000419001
1900 8 0 1.8827e-005 0.000150617
1950 2 0 1.86705e-005 3.73414e-005
2000 0 0 1.85175e-005 0

total neg_log_likelihood: 26.9514


Tags2006_R1_R1 :
tag-recapture data for tag Tags2006_R1 in years 2007 2008 2009 2010 , step 1, after proportion 0.5 of mortality, with sampling method size, detection probability 1.
Year 2007
class scanned recaptured expected_prop neg_log_likelihood
100 0 0 0 0
150 0 0 2.71662e-012 0
200 0 0 1.22748e-011 0
250 2 0 7.08959e-011 1.41792e-010
300 28 0 9.19402e-010 2.57433e-008
350 344 0 1.14777e-008 3.94832e-006
400 2442 0 1.03051e-007 0.00025165
450 11568 0 6.64047e-007 0.0076817
500 39724 0 3.0628e-006 0.121667
550 99366 0 1.02583e-005 1.01934
600 181960 8 2.57049e-005 2.94017
650 252416 10 4.99829e-005 2.37085
700 280488 19 7.83236e-005 2.60583
750 265182 18 0.000102781 4.15652
800 224010 26 0.000117752 2.55385
850 176300 31 0.000122747 4.42138
900 134278 20 0.000120311 2.84597
950 100438 10 0.000113095 2.16327
1000 72920 7 0.000102904 1.92105
1050 50898 2 9.09907e-005 2.25879
1100 34514 0 7.83192e-005 2.70322
1150 23278 2 6.5658e-005 1.37307
1200 15942 1 5.36367e-005 1.01161
1250 11162 0 4.28837e-005 0.478678
1300 7944 2 3.38996e-005 3.58638
1350 5686 0 2.68927e-005 0.152914
1400 4062 0 2.18306e-005 0.0886767
1450 2880 0 1.83554e-005 0.0528641
1500 2006 0 1.60212e-005 0.0321387
1550 1350 0 1.44697e-005 0.0195343
1600 862 0 1.34048e-005 0.0115551
1650 512 0 1.26847e-005 0.00649461
1700 278 0 1.22105e-005 0.00339453
1750 138 0 1.1905e-005 0.00164289
1800 62 0 1.1711e-005 0.000726085
1850 24 0 1.15883e-005 0.00027812
1900 8 0 1.15083e-005 9.20669e-005
1950 2 0 1.14479e-005 2.28959e-005
2000 0 0 1.13827e-005 0

total neg_log_likelihood: 38.9099


Year 2008
class scanned recaptured expected_prop neg_log_likelihood
100 0 0 0 0
150 0 0 9.39202e-015 0
200 0 0 8.11862e-013 0
250 2 0 8.94855e-012 1.7897e-011
300 28 0 1.6381e-010 4.58667e-009
350 344 0 2.26921e-009 7.80607e-007
400 2602 0 2.18361e-008 5.68174e-005
450 12332 0 1.63174e-007 0.00201227
500 40170 0 9.1534e-007 0.0367692
550 97884 1 3.77497e-006 1.36509
600 182308 1 1.16174e-005 1.3675
650 260086 7 2.74388e-005 1.90509
700 291620 9 5.13551e-005 3.4199
750 271378 24 7.86235e-005 2.67111
800 224512 18 0.000101831 2.92694
850 174626 32 0.000115901 5.55351
900 131756 16 0.000120364 2.31101
950 97934 6 0.00011752 3.42969
1000 71728 8 0.000109928 1.96985
1050 51120 4 9.93913e-005 1.75697
1100 35200 3 8.71329e-005 1.49662
1150 23658 2 7.41102e-005 1.32341
1200 15864 1 6.11837e-005 1.00041
1250 10828 0 4.92317e-005 0.533094
1300 7580 0 3.89936e-005 0.295577
1350 5410 1 3.08539e-005 1.95713
1400 3886 0 2.4887e-005 0.0967122
1450 2772 0 2.07463e-005 0.0575094
1500 1934 0 1.79388e-005 0.0346939
1550 1300 0 1.60581e-005 0.0208756
1600 826 0 1.47539e-005 0.0121868
1650 490 0 1.38616e-005 0.00679221
1700 266 0 1.32669e-005 0.00352902
1750 132 0 1.28796e-005 0.00170012
1800 58 0 1.26316e-005 0.000732638
1850 24 0 1.24739e-005 0.000299375
1900 8 0 1.23712e-005 9.89699e-005
1950 2 0 1.22952e-005 2.45906e-005
2000 0 0 1.22177e-005 0

total neg_log_likelihood: 35.5569


Year 2009
class scanned recaptured expected_prop neg_log_likelihood
100 0 0 0 0
150 0 0 0 0
200 0 0 2.62136e-014 0
250 2 0 9.27175e-013 1.85429e-012
300 28 0 2.85077e-011 7.98217e-010
350 338 0 5.11182e-010 1.72779e-007
400 2596 0 5.10361e-009 1.3249e-005
450 13080 0 3.91922e-008 0.000512634
500 43468 0 2.51957e-007 0.0109521
550 101422 0 1.2406e-006 0.125824
600 180382 0 4.61923e-006 0.833228
650 255904 3 1.31749e-005 1.51718
700 293398 8 2.94788e-005 1.99404
750 278302 16 5.31413e-005 2.35867
800 229716 17 7.93241e-005 2.38234
850 175798 20 0.00010115 2.55383
900 130724 13 0.000114139 2.33708
950 96182 7 0.000117884 2.86624
1000 70174 7 0.000114508 1.97354
1050 50456 5 0.000106427 1.7533
1100 35360 8 9.5385e-005 4.25163
1150 24054 1 8.25995e-005 1.3003
1200 16060 0 6.91547e-005 1.11066
1250 10754 0 5.61924e-005 0.60431
1300 7362 0 4.47394e-005 0.329379
1350 5182 0 3.54213e-005 0.183556
1400 3714 0 2.84746e-005 0.105756
1450 2662 0 2.35975e-005 0.0628173
1500 1866 0 2.0262e-005 0.0378093
1550 1256 0 1.80142e-005 0.022626
1600 798 0 1.64459e-005 0.0131239
1650 470 0 1.53662e-005 0.00722215
1700 254 0 1.46424e-005 0.00371919
1750 126 0 1.41685e-005 0.00178525
1800 56 0 1.38638e-005 0.000776376
1850 22 0 1.36694e-005 0.000300728
1900 8 0 1.35428e-005 0.000108343
1950 2 0 1.34499e-005 2.69e-005
2000 0 0 1.33571e-005 0

total neg_log_likelihood: 28.7427


Year 2010
class scanned recaptured expected_prop neg_log_likelihood
100 0 0 0 0
150 0 0 0 0
200 0 0 9.17169e-017 0
250 2 0 6.70101e-014 1.34115e-013
300 30 0 4.13353e-012 1.24007e-010
350 342 0 1.15352e-010 3.94503e-008
400 2546 0 1.42453e-009 3.62686e-006
450 12914 0 1.00179e-008 0.000129371
500 45438 0 6.77614e-008 0.00307894
550 110634 0 3.78873e-007 0.0419163
600 193100 0 1.66186e-006 0.320905
650 259840 0 5.64783e-006 1.46754
700 288924 4 1.50204e-005 1.64653
750 275666 6 3.18826e-005 2.32723
800 231594 18 5.5279e-005 3.30452
850 178066 13 8.02925e-005 2.26852
900 131090 17 0.000100643 2.84333
950 95240 8 0.000112388 2.34362
1000 68874 8 0.000115252 1.96926
1050 49434 9 0.000111181 2.9616
1100 34952 3 0.000102417 1.54558
1150 24134 1 9.0644e-005 1.4048
1200 16262 1 7.72367e-005 1.02804
1250 10830 2 6.36044e-005 2.12748
1300 7284 0 5.10875e-005 0.372131
1350 5028 0 4.06096e-005 0.204189
1400 3564 1 3.26354e-005 2.26776
1450 2550 0 2.69568e-005 0.0687407
1500 1794 0 2.30343e-005 0.041324
1550 1212 0 2.03736e-005 0.0246931
1600 770 0 1.85081e-005 0.0142514
1650 454 0 1.72186e-005 0.00781731
1700 246 0 1.63514e-005 0.00402248
1750 120 0 1.57823e-005 0.00189389
1800 54 0 1.54155e-005 0.000832441
1850 22 0 1.51812e-005 0.000333989
1900 8 0 1.50287e-005 0.00012023
1950 2 0 1.49169e-005 2.9834e-005
2000 0 0 1.48059e-005 0

total neg_log_likelihood: 30.6122


Tags2007_R1_R1 :
tag-recapture data for tag Tags2007_R1 in years 2008 2009 2010 , step 1, after proportion 0.5 of mortality, with sampling method size, detection probability 1.
Year 2008
class scanned recaptured expected_prop neg_log_likelihood
100 0 0 0 0
150 0 0 1.5032e-012 0
200 0 0 9.83974e-012 0
250 2 0 6.39174e-011 1.27835e-010
300 28 0 8.41792e-010 2.35702e-008
350 344 0 1.06352e-008 3.65852e-006
400 2602 0 9.83947e-008 0.000256023
450 12332 0 6.50296e-007 0.00801945
500 40170 0 3.04358e-006 0.122261
550 97884 0 1.02649e-005 1.00477
600 182308 4 2.57745e-005 1.68763
650 260086 11 5.00642e-005 2.2911
700 291620 21 7.82044e-005 2.51861
750 271378 24 0.000102196 2.77487
800 224512 21 0.000116646 2.99691
850 174626 18 0.000121447 2.62458
900 131756 9 0.000119454 3.73558
950 97934 9 0.000113369 2.2398
1000 71728 8 0.00010477 1.98434
1050 51120 7 9.45126e-005 2.33055
1100 35200 3 8.31604e-005 1.49678
1150 23658 3 7.11967e-005 1.91193
1200 15864 0 5.91621e-005 0.938575
1250 10828 3 4.78013e-005 4.2852
1300 7580 0 3.78788e-005 0.287126
1350 5410 0 2.98864e-005 0.161688
1400 3886 0 2.39953e-005 0.093247
1450 2772 0 1.99129e-005 0.0551992
1500 1934 0 1.71663e-005 0.0331998
1550 1300 0 1.53471e-005 0.0199514
1600 826 0 1.41077e-005 0.011653
1650 490 0 1.32764e-005 0.00650549
1700 266 0 1.27331e-005 0.00338703
1750 132 0 1.23852e-005 0.00163486
1800 58 0 1.21651e-005 0.000705582
1850 24 0 1.2026e-005 0.000288626
1900 8 0 1.19346e-005 9.54771e-005
1950 2 0 1.18643e-005 2.37288e-005
2000 0 0 1.17885e-005 0

total neg_log_likelihood: 35.6265


Year 2009
class scanned recaptured expected_prop neg_log_likelihood
100 0 0 0 0
150 0 0 4.74782e-015 0
200 0 0 5.5983e-013 0
250 2 0 7.96181e-012 1.59237e-011
300 28 0 1.54108e-010 4.31502e-009
350 338 0 2.13651e-009 7.2214e-007
400 2596 0 2.07096e-008 5.3762e-005
450 13080 0 1.57982e-007 0.00206641
500 43468 0 9.01995e-007 0.0392079
550 101422 1 3.75932e-006 1.3455
600 180382 0 1.16267e-005 2.09726
650 255904 8 2.74932e-005 2.03232
700 293398 14 5.13869e-005 2.2838
750 278302 22 7.84329e-005 2.46888
800 229716 27 0.000101204 2.85757
850 175798 19 0.000114843 2.43123
900 130724 19 0.000119234 2.7446
950 96182 9 0.000116939 2.26799
1000 70174 9 0.000110527 2.12155
1050 50456 3 0.000101549 2.01387
1100 35360 1 9.08334e-005 2.04507
1150 24054 0 7.89475e-005 1.89908
1200 16060 2 6.65043e-005 1.62948
1250 10754 0 5.43534e-005 0.584533
1300 7362 0 4.34203e-005 0.319667
1350 5182 0 3.43754e-005 0.178136
1400 3714 0 2.75525e-005 0.102331
1450 2662 0 2.2732e-005 0.0605133
1500 1866 0 1.94327e-005 0.0362618
1550 1256 0 1.72161e-005 0.0216236
1600 798 0 1.56826e-005 0.0125148
1650 470 0 1.46387e-005 0.00688022
1700 254 0 1.3947e-005 0.00354256
1750 126 0 1.34989e-005 0.00170088
1800 56 0 1.3213e-005 0.000739934
1850 22 0 1.30315e-005 0.000286695
1900 8 0 1.29127e-005 0.000103302
1950 2 0 1.28232e-005 2.56466e-005
2000 0 0 1.27301e-005 0

total neg_log_likelihood: 31.6084


Year 2010
class scanned recaptured expected_prop neg_log_likelihood
100 0 0 0 0
150 0 0 0 0
200 0 0 1.45167e-014 0
250 2 0 7.6369e-013 1.52744e-012
300 30 0 2.67769e-011 8.03307e-010
350 342 0 4.90991e-010 1.67919e-007
400 2546 0 4.88139e-009 1.2428e-005
450 12914 0 3.77202e-008 0.000487118
500 45438 0 2.46228e-007 0.0111881
550 110634 0 1.22781e-006 0.135838
600 193100 0 4.60658e-006 0.889532
650 259840 2 1.31842e-005 1.65627
700 288924 11 2.9514e-005 2.4536
750 275666 16 5.31215e-005 2.37136
800 231594 19 7.90653e-005 2.40831
850 178066 21 0.000100492 2.7003
900 131090 15 0.000113146 2.27941
950 95240 17 0.000116946 3.66705
1000 68874 6 0.000114225 2.0702
1050 49434 6 0.000107363 1.87199
1100 34952 2 9.78299e-005 1.6536
1150 24134 6 8.64437e-005 4.25352
1200 16262 1 7.39233e-005 1.01801
1250 10830 2 6.12209e-005 2.17805
1300 7284 0 4.94209e-005 0.359991
1350 5028 0 3.93853e-005 0.198033
1400 3564 0 3.16355e-005 0.112751
1450 2550 0 2.60538e-005 0.066438
1500 1794 0 2.21706e-005 0.0397745
1550 1212 0 1.95272e-005 0.0236672
1600 770 0 1.76756e-005 0.0136103
1650 454 0 1.6401e-005 0.00744613
1700 246 0 1.55488e-005 0.00382502
1750 120 0 1.49926e-005 0.00179913
1800 54 0 1.4636e-005 0.00079035
1850 22 0 1.44091e-005 0.000317002
1900 8 0 1.4261e-005 0.000114089
1950 2 0 1.41508e-005 2.83019e-005
2000 0 0 1.4038e-005 0

total neg_log_likelihood: 32.4473


Tags2008_R1_R1 :
tag-recapture data for tag Tags2008_R1 in years 2009 2010 , step 1, after proportion 0.5 of mortality, with sampling method size, detection probability 1.
Year 2009
class scanned recaptured expected_prop neg_log_likelihood
100 0 0 0 0
150 0 0 1.53874e-012 0
200 0 0 1.06259e-011 0
250 2 0 6.81835e-011 1.36367e-010
300 28 0 8.95244e-010 2.50668e-008
350 338 0 1.1341e-008 3.83327e-006
400 2596 0 1.04787e-007 0.000272026
450 13080 0 6.8973e-007 0.00902167
500 43468 0 3.21642e-006 0.139811
550 101422 4 1.08287e-005 3.90139
600 180382 1 2.7165e-005 3.31086
650 255904 17 5.26656e-005 2.76524
700 293398 27 8.18893e-005 2.7468
750 278302 35 0.000106055 3.17963
800 229716 28 0.000119316 2.59429
850 175798 21 0.00012179 2.44907
900 130724 12 0.000117001 2.55186
950 96182 9 0.000108333 2.12821
1000 70174 7 9.78153e-005 1.90508
1050 50456 7 8.64877e-005 2.57554
1100 35360 4 7.49076e-005 1.93043
1150 24054 1 6.3431e-005 1.10326
1200 16060 1 5.23823e-005 1.01408
1250 10754 2 4.22381e-005 2.7257
1300 7362 0 3.35062e-005 0.246677
1350 5182 1 2.65104e-005 2.12238
1400 3714 0 2.13564e-005 0.0793186
1450 2662 0 1.77789e-005 0.0473278
1500 1866 0 1.53671e-005 0.0286753
1550 1256 0 1.37673e-005 0.0172918
1600 798 0 1.26759e-005 0.0101154
1650 470 0 1.19434e-005 0.00561342
1700 254 0 1.14644e-005 0.00291198
1750 126 0 1.11576e-005 0.00140587
1800 56 0 1.09636e-005 0.000613963
1850 22 0 1.08409e-005 0.000238501
1900 8 0 1.07604e-005 8.60833e-005
1950 2 0 1.06983e-005 2.13968e-005
2000 0 0 1.06314e-005 0

total neg_log_likelihood: 39.5932


Year 2010
class scanned recaptured expected_prop neg_log_likelihood
100 0 0 0 0
150 0 0 4.76927e-015 0
200 0 0 5.95053e-013 0
250 2 0 8.57638e-012 1.71527e-011
300 30 0 1.63535e-010 4.90605e-009
350 342 0 2.27108e-009 7.7671e-007
400 2546 0 2.20269e-008 5.60804e-005
450 12914 0 1.67786e-007 0.00216679
500 45438 0 9.54811e-007 0.0433847
550 110634 0 3.96914e-006 0.439123
600 193100 4 1.22584e-005 2.09849
650 259840 11 2.89508e-005 2.82789
700 288924 5 5.39741e-005 6.64752
750 275666 17 8.19411e-005 3.09707
800 231594 26 0.000104716 2.6127
850 178066 20 0.000117077 2.43838
900 131090 16 0.00011916 2.31495
950 95240 10 0.00011417 2.11458
1000 68874 5 0.000105325 2.13377
1050 49434 4 9.46009e-005 1.68432
1100 34952 5 8.29983e-005 2.36324
1150 24134 1 7.10716e-005 1.17568
1200 16262 1 5.92712e-005 1.00064
1250 10830 0 4.81812e-005 0.521815
1300 7284 1 3.84304e-005 1.55312
1350 5028 1 3.04585e-005 2.02949
1400 3564 0 2.44739e-005 0.0872259
1450 2550 0 2.02496e-005 0.0516371
1500 1794 0 1.73566e-005 0.031138
1550 1212 0 1.54107e-005 0.018678
1600 770 0 1.40628e-005 0.0108284
1650 454 0 1.31442e-005 0.00596752
1700 246 0 1.25352e-005 0.00308368
1750 120 0 1.21405e-005 0.00145687
1800 54 0 1.18886e-005 0.00064199
1850 22 0 1.17287e-005 0.000258034
1900 8 0 1.16242e-005 9.29943e-005
1950 2 0 1.15455e-005 2.30912e-005
2000 0 0 1.14634e-005 0

total neg_log_likelihood: 37.3094


Tags2009_R1_R1 :
tag-recapture data for tag Tags2009_R1 in years 2010 , step 1, after proportion 0.5 of mortality, with sampling method size, detection probability 1.
Year 2010
class scanned recaptured expected_prop neg_log_likelihood
100 0 0 0 0
150 0 0 1.5436e-012 0
200 0 0 1.07609e-011 0
250 2 0 6.92573e-011 1.38515e-010
300 30 0 8.99487e-010 2.69846e-008
350 342 0 1.14082e-008 3.90159e-006
400 2546 0 1.05546e-007 0.00026872
450 12914 0 6.92337e-007 0.00894085
500 45438 2 3.20639e-006 4.69137
550 110634 0 1.07136e-005 1.1853
600 193100 8 2.67184e-005 2.63748
650 259840 12 5.16463e-005 2.24622
700 288924 25 8.03504e-005 2.59859
750 275666 31 0.000104536 2.71925
800 231594 24 0.000118634 2.74106
850 178066 17 0.000122622 2.92032
900 131090 18 0.000119612 2.53245
950 95240 13 0.000112565 2.43452
1000 68874 10 0.000103212 2.59995
1050 49434 3 9.24372e-005 1.80306
1100 34952 2 8.0762e-005 1.44047
1150 24134 1 6.85908e-005 1.15133
1200 16262 2 5.63844e-005 1.78351
1250 10830 0 4.48343e-005 0.485567
1300 7284 0 3.46964e-005 0.252733
1350 5028 0 2.64955e-005 0.133221
1400 3564 1 2.04438e-005 2.69203
1450 2550 0 1.62654e-005 0.0414771
1500 1794 0 1.34788e-005 0.0241811
1550 1212 0 1.16566e-005 0.0141279
1600 770 0 1.04365e-005 0.00803611
1650 454 0 9.63297e-006 0.00437339
1700 246 0 9.11645e-006 0.00224266
1750 120 0 8.79005e-006 0.00105481
1800 54 0 8.58544e-006 0.000463616
1850 22 0 8.45631e-006 0.00018604
1900 8 0 8.37034e-006 6.6963e-005
1950 2 0 8.30176e-006 1.66036e-005
2000 0 0 8.22573e-006 0

total neg_log_likelihood: 39.1539


Output quantities start here

* Scalar parameter values
initialization.B0 192164

* Nuisance q's

* B0
192164

* R0
1.39428e+007

* SSBs
SSB 192164 190762 187382 183667 179653 175409 171024 166596 162217 157970 153917 150092 146506 143159 140044 137150 134468 131986 129691 127571 125616 
year 1990 1991 1992 1993 1994 1995 1996 1997 1998 1999 2000 2001 2002 2003 2004 2005 2006 2007 2008 2009 2010 

* recruitments
recruitment 1.39428e+007 1.39428e+007 1.39318e+007 1.39047e+007 1.3874e+007 1.38395e+007 1.38015e+007 1.37605e+007 1.37172e+007 1.36723e+007 1.36267e+007 1.35812e+007 1.35362e+007 1.34922e+007 1.34495e+007 1.34081e+007 1.33682e+007 1.333e+007 1.32934e+007 1.32585e+007 1.32253e+007 
year 1990 1991 1992 1993 1994 1995 1996 1997 1998 1999 2000 2001 2002 2003 2004 2005 2006 2007 2008 2009 2010 

* YCS
YCS 1 1 1 1 1 1 1 1 1 1 1 1 1 1 1 1 1 1 1 1 1 
year 1989 1990 1991 1992 1993 1994 1995 1996 1997 1998 1999 2000 2001 2002 2003 2004 2005 2006 2007 2008 2009 

* true_YCS
true_YCS 1 1 0.999213 0.997273 0.995067 0.992594 0.989869 0.986929 0.983822 0.980603 0.977333 0.974066 0.970842 0.967688 0.964621 0.961653 0.958794 0.956049 0.953424 0.950921 0.948542 
year 1989 1990 1991 1992 1993 1994 1995 1996 1997 1998 1999 2000 2001 2002 2003 2004 2005 2006 2007 2008 2009 

* fishing_pressures
LL1 0 0.0385466 0.0396655 0.0407874 0.041882 0.042927 0.0439066 0.0448097 0.0456304 0.0463678 0.047026 0.0476122 0.0481346 0.0486018 0.0490226 0.0494055 0.0497587 0.0500885 0.0504002 0.0506984 0.0509862 
LL2 0 0.0385466 0.0396655 0.0407874 0.041882 0.042927 0.0439066 0.0448097 0.0456304 0.0463678 0.047026 0.0476122 0.0481346 0.0486018 0.0490226 0.0494055 0.0497587 0.0500885 0.0504002 0.0506984 0.0509862 
year 1990 1991 1992 1993 1994 1995 1996 1997 1998 1999 2000 2001 2002 2003 2004 2005 2006 2007 2008 2009 2010 

* Numbers_at_age_R1
1990  1.29418e+007 1.10835e+007 9.49211e+006 8.12919e+006 6.96196e+006 5.96233e+006 5.10623e+006 4.37305e+006 3.74515e+006 3.2074e+006 2.74687e+006 2.35246e+006 2.01468e+006 1.7254e+006 1.47766e+006 1.26549e+006 1.08379e+006 928171 794900 680764 583017 499305 427612 366213 313631 268598 230031 197002 168716 1.00631e+006 
1991  1.29418e+007 1.10835e+007 9.49207e+006 8.1289e+006 6.96033e+006 5.9557e+006 5.08714e+006 4.33417e+006 3.68914e+006 3.15036e+006 2.69836e+006 2.31177e+006 1.98102e+006 1.69794e+006 1.45557e+006 1.24796e+006 1.07006e+006 917579 786837 674711 578535 496032 425255 364540 312458 267788 229480 196632 168470 1.00519e+006 
1992  1.29316e+007 1.10835e+007 9.49207e+006 8.12883e+006 6.95976e+006 5.95249e+006 5.07433e+006 4.29793e+006 3.61645e+006 3.04665e+006 2.59299e+006 2.22214e+006 1.90581e+006 1.63568e+006 1.40473e+006 1.20701e+006 1.03754e+006 892096 767146 659705 567257 487673 419146 360137 309329 265595 227964 195598 167776 1.00263e+006 
1993  1.29065e+007 1.10748e+007 9.49207e+006 8.12882e+006 6.95964e+006 5.95176e+006 5.07085e+006 4.28544e+006 3.58351e+006 2.98345e+006 2.50471e+006 2.13292e+006 1.82987e+006 1.5719e+006 1.35185e+006 1.16376e+006 1.00263e+006 864304 745319 642799 554344 477947 411923 354848 305511 262878 226057 194280 166876 999776 
1994  1.28779e+007 1.10533e+007 9.48459e+006 8.12881e+006 6.95958e+006 5.95143e+006 5.0695e+006 4.28086e+006 3.57044e+006 2.95318e+006 2.44993e+006 2.05796e+006 1.75446e+006 1.50767e+006 1.29784e+006 1.11891e+006 965875 834576 721598 624128 539851 466854 403553 348621 300945 259578 223707 192629 165734 996499 
1995  1.28459e+007 1.10289e+007 9.46618e+006 8.1224e+006 6.95952e+006 5.95114e+006 5.06851e+006 4.27814e+006 3.56407e+006 2.93943e+006 2.42237e+006 2.01074e+006 1.69099e+006 1.44406e+006 1.2436e+006 1.07323e+006 927881 803376 696311 603907 523901 454448 394039 341431 295589 255645 220862 190601 164309 992656 
1996  1.28107e+007 1.10014e+007 9.44524e+006 8.10662e+006 6.95398e+006 5.95088e+006 5.0676e+006 4.27581e+006 3.5594e+006 2.93137e+006 2.40854e+006 1.98604e+006 1.65051e+006 1.39046e+006 1.19003e+006 1.0275e+006 889300 771224 669853 582417 506680 440838 383433 333284 289422 251046 217481 188153 162563 988093 
1997  1.27726e+007 1.09712e+007 9.42176e+006 8.08868e+006 6.94043e+006 5.94595e+006 5.06677e+006 4.27367e+006 3.55523e+006 2.92491e+006 2.39957e+006 1.97279e+006 1.6287e+006 1.35595e+006 1.14489e+006 982458 850782 738666 642664 559994 488428 426181 371827 324224 282452 245763 213537 185252 160461 982645 
1998  1.27324e+007 1.09387e+007 9.3959e+006 8.06857e+006 6.92503e+006 5.93418e+006 5.06201e+006 4.2717e+006 3.5514e+006 2.91909e+006 2.39212e+006 1.96369e+006 1.61643e+006 1.33692e+006 1.11559e+006 944494 812939 706242 615198 537007 469428 410682 359356 314330 274717 239804 209015 181873 157974 976144 
1999  1.26908e+007 1.09042e+007 9.36799e+006 8.04641e+006 6.90777e+006 5.92086e+006 5.05149e+006 4.26656e+006 3.54792e+006 2.91379e+006 2.38541e+006 1.95601e+006 1.60771e+006 1.32584e+006 1.09915e+006 919716 781050 674456 587904 513834 449989 394579 346193 303719 266285 233202 203923 178005 155080 968421 
2000  1.26484e+007 1.08686e+007 9.3385e+006 8.02251e+006 6.88877e+006 5.90596e+006 5.0397e+006 4.25667e+006 3.542e+006 2.909e+006 2.37933e+006 1.94911e+006 1.6003e+006 1.3178e+006 1.08935e+006 905624 760144 647679 561196 490846 430425 378130 332537 292534 257252 226013 198287 173653 151772 959312 
2001  1.26061e+007 1.08323e+007 9.30795e+006 7.99725e+006 6.86827e+006 5.88959e+006 5.02662e+006 4.24584e+006 3.53233e+006 2.90242e+006 2.37387e+006 1.94289e+006 1.59365e+006 1.31094e+006 1.08213e+006 897075 748133 630065 538703 468385 411045 361597 318604 280944 247741 218320 192155 168840 148052 948673 
2002  1.25644e+007 1.07961e+007 9.2769e+006 7.97108e+006 6.84662e+006 5.87195e+006 5.01233e+006 4.23401e+006 3.52203e+006 2.89297e+006 2.36712e+006 1.93731e+006 1.58768e+006 1.30479e+006 1.07594e+006 890706 740748 619865 523869 449472 392130 345236 304615 269129 237894 210225 185598 163608 143942 936380 
2003  1.25236e+007 1.07604e+007 9.24589e+006 7.94449e+006 6.8242e+006 5.85334e+006 4.997e+006 4.22126e+006 3.51107e+006 2.88318e+006 2.35818e+006 1.93081e+006 1.58233e+006 1.29927e+006 1.07042e+006 885241 735204 613531 515227 436975 376207 329282 290782 257275 227862 201850 178703 158016 139474 922346 
2004  1.24839e+007 1.07254e+007 9.21529e+006 7.91793e+006 6.80141e+006 5.83408e+006 4.98088e+006 4.20772e+006 3.49945e+006 2.87298e+006 2.3491e+006 1.92263e+006 1.57631e+006 1.29434e+006 1.06546e+006 880359 730439 608748 509819 429660 365667 315852 277301 245560 217802 193321 171572 152137 134701 906525 
2005  1.24455e+007 1.06914e+007 9.18535e+006 7.89172e+006 6.77865e+006 5.81452e+006 4.96423e+006 4.19355e+006 3.48727e+006 2.86237e+006 2.33979e+006 1.91442e+006 1.56899e+006 1.28891e+006 1.06101e+006 875975 726179 604627 505713 425053 359475 306952 265953 234147 207864 184771 164312 146058 129685 888920 
2006  1.24085e+007 1.06585e+007 9.15624e+006 7.86608e+006 6.7562e+006 5.79498e+006 4.94735e+006 4.179e+006 3.47466e+006 2.85138e+006 2.33021e+006 1.90608e+006 1.56168e+006 1.28245e+006 1.05619e+006 872042 722350 600940 502171 421541 355556 301707 258425 224541 198185 176327 157036 139872 124498 869587 
2007  1.2373e+007 1.06268e+007 9.12807e+006 7.84114e+006 6.73423e+006 5.77572e+006 4.93051e+006 4.1643e+006 3.4618e+006 2.84014e+006 2.32043e+006 1.89761e+006 1.55435e+006 1.27606e+006 1.05057e+006 867828 718913 597626 499000 418509 352560 298375 253978 218162 190039 168106 149851 133672 119221 848638 
2008  1.2339e+007 1.05964e+007 9.10092e+006 7.81702e+006 6.71287e+006 5.75687e+006 4.91391e+006 4.14967e+006 3.44888e+006 2.82876e+006 2.3105e+006 1.88901e+006 1.54693e+006 1.26967e+006 1.04503e+006 862973 715259 594647 496147 415792 349969 295821 251145 214389 184626 161186 142857 127551 113933 826232 
2009  1.23066e+007 1.05673e+007 9.07487e+006 7.79377e+006 6.6922e+006 5.73855e+006 4.89768e+006 4.13526e+006 3.43606e+006 2.81738e+006 2.30051e+006 1.88033e+006 1.53945e+006 1.26324e+006 1.03951e+006 858196 711088 591498 493579 413344 347646 293610 248969 211979 181419 156586 136970 121594 108713 802576 
2010  1.22758e+007 1.05396e+007 9.04995e+006 7.77146e+006 6.67228e+006 5.72082e+006 4.88192e+006 4.1212e+006 3.42348e+006 2.80614e+006 2.29057e+006 1.87164e+006 1.53193e+006 1.25678e+006 1.03397e+006 853450 706992 587928 490875 411139 345551 291626 247084 210124 179368 153857 133055 116578 103633 777913 

Output quantities finish here

Unused parameters:
annual_cycle.fishery_areas annual_cycle.migrate_from annual_cycle.migrate_to annual_cycle.migration_names annual_cycle.migration_times annual_cycle.n_migrations annual_cycle.recruitment_areas annual_cycle.spawning_all_areas area_names recruitment.p_male recruitment.year_range tag[Tags2005_R1_LL1].area tag[Tags2005_R1_LL1].sex tag[Tags2006_R1_LL1].area tag[Tags2006_R1_LL1].sex tag[Tags2007_R1_LL1].area tag[Tags2007_R1_LL1].sex tag[Tags2008_R1_LL1].area tag[Tags2008_R1_LL1].sex tag[Tags2009_R1_LL1].area tag[Tags2009_R1_LL1].sex MCMC.adapt_at MCMC.adaptive_stepsize MCMC.burn_in MCMC.keep MCMC.length MCMC.start MCMC.stepsize profile[1].l profile[1].n profile[1].parameter profile[1].u tag_recapture[Tags2005_R1_R1].area tag_recapture[Tags2006_R1_R1].area tag_recapture[Tags2007_R1_R1].area tag_recapture[Tags2008_R1_R1].area tag_recapture[Tags2009_R1_R1].area n_projections numbers_at[Numbers_at_age_R1].area print.final_state print.initial_state print.requests print.results print.state_annually print.state_every_step print.yields 
