CASAL (C++ algorithmic stock assessment laboratory)
Call: C:/Users/bstacy/Documents/GitHub/lasac/projects/simulations/sim2/casal -e -q -f EM 
Date: Thu Oct 10 16:40:47 2019
v2.30-2012-03-21 00:22:59 UTC (rev.4648)  (c) Copyright 2002-2012, NIWA
User name: bstacy
Machine name: DOM-IMA-HVZRNF2 (Microsoft Windows, PID=3816)

Prefix for the input parameter filenames : EM

Random number seed : 86047

Estimation parameters:
Stored as strings: 
  MCMC.adapt_at                 	1e+05 2e+05 3e+05 4e+05
  MCMC.adaptive_stepsize        	True
  MCMC.burn_in                  	500
  MCMC.keep                     	1000
  MCMC.length                   	1500000
  MCMC.start                    	0
  MCMC.stepsize                 	0.01
  ageing_error.c                	0
  ageing_error.type             	normal
  catch_at[LL1_catchA].2000     	0 0 0 0 0.01 0.01 0.06 0.07 0.18 0.07 0.13 0.1 0.09 0.06 0.06 0.01 0.03 0.02 0.02 0.03 0 0 0.01 0.01 0 0.01 0 0.01 0 0.01
  catch_at[LL1_catchA].2001     	0 0 0 0.01 0.01 0.02 0.09 0.1 0.17 0.12 0.17 0.07 0.05 0.06 0.04 0.04 0.01 0.02 0.01 0.01 0 0 0 0 0 0 0 0 0 0
  catch_at[LL1_catchA].2002     	0 0 0 0 0.01 0.02 0.06 0.11 0.14 0.13 0.16 0.08 0.04 0.11 0.06 0.02 0.01 0.01 0.02 0.01 0 0 0 0 0 0.01 0 0 0 0
  catch_at[LL1_catchA].2003     	0 0 0 0 0 0.02 0.01 0.12 0.12 0.16 0.18 0.09 0.07 0.07 0.04 0.03 0.01 0 0.01 0 0.01 0.01 0.02 0 0.03 0 0 0 0 0
  catch_at[LL1_catchA].2004     	0 0 0 0 0.02 0.03 0.1 0.08 0.23 0.07 0.06 0.09 0.11 0.05 0.04 0.04 0.01 0 0.03 0.02 0 0 0 0 0 0 0.01 0.01 0 0
  catch_at[LL1_catchA].2005     	0 0 0 0 0 0.04 0.03 0.09 0.22 0.12 0.14 0.1 0.05 0.02 0.01 0.05 0.02 0.03 0.02 0.01 0 0 0.01 0.01 0.01 0 0.01 0 0.01 0
  catch_at[LL1_catchA].2006     	0 0 0 0 0 0.03 0.06 0.09 0.18 0.21 0.11 0.11 0.06 0.02 0.02 0.02 0.05 0.03 0.01 0 0 0 0 0 0 0 0 0 0 0
  catch_at[LL1_catchA].2007     	0 0 0 0.01 0.01 0 0.09 0.11 0.17 0.12 0.14 0.08 0.07 0.04 0.04 0.02 0.01 0.04 0.01 0.01 0.01 0 0.01 0.01 0 0 0 0 0 0
  catch_at[LL1_catchA].2008     	0 0 0 0 0 0.04 0.08 0.1 0.09 0.18 0.14 0.09 0.07 0.07 0.01 0.02 0.04 0.01 0.02 0.02 0.01 0 0 0 0.01 0 0 0 0 0
  catch_at[LL1_catchA].2009     	0 0 0 0 0 0.02 0.03 0.13 0.19 0.22 0.1 0.09 0.06 0.06 0.03 0.02 0.01 0.01 0.01 0.01 0 0.01 0 0 0 0 0 0 0 0
  catch_at[LL1_catchA].2010     	0 0 0 0 0 0.02 0.06 0.09 0.18 0.17 0.1 0.07 0.09 0.07 0.11 0.01 0.01 0 0.01 0 0 0 0 0 0 0 0.01 0 0 0
  catch_at[LL1_catchA].N_2000   	100
  catch_at[LL1_catchA].N_2001   	100
  catch_at[LL1_catchA].N_2002   	100
  catch_at[LL1_catchA].N_2003   	100
  catch_at[LL1_catchA].N_2004   	100
  catch_at[LL1_catchA].N_2005   	100
  catch_at[LL1_catchA].N_2006   	100
  catch_at[LL1_catchA].N_2007   	100
  catch_at[LL1_catchA].N_2008   	100
  catch_at[LL1_catchA].N_2009   	100
  catch_at[LL1_catchA].N_2010   	100
  catch_at[LL1_catchA].at_size  	False
  catch_at[LL1_catchA].dist     	multinomial
  catch_at[LL1_catchA].fishery  	LL1
  catch_at[LL1_catchA].max_class	30
  catch_at[LL1_catchA].min_class	1
  catch_at[LL1_catchA].plus_group	True
  catch_at[LL1_catchA].r        	1e-11
  catch_at[LL1_catchA].sexed    	False
  catch_at[LL1_catchA].sum_to_one	True
  catch_at[LL1_catchA].years    	2000 2001 2002 2003 2004 2005 2006 2007 2008 2009 2010
  catch_limit_penalty[1].fishery	LL1
  catch_limit_penalty[1].label  	LL1_Penalty
  catch_limit_penalty[1].log_scale	True
  catch_limit_penalty[1].multiplier	1000
  catch_limit_penalty[2].fishery	LL2
  catch_limit_penalty[2].label  	LL2_Penalty
  catch_limit_penalty[2].log_scale	True
  catch_limit_penalty[2].multiplier	1000
  estimate[1].lower_bound       	5000
  estimate[1].parameter         	initialization.B0
  estimate[1].prior             	uniform
  estimate[1].upper_bound       	5e+05
  estimator                     	Bayes
  fish_tagged_penalty[1].label  	Penalty_Tags2005_R1_LL1
  fish_tagged_penalty[1].multiplier	1
  fish_tagged_penalty[1].tagging_episode	Tags2005_R1_LL1
  fish_tagged_penalty[2].label  	Penalty_Tags2006_R1_LL1
  fish_tagged_penalty[2].multiplier	1
  fish_tagged_penalty[2].tagging_episode	Tags2006_R1_LL1
  fish_tagged_penalty[3].label  	Penalty_Tags2007_R1_LL1
  fish_tagged_penalty[3].multiplier	1
  fish_tagged_penalty[3].tagging_episode	Tags2007_R1_LL1
  fish_tagged_penalty[4].label  	Penalty_Tags2008_R1_LL1
  fish_tagged_penalty[4].multiplier	1
  fish_tagged_penalty[4].tagging_episode	Tags2008_R1_LL1
  fish_tagged_penalty[5].label  	Penalty_Tags2009_R1_LL1
  fish_tagged_penalty[5].multiplier	1
  fish_tagged_penalty[5].tagging_episode	Tags2009_R1_LL1
  grad_tol                      	0.001
  max_evals                     	10000
  max_iters                     	1600
  profile[1].l                  	40000
  profile[1].n                  	11
  profile[1].parameter          	initialization.B0
  profile[1].u                  	130000
  q_method                      	nuisance
  tag_recapture[Tags2005_R1_R1].area	R1
  tag_recapture[Tags2005_R1_R1].class_mins	100 150 200 250 300 350 400 450 500 550 600 650 700 750 800 850 900 950 1000 1050 1100 1150 1200 1250 1300 1350 1400 1450 1500 1550 1600 1650 1700 1750 1800 1850 1900 1950 2000 2050
  tag_recapture[Tags2005_R1_R1].detection_probability	1
  tag_recapture[Tags2005_R1_R1].dispersion	1
  tag_recapture[Tags2005_R1_R1].do_bootstrap	True
  tag_recapture[Tags2005_R1_R1].plus_group	False
  tag_recapture[Tags2005_R1_R1].proportion_mortality	0.5
  tag_recapture[Tags2005_R1_R1].r	1e-11
  tag_recapture[Tags2005_R1_R1].recaptured_2006	0 0 0 0 0 0 0 0 0 0 6 19 27 19 24 24 22 12 8 6 4 1 2 0 0 0 0 0 0 0 0 0 0 0 0 0 0 0 0
  tag_recapture[Tags2005_R1_R1].recaptured_2007	0 0 0 0 0 0 0 0 0 1 3 10 15 30 23 25 21 12 5 7 3 0 1 1 0 0 0 0 0 0 0 0 0 0 0 0 0 0 0
  tag_recapture[Tags2005_R1_R1].recaptured_2008	0 0 0 0 0 0 0 0 0 1 3 2 9 13 14 13 14 12 11 6 3 2 1 2 1 1 0 0 0 0 0 0 0 0 0 0 0 0 0
  tag_recapture[Tags2005_R1_R1].recaptured_2009	0 0 0 0 0 0 0 0 0 0 0 2 2 2 12 15 16 13 10 7 2 3 0 1 1 0 0 0 0 0 0 0 0 0 0 0 0 0 0
  tag_recapture[Tags2005_R1_R1].recaptured_2010	0 0 0 0 0 0 0 0 0 0 0 0 0 5 5 9 11 10 6 3 6 2 2 0 1 0 0 0 0 0 0 0 0 0 0 0 0 0 0
  tag_recapture[Tags2005_R1_R1].sample	size
  tag_recapture[Tags2005_R1_R1].scanned_2006	0 0 0 2 28 320 2302 11502 39770 96806 173902 243624 277690 266092 224820 178122 136978 101584 71958 49292 33518 23134 16316 11662 8346 5944 4222 2988 2086 1406 896 530 286 140 62 24 8 2 0
  tag_recapture[Tags2005_R1_R1].scanned_2007	0 0 0 2 28 344 2442 11568 39724 99366 181960 252416 280488 265182 224010 176300 134278 100438 72920 50898 34514 23278 15942 11162 7944 5686 4062 2880 2006 1350 862 512 278 138 62 24 8 2 0
  tag_recapture[Tags2005_R1_R1].scanned_2008	0 0 0 2 28 344 2602 12332 40170 97884 182308 260086 291620 271378 224512 174626 131756 97934 71728 51120 35200 23658 15864 10828 7580 5410 3886 2772 1934 1300 826 490 266 132 58 24 8 2 0
  tag_recapture[Tags2005_R1_R1].scanned_2009	0 0 0 2 28 338 2596 13080 43468 101422 180382 255904 293398 278302 229716 175798 130724 96182 70174 50456 35360 24054 16060 10754 7362 5182 3714 2662 1866 1256 798 470 254 126 56 22 8 2 0
  tag_recapture[Tags2005_R1_R1].scanned_2010	0 0 0 2 30 342 2546 12914 45438 110634 193100 259840 288924 275666 231594 178066 131090 95240 68874 49434 34952 24134 16262 10830 7284 5028 3564 2550 1794 1212 770 454 246 120 54 22 8 2 0
  tag_recapture[Tags2005_R1_R1].step	1
  tag_recapture[Tags2005_R1_R1].tag_name	Tags2005_R1
  tag_recapture[Tags2005_R1_R1].years	2006 2007 2008 2009 2010
  tag_recapture[Tags2006_R1_R1].area	R1
  tag_recapture[Tags2006_R1_R1].class_mins	100 150 200 250 300 350 400 450 500 550 600 650 700 750 800 850 900 950 1000 1050 1100 1150 1200 1250 1300 1350 1400 1450 1500 1550 1600 1650 1700 1750 1800 1850 1900 1950 2000 2050
  tag_recapture[Tags2006_R1_R1].detection_probability	1
  tag_recapture[Tags2006_R1_R1].dispersion	1
  tag_recapture[Tags2006_R1_R1].do_bootstrap	True
  tag_recapture[Tags2006_R1_R1].plus_group	False
  tag_recapture[Tags2006_R1_R1].proportion_mortality	0.5
  tag_recapture[Tags2006_R1_R1].r	1e-11
  tag_recapture[Tags2006_R1_R1].recaptured_2007	0 0 0 0 0 0 0 0 0 1 2 11 21 20 28 10 18 14 9 7 3 3 0 0 0 0 0 0 0 0 0 0 0 0 0 0 0 0 0
  tag_recapture[Tags2006_R1_R1].recaptured_2008	0 0 0 0 0 0 0 0 0 0 2 5 10 15 11 18 18 12 12 3 1 1 3 0 0 0 1 0 0 0 0 0 0 0 0 0 0 0 0
  tag_recapture[Tags2006_R1_R1].recaptured_2009	0 0 0 0 0 0 0 0 0 1 1 1 6 11 17 12 19 7 5 3 3 3 1 1 2 0 0 0 0 0 0 0 0 0 0 0 0 0 0
  tag_recapture[Tags2006_R1_R1].recaptured_2010	0 0 0 0 0 0 0 0 0 0 0 0 3 7 12 15 11 13 4 8 3 1 1 0 0 0 0 0 0 0 0 1 0 0 0 0 0 0 0
  tag_recapture[Tags2006_R1_R1].sample	size
  tag_recapture[Tags2006_R1_R1].scanned_2007	0 0 0 2 28 344 2442 11568 39724 99366 181960 252416 280488 265182 224010 176300 134278 100438 72920 50898 34514 23278 15942 11162 7944 5686 4062 2880 2006 1350 862 512 278 138 62 24 8 2 0
  tag_recapture[Tags2006_R1_R1].scanned_2008	0 0 0 2 28 344 2602 12332 40170 97884 182308 260086 291620 271378 224512 174626 131756 97934 71728 51120 35200 23658 15864 10828 7580 5410 3886 2772 1934 1300 826 490 266 132 58 24 8 2 0
  tag_recapture[Tags2006_R1_R1].scanned_2009	0 0 0 2 28 338 2596 13080 43468 101422 180382 255904 293398 278302 229716 175798 130724 96182 70174 50456 35360 24054 16060 10754 7362 5182 3714 2662 1866 1256 798 470 254 126 56 22 8 2 0
  tag_recapture[Tags2006_R1_R1].scanned_2010	0 0 0 2 30 342 2546 12914 45438 110634 193100 259840 288924 275666 231594 178066 131090 95240 68874 49434 34952 24134 16262 10830 7284 5028 3564 2550 1794 1212 770 454 246 120 54 22 8 2 0
  tag_recapture[Tags2006_R1_R1].step	1
  tag_recapture[Tags2006_R1_R1].tag_name	Tags2006_R1
  tag_recapture[Tags2006_R1_R1].years	2007 2008 2009 2010
  tag_recapture[Tags2007_R1_R1].area	R1
  tag_recapture[Tags2007_R1_R1].class_mins	100 150 200 250 300 350 400 450 500 550 600 650 700 750 800 850 900 950 1000 1050 1100 1150 1200 1250 1300 1350 1400 1450 1500 1550 1600 1650 1700 1750 1800 1850 1900 1950 2000 2050
  tag_recapture[Tags2007_R1_R1].detection_probability	1
  tag_recapture[Tags2007_R1_R1].dispersion	1
  tag_recapture[Tags2007_R1_R1].do_bootstrap	True
  tag_recapture[Tags2007_R1_R1].plus_group	False
  tag_recapture[Tags2007_R1_R1].proportion_mortality	0.5
  tag_recapture[Tags2007_R1_R1].r	1e-11
  tag_recapture[Tags2007_R1_R1].recaptured_2008	0 0 0 0 0 0 0 0 0 0 4 12 16 30 33 32 19 15 11 7 2 2 1 2 0 0 0 0 0 0 0 0 0 0 0 0 0 0 0
  tag_recapture[Tags2007_R1_R1].recaptured_2009	0 0 0 0 0 0 0 0 0 1 1 9 18 23 18 22 16 12 5 5 3 4 0 0 0 2 0 0 0 0 0 0 0 0 0 0 0 0 0
  tag_recapture[Tags2007_R1_R1].recaptured_2010	0 0 0 0 0 0 0 0 0 0 0 2 6 9 8 18 12 12 5 3 2 1 2 0 0 0 0 0 0 0 0 0 0 0 0 0 0 0 0
  tag_recapture[Tags2007_R1_R1].sample	size
  tag_recapture[Tags2007_R1_R1].scanned_2008	0 0 0 2 28 344 2602 12332 40170 97884 182308 260086 291620 271378 224512 174626 131756 97934 71728 51120 35200 23658 15864 10828 7580 5410 3886 2772 1934 1300 826 490 266 132 58 24 8 2 0
  tag_recapture[Tags2007_R1_R1].scanned_2009	0 0 0 2 28 338 2596 13080 43468 101422 180382 255904 293398 278302 229716 175798 130724 96182 70174 50456 35360 24054 16060 10754 7362 5182 3714 2662 1866 1256 798 470 254 126 56 22 8 2 0
  tag_recapture[Tags2007_R1_R1].scanned_2010	0 0 0 2 30 342 2546 12914 45438 110634 193100 259840 288924 275666 231594 178066 131090 95240 68874 49434 34952 24134 16262 10830 7284 5028 3564 2550 1794 1212 770 454 246 120 54 22 8 2 0
  tag_recapture[Tags2007_R1_R1].step	1
  tag_recapture[Tags2007_R1_R1].tag_name	Tags2007_R1
  tag_recapture[Tags2007_R1_R1].years	2008 2009 2010
  tag_recapture[Tags2008_R1_R1].area	R1
  tag_recapture[Tags2008_R1_R1].class_mins	100 150 200 250 300 350 400 450 500 550 600 650 700 750 800 850 900 950 1000 1050 1100 1150 1200 1250 1300 1350 1400 1450 1500 1550 1600 1650 1700 1750 1800 1850 1900 1950 2000 2050
  tag_recapture[Tags2008_R1_R1].detection_probability	1
  tag_recapture[Tags2008_R1_R1].dispersion	1
  tag_recapture[Tags2008_R1_R1].do_bootstrap	True
  tag_recapture[Tags2008_R1_R1].plus_group	False
  tag_recapture[Tags2008_R1_R1].proportion_mortality	0.5
  tag_recapture[Tags2008_R1_R1].r	1e-11
  tag_recapture[Tags2008_R1_R1].recaptured_2009	0 0 0 0 0 0 0 0 1 3 8 7 16 26 29 26 19 12 8 5 6 3 3 1 1 0 0 0 0 1 0 0 0 0 0 0 0 0 0
  tag_recapture[Tags2008_R1_R1].recaptured_2010	0 0 0 0 0 0 0 0 0 0 2 7 23 24 25 26 19 9 5 6 6 3 1 3 0 0 0 0 0 0 0 0 0 0 0 0 0 0 0
  tag_recapture[Tags2008_R1_R1].sample	size
  tag_recapture[Tags2008_R1_R1].scanned_2009	0 0 0 2 28 338 2596 13080 43468 101422 180382 255904 293398 278302 229716 175798 130724 96182 70174 50456 35360 24054 16060 10754 7362 5182 3714 2662 1866 1256 798 470 254 126 56 22 8 2 0
  tag_recapture[Tags2008_R1_R1].scanned_2010	0 0 0 2 30 342 2546 12914 45438 110634 193100 259840 288924 275666 231594 178066 131090 95240 68874 49434 34952 24134 16262 10830 7284 5028 3564 2550 1794 1212 770 454 246 120 54 22 8 2 0
  tag_recapture[Tags2008_R1_R1].step	1
  tag_recapture[Tags2008_R1_R1].tag_name	Tags2008_R1
  tag_recapture[Tags2008_R1_R1].years	2009 2010
  tag_recapture[Tags2009_R1_R1].area	R1
  tag_recapture[Tags2009_R1_R1].class_mins	100 150 200 250 300 350 400 450 500 550 600 650 700 750 800 850 900 950 1000 1050 1100 1150 1200 1250 1300 1350 1400 1450 1500 1550 1600 1650 1700 1750 1800 1850 1900 1950 2000 2050
  tag_recapture[Tags2009_R1_R1].detection_probability	1
  tag_recapture[Tags2009_R1_R1].dispersion	1
  tag_recapture[Tags2009_R1_R1].do_bootstrap	True
  tag_recapture[Tags2009_R1_R1].plus_group	False
  tag_recapture[Tags2009_R1_R1].proportion_mortality	0.5
  tag_recapture[Tags2009_R1_R1].r	1e-11
  tag_recapture[Tags2009_R1_R1].recaptured_2010	0 0 0 0 0 0 0 0 0 2 6 16 34 25 24 21 19 13 6 5 5 1 3 1 0 0 0 0 0 0 0 0 0 0 0 0 0 0 0
  tag_recapture[Tags2009_R1_R1].sample	size
  tag_recapture[Tags2009_R1_R1].scanned_2010	0 0 0 2 30 342 2546 12914 45438 110634 193100 259840 288924 275666 231594 178066 131090 95240 68874 49434 34952 24134 16262 10830 7284 5028 3564 2550 1794 1212 770 454 246 120 54 22 8 2 0
  tag_recapture[Tags2009_R1_R1].step	1
  tag_recapture[Tags2009_R1_R1].tag_name	Tags2009_R1
  tag_recapture[Tags2009_R1_R1].years	2010
  vector_average_penalty[1].k   	1
  vector_average_penalty[1].label	meanYCS_1
  vector_average_penalty[1].multiplier	100
  vector_average_penalty[1].vector	recruitment.YCS
Stored as DOUBLEs: 
Stored as VECTORs: 
Stored as OGIVEs: 

Population parameters:
Stored as strings: 
  annual_cycle.M_props          	1
  annual_cycle.aging_time       	1
  annual_cycle.baranov          	False
  annual_cycle.fishery_areas    	R1
  annual_cycle.fishery_names    	LL1 LL2
  annual_cycle.fishery_times    	1 1
  annual_cycle.growth_props     	0
  annual_cycle.migrate_from     	R1
  annual_cycle.migrate_to       	R2
  annual_cycle.migration_names  	MoveRec_1_2
  annual_cycle.migration_times  	1
  annual_cycle.n_migrations     	0
  annual_cycle.recruitment_areas	R1
  annual_cycle.recruitment_time 	1
  annual_cycle.spawning_all_areas	1
  annual_cycle.spawning_p       	1
  annual_cycle.spawning_part_mort	0.5
  annual_cycle.spawning_time    	1
  annual_cycle.spawning_use_total_B	False
  annual_cycle.time_steps       	1
  area_names                    	R1
  current                       	2010
  final                         	2045
  first_random_year             	2007
  fishery[LL1].U_max            	0.95
  fishery[LL1].catches          	0 6000 6000 6000 6000 6000 6000 6000 6000 6000 6000 6000 6000 6000 6000 6000 6000 6000 6000 6000 6000
  fishery[LL1].future_constant_catches	200
  fishery[LL1].selectivity      	SelLL
  fishery[LL1].years            	1990 1991 1992 1993 1994 1995 1996 1997 1998 1999 2000 2001 2002 2003 2004 2005 2006 2007 2008 2009 2010
  fishery[LL2].U_max            	0.95
  fishery[LL2].catches          	0 0 0 0 0 0 0 0 0 0 0 0 0 0 0 0 0 0 0 0 0
  fishery[LL2].future_constant_catches	200
  fishery[LL2].selectivity      	SelLL
  fishery[LL2].years            	1990 1991 1992 1993 1994 1995 1996 1997 1998 1999 2000 2001 2002 2003 2004 2005 2006 2007 2008 2009 2010
  initial                       	1990
  initialization.B0             	448262
  mature_partition              	False
  maturity_props.all            	allvalues  0 0 0 0 0 0 0 0 0 0 0 0.1667 0.3333 0.5 0.6667 0.8333 1 1 1 1 1 1 1 1 1 1 1 1 1 1
  max_age                       	30
  min_age                       	1
  n_areas                       	1
  n_stocks                      	1
  n_tags                        	5
  natural_mortality.all         	0.155
  plus_group                    	True
  randomisation_method          	lognormal
  recruitment.SR                	BH
  recruitment.YCS               	1 1 1 1 1 1 1 1 1 1 1 1 1 1 1 1 1 1 1 1 1
  recruitment.YCS_years         	1989 1990 1991 1992 1993 1994 1995 1996 1997 1998 1999 2000 2001 2002 2003 2004 2005 2006 2007 2008 2009
  recruitment.first_free        	1989
  recruitment.last_free         	2006
  recruitment.p_male            	0.5
  recruitment.rho               	0
  recruitment.sigma_r           	0.6
  recruitment.steepness         	0.7
  recruitment.year_range        	1989 2006
  selectivity[SelLL].all        	double_normal 10 2 10
  selectivity_names             	SelLL
  sex_partition                 	False
  size_at_age.Linf              	2870
  size_at_age.by_length         	True
  size_at_age.cv                	0.1
  size_at_age.k                 	0.02056
  size_at_age.t0                	-4.2897
  size_at_age_dist              	normal
  size_at_age_type              	von_Bert
  size_based                    	False
  size_weight.a                 	2.59e-12
  size_weight.b                 	3.2064
  size_weight.verify_size_weight	500 0.5 1.5
  standardise_YCS               	True
  tag[Tags2005_R1_LL1].area     	R1
  tag[Tags2005_R1_LL1].class_mins	100 150 200 250 300 350 400 450 500 550 600 650 700 750 800 850 900 950 1000 1050 1100 1150 1200 1250 1300 1350 1400 1450 1500 1550 1600 1650 1700 1750 1800 1850 1900 1950 2000 2050
  tag[Tags2005_R1_LL1].mature_only	False
  tag[Tags2005_R1_LL1].mortality	0.1
  tag[Tags2005_R1_LL1].number   	2500
  tag[Tags2005_R1_LL1].ogive    	SelLL
  tag[Tags2005_R1_LL1].plus_group	False
  tag[Tags2005_R1_LL1].props_all	0 0 0 0 0 1e-04 8e-04 0.0048 0.0184 0.0472 0.088 0.1245 0.1388 0.1298 0.1103 0.0896 0.0694 0.0511 0.0362 0.0255 0.0183 0.0135 0.01 0.0073 0.0052 0.0037 0.0025 0.0018 0.0012 8e-04 5e-04 3e-04 2e-04 1e-04 0 0 0 0 0
  tag[Tags2005_R1_LL1].release_type	deterministic
  tag[Tags2005_R1_LL1].sex      	both
  tag[Tags2005_R1_LL1].step     	1
  tag[Tags2005_R1_LL1].tag_name 	Tags2005_R1
  tag[Tags2005_R1_LL1].year     	2005
  tag[Tags2006_R1_LL1].area     	R1
  tag[Tags2006_R1_LL1].class_mins	100 150 200 250 300 350 400 450 500 550 600 650 700 750 800 850 900 950 1000 1050 1100 1150 1200 1250 1300 1350 1400 1450 1500 1550 1600 1650 1700 1750 1800 1850 1900 1950 2000 2050
  tag[Tags2006_R1_LL1].mature_only	False
  tag[Tags2006_R1_LL1].mortality	0.1
  tag[Tags2006_R1_LL1].number   	2500
  tag[Tags2006_R1_LL1].ogive    	SelLL
  tag[Tags2006_R1_LL1].plus_group	False
  tag[Tags2006_R1_LL1].props_all	0 0 0 0 0 2e-04 0.0013 0.0058 0.0198 0.0485 0.0873 0.1222 0.1397 0.1351 0.1154 0.0921 0.0705 0.0511 0.0349 0.023 0.0152 0.0104 0.0075 0.0055 0.0041 0.0031 0.0023 0.0017 0.0012 9e-04 6e-04 3e-04 2e-04 1e-04 0 0 0 0 0
  tag[Tags2006_R1_LL1].release_type	deterministic
  tag[Tags2006_R1_LL1].sex      	both
  tag[Tags2006_R1_LL1].step     	1
  tag[Tags2006_R1_LL1].tag_name 	Tags2006_R1
  tag[Tags2006_R1_LL1].year     	2006
  tag[Tags2007_R1_LL1].area     	R1
  tag[Tags2007_R1_LL1].class_mins	100 150 200 250 300 350 400 450 500 550 600 650 700 750 800 850 900 950 1000 1050 1100 1150 1200 1250 1300 1350 1400 1450 1500 1550 1600 1650 1700 1750 1800 1850 1900 1950 2000 2050
  tag[Tags2007_R1_LL1].mature_only	False
  tag[Tags2007_R1_LL1].mortality	0.1
  tag[Tags2007_R1_LL1].number   	2500
  tag[Tags2007_R1_LL1].ogive    	SelLL
  tag[Tags2007_R1_LL1].plus_group	False
  tag[Tags2007_R1_LL1].props_all	0 0 0 0 0 1e-04 0.0011 0.0056 0.0193 0.0485 0.0889 0.124 0.139 0.1322 0.1118 0.0878 0.0669 0.0504 0.0372 0.0265 0.0183 0.0125 0.0087 0.0062 0.0045 0.0032 0.0024 0.0017 0.0012 8e-04 5e-04 3e-04 2e-04 1e-04 0 0 0 0 0
  tag[Tags2007_R1_LL1].release_type	deterministic
  tag[Tags2007_R1_LL1].sex      	both
  tag[Tags2007_R1_LL1].step     	1
  tag[Tags2007_R1_LL1].tag_name 	Tags2007_R1
  tag[Tags2007_R1_LL1].year     	2007
  tag[Tags2008_R1_LL1].area     	R1
  tag[Tags2008_R1_LL1].class_mins	100 150 200 250 300 350 400 450 500 550 600 650 700 750 800 850 900 950 1000 1050 1100 1150 1200 1250 1300 1350 1400 1450 1500 1550 1600 1650 1700 1750 1800 1850 1900 1950 2000 2050
  tag[Tags2008_R1_LL1].mature_only	False
  tag[Tags2008_R1_LL1].mortality	0.1
  tag[Tags2008_R1_LL1].number   	2500
  tag[Tags2008_R1_LL1].ogive    	SelLL
  tag[Tags2008_R1_LL1].plus_group	False
  tag[Tags2008_R1_LL1].props_all	0 0 0 0 0 1e-04 0.0012 0.0062 0.0205 0.0497 0.0924 0.1328 0.1497 0.1384 0.112 0.0842 0.0614 0.0445 0.0322 0.0228 0.0157 0.0106 0.0073 0.0052 0.0038 0.0029 0.0022 0.0016 0.0011 7e-04 4e-04 3e-04 1e-04 1e-04 0 0 0 0 0
  tag[Tags2008_R1_LL1].release_type	deterministic
  tag[Tags2008_R1_LL1].sex      	both
  tag[Tags2008_R1_LL1].step     	1
  tag[Tags2008_R1_LL1].tag_name 	Tags2008_R1
  tag[Tags2008_R1_LL1].year     	2008
  tag[Tags2009_R1_LL1].area     	R1
  tag[Tags2009_R1_LL1].class_mins	100 150 200 250 300 350 400 450 500 550 600 650 700 750 800 850 900 950 1000 1050 1100 1150 1200 1250 1300 1350 1400 1450 1500 1550 1600 1650 1700 1750 1800 1850 1900 1950 2000 2050
  tag[Tags2009_R1_LL1].mature_only	False
  tag[Tags2009_R1_LL1].mortality	0.1
  tag[Tags2009_R1_LL1].number   	2500
  tag[Tags2009_R1_LL1].ogive    	SelLL
  tag[Tags2009_R1_LL1].plus_group	False
  tag[Tags2009_R1_LL1].props_all	0 0 0 0 0 1e-04 0.0012 0.0063 0.0213 0.0502 0.0897 0.1266 0.1435 0.135 0.1117 0.0864 0.065 0.0482 0.0352 0.0253 0.0178 0.0122 0.0082 0.0055 0.0037 0.0025 0.0017 0.0011 7e-04 4e-04 3e-04 1e-04 1e-04 0 0 0 0 0 0
  tag[Tags2009_R1_LL1].release_type	deterministic
  tag[Tags2009_R1_LL1].sex      	both
  tag[Tags2009_R1_LL1].step     	1
  tag[Tags2009_R1_LL1].tag_name 	Tags2009_R1
  tag[Tags2009_R1_LL1].year     	2009
  tag_growth_loss[Tags2005_R1].nogrowth_period	0
  tag_growth_loss[Tags2006_R1].nogrowth_period	0
  tag_growth_loss[Tags2007_R1].nogrowth_period	0
  tag_growth_loss[Tags2008_R1].nogrowth_period	0
  tag_growth_loss[Tags2009_R1].nogrowth_period	0
  tag_loss_props                	1
  tag_names                     	Tags2005_R1 Tags2006_R1 Tags2007_R1 Tags2008_R1 Tags2009_R1
  tag_shedding_rate             	0.0084 0.0084 0.0084 0.0084 0.0084
  y_enter                       	1
Stored as DOUBLEs: 
Stored as VECTORs: 
Stored as OGIVEs: 

Output parameters:
Stored as strings: 
  n_projections                 	100
  numbers_at[Numbers_at_age_R1].area	R1
  numbers_at[Numbers_at_age_R1].proportion_mortality	0.5
  numbers_at[Numbers_at_age_R1].step	1
  numbers_at[Numbers_at_age_R1].years	1990 1991 1992 1993 1994 1995 1996 1997 1998 1999 2000 2001 2002 2003 2004 2005 2006 2007 2008 2009 2010
  print.covariance              	true
  print.estimation_section      	true
  print.final_state             	false
  print.fits                    	true
  print.fits_every_eval         	false
  print.initial_state           	false
  print.normalised_resids       	true
  print.objective_every_eval    	false
  print.parameter_vector_every_eval	false
  print.parameters              	true
  print.parameters_every_eval   	false
  print.pearson_resids          	true
  print.requests                	false
  print.resids                  	true
  print.results                 	false
  print.state_annually          	false
  print.state_every_step        	false
  print.unused_parameters       	true
  print.yields                  	true
  quantities.B0                 	true
  quantities.R0                 	true
  quantities.SSBs               	true
  quantities.YCS                	true
  quantities.actual_catches     	false
  quantities.all_free_parameters	true
  quantities.fishing_pressures  	true
  quantities.nuisance_qs        	true
  quantities.recruitments       	true
  quantities.true_YCS           	true
Stored as DOUBLEs: 
Stored as VECTORs: 
Stored as OGIVEs: 

A fish of size 500 cm has a weight of 1.16755 kg in your model. This size-weight scale check assumes that the growth curve is in centimetres, and that the catch is in tonnes.

A fish of size 500 cm has a weight of 1.16755 kg in your model. This size-weight scale check assumes that the growth curve is in centimetres, and that the catch is in tonnes.

Estimation section :

Objective function: Bayes

Minimiser convergence threshold: 0.001


Observations:

The observations are:
LL1_catchA
Tags2005_R1_R1
Tags2006_R1_R1
Tags2007_R1_R1
Tags2008_R1_R1
Tags2009_R1_R1
Fits follow:

LL1_catchA :
catch proportions-at-age for fishery LL1  with ageing error (constrained to sum to 1):
obs (last class is a plus group):
class 1       2       3       4       5       6       7       8       9       10      11      12      13      14      15      16      17      18      19      20      21      22      23      24      25      26      27      28      29      30      
2000 0       0       0       0       0.01    0.01    0.06    0.07    0.18    0.07    0.13    0.1     0.09    0.06    0.06    0.01    0.03    0.02    0.02    0.03    0       0       0.01    0.01    0       0.01    0       0.01    0       0.01    
2001 0       0       0       0.01    0.01    0.02    0.09    0.1     0.17    0.12    0.17    0.07    0.05    0.06    0.04    0.04    0.01    0.02    0.01    0.01    0       0       0       0       0       0       0       0       0       0       
2002 0       0       0       0       0.01    0.02    0.06    0.11    0.14    0.13    0.16    0.08    0.04    0.11    0.06    0.02    0.01    0.01    0.02    0.01    0       0       0       0       0       0.01    0       0       0       0       
2003 0       0       0       0       0       0.02    0.01    0.12    0.12    0.16    0.18    0.09    0.07    0.07    0.04    0.03    0.01    0       0.01    0       0.01    0.01    0.02    0       0.03    0       0       0       0       0       
2004 0       0       0       0       0.02    0.03    0.1     0.08    0.23    0.07    0.06    0.09    0.11    0.05    0.04    0.04    0.01    0       0.03    0.02    0       0       0       0       0       0       0.01    0.01    0       0       
2005 0       0       0       0       0       0.04    0.03    0.09    0.22    0.12    0.14    0.1     0.05    0.02    0.01    0.05    0.02    0.03    0.02    0.01    0       0       0.01    0.01    0.01    0       0.01    0       0.01    0       
2006 0       0       0       0       0       0.03    0.06    0.09    0.18    0.21    0.11    0.11    0.06    0.02    0.02    0.02    0.05    0.03    0.01    0       0       0       0       0       0       0       0       0       0       0       
2007 0       0       0       0.01    0.01    0       0.09    0.11    0.17    0.12    0.14    0.08    0.07    0.04    0.04    0.02    0.01    0.04    0.01    0.01    0.01    0       0.01    0.01    0       0       0       0       0       0       
2008 0       0       0       0       0       0.04    0.08    0.1     0.09    0.18    0.14    0.09    0.07    0.07    0.01    0.02    0.04    0.01    0.02    0.02    0.01    0       0       0       0.01    0       0       0       0       0       
2009 0       0       0       0       0       0.02    0.03    0.13    0.19    0.22    0.1     0.09    0.06    0.06    0.03    0.02    0.01    0.01    0.01    0.01    0       0.01    0       0       0       0       0       0       0       0       
2010 0       0       0       0       0       0.02    0.06    0.09    0.18    0.17    0.1     0.07    0.09    0.07    0.11    0.01    0.01    0       0.01    0       0       0       0       0       0       0       0.01    0       0       0       
objective function: multinomial likelihood, with delta = 1e-011, N =
100 100 100 100 100 100 100 100 100 100 100 100 100 100 100 100 100 100 100 100 100 100 100 100 100 100 100 100 100 100 
100 100 100 100 100 100 100 100 100 100 100 100 100 100 100 100 100 100 100 100 100 100 100 100 100 100 100 100 100 100 
100 100 100 100 100 100 100 100 100 100 100 100 100 100 100 100 100 100 100 100 100 100 100 100 100 100 100 100 100 100 
100 100 100 100 100 100 100 100 100 100 100 100 100 100 100 100 100 100 100 100 100 100 100 100 100 100 100 100 100 100 
100 100 100 100 100 100 100 100 100 100 100 100 100 100 100 100 100 100 100 100 100 100 100 100 100 100 100 100 100 100 
100 100 100 100 100 100 100 100 100 100 100 100 100 100 100 100 100 100 100 100 100 100 100 100 100 100 100 100 100 100 
100 100 100 100 100 100 100 100 100 100 100 100 100 100 100 100 100 100 100 100 100 100 100 100 100 100 100 100 100 100 
100 100 100 100 100 100 100 100 100 100 100 100 100 100 100 100 100 100 100 100 100 100 100 100 100 100 100 100 100 100 
100 100 100 100 100 100 100 100 100 100 100 100 100 100 100 100 100 100 100 100 100 100 100 100 100 100 100 100 100 100 
100 100 100 100 100 100 100 100 100 100 100 100 100 100 100 100 100 100 100 100 100 100 100 100 100 100 100 100 100 100 
100 100 100 100 100 100 100 100 100 100 100 100 100 100 100 100 100 100 100 100 100 100 100 100 100 100 100 100 100 100 

Tags2005_R1_R1 :
tag-recapture data for tag Tags2005_R1 in years 2006 2007 2008 2009 2010 , step 1, after proportion 0.5 of mortality, with sampling method size, detection probability 1.
Year 2006
class scanned recaptured
100 0 0
150 0 0
200 0 0
250 2 0
300 28 0
350 320 0
400 2302 0
450 11502 0
500 39770 0
550 96806 0
600 173902 6
650 243624 19
700 277690 27
750 266092 19
800 224820 24
850 178122 24
900 136978 22
950 101584 12
1000 71958 8
1050 49292 6
1100 33518 4
1150 23134 1
1200 16316 2
1250 11662 0
1300 8346 0
1350 5944 0
1400 4222 0
1450 2988 0
1500 2086 0
1550 1406 0
1600 896 0
1650 530 0
1700 286 0
1750 140 0
1800 62 0
1850 24 0
1900 8 0
1950 2 0
2000 0 0


Year 2007
class scanned recaptured
100 0 0
150 0 0
200 0 0
250 2 0
300 28 0
350 344 0
400 2442 0
450 11568 0
500 39724 0
550 99366 1
600 181960 3
650 252416 10
700 280488 15
750 265182 30
800 224010 23
850 176300 25
900 134278 21
950 100438 12
1000 72920 5
1050 50898 7
1100 34514 3
1150 23278 0
1200 15942 1
1250 11162 1
1300 7944 0
1350 5686 0
1400 4062 0
1450 2880 0
1500 2006 0
1550 1350 0
1600 862 0
1650 512 0
1700 278 0
1750 138 0
1800 62 0
1850 24 0
1900 8 0
1950 2 0
2000 0 0


Year 2008
class scanned recaptured
100 0 0
150 0 0
200 0 0
250 2 0
300 28 0
350 344 0
400 2602 0
450 12332 0
500 40170 0
550 97884 1
600 182308 3
650 260086 2
700 291620 9
750 271378 13
800 224512 14
850 174626 13
900 131756 14
950 97934 12
1000 71728 11
1050 51120 6
1100 35200 3
1150 23658 2
1200 15864 1
1250 10828 2
1300 7580 1
1350 5410 1
1400 3886 0
1450 2772 0
1500 1934 0
1550 1300 0
1600 826 0
1650 490 0
1700 266 0
1750 132 0
1800 58 0
1850 24 0
1900 8 0
1950 2 0
2000 0 0


Year 2009
class scanned recaptured
100 0 0
150 0 0
200 0 0
250 2 0
300 28 0
350 338 0
400 2596 0
450 13080 0
500 43468 0
550 101422 0
600 180382 0
650 255904 2
700 293398 2
750 278302 2
800 229716 12
850 175798 15
900 130724 16
950 96182 13
1000 70174 10
1050 50456 7
1100 35360 2
1150 24054 3
1200 16060 0
1250 10754 1
1300 7362 1
1350 5182 0
1400 3714 0
1450 2662 0
1500 1866 0
1550 1256 0
1600 798 0
1650 470 0
1700 254 0
1750 126 0
1800 56 0
1850 22 0
1900 8 0
1950 2 0
2000 0 0


Year 2010
class scanned recaptured
100 0 0
150 0 0
200 0 0
250 2 0
300 30 0
350 342 0
400 2546 0
450 12914 0
500 45438 0
550 110634 0
600 193100 0
650 259840 0
700 288924 0
750 275666 5
800 231594 5
850 178066 9
900 131090 11
950 95240 10
1000 68874 6
1050 49434 3
1100 34952 6
1150 24134 2
1200 16262 2
1250 10830 0
1300 7284 1
1350 5028 0
1400 3564 0
1450 2550 0
1500 1794 0
1550 1212 0
1600 770 0
1650 454 0
1700 246 0
1750 120 0
1800 54 0
1850 22 0
1900 8 0
1950 2 0
2000 0 0


Tags2006_R1_R1 :
tag-recapture data for tag Tags2006_R1 in years 2007 2008 2009 2010 , step 1, after proportion 0.5 of mortality, with sampling method size, detection probability 1.
Year 2007
class scanned recaptured
100 0 0
150 0 0
200 0 0
250 2 0
300 28 0
350 344 0
400 2442 0
450 11568 0
500 39724 0
550 99366 1
600 181960 2
650 252416 11
700 280488 21
750 265182 20
800 224010 28
850 176300 10
900 134278 18
950 100438 14
1000 72920 9
1050 50898 7
1100 34514 3
1150 23278 3
1200 15942 0
1250 11162 0
1300 7944 0
1350 5686 0
1400 4062 0
1450 2880 0
1500 2006 0
1550 1350 0
1600 862 0
1650 512 0
1700 278 0
1750 138 0
1800 62 0
1850 24 0
1900 8 0
1950 2 0
2000 0 0


Year 2008
class scanned recaptured
100 0 0
150 0 0
200 0 0
250 2 0
300 28 0
350 344 0
400 2602 0
450 12332 0
500 40170 0
550 97884 0
600 182308 2
650 260086 5
700 291620 10
750 271378 15
800 224512 11
850 174626 18
900 131756 18
950 97934 12
1000 71728 12
1050 51120 3
1100 35200 1
1150 23658 1
1200 15864 3
1250 10828 0
1300 7580 0
1350 5410 0
1400 3886 1
1450 2772 0
1500 1934 0
1550 1300 0
1600 826 0
1650 490 0
1700 266 0
1750 132 0
1800 58 0
1850 24 0
1900 8 0
1950 2 0
2000 0 0


Year 2009
class scanned recaptured
100 0 0
150 0 0
200 0 0
250 2 0
300 28 0
350 338 0
400 2596 0
450 13080 0
500 43468 0
550 101422 1
600 180382 1
650 255904 1
700 293398 6
750 278302 11
800 229716 17
850 175798 12
900 130724 19
950 96182 7
1000 70174 5
1050 50456 3
1100 35360 3
1150 24054 3
1200 16060 1
1250 10754 1
1300 7362 2
1350 5182 0
1400 3714 0
1450 2662 0
1500 1866 0
1550 1256 0
1600 798 0
1650 470 0
1700 254 0
1750 126 0
1800 56 0
1850 22 0
1900 8 0
1950 2 0
2000 0 0


Year 2010
class scanned recaptured
100 0 0
150 0 0
200 0 0
250 2 0
300 30 0
350 342 0
400 2546 0
450 12914 0
500 45438 0
550 110634 0
600 193100 0
650 259840 0
700 288924 3
750 275666 7
800 231594 12
850 178066 15
900 131090 11
950 95240 13
1000 68874 4
1050 49434 8
1100 34952 3
1150 24134 1
1200 16262 1
1250 10830 0
1300 7284 0
1350 5028 0
1400 3564 0
1450 2550 0
1500 1794 0
1550 1212 0
1600 770 0
1650 454 1
1700 246 0
1750 120 0
1800 54 0
1850 22 0
1900 8 0
1950 2 0
2000 0 0


Tags2007_R1_R1 :
tag-recapture data for tag Tags2007_R1 in years 2008 2009 2010 , step 1, after proportion 0.5 of mortality, with sampling method size, detection probability 1.
Year 2008
class scanned recaptured
100 0 0
150 0 0
200 0 0
250 2 0
300 28 0
350 344 0
400 2602 0
450 12332 0
500 40170 0
550 97884 0
600 182308 4
650 260086 12
700 291620 16
750 271378 30
800 224512 33
850 174626 32
900 131756 19
950 97934 15
1000 71728 11
1050 51120 7
1100 35200 2
1150 23658 2
1200 15864 1
1250 10828 2
1300 7580 0
1350 5410 0
1400 3886 0
1450 2772 0
1500 1934 0
1550 1300 0
1600 826 0
1650 490 0
1700 266 0
1750 132 0
1800 58 0
1850 24 0
1900 8 0
1950 2 0
2000 0 0


Year 2009
class scanned recaptured
100 0 0
150 0 0
200 0 0
250 2 0
300 28 0
350 338 0
400 2596 0
450 13080 0
500 43468 0
550 101422 1
600 180382 1
650 255904 9
700 293398 18
750 278302 23
800 229716 18
850 175798 22
900 130724 16
950 96182 12
1000 70174 5
1050 50456 5
1100 35360 3
1150 24054 4
1200 16060 0
1250 10754 0
1300 7362 0
1350 5182 2
1400 3714 0
1450 2662 0
1500 1866 0
1550 1256 0
1600 798 0
1650 470 0
1700 254 0
1750 126 0
1800 56 0
1850 22 0
1900 8 0
1950 2 0
2000 0 0


Year 2010
class scanned recaptured
100 0 0
150 0 0
200 0 0
250 2 0
300 30 0
350 342 0
400 2546 0
450 12914 0
500 45438 0
550 110634 0
600 193100 0
650 259840 2
700 288924 6
750 275666 9
800 231594 8
850 178066 18
900 131090 12
950 95240 12
1000 68874 5
1050 49434 3
1100 34952 2
1150 24134 1
1200 16262 2
1250 10830 0
1300 7284 0
1350 5028 0
1400 3564 0
1450 2550 0
1500 1794 0
1550 1212 0
1600 770 0
1650 454 0
1700 246 0
1750 120 0
1800 54 0
1850 22 0
1900 8 0
1950 2 0
2000 0 0


Tags2008_R1_R1 :
tag-recapture data for tag Tags2008_R1 in years 2009 2010 , step 1, after proportion 0.5 of mortality, with sampling method size, detection probability 1.
Year 2009
class scanned recaptured
100 0 0
150 0 0
200 0 0
250 2 0
300 28 0
350 338 0
400 2596 0
450 13080 0
500 43468 1
550 101422 3
600 180382 8
650 255904 7
700 293398 16
750 278302 26
800 229716 29
850 175798 26
900 130724 19
950 96182 12
1000 70174 8
1050 50456 5
1100 35360 6
1150 24054 3
1200 16060 3
1250 10754 1
1300 7362 1
1350 5182 0
1400 3714 0
1450 2662 0
1500 1866 0
1550 1256 1
1600 798 0
1650 470 0
1700 254 0
1750 126 0
1800 56 0
1850 22 0
1900 8 0
1950 2 0
2000 0 0


Year 2010
class scanned recaptured
100 0 0
150 0 0
200 0 0
250 2 0
300 30 0
350 342 0
400 2546 0
450 12914 0
500 45438 0
550 110634 0
600 193100 2
650 259840 7
700 288924 23
750 275666 24
800 231594 25
850 178066 26
900 131090 19
950 95240 9
1000 68874 5
1050 49434 6
1100 34952 6
1150 24134 3
1200 16262 1
1250 10830 3
1300 7284 0
1350 5028 0
1400 3564 0
1450 2550 0
1500 1794 0
1550 1212 0
1600 770 0
1650 454 0
1700 246 0
1750 120 0
1800 54 0
1850 22 0
1900 8 0
1950 2 0
2000 0 0


Tags2009_R1_R1 :
tag-recapture data for tag Tags2009_R1 in years 2010 , step 1, after proportion 0.5 of mortality, with sampling method size, detection probability 1.
Year 2010
class scanned recaptured
100 0 0
150 0 0
200 0 0
250 2 0
300 30 0
350 342 0
400 2546 0
450 12914 0
500 45438 0
550 110634 2
600 193100 6
650 259840 16
700 288924 34
750 275666 25
800 231594 24
850 178066 21
900 131090 19
950 95240 13
1000 68874 6
1050 49434 5
1100 34952 5
1150 24134 1
1200 16262 3
1250 10830 1
1300 7284 0
1350 5028 0
1400 3564 0
1450 2550 0
1500 1794 0
1550 1212 0
1600 770 0
1650 454 0
1700 246 0
1750 120 0
1800 54 0
1850 22 0
1900 8 0
1950 2 0
2000 0 0



Ageing_error:
  Misclassification matrix:
1 0 0 0 0 0 0 0 0 0 0 0 0 0 0 0 0 0 0 0 0 0 0 0 0 0 0 0 0 0 
0 1 0 0 0 0 0 0 0 0 0 0 0 0 0 0 0 0 0 0 0 0 0 0 0 0 0 0 0 0 
0 0 1 0 0 0 0 0 0 0 0 0 0 0 0 0 0 0 0 0 0 0 0 0 0 0 0 0 0 0 
0 0 0 1 0 0 0 0 0 0 0 0 0 0 0 0 0 0 0 0 0 0 0 0 0 0 0 0 0 0 
0 0 0 0 1 0 0 0 0 0 0 0 0 0 0 0 0 0 0 0 0 0 0 0 0 0 0 0 0 0 
0 0 0 0 0 1 0 0 0 0 0 0 0 0 0 0 0 0 0 0 0 0 0 0 0 0 0 0 0 0 
0 0 0 0 0 0 1 0 0 0 0 0 0 0 0 0 0 0 0 0 0 0 0 0 0 0 0 0 0 0 
0 0 0 0 0 0 0 1 0 0 0 0 0 0 0 0 0 0 0 0 0 0 0 0 0 0 0 0 0 0 
0 0 0 0 0 0 0 0 1 0 0 0 0 0 0 0 0 0 0 0 0 0 0 0 0 0 0 0 0 0 
0 0 0 0 0 0 0 0 0 1 0 0 0 0 0 0 0 0 0 0 0 0 0 0 0 0 0 0 0 0 
0 0 0 0 0 0 0 0 0 0 1 0 0 0 0 0 0 0 0 0 0 0 0 0 0 0 0 0 0 0 
0 0 0 0 0 0 0 0 0 0 0 1 0 0 0 0 0 0 0 0 0 0 0 0 0 0 0 0 0 0 
0 0 0 0 0 0 0 0 0 0 0 0 1 0 0 0 0 0 0 0 0 0 0 0 0 0 0 0 0 0 
0 0 0 0 0 0 0 0 0 0 0 0 0 1 0 0 0 0 0 0 0 0 0 0 0 0 0 0 0 0 
0 0 0 0 0 0 0 0 0 0 0 0 0 0 1 0 0 0 0 0 0 0 0 0 0 0 0 0 0 0 
0 0 0 0 0 0 0 0 0 0 0 0 0 0 0 1 0 0 0 0 0 0 0 0 0 0 0 0 0 0 
0 0 0 0 0 0 0 0 0 0 0 0 0 0 0 0 1 0 0 0 0 0 0 0 0 0 0 0 0 0 
0 0 0 0 0 0 0 0 0 0 0 0 0 0 0 0 0 1 0 0 0 0 0 0 0 0 0 0 0 0 
0 0 0 0 0 0 0 0 0 0 0 0 0 0 0 0 0 0 1 0 0 0 0 0 0 0 0 0 0 0 
0 0 0 0 0 0 0 0 0 0 0 0 0 0 0 0 0 0 0 1 0 0 0 0 0 0 0 0 0 0 
0 0 0 0 0 0 0 0 0 0 0 0 0 0 0 0 0 0 0 0 1 0 0 0 0 0 0 0 0 0 
0 0 0 0 0 0 0 0 0 0 0 0 0 0 0 0 0 0 0 0 0 1 0 0 0 0 0 0 0 0 
0 0 0 0 0 0 0 0 0 0 0 0 0 0 0 0 0 0 0 0 0 0 1 0 0 0 0 0 0 0 
0 0 0 0 0 0 0 0 0 0 0 0 0 0 0 0 0 0 0 0 0 0 0 1 0 0 0 0 0 0 
0 0 0 0 0 0 0 0 0 0 0 0 0 0 0 0 0 0 0 0 0 0 0 0 1 0 0 0 0 0 
0 0 0 0 0 0 0 0 0 0 0 0 0 0 0 0 0 0 0 0 0 0 0 0 0 1 0 0 0 0 
0 0 0 0 0 0 0 0 0 0 0 0 0 0 0 0 0 0 0 0 0 0 0 0 0 0 1 0 0 0 
0 0 0 0 0 0 0 0 0 0 0 0 0 0 0 0 0 0 0 0 0 0 0 0 0 0 0 1 0 0 
0 0 0 0 0 0 0 0 0 0 0 0 0 0 0 0 0 0 0 0 0 0 0 0 0 0 0 0 1 0 
0 0 0 0 0 0 0 0 0 0 0 0 0 0 0 0 0 0 0 0 0 0 0 0 0 0 0 0 0 1 

Free parameters:

initialization.B0
uniform: bounds from 5000 to 500000
current value: 448262
lower bound: 5000
upper bound: 500000


Q's:
qs are nuisance parameters

Penalties:
LL1_Penalty :
Catch limit penalty of 1000 x the sum of squares of (log(actual catch) - log(specified catch)) for fishery LL1 to disencourage breaking exploitation rate limits
LL2_Penalty :
Catch limit penalty of 1000 x the sum of squares of (log(actual catch) - log(specified catch)) for fishery LL2 to disencourage breaking exploitation rate limits
meanYCS_1 :
Vector average penalty of 100 x square of (mean(recruitment.YCS) - 1) 
Penalty_Tags2005_R1_LL1 :
'Fish-must-be-tagged' penalty of 1 x square of (actual number of tagged fish - nominal number of tagged fish) for tagging episode Tags2005_R1_LL1
Penalty_Tags2006_R1_LL1 :
'Fish-must-be-tagged' penalty of 1 x square of (actual number of tagged fish - nominal number of tagged fish) for tagging episode Tags2006_R1_LL1
Penalty_Tags2007_R1_LL1 :
'Fish-must-be-tagged' penalty of 1 x square of (actual number of tagged fish - nominal number of tagged fish) for tagging episode Tags2007_R1_LL1
Penalty_Tags2008_R1_LL1 :
'Fish-must-be-tagged' penalty of 1 x square of (actual number of tagged fish - nominal number of tagged fish) for tagging episode Tags2008_R1_LL1
Penalty_Tags2009_R1_LL1 :
'Fish-must-be-tagged' penalty of 1 x square of (actual number of tagged fish - nominal number of tagged fish) for tagging episode Tags2009_R1_LL1

Components of the objective function are:
  LL1_catchA
  Tags2005_R1_R1
  Tags2006_R1_R1
  Tags2007_R1_R1
  Tags2008_R1_R1
  Tags2009_R1_R1
  prior_on_initialization.B0
  LL1_Penalty
  LL2_Penalty
  meanYCS_1
  Penalty_Tags2005_R1_LL1
  Penalty_Tags2006_R1_LL1
  Penalty_Tags2007_R1_LL1
  Penalty_Tags2008_R1_LL1
  Penalty_Tags2009_R1_LL1

Random number seed : 86047


Minimiser achieved convergence after 8 quasi-Newton iterations using 11 objective function evaluations



Approximate Covariance matrix (Inverse Hessian of parameters at point estimate):
1.20172e+007 

Correlation matrix:
1 

List of parameter names, in the same order as the rows & cols of the covariance/correlation matrices:
initialization.B0 



Start extracting output from here

Point estimate:
initialization.B0
current value: 190061
lower bound: 5000
upper bound: 500000


In a format suitable for -i :

initialization.B0 
190061 

Objective function : 926.989

Components :
LL1_catchA                                         403.39
Tags2005_R1_R1                                     159.953
Tags2006_R1_R1                                     140.028
Tags2007_R1_R1                                     103.769
Tags2008_R1_R1                                     83.8988
Tags2009_R1_R1                                     35.9502
prior_on_initialization.B0                         0
LL1_Penalty                                        0
LL2_Penalty                                        0
meanYCS_1                                          0
Penalty_Tags2005_R1_LL1                            2.06795e-025
Penalty_Tags2006_R1_LL1                            1.86116e-024
Penalty_Tags2007_R1_LL1                            2.06795e-025
Penalty_Tags2008_R1_LL1                            1.86116e-024
Penalty_Tags2009_R1_LL1                            0

Fits : 

The observations are:
LL1_catchA
Tags2005_R1_R1
Tags2006_R1_R1
Tags2007_R1_R1
Tags2008_R1_R1
Tags2009_R1_R1
Fits follow:

LL1_catchA :
catch proportions-at-age for fishery LL1  with ageing error (constrained to sum to 1):
obs (last class is a plus group):
class 1       2       3       4       5       6       7       8       9       10      11      12      13      14      15      16      17      18      19      20      21      22      23      24      25      26      27      28      29      30      
2000 0       0       0       0       0.01    0.01    0.06    0.07    0.18    0.07    0.13    0.1     0.09    0.06    0.06    0.01    0.03    0.02    0.02    0.03    0       0       0.01    0.01    0       0.01    0       0.01    0       0.01    
2001 0       0       0       0.01    0.01    0.02    0.09    0.1     0.17    0.12    0.17    0.07    0.05    0.06    0.04    0.04    0.01    0.02    0.01    0.01    0       0       0       0       0       0       0       0       0       0       
2002 0       0       0       0       0.01    0.02    0.06    0.11    0.14    0.13    0.16    0.08    0.04    0.11    0.06    0.02    0.01    0.01    0.02    0.01    0       0       0       0       0       0.01    0       0       0       0       
2003 0       0       0       0       0       0.02    0.01    0.12    0.12    0.16    0.18    0.09    0.07    0.07    0.04    0.03    0.01    0       0.01    0       0.01    0.01    0.02    0       0.03    0       0       0       0       0       
2004 0       0       0       0       0.02    0.03    0.1     0.08    0.23    0.07    0.06    0.09    0.11    0.05    0.04    0.04    0.01    0       0.03    0.02    0       0       0       0       0       0       0.01    0.01    0       0       
2005 0       0       0       0       0       0.04    0.03    0.09    0.22    0.12    0.14    0.1     0.05    0.02    0.01    0.05    0.02    0.03    0.02    0.01    0       0       0.01    0.01    0.01    0       0.01    0       0.01    0       
2006 0       0       0       0       0       0.03    0.06    0.09    0.18    0.21    0.11    0.11    0.06    0.02    0.02    0.02    0.05    0.03    0.01    0       0       0       0       0       0       0       0       0       0       0       
2007 0       0       0       0.01    0.01    0       0.09    0.11    0.17    0.12    0.14    0.08    0.07    0.04    0.04    0.02    0.01    0.04    0.01    0.01    0.01    0       0.01    0.01    0       0       0       0       0       0       
2008 0       0       0       0       0       0.04    0.08    0.1     0.09    0.18    0.14    0.09    0.07    0.07    0.01    0.02    0.04    0.01    0.02    0.02    0.01    0       0       0       0.01    0       0       0       0       0       
2009 0       0       0       0       0       0.02    0.03    0.13    0.19    0.22    0.1     0.09    0.06    0.06    0.03    0.02    0.01    0.01    0.01    0.01    0       0.01    0       0       0       0       0       0       0       0       
2010 0       0       0       0       0       0.02    0.06    0.09    0.18    0.17    0.1     0.07    0.09    0.07    0.11    0.01    0.01    0       0.01    0       0       0       0       0       0       0       0.01    0       0       0       
fits (last class is a plus group):
class 1       2       3       4       5       6       7       8       9       10      11      12      13      14      15      16      17      18      19      20      21      22      23      24      25      26      27      28      29      30      
2000 4.90658e-007 8.02256e-006 9.27476e-005 0.000758086 0.0043803 0.0178833 0.051494 0.104092 0.146724 0.143734 0.116661 0.0935033 0.0740601 0.058012 0.0449815 0.0345904 0.0264865 0.0203067 0.0156171 0.0119585 0.00905509 0.00677529 0.00500556 0.00364881 0.00262258 0.00185752 0.00129584 0.000890067 0.00060177 0.00290347 
2001 4.92122e-007 8.04658e-006 9.30316e-005 0.000760503 0.00439507 0.0179475 0.0516904 0.104502 0.147288 0.144361 0.117164 0.0938191 0.0742361 0.0580859 0.0449725 0.0344835 0.0262325 0.0198761 0.015081 0.0114786 0.00869841 0.00651733 0.00482423 0.00352506 0.0025407 0.00180506 0.00126335 0.000870654 0.000590609 0.0028893 
2002 4.93319e-007 8.0659e-006 9.32558e-005 0.000762387 0.00440651 0.0179974 0.0518439 0.104826 0.147737 0.144755 0.117532 0.0941093 0.0743976 0.0581554 0.0449781 0.0344382 0.0261235 0.0196653 0.0147467 0.0110742 0.00834194 0.0062553 0.0046368 0.00339474 0.00245272 0.00174746 0.00122683 0.00084826 0.000577354 0.00286802 
2003 4.94343e-007 8.08215e-006 9.34408e-005 0.000763907 0.00441559 0.0180366 0.0519645 0.105082 0.148093 0.145068 0.117737 0.0943126 0.0745557 0.0582269 0.0449906 0.034412 0.026067 0.0195676 0.014579 0.0108208 0.00804243 0.00599503 0.00444763 0.00326094 0.00236073 0.00168606 0.00118708 0.000823336 0.000562238 0.00283979 
2004 4.95265e-007 8.09659e-006 9.36022e-005 0.000765202 0.00442311 0.0180685 0.0520613 0.105285 0.148375 0.145314 0.117898 0.0944029 0.0746586 0.0583062 0.0450126 0.0343971 0.0260295 0.0195128 0.0144978 0.0106916 0.0078542 0.00577689 0.00426058 0.00312653 0.00226675 0.00162219 0.00114494 0.000796377 0.000545533 0.00280477 
2005 4.96139e-007 8.11013e-006 9.37512e-005 0.000766375 0.00442975 0.0180956 0.0521416 0.105451 0.1486  0.145506 0.118021 0.0944705 0.0746825 0.0583504 0.0450469 0.0343942 0.0260041 0.0194747 0.0144502 0.0106273 0.00775724 0.00563952 0.00410409 0.00299405 0.00217265 0.00155716 0.00110128 0.000767914 0.000527544 0.00276318 
2006 4.97006e-007 8.12347e-006 9.38968e-005 0.000767504 0.00443601 0.0181205 0.0522125 0.105592 0.148785 0.145658 0.118113 0.0945174 0.0746957 0.0583385 0.0450583 0.0344039 0.0259901 0.0194474 0.0144163 0.0105886 0.00770804 0.00556822 0.0040054 0.00288336 0.00208012 0.00149221 0.00105693 0.000738498 0.000508606 0.00271533 
2007 4.97886e-007 8.13694e-006 9.40428e-005 0.000768626 0.00444214 0.0181444 0.0522784 0.105718 0.148943 0.145779 0.118179 0.094546 0.074698 0.0583224 0.0450296 0.0343984 0.0259874 0.01943 0.0143914 0.0105606 0.00767784 0.00553151 0.00395386 0.00281345 0.00200285 0.00142842 0.00101269 0.000708662 0.00048906 0.00266159 
2008 4.98791e-007 8.15078e-006 9.41923e-005 0.000769769 0.00444833 0.0181682 0.0523426 0.105837 0.149084 0.14588 0.118227 0.0945592 0.0746894 0.0583006 0.0449997 0.0343638 0.0259743 0.0194217 0.0143742 0.0105395 0.00765565 0.00550863 0.00392702 0.00277676 0.00195398 0.00137516 0.000969275 0.000678921 0.000469253 0.00260248 
2009 4.9973e-007 8.16512e-006 9.43468e-005 0.000770946 0.00445467 0.0181923 0.052407 0.105953 0.149218 0.145968 0.118262 0.0945599 0.0746707 0.0582719 0.0449666 0.0343293 0.0259398 0.0194061 0.0143642 0.0105243 0.00763862 0.0054916 0.00391007 0.00275746 0.00192822 0.00134143 0.00093303 0.000649747 0.000449517 0.00253863 
2010 5.00702e-007 8.17998e-006 9.45071e-005 0.000772165 0.00446121 0.0182171 0.0524725 0.10607 0.149349 0.146051 0.118288 0.0945512 0.0746432 0.0582359 0.0449286 0.0342926 0.0259056 0.0193748 0.0143488 0.0105144 0.00762594 0.0054783 0.00389729 0.00274513 0.00191455 0.00132358 0.000910043 0.000625387 0.000430161 0.00247078 
resids (last class is a plus group):
class 1       2       3       4       5       6       7       8       9       10      11      12      13      14      15      16      17      18      19      20      21      22      23      24      25      26      27      28      29      30      
2000 -4.90658e-007 -8.02256e-006 -9.27476e-005 -0.000758086 0.0056197 -0.0078833 0.00850601 -0.0340917 0.0332761 -0.0737338 0.0133387 0.00649666 0.0159399 0.00198795 0.0150185 -0.0245904 0.00351347 -0.000306719 0.00438285 0.0180415 -0.00905509 -0.00677529 0.00499444 0.00635119 -0.00262258 0.00814248 -0.00129584 0.00910993 -0.00060177 0.00709653 
2001 -4.92122e-007 -8.04658e-006 -9.30316e-005 0.0092395 0.00560493 0.00205246 0.0383096 -0.00450222 0.0227116 -0.0243605 0.0528361 -0.0238191 -0.0242361 0.00191414 -0.00497246 0.00551654 -0.0162325 0.000123918 -0.00508095 -0.00147865 -0.00869841 -0.00651733 -0.00482423 -0.00352506 -0.0025407 -0.00180506 -0.00126335 -0.000870654 -0.000590609 -0.0028893 
2002 -4.93319e-007 -8.0659e-006 -9.32558e-005 -0.000762387 0.00559349 0.0020026 0.00815614 0.00517379 -0.00773743 -0.014755 0.0424682 -0.0141093 -0.0343976 0.0518446 0.0150219 -0.0144382 -0.0161235 -0.00966527 0.00525335 -0.00107417 -0.00834194 -0.0062553 -0.0046368 -0.00339474 -0.00245272 0.00825254 -0.00122683 -0.00084826 -0.000577354 -0.00286802 
2003 -4.94343e-007 -8.08215e-006 -9.34408e-005 -0.000763907 -0.00441559 0.00196337 -0.0419645 0.0149182 -0.0280931 0.0149325 0.0622626 -0.00431259 -0.00455575 0.0117731 -0.00499058 -0.00441199 -0.016067 -0.0195676 -0.00457898 -0.0108208 0.00195757 0.00400497 0.0155524 -0.00326094 0.0276393 -0.00168606 -0.00118708 -0.000823336 -0.000562238 -0.00283979 
2004 -4.95265e-007 -8.09659e-006 -9.36022e-005 -0.000765202 0.0155769 0.0119315 0.0479387 -0.0252854 0.0816251 -0.0753135 -0.057898 -0.00440293 0.0353414 -0.00830622 -0.00501264 0.00560288 -0.0160295 -0.0195128 0.0155022 0.00930836 -0.0078542 -0.00577689 -0.00426058 -0.00312653 -0.00226675 -0.00162219 0.00885506 0.00920362 -0.000545533 -0.00280477 
2005 -4.96139e-007 -8.11013e-006 -9.37512e-005 -0.000766375 -0.00442975 0.0219044 -0.0221416 -0.0154511 0.0713997 -0.0255064 0.0219789 0.0055295 -0.0246825 -0.0383504 -0.0350469 0.0156058 -0.00600407 0.0105253 0.0055498 -0.000627329 -0.00775724 -0.00563952 0.00589591 0.00700595 0.00782735 -0.00155716 0.00889872 -0.000767914 0.00947246 -0.00276318 
2006 -4.97006e-007 -8.12347e-006 -9.38968e-005 -0.000767504 -0.00443601 0.0118795 0.00778749 -0.0155922 0.0312146 0.0643422 -0.00811268 0.0154826 -0.0146957 -0.0383385 -0.0250583 -0.0144039 0.0240099 0.0105526 -0.00441634 -0.0105886 -0.00770804 -0.00556822 -0.0040054 -0.00288336 -0.00208012 -0.00149221 -0.00105693 -0.000738498 -0.000508606 -0.00271533 
2007 -4.97886e-007 -8.13694e-006 -9.40428e-005 0.00923137 0.00555786 -0.0181444 0.0377216 0.00428195 0.0210569 -0.0257793 0.0218206 -0.014546 -0.00469802 -0.0183224 -0.00502958 -0.0143984 -0.0159874 0.02057 -0.00439139 -0.000560606 0.00232216 -0.00553151 0.00604614 0.00718655 -0.00200285 -0.00142842 -0.00101269 -0.000708662 -0.00048906 -0.00266159 
2008 -4.98791e-007 -8.15078e-006 -9.41923e-005 -0.000769769 -0.00444833 0.0218318 0.0276574 -0.00583664 -0.0590844 0.0341199 0.0217726 -0.00455921 -0.00468944 0.0116994 -0.0349997 -0.0143638 0.0140257 -0.0094217 0.00562576 0.00946052 0.00234435 -0.00550863 -0.00392702 -0.00277676 0.00804602 -0.00137516 -0.000969275 -0.000678921 -0.000469253 -0.00260248 
2009 -4.9973e-007 -8.16512e-006 -9.43468e-005 -0.000770946 -0.00445467 0.00180768 -0.022407 0.024047 0.0407821 0.0740317 -0.0182618 -0.00455994 -0.0146707 0.00172814 -0.0149666 -0.0143293 -0.0159398 -0.00940612 -0.00436417 -0.000524297 -0.00763862 0.0045084 -0.00391007 -0.00275746 -0.00192822 -0.00134143 -0.00093303 -0.000649747 -0.000449517 -0.00253863 
2010 -5.00702e-007 -8.17998e-006 -9.45071e-005 -0.000772165 -0.00446121 0.0017829 0.00752754 -0.0160699 0.0306506 0.0239493 -0.0182877 -0.0245512 0.0153568 0.0117641 0.0650714 -0.0242926 -0.0159056 -0.0193748 -0.00434882 -0.0105144 -0.00762594 -0.0054783 -0.00389729 -0.00274513 -0.00191455 -0.00132358 0.00908996 -0.000625387 -0.000430161 -0.00247078 
pearson_resids (last class is a plus group):
class 1       2       3       4       5       6       7       8       9       10      11      12      13      14      15      16      17      18      19      20      21      22      23      24      25      26      27      28      29      30      
2000 -0.0070047 -0.0283242 -0.09631 -0.275438 0.850969 -0.594843 0.384882 -1.11637 0.940452 -2.10176 0.415515 0.223148 0.608696 0.0850402 0.724608 -1.34565 0.218803 -0.0217458 0.353487 1.65977 -0.95592 -0.825924 0.707701 1.05335 -0.512785 1.89101 -0.360212 3.0549  -0.245384 1.31892 
2001 -0.00701515 -0.0283666 -0.0964574 3.35168 0.847313 0.154599 1.73033 -0.147174 0.640859 -0.693134 1.64283 -0.816907 -0.924495 0.0818338 -0.239933 0.30233 -1.01564 0.00887826 -0.416899 -0.138812 -0.936736 -0.809943 -0.696248 -0.594771 -0.504695 -0.425244 -0.355661 -0.295197 -0.243096 -0.5383 
2002 -0.00702367 -0.0284006 -0.0965735 -0.276219 0.84449 0.150638 0.367871 0.168896 -0.218054 -0.41935 1.31867 -0.483226 -1.3108 2.21523 0.7248  -0.791778 -1.01086 -0.696108 0.435828 -0.102644 -0.917176 -0.79339 -0.682525 -0.583635 -0.495858 1.97589 -0.350476 -0.291373 -0.240351 -0.536309 
2003 -0.00703095 -0.0284292 -0.0966693 -0.276494 -0.665971 0.147529 -1.89067 0.486475 -0.790926 0.424014 1.93184 -0.147558 -0.173438 0.502754 -0.240761 -0.242038 -1.00838 -1.41273 -0.382028 -1.0459 0.219168 0.518811 2.33722 -0.57198 5.6953  -0.410963 -0.344745 -0.287056 -0.237182 -0.533655 
2004 -0.00703751 -0.0284546 -0.0967527 -0.276729 2.34736 0.895767 2.15794 -0.82384 2.29625 -2.13706 -1.79536 -0.150585 1.3446  -0.35448 -0.241769 0.307433 -1.00673 -1.41071 1.29692 0.905076 -0.88974 -0.762264 -0.654126 -0.56003 -0.476645 -0.403091 2.61847 3.26266 -0.23363 -0.530345 
2005 -0.00704372 -0.0284784 -0.0968298 -0.276941 -0.667043 1.64327 -0.995967 -0.503075 2.00733 -0.723358 0.681235 0.189054 -0.938932 -1.63607 -1.68976 0.856334 -0.377265 0.761677 0.465052 -0.0611792 -0.884188 -0.753094 0.922222 1.2823  1.68109 -0.394917 2.68299 -0.277219 4.12523 -0.526387 
2006 -0.00704987 -0.0285018 -0.0969049 -0.277145 -0.667516 0.890599 0.35007 -0.507367 0.877118 1.82395 -0.251368 0.529236 -0.558984 -1.63572 -1.20802 -0.790275 1.50905 0.764173 -0.3705 -1.0345 -0.881358 -0.748291 -0.634153 -0.537745 -0.456558 -0.38658 -0.325277 -0.271854 -0.22558 -0.521797 
2007 -0.0070561 -0.0285254 -0.0969802 3.33101 0.835754 -1.3594 1.69468 0.139261 0.591432 -0.730531 0.675935 -0.497152 -0.178698 -0.781834 -0.242542 -0.790036 -1.00488 1.49025 -0.368721 -0.0548427 0.266039 -0.745807 0.963446 1.35679 -0.447981 -0.378215 -0.318389 -0.266301 -0.221201 -0.516594 
2008 -0.00706252 -0.0285497 -0.0970573 -0.277554 -0.668446 1.63462 1.24182 -0.18973 -1.65887 0.966607 0.67433 -0.155814 -0.178381 0.499309 -1.68833 -0.78852 0.881798 -0.682723 0.472643 0.926416 0.268968 -0.744254 -0.627894 -0.527683 1.82199 -0.371087 -0.311483 -0.26065 -0.216673 -0.51081 
2009 -0.00706916 -0.0285748 -0.0971369 -0.277766 -0.668925 0.135258 -1.00549 0.781312 1.14459 2.09677 -0.565524 -0.155839 -0.558119 0.073771 -0.722218 -0.787004 -1.00278 -0.681862 -0.366778 -0.0513782 -0.877349 0.610055 -0.626532 -0.525841 -0.439539 -0.366502 -0.305598 -0.254984 -0.212066 -0.504489 
2010 -0.00707603 -0.0286008 -0.0972194 -0.277986 -0.669418 0.133315 0.337591 -0.521874 0.859928 0.678148 -0.566274 -0.839088 0.584322 0.502333 3.14131 -1.33491 -1.00127 -1.40562 -0.36568 -1.03083 -0.876615 -0.742191 -0.625503 -0.52466 -0.437975 -0.364052 3.01459 -0.250156 -0.207448 -0.497684 
objective function: multinomial likelihood, with delta = 1e-011, N =
100 100 100 100 100 100 100 100 100 100 100 100 100 100 100 100 100 100 100 100 100 100 100 100 100 100 100 100 100 100 
100 100 100 100 100 100 100 100 100 100 100 100 100 100 100 100 100 100 100 100 100 100 100 100 100 100 100 100 100 100 
100 100 100 100 100 100 100 100 100 100 100 100 100 100 100 100 100 100 100 100 100 100 100 100 100 100 100 100 100 100 
100 100 100 100 100 100 100 100 100 100 100 100 100 100 100 100 100 100 100 100 100 100 100 100 100 100 100 100 100 100 
100 100 100 100 100 100 100 100 100 100 100 100 100 100 100 100 100 100 100 100 100 100 100 100 100 100 100 100 100 100 
100 100 100 100 100 100 100 100 100 100 100 100 100 100 100 100 100 100 100 100 100 100 100 100 100 100 100 100 100 100 
100 100 100 100 100 100 100 100 100 100 100 100 100 100 100 100 100 100 100 100 100 100 100 100 100 100 100 100 100 100 
100 100 100 100 100 100 100 100 100 100 100 100 100 100 100 100 100 100 100 100 100 100 100 100 100 100 100 100 100 100 
100 100 100 100 100 100 100 100 100 100 100 100 100 100 100 100 100 100 100 100 100 100 100 100 100 100 100 100 100 100 
100 100 100 100 100 100 100 100 100 100 100 100 100 100 100 100 100 100 100 100 100 100 100 100 100 100 100 100 100 100 
100 100 100 100 100 100 100 100 100 100 100 100 100 100 100 100 100 100 100 100 100 100 100 100 100 100 100 100 100 100 

Tags2005_R1_R1 :
tag-recapture data for tag Tags2005_R1 in years 2006 2007 2008 2009 2010 , step 1, after proportion 0.5 of mortality, with sampling method size, detection probability 1.
Year 2006
class scanned recaptured expected_prop neg_log_likelihood
100 0 0 0 0
150 0 0 1.41917e-012 0
200 0 0 8.34477e-012 0
250 2 0 5.82899e-011 1.1658e-010
300 28 0 7.82876e-010 2.19205e-008
350 320 0 9.83674e-009 3.14776e-006
400 2302 0 9.18882e-008 0.000211527
450 11502 0 6.19411e-007 0.00712447
500 39770 0 2.95143e-006 0.117379
550 96806 0 1.00787e-005 0.975687
600 173902 6 2.5506e-005 2.07688
650 243624 19 4.97828e-005 4.05296
700 277690 27 7.80117e-005 3.17917
750 266092 19 0.000102197 3.77702
800 224820 24 0.000116933 2.61406
850 178122 24 0.000122066 2.6247
900 136978 22 0.000120375 3.30104
950 101584 12 0.000114501 2.17405
1000 71958 8 0.000106027 1.97787
1050 49292 6 9.58545e-005 1.98704
1100 33518 4 8.45847e-005 1.8448
1150 23134 1 7.26915e-005 1.16186
1200 16316 2 6.06848e-005 1.70308
1250 11662 0 4.92936e-005 0.574876
1300 8346 0 3.9286e-005 0.327887
1350 5944 0 3.11615e-005 0.185227
1400 4222 0 2.51092e-005 0.106012
1450 2988 0 2.08588e-005 0.0623267
1500 2086 0 1.79557e-005 0.0374558
1550 1406 0 1.60038e-005 0.0225015
1600 896 0 1.46555e-005 0.0131314
1650 530 0 1.37417e-005 0.00728313
1700 286 0 1.31401e-005 0.0037581
1750 140 0 1.27532e-005 0.00178546
1800 62 0 1.25081e-005 0.000775509
1850 24 0 1.23535e-005 0.000296486
1900 8 0 1.22527e-005 9.80225e-005
1950 2 0 1.21753e-005 2.43508e-005
2000 0 0 1.20894e-005 0

total neg_log_likelihood: 34.9184


Year 2007
class scanned recaptured expected_prop neg_log_likelihood
100 0 0 0 0
150 0 0 4.74869e-015 0
200 0 0 4.76295e-013 0
250 2 0 7.04074e-012 1.40814e-011
300 28 0 1.44329e-010 4.04122e-009
350 344 0 2.01014e-009 6.91488e-007
400 2442 0 1.94035e-008 4.73833e-005
450 11568 0 1.49383e-007 0.00172806
500 39724 0 8.66558e-007 0.0344232
550 99366 1 3.66281e-006 1.37467
600 181960 3 1.14424e-005 1.67374
650 252416 10 2.7236e-005 2.70059
700 280488 15 5.11257e-005 2.29345
750 265182 30 7.82693e-005 4.42945
800 224010 23 0.000101243 2.49251
850 176300 25 0.000115169 3.03709
900 134278 21 0.000119881 3.12576
950 100438 12 0.000117869 2.16937
1000 72920 5 0.000111654 2.44427
1050 50898 7 0.00010279 2.17364
1100 34514 3 9.21403e-005 1.50108
1150 23278 0 8.02996e-005 1.86929
1200 15942 1 6.78811e-005 1.00317
1250 11162 1 5.57276e-005 1.09676
1300 7944 0 4.47606e-005 0.355586
1350 5686 0 3.5645e-005 0.202681
1400 4062 0 2.87192e-005 0.116659
1450 2880 0 2.37757e-005 0.0684748
1500 2006 0 2.03485e-005 0.0408196
1550 1350 0 1.80137e-005 0.0243187
1600 862 0 1.63747e-005 0.0141151
1650 512 0 1.52449e-005 0.00780544
1700 278 0 1.44892e-005 0.00402803
1750 138 0 1.39965e-005 0.00193153
1800 62 0 1.36811e-005 0.000848234
1850 24 0 1.3481e-005 0.000323545
1900 8 0 1.33512e-005 0.00010681
1950 2 0 1.32551e-005 2.65104e-005
2000 0 0 1.31542e-005 0

total neg_log_likelihood: 34.2588


Year 2008
class scanned recaptured expected_prop neg_log_likelihood
100 0 0 0 0
150 0 0 0 0
200 0 0 1.37043e-014 0
250 2 0 6.4561e-013 1.29119e-012
300 28 0 2.46949e-011 6.91458e-010
350 344 0 4.66999e-010 1.60648e-007
400 2602 0 4.63191e-009 1.20522e-005
450 12332 0 3.56839e-008 0.000440054
500 40170 0 2.35099e-007 0.00944395
550 97884 1 1.18755e-006 2.26832
600 182308 3 4.5059e-006 3.20324
650 260086 2 1.30019e-005 1.63805
700 291620 9 2.92691e-005 2.03921
750 271378 13 5.2884e-005 2.27354
800 224512 14 7.89363e-005 2.66596
850 174626 13 0.000100573 2.85978
900 131756 14 0.000113514 2.2756
950 97934 12 0.000117621 2.17818
1000 71728 11 0.000115163 2.53649
1050 51120 6 0.000108477 1.84679
1100 35200 3 9.90332e-005 1.53145
1150 23658 2 8.76782e-005 1.30816
1200 15864 1 7.51606e-005 1.01639
1250 10828 2 6.24534e-005 2.15178
1300 7580 1 5.0648e-005 1.34121
1350 5410 1 4.05942e-005 1.73546
1400 3886 0 3.28038e-005 0.127478
1450 2772 0 2.7156e-005 0.0752775
1500 1934 0 2.31886e-005 0.0448472
1550 1300 0 2.04567e-005 0.026594
1600 826 0 1.85168e-005 0.015295
1650 490 0 1.71643e-005 0.00841057
1700 266 0 1.62503e-005 0.00432262
1750 132 0 1.56493e-005 0.00206572
1800 58 0 1.5262e-005 0.000885202
1850 24 0 1.50154e-005 0.000360373
1900 8 0 1.48559e-005 0.000118848
1950 2 0 1.47397e-005 2.94797e-005
2000 0 0 1.46229e-005 0

total neg_log_likelihood: 35.1852


Year 2009
class scanned recaptured expected_prop neg_log_likelihood
100 0 0 0 0
150 0 0 0 0
200 0 0 4.63894e-017 0
250 2 0 3.95246e-014 7.90479e-014
300 28 0 3.33079e-012 9.32618e-011
350 338 0 1.05516e-010 3.56643e-008
400 2596 0 1.33117e-009 3.45572e-006
450 13080 0 9.21573e-009 0.000120542
500 43468 0 6.28667e-008 0.00273269
550 101422 0 3.5863e-007 0.036373
600 180382 0 1.60454e-006 0.289431
650 255904 2 5.53281e-006 1.41353
700 293398 2 1.48473e-005 2.10613
750 278302 2 3.16642e-005 5.15316
800 229716 12 5.49967e-005 2.18447
850 175798 15 7.98827e-005 2.31036
900 130724 16 0.000100096 2.61337
950 96182 13 0.000111895 2.42579
1000 70174 10 0.000115233 2.28895
1050 50456 7 0.000112153 2.05143
1100 35360 2 0.000104777 1.77875
1150 24054 3 9.44857e-005 1.60148
1200 16060 0 8.22893e-005 1.32162
1250 10754 1 6.93237e-005 1.03915
1300 7362 1 5.68658e-005 1.28933
1350 5182 0 4.59712e-005 0.238228
1400 3714 0 3.73525e-005 0.13873
1450 2662 0 3.1004e-005 0.0825339
1500 1866 0 2.64864e-005 0.0494243
1550 1256 0 2.33449e-005 0.0293215
1600 798 0 2.10928e-005 0.0168322
1650 470 0 1.95093e-005 0.00916948
1700 254 0 1.84317e-005 0.00468169
1750 126 0 1.77189e-005 0.00223261
1800 56 0 1.72578e-005 0.000966445
1850 22 0 1.69636e-005 0.000373203
1900 8 0 1.67736e-005 0.00013419
1950 2 0 1.66365e-005 3.32733e-005
2000 0 0 1.65013e-005 0

total neg_log_likelihood: 30.4788


Year 2010
class scanned recaptured expected_prop neg_log_likelihood
100 0 0 0 0
150 0 0 0 0
200 0 0 0 0
250 2 0 1.17835e-015 2.44249e-015
300 30 0 3.2093e-013 9.62896e-012
350 342 0 1.98155e-011 6.7769e-009
400 2546 0 4.29648e-010 1.09388e-006
450 12914 0 2.74138e-009 3.54021e-005
500 45438 0 1.77753e-008 0.000807672
550 110634 0 1.06294e-007 0.0117598
600 193100 0 5.35724e-007 0.103448
650 259840 0 2.15318e-006 0.559482
700 288924 0 6.80137e-006 1.96509
750 275666 5 1.70195e-005 1.75021
800 231594 5 3.43813e-005 2.37628
850 178066 9 5.73505e-005 2.10176
900 131090 11 8.10116e-005 2.13214
950 95240 10 9.9712e-005 2.09162
1000 68874 6 0.000110231 2.00867
1050 49434 3 0.000112604 2.20798
1100 34952 6 0.000108644 2.37078
1150 24134 2 0.000100262 1.34553
1200 16262 2 8.89544e-005 1.40127
1250 10830 0 7.61309e-005 0.824529
1300 7284 1 6.32881e-005 1.23532
1350 5028 0 5.17098e-005 0.260004
1400 3564 0 4.23367e-005 0.150891
1450 2550 0 3.53127e-005 0.0900491
1500 1794 0 3.02466e-005 0.0542631
1550 1212 0 2.66877e-005 0.032346
1600 770 0 2.41135e-005 0.0185676
1650 454 0 2.22902e-005 0.0101199
1700 246 0 2.10422e-005 0.00517644
1750 120 0 2.02134e-005 0.00242563
1800 54 0 1.96755e-005 0.00106249
1850 22 0 1.93319e-005 0.000425307
1900 8 0 1.91105e-005 0.000152885
1950 2 0 1.89519e-005 3.79041e-005
2000 0 0 1.87968e-005 0

total neg_log_likelihood: 25.1122


Tags2006_R1_R1 :
tag-recapture data for tag Tags2006_R1 in years 2007 2008 2009 2010 , step 1, after proportion 0.5 of mortality, with sampling method size, detection probability 1.
Year 2007
class scanned recaptured expected_prop neg_log_likelihood
100 0 0 0 0
150 0 0 2.74837e-012 0
200 0 0 1.24199e-011 0
250 2 0 7.17468e-011 1.43494e-010
300 28 0 9.30441e-010 2.60523e-008
350 344 0 1.16145e-008 3.9954e-006
400 2442 0 1.04279e-007 0.000254649
450 11568 0 6.71966e-007 0.0077733
500 39724 0 3.09935e-006 0.123119
550 99366 1 1.03812e-005 1.00048
600 181960 2 2.60162e-005 2.31756
650 252416 11 5.06015e-005 2.25457
700 280488 21 7.93243e-005 2.4809
750 265182 20 0.000104145 3.58415
800 224010 28 0.000119377 2.61711
850 176300 10 0.000124507 6.16742
900 134278 18 0.000122097 2.44482
950 100438 14 0.000114826 2.49123
1000 72920 9 0.000104523 2.14447
1050 50898 7 9.24526e-005 2.38945
1100 34514 3 7.95962e-005 1.50717
1150 23278 3 6.67352e-005 2.02374
1200 15942 0 5.45132e-005 0.869073
1250 11162 0 4.35753e-005 0.486398
1300 7944 0 3.44364e-005 0.273567
1350 5686 0 2.7311e-005 0.155293
1400 4062 0 2.2166e-005 0.0900394
1450 2880 0 1.8636e-005 0.0536721
1500 2006 0 1.62659e-005 0.0326297
1550 1350 0 1.46912e-005 0.0198333
1600 862 0 1.36106e-005 0.0117324
1650 512 0 1.28799e-005 0.00659457
1700 278 0 1.23988e-005 0.00344689
1750 138 0 1.20889e-005 0.00166827
1800 62 0 1.18921e-005 0.000737313
1850 24 0 1.17676e-005 0.000282424
1900 8 0 1.16865e-005 9.34924e-005
1950 2 0 1.16252e-005 2.32506e-005
2000 0 0 1.15592e-005 0

total neg_log_likelihood: 35.5593


Year 2008
class scanned recaptured expected_prop neg_log_likelihood
100 0 0 0 0
150 0 0 9.50178e-015 0
200 0 0 8.21442e-013 0
250 2 0 9.05525e-012 1.81104e-011
300 28 0 1.65753e-010 4.64108e-009
350 344 0 2.29572e-009 7.89728e-007
400 2602 0 2.20902e-008 5.74787e-005
450 12332 0 1.65069e-007 0.00203564
500 40170 0 9.25923e-007 0.0371943
550 97884 0 3.81853e-006 0.373774
600 182308 2 1.17524e-005 1.3117
650 260086 5 2.77639e-005 2.12353
700 291620 10 5.19836e-005 3.07765
750 271378 15 7.96252e-005 3.41153
800 224512 11 0.000103185 6.09919
850 174626 18 0.000117507 2.53018
900 131756 18 0.000122096 2.47819
950 97934 12 0.00011927 2.1726
1000 71728 12 0.000111615 3.03099
1050 51120 3 0.000100956 2.02932
1100 35200 1 8.85302e-005 1.97968
1150 23658 1 7.53113e-005 1.20413
1200 15864 3 6.21759e-005 2.81936
1250 10828 0 5.0023e-005 0.541663
1300 7580 0 3.96107e-005 0.300255
1350 5410 0 3.13341e-005 0.16952
1400 3886 1 2.52695e-005 2.41895
1450 2772 0 2.10631e-005 0.0583875
1500 1934 0 1.82123e-005 0.0352229
1550 1300 0 1.63032e-005 0.0211944
1600 826 0 1.49797e-005 0.0123734
1650 490 0 1.40742e-005 0.00689643
1700 266 0 1.34709e-005 0.00358327
1750 132 0 1.3078e-005 0.0017263
1800 58 0 1.28263e-005 0.000743932
1850 24 0 1.26663e-005 0.000303994
1900 8 0 1.25621e-005 0.000100498
1950 2 0 1.24851e-005 2.49704e-005
2000 0 0 1.24066e-005 0

total neg_log_likelihood: 38.2521


Year 2009
class scanned recaptured expected_prop neg_log_likelihood
100 0 0 0 0
150 0 0 0 0
200 0 0 2.65228e-014 0
250 2 0 9.38155e-013 1.87628e-012
300 28 0 2.88394e-011 8.07503e-010
350 338 0 5.16932e-010 1.74723e-007
400 2596 0 5.16033e-009 1.33962e-005
450 13080 0 3.96286e-008 0.000518342
500 43468 0 2.54747e-007 0.0110734
550 101422 1 1.25427e-006 2.18912
600 180382 1 4.67037e-006 1.01389
650 255904 1 1.33236e-005 2.18299
700 293398 6 2.98229e-005 2.31493
750 278302 11 5.37889e-005 2.70567
800 229716 17 8.03365e-005 2.39931
850 175798 12 0.000102501 3.30931
900 130724 19 0.000115727 2.85338
950 96182 7 0.000119588 2.92968
1000 70174 5 0.00011622 2.4496
1050 50456 3 0.000108064 2.15605
1100 35360 3 9.68852e-005 1.52352
1150 24054 3 8.39178e-005 1.70312
1200 16060 1 7.0264e-005 1.00757
1250 10754 1 5.70896e-005 1.10176
1300 7362 2 4.54452e-005 3.2176
1350 5182 0 3.5972e-005 0.18641
1400 3714 0 2.89121e-005 0.107381
1450 2662 0 2.39577e-005 0.063776
1500 1866 0 2.05706e-005 0.0383851
1550 1256 0 1.82887e-005 0.0229708
1600 798 0 1.6697e-005 0.0133243
1650 470 0 1.56013e-005 0.00733268
1700 254 0 1.48669e-005 0.00377622
1750 126 0 1.43861e-005 0.00181267
1800 56 0 1.40769e-005 0.000788312
1850 22 0 1.38797e-005 0.000305356
1900 8 0 1.37513e-005 0.000110011
1950 2 0 1.36571e-005 2.73144e-005
2000 0 0 1.35631e-005 0

total neg_log_likelihood: 35.5155


Year 2010
class scanned recaptured expected_prop neg_log_likelihood
100 0 0 0 0
150 0 0 0 0
200 0 0 9.27985e-017 0
250 2 0 6.78003e-014 1.35669e-013
300 30 0 4.18072e-012 1.25423e-010
350 342 0 1.16594e-010 3.98751e-008
400 2546 0 1.4393e-009 3.66446e-006
450 12914 0 1.01226e-008 0.000130723
500 45438 0 6.8469e-008 0.00311109
550 110634 0 3.8282e-007 0.0423529
600 193100 0 1.67926e-006 0.324265
650 259840 0 5.7082e-006 1.48322
700 288924 3 1.51869e-005 1.7431
750 275666 7 3.2253e-005 2.12089
800 231594 12 5.59543e-005 2.20468
850 178066 15 8.13227e-005 2.28767
900 131090 11 0.000101994 2.34921
950 95240 13 0.000113961 2.40725
1000 68874 4 0.000116926 2.88703
1050 49434 8 0.000112848 2.43172
1100 34952 3 0.000103992 1.55485
1150 24134 1 9.20647e-005 1.42354
1200 16262 1 7.84586e-005 1.03222
1250 10830 0 6.46102e-005 0.699751
1300 7284 0 5.18889e-005 0.377969
1350 5028 0 4.12393e-005 0.207355
1400 3564 0 3.31363e-005 0.1181
1450 2550 0 2.73679e-005 0.0697892
1500 1794 0 2.33848e-005 0.0419528
1550 1212 0 2.06838e-005 0.0250691
1600 770 0 1.87903e-005 0.0144687
1650 454 1 1.74816e-005 4.84418
1700 246 0 1.66016e-005 0.00408403
1750 120 0 1.60241e-005 0.00192291
1800 54 0 1.56519e-005 0.000845212
1850 22 0 1.54143e-005 0.000339117
1900 8 0 1.52595e-005 0.000122077
1950 2 0 1.51462e-005 3.02926e-005
2000 0 0 1.50337e-005 0

total neg_log_likelihood: 30.7012


Tags2007_R1_R1 :
tag-recapture data for tag Tags2007_R1 in years 2008 2009 2010 , step 1, after proportion 0.5 of mortality, with sampling method size, detection probability 1.
Year 2008
class scanned recaptured expected_prop neg_log_likelihood
100 0 0 0 0
150 0 0 1.52086e-012 0
200 0 0 9.95676e-012 0
250 2 0 6.469e-011 1.2938e-010
300 28 0 8.51973e-010 2.38552e-008
350 344 0 1.07629e-008 3.70244e-006
400 2602 0 9.95742e-008 0.000259092
450 12332 0 6.58095e-007 0.00811563
500 40170 0 3.0801e-006 0.123728
550 97884 0 1.03885e-005 1.01687
600 182308 4 2.60882e-005 1.69643
650 260086 12 5.0687e-005 2.22305
700 291620 16 7.92089e-005 3.53426
750 271378 30 0.00010356 2.68483
800 224512 33 0.000118266 3.39599
850 174626 32 0.0001232 4.87371
900 131756 19 0.00012124 2.66553
950 97934 15 0.00011512 2.83572
1000 71728 11 0.000106436 2.7774
1050 51120 7 9.60498e-005 2.29619
1100 35200 2 8.45358e-005 1.48786
1150 23658 2 7.23841e-005 1.3297
1200 15864 1 6.01472e-005 1.00105
1250 10828 2 4.85883e-005 2.50374
1300 7580 0 3.84917e-005 0.291773
1350 5410 0 3.03614e-005 0.164258
1400 3886 0 2.4372e-005 0.0947106
1450 2772 0 2.02238e-005 0.0560609
1500 1934 0 1.74342e-005 0.0337181
1550 1300 0 1.55874e-005 0.0202638
1600 826 0 1.43295e-005 0.0118362
1650 490 0 1.34859e-005 0.00660814
1700 266 0 1.29346e-005 0.00344063
1750 132 0 1.25816e-005 0.00166078
1800 58 0 1.23584e-005 0.000716789
1850 24 0 1.22172e-005 0.000293215
1900 8 0 1.21245e-005 9.69964e-005
1950 2 0 1.20532e-005 2.41066e-005
2000 0 0 1.19764e-005 0

total neg_log_likelihood: 37.1399


Year 2009
class scanned recaptured expected_prop neg_log_likelihood
100 0 0 0 0
150 0 0 4.80357e-015 0
200 0 0 5.6647e-013 0
250 2 0 8.05732e-012 1.61147e-011
300 28 0 1.55946e-010 4.36649e-009
350 338 0 2.16159e-009 7.30616e-007
400 2596 0 2.09517e-008 5.43907e-005
450 13080 0 1.59826e-007 0.00209052
500 43468 0 9.12474e-007 0.0396634
550 101422 1 3.8029e-006 1.3384
600 180382 1 1.17624e-005 1.3695
650 255904 9 2.78205e-005 2.25581
700 293398 18 5.2019e-005 2.60079
750 278302 23 7.94375e-005 2.50804
800 229716 18 0.000102557 3.08333
850 175798 22 0.000116444 2.52395
900 130724 16 0.000120962 2.31148
950 96182 12 0.000118695 2.18295
1000 70174 5 0.00011224 2.34454
1050 50456 5 0.000103166 1.74436
1100 35360 3 9.23094e-005 1.50686
1150 24054 4 8.02469e-005 2.4777
1200 16060 0 6.76022e-005 1.08573
1250 10754 0 5.52445e-005 0.594116
1300 7362 0 4.41223e-005 0.324835
1350 5182 2 3.49221e-005 4.29313
1400 3714 0 2.79851e-005 0.103938
1450 2662 0 2.30865e-005 0.0614569
1500 1866 0 1.97353e-005 0.0368264
1550 1256 0 1.74846e-005 0.0219609
1600 798 0 1.5928e-005 0.0127106
1650 470 0 1.48685e-005 0.00698825
1700 254 0 1.41666e-005 0.00359835
1750 126 0 1.3712e-005 0.00172772
1800 56 0 1.34219e-005 0.00075163
1850 22 0 1.32377e-005 0.000291231
1900 8 0 1.31172e-005 0.000104938
1950 2 0 1.30264e-005 2.6053e-005
2000 0 0 1.2932e-005 0

total neg_log_likelihood: 34.8377


Year 2010
class scanned recaptured expected_prop neg_log_likelihood
100 0 0 0 0
150 0 0 0 0
200 0 0 1.46887e-014 0
250 2 0 7.72782e-013 1.54565e-012
300 30 0 2.70898e-011 8.12693e-010
350 342 0 4.96528e-010 1.69813e-007
400 2546 0 4.93575e-009 1.25664e-005
450 12914 0 3.81414e-008 0.000492557
500 45438 0 2.48964e-007 0.0113124
550 110634 0 1.2414e-006 0.137341
600 193100 0 4.65778e-006 0.89942
650 259840 2 1.33336e-005 1.67256
700 288924 6 2.98602e-005 2.27697
750 275666 9 5.37722e-005 3.35931
800 231594 8 8.00798e-005 5.78879
850 178066 18 0.000101841 2.3692
900 131090 12 0.000114731 2.49867
950 95240 12 0.000118649 2.18952
1000 68874 5 0.000115947 2.38496
1050 49434 3 0.000109031 2.12808
1100 34952 2 9.93874e-005 1.67645
1150 24134 1 8.78433e-005 1.3686
1200 16262 2 7.51293e-005 1.51428
1250 10830 0 6.22172e-005 0.673834
1300 7284 0 5.02171e-005 0.365791
1350 5028 0 4.00112e-005 0.20118
1400 3564 0 3.21322e-005 0.114521
1450 2550 0 2.64599e-005 0.0674737
1500 1794 0 2.25153e-005 0.0403929
1550 1212 0 1.98311e-005 0.0240355
1600 770 0 1.79512e-005 0.0138226
1650 454 0 1.66575e-005 0.00756258
1700 246 0 1.57925e-005 0.003885
1750 120 0 1.52282e-005 0.0018274
1800 54 0 1.48663e-005 0.000802785
1850 22 0 1.4636e-005 0.000321994
1900 8 0 1.44858e-005 0.000115887
1950 2 0 1.4374e-005 2.87483e-005
2000 0 0 1.42596e-005 0

total neg_log_likelihood: 31.7916


Tags2008_R1_R1 :
tag-recapture data for tag Tags2008_R1 in years 2009 2010 , step 1, after proportion 0.5 of mortality, with sampling method size, detection probability 1.
Year 2009
class scanned recaptured expected_prop neg_log_likelihood
100 0 0 0 0
150 0 0 1.5569e-012 0
200 0 0 1.07529e-011 0
250 2 0 6.90116e-011 1.38023e-010
300 28 0 9.06124e-010 2.53715e-008
350 338 0 1.14778e-008 3.87951e-006
400 2596 0 1.06049e-007 0.000275303
450 13080 0 6.98043e-007 0.00913041
500 43468 1 3.25521e-006 2.09697
550 101422 3 1.09598e-005 2.58602
600 180382 8 2.74973e-005 2.75335
650 255904 7 5.33241e-005 3.87704
700 293398 16 8.29465e-005 3.93676
750 278302 26 0.000107478 2.81884
800 229716 29 0.000120981 2.63131
850 175798 26 0.000123556 2.94744
900 130724 19 0.000118759 2.75835
950 96182 12 0.000110015 2.25938
1000 70174 8 9.93785e-005 2.04107
1050 50456 5 8.79038e-005 1.77477
1100 35360 6 7.61568e-005 3.3285
1150 24054 3 6.44999e-005 2.02559
1200 16060 3 5.3266e-005 3.11564
1250 10754 1 4.29447e-005 1.23436
1300 7362 1 3.40585e-005 1.63405
1350 5182 0 2.69405e-005 0.139607
1400 3714 0 2.16988e-005 0.0805902
1450 2662 0 1.80624e-005 0.0480826
1500 1866 0 1.56122e-005 0.0291326
1550 1256 1 1.39875e-005 4.05921
1600 798 0 1.28795e-005 0.0102779
1650 470 0 1.2136e-005 0.00570396
1700 254 0 1.16499e-005 0.0029591
1750 126 0 1.13386e-005 0.00142867
1800 56 0 1.11417e-005 0.000623938
1850 22 0 1.10172e-005 0.000242381
1900 8 0 1.09355e-005 8.74846e-005
1950 2 0 1.08726e-005 2.17454e-005
2000 0 0 1.08048e-005 0

total neg_log_likelihood: 48.2068


Year 2010
class scanned recaptured expected_prop neg_log_likelihood
100 0 0 0 0
150 0 0 4.82553e-015 0
200 0 0 6.02145e-013 0
250 2 0 8.67973e-012 1.73594e-011
300 30 0 1.65495e-010 4.96485e-009
350 342 0 2.29787e-009 7.8587e-007
400 2546 0 2.22857e-008 5.67393e-005
450 12914 0 1.69754e-007 0.0021922
500 45438 0 9.65957e-007 0.0438912
550 110634 0 4.01538e-006 0.444239
600 193100 2 1.24022e-005 1.34135
650 259840 7 2.92972e-005 1.92911
700 288924 23 5.46413e-005 3.93235
750 275666 24 8.29958e-005 2.53841
800 231594 25 0.000106123 2.53527
850 178066 26 0.000118717 3.07148
900 131090 19 0.000120895 2.69001
950 95240 9 0.000115892 2.22762
1000 68874 5 0.000106965 2.16948
1050 49434 6 9.6115e-005 1.97998
1100 34952 6 8.43563e-005 3.0401
1150 24134 3 7.22516e-005 1.86739
1200 16262 1 6.02607e-005 1.00017
1250 10830 3 4.89825e-005 4.2243
1300 7284 0 3.90624e-005 0.284536
1350 5028 0 3.09524e-005 0.155631
1400 3564 0 2.48662e-005 0.0886241
1450 2550 0 2.05722e-005 0.0524596
1500 1794 0 1.76327e-005 0.0316334
1550 1212 0 1.56563e-005 0.0189756
1600 770 0 1.42876e-005 0.0110016
1650 454 0 1.33551e-005 0.00606325
1700 246 0 1.27369e-005 0.00313329
1750 120 0 1.23363e-005 0.00148036
1800 54 0 1.20807e-005 0.00065236
1850 22 0 1.19184e-005 0.000262206
1900 8 0 1.18123e-005 9.44993e-005
1950 2 0 1.17325e-005 2.34652e-005
2000 0 0 1.16492e-005 0

total neg_log_likelihood: 35.692


Tags2009_R1_R1 :
tag-recapture data for tag Tags2009_R1 in years 2010 , step 1, after proportion 0.5 of mortality, with sampling method size, detection probability 1.
Year 2010
class scanned recaptured expected_prop neg_log_likelihood
100 0 0 0 0
150 0 0 1.56191e-012 0
200 0 0 1.08901e-011 0
250 2 0 7.01024e-011 1.40205e-010
300 30 0 9.10468e-010 2.7314e-008
350 342 0 1.15464e-008 3.94887e-006
400 2546 0 1.06824e-007 0.000271973
450 12914 0 7.00721e-007 0.00904912
500 45438 0 3.24525e-006 0.147458
550 110634 2 1.08439e-005 1.52869
600 193100 6 2.7047e-005 1.88384
650 259840 16 5.22956e-005 2.51276
700 288924 34 8.13941e-005 4.73549
750 275666 25 0.000105947 2.85025
800 231594 24 0.000120302 2.79227
850 178066 21 0.000124415 2.47571
900 131090 19 0.000121426 2.67635
950 95240 13 0.00011433 2.40038
1000 68874 6 0.000104878 1.93865
1050 49434 5 9.3967e-005 1.75347
1100 34952 5 8.21244e-005 2.38562
1150 24134 1 6.97613e-005 1.16266
1200 16262 3 5.7349e-005 2.93371
1250 10830 1 4.55961e-005 1.19938
1300 7284 0 3.52778e-005 0.256968
1350 5028 0 2.69325e-005 0.135418
1400 3564 0 2.07769e-005 0.0740495
1450 2550 0 1.65289e-005 0.0421492
1500 1794 0 1.36975e-005 0.0245734
1550 1212 0 1.18466e-005 0.0143582
1600 770 0 1.06077e-005 0.00816798
1650 454 0 9.79205e-006 0.00444561
1700 246 0 9.26778e-006 0.00227988
1750 120 0 8.93652e-006 0.00107239
1800 54 0 8.72887e-006 0.000471361
1850 22 0 8.59785e-006 0.000189153
1900 8 0 8.51062e-006 6.80852e-005
1950 2 0 8.44105e-006 1.68822e-005
2000 0 0 8.36396e-006 0

total neg_log_likelihood: 35.9502


Output quantities start here

* Scalar parameter values
initialization.B0 190061

* Nuisance q's

* B0
190061

* R0
1.37902e+007

* SSBs
SSB 190061 188659 185279 181564 177550 173306 168922 164496 160119 155874 151823 147999 144414 141068 137954 135060 132378 129895 127599 125478 123522 
year 1990 1991 1992 1993 1994 1995 1996 1997 1998 1999 2000 2001 2002 2003 2004 2005 2006 2007 2008 2009 2010 

* recruitments
recruitment 1.37902e+007 1.37902e+007 1.37792e+007 1.37521e+007 1.37214e+007 1.36868e+007 1.36488e+007 1.36077e+007 1.35643e+007 1.35193e+007 1.34736e+007 1.34278e+007 1.33827e+007 1.33385e+007 1.32954e+007 1.32538e+007 1.32136e+007 1.31751e+007 1.31382e+007 1.31029e+007 1.30694e+007 
year 1990 1991 1992 1993 1994 1995 1996 1997 1998 1999 2000 2001 2002 2003 2004 2005 2006 2007 2008 2009 2010 

* YCS
YCS 1 1 1 1 1 1 1 1 1 1 1 1 1 1 1 1 1 1 1 1 1 
year 1989 1990 1991 1992 1993 1994 1995 1996 1997 1998 1999 2000 2001 2002 2003 2004 2005 2006 2007 2008 2009 

* true_YCS
true_YCS 1 1 0.999204 0.997242 0.995011 0.992507 0.989748 0.98677 0.983621 0.980357 0.97704 0.973724 0.970449 0.967243 0.964124 0.961104 0.958192 0.955395 0.952719 0.950165 0.947736 
year 1989 1990 1991 1992 1993 1994 1995 1996 1997 1998 1999 2000 2001 2002 2003 2004 2005 2006 2007 2008 2009 

* fishing_pressures
LL1 0 0.0389732 0.0401173 0.0412652 0.0423859 0.0434566 0.0444607 0.0453872 0.0462296 0.0469872 0.0476639 0.048267 0.0488049 0.0492864 0.0497204 0.0501156 0.0504805 0.0508214 0.0511439 0.0514525 0.0517506 
LL2 0 0.0389732 0.0401173 0.0412652 0.0423859 0.0434566 0.0444607 0.0453872 0.0462296 0.0469872 0.0476639 0.048267 0.0488049 0.0492864 0.0497204 0.0501156 0.0504805 0.0508214 0.0511439 0.0514525 0.0517506 
year 1990 1991 1992 1993 1994 1995 1996 1997 1998 1999 2000 2001 2002 2003 2004 2005 2006 2007 2008 2009 2010 

* Numbers_at_age_R1
1990  1.28001e+007 1.09622e+007 9.38823e+006 8.04022e+006 6.88577e+006 5.89707e+006 5.05034e+006 4.32519e+006 3.70416e+006 3.1723e+006 2.7168e+006 2.32671e+006 1.99263e+006 1.70652e+006 1.46149e+006 1.25164e+006 1.07193e+006 918013 786200 673314 576636 493840 422932 362205 310198 265659 227514 194846 166869 995297 
1991  1.28001e+007 1.09622e+007 9.38819e+006 8.03994e+006 6.88414e+006 5.89045e+006 5.03126e+006 4.28631e+006 3.64816e+006 3.11526e+006 2.6683e+006 2.28602e+006 1.95897e+006 1.67906e+006 1.43939e+006 1.23411e+006 1.0582e+006 907421 778138 667261 572155 490568 420575 360532 309026 264849 226962 194476 166624 994178 
1992  1.279e+007 1.09622e+007 9.38819e+006 8.03986e+006 6.88357e+006 5.88724e+006 5.01844e+006 4.25006e+006 3.57545e+006 3.01155e+006 2.56294e+006 2.1964e+006 1.88376e+006 1.6168e+006 1.38856e+006 1.19317e+006 1.02568e+006 881938 758446 652254 560876 482209 414466 356128 305896 262655 225446 193442 165929 991616 
1993  1.27648e+007 1.09535e+007 9.38818e+006 8.03985e+006 6.88345e+006 5.88651e+006 5.01495e+006 4.23755e+006 3.54249e+006 2.94833e+006 2.47466e+006 2.1072e+006 1.80784e+006 1.55303e+006 1.33569e+006 1.14992e+006 990773 854147 736619 635347 547962 472481 407242 350839 302078 259937 223539 192123 165030 988761 
1994  1.27363e+007 1.0932e+007 9.38071e+006 8.03984e+006 6.88338e+006 5.88617e+006 5.01359e+006 4.23294e+006 3.52937e+006 2.91801e+006 2.41986e+006 2.03225e+006 1.73246e+006 1.48882e+006 1.28169e+006 1.10508e+006 954024 824423 712900 616677 533468 461387 398870 344610 297511 256636 221188 190472 163887 985483 
1995  1.27042e+007 1.09075e+007 9.36229e+006 8.03343e+006 6.88332e+006 5.88588e+006 5.01258e+006 4.23019e+006 3.52295e+006 2.90419e+006 2.39224e+006 1.98501e+006 1.66901e+006 1.42524e+006 1.22748e+006 1.05942e+006 916045 793233 687618 596458 517519 448980 389355 337418 292152 252703 218341 188443 162461 981637 
1996  1.26689e+007 1.08801e+007 9.34134e+006 8.01765e+006 6.87778e+006 5.88561e+006 5.01167e+006 4.22783e+006 3.51822e+006 2.89605e+006 2.37833e+006 1.96025e+006 1.62852e+006 1.37168e+006 1.17395e+006 1.01372e+006 877488 761098 661172 574975 500301 435371 378748 329270 285984 248101 214960 185994 160714 977070 
1997  1.26308e+007 1.08498e+007 9.31783e+006 7.9997e+006 6.86422e+006 5.88068e+006 5.01082e+006 4.22566e+006 3.51399e+006 2.88951e+006 2.36927e+006 1.94691e+006 1.60665e+006 1.33715e+006 1.12884e+006 968722 839005 728566 634001 552565 482057 420718 367144 320210 279013 242817 211014 183092 158611 971618 
1998  1.25905e+007 1.08172e+007 9.29193e+006 7.97956e+006 6.84882e+006 5.8689e+006 5.00605e+006 4.22366e+006 3.51011e+006 2.88362e+006 2.36172e+006 1.93772e+006 1.59429e+006 1.31807e+006 1.09954e+006 930795 801208 696179 606563 529597 463070 405227 354677 310319 271278 236858 206491 179711 156123 965111 
1999  1.25487e+007 1.07827e+007 9.26397e+006 7.95737e+006 6.83154e+006 5.85557e+006 4.99552e+006 4.21849e+006 3.50658e+006 2.87824e+006 2.35492e+006 1.92995e+006 1.58548e+006 1.30692e+006 1.08306e+006 906018 769358 664439 579306 506451 443650 389138 341523 299712 262848 230256 201398 175842 153228 957382 
2000  1.25063e+007 1.07469e+007 9.23441e+006 7.93342e+006 6.81251e+006 5.84065e+006 4.98371e+006 4.20858e+006 3.50061e+006 2.87338e+006 2.34876e+006 1.92296e+006 1.57798e+006 1.2988e+006 1.07319e+006 891890 748458 637702 552644 483500 424114 372707 327880 288535 253820 223069 195763 171490 149919 948267 
2001  1.24638e+007 1.07105e+007 9.20377e+006 7.9081e+006 6.79197e+006 5.82425e+006 4.97061e+006 4.19772e+006 3.4909e+006 2.86674e+006 2.34322e+006 1.91665e+006 1.57125e+006 1.29185e+006 1.0659e+006 883285 736418 620097 530191 461082 404768 356200 313965 276957 244317 215380 189633 166678 146199 937621 
2002  1.24219e+007 1.06742e+007 9.17262e+006 7.88186e+006 6.77027e+006 5.80658e+006 4.95629e+006 4.18587e+006 3.48056e+006 2.85723e+006 2.3364e+006 1.91099e+006 1.5652e+006 1.28563e+006 1.05964e+006 876854 728986 609875 515367 442208 385894 339871 299999 265159 234481 207293 183081 161448 142089 925323 
2003  1.23809e+007 1.06383e+007 9.14149e+006 7.85518e+006 6.74778e+006 5.78792e+006 4.94093e+006 4.17308e+006 3.46955e+006 2.84739e+006 2.3274e+006 1.90442e+006 1.55977e+006 1.28004e+006 1.05405e+006 871330 723390 603502 506708 429722 370006 323955 286196 253327 224465 198928 176192 155859 137624 911285 
2004  1.23409e+007 1.06031e+007 9.11075e+006 7.82852e+006 6.72492e+006 5.7686e+006 4.92476e+006 4.1595e+006 3.4579e+006 2.83714e+006 2.31826e+006 1.89618e+006 1.55369e+006 1.27504e+006 1.04903e+006 866390 718575 598675 501267 422394 359479 310558 272749 241638 214425 190414 169070 149987 132854 895462 
2005  1.23023e+007 1.0569e+007 9.08065e+006 7.80219e+006 6.70207e+006 5.74898e+006 4.90806e+006 4.14529e+006 3.44567e+006 2.82647e+006 2.30889e+006 1.88791e+006 1.54631e+006 1.26955e+006 1.04452e+006 861953 714265 594512 497125 417761 353276 301670 261432 230257 204511 181882 161823 143916 127843 877859 
2006  1.2265e+007 1.05358e+007 9.05137e+006 7.77641e+006 6.67951e+006 5.72937e+006 4.89112e+006 4.13068e+006 3.433e+006 2.81543e+006 2.29927e+006 1.87952e+006 1.53895e+006 1.26304e+006 1.03965e+006 857968 710390 590783 493547 414219 349336 296417 253914 220677 194860 173459 154563 137741 122664 858533 
2007  1.22292e+007 1.05039e+007 9.02301e+006 7.75133e+006 6.65743e+006 5.71001e+006 4.87421e+006 4.11592e+006 3.4201e+006 2.80414e+006 2.28943e+006 1.871e+006 1.53157e+006 1.2566e+006 1.03399e+006 853710 706910 587431 490342 411156 346315 293067 249462 214310 186737 165262 147397 131555 117397 837596 
2008  1.21949e+007 1.04733e+007 8.99567e+006 7.72705e+006 6.63594e+006 5.69106e+006 4.85754e+006 4.10123e+006 3.40712e+006 2.79271e+006 2.27945e+006 1.86235e+006 1.52411e+006 1.25017e+006 1.02841e+006 848818 703219 584415 487457 408410 343699 290493 246615 210532 181334 158362 140424 125451 112121 815211 
2009  1.21623e+007 1.04439e+007 8.96942e+006 7.70363e+006 6.61514e+006 5.67263e+006 4.84122e+006 4.08675e+006 3.39423e+006 2.78127e+006 2.26941e+006 1.85362e+006 1.51658e+006 1.2437e+006 1.02284e+006 844007 699016 581234 484857 405936 341351 288261 244421 208109 178124 153771 134555 119512 106915 791583 
2010  1.21312e+007 1.04159e+007 8.94429e+006 7.68114e+006 6.59508e+006 5.65479e+006 4.82536e+006 4.07261e+006 3.38158e+006 2.76997e+006 2.25941e+006 1.84489e+006 1.50902e+006 1.2372e+006 1.01727e+006 839230 694892 577638 482126 403704 339234 286257 242518 206240 176062 151040 130648 114512 101851 766956 

Output quantities finish here

Unused parameters:
annual_cycle.fishery_areas annual_cycle.migrate_from annual_cycle.migrate_to annual_cycle.migration_names annual_cycle.migration_times annual_cycle.n_migrations annual_cycle.recruitment_areas annual_cycle.spawning_all_areas area_names recruitment.p_male recruitment.year_range tag[Tags2005_R1_LL1].area tag[Tags2005_R1_LL1].sex tag[Tags2006_R1_LL1].area tag[Tags2006_R1_LL1].sex tag[Tags2007_R1_LL1].area tag[Tags2007_R1_LL1].sex tag[Tags2008_R1_LL1].area tag[Tags2008_R1_LL1].sex tag[Tags2009_R1_LL1].area tag[Tags2009_R1_LL1].sex MCMC.adapt_at MCMC.adaptive_stepsize MCMC.burn_in MCMC.keep MCMC.length MCMC.start MCMC.stepsize profile[1].l profile[1].n profile[1].parameter profile[1].u tag_recapture[Tags2005_R1_R1].area tag_recapture[Tags2006_R1_R1].area tag_recapture[Tags2007_R1_R1].area tag_recapture[Tags2008_R1_R1].area tag_recapture[Tags2009_R1_R1].area n_projections numbers_at[Numbers_at_age_R1].area print.final_state print.initial_state print.requests print.results print.state_annually print.state_every_step print.yields 
