CASAL (C++ algorithmic stock assessment laboratory)
Call: C:/Users/bstacy/Documents/GitHub/lasac/projects/simulations/sim2/casal -e -q -f TR 
Date: Thu Oct 10 16:40:44 2019
v2.30-2012-03-21 00:22:59 UTC (rev.4648)  (c) Copyright 2002-2012, NIWA
User name: bstacy
Machine name: DOM-IMA-HVZRNF2 (Microsoft Windows, PID=2248)

Prefix for the input parameter filenames : TR

Random number seed : 86044

Estimation parameters:
Stored as strings: 
  MCMC.adapt_at                 	1e+05 2e+05 3e+05 4e+05
  MCMC.adaptive_stepsize        	True
  MCMC.burn_in                  	500
  MCMC.keep                     	1000
  MCMC.length                   	1500000
  MCMC.start                    	0
  MCMC.stepsize                 	0.01
  ageing_error.c                	0
  ageing_error.type             	normal
  catch_at[LL1_catchA].2000     	0 0 0 0 0.01 0.01 0.06 0.07 0.18 0.07 0.13 0.1 0.09 0.06 0.06 0.01 0.03 0.02 0.02 0.03 0 0 0.01 0.01 0 0.01 0 0.01 0 0.01
  catch_at[LL1_catchA].2001     	0 0 0 0.01 0.01 0.02 0.09 0.1 0.17 0.12 0.17 0.07 0.05 0.06 0.04 0.04 0.01 0.02 0.01 0.01 0 0 0 0 0 0 0 0 0 0
  catch_at[LL1_catchA].2002     	0 0 0 0 0.01 0.02 0.06 0.11 0.14 0.13 0.16 0.08 0.04 0.11 0.06 0.02 0.01 0.01 0.02 0.01 0 0 0 0 0 0.01 0 0 0 0
  catch_at[LL1_catchA].2003     	0 0 0 0 0 0.02 0.01 0.12 0.12 0.16 0.18 0.09 0.07 0.07 0.04 0.03 0.01 0 0.01 0 0.01 0.01 0.02 0 0.03 0 0 0 0 0
  catch_at[LL1_catchA].2004     	0 0 0 0 0.02 0.03 0.1 0.08 0.23 0.07 0.06 0.09 0.11 0.05 0.04 0.04 0.01 0 0.03 0.02 0 0 0 0 0 0 0.01 0.01 0 0
  catch_at[LL1_catchA].2005     	0 0 0 0 0 0.04 0.03 0.09 0.22 0.12 0.14 0.1 0.05 0.02 0.01 0.05 0.02 0.03 0.02 0.01 0 0 0.01 0.01 0.01 0 0.01 0 0.01 0
  catch_at[LL1_catchA].2006     	0 0 0 0 0 0.03 0.06 0.09 0.18 0.21 0.11 0.11 0.06 0.02 0.02 0.02 0.05 0.03 0.01 0 0 0 0 0 0 0 0 0 0 0
  catch_at[LL1_catchA].2007     	0 0 0 0.01 0.01 0 0.09 0.11 0.17 0.12 0.14 0.08 0.07 0.04 0.04 0.02 0.01 0.04 0.01 0.01 0.01 0 0.01 0.01 0 0 0 0 0 0
  catch_at[LL1_catchA].2008     	0 0 0 0 0 0.04 0.08 0.1 0.09 0.18 0.14 0.09 0.07 0.07 0.01 0.02 0.04 0.01 0.02 0.02 0.01 0 0 0 0.01 0 0 0 0 0
  catch_at[LL1_catchA].2009     	0 0 0 0 0 0.02 0.03 0.13 0.19 0.22 0.1 0.09 0.06 0.06 0.03 0.02 0.01 0.01 0.01 0.01 0 0.01 0 0 0 0 0 0 0 0
  catch_at[LL1_catchA].2010     	0 0 0 0 0 0.02 0.06 0.09 0.18 0.17 0.1 0.07 0.09 0.07 0.11 0.01 0.01 0 0.01 0 0 0 0 0 0 0 0.01 0 0 0
  catch_at[LL1_catchA].N_2000   	100
  catch_at[LL1_catchA].N_2001   	100
  catch_at[LL1_catchA].N_2002   	100
  catch_at[LL1_catchA].N_2003   	100
  catch_at[LL1_catchA].N_2004   	100
  catch_at[LL1_catchA].N_2005   	100
  catch_at[LL1_catchA].N_2006   	100
  catch_at[LL1_catchA].N_2007   	100
  catch_at[LL1_catchA].N_2008   	100
  catch_at[LL1_catchA].N_2009   	100
  catch_at[LL1_catchA].N_2010   	100
  catch_at[LL1_catchA].at_size  	False
  catch_at[LL1_catchA].dist     	multinomial
  catch_at[LL1_catchA].fishery  	LL1
  catch_at[LL1_catchA].max_class	30
  catch_at[LL1_catchA].min_class	1
  catch_at[LL1_catchA].plus_group	True
  catch_at[LL1_catchA].r        	1e-11
  catch_at[LL1_catchA].sexed    	False
  catch_at[LL1_catchA].sum_to_one	True
  catch_at[LL1_catchA].years    	2000 2001 2002 2003 2004 2005 2006 2007 2008 2009 2010
  catch_limit_penalty[1].fishery	LL1
  catch_limit_penalty[1].label  	LL1_Penalty
  catch_limit_penalty[1].log_scale	True
  catch_limit_penalty[1].multiplier	1000
  catch_limit_penalty[2].fishery	LL2
  catch_limit_penalty[2].label  	LL2_Penalty
  catch_limit_penalty[2].log_scale	True
  catch_limit_penalty[2].multiplier	1000
  estimate[1].lower_bound       	5000
  estimate[1].parameter         	initialization.B0
  estimate[1].prior             	uniform
  estimate[1].upper_bound       	5e+05
  estimator                     	Bayes
  fish_tagged_penalty[1].label  	Penalty_Tags2005_R1_LL1
  fish_tagged_penalty[1].multiplier	1
  fish_tagged_penalty[1].tagging_episode	Tags2005_R1_LL1
  fish_tagged_penalty[2].label  	Penalty_Tags2006_R1_LL1
  fish_tagged_penalty[2].multiplier	1
  fish_tagged_penalty[2].tagging_episode	Tags2006_R1_LL1
  fish_tagged_penalty[3].label  	Penalty_Tags2007_R1_LL1
  fish_tagged_penalty[3].multiplier	1
  fish_tagged_penalty[3].tagging_episode	Tags2007_R1_LL1
  fish_tagged_penalty[4].label  	Penalty_Tags2008_R1_LL1
  fish_tagged_penalty[4].multiplier	1
  fish_tagged_penalty[4].tagging_episode	Tags2008_R1_LL1
  fish_tagged_penalty[5].label  	Penalty_Tags2009_R1_LL1
  fish_tagged_penalty[5].multiplier	1
  fish_tagged_penalty[5].tagging_episode	Tags2009_R1_LL1
  grad_tol                      	0.001
  max_evals                     	10000
  max_iters                     	1600
  profile[1].l                  	40000
  profile[1].n                  	11
  profile[1].parameter          	initialization.B0
  profile[1].u                  	130000
  q_method                      	nuisance
  tag_recapture[Tags2005_R1_R1].area	R1
  tag_recapture[Tags2005_R1_R1].class_mins	100 150 200 250 300 350 400 450 500 550 600 650 700 750 800 850 900 950 1000 1050 1100 1150 1200 1250 1300 1350 1400 1450 1500 1550 1600 1650 1700 1750 1800 1850 1900 1950 2000 2050
  tag_recapture[Tags2005_R1_R1].detection_probability	1
  tag_recapture[Tags2005_R1_R1].dispersion	1
  tag_recapture[Tags2005_R1_R1].do_bootstrap	True
  tag_recapture[Tags2005_R1_R1].plus_group	False
  tag_recapture[Tags2005_R1_R1].proportion_mortality	0.5
  tag_recapture[Tags2005_R1_R1].r	1e-11
  tag_recapture[Tags2005_R1_R1].recaptured_2006	0 0 0 0 0 0 0 0 0 0 6 19 27 19 24 24 22 12 8 6 4 1 2 0 0 0 0 0 0 0 0 0 0 0 0 0 0 0 0
  tag_recapture[Tags2005_R1_R1].recaptured_2007	0 0 0 0 0 0 0 0 0 1 3 10 15 30 23 25 21 12 5 7 3 0 1 1 0 0 0 0 0 0 0 0 0 0 0 0 0 0 0
  tag_recapture[Tags2005_R1_R1].recaptured_2008	0 0 0 0 0 0 0 0 0 1 3 2 9 13 14 13 14 12 11 6 3 2 1 2 1 1 0 0 0 0 0 0 0 0 0 0 0 0 0
  tag_recapture[Tags2005_R1_R1].recaptured_2009	0 0 0 0 0 0 0 0 0 0 0 2 2 2 12 15 16 13 10 7 2 3 0 1 1 0 0 0 0 0 0 0 0 0 0 0 0 0 0
  tag_recapture[Tags2005_R1_R1].recaptured_2010	0 0 0 0 0 0 0 0 0 0 0 0 0 5 5 9 11 10 6 3 6 2 2 0 1 0 0 0 0 0 0 0 0 0 0 0 0 0 0
  tag_recapture[Tags2005_R1_R1].sample	size
  tag_recapture[Tags2005_R1_R1].scanned_2006	0 0 0 2 28 320 2302 11502 39770 96806 173902 243624 277690 266092 224820 178122 136978 101584 71958 49292 33518 23134 16316 11662 8346 5944 4222 2988 2086 1406 896 530 286 140 62 24 8 2 0
  tag_recapture[Tags2005_R1_R1].scanned_2007	0 0 0 2 28 344 2442 11568 39724 99366 181960 252416 280488 265182 224010 176300 134278 100438 72920 50898 34514 23278 15942 11162 7944 5686 4062 2880 2006 1350 862 512 278 138 62 24 8 2 0
  tag_recapture[Tags2005_R1_R1].scanned_2008	0 0 0 2 28 344 2602 12332 40170 97884 182308 260086 291620 271378 224512 174626 131756 97934 71728 51120 35200 23658 15864 10828 7580 5410 3886 2772 1934 1300 826 490 266 132 58 24 8 2 0
  tag_recapture[Tags2005_R1_R1].scanned_2009	0 0 0 2 28 338 2596 13080 43468 101422 180382 255904 293398 278302 229716 175798 130724 96182 70174 50456 35360 24054 16060 10754 7362 5182 3714 2662 1866 1256 798 470 254 126 56 22 8 2 0
  tag_recapture[Tags2005_R1_R1].scanned_2010	0 0 0 2 30 342 2546 12914 45438 110634 193100 259840 288924 275666 231594 178066 131090 95240 68874 49434 34952 24134 16262 10830 7284 5028 3564 2550 1794 1212 770 454 246 120 54 22 8 2 0
  tag_recapture[Tags2005_R1_R1].step	1
  tag_recapture[Tags2005_R1_R1].tag_name	Tags2005_R1
  tag_recapture[Tags2005_R1_R1].years	2006 2007 2008 2009 2010
  tag_recapture[Tags2006_R1_R1].area	R1
  tag_recapture[Tags2006_R1_R1].class_mins	100 150 200 250 300 350 400 450 500 550 600 650 700 750 800 850 900 950 1000 1050 1100 1150 1200 1250 1300 1350 1400 1450 1500 1550 1600 1650 1700 1750 1800 1850 1900 1950 2000 2050
  tag_recapture[Tags2006_R1_R1].detection_probability	1
  tag_recapture[Tags2006_R1_R1].dispersion	1
  tag_recapture[Tags2006_R1_R1].do_bootstrap	True
  tag_recapture[Tags2006_R1_R1].plus_group	False
  tag_recapture[Tags2006_R1_R1].proportion_mortality	0.5
  tag_recapture[Tags2006_R1_R1].r	1e-11
  tag_recapture[Tags2006_R1_R1].recaptured_2007	0 0 0 0 0 0 0 0 0 1 2 11 21 20 28 10 18 14 9 7 3 3 0 0 0 0 0 0 0 0 0 0 0 0 0 0 0 0 0
  tag_recapture[Tags2006_R1_R1].recaptured_2008	0 0 0 0 0 0 0 0 0 0 2 5 10 15 11 18 18 12 12 3 1 1 3 0 0 0 1 0 0 0 0 0 0 0 0 0 0 0 0
  tag_recapture[Tags2006_R1_R1].recaptured_2009	0 0 0 0 0 0 0 0 0 1 1 1 6 11 17 12 19 7 5 3 3 3 1 1 2 0 0 0 0 0 0 0 0 0 0 0 0 0 0
  tag_recapture[Tags2006_R1_R1].recaptured_2010	0 0 0 0 0 0 0 0 0 0 0 0 3 7 12 15 11 13 4 8 3 1 1 0 0 0 0 0 0 0 0 1 0 0 0 0 0 0 0
  tag_recapture[Tags2006_R1_R1].sample	size
  tag_recapture[Tags2006_R1_R1].scanned_2007	0 0 0 2 28 344 2442 11568 39724 99366 181960 252416 280488 265182 224010 176300 134278 100438 72920 50898 34514 23278 15942 11162 7944 5686 4062 2880 2006 1350 862 512 278 138 62 24 8 2 0
  tag_recapture[Tags2006_R1_R1].scanned_2008	0 0 0 2 28 344 2602 12332 40170 97884 182308 260086 291620 271378 224512 174626 131756 97934 71728 51120 35200 23658 15864 10828 7580 5410 3886 2772 1934 1300 826 490 266 132 58 24 8 2 0
  tag_recapture[Tags2006_R1_R1].scanned_2009	0 0 0 2 28 338 2596 13080 43468 101422 180382 255904 293398 278302 229716 175798 130724 96182 70174 50456 35360 24054 16060 10754 7362 5182 3714 2662 1866 1256 798 470 254 126 56 22 8 2 0
  tag_recapture[Tags2006_R1_R1].scanned_2010	0 0 0 2 30 342 2546 12914 45438 110634 193100 259840 288924 275666 231594 178066 131090 95240 68874 49434 34952 24134 16262 10830 7284 5028 3564 2550 1794 1212 770 454 246 120 54 22 8 2 0
  tag_recapture[Tags2006_R1_R1].step	1
  tag_recapture[Tags2006_R1_R1].tag_name	Tags2006_R1
  tag_recapture[Tags2006_R1_R1].years	2007 2008 2009 2010
  tag_recapture[Tags2007_R1_R1].area	R1
  tag_recapture[Tags2007_R1_R1].class_mins	100 150 200 250 300 350 400 450 500 550 600 650 700 750 800 850 900 950 1000 1050 1100 1150 1200 1250 1300 1350 1400 1450 1500 1550 1600 1650 1700 1750 1800 1850 1900 1950 2000 2050
  tag_recapture[Tags2007_R1_R1].detection_probability	1
  tag_recapture[Tags2007_R1_R1].dispersion	1
  tag_recapture[Tags2007_R1_R1].do_bootstrap	True
  tag_recapture[Tags2007_R1_R1].plus_group	False
  tag_recapture[Tags2007_R1_R1].proportion_mortality	0.5
  tag_recapture[Tags2007_R1_R1].r	1e-11
  tag_recapture[Tags2007_R1_R1].recaptured_2008	0 0 0 0 0 0 0 0 0 0 4 12 16 30 33 32 19 15 11 7 2 2 1 2 0 0 0 0 0 0 0 0 0 0 0 0 0 0 0
  tag_recapture[Tags2007_R1_R1].recaptured_2009	0 0 0 0 0 0 0 0 0 1 1 9 18 23 18 22 16 12 5 5 3 4 0 0 0 2 0 0 0 0 0 0 0 0 0 0 0 0 0
  tag_recapture[Tags2007_R1_R1].recaptured_2010	0 0 0 0 0 0 0 0 0 0 0 2 6 9 8 18 12 12 5 3 2 1 2 0 0 0 0 0 0 0 0 0 0 0 0 0 0 0 0
  tag_recapture[Tags2007_R1_R1].sample	size
  tag_recapture[Tags2007_R1_R1].scanned_2008	0 0 0 2 28 344 2602 12332 40170 97884 182308 260086 291620 271378 224512 174626 131756 97934 71728 51120 35200 23658 15864 10828 7580 5410 3886 2772 1934 1300 826 490 266 132 58 24 8 2 0
  tag_recapture[Tags2007_R1_R1].scanned_2009	0 0 0 2 28 338 2596 13080 43468 101422 180382 255904 293398 278302 229716 175798 130724 96182 70174 50456 35360 24054 16060 10754 7362 5182 3714 2662 1866 1256 798 470 254 126 56 22 8 2 0
  tag_recapture[Tags2007_R1_R1].scanned_2010	0 0 0 2 30 342 2546 12914 45438 110634 193100 259840 288924 275666 231594 178066 131090 95240 68874 49434 34952 24134 16262 10830 7284 5028 3564 2550 1794 1212 770 454 246 120 54 22 8 2 0
  tag_recapture[Tags2007_R1_R1].step	1
  tag_recapture[Tags2007_R1_R1].tag_name	Tags2007_R1
  tag_recapture[Tags2007_R1_R1].years	2008 2009 2010
  tag_recapture[Tags2008_R1_R1].area	R1
  tag_recapture[Tags2008_R1_R1].class_mins	100 150 200 250 300 350 400 450 500 550 600 650 700 750 800 850 900 950 1000 1050 1100 1150 1200 1250 1300 1350 1400 1450 1500 1550 1600 1650 1700 1750 1800 1850 1900 1950 2000 2050
  tag_recapture[Tags2008_R1_R1].detection_probability	1
  tag_recapture[Tags2008_R1_R1].dispersion	1
  tag_recapture[Tags2008_R1_R1].do_bootstrap	True
  tag_recapture[Tags2008_R1_R1].plus_group	False
  tag_recapture[Tags2008_R1_R1].proportion_mortality	0.5
  tag_recapture[Tags2008_R1_R1].r	1e-11
  tag_recapture[Tags2008_R1_R1].recaptured_2009	0 0 0 0 0 0 0 0 1 3 8 7 16 26 29 26 19 12 8 5 6 3 3 1 1 0 0 0 0 1 0 0 0 0 0 0 0 0 0
  tag_recapture[Tags2008_R1_R1].recaptured_2010	0 0 0 0 0 0 0 0 0 0 2 7 23 24 25 26 19 9 5 6 6 3 1 3 0 0 0 0 0 0 0 0 0 0 0 0 0 0 0
  tag_recapture[Tags2008_R1_R1].sample	size
  tag_recapture[Tags2008_R1_R1].scanned_2009	0 0 0 2 28 338 2596 13080 43468 101422 180382 255904 293398 278302 229716 175798 130724 96182 70174 50456 35360 24054 16060 10754 7362 5182 3714 2662 1866 1256 798 470 254 126 56 22 8 2 0
  tag_recapture[Tags2008_R1_R1].scanned_2010	0 0 0 2 30 342 2546 12914 45438 110634 193100 259840 288924 275666 231594 178066 131090 95240 68874 49434 34952 24134 16262 10830 7284 5028 3564 2550 1794 1212 770 454 246 120 54 22 8 2 0
  tag_recapture[Tags2008_R1_R1].step	1
  tag_recapture[Tags2008_R1_R1].tag_name	Tags2008_R1
  tag_recapture[Tags2008_R1_R1].years	2009 2010
  tag_recapture[Tags2009_R1_R1].area	R1
  tag_recapture[Tags2009_R1_R1].class_mins	100 150 200 250 300 350 400 450 500 550 600 650 700 750 800 850 900 950 1000 1050 1100 1150 1200 1250 1300 1350 1400 1450 1500 1550 1600 1650 1700 1750 1800 1850 1900 1950 2000 2050
  tag_recapture[Tags2009_R1_R1].detection_probability	1
  tag_recapture[Tags2009_R1_R1].dispersion	1
  tag_recapture[Tags2009_R1_R1].do_bootstrap	True
  tag_recapture[Tags2009_R1_R1].plus_group	False
  tag_recapture[Tags2009_R1_R1].proportion_mortality	0.5
  tag_recapture[Tags2009_R1_R1].r	1e-11
  tag_recapture[Tags2009_R1_R1].recaptured_2010	0 0 0 0 0 0 0 0 0 2 6 16 34 25 24 21 19 13 6 5 5 1 3 1 0 0 0 0 0 0 0 0 0 0 0 0 0 0 0
  tag_recapture[Tags2009_R1_R1].sample	size
  tag_recapture[Tags2009_R1_R1].scanned_2010	0 0 0 2 30 342 2546 12914 45438 110634 193100 259840 288924 275666 231594 178066 131090 95240 68874 49434 34952 24134 16262 10830 7284 5028 3564 2550 1794 1212 770 454 246 120 54 22 8 2 0
  tag_recapture[Tags2009_R1_R1].step	1
  tag_recapture[Tags2009_R1_R1].tag_name	Tags2009_R1
  tag_recapture[Tags2009_R1_R1].years	2010
  vector_average_penalty[1].k   	1
  vector_average_penalty[1].label	meanYCS_1
  vector_average_penalty[1].multiplier	100
  vector_average_penalty[1].vector	recruitment.YCS
Stored as DOUBLEs: 
Stored as VECTORs: 
Stored as OGIVEs: 

Population parameters:
Stored as strings: 
  annual_cycle.M_props          	1
  annual_cycle.aging_time       	1
  annual_cycle.baranov          	False
  annual_cycle.fishery_areas    	R1
  annual_cycle.fishery_names    	LL1 LL2
  annual_cycle.fishery_times    	1 1
  annual_cycle.growth_props     	0
  annual_cycle.migrate_from     	R1
  annual_cycle.migrate_to       	R2
  annual_cycle.migration_names  	MoveRec_1_2
  annual_cycle.migration_times  	1
  annual_cycle.n_migrations     	0
  annual_cycle.recruitment_areas	R1
  annual_cycle.recruitment_time 	1
  annual_cycle.spawning_all_areas	1
  annual_cycle.spawning_p       	1
  annual_cycle.spawning_part_mort	0.5
  annual_cycle.spawning_time    	1
  annual_cycle.spawning_use_total_B	False
  annual_cycle.time_steps       	1
  area_names                    	R1
  current                       	2010
  final                         	2045
  first_random_year             	2007
  fishery[LL1].U_max            	0.95
  fishery[LL1].catches          	0 6000 6000 6000 6000 6000 6000 6000 6000 6000 6000 6000 6000 6000 6000 6000 6000 6000 6000 6000 6000
  fishery[LL1].future_constant_catches	200
  fishery[LL1].selectivity      	SelLL
  fishery[LL1].years            	1990 1991 1992 1993 1994 1995 1996 1997 1998 1999 2000 2001 2002 2003 2004 2005 2006 2007 2008 2009 2010
  fishery[LL2].U_max            	0.95
  fishery[LL2].catches          	0 6000 6000 6000 6000 6000 6000 6000 6000 6000 6000 6000 6000 6000 6000 6000 6000 6000 6000 6000 6000
  fishery[LL2].future_constant_catches	200
  fishery[LL2].selectivity      	SelLL
  fishery[LL2].years            	1990 1991 1992 1993 1994 1995 1996 1997 1998 1999 2000 2001 2002 2003 2004 2005 2006 2007 2008 2009 2010
  initial                       	1990
  initialization.B0             	448262
  mature_partition              	False
  maturity_props.all            	allvalues  0 0 0 0 0 0 0 0 0 0 0 0.1667 0.3333 0.5 0.6667 0.8333 1 1 1 1 1 1 1 1 1 1 1 1 1 1
  max_age                       	30
  min_age                       	1
  n_areas                       	1
  n_stocks                      	1
  n_tags                        	5
  natural_mortality.all         	0.155
  plus_group                    	True
  randomisation_method          	lognormal
  recruitment.SR                	BH
  recruitment.YCS               	1 1 1 1 1 1 1 1 1 1 1 1 1 1 1 1 1 1 1 1 1
  recruitment.YCS_years         	1989 1990 1991 1992 1993 1994 1995 1996 1997 1998 1999 2000 2001 2002 2003 2004 2005 2006 2007 2008 2009
  recruitment.first_free        	1989
  recruitment.last_free         	2006
  recruitment.p_male            	0.5
  recruitment.rho               	0
  recruitment.sigma_r           	0.6
  recruitment.steepness         	0.7
  recruitment.year_range        	1989 2006
  selectivity[SelLL].all        	double_normal 10 2 10
  selectivity_names             	SelLL
  sex_partition                 	False
  size_at_age.Linf              	2870
  size_at_age.by_length         	True
  size_at_age.cv                	0.1
  size_at_age.k                 	0.02056
  size_at_age.t0                	-4.2897
  size_at_age_dist              	normal
  size_at_age_type              	von_Bert
  size_based                    	False
  size_weight.a                 	2.59e-12
  size_weight.b                 	3.2064
  size_weight.verify_size_weight	500 0.5 1.5
  standardise_YCS               	True
  tag[Tags2005_R1_LL1].area     	R1
  tag[Tags2005_R1_LL1].class_mins	100 150 200 250 300 350 400 450 500 550 600 650 700 750 800 850 900 950 1000 1050 1100 1150 1200 1250 1300 1350 1400 1450 1500 1550 1600 1650 1700 1750 1800 1850 1900 1950 2000 2050
  tag[Tags2005_R1_LL1].mature_only	False
  tag[Tags2005_R1_LL1].mortality	0.1
  tag[Tags2005_R1_LL1].number   	2500
  tag[Tags2005_R1_LL1].ogive    	SelLL
  tag[Tags2005_R1_LL1].plus_group	False
  tag[Tags2005_R1_LL1].props_all	0 0 0 0 0 1e-04 8e-04 0.0048 0.0184 0.0472 0.088 0.1245 0.1388 0.1298 0.1103 0.0896 0.0694 0.0511 0.0362 0.0255 0.0183 0.0135 0.01 0.0073 0.0052 0.0037 0.0025 0.0018 0.0012 8e-04 5e-04 3e-04 2e-04 1e-04 0 0 0 0 0
  tag[Tags2005_R1_LL1].release_type	deterministic
  tag[Tags2005_R1_LL1].sex      	both
  tag[Tags2005_R1_LL1].step     	1
  tag[Tags2005_R1_LL1].tag_name 	Tags2005_R1
  tag[Tags2005_R1_LL1].year     	2005
  tag[Tags2006_R1_LL1].area     	R1
  tag[Tags2006_R1_LL1].class_mins	100 150 200 250 300 350 400 450 500 550 600 650 700 750 800 850 900 950 1000 1050 1100 1150 1200 1250 1300 1350 1400 1450 1500 1550 1600 1650 1700 1750 1800 1850 1900 1950 2000 2050
  tag[Tags2006_R1_LL1].mature_only	False
  tag[Tags2006_R1_LL1].mortality	0.1
  tag[Tags2006_R1_LL1].number   	2500
  tag[Tags2006_R1_LL1].ogive    	SelLL
  tag[Tags2006_R1_LL1].plus_group	False
  tag[Tags2006_R1_LL1].props_all	0 0 0 0 0 2e-04 0.0013 0.0058 0.0198 0.0485 0.0873 0.1222 0.1397 0.1351 0.1154 0.0921 0.0705 0.0511 0.0349 0.023 0.0152 0.0104 0.0075 0.0055 0.0041 0.0031 0.0023 0.0017 0.0012 9e-04 6e-04 3e-04 2e-04 1e-04 0 0 0 0 0
  tag[Tags2006_R1_LL1].release_type	deterministic
  tag[Tags2006_R1_LL1].sex      	both
  tag[Tags2006_R1_LL1].step     	1
  tag[Tags2006_R1_LL1].tag_name 	Tags2006_R1
  tag[Tags2006_R1_LL1].year     	2006
  tag[Tags2007_R1_LL1].area     	R1
  tag[Tags2007_R1_LL1].class_mins	100 150 200 250 300 350 400 450 500 550 600 650 700 750 800 850 900 950 1000 1050 1100 1150 1200 1250 1300 1350 1400 1450 1500 1550 1600 1650 1700 1750 1800 1850 1900 1950 2000 2050
  tag[Tags2007_R1_LL1].mature_only	False
  tag[Tags2007_R1_LL1].mortality	0.1
  tag[Tags2007_R1_LL1].number   	2500
  tag[Tags2007_R1_LL1].ogive    	SelLL
  tag[Tags2007_R1_LL1].plus_group	False
  tag[Tags2007_R1_LL1].props_all	0 0 0 0 0 1e-04 0.0011 0.0056 0.0193 0.0485 0.0889 0.124 0.139 0.1322 0.1118 0.0878 0.0669 0.0504 0.0372 0.0265 0.0183 0.0125 0.0087 0.0062 0.0045 0.0032 0.0024 0.0017 0.0012 8e-04 5e-04 3e-04 2e-04 1e-04 0 0 0 0 0
  tag[Tags2007_R1_LL1].release_type	deterministic
  tag[Tags2007_R1_LL1].sex      	both
  tag[Tags2007_R1_LL1].step     	1
  tag[Tags2007_R1_LL1].tag_name 	Tags2007_R1
  tag[Tags2007_R1_LL1].year     	2007
  tag[Tags2008_R1_LL1].area     	R1
  tag[Tags2008_R1_LL1].class_mins	100 150 200 250 300 350 400 450 500 550 600 650 700 750 800 850 900 950 1000 1050 1100 1150 1200 1250 1300 1350 1400 1450 1500 1550 1600 1650 1700 1750 1800 1850 1900 1950 2000 2050
  tag[Tags2008_R1_LL1].mature_only	False
  tag[Tags2008_R1_LL1].mortality	0.1
  tag[Tags2008_R1_LL1].number   	2500
  tag[Tags2008_R1_LL1].ogive    	SelLL
  tag[Tags2008_R1_LL1].plus_group	False
  tag[Tags2008_R1_LL1].props_all	0 0 0 0 0 1e-04 0.0012 0.0062 0.0205 0.0497 0.0924 0.1328 0.1497 0.1384 0.112 0.0842 0.0614 0.0445 0.0322 0.0228 0.0157 0.0106 0.0073 0.0052 0.0038 0.0029 0.0022 0.0016 0.0011 7e-04 4e-04 3e-04 1e-04 1e-04 0 0 0 0 0
  tag[Tags2008_R1_LL1].release_type	deterministic
  tag[Tags2008_R1_LL1].sex      	both
  tag[Tags2008_R1_LL1].step     	1
  tag[Tags2008_R1_LL1].tag_name 	Tags2008_R1
  tag[Tags2008_R1_LL1].year     	2008
  tag[Tags2009_R1_LL1].area     	R1
  tag[Tags2009_R1_LL1].class_mins	100 150 200 250 300 350 400 450 500 550 600 650 700 750 800 850 900 950 1000 1050 1100 1150 1200 1250 1300 1350 1400 1450 1500 1550 1600 1650 1700 1750 1800 1850 1900 1950 2000 2050
  tag[Tags2009_R1_LL1].mature_only	False
  tag[Tags2009_R1_LL1].mortality	0.1
  tag[Tags2009_R1_LL1].number   	2500
  tag[Tags2009_R1_LL1].ogive    	SelLL
  tag[Tags2009_R1_LL1].plus_group	False
  tag[Tags2009_R1_LL1].props_all	0 0 0 0 0 1e-04 0.0012 0.0063 0.0213 0.0502 0.0897 0.1266 0.1435 0.135 0.1117 0.0864 0.065 0.0482 0.0352 0.0253 0.0178 0.0122 0.0082 0.0055 0.0037 0.0025 0.0017 0.0011 7e-04 4e-04 3e-04 1e-04 1e-04 0 0 0 0 0 0
  tag[Tags2009_R1_LL1].release_type	deterministic
  tag[Tags2009_R1_LL1].sex      	both
  tag[Tags2009_R1_LL1].step     	1
  tag[Tags2009_R1_LL1].tag_name 	Tags2009_R1
  tag[Tags2009_R1_LL1].year     	2009
  tag_growth_loss[Tags2005_R1].nogrowth_period	0
  tag_growth_loss[Tags2006_R1].nogrowth_period	0
  tag_growth_loss[Tags2007_R1].nogrowth_period	0
  tag_growth_loss[Tags2008_R1].nogrowth_period	0
  tag_growth_loss[Tags2009_R1].nogrowth_period	0
  tag_loss_props                	1
  tag_names                     	Tags2005_R1 Tags2006_R1 Tags2007_R1 Tags2008_R1 Tags2009_R1
  tag_shedding_rate             	0.0084 0.0084 0.0084 0.0084 0.0084
  y_enter                       	1
Stored as DOUBLEs: 
Stored as VECTORs: 
Stored as OGIVEs: 

Output parameters:
Stored as strings: 
  n_projections                 	100
  numbers_at[Numbers_at_age_R1].area	R1
  numbers_at[Numbers_at_age_R1].proportion_mortality	0.5
  numbers_at[Numbers_at_age_R1].step	1
  numbers_at[Numbers_at_age_R1].years	1990 1991 1992 1993 1994 1995 1996 1997 1998 1999 2000 2001 2002 2003 2004 2005 2006 2007 2008 2009 2010
  print.covariance              	true
  print.estimation_section      	true
  print.final_state             	false
  print.fits                    	true
  print.fits_every_eval         	false
  print.initial_state           	false
  print.normalised_resids       	true
  print.objective_every_eval    	false
  print.parameter_vector_every_eval	false
  print.parameters              	true
  print.parameters_every_eval   	false
  print.pearson_resids          	true
  print.requests                	false
  print.resids                  	true
  print.results                 	false
  print.state_annually          	false
  print.state_every_step        	false
  print.unused_parameters       	true
  print.yields                  	true
  quantities.B0                 	true
  quantities.R0                 	true
  quantities.SSBs               	true
  quantities.YCS                	true
  quantities.actual_catches     	false
  quantities.all_free_parameters	true
  quantities.fishing_pressures  	true
  quantities.nuisance_qs        	true
  quantities.recruitments       	true
  quantities.true_YCS           	true
Stored as DOUBLEs: 
Stored as VECTORs: 
Stored as OGIVEs: 

A fish of size 500 cm has a weight of 1.16755 kg in your model. This size-weight scale check assumes that the growth curve is in centimetres, and that the catch is in tonnes.

A fish of size 500 cm has a weight of 1.16755 kg in your model. This size-weight scale check assumes that the growth curve is in centimetres, and that the catch is in tonnes.

Estimation section :

Objective function: Bayes

Minimiser convergence threshold: 0.001


Observations:

The observations are:
LL1_catchA
Tags2005_R1_R1
Tags2006_R1_R1
Tags2007_R1_R1
Tags2008_R1_R1
Tags2009_R1_R1
Fits follow:

LL1_catchA :
catch proportions-at-age for fishery LL1  with ageing error (constrained to sum to 1):
obs (last class is a plus group):
class 1       2       3       4       5       6       7       8       9       10      11      12      13      14      15      16      17      18      19      20      21      22      23      24      25      26      27      28      29      30      
2000 0       0       0       0       0.01    0.01    0.06    0.07    0.18    0.07    0.13    0.1     0.09    0.06    0.06    0.01    0.03    0.02    0.02    0.03    0       0       0.01    0.01    0       0.01    0       0.01    0       0.01    
2001 0       0       0       0.01    0.01    0.02    0.09    0.1     0.17    0.12    0.17    0.07    0.05    0.06    0.04    0.04    0.01    0.02    0.01    0.01    0       0       0       0       0       0       0       0       0       0       
2002 0       0       0       0       0.01    0.02    0.06    0.11    0.14    0.13    0.16    0.08    0.04    0.11    0.06    0.02    0.01    0.01    0.02    0.01    0       0       0       0       0       0.01    0       0       0       0       
2003 0       0       0       0       0       0.02    0.01    0.12    0.12    0.16    0.18    0.09    0.07    0.07    0.04    0.03    0.01    0       0.01    0       0.01    0.01    0.02    0       0.03    0       0       0       0       0       
2004 0       0       0       0       0.02    0.03    0.1     0.08    0.23    0.07    0.06    0.09    0.11    0.05    0.04    0.04    0.01    0       0.03    0.02    0       0       0       0       0       0       0.01    0.01    0       0       
2005 0       0       0       0       0       0.04    0.03    0.09    0.22    0.12    0.14    0.1     0.05    0.02    0.01    0.05    0.02    0.03    0.02    0.01    0       0       0.01    0.01    0.01    0       0.01    0       0.01    0       
2006 0       0       0       0       0       0.03    0.06    0.09    0.18    0.21    0.11    0.11    0.06    0.02    0.02    0.02    0.05    0.03    0.01    0       0       0       0       0       0       0       0       0       0       0       
2007 0       0       0       0.01    0.01    0       0.09    0.11    0.17    0.12    0.14    0.08    0.07    0.04    0.04    0.02    0.01    0.04    0.01    0.01    0.01    0       0.01    0.01    0       0       0       0       0       0       
2008 0       0       0       0       0       0.04    0.08    0.1     0.09    0.18    0.14    0.09    0.07    0.07    0.01    0.02    0.04    0.01    0.02    0.02    0.01    0       0       0       0.01    0       0       0       0       0       
2009 0       0       0       0       0       0.02    0.03    0.13    0.19    0.22    0.1     0.09    0.06    0.06    0.03    0.02    0.01    0.01    0.01    0.01    0       0.01    0       0       0       0       0       0       0       0       
2010 0       0       0       0       0       0.02    0.06    0.09    0.18    0.17    0.1     0.07    0.09    0.07    0.11    0.01    0.01    0       0.01    0       0       0       0       0       0       0       0.01    0       0       0       
objective function: multinomial likelihood, with delta = 1e-011, N =
100 100 100 100 100 100 100 100 100 100 100 100 100 100 100 100 100 100 100 100 100 100 100 100 100 100 100 100 100 100 
100 100 100 100 100 100 100 100 100 100 100 100 100 100 100 100 100 100 100 100 100 100 100 100 100 100 100 100 100 100 
100 100 100 100 100 100 100 100 100 100 100 100 100 100 100 100 100 100 100 100 100 100 100 100 100 100 100 100 100 100 
100 100 100 100 100 100 100 100 100 100 100 100 100 100 100 100 100 100 100 100 100 100 100 100 100 100 100 100 100 100 
100 100 100 100 100 100 100 100 100 100 100 100 100 100 100 100 100 100 100 100 100 100 100 100 100 100 100 100 100 100 
100 100 100 100 100 100 100 100 100 100 100 100 100 100 100 100 100 100 100 100 100 100 100 100 100 100 100 100 100 100 
100 100 100 100 100 100 100 100 100 100 100 100 100 100 100 100 100 100 100 100 100 100 100 100 100 100 100 100 100 100 
100 100 100 100 100 100 100 100 100 100 100 100 100 100 100 100 100 100 100 100 100 100 100 100 100 100 100 100 100 100 
100 100 100 100 100 100 100 100 100 100 100 100 100 100 100 100 100 100 100 100 100 100 100 100 100 100 100 100 100 100 
100 100 100 100 100 100 100 100 100 100 100 100 100 100 100 100 100 100 100 100 100 100 100 100 100 100 100 100 100 100 
100 100 100 100 100 100 100 100 100 100 100 100 100 100 100 100 100 100 100 100 100 100 100 100 100 100 100 100 100 100 

Tags2005_R1_R1 :
tag-recapture data for tag Tags2005_R1 in years 2006 2007 2008 2009 2010 , step 1, after proportion 0.5 of mortality, with sampling method size, detection probability 1.
Year 2006
class scanned recaptured
100 0 0
150 0 0
200 0 0
250 2 0
300 28 0
350 320 0
400 2302 0
450 11502 0
500 39770 0
550 96806 0
600 173902 6
650 243624 19
700 277690 27
750 266092 19
800 224820 24
850 178122 24
900 136978 22
950 101584 12
1000 71958 8
1050 49292 6
1100 33518 4
1150 23134 1
1200 16316 2
1250 11662 0
1300 8346 0
1350 5944 0
1400 4222 0
1450 2988 0
1500 2086 0
1550 1406 0
1600 896 0
1650 530 0
1700 286 0
1750 140 0
1800 62 0
1850 24 0
1900 8 0
1950 2 0
2000 0 0


Year 2007
class scanned recaptured
100 0 0
150 0 0
200 0 0
250 2 0
300 28 0
350 344 0
400 2442 0
450 11568 0
500 39724 0
550 99366 1
600 181960 3
650 252416 10
700 280488 15
750 265182 30
800 224010 23
850 176300 25
900 134278 21
950 100438 12
1000 72920 5
1050 50898 7
1100 34514 3
1150 23278 0
1200 15942 1
1250 11162 1
1300 7944 0
1350 5686 0
1400 4062 0
1450 2880 0
1500 2006 0
1550 1350 0
1600 862 0
1650 512 0
1700 278 0
1750 138 0
1800 62 0
1850 24 0
1900 8 0
1950 2 0
2000 0 0


Year 2008
class scanned recaptured
100 0 0
150 0 0
200 0 0
250 2 0
300 28 0
350 344 0
400 2602 0
450 12332 0
500 40170 0
550 97884 1
600 182308 3
650 260086 2
700 291620 9
750 271378 13
800 224512 14
850 174626 13
900 131756 14
950 97934 12
1000 71728 11
1050 51120 6
1100 35200 3
1150 23658 2
1200 15864 1
1250 10828 2
1300 7580 1
1350 5410 1
1400 3886 0
1450 2772 0
1500 1934 0
1550 1300 0
1600 826 0
1650 490 0
1700 266 0
1750 132 0
1800 58 0
1850 24 0
1900 8 0
1950 2 0
2000 0 0


Year 2009
class scanned recaptured
100 0 0
150 0 0
200 0 0
250 2 0
300 28 0
350 338 0
400 2596 0
450 13080 0
500 43468 0
550 101422 0
600 180382 0
650 255904 2
700 293398 2
750 278302 2
800 229716 12
850 175798 15
900 130724 16
950 96182 13
1000 70174 10
1050 50456 7
1100 35360 2
1150 24054 3
1200 16060 0
1250 10754 1
1300 7362 1
1350 5182 0
1400 3714 0
1450 2662 0
1500 1866 0
1550 1256 0
1600 798 0
1650 470 0
1700 254 0
1750 126 0
1800 56 0
1850 22 0
1900 8 0
1950 2 0
2000 0 0


Year 2010
class scanned recaptured
100 0 0
150 0 0
200 0 0
250 2 0
300 30 0
350 342 0
400 2546 0
450 12914 0
500 45438 0
550 110634 0
600 193100 0
650 259840 0
700 288924 0
750 275666 5
800 231594 5
850 178066 9
900 131090 11
950 95240 10
1000 68874 6
1050 49434 3
1100 34952 6
1150 24134 2
1200 16262 2
1250 10830 0
1300 7284 1
1350 5028 0
1400 3564 0
1450 2550 0
1500 1794 0
1550 1212 0
1600 770 0
1650 454 0
1700 246 0
1750 120 0
1800 54 0
1850 22 0
1900 8 0
1950 2 0
2000 0 0


Tags2006_R1_R1 :
tag-recapture data for tag Tags2006_R1 in years 2007 2008 2009 2010 , step 1, after proportion 0.5 of mortality, with sampling method size, detection probability 1.
Year 2007
class scanned recaptured
100 0 0
150 0 0
200 0 0
250 2 0
300 28 0
350 344 0
400 2442 0
450 11568 0
500 39724 0
550 99366 1
600 181960 2
650 252416 11
700 280488 21
750 265182 20
800 224010 28
850 176300 10
900 134278 18
950 100438 14
1000 72920 9
1050 50898 7
1100 34514 3
1150 23278 3
1200 15942 0
1250 11162 0
1300 7944 0
1350 5686 0
1400 4062 0
1450 2880 0
1500 2006 0
1550 1350 0
1600 862 0
1650 512 0
1700 278 0
1750 138 0
1800 62 0
1850 24 0
1900 8 0
1950 2 0
2000 0 0


Year 2008
class scanned recaptured
100 0 0
150 0 0
200 0 0
250 2 0
300 28 0
350 344 0
400 2602 0
450 12332 0
500 40170 0
550 97884 0
600 182308 2
650 260086 5
700 291620 10
750 271378 15
800 224512 11
850 174626 18
900 131756 18
950 97934 12
1000 71728 12
1050 51120 3
1100 35200 1
1150 23658 1
1200 15864 3
1250 10828 0
1300 7580 0
1350 5410 0
1400 3886 1
1450 2772 0
1500 1934 0
1550 1300 0
1600 826 0
1650 490 0
1700 266 0
1750 132 0
1800 58 0
1850 24 0
1900 8 0
1950 2 0
2000 0 0


Year 2009
class scanned recaptured
100 0 0
150 0 0
200 0 0
250 2 0
300 28 0
350 338 0
400 2596 0
450 13080 0
500 43468 0
550 101422 1
600 180382 1
650 255904 1
700 293398 6
750 278302 11
800 229716 17
850 175798 12
900 130724 19
950 96182 7
1000 70174 5
1050 50456 3
1100 35360 3
1150 24054 3
1200 16060 1
1250 10754 1
1300 7362 2
1350 5182 0
1400 3714 0
1450 2662 0
1500 1866 0
1550 1256 0
1600 798 0
1650 470 0
1700 254 0
1750 126 0
1800 56 0
1850 22 0
1900 8 0
1950 2 0
2000 0 0


Year 2010
class scanned recaptured
100 0 0
150 0 0
200 0 0
250 2 0
300 30 0
350 342 0
400 2546 0
450 12914 0
500 45438 0
550 110634 0
600 193100 0
650 259840 0
700 288924 3
750 275666 7
800 231594 12
850 178066 15
900 131090 11
950 95240 13
1000 68874 4
1050 49434 8
1100 34952 3
1150 24134 1
1200 16262 1
1250 10830 0
1300 7284 0
1350 5028 0
1400 3564 0
1450 2550 0
1500 1794 0
1550 1212 0
1600 770 0
1650 454 1
1700 246 0
1750 120 0
1800 54 0
1850 22 0
1900 8 0
1950 2 0
2000 0 0


Tags2007_R1_R1 :
tag-recapture data for tag Tags2007_R1 in years 2008 2009 2010 , step 1, after proportion 0.5 of mortality, with sampling method size, detection probability 1.
Year 2008
class scanned recaptured
100 0 0
150 0 0
200 0 0
250 2 0
300 28 0
350 344 0
400 2602 0
450 12332 0
500 40170 0
550 97884 0
600 182308 4
650 260086 12
700 291620 16
750 271378 30
800 224512 33
850 174626 32
900 131756 19
950 97934 15
1000 71728 11
1050 51120 7
1100 35200 2
1150 23658 2
1200 15864 1
1250 10828 2
1300 7580 0
1350 5410 0
1400 3886 0
1450 2772 0
1500 1934 0
1550 1300 0
1600 826 0
1650 490 0
1700 266 0
1750 132 0
1800 58 0
1850 24 0
1900 8 0
1950 2 0
2000 0 0


Year 2009
class scanned recaptured
100 0 0
150 0 0
200 0 0
250 2 0
300 28 0
350 338 0
400 2596 0
450 13080 0
500 43468 0
550 101422 1
600 180382 1
650 255904 9
700 293398 18
750 278302 23
800 229716 18
850 175798 22
900 130724 16
950 96182 12
1000 70174 5
1050 50456 5
1100 35360 3
1150 24054 4
1200 16060 0
1250 10754 0
1300 7362 0
1350 5182 2
1400 3714 0
1450 2662 0
1500 1866 0
1550 1256 0
1600 798 0
1650 470 0
1700 254 0
1750 126 0
1800 56 0
1850 22 0
1900 8 0
1950 2 0
2000 0 0


Year 2010
class scanned recaptured
100 0 0
150 0 0
200 0 0
250 2 0
300 30 0
350 342 0
400 2546 0
450 12914 0
500 45438 0
550 110634 0
600 193100 0
650 259840 2
700 288924 6
750 275666 9
800 231594 8
850 178066 18
900 131090 12
950 95240 12
1000 68874 5
1050 49434 3
1100 34952 2
1150 24134 1
1200 16262 2
1250 10830 0
1300 7284 0
1350 5028 0
1400 3564 0
1450 2550 0
1500 1794 0
1550 1212 0
1600 770 0
1650 454 0
1700 246 0
1750 120 0
1800 54 0
1850 22 0
1900 8 0
1950 2 0
2000 0 0


Tags2008_R1_R1 :
tag-recapture data for tag Tags2008_R1 in years 2009 2010 , step 1, after proportion 0.5 of mortality, with sampling method size, detection probability 1.
Year 2009
class scanned recaptured
100 0 0
150 0 0
200 0 0
250 2 0
300 28 0
350 338 0
400 2596 0
450 13080 0
500 43468 1
550 101422 3
600 180382 8
650 255904 7
700 293398 16
750 278302 26
800 229716 29
850 175798 26
900 130724 19
950 96182 12
1000 70174 8
1050 50456 5
1100 35360 6
1150 24054 3
1200 16060 3
1250 10754 1
1300 7362 1
1350 5182 0
1400 3714 0
1450 2662 0
1500 1866 0
1550 1256 1
1600 798 0
1650 470 0
1700 254 0
1750 126 0
1800 56 0
1850 22 0
1900 8 0
1950 2 0
2000 0 0


Year 2010
class scanned recaptured
100 0 0
150 0 0
200 0 0
250 2 0
300 30 0
350 342 0
400 2546 0
450 12914 0
500 45438 0
550 110634 0
600 193100 2
650 259840 7
700 288924 23
750 275666 24
800 231594 25
850 178066 26
900 131090 19
950 95240 9
1000 68874 5
1050 49434 6
1100 34952 6
1150 24134 3
1200 16262 1
1250 10830 3
1300 7284 0
1350 5028 0
1400 3564 0
1450 2550 0
1500 1794 0
1550 1212 0
1600 770 0
1650 454 0
1700 246 0
1750 120 0
1800 54 0
1850 22 0
1900 8 0
1950 2 0
2000 0 0


Tags2009_R1_R1 :
tag-recapture data for tag Tags2009_R1 in years 2010 , step 1, after proportion 0.5 of mortality, with sampling method size, detection probability 1.
Year 2010
class scanned recaptured
100 0 0
150 0 0
200 0 0
250 2 0
300 30 0
350 342 0
400 2546 0
450 12914 0
500 45438 0
550 110634 2
600 193100 6
650 259840 16
700 288924 34
750 275666 25
800 231594 24
850 178066 21
900 131090 19
950 95240 13
1000 68874 6
1050 49434 5
1100 34952 5
1150 24134 1
1200 16262 3
1250 10830 1
1300 7284 0
1350 5028 0
1400 3564 0
1450 2550 0
1500 1794 0
1550 1212 0
1600 770 0
1650 454 0
1700 246 0
1750 120 0
1800 54 0
1850 22 0
1900 8 0
1950 2 0
2000 0 0



Ageing_error:
  Misclassification matrix:
1 0 0 0 0 0 0 0 0 0 0 0 0 0 0 0 0 0 0 0 0 0 0 0 0 0 0 0 0 0 
0 1 0 0 0 0 0 0 0 0 0 0 0 0 0 0 0 0 0 0 0 0 0 0 0 0 0 0 0 0 
0 0 1 0 0 0 0 0 0 0 0 0 0 0 0 0 0 0 0 0 0 0 0 0 0 0 0 0 0 0 
0 0 0 1 0 0 0 0 0 0 0 0 0 0 0 0 0 0 0 0 0 0 0 0 0 0 0 0 0 0 
0 0 0 0 1 0 0 0 0 0 0 0 0 0 0 0 0 0 0 0 0 0 0 0 0 0 0 0 0 0 
0 0 0 0 0 1 0 0 0 0 0 0 0 0 0 0 0 0 0 0 0 0 0 0 0 0 0 0 0 0 
0 0 0 0 0 0 1 0 0 0 0 0 0 0 0 0 0 0 0 0 0 0 0 0 0 0 0 0 0 0 
0 0 0 0 0 0 0 1 0 0 0 0 0 0 0 0 0 0 0 0 0 0 0 0 0 0 0 0 0 0 
0 0 0 0 0 0 0 0 1 0 0 0 0 0 0 0 0 0 0 0 0 0 0 0 0 0 0 0 0 0 
0 0 0 0 0 0 0 0 0 1 0 0 0 0 0 0 0 0 0 0 0 0 0 0 0 0 0 0 0 0 
0 0 0 0 0 0 0 0 0 0 1 0 0 0 0 0 0 0 0 0 0 0 0 0 0 0 0 0 0 0 
0 0 0 0 0 0 0 0 0 0 0 1 0 0 0 0 0 0 0 0 0 0 0 0 0 0 0 0 0 0 
0 0 0 0 0 0 0 0 0 0 0 0 1 0 0 0 0 0 0 0 0 0 0 0 0 0 0 0 0 0 
0 0 0 0 0 0 0 0 0 0 0 0 0 1 0 0 0 0 0 0 0 0 0 0 0 0 0 0 0 0 
0 0 0 0 0 0 0 0 0 0 0 0 0 0 1 0 0 0 0 0 0 0 0 0 0 0 0 0 0 0 
0 0 0 0 0 0 0 0 0 0 0 0 0 0 0 1 0 0 0 0 0 0 0 0 0 0 0 0 0 0 
0 0 0 0 0 0 0 0 0 0 0 0 0 0 0 0 1 0 0 0 0 0 0 0 0 0 0 0 0 0 
0 0 0 0 0 0 0 0 0 0 0 0 0 0 0 0 0 1 0 0 0 0 0 0 0 0 0 0 0 0 
0 0 0 0 0 0 0 0 0 0 0 0 0 0 0 0 0 0 1 0 0 0 0 0 0 0 0 0 0 0 
0 0 0 0 0 0 0 0 0 0 0 0 0 0 0 0 0 0 0 1 0 0 0 0 0 0 0 0 0 0 
0 0 0 0 0 0 0 0 0 0 0 0 0 0 0 0 0 0 0 0 1 0 0 0 0 0 0 0 0 0 
0 0 0 0 0 0 0 0 0 0 0 0 0 0 0 0 0 0 0 0 0 1 0 0 0 0 0 0 0 0 
0 0 0 0 0 0 0 0 0 0 0 0 0 0 0 0 0 0 0 0 0 0 1 0 0 0 0 0 0 0 
0 0 0 0 0 0 0 0 0 0 0 0 0 0 0 0 0 0 0 0 0 0 0 1 0 0 0 0 0 0 
0 0 0 0 0 0 0 0 0 0 0 0 0 0 0 0 0 0 0 0 0 0 0 0 1 0 0 0 0 0 
0 0 0 0 0 0 0 0 0 0 0 0 0 0 0 0 0 0 0 0 0 0 0 0 0 1 0 0 0 0 
0 0 0 0 0 0 0 0 0 0 0 0 0 0 0 0 0 0 0 0 0 0 0 0 0 0 1 0 0 0 
0 0 0 0 0 0 0 0 0 0 0 0 0 0 0 0 0 0 0 0 0 0 0 0 0 0 0 1 0 0 
0 0 0 0 0 0 0 0 0 0 0 0 0 0 0 0 0 0 0 0 0 0 0 0 0 0 0 0 1 0 
0 0 0 0 0 0 0 0 0 0 0 0 0 0 0 0 0 0 0 0 0 0 0 0 0 0 0 0 0 1 

Free parameters:

initialization.B0
uniform: bounds from 5000 to 500000
current value: 448262
lower bound: 5000
upper bound: 500000


Q's:
qs are nuisance parameters

Penalties:
LL1_Penalty :
Catch limit penalty of 1000 x the sum of squares of (log(actual catch) - log(specified catch)) for fishery LL1 to disencourage breaking exploitation rate limits
LL2_Penalty :
Catch limit penalty of 1000 x the sum of squares of (log(actual catch) - log(specified catch)) for fishery LL2 to disencourage breaking exploitation rate limits
meanYCS_1 :
Vector average penalty of 100 x square of (mean(recruitment.YCS) - 1) 
Penalty_Tags2005_R1_LL1 :
'Fish-must-be-tagged' penalty of 1 x square of (actual number of tagged fish - nominal number of tagged fish) for tagging episode Tags2005_R1_LL1
Penalty_Tags2006_R1_LL1 :
'Fish-must-be-tagged' penalty of 1 x square of (actual number of tagged fish - nominal number of tagged fish) for tagging episode Tags2006_R1_LL1
Penalty_Tags2007_R1_LL1 :
'Fish-must-be-tagged' penalty of 1 x square of (actual number of tagged fish - nominal number of tagged fish) for tagging episode Tags2007_R1_LL1
Penalty_Tags2008_R1_LL1 :
'Fish-must-be-tagged' penalty of 1 x square of (actual number of tagged fish - nominal number of tagged fish) for tagging episode Tags2008_R1_LL1
Penalty_Tags2009_R1_LL1 :
'Fish-must-be-tagged' penalty of 1 x square of (actual number of tagged fish - nominal number of tagged fish) for tagging episode Tags2009_R1_LL1

Components of the objective function are:
  LL1_catchA
  Tags2005_R1_R1
  Tags2006_R1_R1
  Tags2007_R1_R1
  Tags2008_R1_R1
  Tags2009_R1_R1
  prior_on_initialization.B0
  LL1_Penalty
  LL2_Penalty
  meanYCS_1
  Penalty_Tags2005_R1_LL1
  Penalty_Tags2006_R1_LL1
  Penalty_Tags2007_R1_LL1
  Penalty_Tags2008_R1_LL1
  Penalty_Tags2009_R1_LL1

Random number seed : 86044


Minimiser achieved convergence after 8 quasi-Newton iterations using 10 objective function evaluations



Approximate Covariance matrix (Inverse Hessian of parameters at point estimate):
1.03527e+007 

Correlation matrix:
1 

List of parameter names, in the same order as the rows & cols of the covariance/correlation matrices:
initialization.B0 



Start extracting output from here

Point estimate:
initialization.B0
current value: 233558
lower bound: 5000
upper bound: 500000


In a format suitable for -i :

initialization.B0 
233558 

Objective function : 916.038

Components :
LL1_catchA                                         398.962
Tags2005_R1_R1                                     161.42
Tags2006_R1_R1                                     135.746
Tags2007_R1_R1                                     101.652
Tags2008_R1_R1                                     81.6701
Tags2009_R1_R1                                     36.5884
prior_on_initialization.B0                         0
LL1_Penalty                                        0
LL2_Penalty                                        0
meanYCS_1                                          0
Penalty_Tags2005_R1_LL1                            8.27181e-025
Penalty_Tags2006_R1_LL1                            2.06795e-025
Penalty_Tags2007_R1_LL1                            2.06795e-025
Penalty_Tags2008_R1_LL1                            2.06795e-025
Penalty_Tags2009_R1_LL1                            0

Fits : 

The observations are:
LL1_catchA
Tags2005_R1_R1
Tags2006_R1_R1
Tags2007_R1_R1
Tags2008_R1_R1
Tags2009_R1_R1
Fits follow:

LL1_catchA :
catch proportions-at-age for fishery LL1  with ageing error (constrained to sum to 1):
obs (last class is a plus group):
class 1       2       3       4       5       6       7       8       9       10      11      12      13      14      15      16      17      18      19      20      21      22      23      24      25      26      27      28      29      30      
2000 0       0       0       0       0.01    0.01    0.06    0.07    0.18    0.07    0.13    0.1     0.09    0.06    0.06    0.01    0.03    0.02    0.02    0.03    0       0       0.01    0.01    0       0.01    0       0.01    0       0.01    
2001 0       0       0       0.01    0.01    0.02    0.09    0.1     0.17    0.12    0.17    0.07    0.05    0.06    0.04    0.04    0.01    0.02    0.01    0.01    0       0       0       0       0       0       0       0       0       0       
2002 0       0       0       0       0.01    0.02    0.06    0.11    0.14    0.13    0.16    0.08    0.04    0.11    0.06    0.02    0.01    0.01    0.02    0.01    0       0       0       0       0       0.01    0       0       0       0       
2003 0       0       0       0       0       0.02    0.01    0.12    0.12    0.16    0.18    0.09    0.07    0.07    0.04    0.03    0.01    0       0.01    0       0.01    0.01    0.02    0       0.03    0       0       0       0       0       
2004 0       0       0       0       0.02    0.03    0.1     0.08    0.23    0.07    0.06    0.09    0.11    0.05    0.04    0.04    0.01    0       0.03    0.02    0       0       0       0       0       0       0.01    0.01    0       0       
2005 0       0       0       0       0       0.04    0.03    0.09    0.22    0.12    0.14    0.1     0.05    0.02    0.01    0.05    0.02    0.03    0.02    0.01    0       0       0.01    0.01    0.01    0       0.01    0       0.01    0       
2006 0       0       0       0       0       0.03    0.06    0.09    0.18    0.21    0.11    0.11    0.06    0.02    0.02    0.02    0.05    0.03    0.01    0       0       0       0       0       0       0       0       0       0       0       
2007 0       0       0       0.01    0.01    0       0.09    0.11    0.17    0.12    0.14    0.08    0.07    0.04    0.04    0.02    0.01    0.04    0.01    0.01    0.01    0       0.01    0.01    0       0       0       0       0       0       
2008 0       0       0       0       0       0.04    0.08    0.1     0.09    0.18    0.14    0.09    0.07    0.07    0.01    0.02    0.04    0.01    0.02    0.02    0.01    0       0       0       0.01    0       0       0       0       0       
2009 0       0       0       0       0       0.02    0.03    0.13    0.19    0.22    0.1     0.09    0.06    0.06    0.03    0.02    0.01    0.01    0.01    0.01    0       0.01    0       0       0       0       0       0       0       0       
2010 0       0       0       0       0       0.02    0.06    0.09    0.18    0.17    0.1     0.07    0.09    0.07    0.11    0.01    0.01    0       0.01    0       0       0       0       0       0       0       0.01    0       0       0       
fits (last class is a plus group):
class 1       2       3       4       5       6       7       8       9       10      11      12      13      14      15      16      17      18      19      20      21      22      23      24      25      26      27      28      29      30      
2000 5.37035e-007 8.81139e-006 0.00010219 0.000837638 0.00485176 0.0198408 0.0570921 0.114601 0.158445 0.149966 0.116891 0.0902067 0.0690205 0.0524297 0.0396019 0.029833 0.0225555 0.0172633 0.0134107 0.0104413 0.00805426 0.0061471 0.00463549 0.00344932 0.00252972 0.00182669 0.00129764 0.000906291 0.000622044 0.00313202 
2001 5.40794e-007 8.87572e-006 0.000102975 0.000844446 0.00489368 0.0200227 0.0576398 0.115703 0.159835 0.151209 0.117653 0.0905046 0.0690221 0.0522556 0.0393205 0.0294473 0.0220102 0.0165193 0.0125541 0.00968409 0.00748599 0.00573164 0.00434012 0.00324552 0.00239351 0.00173873 0.00124289 0.000873539 0.000603295 0.00311438 
2002 5.44031e-007 8.93099e-006 0.000103647 0.000850274 0.00492964 0.0201796 0.0581149 0.116663 0.161046 0.152088 0.118227 0.0907878 0.069021 0.0520889 0.0390689 0.0291523 0.0216657 0.0160783 0.0119843 0.00904559 0.0069291 0.00531745 0.00404 0.00303407 0.00224895 0.00164302 0.00118165 0.000835765 0.000580898 0.00308396 
2003 5.46893e-007 8.97976e-006 0.000104238 0.000855377 0.00496105 0.0203167 0.0585313 0.117507 0.162108 0.152848 0.118558 0.0909593 0.069035 0.0519408 0.0388388 0.0288915 0.021397 0.0157913 0.0116405 0.00861887 0.00646127 0.00491435 0.00374289 0.00282078 0.0021001 0.00154223 0.00111558 0.000793926 0.000555355 0.00304095 
2004 5.49496e-007 9.02402e-006 0.000104772 0.000859971 0.00498917 0.0204389 0.0589017 0.118256 0.163045 0.153507 0.118832 0.0909723 0.0689856 0.0518207 0.0386354 0.0286562 0.0211608 0.0155651 0.0114124 0.00835815 0.00614759 0.00457666 0.00345522 0.00261071 0.00195073 0.00143903 0.00104643 0.000749076 0.000527261 0.00298569 
2005 5.51933e-007 9.06535e-006 0.00010527 0.000864228 0.00501505 0.0205505 0.0592378 0.118932 0.163881 0.154081 0.119057 0.0909641 0.0688335 0.0516663 0.0384629 0.0284484 0.0209491 0.0153668 0.0112314 0.00818292 0.00595424 0.00434973 0.00321474 0.00240806 0.00180417 0.00133586 0.000975884 0.00070232 0.000497279 0.0029187 
2006 5.54284e-007 9.10505e-006 0.000105746 0.000868283 0.00503957 0.0206554 0.0595506 0.119554 0.164639 0.154586 0.119236 0.0909345 0.0686787 0.0514451 0.0382725 0.0282689 0.0207616 0.0151894 0.0110728 0.00804316 0.00582307 0.00420896 0.00305288 0.00223893 0.00166317 0.0012349 0.000905563 0.000654763 0.000466116 0.00284079 
2007 5.566e-007 9.14397e-006 0.000106211 0.000872225 0.00506328 0.0207562 0.0598485 0.120138 0.165338 0.155034 0.119378 0.0908838 0.0685179 0.0512297 0.0380385 0.0280807 0.0205981 0.0150319 0.010931 0.00792066 0.00571804 0.00411281 0.002952 0.00212496 0.00154562 0.00113796 0.000836869 0.000607435 0.000434473 0.00275292 
2008 5.58927e-007 9.18287e-006 0.000106673 0.000876123 0.00508662 0.0208549 0.060138 0.1207  0.165997 0.155439 0.119486 0.0908123 0.0683479 0.0510153 0.0378131 0.0278636 0.0204304 0.0148934 0.0108047 0.00781102 0.00562587 0.00403553 0.00288272 0.00205367 0.00146633 0.00105718 0.00077098 0.000561255 0.000403017 0.00265635 
2009 5.61298e-007 9.22231e-006 0.000107139 0.000880034 0.00510992 0.0209529 0.0604239 0.12125 0.166632 0.155813 0.119567 0.0907209 0.0681666 0.0507976 0.0375911 0.0276549 0.0202433 0.0147531 0.0106929 0.00771311 0.00554328 0.00396766 0.0028269 0.00200454 0.00141662 0.00100267 0.00071611 0.000516996 0.000372348 0.00255252 
2010 5.6374e-007 9.26275e-006 0.000107614 0.000884003 0.00513344 0.0210514 0.0607096 0.121796 0.167254 0.156167 0.119627 0.0906113 0.0679727 0.0505733 0.0373683 0.0274501 0.0200633 0.0145995 0.0105803 0.00762592 0.00546928 0.00390672 0.0027778 0.00196485 0.00138225 0.000968433 0.000679066 0.00048015 0.000342968 0.00244302 
resids (last class is a plus group):
class 1       2       3       4       5       6       7       8       9       10      11      12      13      14      15      16      17      18      19      20      21      22      23      24      25      26      27      28      29      30      
2000 -5.37035e-007 -8.81139e-006 -0.00010219 -0.000837638 0.00514824 -0.00984085 0.00290792 -0.0446009 0.0215553 -0.0799661 0.0131086 0.00979335 0.0209795 0.00757032 0.0203981 -0.019833 0.00744447 0.00273667 0.0065893 0.0195587 -0.00805426 -0.0061471 0.00536451 0.00655068 -0.00252972 0.00817331 -0.00129764 0.00909371 -0.000622044 0.00686798 
2001 -5.40794e-007 -8.87572e-006 -0.000102975 0.00915555 0.00510632 -2.27485e-005 0.0323602 -0.0157027 0.0101654 -0.0312093 0.0523469 -0.0205046 -0.0190221 0.00774445 0.000679535 0.0105527 -0.0120102 0.00348074 -0.0025541 0.000315915 -0.00748599 -0.00573164 -0.00434012 -0.00324552 -0.00239351 -0.00173873 -0.00124289 -0.000873539 -0.000603295 -0.00311438 
2002 -5.44031e-007 -8.93099e-006 -0.000103647 -0.000850274 0.00507036 -0.000179591 0.00188511 -0.00666342 -0.0210463 -0.0220882 0.0417731 -0.0107878 -0.029021 0.0579111 0.0209311 -0.00915227 -0.0116657 -0.00607831 0.0080157 0.000954411 -0.0069291 -0.00531745 -0.00404 -0.00303407 -0.00224895 0.00835698 -0.00118165 -0.000835765 -0.000580898 -0.00308396 
2003 -5.46893e-007 -8.97976e-006 -0.000104238 -0.000855377 -0.00496105 -0.000316689 -0.0485313 0.00249286 -0.042108 0.00715206 0.0614418 -0.000959313 0.000964989 0.0180592 0.00116117 0.00110853 -0.011397 -0.0157913 -0.00164048 -0.00861887 0.00353873 0.00508565 0.0162571 -0.00282078 0.0278999 -0.00154223 -0.00111558 -0.000793926 -0.000555355 -0.00304095 
2004 -5.49496e-007 -9.02402e-006 -0.000104772 -0.000859971 0.0150108 0.00956114 0.0410983 -0.0382564 0.0669549 -0.083507 -0.0588323 -0.0009723 0.0410144 -0.00182067 0.00136461 0.0113438 -0.0111608 -0.0155651 0.0185876 0.0116418 -0.00614759 -0.00457666 -0.00345522 -0.00261071 -0.00195073 -0.00143903 0.00895357 0.00925092 -0.000527261 -0.00298569 
2005 -5.51933e-007 -9.06535e-006 -0.00010527 -0.000864228 -0.00501505 0.0194495 -0.0292378 -0.028932 0.0561187 -0.0340814 0.0209434 0.00903595 -0.0188335 -0.0316663 -0.0284629 0.0215516 -0.000949068 0.0146332 0.00876861 0.00181708 -0.00595424 -0.00434973 0.00678526 0.00759194 0.00819583 -0.00133586 0.00902412 -0.00070232 0.00950272 -0.0029187 
2006 -5.54284e-007 -9.10505e-006 -0.000105746 -0.000868283 -0.00503957 0.00934463 0.000449416 -0.0295538 0.0153608 0.0554143 -0.00923641 0.0190655 -0.00867866 -0.0314451 -0.0182725 -0.00826893 0.0292384 0.0148106 -0.00107277 -0.00804316 -0.00582307 -0.00420896 -0.00305288 -0.00223893 -0.00166317 -0.0012349 -0.000905563 -0.000654763 -0.000466116 -0.00284079 
2007 -5.566e-007 -9.14397e-006 -0.000106211 0.00912778 0.00493672 -0.0207562 0.0301515 -0.0101384 0.00466161 -0.0350342 0.0206222 -0.0108838 0.00148215 -0.0112297 0.00196146 -0.00808071 -0.0105981 0.0249681 -0.000930954 0.00207934 0.00428196 -0.00411281 0.007048 0.00787504 -0.00154562 -0.00113796 -0.000836869 -0.000607435 -0.000434473 -0.00275292 
2008 -5.58927e-007 -9.18287e-006 -0.000106673 -0.000876123 -0.00508662 0.0191451 0.019862 -0.0207003 -0.0759973 0.0245607 0.0205137 -0.000812277 0.00165209 0.0189847 -0.0278131 -0.00786364 0.0195696 -0.00489344 0.00919532 0.012189 0.00437413 -0.00403553 -0.00288272 -0.00205367 0.00853367 -0.00105718 -0.00077098 -0.000561255 -0.000403017 -0.00265635 
2009 -5.61298e-007 -9.22231e-006 -0.000107139 -0.000880034 -0.00510992 -0.000952892 -0.0304239 0.00874955 0.0233681 0.0641866 -0.0195674 -0.000720918 -0.00816661 0.00920245 -0.00759108 -0.00765493 -0.0102433 -0.0047531 -0.000692909 0.00228689 -0.00554328 0.00603234 -0.0028269 -0.00200454 -0.00141662 -0.00100267 -0.00071611 -0.000516996 -0.000372348 -0.00255252 
2010 -5.6374e-007 -9.26275e-006 -0.000107614 -0.000884003 -0.00513344 -0.00105136 -0.000709604 -0.0317964 0.0127462 0.0138325 -0.0196272 -0.0206113 0.0220273 0.0194267 0.0726317 -0.0174501 -0.0100633 -0.0145995 -0.000580314 -0.00762592 -0.00546928 -0.00390672 -0.0027778 -0.00196485 -0.00138225 -0.000968433 0.00932093 -0.00048015 -0.000342968 -0.00244302 
pearson_resids (last class is a plus group):
class 1       2       3       4       5       6       7       8       9       10      11      12      13      14      15      16      17      18      19      20      21      22      23      24      25      26      27      28      29      30      
2000 -0.00732827 -0.0296841 -0.101094 -0.289541 0.740909 -0.705674 0.125331 -1.40017 0.590301 -2.23971 0.407999 0.341854 0.827631 0.339641 1.04594 -1.16578 0.501374 0.210108 0.572856 1.92416 -0.901091 -0.786456 0.789753 1.1173  -0.5036 1.91409 -0.360462 3.02207 -0.249486 1.22913 
2001 -0.00735387 -0.0297923 -0.101482 3.15197 0.731739 -0.00162399 1.38849 -0.490912 0.2774  -0.871153 1.62469 -0.714686 -0.750402 0.347999 0.0349634 0.62421 -0.8186 0.273082 -0.229398 0.0322592 -0.868473 -0.759255 -0.66023 -0.570621 -0.489822 -0.417344 -0.352765 -0.295686 -0.245695 -0.558937 
2002 -0.00737585 -0.0298849 -0.101812 -0.291719 0.723942 -0.0127719 0.0805739 -0.207571 -0.572574 -0.615087 1.29378 -0.37548 -1.14486 2.60619 1.08026 -0.544023 -0.801272 -0.483262 0.736636 0.100807 -0.835311 -0.731155 -0.636898 -0.551662 -0.474765 2.06341 -0.343954 -0.289217 -0.241088 -0.556192 
2003 -0.00739522 -0.0299664 -0.102102 -0.292593 -0.706101 -0.0224473 -2.0674 0.0774124 -1.14253 0.198756 1.90065 -0.0333615 0.0380646 0.813816 0.0600988 0.0661806 -0.78761 -1.26668 -0.152943 -0.932406 0.441668 0.72725 2.66228 -0.531861 6.09452 -0.393016 -0.33419 -0.281879 -0.235725 -0.552288 
2004 -0.0074128 -0.0300401 -0.102364 -0.293379 2.13048 0.675718 1.74559 -1.18473 1.8125  -2.31658 -1.81811 -0.0338109 1.61837 -0.0821364 0.0708062 0.679925 -0.775486 -1.25743 1.74996 1.27876 -0.786487 -0.678063 -0.588829 -0.511619 -0.442102 -0.379618 2.7693  3.38131 -0.229682 -0.547232 
2005 -0.00742922 -0.0301089 -0.102607 -0.294105 -0.709952 1.37091 -1.23853 -0.893766 1.51603 -0.944014 0.64669 0.314231 -0.743907 -1.43058 -1.48004 1.29634 -0.0662693 1.18963 0.832084 0.201699 -0.773945 -0.660964 1.19865 1.54897 1.93129 -0.365738 2.89013 -0.265106 4.26242 -0.541041 
2006 -0.00744503 -0.0301747 -0.102838 -0.294794 -0.711695 0.657019 0.0189906 -0.910919 0.414201 1.53286 -0.285016 0.66311 -0.343156 -1.42347 -0.952419 -0.498909 2.05059 1.21095 -0.102517 -0.900465 -0.765322 -0.650135 -0.553374 -0.473704 -0.40816 -0.351629 -0.301062 -0.255967 -0.215947 -0.533749 
2007 -0.00746057 -0.0302391 -0.103064 3.09201 0.695545 -1.45589 1.27111 -0.311832 0.125486 -0.967962 0.636033 -0.378641 0.0586682 -0.509362 0.102539 -0.489137 -0.746162 2.05195 -0.0895335 0.23457 0.567891 -0.642635 1.29912 1.71017 -0.393448 -0.337528 -0.289408 -0.246537 -0.208485 -0.525407 
2008 -0.00747615 -0.0303034 -0.103288 -0.296123 -0.715026 1.33977 0.835441 -0.635411 -2.04251 0.677867 0.632435 -0.0282687 0.0654702 0.862828 -1.45814 -0.477794 1.38333 -0.403994 0.889446 1.38457 0.58482 -0.636544 -0.537686 -0.453641 2.23018 -0.325315 -0.277772 -0.236975 -0.200793 -0.516084 
2009 -0.00749199 -0.0303684 -0.103513 -0.296784 -0.71667 -0.0665304 -1.27686 0.268047 0.627084 1.76979 -0.603086 -0.0251006 -0.324031 0.419085 -0.3991 -0.466815 -0.727346 -0.394242 -0.0673694 0.261404 -0.746604 0.959583 -0.532439 -0.44817 -0.376647 -0.316808 -0.267698 -0.227434 -0.192999 -0.505871 
2010 -0.00750826 -0.0304349 -0.103743 -0.297453 -0.718326 -0.073237 -0.0297158 -0.972217 0.341536 0.381047 -0.604799 -0.718024 0.875144 0.886557 3.82952 -1.068  -0.717697 -1.2172 -0.0567184 -0.876614 -0.741577 -0.626262 -0.527782 -0.443702 -0.372044 -0.311347 3.57809 -0.219176 -0.185226 -0.494874 
objective function: multinomial likelihood, with delta = 1e-011, N =
100 100 100 100 100 100 100 100 100 100 100 100 100 100 100 100 100 100 100 100 100 100 100 100 100 100 100 100 100 100 
100 100 100 100 100 100 100 100 100 100 100 100 100 100 100 100 100 100 100 100 100 100 100 100 100 100 100 100 100 100 
100 100 100 100 100 100 100 100 100 100 100 100 100 100 100 100 100 100 100 100 100 100 100 100 100 100 100 100 100 100 
100 100 100 100 100 100 100 100 100 100 100 100 100 100 100 100 100 100 100 100 100 100 100 100 100 100 100 100 100 100 
100 100 100 100 100 100 100 100 100 100 100 100 100 100 100 100 100 100 100 100 100 100 100 100 100 100 100 100 100 100 
100 100 100 100 100 100 100 100 100 100 100 100 100 100 100 100 100 100 100 100 100 100 100 100 100 100 100 100 100 100 
100 100 100 100 100 100 100 100 100 100 100 100 100 100 100 100 100 100 100 100 100 100 100 100 100 100 100 100 100 100 
100 100 100 100 100 100 100 100 100 100 100 100 100 100 100 100 100 100 100 100 100 100 100 100 100 100 100 100 100 100 
100 100 100 100 100 100 100 100 100 100 100 100 100 100 100 100 100 100 100 100 100 100 100 100 100 100 100 100 100 100 
100 100 100 100 100 100 100 100 100 100 100 100 100 100 100 100 100 100 100 100 100 100 100 100 100 100 100 100 100 100 
100 100 100 100 100 100 100 100 100 100 100 100 100 100 100 100 100 100 100 100 100 100 100 100 100 100 100 100 100 100 

Tags2005_R1_R1 :
tag-recapture data for tag Tags2005_R1 in years 2006 2007 2008 2009 2010 , step 1, after proportion 0.5 of mortality, with sampling method size, detection probability 1.
Year 2006
class scanned recaptured expected_prop neg_log_likelihood
100 0 0 0 0
150 0 0 1.20182e-012 0
200 0 0 7.1474e-012 0
250 2 0 5.06582e-011 1.01317e-010
300 28 0 6.80208e-010 1.90458e-008
350 320 0 8.48375e-009 2.7148e-006
400 2302 0 7.91117e-008 0.000182115
450 11502 0 5.33124e-007 0.00613199
500 39770 0 2.53992e-006 0.101013
550 96806 0 8.69231e-006 0.841472
600 173902 6 2.21835e-005 2.33649
650 243624 19 4.40742e-005 4.97635
700 277690 27 7.09684e-005 3.77821
750 266092 19 9.61595e-005 3.3274
800 224820 24 0.000114103 2.56581
850 178122 24 0.000123486 2.60005
900 136978 22 0.000125991 3.06713
950 101584 12 0.000123595 2.18074
1000 71958 8 0.000117502 1.9815
1050 49292 6 0.000108387 1.86752
1100 33518 4 9.67661e-005 1.71491
1150 23134 1 8.32196e-005 1.27017
1200 16316 2 6.86988e-005 1.58575
1250 11662 0 5.46716e-005 0.637598
1300 8346 0 4.25604e-005 0.355217
1350 5944 0 3.30926e-005 0.196706
1400 4222 0 2.63448e-005 0.111229
1450 2988 0 2.17872e-005 0.0651009
1500 2086 0 1.87621e-005 0.0391381
1550 1406 0 1.67671e-005 0.0235747
1600 896 0 1.54024e-005 0.0138007
1650 530 0 1.44823e-005 0.00767568
1700 286 0 1.38783e-005 0.00396922
1750 140 0 1.34904e-005 0.00188866
1800 62 0 1.32449e-005 0.000821191
1850 24 0 1.30907e-005 0.000314178
1900 8 0 1.29914e-005 0.000103932
1950 2 0 1.29171e-005 2.58344e-005
2000 0 0 1.28358e-005 0

total neg_log_likelihood: 35.658


Year 2007
class scanned recaptured expected_prop neg_log_likelihood
100 0 0 0 0
150 0 0 4.02309e-015 0
200 0 0 4.07374e-013 0
250 2 0 6.08434e-012 1.21687e-011
300 28 0 1.23979e-010 3.47142e-009
350 344 0 1.70007e-009 5.84825e-007
400 2442 0 1.63478e-008 3.99214e-005
450 11568 0 1.25585e-007 0.00145276
500 39724 0 7.25453e-007 0.0288179
550 99366 1 3.05948e-006 1.49471
600 181960 3 9.60294e-006 1.8648
650 252416 10 2.3216e-005 3.28287
700 280488 15 4.47568e-005 2.50271
750 265182 30 7.09377e-005 5.43592
800 224010 23 9.535e-005 2.55172
850 176300 25 0.000112728 3.1423
900 134278 21 0.000121729 3.05264
950 100438 12 0.000123799 2.17594
1000 72920 5 0.00012082 2.71822
1050 50898 7 0.000113962 2.02002
1100 34514 3 0.000103854 1.54635
1150 23278 0 9.10455e-005 2.11945
1200 15942 1 7.64787e-005 1.02098
1250 11162 1 6.17321e-005 1.06145
1300 7944 0 4.85099e-005 0.385372
1350 5686 0 3.78607e-005 0.21528
1400 4062 0 3.01026e-005 0.122279
1450 2880 0 2.47782e-005 0.0713621
1500 2006 0 2.11956e-005 0.0425189
1550 1350 0 1.88056e-005 0.0253879
1600 862 0 1.71463e-005 0.0147802
1650 512 0 1.60093e-005 0.00819681
1700 278 0 1.52512e-005 0.00423986
1750 138 0 1.47577e-005 0.00203657
1800 62 0 1.44421e-005 0.000895416
1850 24 0 1.42424e-005 0.000341821
1900 8 0 1.41144e-005 0.000112916
1950 2 0 1.40224e-005 2.8045e-005
2000 0 0 1.39286e-005 0

total neg_log_likelihood: 36.9132


Year 2008
class scanned recaptured expected_prop neg_log_likelihood
100 0 0 0 0
150 0 0 0 0
200 0 0 1.17252e-014 0
250 2 0 5.5489e-013 1.10978e-012
300 28 0 2.08657e-011 5.84238e-010
350 344 0 3.82111e-010 1.31446e-007
400 2602 0 3.74649e-009 9.74836e-006
450 12332 0 2.89122e-008 0.000356545
500 40170 0 1.89667e-007 0.00761894
550 97884 1 9.54246e-007 2.46421
600 182308 3 3.63123e-006 3.69123
650 260086 2 1.06325e-005 1.42416
700 291620 9 2.45896e-005 2.24246
750 271378 13 4.60622e-005 2.21766
800 224512 14 7.15987e-005 2.38445
850 174626 13 9.50542e-005 2.6297
900 131756 14 0.000111602 2.2615
950 97934 12 0.000119953 2.17097
1000 71728 11 0.000121379 2.40406
1050 51120 6 0.000117574 1.82864
1100 35200 3 0.000109602 1.59928
1150 23658 2 9.80951e-005 1.33007
1200 15864 1 8.39789e-005 1.04535
1250 10828 2 6.89011e-005 2.02508
1300 7580 1 5.48136e-005 1.29375
1350 5410 1 4.30967e-005 1.68918
1400 3886 0 3.43559e-005 0.133509
1450 2772 0 2.82547e-005 0.0783231
1500 1934 0 2.4095e-005 0.0466003
1550 1300 0 2.12931e-005 0.0276813
1600 826 0 1.93272e-005 0.0159644
1650 490 0 1.7966e-005 0.00880343
1700 266 0 1.70498e-005 0.00453527
1750 132 0 1.64484e-005 0.00217121
1800 58 0 1.60615e-005 0.000931574
1850 24 0 1.58158e-005 0.000379583
1900 8 0 1.56584e-005 0.000125268
1950 2 0 1.55469e-005 3.1094e-005
2000 0 0 1.54392e-005 0

total neg_log_likelihood: 35.0288


Year 2009
class scanned recaptured expected_prop neg_log_likelihood
100 0 0 0 0
150 0 0 0 0
200 0 0 3.97184e-017 0
250 2 0 3.38714e-014 6.77236e-014
300 28 0 2.77145e-012 7.76006e-011
350 338 0 8.33306e-011 2.81657e-008
400 2596 0 1.01753e-009 2.64151e-006
450 13080 0 7.08308e-009 9.26466e-005
500 43468 0 4.83133e-008 0.00210008
550 101422 0 2.75103e-007 0.0279015
600 180382 0 1.23551e-006 0.222863
650 255904 2 4.32633e-006 1.59674
700 293398 2 1.19422e-005 1.68926
750 278302 2 2.6455e-005 4.06288
800 229716 12 4.79628e-005 2.21084
850 175798 15 7.27807e-005 2.45848
900 130724 16 9.51267e-005 2.77851
950 96182 13 0.000110611 2.45233
1000 70174 10 0.000118065 2.24488
1050 50456 7 0.000118553 1.98587
1100 35360 2 0.000113531 1.92783
1150 24054 3 0.000103971 1.54265
1200 16060 0 9.08766e-005 1.45954
1250 10754 1 7.59416e-005 1.01914
1300 7362 1 6.13231e-005 1.24668
1350 5182 0 4.87256e-005 0.252502
1400 3714 0 3.90789e-005 0.145142
1450 2662 0 3.22178e-005 0.0857651
1500 1866 0 2.74728e-005 0.051265
1550 1256 0 2.42446e-005 0.0304516
1600 798 0 2.19587e-005 0.0175233
1650 470 0 2.03637e-005 0.00957105
1700 254 0 1.92832e-005 0.00489799
1750 126 0 1.85705e-005 0.00233991
1800 56 0 1.81103e-005 0.00101419
1850 22 0 1.78176e-005 0.00039199
1900 8 0 1.76302e-005 0.000141043
1950 2 0 1.74984e-005 3.49971e-005
2000 0 0 1.73734e-005 0

total neg_log_likelihood: 29.5296


Year 2010
class scanned recaptured expected_prop neg_log_likelihood
100 0 0 0 0
150 0 0 0 0
200 0 0 0 0
250 2 0 1.00932e-015 1.9984e-015
300 30 0 2.63914e-013 7.917e-012
350 342 0 1.51751e-011 5.18988e-009
400 2546 0 3.10058e-010 7.89407e-007
450 12914 0 1.97805e-009 2.55445e-005
500 45438 0 1.28821e-008 0.000585338
550 110634 0 7.72833e-008 0.00855016
600 193100 0 3.92373e-007 0.0757672
650 259840 0 1.60548e-006 0.417168
700 288924 0 5.22804e-006 1.51051
750 275666 5 1.36211e-005 1.92709
800 231594 5 2.87963e-005 1.96915
850 178066 9 5.03167e-005 2.02687
900 131090 11 7.43397e-005 2.20295
950 95240 10 9.54315e-005 2.12273
1000 68874 6 0.00010964 2.00022
1050 49434 3 0.000115883 2.28398
1100 34952 6 0.000114997 2.25184
1150 24134 2 0.000108213 1.38479
1200 16262 2 9.6804e-005 1.35979
1250 10830 0 8.25698e-005 0.894268
1300 7284 1 6.78432e-005 1.199
1350 5028 0 5.46341e-005 0.274708
1400 3564 0 4.42173e-005 0.157594
1450 2550 0 3.66497e-005 0.0934584
1500 1794 0 3.13315e-005 0.0562096
1550 1212 0 2.76715e-005 0.0335383
1600 770 0 2.50546e-005 0.0192923
1650 454 0 2.32151e-005 0.0105398
1700 246 0 2.19622e-005 0.00540277
1750 120 0 2.11328e-005 0.00253596
1800 54 0 2.05958e-005 0.00111219
1850 22 0 2.02541e-005 0.000445595
1900 8 0 2.0036e-005 0.000160289
1950 2 0 1.98835e-005 3.97675e-005
2000 0 0 1.97397e-005 0

total neg_log_likelihood: 24.2903


Tags2006_R1_R1 :
tag-recapture data for tag Tags2006_R1 in years 2007 2008 2009 2010 , step 1, after proportion 0.5 of mortality, with sampling method size, detection probability 1.
Year 2007
class scanned recaptured expected_prop neg_log_likelihood
100 0 0 0 0
150 0 0 2.33809e-012 0
200 0 0 1.06764e-011 0
250 2 0 6.24966e-011 1.24993e-010
300 28 0 8.10233e-010 2.26865e-008
350 344 0 1.0045e-008 3.45547e-006
400 2442 0 9.00628e-008 0.000219933
450 11568 0 5.80458e-007 0.00671474
500 39724 0 2.67809e-006 0.106385
550 99366 1 8.99317e-006 1.00609
600 181960 2 2.27382e-005 1.99044
650 252416 11 4.50465e-005 2.13154
700 280488 21 7.26226e-005 2.45478
750 265182 20 9.8717e-005 3.21525
800 224010 28 0.000117476 2.64074
850 176300 10 0.000127152 6.42358
900 134278 18 0.000129127 2.38113
950 100438 14 0.000125353 2.3205
1000 72920 9 0.000117269 2.03832
1050 50898 7 0.000105973 2.12216
1100 34514 3 9.24673e-005 1.50174
1150 23278 3 7.77438e-005 1.82193
1200 15942 0 6.29237e-005 1.00316
1250 11162 0 4.93444e-005 0.550795
1300 7944 0 3.8105e-005 0.302712
1350 5686 0 2.96161e-005 0.168399
1400 4062 0 2.37364e-005 0.0964185
1450 2880 0 1.98574e-005 0.0571898
1500 2006 0 1.73308e-005 0.0347659
1550 1350 0 1.56882e-005 0.0211792
1600 862 0 1.45746e-005 0.0125634
1650 512 0 1.38271e-005 0.00707955
1700 278 0 1.33371e-005 0.00370773
1750 138 0 1.30222e-005 0.00179707
1800 62 0 1.28226e-005 0.000795006
1850 24 0 1.26968e-005 0.000304726
1900 8 0 1.26157e-005 0.000100926
1950 2 0 1.25561e-005 2.51124e-005
2000 0 0 1.24933e-005 0

total neg_log_likelihood: 34.4225


Year 2008
class scanned recaptured expected_prop neg_log_likelihood
100 0 0 0 0
150 0 0 8.08692e-015 0
200 0 0 7.05798e-013 0
250 2 0 7.85255e-012 1.5705e-011
300 28 0 1.4296e-010 4.00287e-009
350 344 0 1.95159e-009 6.71346e-007
400 2602 0 1.87029e-008 4.86649e-005
450 12332 0 1.39392e-007 0.00171899
500 40170 0 7.78437e-007 0.0312698
550 97884 0 3.20265e-006 0.313489
600 182308 2 9.90419e-006 1.31695
650 260086 5 2.37731e-005 1.86147
700 291620 10 4.57463e-005 2.53688
750 271378 15 7.26172e-005 2.8916
800 224512 11 9.78964e-005 5.49055
850 174626 18 0.000115995 2.49927
900 131756 18 0.000125159 2.43577
950 97934 12 0.000126575 2.17467
1000 71728 12 0.00012214 2.70454
1050 51120 3 0.000113302 2.31438
1100 35200 1 0.000101145 2.29054
1150 23658 1 8.67076e-005 1.33284
1200 15864 3 7.12761e-005 2.55392
1250 10828 0 5.64824e-005 0.611608
1300 7580 0 4.38056e-005 0.332054
1350 5410 0 3.39757e-005 0.183811
1400 3886 1 2.70384e-005 2.35816
1450 2772 0 2.2403e-005 0.0621019
1500 1934 0 1.93534e-005 0.0374299
1550 1300 0 1.73559e-005 0.0225628
1600 826 0 1.59884e-005 0.0132065
1650 490 0 1.506e-005 0.00737946
1700 266 0 1.44443e-005 0.00384221
1750 132 0 1.40445e-005 0.00185388
1800 58 0 1.37889e-005 0.000799763
1850 24 0 1.36269e-005 0.000327049
1900 8 0 1.35225e-005 0.000108181
1950 2 0 1.34472e-005 2.68946e-005
2000 0 0 1.33729e-005 0

total neg_log_likelihood: 36.3852


Year 2009
class scanned recaptured expected_prop neg_log_likelihood
100 0 0 0 0
150 0 0 0 0
200 0 0 2.28047e-014 0
250 2 0 8.09731e-013 1.61937e-012
300 28 0 2.44814e-011 6.8548e-010
350 338 0 4.25612e-010 1.43857e-007
400 2596 0 4.2031e-009 1.09113e-005
450 13080 0 3.23033e-008 0.000422527
500 43468 0 2.0655e-007 0.0089783
550 101422 1 1.01205e-006 2.37913
600 180382 1 3.77763e-006 1.065
650 255904 1 1.09358e-005 1.76942
700 293398 6 2.51601e-005 1.96696
750 278302 11 4.709e-005 2.3044
800 229716 17 7.33245e-005 2.34113
850 175798 12 9.75978e-005 3.03553
900 130724 19 0.000114753 2.88668
950 96182 7 0.00012312 3.06567
1000 70174 5 0.000123759 2.66441
1050 50456 3 0.00011843 2.40431
1100 35360 3 0.000108525 1.59475
1150 24054 3 9.51591e-005 1.59638
1200 16060 1 7.97141e-005 1.03316
1250 10754 1 6.40727e-005 1.06145
1300 7362 2 5.01123e-005 3.05643
1350 5182 0 3.89513e-005 0.20185
1400 3714 0 3.09009e-005 0.114768
1450 2662 0 2.54424e-005 0.0677284
1500 1866 0 2.18136e-005 0.0407047
1550 1256 0 1.94207e-005 0.0243926
1600 798 0 1.7772e-005 0.0141822
1650 470 0 1.6646e-005 0.00782368
1700 254 0 1.5895e-005 0.00403737
1750 126 0 1.5405e-005 0.00194105
1800 56 0 1.50906e-005 0.000845078
1850 22 0 1.48908e-005 0.0003276
1900 8 0 1.47619e-005 0.000118096
1950 2 0 1.46695e-005 2.93392e-005
2000 0 0 1.45802e-005 0

total neg_log_likelihood: 34.713


Year 2010
class scanned recaptured expected_prop neg_log_likelihood
100 0 0 0 0
150 0 0 0 0
200 0 0 7.98451e-017 0
250 2 0 5.83812e-014 1.16795e-013
300 30 0 3.49509e-012 1.04853e-010
350 342 0 9.25976e-011 3.16684e-008
400 2546 0 1.10773e-009 2.82027e-006
450 12914 0 7.83473e-009 0.000101178
500 45438 0 5.29255e-008 0.00240483
550 110634 0 2.94949e-007 0.0326314
600 193100 0 1.29739e-006 0.250526
650 259840 0 4.47682e-006 1.16326
700 288924 3 1.22553e-005 1.5395
750 275666 7 2.70561e-005 1.91817
800 231594 12 4.90493e-005 2.18604
850 178066 15 7.45648e-005 2.38568
900 131090 11 9.76633e-005 2.25876
950 95240 13 0.000113624 2.41365
1000 68874 4 0.000120935 3.02832
1050 49434 8 0.000120503 2.28505
1100 34952 3 0.000113914 1.62826
1150 24134 1 0.00010252 1.56832
1200 16262 1 8.78116e-005 1.0717
1250 10830 0 7.18567e-005 0.778236
1300 7284 0 5.69083e-005 0.414532
1350 5028 0 4.45191e-005 0.223847
1400 3564 0 3.53472e-005 0.125979
1450 2550 0 2.90161e-005 0.0739921
1500 1794 0 2.47541e-005 0.0444094
1550 1212 0 2.19205e-005 0.026568
1600 770 0 1.99561e-005 0.0153664
1650 454 1 1.86084e-005 4.78223
1700 246 0 1.77066e-005 0.00435586
1750 120 0 1.71167e-005 0.00205403
1800 54 0 1.67376e-005 0.000903839
1850 22 0 1.64966e-005 0.000362927
1900 8 0 1.63412e-005 0.000130731
1950 2 0 1.623e-005 3.24602e-005
2000 0 0 1.61228e-005 0

total neg_log_likelihood: 30.2254


Tags2007_R1_R1 :
tag-recapture data for tag Tags2007_R1 in years 2008 2009 2010 , step 1, after proportion 0.5 of mortality, with sampling method size, detection probability 1.
Year 2008
class scanned recaptured expected_prop neg_log_likelihood
100 0 0 0 0
150 0 0 1.30018e-012 0
200 0 0 8.61314e-012 0
250 2 0 5.67833e-011 1.13567e-010
300 28 0 7.47631e-010 2.09337e-008
350 344 0 9.37181e-009 3.2239e-006
400 2602 0 8.65359e-008 0.000225167
450 12332 0 5.71755e-007 0.00705089
500 40170 0 2.67583e-006 0.107488
550 97884 0 9.04592e-006 0.885455
600 182308 4 2.29186e-005 1.63672
650 260086 12 4.53681e-005 2.17
700 291620 16 7.29564e-005 3.02649
750 271378 30 9.8849e-005 2.80312
800 224512 33 0.000117337 3.44765
850 174626 32 0.000127039 4.56211
900 131756 19 0.000129702 2.49856
950 97934 15 0.000127394 2.51808
1000 71728 11 0.000121332 2.40495
1050 51120 7 0.000112138 2.03455
1100 35200 2 0.000100278 1.70046
1150 23658 2 8.63147e-005 1.30725
1200 15864 1 7.12085e-005 1.00771
1250 10828 2 5.64899e-005 2.28793
1300 7580 0 4.37161e-005 0.331376
1350 5410 0 3.37526e-005 0.182605
1400 3886 0 2.67273e-005 0.103864
1450 2772 0 2.2064e-005 0.0611622
1500 1934 0 1.90326e-005 0.0368093
1550 1300 0 1.70756e-005 0.0221984
1600 826 0 1.57626e-005 0.01302
1650 490 0 1.48905e-005 0.00729642
1700 266 0 1.4324e-005 0.00381021
1750 132 0 1.39625e-005 0.00184306
1800 58 0 1.37343e-005 0.000796598
1850 24 0 1.35906e-005 0.000326177
1900 8 0 1.34971e-005 0.000107978
1950 2 0 1.34271e-005 2.68543e-005
2000 0 0 1.33536e-005 0

total neg_log_likelihood: 35.1711


Year 2009
class scanned recaptured expected_prop neg_log_likelihood
100 0 0 0 0
150 0 0 4.10805e-015 0
200 0 0 4.89468e-013 0
250 2 0 7.03315e-012 1.40663e-011
300 28 0 1.3531e-010 3.78869e-009
350 338 0 1.84631e-009 6.24054e-007
400 2596 0 1.78216e-008 4.62648e-005
450 13080 0 1.35589e-007 0.0017735
500 43468 0 7.70518e-007 0.0334929
550 101422 1 3.20303e-006 1.44922
600 180382 1 9.95439e-006 1.21026
650 255904 9 2.39284e-005 2.61618
700 293398 18 4.60098e-005 3.04731
750 278302 23 7.2877e-005 2.66479
800 229716 18 9.79881e-005 2.85407
850 175798 22 0.000115913 2.53115
900 130724 16 0.000125243 2.31464
950 96182 12 0.000127482 2.17108
1000 70174 5 0.000124587 2.68919
1050 50456 5 0.00011774 1.81901
1100 35360 3 0.000107527 1.58718
1150 24054 4 9.44438e-005 2.16758
1200 16060 0 7.94003e-005 1.27522
1250 10754 0 6.40041e-005 0.688322
1300 7362 0 5.00786e-005 0.368688
1350 5182 2 3.88291e-005 4.10127
1400 3714 0 3.06701e-005 0.11391
1450 2662 0 2.51338e-005 0.0669071
1500 1866 0 2.14684e-005 0.0400604
1550 1256 0 1.90678e-005 0.0239494
1600 798 0 1.74333e-005 0.0139119
1650 470 0 1.63322e-005 0.0076762
1700 254 0 1.56076e-005 0.00396437
1750 126 0 1.51402e-005 0.00190768
1800 56 0 1.48429e-005 0.000831206
1850 22 0 1.46548e-005 0.000322407
1900 8 0 1.45328e-005 0.000116263
1950 2 0 1.44429e-005 2.88859e-005
2000 0 0 1.43521e-005 0

total neg_log_likelihood: 35.8641


Year 2010
class scanned recaptured expected_prop neg_log_likelihood
100 0 0 0 0
150 0 0 0 0
200 0 0 1.26957e-014 0
250 2 0 6.70954e-013 1.34182e-012
300 30 0 2.31058e-011 6.93172e-010
350 342 0 4.09888e-010 1.40182e-007
400 2546 0 4.0277e-009 1.02545e-005
450 12914 0 3.11659e-008 0.000402476
500 45438 0 2.02404e-007 0.00919682
550 110634 0 1.00447e-006 0.111129
600 193100 0 3.7786e-006 0.729648
650 259840 2 1.09804e-005 1.44944
700 288924 6 2.52917e-005 1.95331
750 275666 9 4.73047e-005 2.72973
800 231594 8 7.35261e-005 4.95399
850 178066 18 9.76701e-005 2.37922
900 131090 12 0.000114755 2.4993
950 95240 12 0.000123436 2.17079
1000 68874 5 0.000125034 2.63358
1050 49434 3 0.000121307 2.41489
1100 34952 2 0.00011333 1.90123
1150 24134 1 0.000101685 1.55634
1200 16262 2 8.72335e-005 1.41236
1250 10830 0 7.16021e-005 0.775479
1300 7284 0 5.68253e-005 0.413927
1350 5028 0 4.44416e-005 0.223457
1400 3564 0 3.519e-005 0.125419
1450 2550 0 2.8766e-005 0.0733542
1500 1794 0 2.44323e-005 0.0438322
1550 1212 0 2.15532e-005 0.0261227
1600 770 0 1.95668e-005 0.0150666
1650 454 0 1.8214e-005 0.00826922
1700 246 0 1.73159e-005 0.00425974
1750 120 0 1.67326e-005 0.00200793
1800 54 0 1.63599e-005 0.000883443
1850 22 0 1.61238e-005 0.000354726
1900 8 0 1.59712e-005 0.000127771
1950 2 0 1.586e-005 3.17202e-005
2000 0 0 1.5749e-005 0

total neg_log_likelihood: 30.6172


Tags2008_R1_R1 :
tag-recapture data for tag Tags2008_R1 in years 2009 2010 , step 1, after proportion 0.5 of mortality, with sampling method size, detection probability 1.
Year 2009
class scanned recaptured expected_prop neg_log_likelihood
100 0 0 0 0
150 0 0 1.33774e-012 0
200 0 0 9.35262e-012 0
250 2 0 6.09154e-011 1.21831e-010
300 28 0 7.99731e-010 2.23925e-008
350 338 0 1.00485e-008 3.39639e-006
400 2596 0 9.26501e-008 0.00024052
450 13080 0 6.0966e-007 0.00797436
500 43468 1 2.84293e-006 2.21447
550 101422 3 9.59414e-006 2.84676
600 180382 8 2.42868e-005 3.16748
650 255904 7 4.79974e-005 3.25057
700 293398 16 7.68613e-005 3.37042
750 278302 26 0.000103264 2.68601
800 229716 29 0.00012089 2.63223
850 175798 26 0.000128393 2.79932
900 130724 19 0.00012812 2.54048
950 96182 12 0.000122891 2.16964
1000 70174 8 0.000114507 1.96909
1050 50456 5 0.000103913 1.74598
1100 35360 6 9.16696e-005 2.76461
1150 24054 3 7.82461e-005 1.77664
1200 16060 3 6.43285e-005 2.72716
1250 10754 1 5.10517e-005 1.14861
1300 7362 1 3.96115e-005 1.52389
1350 5182 0 3.06872e-005 0.159024
1400 3714 0 2.43815e-005 0.090554
1450 2662 0 2.01885e-005 0.0537423
1500 1866 0 1.74611e-005 0.0325827
1550 1256 1 1.57018e-005 3.94575
1600 798 0 1.45234e-005 0.0115897
1650 470 0 1.37424e-005 0.00645897
1700 254 0 1.32361e-005 0.00336198
1750 126 0 1.29135e-005 0.00162711
1800 56 0 1.27102e-005 0.000711777
1850 22 0 1.25822e-005 0.000276811
1900 8 0 1.24989e-005 9.99917e-005
1950 2 0 1.2436e-005 2.48721e-005
2000 0 0 1.23698e-005 0

total neg_log_likelihood: 45.6474


Year 2010
class scanned recaptured expected_prop neg_log_likelihood
100 0 0 0 0
150 0 0 4.14767e-015 0
200 0 0 5.23122e-013 0
250 2 0 7.61818e-012 1.52363e-011
300 30 0 1.44389e-010 4.33168e-009
350 342 0 1.9729e-009 6.74731e-007
400 2546 0 1.90509e-008 4.85036e-005
450 12914 0 1.4471e-007 0.00186879
500 45438 0 8.19485e-007 0.0372358
550 110634 0 3.39725e-006 0.375852
600 193100 2 1.0543e-005 1.30717
650 259840 7 2.53174e-005 1.917
700 288924 23 4.85802e-005 4.8854
750 275666 24 7.65849e-005 2.70052
800 231594 25 0.000102052 2.57036
850 178066 26 0.000119012 3.05947
900 131090 19 0.000126131 2.5708
950 95240 9 0.000125509 2.42611
1000 68874 5 0.00011984 2.48798
1050 49434 6 0.000110874 1.85247
1100 34952 6 9.95114e-005 2.57842
1150 24134 3 8.6323e-005 1.67315
1200 16262 1 7.20492e-005 1.01321
1250 10830 3 5.79243e-005 3.81809
1300 7284 0 4.53489e-005 0.330329
1350 5028 0 3.52443e-005 0.177211
1400 3564 0 2.79201e-005 0.0995086
1450 2550 0 2.2946e-005 0.0585129
1500 1794 0 1.96499e-005 0.0352523
1550 1212 0 1.74907e-005 0.0211989
1600 770 0 1.60211e-005 0.0123363
1650 454 0 1.50321e-005 0.00682464
1700 246 0 1.43823e-005 0.00353807
1750 120 0 1.39637e-005 0.00167565
1800 54 0 1.36977e-005 0.00073968
1850 22 0 1.35296e-005 0.000297653
1900 8 0 1.34207e-005 0.000107366
1950 2 0 1.33401e-005 2.66804e-005
2000 0 0 1.32578e-005 0

total neg_log_likelihood: 36.0227


Tags2009_R1_R1 :
tag-recapture data for tag Tags2009_R1 in years 2010 , step 1, after proportion 0.5 of mortality, with sampling method size, detection probability 1.
Year 2010
class scanned recaptured expected_prop neg_log_likelihood
100 0 0 0 0
150 0 0 1.34911e-012 0
200 0 0 9.52577e-012 0
250 2 0 6.22411e-011 1.24482e-010
300 30 0 8.08096e-010 2.42429e-008
350 342 0 1.01649e-008 3.47641e-006
400 2546 0 9.38345e-008 0.000238903
450 12914 0 6.15238e-007 0.00794518
500 45438 0 2.84901e-006 0.129453
550 110634 2 9.54293e-006 1.64037
600 193100 6 2.40228e-005 2.01131
650 259840 16 4.7364e-005 2.81614
700 288924 34 7.59632e-005 5.51425
750 275666 25 0.000102651 2.73172
800 231594 24 0.000121401 2.82853
850 178066 21 0.000130772 2.56119
900 131090 19 0.000132718 2.46707
950 95240 13 0.00012959 2.22498
1000 68874 6 0.0001228 2.22651
1050 49434 5 0.000113038 1.77233
1100 34952 5 0.000100739 2.01471
1150 24134 1 8.6377e-005 1.35004
1200 16262 3 7.07968e-005 2.5204
1250 10830 1 5.54626e-005 1.11035
1300 7284 0 4.19836e-005 0.305815
1350 5028 0 3.13628e-005 0.157694
1400 3564 0 2.38454e-005 0.084986
1450 2550 0 1.88748e-005 0.0481313
1500 1794 0 1.56787e-005 0.0281278
1550 1212 0 1.36478e-005 0.0165413
1600 770 0 1.23139e-005 0.00948175
1650 454 0 1.14474e-005 0.00519717
1700 246 0 1.08957e-005 0.00268036
1750 120 0 1.05492e-005 0.00126592
1800 54 0 1.0333e-005 0.000557986
1850 22 0 1.01972e-005 0.00022434
1900 8 0 1.01077e-005 8.08617e-005
1950 2 0 1.00375e-005 2.0075e-005
2000 0 0 9.96098e-006 0

total neg_log_likelihood: 36.5884


Output quantities start here

* Scalar parameter values
initialization.B0 233558

* Nuisance q's

* B0
233558

* R0
1.69461e+007

* SSBs
SSB 233558 230752 223988 216558 208557 200139 191497 182821 174285 166033 158164 150726 143733 137176 131040 125305 119950 114953 110290 105939 101878 
year 1990 1991 1992 1993 1994 1995 1996 1997 1998 1999 2000 2001 2002 2003 2004 2005 2006 2007 2008 2009 2010 

* recruitments
recruitment 1.69461e+007 1.69461e+007 1.69241e+007 1.68689e+007 1.68048e+007 1.67312e+007 1.66483e+007 1.65565e+007 1.64568e+007 1.63503e+007 1.62385e+007 1.61227e+007 1.60038e+007 1.58826e+007 1.57597e+007 1.56355e+007 1.55104e+007 1.53849e+007 1.52592e+007 1.51338e+007 1.50089e+007 
year 1990 1991 1992 1993 1994 1995 1996 1997 1998 1999 2000 2001 2002 2003 2004 2005 2006 2007 2008 2009 2010 

* YCS
YCS 1 1 1 1 1 1 1 1 1 1 1 1 1 1 1 1 1 1 1 1 1 
year 1989 1990 1991 1992 1993 1994 1995 1996 1997 1998 1999 2000 2001 2002 2003 2004 2005 2006 2007 2008 2009 

* true_YCS
true_YCS 1 1 0.998699 0.995443 0.991659 0.987319 0.982424 0.977008 0.971124 0.964843 0.958245 0.951409 0.944394 0.937244 0.929991 0.922661 0.91528 0.907872 0.900457 0.893056 0.885685 
year 1989 1990 1991 1992 1993 1994 1995 1996 1997 1998 1999 2000 2001 2002 2003 2004 2005 2006 2007 2008 2009 

* fishing_pressures
LL1 0 0.0634301 0.0665178 0.0697282 0.0729809 0.0762094 0.0793596 0.0823881 0.0852643 0.087972 0.0905114 0.0928942 0.095136 0.0972554 0.0992737 0.101213 0.103096 0.104943 0.106771 0.108597 0.110435 
LL2 0 0.0634301 0.0665178 0.0697282 0.0729809 0.0762094 0.0793596 0.0823881 0.0852643 0.087972 0.0905114 0.0928942 0.095136 0.0972554 0.0992737 0.101213 0.103096 0.104943 0.106771 0.108597 0.110435 
year 1990 1991 1992 1993 1994 1995 1996 1997 1998 1999 2000 2001 2002 2003 2004 2005 2006 2007 2008 2009 2010 

* Numbers_at_age_R1
1990  1.57295e+007 1.3471e+007 1.15368e+007 9.88025e+006 8.4616e+006 7.24664e+006 6.20613e+006 5.31503e+006 4.55187e+006 3.89829e+006 3.33856e+006 2.85919e+006 2.44865e+006 2.09706e+006 1.79596e+006 1.53809e+006 1.31724e+006 1.1281e+006 966125 827404 708602 606857 519722 445098 381188 326455 279581 239438 205058 1.22307e+006 
1991  1.57295e+007 1.3471e+007 1.15367e+007 9.87969e+006 8.45835e+006 7.23339e+006 6.16796e+006 5.23726e+006 4.43987e+006 3.78422e+006 3.24154e+006 2.77781e+006 2.38133e+006 2.04214e+006 1.75177e+006 1.50302e+006 1.28979e+006 1.10692e+006 950000 815299 699638 600312 515008 441750 378843 324836 278478 238696 204567 1.22084e+006 
1992  1.5709e+007 1.3471e+007 1.15367e+007 9.87953e+006 8.45714e+006 7.22672e+006 6.14165e+006 5.16369e+006 4.29378e+006 3.57712e+006 3.0315e+006 2.59912e+006 2.23134e+006 1.91793e+006 1.65029e+006 1.42123e+006 1.22478e+006 1.05594e+006 910578 785234 677027 583542 502744 432906 372555 320426 275429 236618 203170 1.21567e+006 
1993  1.56578e+007 1.34535e+007 1.15367e+007 9.87949e+006 8.45681e+006 7.22486e+006 6.13342e+006 5.13597e+006 4.22436e+006 3.44889e+006 2.85601e+006 2.42269e+006 2.08111e+006 1.7916e+006 1.54541e+006 1.33529e+006 1.15527e+006 1.00047e+006 866911 751330 651069 563948 488163 422211 364822 314915 271558 233938 201340 1.20983e+006 
1994  1.55983e+007 1.34096e+007 1.15217e+007 9.87945e+006 8.45658e+006 7.22374e+006 6.12923e+006 5.12328e+006 4.19242e+006 3.38251e+006 2.74413e+006 2.27467e+006 1.93342e+006 1.66568e+006 1.43931e+006 1.24696e+006 1.08264e+006 941520 819684 714007 621983 541600 471239 409579 355533 308185 266754 230558 198998 1.20304e+006 
1995  1.553e+007 1.33586e+007 1.14841e+007 9.86656e+006 8.45635e+006 7.2227e+006 6.12567e+006 5.11397e+006 4.17281e+006 3.34636e+006 2.68196e+006 2.17807e+006 1.80925e+006 1.54254e+006 1.33412e+006 1.15809e+006 1.00843e+006 880283 769788 673883 590154 516706 452049 395005 344629 300150 260922 226389 196063 1.19501e+006 
1996  1.5453e+007 1.33002e+007 1.14404e+007 9.83436e+006 8.44513e+006 7.22168e+006 6.12224e+006 5.10531e+006 4.15616e+006 3.32035e+006 2.64417e+006 2.1215e+006 1.7267e+006 1.43892e+006 1.23181e+006 1.07048e+006 934186 818060 718251 631726 556123 489613 430788 378566 332110 290763 253992 221353 192459 1.18542e+006 
1997  1.53678e+007 1.32342e+007 1.13904e+007 9.79695e+006 8.41739e+006 7.21131e+006 6.11891e+006 5.09695e+006 4.14037e+006 3.29712e+006 2.61485e+006 2.08472e+006 1.67647e+006 1.36906e+006 1.14574e+006 985733 861386 756144 666156 588404 520545 460783 407754 360433 318052 280032 245930 215392 188121 1.17394e+006 
1998  1.52753e+007 1.31613e+007 1.13339e+007 9.75403e+006 8.38519e+006 7.18686e+006 6.10777e+006 5.08895e+006 4.12525e+006 3.27508e+006 2.58822e+006 2.05507e+006 1.64233e+006 1.32531e+006 1.08708e+006 914484 791313 695728 614565 544814 484145 430770 383344 340865 302601 268023 236744 208479 183003 1.16025e+006 
1999  1.51765e+007 1.3082e+007 1.12714e+007 9.70565e+006 8.3483e+006 7.15867e+006 6.08487e+006 5.07475e+006 4.11091e+006 3.25416e+006 2.56309e+006 2.02803e+006 1.61425e+006 1.2947e+006 1.04957e+006 865542 732469 637836 564441 501824 447664 400178 358021 320195 285980 254863 226492 200623 177082 1.14402e+006 
2000  1.50727e+007 1.29974e+007 1.12035e+007 9.65211e+006 8.30674e+006 7.12651e+006 6.05893e+006 5.05111e+006 4.09208e+006 3.23445e+006 2.5394e+006 2.00265e+006 1.58863e+006 1.26921e+006 1.02278e+006 833747 691801 589277 516593 460207 411806 369615 332285 298812 268468 240740 215283 191873 170366 1.12497e+006 
2001  1.49652e+007 1.29085e+007 1.1131e+007 9.59396e+006 8.26077e+006 7.09041e+006 6.02979e+006 5.02527e+006 4.06613e+006 3.2118e+006 2.5172e+006 1.97885e+006 1.56468e+006 1.24596e+006 1.0003e+006 810700 665064 555561 476502 420605 377196 339657 306639 277131 250389 225889 203274 182321 162897 1.10286e+006 
2002  1.48548e+007 1.28164e+007 1.10549e+007 9.53188e+006 8.21087e+006 7.0506e+006 5.99744e+006 4.99707e+006 4.03891e+006 3.18413e+006 2.49321e+006 1.95663e+006 1.54232e+006 1.22431e+006 979816 791259 645469 533187 448563 387451 344343 310807 281554 255567 232091 210582 190665 172102 154754 1.07751e+006 
2003  1.47424e+007 1.27219e+007 1.09761e+007 9.46668e+006 8.15762e+006 7.00747e+006 5.96208e+006 4.96648e+006 4.01022e+006 3.15596e+006 2.46578e+006 1.93338e+006 1.52148e+006 1.20415e+006 960792 773561 628877 516652 429887 364280 316859 283475 257439 234508 213919 195109 177684 161383 146049 1.04886e+006 
2004  1.46283e+007 1.26256e+007 1.08951e+007 9.39912e+006 8.1017e+006 6.96151e+006 5.92401e+006 4.93363e+006 3.97999e+006 3.12709e+006 2.43838e+006 1.9078e+006 1.50011e+006 1.18539e+006 943103 757149 613778 502608 415994 348700 297604 260622 234628 214292 196193 179759 164576 150357 136925 1.01693e+006 
2005  1.4513e+007 1.25279e+007 1.08126e+007 9.3298e+006 8.04377e+006 6.9133e+006 5.88363e+006 4.89871e+006 3.94823e+006 3.09738e+006 2.41076e+006 1.8825e+006 1.47714e+006 1.16639e+006 926647 741898 599786 489826 404162 337047 284596 244579 215560 195189 179194 164800 151581 139230 127546 981871 
2006  1.43969e+007 1.24291e+007 1.0729e+007 9.25914e+006 7.98434e+006 6.8634e+006 5.84142e+006 4.86205e+006 3.91509e+006 3.06678e+006 2.38277e+006 1.85727e+006 1.45458e+006 1.14629e+006 910111 727708 586786 477986 393391 327101 274824 233698 202152 179224 163144 150464 138924 128206 118085 943942 
2007  1.42804e+007 1.23297e+007 1.06444e+007 9.18747e+006 7.92376e+006 6.81224e+006 5.79784e+006 4.824e+006 3.88076e+006 3.03537e+006 2.35434e+006 1.83196e+006 1.43223e+006 1.12664e+006 892825 713534 574688 466985 383413 318043 266468 225496 193031 167984 149732 136937 126802 117474 108716 903517 
2008  1.41637e+007 1.22299e+007 1.05592e+007 9.11504e+006 7.86233e+006 6.76011e+006 5.75322e+006 4.7849e+006 3.84548e+006 3.00322e+006 2.32546e+006 1.80645e+006 1.40994e+006 1.10725e+006 875972 698835 562651 456739 374139 309650 258853 218470 186134 160318 140279 125634 115369 107199 99598.2 861056 
2009  1.40473e+007 1.213e+007 1.04738e+007 9.0421e+006 7.80024e+006 6.70725e+006 5.70782e+006 4.74501e+006 3.80946e+006 2.97045e+006 2.29614e+006 1.78071e+006 1.3876e+006 1.08798e+006 859387 684526 550238 446571 365493 301844 251794 212062 180217 154506 133818 117661 105816 97511.9 90870.8 817089 
2010  1.39314e+007 1.20303e+007 1.03882e+007 8.96889e+006 7.73773e+006 6.65385e+006 5.66183e+006 4.70453e+006 3.7729e+006 2.93724e+006 2.26647e+006 1.75472e+006 1.36516e+006 1.06875e+006 842950 670471 538168 436133 356930 294560 245224 206120 174818 149514 128910 112201 99072.1 89417.7 82644.4 772182 

Output quantities finish here

Unused parameters:
annual_cycle.fishery_areas annual_cycle.migrate_from annual_cycle.migrate_to annual_cycle.migration_names annual_cycle.migration_times annual_cycle.n_migrations annual_cycle.recruitment_areas annual_cycle.spawning_all_areas area_names recruitment.p_male recruitment.year_range tag[Tags2005_R1_LL1].area tag[Tags2005_R1_LL1].sex tag[Tags2006_R1_LL1].area tag[Tags2006_R1_LL1].sex tag[Tags2007_R1_LL1].area tag[Tags2007_R1_LL1].sex tag[Tags2008_R1_LL1].area tag[Tags2008_R1_LL1].sex tag[Tags2009_R1_LL1].area tag[Tags2009_R1_LL1].sex MCMC.adapt_at MCMC.adaptive_stepsize MCMC.burn_in MCMC.keep MCMC.length MCMC.start MCMC.stepsize profile[1].l profile[1].n profile[1].parameter profile[1].u tag_recapture[Tags2005_R1_R1].area tag_recapture[Tags2006_R1_R1].area tag_recapture[Tags2007_R1_R1].area tag_recapture[Tags2008_R1_R1].area tag_recapture[Tags2009_R1_R1].area n_projections numbers_at[Numbers_at_age_R1].area print.final_state print.initial_state print.requests print.results print.state_annually print.state_every_step print.yields 
