CASAL (C++ algorithmic stock assessment laboratory)
Call: C:/Users/bstacy/Documents/GitHub/lasac/projects/simulations/sim/dec1.0/casal -e -q -f EM 
Date: Tue Oct 15 10:26:57 2019
v2.30-2012-03-21 00:22:59 UTC (rev.4648)  (c) Copyright 2002-2012, NIWA
User name: bstacy
Machine name: DOM-IMA-HVZRNF2 (Microsoft Windows, PID=18620)

Prefix for the input parameter filenames : EM

Random number seed : 95617

Estimation parameters:
Stored as strings: 
  MCMC.adapt_at                 	1e+05 2e+05 3e+05 4e+05
  MCMC.adaptive_stepsize        	True
  MCMC.burn_in                  	500
  MCMC.keep                     	1000
  MCMC.length                   	1500000
  MCMC.start                    	0
  MCMC.stepsize                 	0.01
  ageing_error.c                	0
  ageing_error.type             	normal
  catch_at[LL1_catchA].2000     	0 0 0 0 0 0.01 0.05 0.11 0.16 0.11 0.19 0.1 0.04 0.06 0.03 0.03 0.03 0.01 0.02 0.01 0.01 0 0.02 0 0 0 0 0 0 0.01
  catch_at[LL1_catchA].2001     	0 0 0 0 0 0.02 0.09 0.1 0.18 0.14 0.12 0.09 0.08 0.06 0.02 0.04 0.01 0.01 0 0.01 0.01 0.01 0.01 0 0 0 0 0 0 0
  catch_at[LL1_catchA].2002     	0 0 0 0 0 0.01 0.1 0.14 0.23 0.16 0.11 0.08 0.05 0.04 0.05 0.02 0 0.01 0 0 0 0 0 0 0 0 0 0 0 0
  catch_at[LL1_catchA].2003     	0 0 0 0 0 0 0.09 0.13 0.24 0.16 0.05 0.09 0.08 0.04 0.06 0.01 0.01 0 0 0 0.01 0.01 0 0 0.01 0.01 0 0 0 0
  catch_at[LL1_catchA].2004     	0 0 0 0 0.02 0 0.1 0.2 0.1 0.13 0.14 0.07 0.06 0.07 0.03 0.03 0.01 0.02 0.01 0 0 0 0 0 0 0 0 0 0 0.01
  catch_at[LL1_catchA].2005     	0 0 0 0 0 0.03 0.01 0.2 0.21 0.13 0.13 0.1 0.04 0.04 0.03 0.01 0.04 0.02 0.01 0 0 0 0 0 0 0 0 0 0 0
  catch_at[LL1_catchA].2006     	0 0 0 0.01 0 0.02 0.12 0.13 0.14 0.21 0.1 0.05 0.09 0.03 0.03 0.01 0.02 0 0.03 0 0 0 0 0.01 0 0 0 0 0 0
  catch_at[LL1_catchA].2007     	0 0 0 0 0.02 0.02 0.08 0.14 0.2 0.14 0.08 0.05 0.1 0.06 0.04 0.02 0.02 0 0.01 0 0.02 0 0 0 0 0 0 0 0 0
  catch_at[LL1_catchA].2008     	0 0 0 0 0 0.06 0.09 0.12 0.14 0.12 0.21 0.05 0.02 0.05 0.02 0.02 0.04 0 0.01 0.02 0 0 0.02 0 0 0 0 0 0 0.01
  catch_at[LL1_catchA].2009     	0 0 0 0 0.02 0.02 0.08 0.15 0.15 0.13 0.13 0.12 0.07 0.04 0.02 0 0.02 0.05 0 0 0 0 0 0 0 0 0 0 0 0
  catch_at[LL1_catchA].2010     	0 0 0 0 0.01 0 0.03 0.12 0.14 0.2 0.15 0.05 0.06 0.05 0.07 0.03 0.02 0.01 0 0.03 0.01 0 0.01 0 0 0.01 0 0 0 0
  catch_at[LL1_catchA].N_2000   	100
  catch_at[LL1_catchA].N_2001   	100
  catch_at[LL1_catchA].N_2002   	100
  catch_at[LL1_catchA].N_2003   	100
  catch_at[LL1_catchA].N_2004   	100
  catch_at[LL1_catchA].N_2005   	100
  catch_at[LL1_catchA].N_2006   	100
  catch_at[LL1_catchA].N_2007   	100
  catch_at[LL1_catchA].N_2008   	100
  catch_at[LL1_catchA].N_2009   	100
  catch_at[LL1_catchA].N_2010   	100
  catch_at[LL1_catchA].at_size  	False
  catch_at[LL1_catchA].dist     	multinomial
  catch_at[LL1_catchA].fishery  	LL1
  catch_at[LL1_catchA].max_class	30
  catch_at[LL1_catchA].min_class	1
  catch_at[LL1_catchA].plus_group	True
  catch_at[LL1_catchA].r        	1e-11
  catch_at[LL1_catchA].sexed    	False
  catch_at[LL1_catchA].sum_to_one	True
  catch_at[LL1_catchA].years    	2000 2001 2002 2003 2004 2005 2006 2007 2008 2009 2010
  catch_limit_penalty[1].fishery	LL1
  catch_limit_penalty[1].label  	LL1_Penalty
  catch_limit_penalty[1].log_scale	True
  catch_limit_penalty[1].multiplier	1000
  catch_limit_penalty[2].fishery	LL2
  catch_limit_penalty[2].label  	LL2_Penalty
  catch_limit_penalty[2].log_scale	True
  catch_limit_penalty[2].multiplier	1000
  estimate[1].lower_bound       	5000
  estimate[1].parameter         	initialization.B0
  estimate[1].prior             	uniform
  estimate[1].upper_bound       	5e+05
  estimator                     	Bayes
  fish_tagged_penalty[1].label  	Penalty_Tags2005_R1_LL1
  fish_tagged_penalty[1].multiplier	1
  fish_tagged_penalty[1].tagging_episode	Tags2005_R1_LL1
  fish_tagged_penalty[2].label  	Penalty_Tags2006_R1_LL1
  fish_tagged_penalty[2].multiplier	1
  fish_tagged_penalty[2].tagging_episode	Tags2006_R1_LL1
  fish_tagged_penalty[3].label  	Penalty_Tags2007_R1_LL1
  fish_tagged_penalty[3].multiplier	1
  fish_tagged_penalty[3].tagging_episode	Tags2007_R1_LL1
  fish_tagged_penalty[4].label  	Penalty_Tags2008_R1_LL1
  fish_tagged_penalty[4].multiplier	1
  fish_tagged_penalty[4].tagging_episode	Tags2008_R1_LL1
  fish_tagged_penalty[5].label  	Penalty_Tags2009_R1_LL1
  fish_tagged_penalty[5].multiplier	1
  fish_tagged_penalty[5].tagging_episode	Tags2009_R1_LL1
  grad_tol                      	0.001
  max_evals                     	10000
  max_iters                     	1600
  profile[1].l                  	40000
  profile[1].n                  	11
  profile[1].parameter          	initialization.B0
  profile[1].u                  	130000
  q_method                      	nuisance
  tag_recapture[Tags2005_R1_R1].area	R1
  tag_recapture[Tags2005_R1_R1].class_mins	100 150 200 250 300 350 400 450 500 550 600 650 700 750 800 850 900 950 1000 1050 1100 1150 1200 1250 1300 1350 1400 1450 1500 1550 1600 1650 1700 1750 1800 1850 1900 1950 2000 2050
  tag_recapture[Tags2005_R1_R1].detection_probability	1
  tag_recapture[Tags2005_R1_R1].dispersion	1
  tag_recapture[Tags2005_R1_R1].do_bootstrap	True
  tag_recapture[Tags2005_R1_R1].plus_group	False
  tag_recapture[Tags2005_R1_R1].proportion_mortality	0.5
  tag_recapture[Tags2005_R1_R1].r	1e-11
  tag_recapture[Tags2005_R1_R1].recaptured_2006	0 0 0 0 0 0 0 0 1 0 5 10 20 28 26 24 15 17 7 9 4 2 1 1 0 0 0 0 1 0 0 0 0 0 0 0 0 0 0
  tag_recapture[Tags2005_R1_R1].recaptured_2007	0 0 0 0 0 0 0 0 0 0 0 4 13 14 23 20 23 20 14 9 4 2 2 0 0 0 0 0 0 0 0 0 0 0 0 0 0 0 0
  tag_recapture[Tags2005_R1_R1].recaptured_2008	0 0 0 0 0 0 0 0 0 0 0 1 9 20 16 21 16 11 6 6 7 4 3 0 1 0 1 0 0 0 0 0 0 0 0 0 0 0 0
  tag_recapture[Tags2005_R1_R1].recaptured_2009	0 0 0 0 0 0 0 0 0 0 0 1 2 9 12 16 9 7 12 7 6 3 2 0 1 0 0 0 0 0 0 0 0 0 0 0 0 0 0
  tag_recapture[Tags2005_R1_R1].recaptured_2010	0 0 0 0 0 0 0 0 0 0 0 2 2 6 9 12 5 14 5 4 6 2 3 3 0 0 0 0 0 0 0 0 0 0 0 0 0 0 0
  tag_recapture[Tags2005_R1_R1].sample	size
  tag_recapture[Tags2005_R1_R1].scanned_2006	0 0 0 2 28 320 2302 11502 39770 96806 173902 243624 277690 266092 224820 178122 136978 101584 71958 49292 33518 23134 16316 11662 8346 5944 4222 2988 2086 1406 896 530 286 140 62 24 8 2 0
  tag_recapture[Tags2005_R1_R1].scanned_2007	0 0 0 2 28 344 2442 11568 39724 99366 181960 252416 280488 265182 224010 176300 134278 100438 72920 50898 34514 23278 15942 11162 7944 5686 4062 2880 2006 1350 862 512 278 138 62 24 8 2 0
  tag_recapture[Tags2005_R1_R1].scanned_2008	0 0 0 2 28 344 2602 12332 40170 97884 182308 260086 291620 271378 224512 174626 131756 97934 71728 51120 35200 23658 15864 10828 7580 5410 3886 2772 1934 1300 826 490 266 132 58 24 8 2 0
  tag_recapture[Tags2005_R1_R1].scanned_2009	0 0 0 2 28 338 2596 13080 43468 101422 180382 255904 293398 278302 229716 175798 130724 96182 70174 50456 35360 24054 16060 10754 7362 5182 3714 2662 1866 1256 798 470 254 126 56 22 8 2 0
  tag_recapture[Tags2005_R1_R1].scanned_2010	0 0 0 2 30 342 2546 12914 45438 110634 193100 259840 288924 275666 231594 178066 131090 95240 68874 49434 34952 24134 16262 10830 7284 5028 3564 2550 1794 1212 770 454 246 120 54 22 8 2 0
  tag_recapture[Tags2005_R1_R1].step	1
  tag_recapture[Tags2005_R1_R1].tag_name	Tags2005_R1
  tag_recapture[Tags2005_R1_R1].years	2006 2007 2008 2009 2010
  tag_recapture[Tags2006_R1_R1].area	R1
  tag_recapture[Tags2006_R1_R1].class_mins	100 150 200 250 300 350 400 450 500 550 600 650 700 750 800 850 900 950 1000 1050 1100 1150 1200 1250 1300 1350 1400 1450 1500 1550 1600 1650 1700 1750 1800 1850 1900 1950 2000 2050
  tag_recapture[Tags2006_R1_R1].detection_probability	1
  tag_recapture[Tags2006_R1_R1].dispersion	1
  tag_recapture[Tags2006_R1_R1].do_bootstrap	True
  tag_recapture[Tags2006_R1_R1].plus_group	False
  tag_recapture[Tags2006_R1_R1].proportion_mortality	0.5
  tag_recapture[Tags2006_R1_R1].r	1e-11
  tag_recapture[Tags2006_R1_R1].recaptured_2007	0 0 0 0 0 0 0 0 0 0 3 13 18 23 26 25 13 18 8 4 3 1 1 0 0 0 1 0 0 0 0 0 0 0 0 0 0 0 0
  tag_recapture[Tags2006_R1_R1].recaptured_2008	0 0 0 0 0 0 0 0 0 0 1 5 12 16 17 24 14 9 4 4 6 1 1 1 0 0 0 0 0 0 0 0 0 0 0 0 0 0 0
  tag_recapture[Tags2006_R1_R1].recaptured_2009	0 0 0 0 0 0 0 0 0 0 2 2 6 18 23 18 23 7 7 3 4 2 1 1 1 0 0 0 0 0 0 0 0 0 0 0 0 0 0
  tag_recapture[Tags2006_R1_R1].recaptured_2010	0 0 0 0 0 0 0 0 0 0 0 1 3 4 8 15 16 15 15 4 3 2 0 2 0 1 0 0 0 0 0 0 0 0 0 0 0 0 0
  tag_recapture[Tags2006_R1_R1].sample	size
  tag_recapture[Tags2006_R1_R1].scanned_2007	0 0 0 2 28 344 2442 11568 39724 99366 181960 252416 280488 265182 224010 176300 134278 100438 72920 50898 34514 23278 15942 11162 7944 5686 4062 2880 2006 1350 862 512 278 138 62 24 8 2 0
  tag_recapture[Tags2006_R1_R1].scanned_2008	0 0 0 2 28 344 2602 12332 40170 97884 182308 260086 291620 271378 224512 174626 131756 97934 71728 51120 35200 23658 15864 10828 7580 5410 3886 2772 1934 1300 826 490 266 132 58 24 8 2 0
  tag_recapture[Tags2006_R1_R1].scanned_2009	0 0 0 2 28 338 2596 13080 43468 101422 180382 255904 293398 278302 229716 175798 130724 96182 70174 50456 35360 24054 16060 10754 7362 5182 3714 2662 1866 1256 798 470 254 126 56 22 8 2 0
  tag_recapture[Tags2006_R1_R1].scanned_2010	0 0 0 2 30 342 2546 12914 45438 110634 193100 259840 288924 275666 231594 178066 131090 95240 68874 49434 34952 24134 16262 10830 7284 5028 3564 2550 1794 1212 770 454 246 120 54 22 8 2 0
  tag_recapture[Tags2006_R1_R1].step	1
  tag_recapture[Tags2006_R1_R1].tag_name	Tags2006_R1
  tag_recapture[Tags2006_R1_R1].years	2007 2008 2009 2010
  tag_recapture[Tags2007_R1_R1].area	R1
  tag_recapture[Tags2007_R1_R1].class_mins	100 150 200 250 300 350 400 450 500 550 600 650 700 750 800 850 900 950 1000 1050 1100 1150 1200 1250 1300 1350 1400 1450 1500 1550 1600 1650 1700 1750 1800 1850 1900 1950 2000 2050
  tag_recapture[Tags2007_R1_R1].detection_probability	1
  tag_recapture[Tags2007_R1_R1].dispersion	1
  tag_recapture[Tags2007_R1_R1].do_bootstrap	True
  tag_recapture[Tags2007_R1_R1].plus_group	False
  tag_recapture[Tags2007_R1_R1].proportion_mortality	0.5
  tag_recapture[Tags2007_R1_R1].r	1e-11
  tag_recapture[Tags2007_R1_R1].recaptured_2008	0 0 0 0 0 0 0 0 0 0 9 6 13 25 16 20 14 7 6 4 5 2 0 1 0 0 0 0 0 0 0 0 0 0 0 0 0 0 0
  tag_recapture[Tags2007_R1_R1].recaptured_2009	0 0 0 0 0 0 0 0 0 0 2 5 12 14 21 16 12 10 10 7 5 3 1 1 0 2 0 0 0 0 0 0 0 0 0 0 0 0 0
  tag_recapture[Tags2007_R1_R1].recaptured_2010	0 0 0 0 0 0 0 0 0 0 0 6 8 6 18 15 15 15 14 9 5 1 1 1 0 0 0 0 0 0 0 0 0 0 0 0 0 0 0
  tag_recapture[Tags2007_R1_R1].sample	size
  tag_recapture[Tags2007_R1_R1].scanned_2008	0 0 0 2 28 344 2602 12332 40170 97884 182308 260086 291620 271378 224512 174626 131756 97934 71728 51120 35200 23658 15864 10828 7580 5410 3886 2772 1934 1300 826 490 266 132 58 24 8 2 0
  tag_recapture[Tags2007_R1_R1].scanned_2009	0 0 0 2 28 338 2596 13080 43468 101422 180382 255904 293398 278302 229716 175798 130724 96182 70174 50456 35360 24054 16060 10754 7362 5182 3714 2662 1866 1256 798 470 254 126 56 22 8 2 0
  tag_recapture[Tags2007_R1_R1].scanned_2010	0 0 0 2 30 342 2546 12914 45438 110634 193100 259840 288924 275666 231594 178066 131090 95240 68874 49434 34952 24134 16262 10830 7284 5028 3564 2550 1794 1212 770 454 246 120 54 22 8 2 0
  tag_recapture[Tags2007_R1_R1].step	1
  tag_recapture[Tags2007_R1_R1].tag_name	Tags2007_R1
  tag_recapture[Tags2007_R1_R1].years	2008 2009 2010
  tag_recapture[Tags2008_R1_R1].area	R1
  tag_recapture[Tags2008_R1_R1].class_mins	100 150 200 250 300 350 400 450 500 550 600 650 700 750 800 850 900 950 1000 1050 1100 1150 1200 1250 1300 1350 1400 1450 1500 1550 1600 1650 1700 1750 1800 1850 1900 1950 2000 2050
  tag_recapture[Tags2008_R1_R1].detection_probability	1
  tag_recapture[Tags2008_R1_R1].dispersion	1
  tag_recapture[Tags2008_R1_R1].do_bootstrap	True
  tag_recapture[Tags2008_R1_R1].plus_group	False
  tag_recapture[Tags2008_R1_R1].proportion_mortality	0.5
  tag_recapture[Tags2008_R1_R1].r	1e-11
  tag_recapture[Tags2008_R1_R1].recaptured_2009	0 0 0 0 0 0 0 0 0 1 4 12 25 32 29 24 15 17 4 6 3 0 0 0 1 1 1 0 0 0 0 0 0 0 0 0 0 0 0
  tag_recapture[Tags2008_R1_R1].recaptured_2010	0 0 0 0 0 0 0 0 0 1 0 3 17 27 20 8 18 11 5 5 2 2 3 0 0 0 0 0 0 0 0 0 0 0 0 0 0 0 0
  tag_recapture[Tags2008_R1_R1].sample	size
  tag_recapture[Tags2008_R1_R1].scanned_2009	0 0 0 2 28 338 2596 13080 43468 101422 180382 255904 293398 278302 229716 175798 130724 96182 70174 50456 35360 24054 16060 10754 7362 5182 3714 2662 1866 1256 798 470 254 126 56 22 8 2 0
  tag_recapture[Tags2008_R1_R1].scanned_2010	0 0 0 2 30 342 2546 12914 45438 110634 193100 259840 288924 275666 231594 178066 131090 95240 68874 49434 34952 24134 16262 10830 7284 5028 3564 2550 1794 1212 770 454 246 120 54 22 8 2 0
  tag_recapture[Tags2008_R1_R1].step	1
  tag_recapture[Tags2008_R1_R1].tag_name	Tags2008_R1
  tag_recapture[Tags2008_R1_R1].years	2009 2010
  tag_recapture[Tags2009_R1_R1].area	R1
  tag_recapture[Tags2009_R1_R1].class_mins	100 150 200 250 300 350 400 450 500 550 600 650 700 750 800 850 900 950 1000 1050 1100 1150 1200 1250 1300 1350 1400 1450 1500 1550 1600 1650 1700 1750 1800 1850 1900 1950 2000 2050
  tag_recapture[Tags2009_R1_R1].detection_probability	1
  tag_recapture[Tags2009_R1_R1].dispersion	1
  tag_recapture[Tags2009_R1_R1].do_bootstrap	True
  tag_recapture[Tags2009_R1_R1].plus_group	False
  tag_recapture[Tags2009_R1_R1].proportion_mortality	0.5
  tag_recapture[Tags2009_R1_R1].r	1e-11
  tag_recapture[Tags2009_R1_R1].recaptured_2010	0 0 0 0 0 0 0 0 0 1 1 19 23 25 27 24 17 11 8 8 1 0 1 0 1 0 0 0 0 0 0 0 0 0 0 0 0 0 0
  tag_recapture[Tags2009_R1_R1].sample	size
  tag_recapture[Tags2009_R1_R1].scanned_2010	0 0 0 2 30 342 2546 12914 45438 110634 193100 259840 288924 275666 231594 178066 131090 95240 68874 49434 34952 24134 16262 10830 7284 5028 3564 2550 1794 1212 770 454 246 120 54 22 8 2 0
  tag_recapture[Tags2009_R1_R1].step	1
  tag_recapture[Tags2009_R1_R1].tag_name	Tags2009_R1
  tag_recapture[Tags2009_R1_R1].years	2010
  vector_average_penalty[1].k   	1
  vector_average_penalty[1].label	meanYCS_1
  vector_average_penalty[1].multiplier	100
  vector_average_penalty[1].vector	recruitment.YCS
Stored as DOUBLEs: 
Stored as VECTORs: 
Stored as OGIVEs: 

Population parameters:
Stored as strings: 
  annual_cycle.M_props          	1
  annual_cycle.aging_time       	1
  annual_cycle.baranov          	False
  annual_cycle.fishery_areas    	R1
  annual_cycle.fishery_names    	LL1 LL2
  annual_cycle.fishery_times    	1 1
  annual_cycle.growth_props     	0
  annual_cycle.migrate_from     	R1
  annual_cycle.migrate_to       	R2
  annual_cycle.migration_names  	MoveRec_1_2
  annual_cycle.migration_times  	1
  annual_cycle.n_migrations     	0
  annual_cycle.recruitment_areas	R1
  annual_cycle.recruitment_time 	1
  annual_cycle.spawning_all_areas	1
  annual_cycle.spawning_p       	1
  annual_cycle.spawning_part_mort	0.5
  annual_cycle.spawning_time    	1
  annual_cycle.spawning_use_total_B	False
  annual_cycle.time_steps       	1
  area_names                    	R1
  current                       	2010
  final                         	2045
  first_random_year             	2007
  fishery[LL1].U_max            	0.95
  fishery[LL1].catches          	0 6000 6000 6000 6000 6000 6000 6000 6000 6000 6000 6000 6000 6000 6000 6000 6000 6000 6000 6000 6000
  fishery[LL1].future_constant_catches	200
  fishery[LL1].selectivity      	SelLL
  fishery[LL1].years            	1990 1991 1992 1993 1994 1995 1996 1997 1998 1999 2000 2001 2002 2003 2004 2005 2006 2007 2008 2009 2010
  fishery[LL2].U_max            	0.95
  fishery[LL2].catches          	0 0 0 0 0 0 0 0 0 0 0 0 0 0 0 0 0 0 0 0 0
  fishery[LL2].future_constant_catches	200
  fishery[LL2].selectivity      	SelLL
  fishery[LL2].years            	1990 1991 1992 1993 1994 1995 1996 1997 1998 1999 2000 2001 2002 2003 2004 2005 2006 2007 2008 2009 2010
  initial                       	1990
  initialization.B0             	448262
  mature_partition              	False
  maturity_props.all            	allvalues  0 0 0 0 0 0 0 0 0 0 0 0.1667 0.3333 0.5 0.6667 0.8333 1 1 1 1 1 1 1 1 1 1 1 1 1 1
  max_age                       	30
  min_age                       	1
  n_areas                       	1
  n_stocks                      	1
  n_tags                        	5
  natural_mortality.all         	0.155
  plus_group                    	True
  randomisation_method          	lognormal
  recruitment.SR                	BH
  recruitment.YCS               	1 1 1 1 1 1 1 1 1 1 1 1 1 1 1 1 1 1 1 1 1
  recruitment.YCS_years         	1989 1990 1991 1992 1993 1994 1995 1996 1997 1998 1999 2000 2001 2002 2003 2004 2005 2006 2007 2008 2009
  recruitment.first_free        	1989
  recruitment.last_free         	2006
  recruitment.p_male            	0.5
  recruitment.rho               	0
  recruitment.sigma_r           	0.6
  recruitment.steepness         	0.7
  recruitment.year_range        	1989 2006
  selectivity[SelLL].all        	double_normal 10 2 10
  selectivity_names             	SelLL
  sex_partition                 	False
  size_at_age.Linf              	2870
  size_at_age.by_length         	True
  size_at_age.cv                	0.1
  size_at_age.k                 	0.02056
  size_at_age.t0                	-4.2897
  size_at_age_dist              	normal
  size_at_age_type              	von_Bert
  size_based                    	False
  size_weight.a                 	2.59e-12
  size_weight.b                 	3.2064
  size_weight.verify_size_weight	500 0.5 1.5
  standardise_YCS               	True
  tag[Tags2005_R1_LL1].area     	R1
  tag[Tags2005_R1_LL1].class_mins	100 150 200 250 300 350 400 450 500 550 600 650 700 750 800 850 900 950 1000 1050 1100 1150 1200 1250 1300 1350 1400 1450 1500 1550 1600 1650 1700 1750 1800 1850 1900 1950 2000 2050
  tag[Tags2005_R1_LL1].mature_only	False
  tag[Tags2005_R1_LL1].mortality	0.1
  tag[Tags2005_R1_LL1].number   	2500
  tag[Tags2005_R1_LL1].ogive    	SelLL
  tag[Tags2005_R1_LL1].plus_group	False
  tag[Tags2005_R1_LL1].props_all	0 0 0 0 0 1e-04 8e-04 0.0048 0.0184 0.0472 0.088 0.1245 0.1388 0.1298 0.1103 0.0896 0.0694 0.0511 0.0362 0.0255 0.0183 0.0135 0.01 0.0073 0.0052 0.0037 0.0025 0.0018 0.0012 8e-04 5e-04 3e-04 2e-04 1e-04 0 0 0 0 0
  tag[Tags2005_R1_LL1].release_type	deterministic
  tag[Tags2005_R1_LL1].sex      	both
  tag[Tags2005_R1_LL1].step     	1
  tag[Tags2005_R1_LL1].tag_name 	Tags2005_R1
  tag[Tags2005_R1_LL1].year     	2005
  tag[Tags2006_R1_LL1].area     	R1
  tag[Tags2006_R1_LL1].class_mins	100 150 200 250 300 350 400 450 500 550 600 650 700 750 800 850 900 950 1000 1050 1100 1150 1200 1250 1300 1350 1400 1450 1500 1550 1600 1650 1700 1750 1800 1850 1900 1950 2000 2050
  tag[Tags2006_R1_LL1].mature_only	False
  tag[Tags2006_R1_LL1].mortality	0.1
  tag[Tags2006_R1_LL1].number   	2500
  tag[Tags2006_R1_LL1].ogive    	SelLL
  tag[Tags2006_R1_LL1].plus_group	False
  tag[Tags2006_R1_LL1].props_all	0 0 0 0 0 2e-04 0.0013 0.0058 0.0198 0.0485 0.0873 0.1222 0.1397 0.1351 0.1154 0.0921 0.0705 0.0511 0.0349 0.023 0.0152 0.0104 0.0075 0.0055 0.0041 0.0031 0.0023 0.0017 0.0012 9e-04 6e-04 3e-04 2e-04 1e-04 0 0 0 0 0
  tag[Tags2006_R1_LL1].release_type	deterministic
  tag[Tags2006_R1_LL1].sex      	both
  tag[Tags2006_R1_LL1].step     	1
  tag[Tags2006_R1_LL1].tag_name 	Tags2006_R1
  tag[Tags2006_R1_LL1].year     	2006
  tag[Tags2007_R1_LL1].area     	R1
  tag[Tags2007_R1_LL1].class_mins	100 150 200 250 300 350 400 450 500 550 600 650 700 750 800 850 900 950 1000 1050 1100 1150 1200 1250 1300 1350 1400 1450 1500 1550 1600 1650 1700 1750 1800 1850 1900 1950 2000 2050
  tag[Tags2007_R1_LL1].mature_only	False
  tag[Tags2007_R1_LL1].mortality	0.1
  tag[Tags2007_R1_LL1].number   	2500
  tag[Tags2007_R1_LL1].ogive    	SelLL
  tag[Tags2007_R1_LL1].plus_group	False
  tag[Tags2007_R1_LL1].props_all	0 0 0 0 0 1e-04 0.0011 0.0056 0.0193 0.0485 0.0889 0.124 0.139 0.1322 0.1118 0.0878 0.0669 0.0504 0.0372 0.0265 0.0183 0.0125 0.0087 0.0062 0.0045 0.0032 0.0024 0.0017 0.0012 8e-04 5e-04 3e-04 2e-04 1e-04 0 0 0 0 0
  tag[Tags2007_R1_LL1].release_type	deterministic
  tag[Tags2007_R1_LL1].sex      	both
  tag[Tags2007_R1_LL1].step     	1
  tag[Tags2007_R1_LL1].tag_name 	Tags2007_R1
  tag[Tags2007_R1_LL1].year     	2007
  tag[Tags2008_R1_LL1].area     	R1
  tag[Tags2008_R1_LL1].class_mins	100 150 200 250 300 350 400 450 500 550 600 650 700 750 800 850 900 950 1000 1050 1100 1150 1200 1250 1300 1350 1400 1450 1500 1550 1600 1650 1700 1750 1800 1850 1900 1950 2000 2050
  tag[Tags2008_R1_LL1].mature_only	False
  tag[Tags2008_R1_LL1].mortality	0.1
  tag[Tags2008_R1_LL1].number   	2500
  tag[Tags2008_R1_LL1].ogive    	SelLL
  tag[Tags2008_R1_LL1].plus_group	False
  tag[Tags2008_R1_LL1].props_all	0 0 0 0 0 1e-04 0.0012 0.0062 0.0205 0.0497 0.0924 0.1328 0.1497 0.1384 0.112 0.0842 0.0614 0.0445 0.0322 0.0228 0.0157 0.0106 0.0073 0.0052 0.0038 0.0029 0.0022 0.0016 0.0011 7e-04 4e-04 3e-04 1e-04 1e-04 0 0 0 0 0
  tag[Tags2008_R1_LL1].release_type	deterministic
  tag[Tags2008_R1_LL1].sex      	both
  tag[Tags2008_R1_LL1].step     	1
  tag[Tags2008_R1_LL1].tag_name 	Tags2008_R1
  tag[Tags2008_R1_LL1].year     	2008
  tag[Tags2009_R1_LL1].area     	R1
  tag[Tags2009_R1_LL1].class_mins	100 150 200 250 300 350 400 450 500 550 600 650 700 750 800 850 900 950 1000 1050 1100 1150 1200 1250 1300 1350 1400 1450 1500 1550 1600 1650 1700 1750 1800 1850 1900 1950 2000 2050
  tag[Tags2009_R1_LL1].mature_only	False
  tag[Tags2009_R1_LL1].mortality	0.1
  tag[Tags2009_R1_LL1].number   	2500
  tag[Tags2009_R1_LL1].ogive    	SelLL
  tag[Tags2009_R1_LL1].plus_group	False
  tag[Tags2009_R1_LL1].props_all	0 0 0 0 0 1e-04 0.0012 0.0063 0.0213 0.0502 0.0897 0.1266 0.1435 0.135 0.1117 0.0864 0.065 0.0482 0.0352 0.0253 0.0178 0.0122 0.0082 0.0055 0.0037 0.0025 0.0017 0.0011 7e-04 4e-04 3e-04 1e-04 1e-04 0 0 0 0 0 0
  tag[Tags2009_R1_LL1].release_type	deterministic
  tag[Tags2009_R1_LL1].sex      	both
  tag[Tags2009_R1_LL1].step     	1
  tag[Tags2009_R1_LL1].tag_name 	Tags2009_R1
  tag[Tags2009_R1_LL1].year     	2009
  tag_growth_loss[Tags2005_R1].nogrowth_period	0
  tag_growth_loss[Tags2006_R1].nogrowth_period	0
  tag_growth_loss[Tags2007_R1].nogrowth_period	0
  tag_growth_loss[Tags2008_R1].nogrowth_period	0
  tag_growth_loss[Tags2009_R1].nogrowth_period	0
  tag_loss_props                	1
  tag_names                     	Tags2005_R1 Tags2006_R1 Tags2007_R1 Tags2008_R1 Tags2009_R1
  tag_shedding_rate             	0.0084 0.0084 0.0084 0.0084 0.0084
  y_enter                       	1
Stored as DOUBLEs: 
Stored as VECTORs: 
Stored as OGIVEs: 

Output parameters:
Stored as strings: 
  n_projections                 	100
  numbers_at[Numbers_at_age_R1].area	R1
  numbers_at[Numbers_at_age_R1].proportion_mortality	0.5
  numbers_at[Numbers_at_age_R1].step	1
  numbers_at[Numbers_at_age_R1].years	1990 1991 1992 1993 1994 1995 1996 1997 1998 1999 2000 2001 2002 2003 2004 2005 2006 2007 2008 2009 2010
  print.covariance              	true
  print.estimation_section      	true
  print.final_state             	false
  print.fits                    	true
  print.fits_every_eval         	false
  print.initial_state           	false
  print.normalised_resids       	true
  print.objective_every_eval    	false
  print.parameter_vector_every_eval	false
  print.parameters              	true
  print.parameters_every_eval   	false
  print.pearson_resids          	true
  print.requests                	false
  print.resids                  	true
  print.results                 	false
  print.state_annually          	false
  print.state_every_step        	false
  print.unused_parameters       	true
  print.yields                  	true
  quantities.B0                 	true
  quantities.R0                 	true
  quantities.SSBs               	true
  quantities.YCS                	true
  quantities.actual_catches     	false
  quantities.all_free_parameters	true
  quantities.fishing_pressures  	true
  quantities.nuisance_qs        	true
  quantities.recruitments       	true
  quantities.true_YCS           	true
Stored as DOUBLEs: 
Stored as VECTORs: 
Stored as OGIVEs: 

A fish of size 500 cm has a weight of 1.16755 kg in your model. This size-weight scale check assumes that the growth curve is in centimetres, and that the catch is in tonnes.

A fish of size 500 cm has a weight of 1.16755 kg in your model. This size-weight scale check assumes that the growth curve is in centimetres, and that the catch is in tonnes.

Estimation section :

Objective function: Bayes

Minimiser convergence threshold: 0.001


Observations:

The observations are:
LL1_catchA
Tags2005_R1_R1
Tags2006_R1_R1
Tags2007_R1_R1
Tags2008_R1_R1
Tags2009_R1_R1
Fits follow:

LL1_catchA :
catch proportions-at-age for fishery LL1  with ageing error (constrained to sum to 1):
obs (last class is a plus group):
class 1       2       3       4       5       6       7       8       9       10      11      12      13      14      15      16      17      18      19      20      21      22      23      24      25      26      27      28      29      30      
2000 0       0       0       0       0       0.01    0.05    0.11    0.16    0.11    0.19    0.1     0.04    0.06    0.03    0.03    0.03    0.01    0.02    0.01    0.01    0       0.02    0       0       0       0       0       0       0.01    
2001 0       0       0       0       0       0.02    0.09    0.1     0.18    0.14    0.12    0.09    0.08    0.06    0.02    0.04    0.01    0.01    0       0.01    0.01    0.01    0.01    0       0       0       0       0       0       0       
2002 0       0       0       0       0       0.01    0.1     0.14    0.23    0.16    0.11    0.08    0.05    0.04    0.05    0.02    0       0.01    0       0       0       0       0       0       0       0       0       0       0       0       
2003 0       0       0       0       0       0       0.09    0.13    0.24    0.16    0.05    0.09    0.08    0.04    0.06    0.01    0.01    0       0       0       0.01    0.01    0       0       0.01    0.01    0       0       0       0       
2004 0       0       0       0       0.02    0       0.1     0.2     0.1     0.13    0.14    0.07    0.06    0.07    0.03    0.03    0.01    0.02    0.01    0       0       0       0       0       0       0       0       0       0       0.01    
2005 0       0       0       0       0       0.03    0.01    0.2     0.21    0.13    0.13    0.1     0.04    0.04    0.03    0.01    0.04    0.02    0.01    0       0       0       0       0       0       0       0       0       0       0       
2006 0       0       0       0.01    0       0.02    0.12    0.13    0.14    0.21    0.1     0.05    0.09    0.03    0.03    0.01    0.02    0       0.03    0       0       0       0       0.01    0       0       0       0       0       0       
2007 0       0       0       0       0.02    0.02    0.08    0.14    0.2     0.14    0.08    0.05    0.1     0.06    0.04    0.02    0.02    0       0.01    0       0.02    0       0       0       0       0       0       0       0       0       
2008 0       0       0       0       0       0.06    0.09    0.12    0.14    0.12    0.21    0.05    0.02    0.05    0.02    0.02    0.04    0       0.01    0.02    0       0       0.02    0       0       0       0       0       0       0.01    
2009 0       0       0       0       0.02    0.02    0.08    0.15    0.15    0.13    0.13    0.12    0.07    0.04    0.02    0       0.02    0.05    0       0       0       0       0       0       0       0       0       0       0       0       
2010 0       0       0       0       0.01    0       0.03    0.12    0.14    0.2     0.15    0.05    0.06    0.05    0.07    0.03    0.02    0.01    0       0.03    0.01    0       0.01    0       0       0.01    0       0       0       0       
objective function: multinomial likelihood, with delta = 1e-011, N =
100 100 100 100 100 100 100 100 100 100 100 100 100 100 100 100 100 100 100 100 100 100 100 100 100 100 100 100 100 100 
100 100 100 100 100 100 100 100 100 100 100 100 100 100 100 100 100 100 100 100 100 100 100 100 100 100 100 100 100 100 
100 100 100 100 100 100 100 100 100 100 100 100 100 100 100 100 100 100 100 100 100 100 100 100 100 100 100 100 100 100 
100 100 100 100 100 100 100 100 100 100 100 100 100 100 100 100 100 100 100 100 100 100 100 100 100 100 100 100 100 100 
100 100 100 100 100 100 100 100 100 100 100 100 100 100 100 100 100 100 100 100 100 100 100 100 100 100 100 100 100 100 
100 100 100 100 100 100 100 100 100 100 100 100 100 100 100 100 100 100 100 100 100 100 100 100 100 100 100 100 100 100 
100 100 100 100 100 100 100 100 100 100 100 100 100 100 100 100 100 100 100 100 100 100 100 100 100 100 100 100 100 100 
100 100 100 100 100 100 100 100 100 100 100 100 100 100 100 100 100 100 100 100 100 100 100 100 100 100 100 100 100 100 
100 100 100 100 100 100 100 100 100 100 100 100 100 100 100 100 100 100 100 100 100 100 100 100 100 100 100 100 100 100 
100 100 100 100 100 100 100 100 100 100 100 100 100 100 100 100 100 100 100 100 100 100 100 100 100 100 100 100 100 100 
100 100 100 100 100 100 100 100 100 100 100 100 100 100 100 100 100 100 100 100 100 100 100 100 100 100 100 100 100 100 

Tags2005_R1_R1 :
tag-recapture data for tag Tags2005_R1 in years 2006 2007 2008 2009 2010 , step 1, after proportion 0.5 of mortality, with sampling method size, detection probability 1.
Year 2006
class scanned recaptured
100 0 0
150 0 0
200 0 0
250 2 0
300 28 0
350 320 0
400 2302 0
450 11502 0
500 39770 1
550 96806 0
600 173902 5
650 243624 10
700 277690 20
750 266092 28
800 224820 26
850 178122 24
900 136978 15
950 101584 17
1000 71958 7
1050 49292 9
1100 33518 4
1150 23134 2
1200 16316 1
1250 11662 1
1300 8346 0
1350 5944 0
1400 4222 0
1450 2988 0
1500 2086 1
1550 1406 0
1600 896 0
1650 530 0
1700 286 0
1750 140 0
1800 62 0
1850 24 0
1900 8 0
1950 2 0
2000 0 0


Year 2007
class scanned recaptured
100 0 0
150 0 0
200 0 0
250 2 0
300 28 0
350 344 0
400 2442 0
450 11568 0
500 39724 0
550 99366 0
600 181960 0
650 252416 4
700 280488 13
750 265182 14
800 224010 23
850 176300 20
900 134278 23
950 100438 20
1000 72920 14
1050 50898 9
1100 34514 4
1150 23278 2
1200 15942 2
1250 11162 0
1300 7944 0
1350 5686 0
1400 4062 0
1450 2880 0
1500 2006 0
1550 1350 0
1600 862 0
1650 512 0
1700 278 0
1750 138 0
1800 62 0
1850 24 0
1900 8 0
1950 2 0
2000 0 0


Year 2008
class scanned recaptured
100 0 0
150 0 0
200 0 0
250 2 0
300 28 0
350 344 0
400 2602 0
450 12332 0
500 40170 0
550 97884 0
600 182308 0
650 260086 1
700 291620 9
750 271378 20
800 224512 16
850 174626 21
900 131756 16
950 97934 11
1000 71728 6
1050 51120 6
1100 35200 7
1150 23658 4
1200 15864 3
1250 10828 0
1300 7580 1
1350 5410 0
1400 3886 1
1450 2772 0
1500 1934 0
1550 1300 0
1600 826 0
1650 490 0
1700 266 0
1750 132 0
1800 58 0
1850 24 0
1900 8 0
1950 2 0
2000 0 0


Year 2009
class scanned recaptured
100 0 0
150 0 0
200 0 0
250 2 0
300 28 0
350 338 0
400 2596 0
450 13080 0
500 43468 0
550 101422 0
600 180382 0
650 255904 1
700 293398 2
750 278302 9
800 229716 12
850 175798 16
900 130724 9
950 96182 7
1000 70174 12
1050 50456 7
1100 35360 6
1150 24054 3
1200 16060 2
1250 10754 0
1300 7362 1
1350 5182 0
1400 3714 0
1450 2662 0
1500 1866 0
1550 1256 0
1600 798 0
1650 470 0
1700 254 0
1750 126 0
1800 56 0
1850 22 0
1900 8 0
1950 2 0
2000 0 0


Year 2010
class scanned recaptured
100 0 0
150 0 0
200 0 0
250 2 0
300 30 0
350 342 0
400 2546 0
450 12914 0
500 45438 0
550 110634 0
600 193100 0
650 259840 2
700 288924 2
750 275666 6
800 231594 9
850 178066 12
900 131090 5
950 95240 14
1000 68874 5
1050 49434 4
1100 34952 6
1150 24134 2
1200 16262 3
1250 10830 3
1300 7284 0
1350 5028 0
1400 3564 0
1450 2550 0
1500 1794 0
1550 1212 0
1600 770 0
1650 454 0
1700 246 0
1750 120 0
1800 54 0
1850 22 0
1900 8 0
1950 2 0
2000 0 0


Tags2006_R1_R1 :
tag-recapture data for tag Tags2006_R1 in years 2007 2008 2009 2010 , step 1, after proportion 0.5 of mortality, with sampling method size, detection probability 1.
Year 2007
class scanned recaptured
100 0 0
150 0 0
200 0 0
250 2 0
300 28 0
350 344 0
400 2442 0
450 11568 0
500 39724 0
550 99366 0
600 181960 3
650 252416 13
700 280488 18
750 265182 23
800 224010 26
850 176300 25
900 134278 13
950 100438 18
1000 72920 8
1050 50898 4
1100 34514 3
1150 23278 1
1200 15942 1
1250 11162 0
1300 7944 0
1350 5686 0
1400 4062 1
1450 2880 0
1500 2006 0
1550 1350 0
1600 862 0
1650 512 0
1700 278 0
1750 138 0
1800 62 0
1850 24 0
1900 8 0
1950 2 0
2000 0 0


Year 2008
class scanned recaptured
100 0 0
150 0 0
200 0 0
250 2 0
300 28 0
350 344 0
400 2602 0
450 12332 0
500 40170 0
550 97884 0
600 182308 1
650 260086 5
700 291620 12
750 271378 16
800 224512 17
850 174626 24
900 131756 14
950 97934 9
1000 71728 4
1050 51120 4
1100 35200 6
1150 23658 1
1200 15864 1
1250 10828 1
1300 7580 0
1350 5410 0
1400 3886 0
1450 2772 0
1500 1934 0
1550 1300 0
1600 826 0
1650 490 0
1700 266 0
1750 132 0
1800 58 0
1850 24 0
1900 8 0
1950 2 0
2000 0 0


Year 2009
class scanned recaptured
100 0 0
150 0 0
200 0 0
250 2 0
300 28 0
350 338 0
400 2596 0
450 13080 0
500 43468 0
550 101422 0
600 180382 2
650 255904 2
700 293398 6
750 278302 18
800 229716 23
850 175798 18
900 130724 23
950 96182 7
1000 70174 7
1050 50456 3
1100 35360 4
1150 24054 2
1200 16060 1
1250 10754 1
1300 7362 1
1350 5182 0
1400 3714 0
1450 2662 0
1500 1866 0
1550 1256 0
1600 798 0
1650 470 0
1700 254 0
1750 126 0
1800 56 0
1850 22 0
1900 8 0
1950 2 0
2000 0 0


Year 2010
class scanned recaptured
100 0 0
150 0 0
200 0 0
250 2 0
300 30 0
350 342 0
400 2546 0
450 12914 0
500 45438 0
550 110634 0
600 193100 0
650 259840 1
700 288924 3
750 275666 4
800 231594 8
850 178066 15
900 131090 16
950 95240 15
1000 68874 15
1050 49434 4
1100 34952 3
1150 24134 2
1200 16262 0
1250 10830 2
1300 7284 0
1350 5028 1
1400 3564 0
1450 2550 0
1500 1794 0
1550 1212 0
1600 770 0
1650 454 0
1700 246 0
1750 120 0
1800 54 0
1850 22 0
1900 8 0
1950 2 0
2000 0 0


Tags2007_R1_R1 :
tag-recapture data for tag Tags2007_R1 in years 2008 2009 2010 , step 1, after proportion 0.5 of mortality, with sampling method size, detection probability 1.
Year 2008
class scanned recaptured
100 0 0
150 0 0
200 0 0
250 2 0
300 28 0
350 344 0
400 2602 0
450 12332 0
500 40170 0
550 97884 0
600 182308 9
650 260086 6
700 291620 13
750 271378 25
800 224512 16
850 174626 20
900 131756 14
950 97934 7
1000 71728 6
1050 51120 4
1100 35200 5
1150 23658 2
1200 15864 0
1250 10828 1
1300 7580 0
1350 5410 0
1400 3886 0
1450 2772 0
1500 1934 0
1550 1300 0
1600 826 0
1650 490 0
1700 266 0
1750 132 0
1800 58 0
1850 24 0
1900 8 0
1950 2 0
2000 0 0


Year 2009
class scanned recaptured
100 0 0
150 0 0
200 0 0
250 2 0
300 28 0
350 338 0
400 2596 0
450 13080 0
500 43468 0
550 101422 0
600 180382 2
650 255904 5
700 293398 12
750 278302 14
800 229716 21
850 175798 16
900 130724 12
950 96182 10
1000 70174 10
1050 50456 7
1100 35360 5
1150 24054 3
1200 16060 1
1250 10754 1
1300 7362 0
1350 5182 2
1400 3714 0
1450 2662 0
1500 1866 0
1550 1256 0
1600 798 0
1650 470 0
1700 254 0
1750 126 0
1800 56 0
1850 22 0
1900 8 0
1950 2 0
2000 0 0


Year 2010
class scanned recaptured
100 0 0
150 0 0
200 0 0
250 2 0
300 30 0
350 342 0
400 2546 0
450 12914 0
500 45438 0
550 110634 0
600 193100 0
650 259840 6
700 288924 8
750 275666 6
800 231594 18
850 178066 15
900 131090 15
950 95240 15
1000 68874 14
1050 49434 9
1100 34952 5
1150 24134 1
1200 16262 1
1250 10830 1
1300 7284 0
1350 5028 0
1400 3564 0
1450 2550 0
1500 1794 0
1550 1212 0
1600 770 0
1650 454 0
1700 246 0
1750 120 0
1800 54 0
1850 22 0
1900 8 0
1950 2 0
2000 0 0


Tags2008_R1_R1 :
tag-recapture data for tag Tags2008_R1 in years 2009 2010 , step 1, after proportion 0.5 of mortality, with sampling method size, detection probability 1.
Year 2009
class scanned recaptured
100 0 0
150 0 0
200 0 0
250 2 0
300 28 0
350 338 0
400 2596 0
450 13080 0
500 43468 0
550 101422 1
600 180382 4
650 255904 12
700 293398 25
750 278302 32
800 229716 29
850 175798 24
900 130724 15
950 96182 17
1000 70174 4
1050 50456 6
1100 35360 3
1150 24054 0
1200 16060 0
1250 10754 0
1300 7362 1
1350 5182 1
1400 3714 1
1450 2662 0
1500 1866 0
1550 1256 0
1600 798 0
1650 470 0
1700 254 0
1750 126 0
1800 56 0
1850 22 0
1900 8 0
1950 2 0
2000 0 0


Year 2010
class scanned recaptured
100 0 0
150 0 0
200 0 0
250 2 0
300 30 0
350 342 0
400 2546 0
450 12914 0
500 45438 0
550 110634 1
600 193100 0
650 259840 3
700 288924 17
750 275666 27
800 231594 20
850 178066 8
900 131090 18
950 95240 11
1000 68874 5
1050 49434 5
1100 34952 2
1150 24134 2
1200 16262 3
1250 10830 0
1300 7284 0
1350 5028 0
1400 3564 0
1450 2550 0
1500 1794 0
1550 1212 0
1600 770 0
1650 454 0
1700 246 0
1750 120 0
1800 54 0
1850 22 0
1900 8 0
1950 2 0
2000 0 0


Tags2009_R1_R1 :
tag-recapture data for tag Tags2009_R1 in years 2010 , step 1, after proportion 0.5 of mortality, with sampling method size, detection probability 1.
Year 2010
class scanned recaptured
100 0 0
150 0 0
200 0 0
250 2 0
300 30 0
350 342 0
400 2546 0
450 12914 0
500 45438 0
550 110634 1
600 193100 1
650 259840 19
700 288924 23
750 275666 25
800 231594 27
850 178066 24
900 131090 17
950 95240 11
1000 68874 8
1050 49434 8
1100 34952 1
1150 24134 0
1200 16262 1
1250 10830 0
1300 7284 1
1350 5028 0
1400 3564 0
1450 2550 0
1500 1794 0
1550 1212 0
1600 770 0
1650 454 0
1700 246 0
1750 120 0
1800 54 0
1850 22 0
1900 8 0
1950 2 0
2000 0 0



Ageing_error:
  Misclassification matrix:
1 0 0 0 0 0 0 0 0 0 0 0 0 0 0 0 0 0 0 0 0 0 0 0 0 0 0 0 0 0 
0 1 0 0 0 0 0 0 0 0 0 0 0 0 0 0 0 0 0 0 0 0 0 0 0 0 0 0 0 0 
0 0 1 0 0 0 0 0 0 0 0 0 0 0 0 0 0 0 0 0 0 0 0 0 0 0 0 0 0 0 
0 0 0 1 0 0 0 0 0 0 0 0 0 0 0 0 0 0 0 0 0 0 0 0 0 0 0 0 0 0 
0 0 0 0 1 0 0 0 0 0 0 0 0 0 0 0 0 0 0 0 0 0 0 0 0 0 0 0 0 0 
0 0 0 0 0 1 0 0 0 0 0 0 0 0 0 0 0 0 0 0 0 0 0 0 0 0 0 0 0 0 
0 0 0 0 0 0 1 0 0 0 0 0 0 0 0 0 0 0 0 0 0 0 0 0 0 0 0 0 0 0 
0 0 0 0 0 0 0 1 0 0 0 0 0 0 0 0 0 0 0 0 0 0 0 0 0 0 0 0 0 0 
0 0 0 0 0 0 0 0 1 0 0 0 0 0 0 0 0 0 0 0 0 0 0 0 0 0 0 0 0 0 
0 0 0 0 0 0 0 0 0 1 0 0 0 0 0 0 0 0 0 0 0 0 0 0 0 0 0 0 0 0 
0 0 0 0 0 0 0 0 0 0 1 0 0 0 0 0 0 0 0 0 0 0 0 0 0 0 0 0 0 0 
0 0 0 0 0 0 0 0 0 0 0 1 0 0 0 0 0 0 0 0 0 0 0 0 0 0 0 0 0 0 
0 0 0 0 0 0 0 0 0 0 0 0 1 0 0 0 0 0 0 0 0 0 0 0 0 0 0 0 0 0 
0 0 0 0 0 0 0 0 0 0 0 0 0 1 0 0 0 0 0 0 0 0 0 0 0 0 0 0 0 0 
0 0 0 0 0 0 0 0 0 0 0 0 0 0 1 0 0 0 0 0 0 0 0 0 0 0 0 0 0 0 
0 0 0 0 0 0 0 0 0 0 0 0 0 0 0 1 0 0 0 0 0 0 0 0 0 0 0 0 0 0 
0 0 0 0 0 0 0 0 0 0 0 0 0 0 0 0 1 0 0 0 0 0 0 0 0 0 0 0 0 0 
0 0 0 0 0 0 0 0 0 0 0 0 0 0 0 0 0 1 0 0 0 0 0 0 0 0 0 0 0 0 
0 0 0 0 0 0 0 0 0 0 0 0 0 0 0 0 0 0 1 0 0 0 0 0 0 0 0 0 0 0 
0 0 0 0 0 0 0 0 0 0 0 0 0 0 0 0 0 0 0 1 0 0 0 0 0 0 0 0 0 0 
0 0 0 0 0 0 0 0 0 0 0 0 0 0 0 0 0 0 0 0 1 0 0 0 0 0 0 0 0 0 
0 0 0 0 0 0 0 0 0 0 0 0 0 0 0 0 0 0 0 0 0 1 0 0 0 0 0 0 0 0 
0 0 0 0 0 0 0 0 0 0 0 0 0 0 0 0 0 0 0 0 0 0 1 0 0 0 0 0 0 0 
0 0 0 0 0 0 0 0 0 0 0 0 0 0 0 0 0 0 0 0 0 0 0 1 0 0 0 0 0 0 
0 0 0 0 0 0 0 0 0 0 0 0 0 0 0 0 0 0 0 0 0 0 0 0 1 0 0 0 0 0 
0 0 0 0 0 0 0 0 0 0 0 0 0 0 0 0 0 0 0 0 0 0 0 0 0 1 0 0 0 0 
0 0 0 0 0 0 0 0 0 0 0 0 0 0 0 0 0 0 0 0 0 0 0 0 0 0 1 0 0 0 
0 0 0 0 0 0 0 0 0 0 0 0 0 0 0 0 0 0 0 0 0 0 0 0 0 0 0 1 0 0 
0 0 0 0 0 0 0 0 0 0 0 0 0 0 0 0 0 0 0 0 0 0 0 0 0 0 0 0 1 0 
0 0 0 0 0 0 0 0 0 0 0 0 0 0 0 0 0 0 0 0 0 0 0 0 0 0 0 0 0 1 

Free parameters:

initialization.B0
uniform: bounds from 5000 to 500000
current value: 448262
lower bound: 5000
upper bound: 500000


Q's:
qs are nuisance parameters

Penalties:
LL1_Penalty :
Catch limit penalty of 1000 x the sum of squares of (log(actual catch) - log(specified catch)) for fishery LL1 to disencourage breaking exploitation rate limits
LL2_Penalty :
Catch limit penalty of 1000 x the sum of squares of (log(actual catch) - log(specified catch)) for fishery LL2 to disencourage breaking exploitation rate limits
meanYCS_1 :
Vector average penalty of 100 x square of (mean(recruitment.YCS) - 1) 
Penalty_Tags2005_R1_LL1 :
'Fish-must-be-tagged' penalty of 1 x square of (actual number of tagged fish - nominal number of tagged fish) for tagging episode Tags2005_R1_LL1
Penalty_Tags2006_R1_LL1 :
'Fish-must-be-tagged' penalty of 1 x square of (actual number of tagged fish - nominal number of tagged fish) for tagging episode Tags2006_R1_LL1
Penalty_Tags2007_R1_LL1 :
'Fish-must-be-tagged' penalty of 1 x square of (actual number of tagged fish - nominal number of tagged fish) for tagging episode Tags2007_R1_LL1
Penalty_Tags2008_R1_LL1 :
'Fish-must-be-tagged' penalty of 1 x square of (actual number of tagged fish - nominal number of tagged fish) for tagging episode Tags2008_R1_LL1
Penalty_Tags2009_R1_LL1 :
'Fish-must-be-tagged' penalty of 1 x square of (actual number of tagged fish - nominal number of tagged fish) for tagging episode Tags2009_R1_LL1

Components of the objective function are:
  LL1_catchA
  Tags2005_R1_R1
  Tags2006_R1_R1
  Tags2007_R1_R1
  Tags2008_R1_R1
  Tags2009_R1_R1
  prior_on_initialization.B0
  LL1_Penalty
  LL2_Penalty
  meanYCS_1
  Penalty_Tags2005_R1_LL1
  Penalty_Tags2006_R1_LL1
  Penalty_Tags2007_R1_LL1
  Penalty_Tags2008_R1_LL1
  Penalty_Tags2009_R1_LL1

Random number seed : 95617


Minimiser achieved convergence after 7 quasi-Newton iterations using 10 objective function evaluations



Approximate Covariance matrix (Inverse Hessian of parameters at point estimate):
1.2714e+007 

Correlation matrix:
1 

List of parameter names, in the same order as the rows & cols of the covariance/correlation matrices:
initialization.B0 



Start extracting output from here

Point estimate:
initialization.B0
current value: 190845
lower bound: 5000
upper bound: 500000


In a format suitable for -i :

initialization.B0 
190845 

Objective function : 920.463

Components :
LL1_catchA                                         400.22
Tags2005_R1_R1                                     170.506
Tags2006_R1_R1                                     130.371
Tags2007_R1_R1                                     109.252
Tags2008_R1_R1                                     75.1089
Tags2009_R1_R1                                     35.0052
prior_on_initialization.B0                         0
LL1_Penalty                                        0
LL2_Penalty                                        0
meanYCS_1                                          0
Penalty_Tags2005_R1_LL1                            8.27181e-025
Penalty_Tags2006_R1_LL1                            0
Penalty_Tags2007_R1_LL1                            8.27181e-025
Penalty_Tags2008_R1_LL1                            8.27181e-025
Penalty_Tags2009_R1_LL1                            8.27181e-025

Fits : 

The observations are:
LL1_catchA
Tags2005_R1_R1
Tags2006_R1_R1
Tags2007_R1_R1
Tags2008_R1_R1
Tags2009_R1_R1
Fits follow:

LL1_catchA :
catch proportions-at-age for fishery LL1  with ageing error (constrained to sum to 1):
obs (last class is a plus group):
class 1       2       3       4       5       6       7       8       9       10      11      12      13      14      15      16      17      18      19      20      21      22      23      24      25      26      27      28      29      30      
2000 0       0       0       0       0       0.01    0.05    0.11    0.16    0.11    0.19    0.1     0.04    0.06    0.03    0.03    0.03    0.01    0.02    0.01    0.01    0       0.02    0       0       0       0       0       0       0.01    
2001 0       0       0       0       0       0.02    0.09    0.1     0.18    0.14    0.12    0.09    0.08    0.06    0.02    0.04    0.01    0.01    0       0.01    0.01    0.01    0.01    0       0       0       0       0       0       0       
2002 0       0       0       0       0       0.01    0.1     0.14    0.23    0.16    0.11    0.08    0.05    0.04    0.05    0.02    0       0.01    0       0       0       0       0       0       0       0       0       0       0       0       
2003 0       0       0       0       0       0       0.09    0.13    0.24    0.16    0.05    0.09    0.08    0.04    0.06    0.01    0.01    0       0       0       0.01    0.01    0       0       0.01    0.01    0       0       0       0       
2004 0       0       0       0       0.02    0       0.1     0.2     0.1     0.13    0.14    0.07    0.06    0.07    0.03    0.03    0.01    0.02    0.01    0       0       0       0       0       0       0       0       0       0       0.01    
2005 0       0       0       0       0       0.03    0.01    0.2     0.21    0.13    0.13    0.1     0.04    0.04    0.03    0.01    0.04    0.02    0.01    0       0       0       0       0       0       0       0       0       0       0       
2006 0       0       0       0.01    0       0.02    0.12    0.13    0.14    0.21    0.1     0.05    0.09    0.03    0.03    0.01    0.02    0       0.03    0       0       0       0       0.01    0       0       0       0       0       0       
2007 0       0       0       0       0.02    0.02    0.08    0.14    0.2     0.14    0.08    0.05    0.1     0.06    0.04    0.02    0.02    0       0.01    0       0.02    0       0       0       0       0       0       0       0       0       
2008 0       0       0       0       0       0.06    0.09    0.12    0.14    0.12    0.21    0.05    0.02    0.05    0.02    0.02    0.04    0       0.01    0.02    0       0       0.02    0       0       0       0       0       0       0.01    
2009 0       0       0       0       0.02    0.02    0.08    0.15    0.15    0.13    0.13    0.12    0.07    0.04    0.02    0       0.02    0.05    0       0       0       0       0       0       0       0       0       0       0       0       
2010 0       0       0       0       0.01    0       0.03    0.12    0.14    0.2     0.15    0.05    0.06    0.05    0.07    0.03    0.02    0.01    0       0.03    0.01    0       0.01    0       0       0.01    0       0       0       0       
fits (last class is a plus group):
class 1       2       3       4       5       6       7       8       9       10      11      12      13      14      15      16      17      18      19      20      21      22      23      24      25      26      27      28      29      30      
2000 4.9039e-007 8.01803e-006 9.26936e-005 0.000757632 0.00437762 0.0178722 0.0514621 0.104031 0.146655 0.143694 0.116656 0.0935195 0.0740881 0.0580448 0.0450142 0.0346201 0.0265116 0.0203264 0.0156314 0.0119683 0.00906151 0.0067793 0.00500792 0.00365008 0.00262318 0.00185773 0.00129585 0.000889981 0.000601657 0.00290216 
2001 4.91844e-007 8.04188e-006 9.29754e-005 0.000760031 0.00439227 0.0179359 0.051657 0.104439 0.147215 0.144317 0.117156 0.0938345 0.0742642 0.0581192 0.0450062 0.0345145 0.0262592 0.0198977 0.0150974 0.0114903 0.00870625 0.00652238 0.00482734 0.00352685 0.00254165 0.0018055 0.0012635 0.000870652 0.000590544 0.00288804 
2002 4.93032e-007 8.06104e-006 9.31979e-005 0.0007619 0.00440362 0.0179853 0.0518092 0.10476 0.147661 0.144709 0.117523 0.0941239 0.0744258 0.0581894 0.0450127 0.0344702 0.0261512 0.0196881 0.0147645 0.0110874 0.00835115 0.00626139 0.00464066 0.00339706 0.00245404 0.00174814 0.00122713 0.000848356 0.000577347 0.00286684 
2003 4.94048e-007 8.07717e-006 9.33813e-005 0.000763406 0.00441261 0.0180242 0.0519288 0.105014 0.148014 0.145019 0.117727 0.0943267 0.0745839 0.0582614 0.0450259 0.0344449 0.0260957 0.0195914 0.0145978 0.0108351 0.0080528 0.00600211 0.00445223 0.0032638 0.00236242 0.00168699 0.00118755 0.000823538 0.000562297 0.00283872 
2004 4.94964e-007 8.09149e-006 9.35413e-005 0.000764689 0.00442006 0.0180557 0.0520245 0.105215 0.148293 0.145264 0.117887 0.0944169 0.0746869 0.0583411 0.0450486 0.0344308 0.0260589 0.0195373 0.0145174 0.0107067 0.00786539 0.00578481 0.00426588 0.00312991 0.00226881 0.00162338 0.00114559 0.000796694 0.000545664 0.00280384 
2005 4.95831e-007 8.10492e-006 9.36891e-005 0.000765851 0.00442663 0.0180826 0.052104 0.105379 0.148516 0.145455 0.118009 0.0944843 0.0747111 0.0583856 0.0450834 0.0344285 0.0260342 0.0194998 0.0144704 0.010643 0.00776898 0.00564802 0.00410998 0.00299792 0.00217508 0.00155861 0.0011021 0.00076835 0.000527751 0.00276242 
2006 4.96692e-007 8.11816e-006 9.38334e-005 0.00076697 0.00443283 0.0181073 0.0521741 0.105519 0.148699 0.145605 0.1181  0.0945311 0.0747246 0.0583743 0.0450953 0.0344387 0.0260208 0.0194731 0.014437 0.0106047 0.00772018 0.00557712 0.0040117 0.00288765 0.00208289 0.00149391 0.00105793 0.000739053 0.000508892 0.00271477 
2007 4.97565e-007 8.13153e-006 9.39782e-005 0.000768083 0.00443891 0.0181309 0.0522394 0.105643 0.148855 0.145725 0.118166 0.0945597 0.0747272 0.0583587 0.0450672 0.0344338 0.0260186 0.0194562 0.0144125 0.0105771 0.00769033 0.00554071 0.00396046 0.00281803 0.0020059 0.00143035 0.00101386 0.000709335 0.000489426 0.00266126 
2008 4.98465e-007 8.14527e-006 9.41266e-005 0.000769216 0.00444504 0.0181544 0.0523029 0.10576 0.148995 0.145825 0.118214 0.0945729 0.0747189 0.0583374 0.0450379 0.0343998 0.026006 0.0194484 0.0143958 0.0105563 0.00766845 0.00551809 0.00393383 0.00278154 0.00195723 0.0013773 0.000970603 0.000679708 0.000469697 0.0026024 
2009 4.99396e-007 8.1595e-006 9.428e-005 0.000770384 0.00445133 0.0181784 0.0523666 0.105875 0.149127 0.145912 0.118248 0.0945737 0.0747005 0.0583091 0.0450053 0.0343657 0.025972 0.0194332 0.0143861 0.0105415 0.00765169 0.00550128 0.00391707 0.0027624 0.00193162 0.00134371 0.000934491 0.000650641 0.000450036 0.00253882 
2010 5.00362e-007 8.17427e-006 9.44391e-005 0.000771593 0.00445781 0.0182029 0.0524314 0.105991 0.149257 0.145993 0.118273 0.094565 0.0746733 0.0582736 0.0449678 0.0343295 0.0259383 0.0194022 0.0143711 0.0105318 0.00763925 0.00548818 0.00390445 0.00275019 0.00191806 0.00132595 0.000911599 0.00062637 0.000430751 0.00247124 
resids (last class is a plus group):
class 1       2       3       4       5       6       7       8       9       10      11      12      13      14      15      16      17      18      19      20      21      22      23      24      25      26      27      28      29      30      
2000 -4.9039e-007 -8.01803e-006 -9.26936e-005 -0.000757632 -0.00437762 -0.00787216 -0.00146209 0.00596868 0.0133453 -0.0336938 0.0733442 0.00648054 -0.0340881 0.00195525 -0.0150142 -0.00462012 0.00348837 -0.0103264 0.0043686 -0.00196826 0.000938494 -0.0067793 0.0149921 -0.00365008 -0.00262318 -0.00185773 -0.00129585 -0.000889981 -0.000601657 0.00709784 
2001 -4.91844e-007 -8.04188e-006 -9.29754e-005 -0.000760031 -0.00439227 0.00206409 0.038343 -0.00443877 0.0327847 -0.00431713 0.00284364 -0.00383452 0.00573583 0.00188076 -0.0250062 0.00548554 -0.0162592 -0.00989767 -0.0150974 -0.00149029 0.00129375 0.00347762 0.00517266 -0.00352685 -0.00254165 -0.0018055 -0.0012635 -0.000870652 -0.000590544 -0.00288804 
2002 -4.93032e-007 -8.06104e-006 -9.31979e-005 -0.0007619 -0.00440362 -0.00798535 0.0481908 0.0352398 0.082339 0.0152909 -0.00752259 -0.0141239 -0.0244258 -0.0181894 0.00498734 -0.0144702 -0.0261512 -0.00968811 -0.0147645 -0.0110874 -0.00835115 -0.00626139 -0.00464066 -0.00339706 -0.00245404 -0.00174814 -0.00122713 -0.000848356 -0.000577347 -0.00286684 
2003 -4.94048e-007 -8.07717e-006 -9.33813e-005 -0.000763406 -0.00441261 -0.0180242 0.0380712 0.0249865 0.0919863 0.0149805 -0.0677272 -0.00432671 0.00541606 -0.0182614 0.0149741 -0.0244449 -0.0160957 -0.0195914 -0.0145978 -0.0108351 0.0019472 0.00399789 -0.00445223 -0.0032638 0.00763758 0.00831301 -0.00118755 -0.000823538 -0.000562297 -0.00283872 
2004 -4.94964e-007 -8.09149e-006 -9.35413e-005 -0.000764689 0.0155799 -0.0180557 0.0479755 0.0947849 -0.0482929 -0.0152635 0.0221132 -0.0244169 -0.0146869 0.0116589 -0.0150486 -0.00443075 -0.0160589 0.000462743 -0.00451737 -0.0107067 -0.00786539 -0.00578481 -0.00426588 -0.00312991 -0.00226881 -0.00162338 -0.00114559 -0.000796694 -0.000545664 0.00719616 
2005 -4.95831e-007 -8.10492e-006 -9.36891e-005 -0.000765851 -0.00442663 0.0119174 -0.042104 0.0946209 0.0614838 -0.0154547 0.0119908 0.00551567 -0.0347111 -0.0183856 -0.0150834 -0.0244285 0.0139658 0.000500187 -0.00447036 -0.010643 -0.00776898 -0.00564802 -0.00410998 -0.00299792 -0.00217508 -0.00155861 -0.0011021 -0.00076835 -0.000527751 -0.00276242 
2006 -4.96692e-007 -8.11816e-006 -9.38334e-005 0.00923303 -0.00443283 0.00189273 0.0678259 0.0244815 -0.00869925 0.0643953 -0.0181001 -0.0445311 0.0152754 -0.0283743 -0.0150953 -0.0244387 -0.00602081 -0.0194731 0.015563 -0.0106047 -0.00772018 -0.00557712 -0.0040117 0.00711235 -0.00208289 -0.00149391 -0.00105793 -0.000739053 -0.000508892 -0.00271477 
2007 -4.97565e-007 -8.13153e-006 -9.39782e-005 -0.000768083 0.0155611 0.00186909 0.0277606 0.034357 0.0511448 -0.00572491 -0.0381663 -0.0445597 0.0252728 0.00164126 -0.00506722 -0.0144338 -0.00601858 -0.0194562 -0.00441255 -0.0105771 0.0123097 -0.00554071 -0.00396046 -0.00281803 -0.0020059 -0.00143035 -0.00101386 -0.000709335 -0.000489426 -0.00266126 
2008 -4.98465e-007 -8.14527e-006 -9.41266e-005 -0.000769216 -0.00444504 0.0418456 0.0376971 0.0142397 -0.00899482 -0.0258246 0.0917862 -0.0445729 -0.0547189 -0.00833739 -0.0250379 -0.0143998 0.013994 -0.0194484 -0.0043958 0.00944366 -0.00766845 -0.00551809 0.0160662 -0.00278154 -0.00195723 -0.0013773 -0.000970603 -0.000679708 -0.000469697 0.0073976 
2009 -4.99396e-007 -8.1595e-006 -9.428e-005 -0.000770384 0.0155487 0.00182165 0.0276334 0.0441247 0.000873156 -0.0159117 0.0117522 0.0254263 -0.00470046 -0.0183091 -0.0250053 -0.0343657 -0.00597199 0.0305668 -0.0143861 -0.0105415 -0.00765169 -0.00550128 -0.00391707 -0.0027624 -0.00193162 -0.00134371 -0.000934491 -0.000650641 -0.000450036 -0.00253882 
2010 -5.00362e-007 -8.17427e-006 -9.44391e-005 -0.000771593 0.00554219 -0.0182029 -0.0224314 0.014009 -0.00925682 0.0540068 0.0317266 -0.044565 -0.0146733 -0.00827358 0.0250322 -0.00432953 -0.00593827 -0.00940224 -0.0143711 0.0194682 0.00236075 -0.00548818 0.00609555 -0.00275019 -0.00191806 0.00867405 -0.000911599 -0.00062637 -0.000430751 -0.00247124 
pearson_resids (last class is a plus group):
class 1       2       3       4       5       6       7       8       9       10      11      12      13      14      15      16      17      18      19      20      21      22      23      24      25      26      27      28      29      30      
2000 -0.00700279 -0.0283162 -0.096282 -0.275356 -0.663089 -0.594185 -0.0661762 0.195501 0.377241 -0.960543 2.2848  0.222577 -1.3015 0.0836191 -0.724152 -0.25272 0.217139 -0.731773 0.35218 -0.181001 0.0990394 -0.82617 2.12385 -0.605264 -0.512843 -0.431415 -0.360212 -0.298458 -0.245361 1.31946 
2001 -0.00701316 -0.0283583 -0.0964282 -0.275791 -0.664202 0.155524 1.73236 -0.145139 0.925284 -0.122851 0.0884199 -0.1315 0.218758 0.080385 -1.20618 0.300501 -1.0168 -0.708755 -1.23809 -0.139835 0.139263 0.432016 0.746296 -0.594923 -0.50479 -0.425295 -0.355682 -0.295197 -0.243083 -0.538182 
2002 -0.00702163 -0.0283921 -0.0965435 -0.27613 -0.665063 -0.600863 2.17427 1.15071 2.32095 0.434639 -0.23359 -0.483694 -0.930639 -0.776988 0.240549 -0.793177 -1.6387 -0.697356 -1.22416 -1.05885 -0.917686 -0.793778 -0.68281 -0.583836 -0.495991 -0.418474 -0.35052 -0.291389 -0.24035 -0.536198 
2003 -0.00702886 -0.0284205 -0.0966385 -0.276404 -0.665745 -1.35481 1.71582 0.815032 2.59033 0.425438 -2.10147 -0.148032 0.206154 -0.779611 0.722126 -1.34041 -1.00964 -1.41361 -1.21713 -1.0466 0.217867 0.51759 -0.66874 -0.572231 1.57322 2.02567 -0.344813 -0.287092 -0.237195 -0.533554 
2004 -0.00703537 -0.0284457 -0.0967213 -0.276636 2.34862 -1.35601 2.16031 3.08916 -1.35887 -0.433173 0.685735 -0.835029 -0.55868 0.497421 -0.725547 -0.243004 -1.00803 0.0334343 -0.377674 -1.04032 -0.890379 -0.762789 -0.654535 -0.560333 -0.476862 -0.40324 -0.338659 -0.28237 -0.233658 1.36092 
2005 -0.00704153 -0.0284693 -0.0967976 -0.276846 -0.666807 0.894359 -1.89456 3.0817  1.72896 -0.438358 0.371672 0.188569 -1.32019 -0.784132 -0.726957 -1.33982 0.877047 0.0361738 -0.374342 -1.03718 -0.884862 -0.753664 -0.642413 -0.548355 -0.466885 -0.395101 -0.332162 -0.277298 -0.229789 -0.526315 
2006 -0.00704764 -0.0284925 -0.0968722 3.3352  -0.667276 0.141948 3.05003 0.796869 -0.244504 1.82573 -0.560849 -1.52209 0.580933 -1.21025 -0.727439 -1.34019 -0.378198 -1.40925 1.3047  -1.0353 -0.882057 -0.748892 -0.634654 1.32547 -0.456863 -0.386801 -0.325431 -0.271956 -0.225644 -0.521743 
2007 -0.00705383 -0.0285159 -0.0969469 -0.27725 2.34082 0.140086 1.24762 1.11774 1.43687 -0.162257 -1.18233 -1.52286 0.961123 0.0700133 -0.24426 -0.791584 -0.378074 -1.40863 -0.37023 -1.03393 1.40913 -0.74643 -0.630572 -0.5316 -0.448323 -0.378471 -0.318573 -0.266428 -0.221284 -0.516562 
2008 -0.0070602 -0.02854 -0.0970234 -0.277454 -0.668198 3.13427 1.69321 0.463035 -0.252604 -0.731719 2.8429  -1.52321 -2.08106 -0.355721 -1.2073 -0.790095 0.879283 -1.40834 -0.369036 0.924034 -0.879074 -0.744896 2.56661 -0.528138 -0.44284 -0.371375 -0.311696 -0.260801 -0.216776 1.45201 
2009 -0.0070668 -0.028565 -0.0971025 -0.277665 2.3357  0.136355 1.24047 1.43412 0.0245122 -0.450735 0.363956 0.868904 -0.178788 -0.781347 -1.20615 -1.8865 -0.375475 2.21432 -1.20814 -1.03217 -0.878105 -0.743755 -0.627094 -0.526313 -0.439927 -0.366813 -0.305837 -0.25516 -0.212188 -0.504508 
2010 -0.00707363 -0.0285908 -0.0971844 -0.277883 0.831937 -1.36163 -1.00636 0.455093 -0.259774 1.52951 0.982455 -1.523  -0.558209 -0.353179 1.20792 -0.237789 -0.373591 -0.681648 -1.2075 1.9071  0.271138 -0.742864 0.977422 -0.525146 -0.438377 2.38367 -0.302065 -0.250352 -0.20759 -0.497731 
objective function: multinomial likelihood, with delta = 1e-011, N =
100 100 100 100 100 100 100 100 100 100 100 100 100 100 100 100 100 100 100 100 100 100 100 100 100 100 100 100 100 100 
100 100 100 100 100 100 100 100 100 100 100 100 100 100 100 100 100 100 100 100 100 100 100 100 100 100 100 100 100 100 
100 100 100 100 100 100 100 100 100 100 100 100 100 100 100 100 100 100 100 100 100 100 100 100 100 100 100 100 100 100 
100 100 100 100 100 100 100 100 100 100 100 100 100 100 100 100 100 100 100 100 100 100 100 100 100 100 100 100 100 100 
100 100 100 100 100 100 100 100 100 100 100 100 100 100 100 100 100 100 100 100 100 100 100 100 100 100 100 100 100 100 
100 100 100 100 100 100 100 100 100 100 100 100 100 100 100 100 100 100 100 100 100 100 100 100 100 100 100 100 100 100 
100 100 100 100 100 100 100 100 100 100 100 100 100 100 100 100 100 100 100 100 100 100 100 100 100 100 100 100 100 100 
100 100 100 100 100 100 100 100 100 100 100 100 100 100 100 100 100 100 100 100 100 100 100 100 100 100 100 100 100 100 
100 100 100 100 100 100 100 100 100 100 100 100 100 100 100 100 100 100 100 100 100 100 100 100 100 100 100 100 100 100 
100 100 100 100 100 100 100 100 100 100 100 100 100 100 100 100 100 100 100 100 100 100 100 100 100 100 100 100 100 100 
100 100 100 100 100 100 100 100 100 100 100 100 100 100 100 100 100 100 100 100 100 100 100 100 100 100 100 100 100 100 

Tags2005_R1_R1 :
tag-recapture data for tag Tags2005_R1 in years 2006 2007 2008 2009 2010 , step 1, after proportion 0.5 of mortality, with sampling method size, detection probability 1.
Year 2006
class scanned recaptured expected_prop neg_log_likelihood
100 0 0 0 0
150 0 0 1.41304e-012 0
200 0 0 8.30827e-012 0
250 2 0 5.80306e-011 1.16061e-010
300 28 0 7.79391e-010 2.1823e-008
350 320 0 9.7933e-009 3.13386e-006
400 2302 0 9.14829e-008 0.000210594
450 11502 0 6.16679e-007 0.00709305
500 39770 1 2.93841e-006 2.26363
550 96806 0 1.00341e-005 0.971369
600 173902 5 2.53919e-005 1.77735
650 243624 10 4.95554e-005 2.26766
700 277690 20 7.7644e-005 2.47886
750 266092 28 0.000101697 2.60408
800 224820 26 0.000116338 2.55159
850 178122 24 0.000121422 2.63696
900 136978 15 0.000119717 2.33989
950 101584 17 0.000113856 3.45397
1000 71958 7 0.000105414 1.92693
1050 49292 9 9.52884e-005 3.57665
1100 33518 4 8.40786e-005 1.85184
1150 23134 2 7.22548e-005 1.33716
1200 16316 1 6.03225e-005 1.0001
1250 11662 1 4.90038e-005 1.13097
1300 8346 0 3.90596e-005 0.325998
1350 5944 0 3.09852e-005 0.184179
1400 4222 0 2.49689e-005 0.10542
1450 2988 0 2.07428e-005 0.0619803
1500 2086 1 1.78559e-005 3.3274
1550 1406 0 1.59146e-005 0.0223762
1600 896 0 1.45736e-005 0.013058
1650 530 0 1.36647e-005 0.00724232
1700 286 0 1.30663e-005 0.00373698
1750 140 0 1.26815e-005 0.00177542
1800 62 0 1.24377e-005 0.000771141
1850 24 0 1.22839e-005 0.000294815
1900 8 0 1.21836e-005 9.74696e-005
1950 2 0 1.21066e-005 2.42134e-005
2000 0 0 1.20211e-005 0

total neg_log_likelihood: 38.2307


Year 2007
class scanned recaptured expected_prop neg_log_likelihood
100 0 0 0 0
150 0 0 4.72819e-015 0
200 0 0 4.74218e-013 0
250 2 0 7.00966e-012 1.40192e-011
300 28 0 1.43696e-010 4.02348e-009
350 344 0 2.00147e-009 6.88504e-007
400 2442 0 1.93201e-008 4.71796e-005
450 11568 0 1.48742e-007 0.00172065
500 39724 0 8.62856e-007 0.0342761
550 99366 0 3.64719e-006 0.362407
600 181960 0 1.13932e-005 2.07313
650 252416 4 2.71168e-005 2.32887
700 280488 13 5.08947e-005 2.26655
750 265182 14 7.79014e-005 3.45586
800 224010 23 0.000100746 2.49436
850 176300 20 0.000114581 2.42191
900 134278 23 0.000119245 3.83199
950 100438 20 0.000117223 4.79224
1000 72920 14 0.000111023 4.00832
1050 50898 9 0.000102194 3.16286
1100 34514 4 9.15972e-005 1.73535
1150 23278 2 7.98221e-005 1.3121
1200 15942 2 6.74781e-005 1.62284
1250 11162 0 5.54005e-005 0.618397
1300 7944 0 4.45025e-005 0.353535
1350 5686 0 3.54431e-005 0.201533
1400 4062 0 2.85588e-005 0.116007
1450 2880 0 2.36437e-005 0.0680948
1500 2006 0 2.02358e-005 0.0405933
1550 1350 0 1.79136e-005 0.0241836
1600 862 0 1.62835e-005 0.0140365
1650 512 0 1.51598e-005 0.00776185
1700 278 0 1.44081e-005 0.00400548
1750 138 0 1.3918e-005 0.0019207
1800 62 0 1.36043e-005 0.000843471
1850 24 0 1.34052e-005 0.000321727
1900 8 0 1.32761e-005 0.000106209
1950 2 0 1.31805e-005 2.63612e-005
2000 0 0 1.30801e-005 0

total neg_log_likelihood: 37.3562


Year 2008
class scanned recaptured expected_prop neg_log_likelihood
100 0 0 0 0
150 0 0 0 0
200 0 0 1.36446e-014 0
250 2 0 6.42782e-013 1.28564e-012
300 28 0 2.45887e-011 6.88483e-010
350 344 0 4.65062e-010 1.59981e-007
400 2602 0 4.61296e-009 1.20029e-005
450 12332 0 3.55375e-008 0.000438248
500 40170 0 2.34139e-007 0.00940536
550 97884 0 1.18272e-006 0.115769
600 182308 0 4.48747e-006 0.818104
650 260086 1 1.29477e-005 2.15335
700 291620 9 2.91429e-005 2.0413
750 271378 20 5.26461e-005 3.43564
800 224512 16 7.85646e-005 2.389
850 174626 21 0.000100078 2.77866
900 131756 16 0.000112931 2.35156
950 97934 11 0.000116995 2.13467
1000 71728 6 0.000114529 2.15845
1050 51120 6 0.000107862 1.84946
1100 35200 7 9.84601e-005 3.29044
1150 23658 4 8.71639e-005 2.34523
1200 15864 3 7.47183e-005 2.46703
1250 10828 0 6.20885e-005 0.672316
1300 7580 1 5.03563e-005 1.34478
1350 5410 0 4.03643e-005 0.218375
1400 3886 1 3.26205e-005 2.19217
1450 2772 0 2.70054e-005 0.0748599
1500 1934 0 2.30602e-005 0.044599
1550 1300 0 2.03434e-005 0.0264466
1600 826 0 1.84139e-005 0.01521
1650 490 0 1.70687e-005 0.00836373
1700 266 0 1.61596e-005 0.00429849
1750 132 0 1.55618e-005 0.00205417
1800 58 0 1.51765e-005 0.000880247
1850 24 0 1.49313e-005 0.000358353
1900 8 0 1.47726e-005 0.000118181
1950 2 0 1.4657e-005 2.93142e-005
2000 0 0 1.45408e-005 0

total neg_log_likelihood: 34.9434


Year 2009
class scanned recaptured expected_prop neg_log_likelihood
100 0 0 0 0
150 0 0 0 0
200 0 0 4.61872e-017 0
250 2 0 3.93523e-014 7.86038e-014
300 28 0 3.31674e-012 9.28702e-011
350 338 0 1.05097e-010 3.55227e-008
400 2596 0 1.3261e-009 3.44255e-006
450 13080 0 9.18032e-009 0.000120079
500 43468 0 6.2625e-008 0.00272218
550 101422 0 3.57252e-007 0.0362332
600 180382 0 1.59834e-006 0.288312
650 255904 1 5.51096e-006 1.06649
700 293398 2 1.47865e-005 2.0965
750 278302 9 3.15283e-005 2.02967
800 229716 12 5.47487e-005 2.18174
850 175798 16 7.95046e-005 2.45025
900 130724 9 9.96007e-005 2.72354
950 96182 7 0.000111318 2.63582
1000 70174 12 0.000114616 3.01258
1050 50456 7 0.000111534 2.05894
1100 35360 6 0.000104183 2.4393
1150 24054 3 9.39409e-005 1.60573
1200 16060 2 8.1811e-005 1.46101
1250 10754 0 6.89218e-005 0.741211
1300 7362 1 5.65395e-005 1.29268
1350 5182 0 4.57112e-005 0.236881
1400 3714 0 3.71438e-005 0.137955
1450 2662 0 3.0832e-005 0.082076
1500 1866 0 2.63399e-005 0.0491508
1550 1256 0 2.32157e-005 0.0291592
1600 798 0 2.09758e-005 0.0167389
1650 470 0 1.94009e-005 0.00911853
1700 254 0 1.8329e-005 0.00465562
1750 126 0 1.76201e-005 0.00222015
1800 56 0 1.71614e-005 0.000961048
1850 22 0 1.68688e-005 0.000371117
1900 8 0 1.66798e-005 0.000133439
1950 2 0 1.65434e-005 3.30871e-005
2000 0 0 1.64088e-005 0

total neg_log_likelihood: 28.6923


Year 2010
class scanned recaptured expected_prop neg_log_likelihood
100 0 0 0 0
150 0 0 0 0
200 0 0 0 0
250 2 0 1.17322e-015 2.44249e-015
300 30 0 3.19596e-013 9.589e-012
350 342 0 1.97398e-011 6.751e-009
400 2546 0 4.28129e-010 1.09002e-006
450 12914 0 2.73168e-009 3.52769e-005
500 45438 0 1.7712e-008 0.000804796
550 110634 0 1.05914e-007 0.0117176
600 193100 0 5.33783e-007 0.103074
650 259840 2 2.14517e-006 2.41949
700 288924 2 6.77502e-006 1.30731
750 275666 6 1.69501e-005 2.00156
800 231594 9 3.42332e-005 2.09618
850 178066 12 5.709e-005 2.32464
900 131090 5 8.06251e-005 3.56704
950 95240 14 9.92147e-005 3.19743
1000 68874 5 0.000109659 2.23066
1050 49434 4 0.000111999 1.8691
1100 34952 6 0.000108043 2.38306
1150 24134 2 9.96952e-005 1.34319
1200 16262 3 8.84452e-005 2.13966
1250 10830 3 7.56942e-005 3.20781
1300 7284 0 6.29273e-005 0.458377
1350 5028 0 5.14181e-005 0.258537
1400 3564 0 4.21003e-005 0.150049
1450 2550 0 3.51168e-005 0.0895495
1500 1794 0 3.00792e-005 0.053963
1550 1212 0 2.65401e-005 0.032167
1600 770 0 2.398e-005 0.0184648
1650 454 0 2.21666e-005 0.0100637
1700 246 0 2.09253e-005 0.00514767
1750 120 0 2.01008e-005 0.00241212
1800 54 0 1.95658e-005 0.00105657
1850 22 0 1.92241e-005 0.000422934
1900 8 0 1.90038e-005 0.000152032
1950 2 0 1.8846e-005 3.76924e-005
2000 0 0 1.86917e-005 0

total neg_log_likelihood: 31.2832


Tags2006_R1_R1 :
tag-recapture data for tag Tags2006_R1 in years 2007 2008 2009 2010 , step 1, after proportion 0.5 of mortality, with sampling method size, detection probability 1.
Year 2007
class scanned recaptured expected_prop neg_log_likelihood
100 0 0 0 0
150 0 0 2.73645e-012 0
200 0 0 1.23654e-011 0
250 2 0 7.14272e-011 1.42854e-010
300 28 0 9.26294e-010 2.59362e-008
350 344 0 1.15631e-008 3.97771e-006
400 2442 0 1.03818e-007 0.000253522
450 11568 0 6.68992e-007 0.0077389
500 39724 0 3.08562e-006 0.122573
550 99366 0 1.03351e-005 1.02696
600 181960 3 2.58992e-005 1.85365
650 252416 13 5.03691e-005 2.21099
700 280488 18 7.89483e-005 2.78325
750 265182 23 0.000103632 2.87734
800 224010 26 0.000118766 2.55806
850 176300 25 0.000123845 2.75087
900 134278 13 0.000121425 2.56796
950 100438 18 0.000114174 3.9518
1000 72920 8 0.000103913 1.98059
1050 50898 4 9.19021e-005 1.68448
1100 34514 3 7.91153e-005 1.50875
1150 23278 1 6.63295e-005 1.10962
1200 15942 1 5.41832e-005 1.01019
1250 11162 0 4.33149e-005 0.483492
1300 7944 0 3.42343e-005 0.271962
1350 5686 0 2.71536e-005 0.154397
1400 4062 1 2.20398e-005 2.50274
1450 2880 0 1.85304e-005 0.0533681
1500 2006 0 1.61738e-005 0.032445
1550 1350 0 1.46079e-005 0.0197208
1600 862 0 1.35332e-005 0.0116657
1650 512 0 1.28065e-005 0.00655695
1700 278 0 1.23279e-005 0.00342718
1750 138 0 1.20197e-005 0.00165872
1800 62 0 1.18239e-005 0.000733087
1850 24 0 1.17001e-005 0.000280805
1900 8 0 1.16194e-005 9.29559e-005
1950 2 0 1.15585e-005 2.31171e-005
2000 0 0 1.14928e-005 0

total neg_log_likelihood: 33.5477


Year 2008
class scanned recaptured expected_prop neg_log_likelihood
100 0 0 0 0
150 0 0 9.46056e-015 0
200 0 0 8.17844e-013 0
250 2 0 9.01517e-012 1.80302e-011
300 28 0 1.65023e-010 4.62065e-009
350 344 0 2.28576e-009 7.86303e-007
400 2602 0 2.19948e-008 5.72304e-005
450 12332 0 1.64358e-007 0.00202686
500 40170 0 9.21949e-007 0.0370347
550 97884 0 3.80218e-006 0.372173
600 182308 1 1.17017e-005 1.37564
650 260086 5 2.76418e-005 2.11381
700 291620 12 5.17475e-005 2.50895
750 271378 16 7.92488e-005 3.08467
800 224512 17 0.000102676 3.21531
850 174626 24 0.000116903 2.80935
900 131756 14 0.000121445 2.37507
950 97934 9 0.000118611 2.34638
1000 71728 4 0.00011098 2.8406
1050 51120 4 0.000100367 1.76777
1100 35200 6 8.80041e-005 2.89299
1150 23658 1 7.4859e-005 1.19945
1200 15864 1 6.18023e-005 1.00016
1250 10828 1 4.97251e-005 1.1575
1300 7580 0 3.93784e-005 0.298494
1350 5410 0 3.11533e-005 0.168542
1400 3886 0 2.51256e-005 0.0976392
1450 2772 0 2.09439e-005 0.058057
1500 1934 0 1.81093e-005 0.0350238
1550 1300 0 1.6211e-005 0.0210744
1600 826 0 1.48948e-005 0.0123032
1650 490 0 1.39942e-005 0.00685721
1700 266 0 1.33941e-005 0.00356285
1750 132 0 1.30033e-005 0.00171645
1800 58 0 1.27531e-005 0.000739682
1850 24 0 1.25939e-005 0.000302255
1900 8 0 1.24903e-005 9.99227e-005
1950 2 0 1.24137e-005 2.48275e-005
2000 0 0 1.23355e-005 0

total neg_log_likelihood: 31.8034


Year 2009
class scanned recaptured expected_prop neg_log_likelihood
100 0 0 0 0
150 0 0 0 0
200 0 0 2.64067e-014 0
250 2 0 9.34031e-013 1.86806e-012
300 28 0 2.87148e-011 8.04015e-010
350 338 0 5.14773e-010 1.73993e-007
400 2596 0 5.13904e-009 1.33409e-005
450 13080 0 3.94648e-008 0.000516199
500 43468 0 2.537e-007 0.0110278
550 101422 0 1.24914e-006 0.12669
600 180382 2 4.65118e-006 1.88325
650 255904 2 1.32678e-005 1.64366
700 293398 6 2.96937e-005 2.30307
750 278302 18 5.35456e-005 2.67054
800 229716 23 7.9956e-005 3.03085
850 175798 18 0.000101993 2.36884
900 130724 23 0.00011513 4.295
950 96182 7 0.000118947 2.90564
1000 70174 7 0.000115576 1.98349
1050 50456 3 0.000107448 2.14212
1100 35360 4 9.63205e-005 1.68187
1150 24054 2 8.34215e-005 1.30682
1200 16060 1 6.98464e-005 1.00683
1250 10754 1 5.67518e-005 1.10406
1300 7362 1 4.51795e-005 1.43335
1350 5182 0 3.57647e-005 0.185336
1400 3714 0 2.87474e-005 0.10677
1450 2662 0 2.38221e-005 0.0634153
1500 1866 0 2.04545e-005 0.0381684
1550 1256 0 1.81854e-005 0.0228411
1600 798 0 1.66025e-005 0.0132489
1650 470 0 1.55128e-005 0.00729109
1700 254 0 1.47824e-005 0.00375475
1750 126 0 1.43042e-005 0.00180235
1800 56 0 1.39967e-005 0.00078382
1850 22 0 1.38006e-005 0.000303614
1900 8 0 1.36729e-005 0.000109384
1950 2 0 1.35791e-005 2.71584e-005
2000 0 0 1.34856e-005 0

total neg_log_likelihood: 32.3415


Year 2010
class scanned recaptured expected_prop neg_log_likelihood
100 0 0 0 0
150 0 0 0 0
200 0 0 9.23922e-017 0
250 2 0 6.75035e-014 1.35003e-013
300 30 0 4.163e-012 1.2489e-010
350 342 0 1.16128e-010 3.97157e-008
400 2546 0 1.43376e-009 3.65035e-006
450 12914 0 1.00833e-008 0.000130216
500 45438 0 6.82035e-008 0.00309903
550 110634 0 3.81339e-007 0.0421891
600 193100 0 1.67273e-006 0.323005
650 259840 1 5.68554e-006 1.08709
700 288924 3 1.51244e-005 1.73741
750 275666 4 3.21139e-005 3.30791
800 231594 8 5.57006e-005 3.04679
850 178066 15 8.09356e-005 2.29032
900 131090 16 0.000101486 2.56683
950 95240 15 0.000113369 3.00715
1000 68874 15 0.000116296 4.69936
1050 49434 4 0.00011222 1.87215
1100 34952 3 0.000103399 1.55128
1150 24134 2 9.15298e-005 1.31703
1200 16262 0 7.79986e-005 1.26846
1250 10830 2 6.42316e-005 2.11464
1300 7284 0 5.15872e-005 0.375771
1350 5028 1 4.10023e-005 1.78523
1400 3564 0 3.29478e-005 0.117428
1450 2550 0 2.72132e-005 0.0693947
1500 1794 0 2.32529e-005 0.0417162
1550 1212 0 2.05671e-005 0.0249276
1600 770 0 1.86841e-005 0.0143869
1650 454 0 1.73826e-005 0.00789179
1700 246 0 1.65075e-005 0.00406087
1750 120 0 1.59331e-005 0.00191199
1800 54 0 1.55629e-005 0.000840406
1850 22 0 1.53266e-005 0.000337187
1900 8 0 1.51727e-005 0.000121382
1950 2 0 1.50599e-005 3.012e-005
2000 0 0 1.4948e-005 0

total neg_log_likelihood: 32.6789


Tags2007_R1_R1 :
tag-recapture data for tag Tags2007_R1 in years 2008 2009 2010 , step 1, after proportion 0.5 of mortality, with sampling method size, detection probability 1.
Year 2008
class scanned recaptured expected_prop neg_log_likelihood
100 0 0 0 0
150 0 0 1.51423e-012 0
200 0 0 9.9128e-012 0
250 2 0 6.43998e-011 1.288e-010
300 28 0 8.48148e-010 2.37481e-008
350 344 0 1.07149e-008 3.68594e-006
400 2602 0 9.91312e-008 0.000257939
450 12332 0 6.55166e-007 0.00807951
500 40170 0 3.06638e-006 0.123177
550 97884 0 1.0342e-005 1.01232
600 182308 9 2.59704e-005 3.54237
650 260086 6 5.0453e-005 4.25566
700 291620 13 7.88314e-005 4.78602
750 271378 25 0.000103047 2.69471
800 224512 16 0.000117657 4.70429
850 174626 20 0.00012254 2.46766
900 131756 14 0.000120568 2.36099
950 97934 7 0.000114461 2.81742
1000 71728 6 0.000105809 2.00812
1050 51120 4 9.54709e-005 1.71753
1100 35200 5 8.40177e-005 2.32331
1150 23658 2 7.19369e-005 1.33152
1200 15864 0 5.97761e-005 0.948317
1250 10828 1 4.82919e-005 1.17122
1300 7580 0 3.82609e-005 0.290023
1350 5410 0 3.01826e-005 0.16329
1400 3886 0 2.42302e-005 0.0941597
1450 2772 0 2.01068e-005 0.0557365
1500 1934 0 1.73334e-005 0.033523
1550 1300 0 1.5497e-005 0.0201462
1600 826 0 1.4246e-005 0.0117673
1650 490 0 1.3407e-005 0.0065695
1700 266 0 1.28588e-005 0.00342045
1750 132 0 1.25077e-005 0.00165102
1800 58 0 1.22856e-005 0.00071257
1850 24 0 1.21452e-005 0.000291487
1900 8 0 1.2053e-005 9.64245e-005
1950 2 0 1.19821e-005 2.39644e-005
2000 0 0 1.19057e-005 0

total neg_log_likelihood: 38.9544


Year 2009
class scanned recaptured expected_prop neg_log_likelihood
100 0 0 0 0
150 0 0 4.78263e-015 0
200 0 0 5.63976e-013 0
250 2 0 8.02144e-012 1.60429e-011
300 28 0 1.55256e-010 4.34716e-009
350 338 0 2.15217e-009 7.27433e-007
400 2596 0 2.08608e-008 5.41546e-005
450 13080 0 1.59133e-007 0.00208146
500 43468 0 9.08539e-007 0.0394924
550 101422 0 3.78654e-006 0.384039
600 180382 2 1.17114e-005 1.3099
650 255904 5 2.76976e-005 2.08345
700 293398 12 5.17815e-005 2.53011
750 278302 14 7.906e-005 3.91764
800 229716 21 0.000102048 2.57701
850 175798 16 0.000115842 2.81574
900 130724 12 0.000120312 2.64984
950 96182 10 0.000118035 2.16253
1000 70174 10 0.000111596 2.35444
1050 50456 7 0.000102557 2.19338
1100 35360 5 9.17536e-005 2.14721
1150 24054 3 7.97575e-005 1.7556
1200 16060 1 6.71887e-005 1.00294
1250 10754 1 5.4909e-005 1.11725
1300 7362 0 4.3858e-005 0.322889
1350 5182 2 3.47163e-005 4.30389
1400 3714 0 2.78223e-005 0.103333
1450 2662 0 2.29531e-005 0.0611018
1500 1866 0 1.96214e-005 0.0366139
1550 1256 0 1.73835e-005 0.0218339
1600 798 0 1.58356e-005 0.0126369
1650 470 0 1.4782e-005 0.00694759
1700 254 0 1.40839e-005 0.00357735
1750 126 0 1.36318e-005 0.00171761
1800 56 0 1.33433e-005 0.000747227
1850 22 0 1.31601e-005 0.000289523
1900 8 0 1.30402e-005 0.000104322
1950 2 0 1.29499e-005 2.59e-005
2000 0 0 1.2856e-005 0

total neg_log_likelihood: 35.9184


Year 2010
class scanned recaptured expected_prop neg_log_likelihood
100 0 0 0 0
150 0 0 0 0
200 0 0 1.46241e-014 0
250 2 0 7.69367e-013 1.53877e-012
300 30 0 2.69723e-011 8.09166e-010
350 342 0 4.9445e-010 1.69102e-007
400 2546 0 4.91535e-009 1.25145e-005
450 12914 0 3.79832e-008 0.000490516
500 45438 0 2.47937e-007 0.0112658
550 110634 0 1.2363e-006 0.136777
600 193100 0 4.63856e-006 0.895709
650 259840 6 1.32775e-005 2.59899
700 288924 8 2.97302e-005 1.98978
750 275666 6 5.35277e-005 5.18535
800 231594 18 7.96985e-005 2.37444
850 178066 15 0.000101334 2.55107
900 131090 15 0.000114135 2.27851
950 95240 15 0.000118008 2.8474
1000 68874 14 0.000115299 4.12378
1050 49434 9 0.000108403 3.05202
1100 34952 5 9.88009e-005 2.04411
1150 24134 1 8.73163e-005 1.36189
1200 16262 1 7.46751e-005 1.02011
1250 10830 1 6.18421e-005 1.07056
1300 7284 0 4.99174e-005 0.363607
1350 5028 0 3.97756e-005 0.199996
1400 3564 0 3.19453e-005 0.113855
1450 2550 0 2.63071e-005 0.0670839
1500 1794 0 2.23856e-005 0.0401602
1550 1212 0 1.97167e-005 0.0238969
1600 770 0 1.78475e-005 0.0137427
1650 454 0 1.6561e-005 0.00751875
1700 246 0 1.57008e-005 0.00386242
1750 120 0 1.51395e-005 0.00181676
1800 54 0 1.47796e-005 0.000798104
1850 22 0 1.45506e-005 0.000320115
1900 8 0 1.44012e-005 0.00011521
1950 2 0 1.429e-005 2.85802e-005
2000 0 0 1.41762e-005 0

total neg_log_likelihood: 34.3791


Tags2008_R1_R1 :
tag-recapture data for tag Tags2008_R1 in years 2009 2010 , step 1, after proportion 0.5 of mortality, with sampling method size, detection probability 1.
Year 2009
class scanned recaptured expected_prop neg_log_likelihood
100 0 0 0 0
150 0 0 1.55008e-012 0
200 0 0 1.07052e-011 0
250 2 0 6.87005e-011 1.37401e-010
300 28 0 9.02037e-010 2.5257e-008
350 338 0 1.14264e-008 3.86214e-006
400 2596 0 1.05575e-007 0.000274072
450 13080 0 6.9492e-007 0.00908956
500 43468 0 3.24064e-006 0.140864
550 101422 1 1.09106e-005 1.0053
600 180382 4 2.73725e-005 1.72811
650 255904 12 5.30767e-005 2.26431
700 293398 25 8.25491e-005 2.5441
750 278302 32 0.000106943 2.73644
800 229716 29 0.000120355 2.63796
850 175798 24 0.000122891 2.63959
900 130724 15 0.000118097 2.28474
950 96182 17 0.000109382 4.01912
1000 70174 4 9.87899e-005 2.3657
1050 50456 6 8.73705e-005 2.08656
1100 35360 3 7.56863e-005 1.51472
1150 24054 0 6.40973e-005 1.54184
1200 16060 0 5.29331e-005 0.850129
1250 10754 0 4.26786e-005 0.458975
1300 7362 1 3.38505e-005 1.63865
1350 5182 1 2.67785e-005 2.1137
1400 3714 1 2.15699e-005 2.60444
1450 2662 0 1.79557e-005 0.0477985
1500 1866 0 1.55199e-005 0.0289604
1550 1256 0 1.39046e-005 0.0174643
1600 798 0 1.28029e-005 0.0102167
1650 470 0 1.20635e-005 0.00566987
1700 254 0 1.15801e-005 0.00294135
1750 126 0 1.12705e-005 0.00142009
1800 56 0 1.10746e-005 0.000620182
1850 22 0 1.09509e-005 0.00024092
1900 8 0 1.08696e-005 8.6957e-005
1950 2 0 1.0807e-005 2.16141e-005
2000 0 0 1.07395e-005 0

total neg_log_likelihood: 37.3001


Year 2010
class scanned recaptured expected_prop neg_log_likelihood
100 0 0 0 0
150 0 0 4.8044e-015 0
200 0 0 5.99482e-013 0
250 2 0 8.64091e-012 1.72817e-011
300 30 0 1.64759e-010 4.94276e-009
350 342 0 2.28781e-009 7.8243e-007
400 2546 0 2.21885e-008 5.64919e-005
450 12914 0 1.69015e-007 0.00218266
500 45438 0 9.61772e-007 0.043701
550 110634 1 3.99802e-006 1.25804
600 193100 0 1.23482e-005 2.38445
650 259840 3 2.91671e-005 3.29452
700 288924 17 5.43906e-005 2.3916
750 275666 27 8.25994e-005 2.94056
800 231594 20 0.000105594 2.85391
850 178066 8 0.0001181 7.26722
900 131090 18 0.000120242 2.52049
950 95240 11 0.000115243 2.12543
1000 68874 5 0.000106348 2.1559
1050 49434 5 9.55449e-005 1.74821
1100 34952 2 8.38449e-005 1.4733
1150 24134 2 7.18072e-005 1.3264
1200 16262 3 5.9888e-005 2.84504
1250 10830 0 4.86807e-005 0.527225
1300 7284 0 3.88244e-005 0.282802
1350 5028 0 3.07664e-005 0.154696
1400 3564 0 2.47185e-005 0.0880977
1450 2550 0 2.04508e-005 0.05215
1500 1794 0 1.75288e-005 0.0314469
1550 1212 0 1.55639e-005 0.0188636
1600 770 0 1.4203e-005 0.0109364
1650 454 0 1.32757e-005 0.00602721
1700 246 0 1.26609e-005 0.00311461
1750 120 0 1.22626e-005 0.00147152
1800 54 0 1.20084e-005 0.000648455
1850 22 0 1.1847e-005 0.000260635
1900 8 0 1.17415e-005 9.39326e-005
1950 2 0 1.16621e-005 2.33244e-005
2000 0 0 1.15792e-005 0

total neg_log_likelihood: 37.8089


Tags2009_R1_R1 :
tag-recapture data for tag Tags2009_R1 in years 2010 , step 1, after proportion 0.5 of mortality, with sampling method size, detection probability 1.
Year 2010
class scanned recaptured expected_prop neg_log_likelihood
100 0 0 0 0
150 0 0 1.55503e-012 0
200 0 0 1.08416e-011 0
250 2 0 6.97849e-011 1.3957e-010
300 30 0 9.06343e-010 2.71903e-008
350 342 0 1.14945e-008 3.93111e-006
400 2546 0 1.06344e-007 0.000270751
450 12914 0 6.97572e-007 0.00900845
500 45438 0 3.23065e-006 0.146795
550 110634 1 1.0795e-005 1.01673
600 193100 1 2.69236e-005 3.55053
650 259840 19 5.20516e-005 3.37861
700 288924 23 8.10018e-005 2.49377
750 275666 25 0.000105417 2.82949
800 231594 27 0.000119675 2.57921
850 178066 24 0.00012374 2.5966
900 131090 17 0.000120743 2.38273
950 95240 11 0.000113665 2.1268
1000 68874 8 0.00010425 2.01414
1050 49434 8 9.33908e-005 2.98391
1100 34952 1 8.16111e-005 1.80432
1150 24134 0 6.93203e-005 1.67303
1200 16262 1 5.69856e-005 1.00279
1250 10830 0 4.53092e-005 0.490709
1300 7284 1 3.50588e-005 1.62039
1350 5028 0 2.67679e-005 0.134591
1400 3564 0 2.06515e-005 0.0736026
1450 2550 0 1.64297e-005 0.0418961
1500 1794 0 1.36151e-005 0.0244257
1550 1212 0 1.17751e-005 0.0142715
1600 770 0 1.05432e-005 0.00811832
1650 454 0 9.73214e-006 0.00441841
1700 246 0 9.21079e-006 0.00226586
1750 120 0 8.88136e-006 0.00106577
1800 54 0 8.67485e-006 0.000468444
1850 22 0 8.54454e-006 0.000187981
1900 8 0 8.45778e-006 6.76625e-005
1950 2 0 8.38859e-006 1.67772e-005
2000 0 0 8.3119e-006 0

total neg_log_likelihood: 35.0052


Output quantities start here

* Scalar parameter values
initialization.B0 190845

* Nuisance q's

* B0
190845

* R0
1.38471e+007

* SSBs
SSB 190845 189443 186063 182348 178334 174090 169706 165278 160901 156655 152603 148779 145194 141848 138733 135839 133157 130674 128379 126258 124302 
year 1990 1991 1992 1993 1994 1995 1996 1997 1998 1999 2000 2001 2002 2003 2004 2005 2006 2007 2008 2009 2010 

* recruitments
recruitment 1.38471e+007 1.38471e+007 1.38361e+007 1.3809e+007 1.37783e+007 1.37437e+007 1.37057e+007 1.36647e+007 1.36213e+007 1.35763e+007 1.35307e+007 1.3485e+007 1.34399e+007 1.33958e+007 1.33529e+007 1.33113e+007 1.32713e+007 1.32328e+007 1.3196e+007 1.31609e+007 1.31276e+007 
year 1990 1991 1992 1993 1994 1995 1996 1997 1998 1999 2000 2001 2002 2003 2004 2005 2006 2007 2008 2009 2010 

* YCS
YCS 1 1 1 1 1 1 1 1 1 1 1 1 1 1 1 1 1 1 1 1 1 
year 1989 1990 1991 1992 1993 1994 1995 1996 1997 1998 1999 2000 2001 2002 2003 2004 2005 2006 2007 2008 2009 

* true_YCS
true_YCS 1 1 0.999207 0.997254 0.995032 0.992539 0.989793 0.986829 0.983696 0.98045 0.97715 0.973852 0.970597 0.96741 0.964311 0.961311 0.958418 0.955641 0.952984 0.95045 0.948039 
year 1989 1990 1991 1992 1993 1994 1995 1996 1997 1998 1999 2000 2001 2002 2003 2004 2005 2006 2007 2008 2009 

* fishing_pressures
LL1 0 0.0388131 0.0399477 0.0410858 0.0421966 0.0432576 0.0442525 0.0451702 0.0460044 0.0467544 0.0474241 0.0480208 0.0485528 0.0490289 0.0494579 0.0498485 0.050209 0.0505457 0.0508641 0.0511687 0.0514629 
LL2 0 0.0388131 0.0399477 0.0410858 0.0421966 0.0432576 0.0442525 0.0451702 0.0460044 0.0467544 0.0474241 0.0480208 0.0485528 0.0490289 0.0494579 0.0498485 0.050209 0.0505457 0.0508641 0.0511687 0.0514629 
year 1990 1991 1992 1993 1994 1995 1996 1997 1998 1999 2000 2001 2002 2003 2004 2005 2006 2007 2008 2009 2010 

* Numbers_at_age_R1
1990  1.28529e+007 1.10075e+007 9.42695e+006 8.07338e+006 6.91417e+006 5.9214e+006 5.07118e+006 4.34303e+006 3.71944e+006 3.18538e+006 2.72801e+006 2.33631e+006 2.00085e+006 1.71356e+006 1.46752e+006 1.25681e+006 1.07635e+006 921800 789443 676091 579015 495877 424677 363700 311478 266754 228452 195650 167558 999402 
1991  1.28529e+007 1.10075e+007 9.42692e+006 8.0731e+006 6.91254e+006 5.91477e+006 5.05209e+006 4.30415e+006 3.66344e+006 3.12835e+006 2.6795e+006 2.29562e+006 1.96719e+006 1.6861e+006 1.44542e+006 1.23927e+006 1.06262e+006 911208 781381 670038 574533 492605 422320 362026 310305 265944 227901 195279 167312 998284 
1992  1.28428e+007 1.10075e+007 9.42691e+006 8.07303e+006 6.91197e+006 5.91156e+006 5.03928e+006 4.2679e+006 3.59074e+006 3.02463e+006 2.57414e+006 2.20599e+006 1.89198e+006 1.62384e+006 1.39459e+006 1.19833e+006 1.0301e+006 885725 761689 655032 563255 484246 416211 357622 307176 263751 226385 194246 166618 995722 
1993  1.28176e+007 1.09987e+007 9.42691e+006 8.07301e+006 6.91185e+006 5.91083e+006 5.03579e+006 4.2554e+006 3.55778e+006 2.96142e+006 2.48586e+006 2.11679e+006 1.81606e+006 1.56006e+006 1.34172e+006 1.15508e+006 995194 857933 739862 638125 550341 474519 408987 352333 303358 261034 224478 192927 165718 992867 
1994  1.27891e+007 1.09772e+007 9.41944e+006 8.073e+006 6.91179e+006 5.91049e+006 5.03443e+006 4.2508e+006 3.54468e+006 2.93112e+006 2.43107e+006 2.04184e+006 1.74066e+006 1.49585e+006 1.28771e+006 1.11024e+006 958442 828208 716142 619455 535847 463425 400615 346106 298791 257733 222127 191276 164575 989589 
1995  1.27571e+007 1.09528e+007 9.40102e+006 8.0666e+006 6.91172e+006 5.91021e+006 5.03343e+006 4.24806e+006 3.53828e+006 2.91733e+006 2.40347e+006 1.9946e+006 1.67721e+006 1.43225e+006 1.23349e+006 1.06457e+006 920457 797014 690859 599235 519898 451019 391101 338914 293433 253800 219281 189247 163150 985745 
1996  1.27218e+007 1.09253e+007 9.38007e+006 8.05081e+006 6.90619e+006 5.90994e+006 5.03252e+006 4.24572e+006 3.53357e+006 2.90922e+006 2.38959e+006 1.96987e+006 1.63672e+006 1.37868e+006 1.17995e+006 1.01886e+006 881891 764873 664408 577750 502679 437409 380495 330766 287266 249199 215900 186799 161403 981179 
1997  1.26837e+007 1.08951e+007 9.35657e+006 8.03287e+006 6.89263e+006 5.90501e+006 5.03167e+006 4.24356e+006 3.52936e+006 2.90271e+006 2.38056e+006 1.95656e+006 1.61487e+006 1.34416e+006 1.13482e+006 973842 843395 732331 637230 555334 484432 422754 368889 321706 280295 243915 211955 183897 159301 975729 
1998  1.26434e+007 1.08625e+007 9.33069e+006 8.01274e+006 6.87723e+006 5.89324e+006 5.02691e+006 4.24157e+006 3.52551e+006 2.89684e+006 2.37306e+006 1.9474e+006 1.60254e+006 1.32509e+006 1.10552e+006 935902 805580 699930 609782 532359 465440 407261 356421 311814 272560 237956 207432 180517 156813 969224 
1999  1.26017e+007 1.0828e+007 9.30275e+006 7.99056e+006 6.85996e+006 5.87991e+006 5.01638e+006 4.23641e+006 3.52199e+006 2.89149e+006 2.36629e+006 1.93966e+006 1.59377e+006 1.31397e+006 1.08905e+006 911124 773716 668173 582511 509203 446013 391166 343264 301206 264129 231354 202340 176648 153919 961497 
2000  1.25593e+007 1.07923e+007 9.27321e+006 7.96663e+006 6.84094e+006 5.86499e+006 5.00458e+006 4.22651e+006 3.51604e+006 2.88666e+006 2.36016e+006 1.93271e+006 1.5863e+006 1.30588e+006 1.07922e+006 897010 752813 641421 555832 486238 426466 374728 329616 290026 255099 224166 196703 172296 150610 952385 
2001  1.25169e+007 1.07559e+007 9.2426e+006 7.94133e+006 6.82042e+006 5.84861e+006 4.99149e+006 4.21566e+006 3.50634e+006 2.88005e+006 2.35465e+006 1.92643e+006 1.5796e+006 1.29897e+006 1.07195e+006 888425 740784 623812 533363 463804 407107 358212 315694 278443 245593 216476 190573 167484 146890 941741 
2002  1.2475e+007 1.07196e+007 9.2115e+006 7.91512e+006 6.79873e+006 5.83095e+006 4.97718e+006 4.20382e+006 3.49602e+006 2.87056e+006 2.34785e+006 1.92081e+006 1.57358e+006 1.29277e+006 1.06572e+006 882018 733370 613599 518536 444916 388218 341871 301720 266639 235753 208386 184019 162253 142780 929445 
2003  1.24341e+007 1.06838e+007 9.18041e+006 7.88848e+006 6.77627e+006 5.81231e+006 4.96183e+006 4.19104e+006 3.48503e+006 2.86073e+006 2.33888e+006 1.91426e+006 1.56818e+006 1.28721e+006 1.06015e+006 876516 727794 607240 509883 432425 372317 325940 287905 254798 225731 200017 177128 156663 138314 915408 
2004  1.23942e+007 1.06487e+007 9.14972e+006 7.86185e+006 6.75344e+006 5.79301e+006 4.94568e+006 4.17748e+006 3.47339e+006 2.85051e+006 2.32976e+006 1.90605e+006 1.56212e+006 1.28224e+006 1.05515e+006 871598 722998 602429 504455 425102 361785 312531 274446 243100 215684 191497 170003 150788 133543 899586 
2005  1.23557e+007 1.06146e+007 9.11968e+006 7.83556e+006 6.73062e+006 5.77341e+006 4.929e+006 4.16328e+006 3.46118e+006 2.83986e+006 2.32041e+006 1.89779e+006 1.55476e+006 1.27677e+006 1.05067e+006 867180 718706 598282 500326 420479 355587 303638 263117 231707 205760 182959 162751 144715 128530 881982 
2006  1.23185e+007 1.05816e+007 9.09046e+006 7.80984e+006 6.7081e+006 5.75383e+006 4.91208e+006 4.1487e+006 3.44853e+006 2.82883e+006 2.31081e+006 1.88942e+006 1.54743e+006 1.27028e+006 1.04582e+006 863215 714849 594569 496761 416948 351654 298388 255595 222117 196099 174528 155485 138535 123348 862654 
2007  1.22828e+007 1.05497e+007 9.06218e+006 7.78481e+006 6.68606e+006 5.73451e+006 4.8952e+006 4.13396e+006 3.43565e+006 2.81756e+006 2.30099e+006 1.88092e+006 1.54006e+006 1.26386e+006 1.04017e+006 858974 711385 591231 493569 413897 348642 295045 251145 215746 187967 166322 148312 132344 118077 841713 
2008  1.22486e+007 1.05192e+007 9.03491e+006 7.76059e+006 6.66462e+006 5.7156e+006 4.87855e+006 4.11929e+006 3.42269e+006 2.80615e+006 2.29103e+006 1.87229e+006 1.53262e+006 1.25744e+006 1.0346e+006 854095 707708 588230 490696 411162 346036 292479 248303 211969 182561 159415 141331 126234 112797 819319 
2009  1.22161e+007 1.04899e+007 9.00873e+006 7.73724e+006 6.64387e+006 5.69721e+006 4.86227e+006 4.10484e+006 3.40983e+006 2.79474e+006 2.28101e+006 1.86358e+006 1.52511e+006 1.25099e+006 1.02906e+006 849298 703517 585060 488108 408697 343697 290255 246116 209551 179352 154820 135455 120288 107586 795681 
2010  1.21851e+007 1.0462e+007 8.98368e+006 7.71481e+006 6.62386e+006 5.67941e+006 4.84645e+006 4.09072e+006 3.3972e+006 2.78346e+006 2.27103e+006 1.85486e+006 1.51757e+006 1.2445e+006 1.0235e+006 844532 699404 581474 485388 406475 341589 288258 244219 207688 177294 152090 131545 115282 102515 771040 

Output quantities finish here

Unused parameters:
annual_cycle.fishery_areas annual_cycle.migrate_from annual_cycle.migrate_to annual_cycle.migration_names annual_cycle.migration_times annual_cycle.n_migrations annual_cycle.recruitment_areas annual_cycle.spawning_all_areas area_names recruitment.p_male recruitment.year_range tag[Tags2005_R1_LL1].area tag[Tags2005_R1_LL1].sex tag[Tags2006_R1_LL1].area tag[Tags2006_R1_LL1].sex tag[Tags2007_R1_LL1].area tag[Tags2007_R1_LL1].sex tag[Tags2008_R1_LL1].area tag[Tags2008_R1_LL1].sex tag[Tags2009_R1_LL1].area tag[Tags2009_R1_LL1].sex MCMC.adapt_at MCMC.adaptive_stepsize MCMC.burn_in MCMC.keep MCMC.length MCMC.start MCMC.stepsize profile[1].l profile[1].n profile[1].parameter profile[1].u tag_recapture[Tags2005_R1_R1].area tag_recapture[Tags2006_R1_R1].area tag_recapture[Tags2007_R1_R1].area tag_recapture[Tags2008_R1_R1].area tag_recapture[Tags2009_R1_R1].area n_projections numbers_at[Numbers_at_age_R1].area print.final_state print.initial_state print.requests print.results print.state_annually print.state_every_step print.yields 
