CASAL (C++ algorithmic stock assessment laboratory)
Call: C:/Users/bstacy/Documents/GitHub/lasac/projects/simulations/sim/dec1.0/casal -e -q -f TR 
Date: Tue Oct 15 10:26:54 2019
v2.30-2012-03-21 00:22:59 UTC (rev.4648)  (c) Copyright 2002-2012, NIWA
User name: bstacy
Machine name: DOM-IMA-HVZRNF2 (Microsoft Windows, PID=17228)

Prefix for the input parameter filenames : TR

Random number seed : 95614

Estimation parameters:
Stored as strings: 
  MCMC.adapt_at                 	1e+05 2e+05 3e+05 4e+05
  MCMC.adaptive_stepsize        	True
  MCMC.burn_in                  	500
  MCMC.keep                     	1000
  MCMC.length                   	1500000
  MCMC.start                    	0
  MCMC.stepsize                 	0.01
  ageing_error.c                	0
  ageing_error.type             	normal
  catch_at[LL1_catchA].2000     	0 0 0 0 0 0.01 0.05 0.11 0.16 0.11 0.19 0.1 0.04 0.06 0.03 0.03 0.03 0.01 0.02 0.01 0.01 0 0.02 0 0 0 0 0 0 0.01
  catch_at[LL1_catchA].2001     	0 0 0 0 0 0.02 0.09 0.1 0.18 0.14 0.12 0.09 0.08 0.06 0.02 0.04 0.01 0.01 0 0.01 0.01 0.01 0.01 0 0 0 0 0 0 0
  catch_at[LL1_catchA].2002     	0 0 0 0 0 0.01 0.1 0.14 0.23 0.16 0.11 0.08 0.05 0.04 0.05 0.02 0 0.01 0 0 0 0 0 0 0 0 0 0 0 0
  catch_at[LL1_catchA].2003     	0 0 0 0 0 0 0.09 0.13 0.24 0.16 0.05 0.09 0.08 0.04 0.06 0.01 0.01 0 0 0 0.01 0.01 0 0 0.01 0.01 0 0 0 0
  catch_at[LL1_catchA].2004     	0 0 0 0 0.02 0 0.1 0.2 0.1 0.13 0.14 0.07 0.06 0.07 0.03 0.03 0.01 0.02 0.01 0 0 0 0 0 0 0 0 0 0 0.01
  catch_at[LL1_catchA].2005     	0 0 0 0 0 0.03 0.01 0.2 0.21 0.13 0.13 0.1 0.04 0.04 0.03 0.01 0.04 0.02 0.01 0 0 0 0 0 0 0 0 0 0 0
  catch_at[LL1_catchA].2006     	0 0 0 0.01 0 0.02 0.12 0.13 0.14 0.21 0.1 0.05 0.09 0.03 0.03 0.01 0.02 0 0.03 0 0 0 0 0.01 0 0 0 0 0 0
  catch_at[LL1_catchA].2007     	0 0 0 0 0.02 0.02 0.08 0.14 0.2 0.14 0.08 0.05 0.1 0.06 0.04 0.02 0.02 0 0.01 0 0.02 0 0 0 0 0 0 0 0 0
  catch_at[LL1_catchA].2008     	0 0 0 0 0 0.06 0.09 0.12 0.14 0.12 0.21 0.05 0.02 0.05 0.02 0.02 0.04 0 0.01 0.02 0 0 0.02 0 0 0 0 0 0 0.01
  catch_at[LL1_catchA].2009     	0 0 0 0 0.02 0.02 0.08 0.15 0.15 0.13 0.13 0.12 0.07 0.04 0.02 0 0.02 0.05 0 0 0 0 0 0 0 0 0 0 0 0
  catch_at[LL1_catchA].2010     	0 0 0 0 0.01 0 0.03 0.12 0.14 0.2 0.15 0.05 0.06 0.05 0.07 0.03 0.02 0.01 0 0.03 0.01 0 0.01 0 0 0.01 0 0 0 0
  catch_at[LL1_catchA].N_2000   	100
  catch_at[LL1_catchA].N_2001   	100
  catch_at[LL1_catchA].N_2002   	100
  catch_at[LL1_catchA].N_2003   	100
  catch_at[LL1_catchA].N_2004   	100
  catch_at[LL1_catchA].N_2005   	100
  catch_at[LL1_catchA].N_2006   	100
  catch_at[LL1_catchA].N_2007   	100
  catch_at[LL1_catchA].N_2008   	100
  catch_at[LL1_catchA].N_2009   	100
  catch_at[LL1_catchA].N_2010   	100
  catch_at[LL1_catchA].at_size  	False
  catch_at[LL1_catchA].dist     	multinomial
  catch_at[LL1_catchA].fishery  	LL1
  catch_at[LL1_catchA].max_class	30
  catch_at[LL1_catchA].min_class	1
  catch_at[LL1_catchA].plus_group	True
  catch_at[LL1_catchA].r        	1e-11
  catch_at[LL1_catchA].sexed    	False
  catch_at[LL1_catchA].sum_to_one	True
  catch_at[LL1_catchA].years    	2000 2001 2002 2003 2004 2005 2006 2007 2008 2009 2010
  catch_limit_penalty[1].fishery	LL1
  catch_limit_penalty[1].label  	LL1_Penalty
  catch_limit_penalty[1].log_scale	True
  catch_limit_penalty[1].multiplier	1000
  catch_limit_penalty[2].fishery	LL2
  catch_limit_penalty[2].label  	LL2_Penalty
  catch_limit_penalty[2].log_scale	True
  catch_limit_penalty[2].multiplier	1000
  estimate[1].lower_bound       	5000
  estimate[1].parameter         	initialization.B0
  estimate[1].prior             	uniform
  estimate[1].upper_bound       	5e+05
  estimator                     	Bayes
  fish_tagged_penalty[1].label  	Penalty_Tags2005_R1_LL1
  fish_tagged_penalty[1].multiplier	1
  fish_tagged_penalty[1].tagging_episode	Tags2005_R1_LL1
  fish_tagged_penalty[2].label  	Penalty_Tags2006_R1_LL1
  fish_tagged_penalty[2].multiplier	1
  fish_tagged_penalty[2].tagging_episode	Tags2006_R1_LL1
  fish_tagged_penalty[3].label  	Penalty_Tags2007_R1_LL1
  fish_tagged_penalty[3].multiplier	1
  fish_tagged_penalty[3].tagging_episode	Tags2007_R1_LL1
  fish_tagged_penalty[4].label  	Penalty_Tags2008_R1_LL1
  fish_tagged_penalty[4].multiplier	1
  fish_tagged_penalty[4].tagging_episode	Tags2008_R1_LL1
  fish_tagged_penalty[5].label  	Penalty_Tags2009_R1_LL1
  fish_tagged_penalty[5].multiplier	1
  fish_tagged_penalty[5].tagging_episode	Tags2009_R1_LL1
  grad_tol                      	0.001
  max_evals                     	10000
  max_iters                     	1600
  profile[1].l                  	40000
  profile[1].n                  	11
  profile[1].parameter          	initialization.B0
  profile[1].u                  	130000
  q_method                      	nuisance
  tag_recapture[Tags2005_R1_R1].area	R1
  tag_recapture[Tags2005_R1_R1].class_mins	100 150 200 250 300 350 400 450 500 550 600 650 700 750 800 850 900 950 1000 1050 1100 1150 1200 1250 1300 1350 1400 1450 1500 1550 1600 1650 1700 1750 1800 1850 1900 1950 2000 2050
  tag_recapture[Tags2005_R1_R1].detection_probability	1
  tag_recapture[Tags2005_R1_R1].dispersion	1
  tag_recapture[Tags2005_R1_R1].do_bootstrap	True
  tag_recapture[Tags2005_R1_R1].plus_group	False
  tag_recapture[Tags2005_R1_R1].proportion_mortality	0.5
  tag_recapture[Tags2005_R1_R1].r	1e-11
  tag_recapture[Tags2005_R1_R1].recaptured_2006	0 0 0 0 0 0 0 0 1 0 5 10 20 28 26 24 15 17 7 9 4 2 1 1 0 0 0 0 1 0 0 0 0 0 0 0 0 0 0
  tag_recapture[Tags2005_R1_R1].recaptured_2007	0 0 0 0 0 0 0 0 0 0 0 4 13 14 23 20 23 20 14 9 4 2 2 0 0 0 0 0 0 0 0 0 0 0 0 0 0 0 0
  tag_recapture[Tags2005_R1_R1].recaptured_2008	0 0 0 0 0 0 0 0 0 0 0 1 9 20 16 21 16 11 6 6 7 4 3 0 1 0 1 0 0 0 0 0 0 0 0 0 0 0 0
  tag_recapture[Tags2005_R1_R1].recaptured_2009	0 0 0 0 0 0 0 0 0 0 0 1 2 9 12 16 9 7 12 7 6 3 2 0 1 0 0 0 0 0 0 0 0 0 0 0 0 0 0
  tag_recapture[Tags2005_R1_R1].recaptured_2010	0 0 0 0 0 0 0 0 0 0 0 2 2 6 9 12 5 14 5 4 6 2 3 3 0 0 0 0 0 0 0 0 0 0 0 0 0 0 0
  tag_recapture[Tags2005_R1_R1].sample	size
  tag_recapture[Tags2005_R1_R1].scanned_2006	0 0 0 2 28 320 2302 11502 39770 96806 173902 243624 277690 266092 224820 178122 136978 101584 71958 49292 33518 23134 16316 11662 8346 5944 4222 2988 2086 1406 896 530 286 140 62 24 8 2 0
  tag_recapture[Tags2005_R1_R1].scanned_2007	0 0 0 2 28 344 2442 11568 39724 99366 181960 252416 280488 265182 224010 176300 134278 100438 72920 50898 34514 23278 15942 11162 7944 5686 4062 2880 2006 1350 862 512 278 138 62 24 8 2 0
  tag_recapture[Tags2005_R1_R1].scanned_2008	0 0 0 2 28 344 2602 12332 40170 97884 182308 260086 291620 271378 224512 174626 131756 97934 71728 51120 35200 23658 15864 10828 7580 5410 3886 2772 1934 1300 826 490 266 132 58 24 8 2 0
  tag_recapture[Tags2005_R1_R1].scanned_2009	0 0 0 2 28 338 2596 13080 43468 101422 180382 255904 293398 278302 229716 175798 130724 96182 70174 50456 35360 24054 16060 10754 7362 5182 3714 2662 1866 1256 798 470 254 126 56 22 8 2 0
  tag_recapture[Tags2005_R1_R1].scanned_2010	0 0 0 2 30 342 2546 12914 45438 110634 193100 259840 288924 275666 231594 178066 131090 95240 68874 49434 34952 24134 16262 10830 7284 5028 3564 2550 1794 1212 770 454 246 120 54 22 8 2 0
  tag_recapture[Tags2005_R1_R1].step	1
  tag_recapture[Tags2005_R1_R1].tag_name	Tags2005_R1
  tag_recapture[Tags2005_R1_R1].years	2006 2007 2008 2009 2010
  tag_recapture[Tags2006_R1_R1].area	R1
  tag_recapture[Tags2006_R1_R1].class_mins	100 150 200 250 300 350 400 450 500 550 600 650 700 750 800 850 900 950 1000 1050 1100 1150 1200 1250 1300 1350 1400 1450 1500 1550 1600 1650 1700 1750 1800 1850 1900 1950 2000 2050
  tag_recapture[Tags2006_R1_R1].detection_probability	1
  tag_recapture[Tags2006_R1_R1].dispersion	1
  tag_recapture[Tags2006_R1_R1].do_bootstrap	True
  tag_recapture[Tags2006_R1_R1].plus_group	False
  tag_recapture[Tags2006_R1_R1].proportion_mortality	0.5
  tag_recapture[Tags2006_R1_R1].r	1e-11
  tag_recapture[Tags2006_R1_R1].recaptured_2007	0 0 0 0 0 0 0 0 0 0 3 13 18 23 26 25 13 18 8 4 3 1 1 0 0 0 1 0 0 0 0 0 0 0 0 0 0 0 0
  tag_recapture[Tags2006_R1_R1].recaptured_2008	0 0 0 0 0 0 0 0 0 0 1 5 12 16 17 24 14 9 4 4 6 1 1 1 0 0 0 0 0 0 0 0 0 0 0 0 0 0 0
  tag_recapture[Tags2006_R1_R1].recaptured_2009	0 0 0 0 0 0 0 0 0 0 2 2 6 18 23 18 23 7 7 3 4 2 1 1 1 0 0 0 0 0 0 0 0 0 0 0 0 0 0
  tag_recapture[Tags2006_R1_R1].recaptured_2010	0 0 0 0 0 0 0 0 0 0 0 1 3 4 8 15 16 15 15 4 3 2 0 2 0 1 0 0 0 0 0 0 0 0 0 0 0 0 0
  tag_recapture[Tags2006_R1_R1].sample	size
  tag_recapture[Tags2006_R1_R1].scanned_2007	0 0 0 2 28 344 2442 11568 39724 99366 181960 252416 280488 265182 224010 176300 134278 100438 72920 50898 34514 23278 15942 11162 7944 5686 4062 2880 2006 1350 862 512 278 138 62 24 8 2 0
  tag_recapture[Tags2006_R1_R1].scanned_2008	0 0 0 2 28 344 2602 12332 40170 97884 182308 260086 291620 271378 224512 174626 131756 97934 71728 51120 35200 23658 15864 10828 7580 5410 3886 2772 1934 1300 826 490 266 132 58 24 8 2 0
  tag_recapture[Tags2006_R1_R1].scanned_2009	0 0 0 2 28 338 2596 13080 43468 101422 180382 255904 293398 278302 229716 175798 130724 96182 70174 50456 35360 24054 16060 10754 7362 5182 3714 2662 1866 1256 798 470 254 126 56 22 8 2 0
  tag_recapture[Tags2006_R1_R1].scanned_2010	0 0 0 2 30 342 2546 12914 45438 110634 193100 259840 288924 275666 231594 178066 131090 95240 68874 49434 34952 24134 16262 10830 7284 5028 3564 2550 1794 1212 770 454 246 120 54 22 8 2 0
  tag_recapture[Tags2006_R1_R1].step	1
  tag_recapture[Tags2006_R1_R1].tag_name	Tags2006_R1
  tag_recapture[Tags2006_R1_R1].years	2007 2008 2009 2010
  tag_recapture[Tags2007_R1_R1].area	R1
  tag_recapture[Tags2007_R1_R1].class_mins	100 150 200 250 300 350 400 450 500 550 600 650 700 750 800 850 900 950 1000 1050 1100 1150 1200 1250 1300 1350 1400 1450 1500 1550 1600 1650 1700 1750 1800 1850 1900 1950 2000 2050
  tag_recapture[Tags2007_R1_R1].detection_probability	1
  tag_recapture[Tags2007_R1_R1].dispersion	1
  tag_recapture[Tags2007_R1_R1].do_bootstrap	True
  tag_recapture[Tags2007_R1_R1].plus_group	False
  tag_recapture[Tags2007_R1_R1].proportion_mortality	0.5
  tag_recapture[Tags2007_R1_R1].r	1e-11
  tag_recapture[Tags2007_R1_R1].recaptured_2008	0 0 0 0 0 0 0 0 0 0 9 6 13 25 16 20 14 7 6 4 5 2 0 1 0 0 0 0 0 0 0 0 0 0 0 0 0 0 0
  tag_recapture[Tags2007_R1_R1].recaptured_2009	0 0 0 0 0 0 0 0 0 0 2 5 12 14 21 16 12 10 10 7 5 3 1 1 0 2 0 0 0 0 0 0 0 0 0 0 0 0 0
  tag_recapture[Tags2007_R1_R1].recaptured_2010	0 0 0 0 0 0 0 0 0 0 0 6 8 6 18 15 15 15 14 9 5 1 1 1 0 0 0 0 0 0 0 0 0 0 0 0 0 0 0
  tag_recapture[Tags2007_R1_R1].sample	size
  tag_recapture[Tags2007_R1_R1].scanned_2008	0 0 0 2 28 344 2602 12332 40170 97884 182308 260086 291620 271378 224512 174626 131756 97934 71728 51120 35200 23658 15864 10828 7580 5410 3886 2772 1934 1300 826 490 266 132 58 24 8 2 0
  tag_recapture[Tags2007_R1_R1].scanned_2009	0 0 0 2 28 338 2596 13080 43468 101422 180382 255904 293398 278302 229716 175798 130724 96182 70174 50456 35360 24054 16060 10754 7362 5182 3714 2662 1866 1256 798 470 254 126 56 22 8 2 0
  tag_recapture[Tags2007_R1_R1].scanned_2010	0 0 0 2 30 342 2546 12914 45438 110634 193100 259840 288924 275666 231594 178066 131090 95240 68874 49434 34952 24134 16262 10830 7284 5028 3564 2550 1794 1212 770 454 246 120 54 22 8 2 0
  tag_recapture[Tags2007_R1_R1].step	1
  tag_recapture[Tags2007_R1_R1].tag_name	Tags2007_R1
  tag_recapture[Tags2007_R1_R1].years	2008 2009 2010
  tag_recapture[Tags2008_R1_R1].area	R1
  tag_recapture[Tags2008_R1_R1].class_mins	100 150 200 250 300 350 400 450 500 550 600 650 700 750 800 850 900 950 1000 1050 1100 1150 1200 1250 1300 1350 1400 1450 1500 1550 1600 1650 1700 1750 1800 1850 1900 1950 2000 2050
  tag_recapture[Tags2008_R1_R1].detection_probability	1
  tag_recapture[Tags2008_R1_R1].dispersion	1
  tag_recapture[Tags2008_R1_R1].do_bootstrap	True
  tag_recapture[Tags2008_R1_R1].plus_group	False
  tag_recapture[Tags2008_R1_R1].proportion_mortality	0.5
  tag_recapture[Tags2008_R1_R1].r	1e-11
  tag_recapture[Tags2008_R1_R1].recaptured_2009	0 0 0 0 0 0 0 0 0 1 4 12 25 32 29 24 15 17 4 6 3 0 0 0 1 1 1 0 0 0 0 0 0 0 0 0 0 0 0
  tag_recapture[Tags2008_R1_R1].recaptured_2010	0 0 0 0 0 0 0 0 0 1 0 3 17 27 20 8 18 11 5 5 2 2 3 0 0 0 0 0 0 0 0 0 0 0 0 0 0 0 0
  tag_recapture[Tags2008_R1_R1].sample	size
  tag_recapture[Tags2008_R1_R1].scanned_2009	0 0 0 2 28 338 2596 13080 43468 101422 180382 255904 293398 278302 229716 175798 130724 96182 70174 50456 35360 24054 16060 10754 7362 5182 3714 2662 1866 1256 798 470 254 126 56 22 8 2 0
  tag_recapture[Tags2008_R1_R1].scanned_2010	0 0 0 2 30 342 2546 12914 45438 110634 193100 259840 288924 275666 231594 178066 131090 95240 68874 49434 34952 24134 16262 10830 7284 5028 3564 2550 1794 1212 770 454 246 120 54 22 8 2 0
  tag_recapture[Tags2008_R1_R1].step	1
  tag_recapture[Tags2008_R1_R1].tag_name	Tags2008_R1
  tag_recapture[Tags2008_R1_R1].years	2009 2010
  tag_recapture[Tags2009_R1_R1].area	R1
  tag_recapture[Tags2009_R1_R1].class_mins	100 150 200 250 300 350 400 450 500 550 600 650 700 750 800 850 900 950 1000 1050 1100 1150 1200 1250 1300 1350 1400 1450 1500 1550 1600 1650 1700 1750 1800 1850 1900 1950 2000 2050
  tag_recapture[Tags2009_R1_R1].detection_probability	1
  tag_recapture[Tags2009_R1_R1].dispersion	1
  tag_recapture[Tags2009_R1_R1].do_bootstrap	True
  tag_recapture[Tags2009_R1_R1].plus_group	False
  tag_recapture[Tags2009_R1_R1].proportion_mortality	0.5
  tag_recapture[Tags2009_R1_R1].r	1e-11
  tag_recapture[Tags2009_R1_R1].recaptured_2010	0 0 0 0 0 0 0 0 0 1 1 19 23 25 27 24 17 11 8 8 1 0 1 0 1 0 0 0 0 0 0 0 0 0 0 0 0 0 0
  tag_recapture[Tags2009_R1_R1].sample	size
  tag_recapture[Tags2009_R1_R1].scanned_2010	0 0 0 2 30 342 2546 12914 45438 110634 193100 259840 288924 275666 231594 178066 131090 95240 68874 49434 34952 24134 16262 10830 7284 5028 3564 2550 1794 1212 770 454 246 120 54 22 8 2 0
  tag_recapture[Tags2009_R1_R1].step	1
  tag_recapture[Tags2009_R1_R1].tag_name	Tags2009_R1
  tag_recapture[Tags2009_R1_R1].years	2010
  vector_average_penalty[1].k   	1
  vector_average_penalty[1].label	meanYCS_1
  vector_average_penalty[1].multiplier	100
  vector_average_penalty[1].vector	recruitment.YCS
Stored as DOUBLEs: 
Stored as VECTORs: 
Stored as OGIVEs: 

Population parameters:
Stored as strings: 
  annual_cycle.M_props          	1
  annual_cycle.aging_time       	1
  annual_cycle.baranov          	False
  annual_cycle.fishery_areas    	R1
  annual_cycle.fishery_names    	LL1 LL2
  annual_cycle.fishery_times    	1 1
  annual_cycle.growth_props     	0
  annual_cycle.migrate_from     	R1
  annual_cycle.migrate_to       	R2
  annual_cycle.migration_names  	MoveRec_1_2
  annual_cycle.migration_times  	1
  annual_cycle.n_migrations     	0
  annual_cycle.recruitment_areas	R1
  annual_cycle.recruitment_time 	1
  annual_cycle.spawning_all_areas	1
  annual_cycle.spawning_p       	1
  annual_cycle.spawning_part_mort	0.5
  annual_cycle.spawning_time    	1
  annual_cycle.spawning_use_total_B	False
  annual_cycle.time_steps       	1
  area_names                    	R1
  current                       	2010
  final                         	2045
  first_random_year             	2007
  fishery[LL1].U_max            	0.95
  fishery[LL1].catches          	0 6000 6000 6000 6000 6000 6000 6000 6000 6000 6000 6000 6000 6000 6000 6000 6000 6000 6000 6000 6000
  fishery[LL1].future_constant_catches	200
  fishery[LL1].selectivity      	SelLL
  fishery[LL1].years            	1990 1991 1992 1993 1994 1995 1996 1997 1998 1999 2000 2001 2002 2003 2004 2005 2006 2007 2008 2009 2010
  fishery[LL2].U_max            	0.95
  fishery[LL2].catches          	0 12000 11368.4210526316 10736.8421052632 10105.2631578947 9473.68421052632 8842.1052631579 8210.52631578947 7578.94736842105 6947.36842105263 6315.78947368421 5684.21052631579 5052.63157894737 4421.05263157895 3789.47368421053 3157.8947368421 2526.31578947369 1894.73684210526 1263.15789473684 631.578947368422 0
  fishery[LL2].future_constant_catches	200
  fishery[LL2].selectivity      	SelLL
  fishery[LL2].years            	1990 1991 1992 1993 1994 1995 1996 1997 1998 1999 2000 2001 2002 2003 2004 2005 2006 2007 2008 2009 2010
  initial                       	1990
  initialization.B0             	448262
  mature_partition              	False
  maturity_props.all            	allvalues 0 0 0 0 0 0 0 0 0 0 0 0.1667 0.3333 0.5 0.6667 0.8333 1 1 1 1 1 1 1 1 1 1 1 1 1 1
  max_age                       	30
  min_age                       	1
  n_areas                       	1
  n_stocks                      	1
  n_tags                        	5
  natural_mortality.all         	0.155
  plus_group                    	True
  randomisation_method          	lognormal
  recruitment.SR                	BH
  recruitment.YCS               	1 1 1 1 1 1 1 1 1 1 1 1 1 1 1 1 1 1 1 1 1
  recruitment.YCS_years         	1989 1990 1991 1992 1993 1994 1995 1996 1997 1998 1999 2000 2001 2002 2003 2004 2005 2006 2007 2008 2009
  recruitment.first_free        	1989
  recruitment.last_free         	2006
  recruitment.p_male            	0.5
  recruitment.rho               	0
  recruitment.sigma_r           	0.6
  recruitment.steepness         	0.7
  recruitment.year_range        	1989 2006
  selectivity[SelLL].all        	double_normal 10 2 10
  selectivity_names             	SelLL
  sex_partition                 	False
  size_at_age.Linf              	2870
  size_at_age.by_length         	True
  size_at_age.cv                	0.1
  size_at_age.k                 	0.02056
  size_at_age.t0                	-4.2897
  size_at_age_dist              	normal
  size_at_age_type              	von_Bert
  size_based                    	False
  size_weight.a                 	2.59e-12
  size_weight.b                 	3.2064
  size_weight.verify_size_weight	500 0.5 1.5
  standardise_YCS               	True
  tag[Tags2005_R1_LL1].area     	R1
  tag[Tags2005_R1_LL1].class_mins	100 150 200 250 300 350 400 450 500 550 600 650 700 750 800 850 900 950 1000 1050 1100 1150 1200 1250 1300 1350 1400 1450 1500 1550 1600 1650 1700 1750 1800 1850 1900 1950 2000 2050
  tag[Tags2005_R1_LL1].mature_only	False
  tag[Tags2005_R1_LL1].mortality	0.1
  tag[Tags2005_R1_LL1].number   	2500
  tag[Tags2005_R1_LL1].ogive    	SelLL
  tag[Tags2005_R1_LL1].plus_group	False
  tag[Tags2005_R1_LL1].props_all	0 0 0 0 0 1e-04 8e-04 0.0048 0.0184 0.0472 0.088 0.1245 0.1388 0.1298 0.1103 0.0896 0.0694 0.0511 0.0362 0.0255 0.0183 0.0135 0.01 0.0073 0.0052 0.0037 0.0025 0.0018 0.0012 8e-04 5e-04 3e-04 2e-04 1e-04 0 0 0 0 0
  tag[Tags2005_R1_LL1].release_type	deterministic
  tag[Tags2005_R1_LL1].sex      	both
  tag[Tags2005_R1_LL1].step     	1
  tag[Tags2005_R1_LL1].tag_name 	Tags2005_R1
  tag[Tags2005_R1_LL1].year     	2005
  tag[Tags2006_R1_LL1].area     	R1
  tag[Tags2006_R1_LL1].class_mins	100 150 200 250 300 350 400 450 500 550 600 650 700 750 800 850 900 950 1000 1050 1100 1150 1200 1250 1300 1350 1400 1450 1500 1550 1600 1650 1700 1750 1800 1850 1900 1950 2000 2050
  tag[Tags2006_R1_LL1].mature_only	False
  tag[Tags2006_R1_LL1].mortality	0.1
  tag[Tags2006_R1_LL1].number   	2500
  tag[Tags2006_R1_LL1].ogive    	SelLL
  tag[Tags2006_R1_LL1].plus_group	False
  tag[Tags2006_R1_LL1].props_all	0 0 0 0 0 2e-04 0.0013 0.0058 0.0198 0.0485 0.0873 0.1222 0.1397 0.1351 0.1154 0.0921 0.0705 0.0511 0.0349 0.023 0.0152 0.0104 0.0075 0.0055 0.0041 0.0031 0.0023 0.0017 0.0012 9e-04 6e-04 3e-04 2e-04 1e-04 0 0 0 0 0
  tag[Tags2006_R1_LL1].release_type	deterministic
  tag[Tags2006_R1_LL1].sex      	both
  tag[Tags2006_R1_LL1].step     	1
  tag[Tags2006_R1_LL1].tag_name 	Tags2006_R1
  tag[Tags2006_R1_LL1].year     	2006
  tag[Tags2007_R1_LL1].area     	R1
  tag[Tags2007_R1_LL1].class_mins	100 150 200 250 300 350 400 450 500 550 600 650 700 750 800 850 900 950 1000 1050 1100 1150 1200 1250 1300 1350 1400 1450 1500 1550 1600 1650 1700 1750 1800 1850 1900 1950 2000 2050
  tag[Tags2007_R1_LL1].mature_only	False
  tag[Tags2007_R1_LL1].mortality	0.1
  tag[Tags2007_R1_LL1].number   	2500
  tag[Tags2007_R1_LL1].ogive    	SelLL
  tag[Tags2007_R1_LL1].plus_group	False
  tag[Tags2007_R1_LL1].props_all	0 0 0 0 0 1e-04 0.0011 0.0056 0.0193 0.0485 0.0889 0.124 0.139 0.1322 0.1118 0.0878 0.0669 0.0504 0.0372 0.0265 0.0183 0.0125 0.0087 0.0062 0.0045 0.0032 0.0024 0.0017 0.0012 8e-04 5e-04 3e-04 2e-04 1e-04 0 0 0 0 0
  tag[Tags2007_R1_LL1].release_type	deterministic
  tag[Tags2007_R1_LL1].sex      	both
  tag[Tags2007_R1_LL1].step     	1
  tag[Tags2007_R1_LL1].tag_name 	Tags2007_R1
  tag[Tags2007_R1_LL1].year     	2007
  tag[Tags2008_R1_LL1].area     	R1
  tag[Tags2008_R1_LL1].class_mins	100 150 200 250 300 350 400 450 500 550 600 650 700 750 800 850 900 950 1000 1050 1100 1150 1200 1250 1300 1350 1400 1450 1500 1550 1600 1650 1700 1750 1800 1850 1900 1950 2000 2050
  tag[Tags2008_R1_LL1].mature_only	False
  tag[Tags2008_R1_LL1].mortality	0.1
  tag[Tags2008_R1_LL1].number   	2500
  tag[Tags2008_R1_LL1].ogive    	SelLL
  tag[Tags2008_R1_LL1].plus_group	False
  tag[Tags2008_R1_LL1].props_all	0 0 0 0 0 1e-04 0.0012 0.0062 0.0205 0.0497 0.0924 0.1328 0.1497 0.1384 0.112 0.0842 0.0614 0.0445 0.0322 0.0228 0.0157 0.0106 0.0073 0.0052 0.0038 0.0029 0.0022 0.0016 0.0011 7e-04 4e-04 3e-04 1e-04 1e-04 0 0 0 0 0
  tag[Tags2008_R1_LL1].release_type	deterministic
  tag[Tags2008_R1_LL1].sex      	both
  tag[Tags2008_R1_LL1].step     	1
  tag[Tags2008_R1_LL1].tag_name 	Tags2008_R1
  tag[Tags2008_R1_LL1].year     	2008
  tag[Tags2009_R1_LL1].area     	R1
  tag[Tags2009_R1_LL1].class_mins	100 150 200 250 300 350 400 450 500 550 600 650 700 750 800 850 900 950 1000 1050 1100 1150 1200 1250 1300 1350 1400 1450 1500 1550 1600 1650 1700 1750 1800 1850 1900 1950 2000 2050
  tag[Tags2009_R1_LL1].mature_only	False
  tag[Tags2009_R1_LL1].mortality	0.1
  tag[Tags2009_R1_LL1].number   	2500
  tag[Tags2009_R1_LL1].ogive    	SelLL
  tag[Tags2009_R1_LL1].plus_group	False
  tag[Tags2009_R1_LL1].props_all	0 0 0 0 0 1e-04 0.0012 0.0063 0.0213 0.0502 0.0897 0.1266 0.1435 0.135 0.1117 0.0864 0.065 0.0482 0.0352 0.0253 0.0178 0.0122 0.0082 0.0055 0.0037 0.0025 0.0017 0.0011 7e-04 4e-04 3e-04 1e-04 1e-04 0 0 0 0 0 0
  tag[Tags2009_R1_LL1].release_type	deterministic
  tag[Tags2009_R1_LL1].sex      	both
  tag[Tags2009_R1_LL1].step     	1
  tag[Tags2009_R1_LL1].tag_name 	Tags2009_R1
  tag[Tags2009_R1_LL1].year     	2009
  tag_growth_loss[Tags2005_R1].nogrowth_period	0
  tag_growth_loss[Tags2006_R1].nogrowth_period	0
  tag_growth_loss[Tags2007_R1].nogrowth_period	0
  tag_growth_loss[Tags2008_R1].nogrowth_period	0
  tag_growth_loss[Tags2009_R1].nogrowth_period	0
  tag_loss_props                	1
  tag_names                     	Tags2005_R1 Tags2006_R1 Tags2007_R1 Tags2008_R1 Tags2009_R1
  tag_shedding_rate             	0.0084 0.0084 0.0084 0.0084 0.0084
  y_enter                       	1
Stored as DOUBLEs: 
Stored as VECTORs: 
Stored as OGIVEs: 

Output parameters:
Stored as strings: 
  n_projections                 	100
  numbers_at[Numbers_at_age_R1].area	R1
  numbers_at[Numbers_at_age_R1].proportion_mortality	0.5
  numbers_at[Numbers_at_age_R1].step	1
  numbers_at[Numbers_at_age_R1].years	1990 1991 1992 1993 1994 1995 1996 1997 1998 1999 2000 2001 2002 2003 2004 2005 2006 2007 2008 2009 2010
  print.covariance              	true
  print.estimation_section      	true
  print.final_state             	false
  print.fits                    	true
  print.fits_every_eval         	false
  print.initial_state           	false
  print.normalised_resids       	true
  print.objective_every_eval    	false
  print.parameter_vector_every_eval	false
  print.parameters              	true
  print.parameters_every_eval   	false
  print.pearson_resids          	true
  print.requests                	false
  print.resids                  	true
  print.results                 	false
  print.state_annually          	false
  print.state_every_step        	false
  print.unused_parameters       	true
  print.yields                  	true
  quantities.B0                 	true
  quantities.R0                 	true
  quantities.SSBs               	true
  quantities.YCS                	true
  quantities.actual_catches     	false
  quantities.all_free_parameters	true
  quantities.fishing_pressures  	true
  quantities.nuisance_qs        	true
  quantities.recruitments       	true
  quantities.true_YCS           	true
Stored as DOUBLEs: 
Stored as VECTORs: 
Stored as OGIVEs: 

A fish of size 500 cm has a weight of 1.16755 kg in your model. This size-weight scale check assumes that the growth curve is in centimetres, and that the catch is in tonnes.

A fish of size 500 cm has a weight of 1.16755 kg in your model. This size-weight scale check assumes that the growth curve is in centimetres, and that the catch is in tonnes.

Estimation section :

Objective function: Bayes

Minimiser convergence threshold: 0.001


Observations:

The observations are:
LL1_catchA
Tags2005_R1_R1
Tags2006_R1_R1
Tags2007_R1_R1
Tags2008_R1_R1
Tags2009_R1_R1
Fits follow:

LL1_catchA :
catch proportions-at-age for fishery LL1  with ageing error (constrained to sum to 1):
obs (last class is a plus group):
class 1       2       3       4       5       6       7       8       9       10      11      12      13      14      15      16      17      18      19      20      21      22      23      24      25      26      27      28      29      30      
2000 0       0       0       0       0       0.01    0.05    0.11    0.16    0.11    0.19    0.1     0.04    0.06    0.03    0.03    0.03    0.01    0.02    0.01    0.01    0       0.02    0       0       0       0       0       0       0.01    
2001 0       0       0       0       0       0.02    0.09    0.1     0.18    0.14    0.12    0.09    0.08    0.06    0.02    0.04    0.01    0.01    0       0.01    0.01    0.01    0.01    0       0       0       0       0       0       0       
2002 0       0       0       0       0       0.01    0.1     0.14    0.23    0.16    0.11    0.08    0.05    0.04    0.05    0.02    0       0.01    0       0       0       0       0       0       0       0       0       0       0       0       
2003 0       0       0       0       0       0       0.09    0.13    0.24    0.16    0.05    0.09    0.08    0.04    0.06    0.01    0.01    0       0       0       0.01    0.01    0       0       0.01    0.01    0       0       0       0       
2004 0       0       0       0       0.02    0       0.1     0.2     0.1     0.13    0.14    0.07    0.06    0.07    0.03    0.03    0.01    0.02    0.01    0       0       0       0       0       0       0       0       0       0       0.01    
2005 0       0       0       0       0       0.03    0.01    0.2     0.21    0.13    0.13    0.1     0.04    0.04    0.03    0.01    0.04    0.02    0.01    0       0       0       0       0       0       0       0       0       0       0       
2006 0       0       0       0.01    0       0.02    0.12    0.13    0.14    0.21    0.1     0.05    0.09    0.03    0.03    0.01    0.02    0       0.03    0       0       0       0       0.01    0       0       0       0       0       0       
2007 0       0       0       0       0.02    0.02    0.08    0.14    0.2     0.14    0.08    0.05    0.1     0.06    0.04    0.02    0.02    0       0.01    0       0.02    0       0       0       0       0       0       0       0       0       
2008 0       0       0       0       0       0.06    0.09    0.12    0.14    0.12    0.21    0.05    0.02    0.05    0.02    0.02    0.04    0       0.01    0.02    0       0       0.02    0       0       0       0       0       0       0.01    
2009 0       0       0       0       0.02    0.02    0.08    0.15    0.15    0.13    0.13    0.12    0.07    0.04    0.02    0       0.02    0.05    0       0       0       0       0       0       0       0       0       0       0       0       
2010 0       0       0       0       0.01    0       0.03    0.12    0.14    0.2     0.15    0.05    0.06    0.05    0.07    0.03    0.02    0.01    0       0.03    0.01    0       0.01    0       0       0.01    0       0       0       0       
objective function: multinomial likelihood, with delta = 1e-011, N =
100 100 100 100 100 100 100 100 100 100 100 100 100 100 100 100 100 100 100 100 100 100 100 100 100 100 100 100 100 100 
100 100 100 100 100 100 100 100 100 100 100 100 100 100 100 100 100 100 100 100 100 100 100 100 100 100 100 100 100 100 
100 100 100 100 100 100 100 100 100 100 100 100 100 100 100 100 100 100 100 100 100 100 100 100 100 100 100 100 100 100 
100 100 100 100 100 100 100 100 100 100 100 100 100 100 100 100 100 100 100 100 100 100 100 100 100 100 100 100 100 100 
100 100 100 100 100 100 100 100 100 100 100 100 100 100 100 100 100 100 100 100 100 100 100 100 100 100 100 100 100 100 
100 100 100 100 100 100 100 100 100 100 100 100 100 100 100 100 100 100 100 100 100 100 100 100 100 100 100 100 100 100 
100 100 100 100 100 100 100 100 100 100 100 100 100 100 100 100 100 100 100 100 100 100 100 100 100 100 100 100 100 100 
100 100 100 100 100 100 100 100 100 100 100 100 100 100 100 100 100 100 100 100 100 100 100 100 100 100 100 100 100 100 
100 100 100 100 100 100 100 100 100 100 100 100 100 100 100 100 100 100 100 100 100 100 100 100 100 100 100 100 100 100 
100 100 100 100 100 100 100 100 100 100 100 100 100 100 100 100 100 100 100 100 100 100 100 100 100 100 100 100 100 100 
100 100 100 100 100 100 100 100 100 100 100 100 100 100 100 100 100 100 100 100 100 100 100 100 100 100 100 100 100 100 

Tags2005_R1_R1 :
tag-recapture data for tag Tags2005_R1 in years 2006 2007 2008 2009 2010 , step 1, after proportion 0.5 of mortality, with sampling method size, detection probability 1.
Year 2006
class scanned recaptured
100 0 0
150 0 0
200 0 0
250 2 0
300 28 0
350 320 0
400 2302 0
450 11502 0
500 39770 1
550 96806 0
600 173902 5
650 243624 10
700 277690 20
750 266092 28
800 224820 26
850 178122 24
900 136978 15
950 101584 17
1000 71958 7
1050 49292 9
1100 33518 4
1150 23134 2
1200 16316 1
1250 11662 1
1300 8346 0
1350 5944 0
1400 4222 0
1450 2988 0
1500 2086 1
1550 1406 0
1600 896 0
1650 530 0
1700 286 0
1750 140 0
1800 62 0
1850 24 0
1900 8 0
1950 2 0
2000 0 0


Year 2007
class scanned recaptured
100 0 0
150 0 0
200 0 0
250 2 0
300 28 0
350 344 0
400 2442 0
450 11568 0
500 39724 0
550 99366 0
600 181960 0
650 252416 4
700 280488 13
750 265182 14
800 224010 23
850 176300 20
900 134278 23
950 100438 20
1000 72920 14
1050 50898 9
1100 34514 4
1150 23278 2
1200 15942 2
1250 11162 0
1300 7944 0
1350 5686 0
1400 4062 0
1450 2880 0
1500 2006 0
1550 1350 0
1600 862 0
1650 512 0
1700 278 0
1750 138 0
1800 62 0
1850 24 0
1900 8 0
1950 2 0
2000 0 0


Year 2008
class scanned recaptured
100 0 0
150 0 0
200 0 0
250 2 0
300 28 0
350 344 0
400 2602 0
450 12332 0
500 40170 0
550 97884 0
600 182308 0
650 260086 1
700 291620 9
750 271378 20
800 224512 16
850 174626 21
900 131756 16
950 97934 11
1000 71728 6
1050 51120 6
1100 35200 7
1150 23658 4
1200 15864 3
1250 10828 0
1300 7580 1
1350 5410 0
1400 3886 1
1450 2772 0
1500 1934 0
1550 1300 0
1600 826 0
1650 490 0
1700 266 0
1750 132 0
1800 58 0
1850 24 0
1900 8 0
1950 2 0
2000 0 0


Year 2009
class scanned recaptured
100 0 0
150 0 0
200 0 0
250 2 0
300 28 0
350 338 0
400 2596 0
450 13080 0
500 43468 0
550 101422 0
600 180382 0
650 255904 1
700 293398 2
750 278302 9
800 229716 12
850 175798 16
900 130724 9
950 96182 7
1000 70174 12
1050 50456 7
1100 35360 6
1150 24054 3
1200 16060 2
1250 10754 0
1300 7362 1
1350 5182 0
1400 3714 0
1450 2662 0
1500 1866 0
1550 1256 0
1600 798 0
1650 470 0
1700 254 0
1750 126 0
1800 56 0
1850 22 0
1900 8 0
1950 2 0
2000 0 0


Year 2010
class scanned recaptured
100 0 0
150 0 0
200 0 0
250 2 0
300 30 0
350 342 0
400 2546 0
450 12914 0
500 45438 0
550 110634 0
600 193100 0
650 259840 2
700 288924 2
750 275666 6
800 231594 9
850 178066 12
900 131090 5
950 95240 14
1000 68874 5
1050 49434 4
1100 34952 6
1150 24134 2
1200 16262 3
1250 10830 3
1300 7284 0
1350 5028 0
1400 3564 0
1450 2550 0
1500 1794 0
1550 1212 0
1600 770 0
1650 454 0
1700 246 0
1750 120 0
1800 54 0
1850 22 0
1900 8 0
1950 2 0
2000 0 0


Tags2006_R1_R1 :
tag-recapture data for tag Tags2006_R1 in years 2007 2008 2009 2010 , step 1, after proportion 0.5 of mortality, with sampling method size, detection probability 1.
Year 2007
class scanned recaptured
100 0 0
150 0 0
200 0 0
250 2 0
300 28 0
350 344 0
400 2442 0
450 11568 0
500 39724 0
550 99366 0
600 181960 3
650 252416 13
700 280488 18
750 265182 23
800 224010 26
850 176300 25
900 134278 13
950 100438 18
1000 72920 8
1050 50898 4
1100 34514 3
1150 23278 1
1200 15942 1
1250 11162 0
1300 7944 0
1350 5686 0
1400 4062 1
1450 2880 0
1500 2006 0
1550 1350 0
1600 862 0
1650 512 0
1700 278 0
1750 138 0
1800 62 0
1850 24 0
1900 8 0
1950 2 0
2000 0 0


Year 2008
class scanned recaptured
100 0 0
150 0 0
200 0 0
250 2 0
300 28 0
350 344 0
400 2602 0
450 12332 0
500 40170 0
550 97884 0
600 182308 1
650 260086 5
700 291620 12
750 271378 16
800 224512 17
850 174626 24
900 131756 14
950 97934 9
1000 71728 4
1050 51120 4
1100 35200 6
1150 23658 1
1200 15864 1
1250 10828 1
1300 7580 0
1350 5410 0
1400 3886 0
1450 2772 0
1500 1934 0
1550 1300 0
1600 826 0
1650 490 0
1700 266 0
1750 132 0
1800 58 0
1850 24 0
1900 8 0
1950 2 0
2000 0 0


Year 2009
class scanned recaptured
100 0 0
150 0 0
200 0 0
250 2 0
300 28 0
350 338 0
400 2596 0
450 13080 0
500 43468 0
550 101422 0
600 180382 2
650 255904 2
700 293398 6
750 278302 18
800 229716 23
850 175798 18
900 130724 23
950 96182 7
1000 70174 7
1050 50456 3
1100 35360 4
1150 24054 2
1200 16060 1
1250 10754 1
1300 7362 1
1350 5182 0
1400 3714 0
1450 2662 0
1500 1866 0
1550 1256 0
1600 798 0
1650 470 0
1700 254 0
1750 126 0
1800 56 0
1850 22 0
1900 8 0
1950 2 0
2000 0 0


Year 2010
class scanned recaptured
100 0 0
150 0 0
200 0 0
250 2 0
300 30 0
350 342 0
400 2546 0
450 12914 0
500 45438 0
550 110634 0
600 193100 0
650 259840 1
700 288924 3
750 275666 4
800 231594 8
850 178066 15
900 131090 16
950 95240 15
1000 68874 15
1050 49434 4
1100 34952 3
1150 24134 2
1200 16262 0
1250 10830 2
1300 7284 0
1350 5028 1
1400 3564 0
1450 2550 0
1500 1794 0
1550 1212 0
1600 770 0
1650 454 0
1700 246 0
1750 120 0
1800 54 0
1850 22 0
1900 8 0
1950 2 0
2000 0 0


Tags2007_R1_R1 :
tag-recapture data for tag Tags2007_R1 in years 2008 2009 2010 , step 1, after proportion 0.5 of mortality, with sampling method size, detection probability 1.
Year 2008
class scanned recaptured
100 0 0
150 0 0
200 0 0
250 2 0
300 28 0
350 344 0
400 2602 0
450 12332 0
500 40170 0
550 97884 0
600 182308 9
650 260086 6
700 291620 13
750 271378 25
800 224512 16
850 174626 20
900 131756 14
950 97934 7
1000 71728 6
1050 51120 4
1100 35200 5
1150 23658 2
1200 15864 0
1250 10828 1
1300 7580 0
1350 5410 0
1400 3886 0
1450 2772 0
1500 1934 0
1550 1300 0
1600 826 0
1650 490 0
1700 266 0
1750 132 0
1800 58 0
1850 24 0
1900 8 0
1950 2 0
2000 0 0


Year 2009
class scanned recaptured
100 0 0
150 0 0
200 0 0
250 2 0
300 28 0
350 338 0
400 2596 0
450 13080 0
500 43468 0
550 101422 0
600 180382 2
650 255904 5
700 293398 12
750 278302 14
800 229716 21
850 175798 16
900 130724 12
950 96182 10
1000 70174 10
1050 50456 7
1100 35360 5
1150 24054 3
1200 16060 1
1250 10754 1
1300 7362 0
1350 5182 2
1400 3714 0
1450 2662 0
1500 1866 0
1550 1256 0
1600 798 0
1650 470 0
1700 254 0
1750 126 0
1800 56 0
1850 22 0
1900 8 0
1950 2 0
2000 0 0


Year 2010
class scanned recaptured
100 0 0
150 0 0
200 0 0
250 2 0
300 30 0
350 342 0
400 2546 0
450 12914 0
500 45438 0
550 110634 0
600 193100 0
650 259840 6
700 288924 8
750 275666 6
800 231594 18
850 178066 15
900 131090 15
950 95240 15
1000 68874 14
1050 49434 9
1100 34952 5
1150 24134 1
1200 16262 1
1250 10830 1
1300 7284 0
1350 5028 0
1400 3564 0
1450 2550 0
1500 1794 0
1550 1212 0
1600 770 0
1650 454 0
1700 246 0
1750 120 0
1800 54 0
1850 22 0
1900 8 0
1950 2 0
2000 0 0


Tags2008_R1_R1 :
tag-recapture data for tag Tags2008_R1 in years 2009 2010 , step 1, after proportion 0.5 of mortality, with sampling method size, detection probability 1.
Year 2009
class scanned recaptured
100 0 0
150 0 0
200 0 0
250 2 0
300 28 0
350 338 0
400 2596 0
450 13080 0
500 43468 0
550 101422 1
600 180382 4
650 255904 12
700 293398 25
750 278302 32
800 229716 29
850 175798 24
900 130724 15
950 96182 17
1000 70174 4
1050 50456 6
1100 35360 3
1150 24054 0
1200 16060 0
1250 10754 0
1300 7362 1
1350 5182 1
1400 3714 1
1450 2662 0
1500 1866 0
1550 1256 0
1600 798 0
1650 470 0
1700 254 0
1750 126 0
1800 56 0
1850 22 0
1900 8 0
1950 2 0
2000 0 0


Year 2010
class scanned recaptured
100 0 0
150 0 0
200 0 0
250 2 0
300 30 0
350 342 0
400 2546 0
450 12914 0
500 45438 0
550 110634 1
600 193100 0
650 259840 3
700 288924 17
750 275666 27
800 231594 20
850 178066 8
900 131090 18
950 95240 11
1000 68874 5
1050 49434 5
1100 34952 2
1150 24134 2
1200 16262 3
1250 10830 0
1300 7284 0
1350 5028 0
1400 3564 0
1450 2550 0
1500 1794 0
1550 1212 0
1600 770 0
1650 454 0
1700 246 0
1750 120 0
1800 54 0
1850 22 0
1900 8 0
1950 2 0
2000 0 0


Tags2009_R1_R1 :
tag-recapture data for tag Tags2009_R1 in years 2010 , step 1, after proportion 0.5 of mortality, with sampling method size, detection probability 1.
Year 2010
class scanned recaptured
100 0 0
150 0 0
200 0 0
250 2 0
300 30 0
350 342 0
400 2546 0
450 12914 0
500 45438 0
550 110634 1
600 193100 1
650 259840 19
700 288924 23
750 275666 25
800 231594 27
850 178066 24
900 131090 17
950 95240 11
1000 68874 8
1050 49434 8
1100 34952 1
1150 24134 0
1200 16262 1
1250 10830 0
1300 7284 1
1350 5028 0
1400 3564 0
1450 2550 0
1500 1794 0
1550 1212 0
1600 770 0
1650 454 0
1700 246 0
1750 120 0
1800 54 0
1850 22 0
1900 8 0
1950 2 0
2000 0 0



Ageing_error:
  Misclassification matrix:
1 0 0 0 0 0 0 0 0 0 0 0 0 0 0 0 0 0 0 0 0 0 0 0 0 0 0 0 0 0 
0 1 0 0 0 0 0 0 0 0 0 0 0 0 0 0 0 0 0 0 0 0 0 0 0 0 0 0 0 0 
0 0 1 0 0 0 0 0 0 0 0 0 0 0 0 0 0 0 0 0 0 0 0 0 0 0 0 0 0 0 
0 0 0 1 0 0 0 0 0 0 0 0 0 0 0 0 0 0 0 0 0 0 0 0 0 0 0 0 0 0 
0 0 0 0 1 0 0 0 0 0 0 0 0 0 0 0 0 0 0 0 0 0 0 0 0 0 0 0 0 0 
0 0 0 0 0 1 0 0 0 0 0 0 0 0 0 0 0 0 0 0 0 0 0 0 0 0 0 0 0 0 
0 0 0 0 0 0 1 0 0 0 0 0 0 0 0 0 0 0 0 0 0 0 0 0 0 0 0 0 0 0 
0 0 0 0 0 0 0 1 0 0 0 0 0 0 0 0 0 0 0 0 0 0 0 0 0 0 0 0 0 0 
0 0 0 0 0 0 0 0 1 0 0 0 0 0 0 0 0 0 0 0 0 0 0 0 0 0 0 0 0 0 
0 0 0 0 0 0 0 0 0 1 0 0 0 0 0 0 0 0 0 0 0 0 0 0 0 0 0 0 0 0 
0 0 0 0 0 0 0 0 0 0 1 0 0 0 0 0 0 0 0 0 0 0 0 0 0 0 0 0 0 0 
0 0 0 0 0 0 0 0 0 0 0 1 0 0 0 0 0 0 0 0 0 0 0 0 0 0 0 0 0 0 
0 0 0 0 0 0 0 0 0 0 0 0 1 0 0 0 0 0 0 0 0 0 0 0 0 0 0 0 0 0 
0 0 0 0 0 0 0 0 0 0 0 0 0 1 0 0 0 0 0 0 0 0 0 0 0 0 0 0 0 0 
0 0 0 0 0 0 0 0 0 0 0 0 0 0 1 0 0 0 0 0 0 0 0 0 0 0 0 0 0 0 
0 0 0 0 0 0 0 0 0 0 0 0 0 0 0 1 0 0 0 0 0 0 0 0 0 0 0 0 0 0 
0 0 0 0 0 0 0 0 0 0 0 0 0 0 0 0 1 0 0 0 0 0 0 0 0 0 0 0 0 0 
0 0 0 0 0 0 0 0 0 0 0 0 0 0 0 0 0 1 0 0 0 0 0 0 0 0 0 0 0 0 
0 0 0 0 0 0 0 0 0 0 0 0 0 0 0 0 0 0 1 0 0 0 0 0 0 0 0 0 0 0 
0 0 0 0 0 0 0 0 0 0 0 0 0 0 0 0 0 0 0 1 0 0 0 0 0 0 0 0 0 0 
0 0 0 0 0 0 0 0 0 0 0 0 0 0 0 0 0 0 0 0 1 0 0 0 0 0 0 0 0 0 
0 0 0 0 0 0 0 0 0 0 0 0 0 0 0 0 0 0 0 0 0 1 0 0 0 0 0 0 0 0 
0 0 0 0 0 0 0 0 0 0 0 0 0 0 0 0 0 0 0 0 0 0 1 0 0 0 0 0 0 0 
0 0 0 0 0 0 0 0 0 0 0 0 0 0 0 0 0 0 0 0 0 0 0 1 0 0 0 0 0 0 
0 0 0 0 0 0 0 0 0 0 0 0 0 0 0 0 0 0 0 0 0 0 0 0 1 0 0 0 0 0 
0 0 0 0 0 0 0 0 0 0 0 0 0 0 0 0 0 0 0 0 0 0 0 0 0 1 0 0 0 0 
0 0 0 0 0 0 0 0 0 0 0 0 0 0 0 0 0 0 0 0 0 0 0 0 0 0 1 0 0 0 
0 0 0 0 0 0 0 0 0 0 0 0 0 0 0 0 0 0 0 0 0 0 0 0 0 0 0 1 0 0 
0 0 0 0 0 0 0 0 0 0 0 0 0 0 0 0 0 0 0 0 0 0 0 0 0 0 0 0 1 0 
0 0 0 0 0 0 0 0 0 0 0 0 0 0 0 0 0 0 0 0 0 0 0 0 0 0 0 0 0 1 

Free parameters:

initialization.B0
uniform: bounds from 5000 to 500000
current value: 448262
lower bound: 5000
upper bound: 500000


Q's:
qs are nuisance parameters

Penalties:
LL1_Penalty :
Catch limit penalty of 1000 x the sum of squares of (log(actual catch) - log(specified catch)) for fishery LL1 to disencourage breaking exploitation rate limits
LL2_Penalty :
Catch limit penalty of 1000 x the sum of squares of (log(actual catch) - log(specified catch)) for fishery LL2 to disencourage breaking exploitation rate limits
meanYCS_1 :
Vector average penalty of 100 x square of (mean(recruitment.YCS) - 1) 
Penalty_Tags2005_R1_LL1 :
'Fish-must-be-tagged' penalty of 1 x square of (actual number of tagged fish - nominal number of tagged fish) for tagging episode Tags2005_R1_LL1
Penalty_Tags2006_R1_LL1 :
'Fish-must-be-tagged' penalty of 1 x square of (actual number of tagged fish - nominal number of tagged fish) for tagging episode Tags2006_R1_LL1
Penalty_Tags2007_R1_LL1 :
'Fish-must-be-tagged' penalty of 1 x square of (actual number of tagged fish - nominal number of tagged fish) for tagging episode Tags2007_R1_LL1
Penalty_Tags2008_R1_LL1 :
'Fish-must-be-tagged' penalty of 1 x square of (actual number of tagged fish - nominal number of tagged fish) for tagging episode Tags2008_R1_LL1
Penalty_Tags2009_R1_LL1 :
'Fish-must-be-tagged' penalty of 1 x square of (actual number of tagged fish - nominal number of tagged fish) for tagging episode Tags2009_R1_LL1

Components of the objective function are:
  LL1_catchA
  Tags2005_R1_R1
  Tags2006_R1_R1
  Tags2007_R1_R1
  Tags2008_R1_R1
  Tags2009_R1_R1
  prior_on_initialization.B0
  LL1_Penalty
  LL2_Penalty
  meanYCS_1
  Penalty_Tags2005_R1_LL1
  Penalty_Tags2006_R1_LL1
  Penalty_Tags2007_R1_LL1
  Penalty_Tags2008_R1_LL1
  Penalty_Tags2009_R1_LL1

Random number seed : 95614


Minimiser achieved convergence after 8 quasi-Newton iterations using 10 objective function evaluations



Approximate Covariance matrix (Inverse Hessian of parameters at point estimate):
1.0134e+007 

Correlation matrix:
1 

List of parameter names, in the same order as the rows & cols of the covariance/correlation matrices:
initialization.B0 



Start extracting output from here

Point estimate:
initialization.B0
current value: 230123
lower bound: 5000
upper bound: 500000


In a format suitable for -i :

initialization.B0 
230123 

Objective function : 887.466

Components :
LL1_catchA                                         377.663
Tags2005_R1_R1                                     164.285
Tags2006_R1_R1                                     129.823
Tags2007_R1_R1                                     105.27
Tags2008_R1_R1                                     74.9265
Tags2009_R1_R1                                     35.4978
prior_on_initialization.B0                         0
LL1_Penalty                                        0
LL2_Penalty                                        0
meanYCS_1                                          0
Penalty_Tags2005_R1_LL1                            3.30872e-024
Penalty_Tags2006_R1_LL1                            8.27181e-025
Penalty_Tags2007_R1_LL1                            8.27181e-025
Penalty_Tags2008_R1_LL1                            0
Penalty_Tags2009_R1_LL1                            8.27181e-025

Fits : 

The observations are:
LL1_catchA
Tags2005_R1_R1
Tags2006_R1_R1
Tags2007_R1_R1
Tags2008_R1_R1
Tags2009_R1_R1
Fits follow:

LL1_catchA :
catch proportions-at-age for fishery LL1  with ageing error (constrained to sum to 1):
obs (last class is a plus group):
class 1       2       3       4       5       6       7       8       9       10      11      12      13      14      15      16      17      18      19      20      21      22      23      24      25      26      27      28      29      30      
2000 0       0       0       0       0       0.01    0.05    0.11    0.16    0.11    0.19    0.1     0.04    0.06    0.03    0.03    0.03    0.01    0.02    0.01    0.01    0       0.02    0       0       0       0       0       0       0.01    
2001 0       0       0       0       0       0.02    0.09    0.1     0.18    0.14    0.12    0.09    0.08    0.06    0.02    0.04    0.01    0.01    0       0.01    0.01    0.01    0.01    0       0       0       0       0       0       0       
2002 0       0       0       0       0       0.01    0.1     0.14    0.23    0.16    0.11    0.08    0.05    0.04    0.05    0.02    0       0.01    0       0       0       0       0       0       0       0       0       0       0       0       
2003 0       0       0       0       0       0       0.09    0.13    0.24    0.16    0.05    0.09    0.08    0.04    0.06    0.01    0.01    0       0       0       0.01    0.01    0       0       0.01    0.01    0       0       0       0       
2004 0       0       0       0       0.02    0       0.1     0.2     0.1     0.13    0.14    0.07    0.06    0.07    0.03    0.03    0.01    0.02    0.01    0       0       0       0       0       0       0       0       0       0       0.01    
2005 0       0       0       0       0       0.03    0.01    0.2     0.21    0.13    0.13    0.1     0.04    0.04    0.03    0.01    0.04    0.02    0.01    0       0       0       0       0       0       0       0       0       0       0       
2006 0       0       0       0.01    0       0.02    0.12    0.13    0.14    0.21    0.1     0.05    0.09    0.03    0.03    0.01    0.02    0       0.03    0       0       0       0       0.01    0       0       0       0       0       0       
2007 0       0       0       0       0.02    0.02    0.08    0.14    0.2     0.14    0.08    0.05    0.1     0.06    0.04    0.02    0.02    0       0.01    0       0.02    0       0       0       0       0       0       0       0       0       
2008 0       0       0       0       0       0.06    0.09    0.12    0.14    0.12    0.21    0.05    0.02    0.05    0.02    0.02    0.04    0       0.01    0.02    0       0       0.02    0       0       0       0       0       0       0.01    
2009 0       0       0       0       0.02    0.02    0.08    0.15    0.15    0.13    0.13    0.12    0.07    0.04    0.02    0       0.02    0.05    0       0       0       0       0       0       0       0       0       0       0       0       
2010 0       0       0       0       0.01    0       0.03    0.12    0.14    0.2     0.15    0.05    0.06    0.05    0.07    0.03    0.02    0.01    0       0.03    0.01    0       0.01    0       0       0.01    0       0       0       0       
fits (last class is a plus group):
class 1       2       3       4       5       6       7       8       9       10      11      12      13      14      15      16      17      18      19      20      21      22      23      24      25      26      27      28      29      30      
2000 5.70865e-007 9.3945e-006 0.000109287 0.000898512 0.005219 0.0213924 0.0616135 0.123318 0.168673 0.156135 0.118079 0.0881566 0.0651562 0.0478022 0.034919 0.0255312 0.0188773 0.0143138 0.0111862 0.00883865 0.00693517 0.00539304 0.00414807 0.00314965 0.0023568 0.00173531 0.00125571 0.000892192 0.000622027 0.0032832 
2001 5.69308e-007 9.36941e-006 0.000109028 0.000896828 0.00521274 0.0213843 0.0616518 0.123559 0.169316 0.157441 0.119425 0.0891471 0.0658007 0.0481534 0.0350263 0.0253959 0.0184457 0.0135562 0.0102202 0.0079417 0.00623834 0.00486447 0.0037574 0.00286886 0.00216094 0.00160293 0.00116917 0.000837547 0.000588745 0.00321894 
2002 5.66135e-007 9.31553e-006 0.000108407 0.000891985 0.00518724 0.0212949 0.061455 0.123353 0.16944 0.158063 0.120522 0.0902339 0.0665863 0.0486567 0.0352966 0.0254775 0.0183459 0.0132412 0.00967279 0.00724902 0.00559844 0.00436924 0.00338333 0.00259365 0.00196411 0.00146635 0.00107735 0.00077783 0.000551214 0.00313335 
2003 5.61735e-007 9.23932e-006 0.000107501 0.000884581 0.00514574 0.0211363 0.0610539 0.122748 0.169092 0.158383 0.121254 0.0912512 0.0675306 0.049326 0.0357213 0.0257071 0.0184228 0.0131779 0.00945079 0.00686041 0.00510818 0.00391831 0.00303586 0.00233248 0.00177302 0.00133051 0.000983686 0.000715279 0.000510802 0.00302868 
2004 5.56472e-007 9.14686e-006 0.000106381 0.000875214 0.00509159 0.0209213 0.0604815 0.121801 0.168321 0.158416 0.12189 0.0920971 0.0685004 0.0501683 0.0363063 0.0260754 0.0186243 0.0132533 0.00941624 0.00670782 0.00483597 0.00357508 0.00272154 0.00209152 0.00159297 0.00119963 0.000891308 0.000652063 0.000468914 0.0029076 
2005 5.50682e-007 9.0438e-006 0.000105115 0.00086444 0.00502807 0.020663 0.0597723 0.12057 0.167182 0.15818 0.122418 0.092958 0.0694081 0.0510783 0.0370531 0.0265842 0.0189419 0.0134286 0.00948736 0.00669254 0.00473293 0.00338644 0.00248357 0.00187466 0.00142773 0.00107701 0.00080285 0.000590137 0.000426903 0.00277311 
2006 5.44669e-007 8.93532e-006 0.000103764 0.000852779 0.00495826 0.020374 0.0589612 0.119115 0.165734 0.157695 0.122826 0.0938076 0.0703819 0.0519831 0.0378797 0.0272319 0.0193752 0.0136965 0.00963571 0.006756 0.00472904 0.00331768 0.00235399 0.00171119 0.00127961 0.000964944 0.000720353 0.00053114 0.000385981 0.00262847 
2007 5.38677e-007 8.82575e-006 0.00010238 0.000840673 0.00488478 0.0200654 0.0580801 0.117493 0.164038 0.156988 0.123106 0.0946201 0.0713917 0.0529718 0.038728 0.0279567 0.0199222 0.0140561 0.00985563 0.00687764 0.00478274 0.00331961 0.00230847 0.00162288 0.00116833 0.000864801 0.000645208 0.000476315 0.000347151 0.00247693 
2008 5.32901e-007 8.71867e-006 0.000101008 0.000828513 0.00480999 0.0197471 0.0571577 0.115762 0.162152 0.156087 0.123254 0.0953727 0.0724068 0.0540147 0.0396595 0.0287127 0.0205363 0.0145053 0.010146 0.00705311 0.0048793 0.00336296 0.00231272 0.00159287 0.00110861 0.000789758 0.000578214 0.000426507 0.000311171 0.00232172 
2009 5.27471e-007 8.61678e-006 9.96858e-005 0.000816621 0.00473585 0.0194275 0.0562188 0.113968 0.160137 0.155026 0.123272 0.0960473 0.0733997 0.0550824 0.0406483 0.029543 0.0211825 0.0150096 0.0105051 0.0072815 0.00501553 0.00343731 0.00234631 0.00159748 0.00108887 0.000749683 0.000528106 0.000382183 0.000278551 0.00216584 
2010 5.2246e-007 8.52177e-006 9.84375e-005 0.000805247 0.00466399 0.0191135 0.0552842 0.112154 0.158044 0.15384 0.123167 0.0966316 0.0743468 0.0561475 0.0416685 0.0304261 0.0218909 0.0155427 0.0109077 0.00756139 0.00519066 0.00354034 0.00240195 0.0016226 0.00109293 0.000736719 0.000501433 0.000349071 0.000249562 0.00201198 
resids (last class is a plus group):
class 1       2       3       4       5       6       7       8       9       10      11      12      13      14      15      16      17      18      19      20      21      22      23      24      25      26      27      28      29      30      
2000 -5.70865e-007 -9.3945e-006 -0.000109287 -0.000898512 -0.005219 -0.0113924 -0.0116135 -0.0133179 -0.00867269 -0.0461353 0.0719207 0.0118434 -0.0251562 0.0121978 -0.00491903 0.00446885 0.0111227 -0.00431383 0.00881381 0.00116135 0.00306483 -0.00539304 0.0158519 -0.00314965 -0.0023568 -0.00173531 -0.00125571 -0.000892192 -0.000622027 0.0067168 
2001 -5.69308e-007 -9.36941e-006 -0.000109028 -0.000896828 -0.00521274 -0.00138428 0.0283482 -0.023559 0.0106841 -0.0174407 0.000574834 0.000852862 0.0141993 0.0118466 -0.0150263 0.0146041 -0.00844571 -0.00355618 -0.0102202 0.0020583 0.00376166 0.00513553 0.0062426 -0.00286886 -0.00216094 -0.00160293 -0.00116917 -0.000837547 -0.000588745 -0.00321894 
2002 -5.66135e-007 -9.31553e-006 -0.000108407 -0.000891985 -0.00518724 -0.0112949 0.038545 0.0166475 0.0605596 0.00193665 -0.0105215 -0.0102339 -0.0165863 -0.00865672 0.0147034 -0.00547752 -0.0183459 -0.00324116 -0.00967279 -0.00724902 -0.00559844 -0.00436924 -0.00338333 -0.00259365 -0.00196411 -0.00146635 -0.00107735 -0.00077783 -0.000551214 -0.00313335 
2003 -5.61735e-007 -9.23932e-006 -0.000107501 -0.000884581 -0.00514574 -0.0211363 0.0289461 0.00725165 0.0709078 0.00161693 -0.0712536 -0.0012512 0.0124694 -0.00932602 0.0242787 -0.0157071 -0.0084228 -0.0131779 -0.00945079 -0.00686041 0.00489182 0.00608169 -0.00303586 -0.00233248 0.00822698 0.00866949 -0.000983686 -0.000715279 -0.000510802 -0.00302868 
2004 -5.56472e-007 -9.14686e-006 -0.000106381 -0.000875214 0.0149084 -0.0209213 0.0395185 0.0781985 -0.0683211 -0.028416 0.0181101 -0.0220971 -0.00850043 0.0198317 -0.00630634 0.00392456 -0.00862432 0.00674668 0.000583756 -0.00670782 -0.00483597 -0.00357508 -0.00272154 -0.00209152 -0.00159297 -0.00119963 -0.000891308 -0.000652063 -0.000468914 0.0070924 
2005 -5.50682e-007 -9.0438e-006 -0.000105115 -0.00086444 -0.00502807 0.00933702 -0.0497723 0.0794299 0.0428178 -0.0281796 0.00758177 0.00704197 -0.0294081 -0.0110783 -0.00705305 -0.0165842 0.0210581 0.00657142 0.000512644 -0.00669254 -0.00473293 -0.00338644 -0.00248357 -0.00187466 -0.00142773 -0.00107701 -0.00080285 -0.000590137 -0.000426903 -0.00277311 
2006 -5.44669e-007 -8.93532e-006 -0.000103764 0.00914722 -0.00495826 -0.000374011 0.0610388 0.0108853 -0.0257344 0.0523051 -0.0228264 -0.0438076 0.0196181 -0.0219831 -0.00787969 -0.0172319 0.00062479 -0.0136965 0.0203643 -0.006756 -0.00472904 -0.00331768 -0.00235399 0.00828881 -0.00127961 -0.000964944 -0.000720353 -0.00053114 -0.000385981 -0.00262847 
2007 -5.38677e-007 -8.82575e-006 -0.00010238 -0.000840673 0.0151152 -6.54458e-005 0.0219199 0.0225065 0.0359624 -0.0169876 -0.0431064 -0.0446201 0.0286083 0.00702821 0.00127203 -0.0079567 7.77933e-005 -0.0140561 0.000144368 -0.00687764 0.0152173 -0.00331961 -0.00230847 -0.00162288 -0.00116833 -0.000864801 -0.000645208 -0.000476315 -0.000347151 -0.00247693 
2008 -5.32901e-007 -8.71867e-006 -0.000101008 -0.000828513 -0.00480999 0.0402529 0.0328423 0.00423818 -0.0221524 -0.0360868 0.0867456 -0.0453727 -0.0524068 -0.00401471 -0.0196595 -0.00871271 0.0194637 -0.0145053 -0.000146035 0.0129469 -0.0048793 -0.00336296 0.0176873 -0.00159287 -0.00110861 -0.000789758 -0.000578214 -0.000426507 -0.000311171 0.00767828 
2009 -5.27471e-007 -8.61678e-006 -9.96858e-005 -0.000816621 0.0152641 0.000572534 0.0237812 0.0360318 -0.0101372 -0.0250258 0.00672802 0.0239527 -0.00339969 -0.0150824 -0.0206483 -0.029543 -0.00118247 0.0349904 -0.0105051 -0.0072815 -0.00501553 -0.00343731 -0.00234631 -0.00159748 -0.00108887 -0.000749683 -0.000528106 -0.000382183 -0.000278551 -0.00216584 
2010 -5.2246e-007 -8.52177e-006 -9.84375e-005 -0.000805247 0.00533601 -0.0191135 -0.0252842 0.00784599 -0.0180436 0.0461598 0.0268326 -0.0466316 -0.0143468 -0.00614752 0.0283315 -0.000426132 -0.0018909 -0.00554267 -0.0109077 0.0224386 0.00480934 -0.00354034 0.00759805 -0.0016226 -0.00109293 0.00926328 -0.000501433 -0.000349071 -0.000249562 -0.00201198 
pearson_resids (last class is a plus group):
class 1       2       3       4       5       6       7       8       9       10      11      12      13      14      15      16      17      18      19      20      21      22      23      24      25      26      27      28      29      30      
2000 -0.00755557 -0.0306506 -0.104546 -0.299887 -0.724319 -0.787374 -0.482985 -0.405043 -0.231604 -1.271  2.22871 0.417725 -1.01929 0.571733 -0.267958 0.283319 0.817297 -0.363175 0.83804 0.124079 0.369308 -0.736362 2.46639 -0.562103 -0.486042 -0.416932 -0.354583 -0.298829 -0.249482 1.17416 
2001 -0.00754525 -0.0306096 -0.104422 -0.299605 -0.723882 -0.0956906 1.17861 -0.71591 0.284886 -0.478856 0.017726 0.0299296 0.572708 0.553344 -0.81733 0.92828 -0.62767 -0.307524 -1.01616 0.231891 0.477754 0.738119 1.02033 -0.536387 -0.465362 -0.400688 -0.342132 -0.289525 -0.242712 -0.568272 
2002 -0.0075242 -0.0305215 -0.104124 -0.298794 -0.7221 -0.782379 1.60495 0.506246 1.61432 0.0530879 -0.323172 -0.357183 -0.665304 -0.402358 0.796809 -0.347624 -1.36707 -0.283551 -0.988295 -0.854515 -0.750331 -0.662451 -0.58265 -0.50994 -0.443619 -0.38321 -0.328407 -0.279005 -0.234844 -0.560642 
2003 -0.0074949 -0.0303964 -0.103688 -0.297551 -0.719191 -1.46944 1.20897 0.220987 1.89172 0.0442874 -2.18287 -0.0434496 0.496909 -0.430668 1.30816 -0.992489 -0.626349 -1.15559 -0.976778 -0.831132 0.686199 0.97348 -0.551824 -0.483522 1.95555 2.37834 -0.313792 -0.267543 -0.226067 -0.55117 
2004 -0.00745971 -0.0302439 -0.103147 -0.29597 2.09466 -1.46179 1.65782 2.39098 -1.82603 -0.778242 0.553559 -0.764174 -0.336514 0.908495 -0.337145 0.24627 -0.637921 0.589963 0.0604431 -0.821774 -0.697099 -0.598992 -0.522395 -0.45781 -0.399439 -0.346565 -0.298681 -0.255438 -0.216595 1.31722 
2005 -0.0074208 -0.030073 -0.102531 -0.294141 -0.710878 0.656365 -2.09953 2.43929 1.1475  -0.772236 0.231315 0.242514 -1.15713 -0.503199 -0.373391 -1.03094 1.54476 0.570926 0.0528827 -0.820831 -0.689597 -0.582919 -0.498975 -0.433379 -0.378123 -0.328355 -0.28346 -0.242999 -0.20666 -0.527335 
2006 -0.00738017 -0.0298921 -0.10187 3.13369 -0.705901 -0.0264737 2.59131 0.336047 -0.69208 1.43516 -0.695423 -1.50252 0.766961 -0.990262 -0.412754 -1.05874 0.0453273 -1.17842 2.08463 -0.824739 -0.689312 -0.576951 -0.485752 2.00547 -0.357945 -0.310786 -0.268491 -0.230526 -0.196502 -0.513361 
2007 -0.00733946 -0.0297083 -0.101188 -0.290066 2.16798 -0.00466723 0.937169 0.698945 0.971144 -0.466962 -1.31198 -1.52449 1.1111  0.313792 0.0659269 -0.482667 0.00556728 -1.194  0.0146143 -0.832182 2.20566 -0.57712 -0.481021 -0.403177 -0.342008 -0.294202 -0.254091 -0.218299 -0.186352 -0.498305 
2008 -0.00730001 -0.0295275 -0.100508 -0.287958 -0.695215 2.89318 1.41474 0.132468 -0.601003 -0.994296 2.63882 -1.54471 -2.02218 -0.177605 -1.00736 -0.521726 1.37237 -1.21321 -0.0145721 1.54708 -0.70023 -0.580888 3.68216 -0.399426 -0.333142 -0.281137 -0.24053 -0.206565 -0.176428 1.59538 
2009 -0.00726272 -0.0293545 -0.0998478 -0.285883 2.22333 0.0414814 1.03242 1.13389 -0.276418 -0.691455 0.204655 0.812903 -0.13036 -0.661099 -1.04562 -1.74477 -0.0821206 2.87771 -1.03037 -0.856441 -0.709986 -0.587296 -0.484957 -0.400005 -0.330161 -0.273906 -0.229866 -0.195532 -0.166922 -0.46589 
2010 -0.00722814 -0.0291922 -0.0992206 -0.283883 0.783164 -1.39592 -1.10636 0.24864 -0.49464 1.27939 0.8165  -1.57829 -0.546891 -0.267044 1.41778 -0.0248102 -0.129224 -0.448082 -1.05014 2.59026 0.669274 -0.596063 1.55218 -0.403142 -0.330775 3.41408 -0.223983 -0.186867 -0.157995 -0.449003 
objective function: multinomial likelihood, with delta = 1e-011, N =
100 100 100 100 100 100 100 100 100 100 100 100 100 100 100 100 100 100 100 100 100 100 100 100 100 100 100 100 100 100 
100 100 100 100 100 100 100 100 100 100 100 100 100 100 100 100 100 100 100 100 100 100 100 100 100 100 100 100 100 100 
100 100 100 100 100 100 100 100 100 100 100 100 100 100 100 100 100 100 100 100 100 100 100 100 100 100 100 100 100 100 
100 100 100 100 100 100 100 100 100 100 100 100 100 100 100 100 100 100 100 100 100 100 100 100 100 100 100 100 100 100 
100 100 100 100 100 100 100 100 100 100 100 100 100 100 100 100 100 100 100 100 100 100 100 100 100 100 100 100 100 100 
100 100 100 100 100 100 100 100 100 100 100 100 100 100 100 100 100 100 100 100 100 100 100 100 100 100 100 100 100 100 
100 100 100 100 100 100 100 100 100 100 100 100 100 100 100 100 100 100 100 100 100 100 100 100 100 100 100 100 100 100 
100 100 100 100 100 100 100 100 100 100 100 100 100 100 100 100 100 100 100 100 100 100 100 100 100 100 100 100 100 100 
100 100 100 100 100 100 100 100 100 100 100 100 100 100 100 100 100 100 100 100 100 100 100 100 100 100 100 100 100 100 
100 100 100 100 100 100 100 100 100 100 100 100 100 100 100 100 100 100 100 100 100 100 100 100 100 100 100 100 100 100 
100 100 100 100 100 100 100 100 100 100 100 100 100 100 100 100 100 100 100 100 100 100 100 100 100 100 100 100 100 100 

Tags2005_R1_R1 :
tag-recapture data for tag Tags2005_R1 in years 2006 2007 2008 2009 2010 , step 1, after proportion 0.5 of mortality, with sampling method size, detection probability 1.
Year 2006
class scanned recaptured expected_prop neg_log_likelihood
100 0 0 0 0
150 0 0 1.24391e-012 0
200 0 0 7.38171e-012 0
250 2 0 5.22553e-011 1.04511e-010
300 28 0 7.04523e-010 1.97266e-008
350 320 0 8.80206e-009 2.81666e-006
400 2302 0 8.19802e-008 0.000188718
450 11502 0 5.51975e-007 0.00634881
500 39770 1 2.62815e-006 2.36288
550 96806 0 8.98182e-006 0.869498
600 173902 5 2.28476e-005 1.86281
650 243624 10 4.51598e-005 2.12562
700 277690 20 7.23198e-005 2.4211
750 266092 28 9.76739e-005 2.66375
800 224820 26 0.000116043 2.55129
850 178122 24 0.00012644 2.55886
900 136978 15 0.000130605 2.52562
950 101584 17 0.000130368 2.82899
1000 71958 7 0.000126639 2.17015
1050 49292 9 0.000119664 2.72807
1100 33518 4 0.000109428 1.64743
1150 23134 2 9.6e-005 1.31818
1200 16316 1 8.0179e-005 1.03952
1250 11662 1 6.39414e-005 1.0391
1300 8346 0 4.95746e-005 0.41376
1350 5944 0 3.83733e-005 0.228095
1400 4222 0 3.05287e-005 0.128894
1450 2988 0 2.53381e-005 0.0757111
1500 2086 1 2.19502e-005 3.1295
1550 1406 0 1.97426e-005 0.0277584
1600 896 0 1.82409e-005 0.016344
1650 530 0 1.72308e-005 0.00913241
1700 286 0 1.65682e-005 0.00473856
1750 140 0 1.61427e-005 0.00226
1800 62 0 1.58734e-005 0.00098416
1850 24 0 1.57044e-005 0.000376909
1900 8 0 1.55967e-005 0.000124774
1950 2 0 1.55179e-005 3.1036e-005
2000 0 0 1.5433e-005 0

total neg_log_likelihood: 36.7571


Year 2007
class scanned recaptured expected_prop neg_log_likelihood
100 0 0 0 0
150 0 0 4.15546e-015 0
200 0 0 4.20239e-013 0
250 2 0 6.27903e-012 1.2558e-011
300 28 0 1.29419e-010 3.62374e-009
350 344 0 1.79232e-009 6.16557e-007
400 2442 0 1.72177e-008 4.20457e-005
450 11568 0 1.32161e-007 0.00152884
500 39724 0 7.6425e-007 0.0303591
550 99366 0 3.22359e-006 0.320316
600 181960 0 1.00858e-005 1.83523
650 252416 4 2.42043e-005 2.0482
700 280488 13 4.62012e-005 2.20786
750 265182 14 7.25594e-005 3.03376
800 224010 23 9.7036e-005 2.52626
850 176300 20 0.000114833 2.4224
900 134278 23 0.000124929 3.52419
950 100438 20 0.000128781 4.07231
1000 72920 14 0.000128064 3.25176
1050 50898 9 0.000123591 2.54093
1100 34514 4 0.000115474 1.63284
1150 23278 2 0.000103635 1.34427
1200 15942 2 8.85806e-005 1.41502
1250 11162 0 7.20753e-005 0.804534
1300 7944 0 5.66186e-005 0.449791
1350 5686 0 4.40163e-005 0.250282
1400 4062 0 3.49137e-005 0.141822
1450 2880 0 2.87712e-005 0.0828624
1500 2006 0 2.4707e-005 0.0495629
1550 1350 0 2.2033e-005 0.0297449
1600 862 0 2.01917e-005 0.0174054
1650 512 0 1.89357e-005 0.00969519
1700 278 0 1.81003e-005 0.00503193
1750 138 0 1.7557e-005 0.00242288
1800 62 0 1.72096e-005 0.001067
1850 24 0 1.69899e-005 0.00040776
1900 8 0 1.68496e-005 0.000134798
1950 2 0 1.6751e-005 3.35024e-005
2000 0 0 1.66534e-005 0

total neg_log_likelihood: 34.0521


Year 2008
class scanned recaptured expected_prop neg_log_likelihood
100 0 0 0 0
150 0 0 0 0
200 0 0 1.20577e-014 0
250 2 0 5.72375e-013 1.14464e-012
300 28 0 2.19961e-011 6.1589e-010
350 344 0 4.13727e-010 1.42322e-007
400 2602 0 4.07705e-009 1.06085e-005
450 12332 0 3.13316e-008 0.000386381
500 40170 0 2.0567e-007 0.00826178
550 97884 0 1.03534e-006 0.101344
600 182308 0 3.92498e-006 0.715557
650 260086 1 1.13766e-005 1.87408
700 291620 9 2.59182e-005 2.15631
750 271378 20 4.77864e-005 4.05387
800 224512 16 7.33673e-005 2.31723
850 174626 21 9.68264e-005 2.90451
900 131756 16 0.000113853 2.34294
950 97934 11 0.000123441 2.17601
1000 71728 6 0.000126812 2.42826
1050 51120 6 0.000125393 1.84204
1100 35200 7 0.0001198 2.66832
1150 23658 4 0.000110017 1.95447
1200 15864 3 9.63143e-005 2.04792
1250 10828 0 8.01608e-005 0.868016
1300 7580 1 6.40804e-005 1.20778
1350 5410 0 5.02993e-005 0.272126
1400 3886 1 3.99774e-005 2.01738
1450 2772 0 3.28443e-005 0.0910459
1500 1934 0 2.80505e-005 0.0542504
1550 1300 0 2.48675e-005 0.0323281
1600 826 0 2.26577e-005 0.0187154
1650 490 0 2.11387e-005 0.0103581
1700 266 0 2.01208e-005 0.00535218
1750 132 0 1.94544e-005 0.002568
1800 58 0 1.9026e-005 0.00110352
1850 24 0 1.87541e-005 0.000450102
1900 8 0 1.85799e-005 0.000148641
1950 2 0 1.84581e-005 3.69165e-005
2000 0 0 1.83444e-005 0

total neg_log_likelihood: 34.1732


Year 2009
class scanned recaptured expected_prop neg_log_likelihood
100 0 0 0 0
150 0 0 0 0
200 0 0 4.06389e-017 0
250 2 0 3.48684e-014 6.9722e-014
300 28 0 2.94976e-012 8.2593e-011
350 338 0 9.30784e-011 3.14605e-008
400 2596 0 1.16364e-009 3.02082e-006
450 13080 0 8.04088e-009 0.000105175
500 43468 0 5.47001e-008 0.0023777
550 101422 0 3.10983e-007 0.0315405
600 180382 0 1.38818e-006 0.250403
650 255904 1 4.79332e-006 1.02236
700 293398 2 1.29572e-005 1.82392
750 278302 9 2.80417e-005 2.11408
800 229716 12 4.98114e-005 2.18168
850 175798 16 7.45513e-005 2.60872
900 130724 9 9.69063e-005 2.61813
950 96182 7 0.000113006 2.69285
1000 70174 12 0.000121906 2.78418
1050 50456 7 0.000124557 1.94298
1100 35360 6 0.000122065 2.12114
1150 24054 3 0.000114808 1.50587
1200 16060 2 0.000103016 1.3406
1250 10754 0 8.78584e-005 0.944871
1300 7362 1 7.17233e-005 1.16658
1350 5182 0 5.71133e-005 0.29597
1400 3714 0 4.57034e-005 0.169746
1450 2662 0 3.75868e-005 0.100058
1500 1866 0 3.2025e-005 0.0597595
1550 1256 0 2.82883e-005 0.0355306
1600 798 0 2.56733e-005 0.0204875
1650 470 0 2.38658e-005 0.011217
1700 254 0 2.26496e-005 0.00575306
1750 126 0 2.18509e-005 0.00275324
1800 56 0 2.13363e-005 0.00119485
1850 22 0 2.10091e-005 0.000462206
1900 8 0 2.07994e-005 0.000166397
1950 2 0 2.06519e-005 4.13043e-005
2000 0 0 2.0515e-005 0

total neg_log_likelihood: 27.8555


Year 2010
class scanned recaptured expected_prop neg_log_likelihood
100 0 0 0 0
150 0 0 0 0
200 0 0 0 0
250 2 0 1.03473e-015 1.9984e-015
300 30 0 2.83234e-013 8.49654e-012
350 342 0 1.74788e-011 5.97775e-009
400 2546 0 3.75253e-010 9.55394e-007
450 12914 0 2.38639e-009 3.08178e-005
500 45438 0 1.54443e-008 0.000701759
550 110634 0 9.21098e-008 0.0101905
600 193100 0 4.62799e-007 0.0893665
650 259840 2 1.85756e-006 2.63267
700 288924 2 5.88396e-006 1.33188
750 275666 6 1.4856e-005 2.2155
800 231594 9 3.05043e-005 2.27054
850 178066 12 5.21209e-005 2.53258
900 131090 5 7.59797e-005 3.25477
950 95240 14 9.7158e-005 3.29483
1000 68874 5 0.000112202 2.29118
1050 49434 4 0.000120187 1.99165
1100 34952 6 0.000121756 2.14539
1150 24134 2 0.000117642 1.44526
1200 16262 3 0.000108322 1.8547
1250 10830 3 9.48004e-005 2.73947
1300 7284 0 7.92466e-005 0.577255
1350 5028 0 6.42778e-005 0.323199
1400 3564 0 5.20198e-005 0.185403
1450 2550 0 4.29958e-005 0.109642
1500 1794 0 3.66614e-005 0.0657717
1550 1212 0 3.23381e-005 0.0391945
1600 770 0 2.92803e-005 0.0225462
1650 454 0 2.71528e-005 0.0123275
1700 246 0 2.57159e-005 0.00632618
1750 120 0 2.47702e-005 0.00297246
1800 54 0 2.41603e-005 0.00130467
1850 22 0 2.37724e-005 0.000522999
1900 8 0 2.3524e-005 0.000188194
1950 2 0 2.33492e-005 4.66989e-005
2000 0 0 2.31848e-005 0

total neg_log_likelihood: 31.4474


Tags2006_R1_R1 :
tag-recapture data for tag Tags2006_R1 in years 2007 2008 2009 2010 , step 1, after proportion 0.5 of mortality, with sampling method size, detection probability 1.
Year 2007
class scanned recaptured expected_prop neg_log_likelihood
100 0 0 0 0
150 0 0 2.41664e-012 0
200 0 0 1.09948e-011 0
250 2 0 6.41451e-011 1.2829e-010
300 28 0 8.34774e-010 2.33737e-008
350 344 0 1.03808e-008 3.571e-006
400 2442 0 9.30192e-008 0.000227153
450 11568 0 5.99067e-007 0.00693001
500 39724 0 2.7622e-006 0.109726
550 99366 0 9.25863e-006 0.919997
600 181960 3 2.3299e-005 1.69792
650 252416 13 4.57845e-005 2.29439
700 280488 18 7.30846e-005 2.5277
750 265182 23 9.84861e-005 2.68413
800 224010 26 0.00011667 2.55148
850 176300 25 0.000126436 2.69002
900 134278 13 0.000129354 2.81036
950 100438 18 0.00012726 3.31292
1000 72920 8 0.0001213 2.01076
1050 50898 4 0.000112158 1.91875
1100 34514 3 0.000100348 1.52837
1150 23278 1 8.63963e-005 1.31243
1200 15942 1 7.11969e-005 1.00834
1250 11162 0 5.63582e-005 0.629088
1300 7944 0 4.36178e-005 0.346507
1350 5686 0 3.38971e-005 0.192742
1400 4062 1 2.72224e-005 2.31259
1450 2880 0 2.28896e-005 0.0659229
1500 2006 0 2.01121e-005 0.0403452
1550 1350 0 1.83295e-005 0.024745
1600 862 0 1.71299e-005 0.0147661
1650 512 0 1.63277e-005 0.00835987
1700 278 0 1.58028e-005 0.00439321
1750 138 0 1.54657e-005 0.00213428
1800 62 0 1.5252e-005 0.000945631
1850 24 0 1.51174e-005 0.000362821
1900 8 0 1.50312e-005 0.00012025
1950 2 0 1.49692e-005 2.99387e-005
2000 0 0 1.49056e-005 0

total neg_log_likelihood: 33.0275


Year 2008
class scanned recaptured expected_prop neg_log_likelihood
100 0 0 0 0
150 0 0 8.33834e-015 0
200 0 0 7.25468e-013 0
250 2 0 8.06236e-012 1.61247e-011
300 28 0 1.48452e-010 4.15664e-009
350 344 0 2.05039e-009 7.05335e-007
400 2602 0 1.96575e-008 5.11488e-005
450 12332 0 1.46558e-007 0.00180735
500 40170 0 8.20242e-007 0.0329491
550 97884 0 3.37733e-006 0.330587
600 182308 1 1.04052e-005 1.2567
650 260086 5 2.47332e-005 1.91323
700 291620 12 4.69252e-005 2.27651
750 271378 16 7.34001e-005 2.72411
800 224512 17 9.78475e-005 2.9501
850 174626 24 0.000115347 2.85921
900 131756 14 0.000124697 2.4336
950 97934 9 0.000127217 2.5588
1000 71728 4 0.000124628 3.35569
1050 51120 4 0.000118027 2.02227
1100 35200 6 0.000108004 2.36822
1150 23658 1 9.50218e-005 1.43799
1200 15864 1 7.99045e-005 1.03045
1250 10828 1 6.42811e-005 1.05835
1300 7580 0 5.0175e-005 0.380336
1350 5410 0 3.89574e-005 0.210764
1400 3886 0 3.10219e-005 0.120553
1450 2772 0 2.57734e-005 0.0714448
1500 1934 0 2.23686e-005 0.0432613
1550 1300 0 2.01687e-005 0.0262195
1600 826 0 1.86774e-005 0.0154276
1650 490 0 1.76715e-005 0.00865913
1700 266 0 1.7007e-005 0.00452391
1750 132 0 1.65764e-005 0.00218811
1800 58 0 1.63014e-005 0.000945489
1850 24 0 1.61271e-005 0.000387053
1900 8 0 1.60149e-005 0.00012812
1950 2 0 1.59351e-005 3.18705e-005
2000 0 0 1.5859e-005 0

total neg_log_likelihood: 31.4955


Year 2009
class scanned recaptured expected_prop neg_log_likelihood
100 0 0 0 0
150 0 0 0 0
200 0 0 2.33482e-014 0
250 2 0 8.30986e-013 1.662e-012
300 28 0 2.57038e-011 7.19706e-010
350 338 0 4.60521e-010 1.55656e-007
400 2596 0 4.57907e-009 1.18873e-005
450 13080 0 3.50809e-008 0.000458858
500 43468 0 2.24881e-007 0.00977514
550 101422 0 1.10424e-006 0.111994
600 180382 2 4.10717e-006 2.03389
650 255904 2 1.17482e-005 1.49806
700 293398 6 2.65206e-005 2.05016
750 278302 18 4.85823e-005 3.04021
800 229716 23 7.42422e-005 3.42364
850 175798 18 9.75957e-005 2.38908
900 130724 23 0.00011422 4.3586
950 96182 7 0.000122952 3.05906
1000 70174 7 0.000124921 2.09502
1050 50456 3 0.000121655 2.48644
1100 35360 4 0.00011411 1.63297
1150 24054 2 0.00010279 1.35515
1200 16060 1 8.84203e-005 1.06933
1250 10754 1 7.25618e-005 1.02832
1300 7362 1 5.74206e-005 1.28371
1350 5182 0 4.48029e-005 0.232174
1400 3714 0 3.55551e-005 0.132054
1450 2662 0 2.92934e-005 0.0779801
1500 1866 0 2.51709e-005 0.0469694
1550 1256 0 2.24863e-005 0.0282431
1600 798 0 2.06575e-005 0.0164848
1650 470 0 1.94196e-005 0.00912728
1700 254 0 1.85991e-005 0.00472423
1750 126 0 1.80659e-005 0.00227632
1800 56 0 1.77244e-005 0.000992575
1850 22 0 1.75075e-005 0.000385168
1900 8 0 1.73674e-005 0.000138941
1950 2 0 1.72673e-005 3.45349e-005
2000 0 0 1.71728e-005 0

total neg_log_likelihood: 33.4775


Year 2010
class scanned recaptured expected_prop neg_log_likelihood
100 0 0 0 0
150 0 0 0 0
200 0 0 8.13001e-017 0
250 2 0 5.97717e-014 1.1946e-013
300 30 0 3.7098e-012 1.11294e-010
350 342 0 1.03764e-010 3.54871e-008
400 2546 0 1.27647e-009 3.24989e-006
450 12914 0 8.95889e-009 0.000115695
500 45438 0 6.04515e-008 0.00274679
550 110634 0 3.37018e-007 0.0372857
600 193100 0 1.4746e-006 0.284745
650 259840 1 5.01052e-006 1.03808
700 288924 3 1.33822e-005 1.60119
750 275666 4 2.87031e-005 2.81678
800 231594 8 5.06488e-005 2.6374
850 178066 15 7.5423e-005 2.36684
900 131090 16 9.75962e-005 2.68225
950 95240 15 0.000113191 3.01377
1000 68874 15 0.000121137 4.42097
1050 49434 4 0.000122348 2.02719
1100 34952 3 0.000118097 1.66628
1150 24134 2 0.000109169 1.39027
1200 16262 0 9.62788e-005 1.56576
1250 10830 2 8.08591e-005 1.83427
1300 7284 0 6.51733e-005 0.474738
1350 5028 1 5.13917e-005 1.61161
1400 3564 0 4.0863e-005 0.145639
1450 2550 0 3.35223e-005 0.0854834
1500 1794 0 2.85951e-005 0.0513004
1550 1212 0 2.53493e-005 0.0307238
1600 770 0 2.31238e-005 0.0178055
1650 454 0 2.16124e-005 0.00981213
1700 246 0 2.06092e-005 0.00506993
1750 120 0 1.99568e-005 0.00239484
1800 54 0 1.95388e-005 0.00105511
1850 22 0 1.92732e-005 0.000424015
1900 8 0 1.91016e-005 0.000152814
1950 2 0 1.89781e-005 3.79566e-005
2000 0 0 1.886e-005 0

total neg_log_likelihood: 31.8222


Tags2007_R1_R1 :
tag-recapture data for tag Tags2007_R1 in years 2008 2009 2010 , step 1, after proportion 0.5 of mortality, with sampling method size, detection probability 1.
Year 2008
class scanned recaptured expected_prop neg_log_likelihood
100 0 0 0 0
150 0 0 1.34035e-012 0
200 0 0 8.82008e-012 0
250 2 0 5.78087e-011 1.15617e-010
300 28 0 7.64547e-010 2.14073e-008
350 344 0 9.63207e-009 3.31343e-006
400 2602 0 8.89518e-008 0.000231453
450 12332 0 5.87514e-007 0.00724522
500 40170 0 2.74845e-006 0.110406
550 97884 0 9.27176e-006 0.907562
600 182308 9 2.33474e-005 4.02243
650 260086 6 4.57081e-005 3.61415
700 291620 13 7.24537e-005 4.02283
750 271378 25 9.67877e-005 2.56268
800 224512 16 0.00011371 4.36404
850 174626 20 0.000122581 2.46813
900 131756 14 0.00012545 2.44854
950 97934 7 0.000124348 3.20581
1000 71728 6 0.00012029 2.27723
1050 51120 4 0.000113571 1.94841
1100 35200 5 0.000104192 1.95738
1150 23658 2 9.21357e-005 1.31443
1200 15864 0 7.78519e-005 1.23509
1250 10828 1 6.27884e-005 1.06568
1300 7580 0 4.89881e-005 0.371339
1350 5410 0 3.79445e-005 0.205284
1400 3886 0 3.01418e-005 0.117133
1450 2772 0 2.50182e-005 0.0693514
1500 1934 0 2.17367e-005 0.0420392
1550 1300 0 1.96487e-005 0.0255436
1600 826 0 1.82626e-005 0.0150851
1650 490 0 1.73486e-005 0.00850091
1700 266 0 1.67574e-005 0.00445751
1750 132 0 1.6381e-005 0.00216231
1800 58 0 1.61437e-005 0.00093634
1850 24 0 1.59941e-005 0.000383862
1900 8 0 1.58971e-005 0.000127178
1950 2 0 1.58254e-005 3.1651e-005
2000 0 0 1.57525e-005 0

total neg_log_likelihood: 38.3946


Year 2009
class scanned recaptured expected_prop neg_log_likelihood
100 0 0 0 0
150 0 0 4.22476e-015 0
200 0 0 5.00233e-013 0
250 2 0 7.16591e-012 1.43319e-011
300 28 0 1.39677e-010 3.91095e-009
350 338 0 1.93548e-009 6.54193e-007
400 2596 0 1.87083e-008 4.85668e-005
450 13080 0 1.4246e-007 0.00186337
500 43468 0 8.12e-007 0.035296
550 101422 0 3.37962e-006 0.342769
600 180382 2 1.04559e-005 1.31022
650 255904 5 2.48273e-005 1.89594
700 293398 12 4.68647e-005 2.28473
750 278302 14 7.27377e-005 3.32496
800 229716 21 9.61147e-005 2.47193
850 175798 16 0.000112429 2.69423
900 130724 12 0.00012102 2.67197
950 96182 10 0.000123643 2.23776
1000 70174 10 0.000122171 2.19115
1050 50456 7 0.000117538 1.99485
1100 35360 5 0.000109936 1.88615
1150 24054 3 9.92804e-005 1.56831
1200 16060 1 8.58056e-005 1.05735
1250 10754 1 7.0719e-005 1.03423
1300 7362 0 5.60797e-005 0.41287
1350 5182 2 4.37346e-005 3.88874
1400 3714 0 3.46327e-005 0.128628
1450 2662 0 2.84657e-005 0.0757767
1500 1866 0 2.44239e-005 0.0455755
1550 1256 0 2.18116e-005 0.0273957
1600 798 0 2.00541e-005 0.0160033
1650 470 0 1.88814e-005 0.00887436
1700 254 0 1.8115e-005 0.00460125
1750 126 0 1.76227e-005 0.00222048
1800 56 0 1.73102e-005 0.000969378
1850 22 0 1.71125e-005 0.000376478
1900 8 0 1.69841e-005 0.000135874
1950 2 0 1.68898e-005 3.37799e-005
2000 0 0 1.67967e-005 0

total neg_log_likelihood: 33.616


Year 2010
class scanned recaptured expected_prop neg_log_likelihood
100 0 0 0 0
150 0 0 0 0
200 0 0 1.29241e-014 0
250 2 0 6.83536e-013 1.36713e-012
300 30 0 2.41653e-011 7.24957e-010
350 342 0 4.44677e-010 1.52079e-007
400 2546 0 4.41186e-009 1.12326e-005
450 12914 0 3.40243e-008 0.000439389
500 45438 0 2.21667e-007 0.0100721
550 110634 0 1.10307e-006 0.122038
600 193100 0 4.13289e-006 0.798063
650 259840 6 1.18398e-005 2.91305
700 288924 8 2.66446e-005 1.97489
750 275666 6 4.84994e-005 4.39106
800 231594 18 7.35062e-005 2.3962
850 178066 15 9.5804e-005 2.40812
900 131090 15 0.000111342 2.28401
950 95240 15 0.000119472 2.80188
1000 68874 14 0.000121712 3.8076
1050 49434 9 0.000119701 2.71822
1100 34952 5 0.00011421 1.85801
1150 24134 1 0.000105306 1.60875
1200 16262 1 9.30986e-005 1.09921
1250 10830 1 7.85264e-005 1.0124
1300 7284 0 6.35287e-005 0.462758
1350 5028 0 5.01758e-005 0.25229
1400 3564 0 3.98689e-005 0.142096
1450 2550 0 3.26362e-005 0.0832238
1500 1794 0 2.77711e-005 0.0498221
1550 1212 0 2.45694e-005 0.0297785
1600 770 0 2.23859e-005 0.0172373
1650 454 0 2.09146e-005 0.00949534
1700 246 0 1.99463e-005 0.00490683
1750 120 0 1.93212e-005 0.00231857
1800 54 0 1.89232e-005 0.00102186
1850 22 0 1.86711e-005 0.000410767
1900 8 0 1.85076e-005 0.000148062
1950 2 0 1.83878e-005 3.67759e-005
2000 0 0 1.82692e-005 0

total neg_log_likelihood: 33.2596


Tags2008_R1_R1 :
tag-recapture data for tag Tags2008_R1 in years 2009 2010 , step 1, after proportion 0.5 of mortality, with sampling method size, detection probability 1.
Year 2009
class scanned recaptured expected_prop neg_log_likelihood
100 0 0 0 0
150 0 0 1.37441e-012 0
200 0 0 9.51981e-012 0
250 2 0 6.1497e-011 1.22994e-010
300 28 0 8.11081e-010 2.27103e-008
350 338 0 1.02619e-008 3.46852e-006
400 2596 0 9.47118e-008 0.000245872
450 13080 0 6.23269e-007 0.00815236
500 43468 0 2.90583e-006 0.126311
550 101422 1 9.7831e-006 1.00003
600 180382 4 2.45808e-005 1.65483
650 255904 12 4.79023e-005 2.17105
700 293398 25 7.52717e-005 2.71617
750 278302 32 9.91476e-005 2.98895
800 229716 29 0.000114187 2.74673
850 175798 24 0.000120041 2.70173
900 130724 15 0.000119418 2.29057
950 96182 17 0.000115035 3.70615
1000 70174 4 0.000108438 2.67003
1050 50456 6 0.000100259 1.91125
1100 35360 3 9.067e-005 1.50265
1150 24054 0 7.96664e-005 1.91637
1200 16060 0 6.74305e-005 1.08297
1250 10754 0 5.48206e-005 0.589557
1300 7362 1 4.32246e-005 1.4632
1350 5182 1 3.37968e-005 1.9173
1400 3714 1 2.70251e-005 2.39922
1450 2662 0 2.25261e-005 0.0599653
1500 1866 0 1.96273e-005 0.0366248
1550 1256 0 1.77805e-005 0.0223326
1600 798 0 1.65576e-005 0.0132131
1650 470 0 1.57545e-005 0.00740467
1700 254 0 1.52372e-005 0.00387028
1750 126 0 1.4909e-005 0.00187855
1800 56 0 1.47026e-005 0.000823353
1850 22 0 1.45727e-005 0.000320602
1900 8 0 1.4488e-005 0.000115905
1950 2 0 1.44243e-005 2.88488e-005
2000 0 0 1.43588e-005 0

total neg_log_likelihood: 37.7101


Year 2010
class scanned recaptured expected_prop neg_log_likelihood
100 0 0 0 0
150 0 0 4.25074e-015 0
200 0 0 5.31274e-013 0
250 2 0 7.69845e-012 1.53968e-011
300 30 0 1.47923e-010 4.43769e-009
350 342 0 2.05859e-009 7.04036e-007
400 2546 0 1.99328e-008 5.07488e-005
450 12914 0 1.51691e-007 0.00195893
500 45438 0 8.62566e-007 0.0391933
550 110634 1 3.58264e-006 1.32179
600 193100 0 1.10622e-005 2.13612
650 259840 3 2.6177e-005 2.84204
700 288924 17 4.90999e-005 2.60269
750 275666 27 7.542e-005 3.4166
800 231594 20 9.815e-005 2.59199
850 178066 8 0.000112479 6.65639
900 131090 18 0.000118062 2.56406
950 95240 11 0.000117293 2.12672
1000 68874 5 0.000112713 2.30368
1050 49434 5 0.000105782 1.74535
1100 34952 2 9.70421e-005 1.64223
1150 24134 2 8.65894e-005 1.30877
1200 16262 3 7.45629e-005 2.42615
1250 10830 0 6.1691e-005 0.668134
1300 7284 0 4.93329e-005 0.35935
1350 5028 0 3.8825e-005 0.195216
1400 3564 0 3.09658e-005 0.110364
1450 2550 0 2.55722e-005 0.0652099
1500 1794 0 2.2007e-005 0.039481
1550 1212 0 1.96924e-005 0.0238674
1600 770 0 1.8134e-005 0.0139633
1650 454 0 1.70961e-005 0.00776167
1700 246 0 1.64195e-005 0.00403924
1750 120 0 1.59863e-005 0.00191837
1800 54 0 1.57119e-005 0.000848448
1850 22 0 1.55386e-005 0.000341851
1900 8 0 1.54259e-005 0.000123408
1950 2 0 1.53421e-005 3.06845e-005
2000 0 0 1.52574e-005 0

total neg_log_likelihood: 37.2164


Tags2009_R1_R1 :
tag-recapture data for tag Tags2009_R1 in years 2010 , step 1, after proportion 0.5 of mortality, with sampling method size, detection probability 1.
Year 2010
class scanned recaptured expected_prop neg_log_likelihood
100 0 0 0 0
150 0 0 1.38006e-012 0
200 0 0 9.62682e-012 0
250 2 0 6.22341e-011 1.24468e-010
300 30 0 8.11953e-010 2.43586e-008
350 342 0 1.03024e-008 3.52343e-006
400 2546 0 9.52922e-008 0.000242614
450 12914 0 6.25206e-007 0.00807392
500 45438 0 2.89573e-006 0.131576
550 110634 1 9.67509e-006 1.00236
600 193100 1 2.41438e-005 3.12272
650 259840 19 4.68058e-005 4.03391
700 288924 23 7.33305e-005 2.56573
750 275666 25 9.65999e-005 2.58256
800 231594 27 0.000111688 2.59438
850 178066 24 0.000118338 2.70602
900 131090 17 0.000119012 2.40129
950 95240 11 0.000116074 2.12554
1000 68874 8 0.000110771 1.97788
1050 49434 8 0.000103541 2.66023
1100 34952 1 9.44477e-005 2.10693
1150 24134 0 8.34294e-005 2.01357
1200 16262 1 7.06555e-005 1.01008
1250 10830 0 5.70311e-005 0.617664
1300 7284 1 4.41215e-005 1.45647
1350 5028 0 3.33743e-005 0.167809
1400 3564 0 2.55397e-005 0.0910248
1450 2550 0 2.03152e-005 0.0518042
1500 1794 0 1.69706e-005 0.0304456
1550 1212 0 1.48686e-005 0.0180209
1600 770 0 1.35056e-005 0.0103994
1650 454 0 1.26308e-005 0.0057344
1700 246 0 1.2079e-005 0.00297145
1750 120 0 1.17349e-005 0.00140819
1800 54 0 1.15209e-005 0.000622133
1850 22 0 1.13865e-005 0.000250505
1900 8 0 1.12975e-005 9.03803e-005
1950 2 0 1.12274e-005 2.24549e-005
2000 0 0 1.11519e-005 0

total neg_log_likelihood: 35.4978


Output quantities start here

* Scalar parameter values
initialization.B0 230123

* Nuisance q's

* B0
230123

* R0
1.66969e+007

* SSBs
SSB 230123 225916 215908 205267 194204 183002 171962 161357 151408 142277 134065 126806 120498 115119 110640 107030 104258 102295 101106 100657 100916 
year 1990 1991 1992 1993 1994 1995 1996 1997 1998 1999 2000 2001 2002 2003 2004 2005 2006 2007 2008 2009 2010 

* recruitments
recruitment 1.66969e+007 1.66969e+007 1.66637e+007 1.658e+007 1.64831e+007 1.63725e+007 1.62486e+007 1.6113e+007 1.59678e+007 1.58159e+007 1.56609e+007 1.55065e+007 1.53564e+007 1.52139e+007 1.50825e+007 1.49653e+007 1.48652e+007 1.47846e+007 1.47254e+007 1.46887e+007 1.46746e+007 
year 1990 1991 1992 1993 1994 1995 1996 1997 1998 1999 2000 2001 2002 2003 2004 2005 2006 2007 2008 2009 2010 

* YCS
YCS 1 1 1 1 1 1 1 1 1 1 1 1 1 1 1 1 1 1 1 1 1 
year 1989 1990 1991 1992 1993 1994 1995 1996 1997 1998 1999 2000 2001 2002 2003 2004 2005 2006 2007 2008 2009 

* true_YCS
true_YCS 1 1 0.998008 0.992995 0.987192 0.980568 0.973152 0.965029 0.956333 0.947236 0.937952 0.928704 0.919712 0.911182 0.903313 0.896292 0.890294 0.885467 0.881923 0.879723 0.878883 
year 1989 1990 1991 1992 1993 1994 1995 1996 1997 1998 1999 2000 2001 2002 2003 2004 2005 2006 2007 2008 2009 

* fishing_pressures
LL1 0 0.0965651 0.100262 0.103787 0.106879 0.109314 0.11091 0.111534 0.111106 0.109611 0.107097 0.103655 0.0994008 0.0944635 0.0889817 0.0830917 0.0769219 0.0705842 0.064175 0.0577732 0.051441 
LL2 0 0.0965651 0.100262 0.103787 0.106879 0.109314 0.11091 0.111534 0.111106 0.109611 0.107097 0.103655 0.0994008 0.0944635 0.0889817 0.0830917 0.0769219 0.0705842 0.064175 0.0577732 0.051441 
year 1990 1991 1992 1993 1994 1995 1996 1997 1998 1999 2000 2001 2002 2003 2004 2005 2006 2007 2008 2009 2010 

* Numbers_at_age_R1
1990  1.54982e+007 1.32729e+007 1.13671e+007 9.73497e+006 8.33718e+006 7.14009e+006 6.11488e+006 5.23687e+006 4.48494e+006 3.84097e+006 3.28946e+006 2.81715e+006 2.41265e+006 2.06623e+006 1.76955e+006 1.51547e+006 1.29787e+006 1.11152e+006 951919 815238 698182 597934 512080 438553 375583 321655 275470 235917 202043 1.20509e+006 
1991  1.54982e+007 1.32729e+007 1.1367e+007 9.73413e+006 8.3323e+006 7.12021e+006 6.05761e+006 5.12023e+006 4.31693e+006 3.66986e+006 3.14394e+006 2.69508e+006 2.31167e+006 1.98384e+006 1.70326e+006 1.46287e+006 1.2567e+006 1.07974e+006 927731 797079 684737 588116 505009 433531 372066 319225 273815 234805 201306 1.20173e+006 
1992  1.54673e+007 1.32729e+007 1.1367e+007 9.7339e+006 8.33054e+006 7.11041e+006 6.01887e+006 5.01191e+006 4.10238e+006 3.36585e+006 2.83531e+006 2.4324e+006 2.09104e+006 1.80099e+006 1.55373e+006 1.34223e+006 1.16069e+006 1.00437e+006 869374 752520 651187 563207 486775 420370 362700 312654 269269 231704 199220 1.19403e+006 
1993  1.53897e+007 1.32465e+007 1.1367e+007 9.73385e+006 8.33014e+006 7.108e+006 6.00776e+006 4.97357e+006 4.00558e+006 3.18705e+006 2.59003e+006 2.18497e+006 1.88001e+006 1.62313e+006 1.40565e+006 1.22047e+006 1.06185e+006 925178 806782 703727 613684 534794 465559 404759 351381 304567 263576 227755 196521 1.18542e+006 
1994  1.52997e+007 1.31799e+007 1.13443e+007 9.73381e+006 8.3299e+006 7.10684e+006 6.00319e+006 4.95872e+006 3.96591e+006 3.10155e+006 2.44337e+006 1.98866e+006 1.68277e+006 1.45437e+006 1.26278e+006 1.10087e+006 962897 844316 741551 651813 572945 503284 441546 386735 338057 294869 256624 222848 193110 1.17555e+006 
1995  1.51971e+007 1.31029e+007 1.12874e+007 9.7144e+006 8.32972e+006 7.10599e+006 6.00015e+006 4.9503e+006 3.94661e+006 3.06229e+006 2.37039e+006 1.87027e+006 1.527e+006 1.29806e+006 1.12843e+006 986497 866545 764052 675492 598145 529938 469313 415113 366482 322783 283531 248343 216895 188898 1.16405e+006 
1996  1.50821e+007 1.3015e+007 1.12214e+007 9.66558e+006 8.31301e+006 7.10538e+006 5.99799e+006 4.94451e+006 3.93456e+006 3.04117e+006 2.33496e+006 1.81025e+006 1.4329e+006 1.17539e+006 1.00513e+006 879895 775194 686541 610443 544209 485801 433701 386806 344330 305724 270609 238716 209841 183815 1.15053e+006 
1997  1.49562e+007 1.29165e+007 1.11461e+007 9.60908e+006 8.27119e+006 7.09092e+006 5.99679e+006 4.94108e+006 3.92714e+006 3.02845e+006 2.3158e+006 1.78088e+006 1.38516e+006 1.10161e+006 909095 782917 690752 613626 548086 491464 441732 397378 357302 320735 287160 256247 227793 201676 177816 1.13463e+006 
1998  1.48214e+007 1.28087e+007 1.10618e+007 9.54461e+006 8.22286e+006 7.0553e+006 5.9847e+006 4.94023e+006 3.92438e+006 3.02237e+006 2.30567e+006 1.76593e+006 1.36242e+006 1.06472e+006 851886 707999 614526 546707 489815 441212 398881 361301 327355 296254 267470 240678 215696 192443 170894 1.116e+006 
1999  1.46805e+007 1.26933e+007 1.09695e+007 9.47244e+006 8.16776e+006 7.0144e+006 5.9556e+006 4.93226e+006 3.92657e+006 3.02312e+006 2.30334e+006 1.75992e+006 1.35226e+006 1.04818e+006 824050 663964 556119 486690 436647 394500 358250 326372 297726 271492 247106 224213 202618 182243 163084 1.09433e+006 
2000  1.45366e+007 1.25726e+007 1.08706e+007 9.3934e+006 8.10614e+006 6.96798e+006 5.92284e+006 4.91206e+006 3.92595e+006 3.03087e+006 2.3089e+006 1.76189e+006 1.35044e+006 1.04242e+006 812759 643374 522350 441056 389200 352065 320626 293364 269127 247059 226557 207220 188813 171234 154468 1.06941e+006 
2001  1.43933e+007 1.24493e+007 1.07672e+007 9.30878e+006 8.03869e+006 6.91622e+006 5.88613e+006 4.89045e+006 3.91819e+006 3.03942e+006 2.32237e+006 1.77182e+006 1.35617e+006 1.04412e+006 810554 636207 507352 415160 353377 314331 286549 262876 242157 223518 206313 190095 174582 159624 145176 1.04109e+006 
2002  1.42539e+007 1.23266e+007 1.06617e+007 9.22028e+006 7.96651e+006 6.85968e+006 5.84553e+006 4.86699e+006 3.91158e+006 3.04509e+006 2.33878e+006 1.78958e+006 1.36933e+006 1.0526e+006 814832 636623 503249 404361 333451 286017 256315 235311 217282 201343 186824 173237 160249 147661 135382 1.00934e+006 
2003  1.41217e+007 1.22072e+007 1.05566e+007 9.12995e+006 7.89104e+006 6.79927e+006 5.80138e+006 4.84146e+006 3.9054e+006 3.05391e+006 2.35499e+006 1.81121e+006 1.38975e+006 1.06773e+006 825028 642569 505439 402427 325738 270589 233750 210886 194811 180902 168474 157011 146140 135613 125290 974286 
2004  1.39997e+007 1.2094e+007 1.04544e+007 9.04e+006 7.81404e+006 6.73616e+006 5.75434e+006 4.81388e+006 3.89905e+006 3.06489e+006 2.37532e+006 1.83405e+006 1.41424e+006 1.08932e+006 841014 653588 512296 405704 325268 265109 221704 192738 174910 162440 151559 141733 132560 123753 115125 936176 
2005  1.38909e+007 1.19896e+007 1.03574e+007 8.95252e+006 7.73737e+006 6.67182e+006 5.70527e+006 4.7845e+006 3.89215e+006 3.07713e+006 2.39867e+006 1.86121e+006 1.4406e+006 1.11483e+006 862625 669570 523456 412898 329116 265575 217817 183239 160177 146087 136276 127642 119766 112330 105112 895403 
2006  1.3798e+007 1.18964e+007 1.0268e+007 8.86955e+006 7.66283e+006 6.60781e+006 5.65531e+006 4.75384e+006 3.88451e+006 3.08993e+006 2.42406e+006 1.89168e+006 1.47113e+006 1.14244e+006 887829 690390 538839 423727 336249 269630 218842 180478 152604 134017 122734 114906 107960 101563 95465.2 852478 
2007  1.37232e+007 1.18168e+007 1.01882e+007 8.79301e+006 7.59215e+006 6.54564e+006 5.60569e+006 4.72261e+006 3.87623e+006 3.1028e+006 2.45064e+006 1.92447e+006 1.50491e+006 1.17389e+006 915144 714432 558367 438145 346451 276443 222860 181800 150635 127915 112763 103613 97281.9 91622.1 86366.3 808011 
2008  1.36682e+007 1.17527e+007 1.012e+007 8.72474e+006 7.52698e+006 6.48676e+006 5.55762e+006 4.69165e+006 3.86757e+006 3.11544e+006 2.47775e+006 1.95876e+006 1.54108e+006 1.20842e+006 945934 740482 580737 456101 359700 285851 229201 185629 152078 126500 107793 95313.1 87808.2 82624.4 77959.9 762664 
2009  1.36341e+007 1.17057e+007 1.00651e+007 8.66642e+006 7.46888e+006 6.43256e+006 5.51227e+006 4.66184e+006 3.859e+006 3.12781e+006 2.50492e+006 1.99383e+006 1.57885e+006 1.24526e+006 979544 769627 604963 476547 375969 297847 237739 191419 155630 127950 106764 91225.8 80854.5 74636.7 70347 717122 
2010  1.36211e+007 1.16765e+007 1.00249e+007 8.61949e+006 7.41929e+006 6.38436e+006 5.47077e+006 4.63408e+006 3.85108e+006 3.14008e+006 2.53192e+006 2.02918e+006 1.61757e+006 1.28373e+006 1.01534e+006 801334 631929 498680 394413 312427 248481 199074 160842 131182 108153 90466.8 77463.9 68779.9 63584.9 672051 

Output quantities finish here

Unused parameters:
annual_cycle.fishery_areas annual_cycle.migrate_from annual_cycle.migrate_to annual_cycle.migration_names annual_cycle.migration_times annual_cycle.n_migrations annual_cycle.recruitment_areas annual_cycle.spawning_all_areas area_names recruitment.p_male recruitment.year_range tag[Tags2005_R1_LL1].area tag[Tags2005_R1_LL1].sex tag[Tags2006_R1_LL1].area tag[Tags2006_R1_LL1].sex tag[Tags2007_R1_LL1].area tag[Tags2007_R1_LL1].sex tag[Tags2008_R1_LL1].area tag[Tags2008_R1_LL1].sex tag[Tags2009_R1_LL1].area tag[Tags2009_R1_LL1].sex MCMC.adapt_at MCMC.adaptive_stepsize MCMC.burn_in MCMC.keep MCMC.length MCMC.start MCMC.stepsize profile[1].l profile[1].n profile[1].parameter profile[1].u tag_recapture[Tags2005_R1_R1].area tag_recapture[Tags2006_R1_R1].area tag_recapture[Tags2007_R1_R1].area tag_recapture[Tags2008_R1_R1].area tag_recapture[Tags2009_R1_R1].area n_projections numbers_at[Numbers_at_age_R1].area print.final_state print.initial_state print.requests print.results print.state_annually print.state_every_step print.yields 
