CASAL (C++ algorithmic stock assessment laboratory)
Call: C:/Users/bstacy/Documents/GitHub/lasac/projects/simulations/sim/con0.5/casal -e -q -f EM 
Date: Tue Oct 15 00:54:53 2019
v2.30-2012-03-21 00:22:59 UTC (rev.4648)  (c) Copyright 2002-2012, NIWA
User name: bstacy
Machine name: DOM-IMA-HVZRNF2 (Microsoft Windows, PID=3460)

Prefix for the input parameter filenames : EM

Random number seed : 61293

Estimation parameters:
Stored as strings: 
  MCMC.adapt_at                 	1e+05 2e+05 3e+05 4e+05
  MCMC.adaptive_stepsize        	True
  MCMC.burn_in                  	500
  MCMC.keep                     	1000
  MCMC.length                   	1500000
  MCMC.start                    	0
  MCMC.stepsize                 	0.01
  ageing_error.c                	0
  ageing_error.type             	normal
  catch_at[LL1_catchA].2000     	0 0 0 0 0.01 0.01 0.04 0.1 0.17 0.12 0.09 0.13 0.07 0.07 0.04 0.02 0.04 0.04 0 0.04 0 0 0 0 0.01 0 0 0 0 0
  catch_at[LL1_catchA].2001     	0 0 0 0 0 0.02 0.12 0.07 0.12 0.14 0.14 0.1 0.07 0.08 0.02 0.01 0.01 0.02 0.03 0.02 0 0.01 0 0 0.01 0 0 0 0 0.01
  catch_at[LL1_catchA].2002     	0 0 0 0 0.01 0.03 0.02 0.18 0.18 0.07 0.13 0.09 0.1 0.07 0.02 0.06 0.03 0 0 0.01 0 0 0 0 0 0 0 0 0 0
  catch_at[LL1_catchA].2003     	0 0 0 0 0.01 0.01 0.08 0.12 0.2 0.11 0.06 0.09 0.13 0.03 0.05 0.01 0.02 0.05 0.01 0.02 0 0 0 0 0 0 0 0 0 0
  catch_at[LL1_catchA].2004     	0 0 0 0 0.01 0.02 0.05 0.14 0.13 0.1 0.15 0.09 0.09 0.05 0.04 0.01 0.04 0.01 0.03 0.02 0.01 0 0 0 0 0 0.01 0 0 0
  catch_at[LL1_catchA].2005     	0 0 0 0 0 0 0.06 0.08 0.16 0.23 0.12 0.07 0.09 0.06 0.05 0.04 0.01 0 0.01 0.02 0 0 0 0 0 0 0 0 0 0
  catch_at[LL1_catchA].2006     	0 0 0 0 0.02 0.02 0.05 0.19 0.12 0.21 0.1 0.07 0.04 0.08 0.02 0.04 0.02 0 0.01 0 0 0 0 0.01 0 0 0 0 0 0
  catch_at[LL1_catchA].2007     	0 0 0 0 0 0.05 0.03 0.09 0.19 0.09 0.17 0.04 0.06 0.06 0.03 0.05 0.03 0.01 0 0.03 0.02 0.01 0.03 0 0 0 0 0 0.01 0
  catch_at[LL1_catchA].2008     	0 0 0 0 0 0.02 0.04 0.1 0.16 0.09 0.15 0.12 0.09 0.05 0.03 0.08 0.02 0.02 0.02 0 0.01 0 0 0 0 0 0 0 0 0
  catch_at[LL1_catchA].2009     	0 0 0 0 0 0.02 0.02 0.13 0.18 0.23 0.12 0.1 0.06 0.03 0.02 0.04 0.01 0.01 0.02 0 0 0 0.01 0 0 0 0 0 0 0
  catch_at[LL1_catchA].2010     	0 0 0 0 0.01 0.02 0.04 0.12 0.18 0.25 0.07 0.06 0.03 0.03 0.05 0.05 0 0.01 0.04 0.01 0 0 0 0.01 0.01 0 0 0 0 0.01
  catch_at[LL1_catchA].N_2000   	100
  catch_at[LL1_catchA].N_2001   	100
  catch_at[LL1_catchA].N_2002   	100
  catch_at[LL1_catchA].N_2003   	100
  catch_at[LL1_catchA].N_2004   	100
  catch_at[LL1_catchA].N_2005   	100
  catch_at[LL1_catchA].N_2006   	100
  catch_at[LL1_catchA].N_2007   	100
  catch_at[LL1_catchA].N_2008   	100
  catch_at[LL1_catchA].N_2009   	100
  catch_at[LL1_catchA].N_2010   	100
  catch_at[LL1_catchA].at_size  	False
  catch_at[LL1_catchA].dist     	multinomial
  catch_at[LL1_catchA].fishery  	LL1
  catch_at[LL1_catchA].max_class	30
  catch_at[LL1_catchA].min_class	1
  catch_at[LL1_catchA].plus_group	True
  catch_at[LL1_catchA].r        	1e-11
  catch_at[LL1_catchA].sexed    	False
  catch_at[LL1_catchA].sum_to_one	True
  catch_at[LL1_catchA].years    	2000 2001 2002 2003 2004 2005 2006 2007 2008 2009 2010
  catch_limit_penalty[1].fishery	LL1
  catch_limit_penalty[1].label  	LL1_Penalty
  catch_limit_penalty[1].log_scale	True
  catch_limit_penalty[1].multiplier	1000
  catch_limit_penalty[2].fishery	LL2
  catch_limit_penalty[2].label  	LL2_Penalty
  catch_limit_penalty[2].log_scale	True
  catch_limit_penalty[2].multiplier	1000
  estimate[1].lower_bound       	5000
  estimate[1].parameter         	initialization.B0
  estimate[1].prior             	uniform
  estimate[1].upper_bound       	5e+05
  estimator                     	Bayes
  fish_tagged_penalty[1].label  	Penalty_Tags2005_R1_LL1
  fish_tagged_penalty[1].multiplier	1
  fish_tagged_penalty[1].tagging_episode	Tags2005_R1_LL1
  fish_tagged_penalty[2].label  	Penalty_Tags2006_R1_LL1
  fish_tagged_penalty[2].multiplier	1
  fish_tagged_penalty[2].tagging_episode	Tags2006_R1_LL1
  fish_tagged_penalty[3].label  	Penalty_Tags2007_R1_LL1
  fish_tagged_penalty[3].multiplier	1
  fish_tagged_penalty[3].tagging_episode	Tags2007_R1_LL1
  fish_tagged_penalty[4].label  	Penalty_Tags2008_R1_LL1
  fish_tagged_penalty[4].multiplier	1
  fish_tagged_penalty[4].tagging_episode	Tags2008_R1_LL1
  fish_tagged_penalty[5].label  	Penalty_Tags2009_R1_LL1
  fish_tagged_penalty[5].multiplier	1
  fish_tagged_penalty[5].tagging_episode	Tags2009_R1_LL1
  grad_tol                      	0.001
  max_evals                     	10000
  max_iters                     	1600
  profile[1].l                  	40000
  profile[1].n                  	11
  profile[1].parameter          	initialization.B0
  profile[1].u                  	130000
  q_method                      	nuisance
  tag_recapture[Tags2005_R1_R1].area	R1
  tag_recapture[Tags2005_R1_R1].class_mins	100 150 200 250 300 350 400 450 500 550 600 650 700 750 800 850 900 950 1000 1050 1100 1150 1200 1250 1300 1350 1400 1450 1500 1550 1600 1650 1700 1750 1800 1850 1900 1950 2000 2050
  tag_recapture[Tags2005_R1_R1].detection_probability	1
  tag_recapture[Tags2005_R1_R1].dispersion	1
  tag_recapture[Tags2005_R1_R1].do_bootstrap	True
  tag_recapture[Tags2005_R1_R1].plus_group	False
  tag_recapture[Tags2005_R1_R1].proportion_mortality	0.5
  tag_recapture[Tags2005_R1_R1].r	1e-11
  tag_recapture[Tags2005_R1_R1].recaptured_2006	0 0 0 0 0 0 0 0 0 0 3 16 23 27 29 23 16 14 8 4 5 3 1 1 0 0 0 0 0 1 0 0 0 0 0 0 0 0 0
  tag_recapture[Tags2005_R1_R1].recaptured_2007	0 0 0 0 0 0 0 0 0 0 0 7 10 14 19 16 12 11 5 1 3 2 0 1 1 0 0 0 0 0 0 0 0 0 0 0 0 0 0
  tag_recapture[Tags2005_R1_R1].recaptured_2008	0 0 0 0 0 0 0 0 0 0 1 1 9 13 18 12 20 9 11 5 5 0 1 1 2 2 0 0 0 0 0 0 0 0 0 0 0 0 0
  tag_recapture[Tags2005_R1_R1].recaptured_2009	0 0 0 0 0 0 0 0 0 0 0 0 0 6 10 14 8 8 10 6 6 4 0 0 0 0 0 0 0 0 0 0 0 0 0 0 0 0 0
  tag_recapture[Tags2005_R1_R1].recaptured_2010	0 0 0 0 0 0 0 0 0 0 0 0 0 4 4 18 10 9 12 3 7 3 0 0 0 1 0 0 0 0 0 0 0 0 0 0 0 0 0
  tag_recapture[Tags2005_R1_R1].sample	size
  tag_recapture[Tags2005_R1_R1].scanned_2006	0 0 0 2 28 320 2302 11502 39770 96806 173902 243624 277690 266092 224820 178122 136978 101584 71958 49292 33518 23134 16316 11662 8346 5944 4222 2988 2086 1406 896 530 286 140 62 24 8 2 0
  tag_recapture[Tags2005_R1_R1].scanned_2007	0 0 0 2 28 344 2442 11568 39724 99366 181960 252416 280488 265182 224010 176300 134278 100438 72920 50898 34514 23278 15942 11162 7944 5686 4062 2880 2006 1350 862 512 278 138 62 24 8 2 0
  tag_recapture[Tags2005_R1_R1].scanned_2008	0 0 0 2 28 344 2602 12332 40170 97884 182308 260086 291620 271378 224512 174626 131756 97934 71728 51120 35200 23658 15864 10828 7580 5410 3886 2772 1934 1300 826 490 266 132 58 24 8 2 0
  tag_recapture[Tags2005_R1_R1].scanned_2009	0 0 0 2 28 338 2596 13080 43468 101422 180382 255904 293398 278302 229716 175798 130724 96182 70174 50456 35360 24054 16060 10754 7362 5182 3714 2662 1866 1256 798 470 254 126 56 22 8 2 0
  tag_recapture[Tags2005_R1_R1].scanned_2010	0 0 0 2 30 342 2546 12914 45438 110634 193100 259840 288924 275666 231594 178066 131090 95240 68874 49434 34952 24134 16262 10830 7284 5028 3564 2550 1794 1212 770 454 246 120 54 22 8 2 0
  tag_recapture[Tags2005_R1_R1].step	1
  tag_recapture[Tags2005_R1_R1].tag_name	Tags2005_R1
  tag_recapture[Tags2005_R1_R1].years	2006 2007 2008 2009 2010
  tag_recapture[Tags2006_R1_R1].area	R1
  tag_recapture[Tags2006_R1_R1].class_mins	100 150 200 250 300 350 400 450 500 550 600 650 700 750 800 850 900 950 1000 1050 1100 1150 1200 1250 1300 1350 1400 1450 1500 1550 1600 1650 1700 1750 1800 1850 1900 1950 2000 2050
  tag_recapture[Tags2006_R1_R1].detection_probability	1
  tag_recapture[Tags2006_R1_R1].dispersion	1
  tag_recapture[Tags2006_R1_R1].do_bootstrap	True
  tag_recapture[Tags2006_R1_R1].plus_group	False
  tag_recapture[Tags2006_R1_R1].proportion_mortality	0.5
  tag_recapture[Tags2006_R1_R1].r	1e-11
  tag_recapture[Tags2006_R1_R1].recaptured_2007	0 0 0 0 0 0 0 0 0 4 1 10 18 31 24 17 24 12 3 11 1 2 0 0 0 0 0 0 0 0 0 0 0 0 0 0 0 0 0
  tag_recapture[Tags2006_R1_R1].recaptured_2008	0 0 0 0 0 0 0 0 0 1 1 6 8 19 28 21 18 15 10 3 3 3 1 0 1 0 0 0 0 0 0 0 0 0 0 0 0 0 0
  tag_recapture[Tags2006_R1_R1].recaptured_2009	0 0 0 0 0 0 0 0 0 1 0 7 6 10 12 23 5 10 7 1 2 4 1 0 1 0 0 0 0 0 0 0 0 0 0 0 0 0 0
  tag_recapture[Tags2006_R1_R1].recaptured_2010	0 0 0 0 0 0 0 0 0 0 0 1 6 7 14 8 11 11 11 2 4 2 2 0 0 0 0 0 0 0 0 0 0 0 0 0 0 0 0
  tag_recapture[Tags2006_R1_R1].sample	size
  tag_recapture[Tags2006_R1_R1].scanned_2007	0 0 0 2 28 344 2442 11568 39724 99366 181960 252416 280488 265182 224010 176300 134278 100438 72920 50898 34514 23278 15942 11162 7944 5686 4062 2880 2006 1350 862 512 278 138 62 24 8 2 0
  tag_recapture[Tags2006_R1_R1].scanned_2008	0 0 0 2 28 344 2602 12332 40170 97884 182308 260086 291620 271378 224512 174626 131756 97934 71728 51120 35200 23658 15864 10828 7580 5410 3886 2772 1934 1300 826 490 266 132 58 24 8 2 0
  tag_recapture[Tags2006_R1_R1].scanned_2009	0 0 0 2 28 338 2596 13080 43468 101422 180382 255904 293398 278302 229716 175798 130724 96182 70174 50456 35360 24054 16060 10754 7362 5182 3714 2662 1866 1256 798 470 254 126 56 22 8 2 0
  tag_recapture[Tags2006_R1_R1].scanned_2010	0 0 0 2 30 342 2546 12914 45438 110634 193100 259840 288924 275666 231594 178066 131090 95240 68874 49434 34952 24134 16262 10830 7284 5028 3564 2550 1794 1212 770 454 246 120 54 22 8 2 0
  tag_recapture[Tags2006_R1_R1].step	1
  tag_recapture[Tags2006_R1_R1].tag_name	Tags2006_R1
  tag_recapture[Tags2006_R1_R1].years	2007 2008 2009 2010
  tag_recapture[Tags2007_R1_R1].area	R1
  tag_recapture[Tags2007_R1_R1].class_mins	100 150 200 250 300 350 400 450 500 550 600 650 700 750 800 850 900 950 1000 1050 1100 1150 1200 1250 1300 1350 1400 1450 1500 1550 1600 1650 1700 1750 1800 1850 1900 1950 2000 2050
  tag_recapture[Tags2007_R1_R1].detection_probability	1
  tag_recapture[Tags2007_R1_R1].dispersion	1
  tag_recapture[Tags2007_R1_R1].do_bootstrap	True
  tag_recapture[Tags2007_R1_R1].plus_group	False
  tag_recapture[Tags2007_R1_R1].proportion_mortality	0.5
  tag_recapture[Tags2007_R1_R1].r	1e-11
  tag_recapture[Tags2007_R1_R1].recaptured_2008	0 0 0 0 0 0 0 0 0 2 3 14 23 26 24 32 14 8 4 2 2 2 1 0 2 0 0 0 0 0 0 0 0 0 0 0 0 0 0
  tag_recapture[Tags2007_R1_R1].recaptured_2009	0 0 0 0 0 0 0 0 0 0 1 6 12 26 17 25 26 9 5 3 1 3 1 0 0 0 0 0 0 0 0 0 0 0 0 0 0 0 0
  tag_recapture[Tags2007_R1_R1].recaptured_2010	0 0 0 0 0 0 0 0 0 0 0 3 13 13 14 23 14 12 6 5 6 3 0 0 1 0 2 0 0 0 0 0 0 0 0 0 0 0 0
  tag_recapture[Tags2007_R1_R1].sample	size
  tag_recapture[Tags2007_R1_R1].scanned_2008	0 0 0 2 28 344 2602 12332 40170 97884 182308 260086 291620 271378 224512 174626 131756 97934 71728 51120 35200 23658 15864 10828 7580 5410 3886 2772 1934 1300 826 490 266 132 58 24 8 2 0
  tag_recapture[Tags2007_R1_R1].scanned_2009	0 0 0 2 28 338 2596 13080 43468 101422 180382 255904 293398 278302 229716 175798 130724 96182 70174 50456 35360 24054 16060 10754 7362 5182 3714 2662 1866 1256 798 470 254 126 56 22 8 2 0
  tag_recapture[Tags2007_R1_R1].scanned_2010	0 0 0 2 30 342 2546 12914 45438 110634 193100 259840 288924 275666 231594 178066 131090 95240 68874 49434 34952 24134 16262 10830 7284 5028 3564 2550 1794 1212 770 454 246 120 54 22 8 2 0
  tag_recapture[Tags2007_R1_R1].step	1
  tag_recapture[Tags2007_R1_R1].tag_name	Tags2007_R1
  tag_recapture[Tags2007_R1_R1].years	2008 2009 2010
  tag_recapture[Tags2008_R1_R1].area	R1
  tag_recapture[Tags2008_R1_R1].class_mins	100 150 200 250 300 350 400 450 500 550 600 650 700 750 800 850 900 950 1000 1050 1100 1150 1200 1250 1300 1350 1400 1450 1500 1550 1600 1650 1700 1750 1800 1850 1900 1950 2000 2050
  tag_recapture[Tags2008_R1_R1].detection_probability	1
  tag_recapture[Tags2008_R1_R1].dispersion	1
  tag_recapture[Tags2008_R1_R1].do_bootstrap	True
  tag_recapture[Tags2008_R1_R1].plus_group	False
  tag_recapture[Tags2008_R1_R1].proportion_mortality	0.5
  tag_recapture[Tags2008_R1_R1].r	1e-11
  tag_recapture[Tags2008_R1_R1].recaptured_2009	0 0 0 0 0 0 0 0 0 1 4 15 16 32 30 13 15 7 7 1 3 0 3 0 2 1 0 0 0 0 0 0 0 0 0 0 0 0 0
  tag_recapture[Tags2008_R1_R1].recaptured_2010	0 0 0 0 0 0 0 0 1 0 0 12 18 26 18 17 22 11 6 3 6 0 0 1 0 0 0 0 0 0 0 0 0 0 0 0 0 0 0
  tag_recapture[Tags2008_R1_R1].sample	size
  tag_recapture[Tags2008_R1_R1].scanned_2009	0 0 0 2 28 338 2596 13080 43468 101422 180382 255904 293398 278302 229716 175798 130724 96182 70174 50456 35360 24054 16060 10754 7362 5182 3714 2662 1866 1256 798 470 254 126 56 22 8 2 0
  tag_recapture[Tags2008_R1_R1].scanned_2010	0 0 0 2 30 342 2546 12914 45438 110634 193100 259840 288924 275666 231594 178066 131090 95240 68874 49434 34952 24134 16262 10830 7284 5028 3564 2550 1794 1212 770 454 246 120 54 22 8 2 0
  tag_recapture[Tags2008_R1_R1].step	1
  tag_recapture[Tags2008_R1_R1].tag_name	Tags2008_R1
  tag_recapture[Tags2008_R1_R1].years	2009 2010
  tag_recapture[Tags2009_R1_R1].area	R1
  tag_recapture[Tags2009_R1_R1].class_mins	100 150 200 250 300 350 400 450 500 550 600 650 700 750 800 850 900 950 1000 1050 1100 1150 1200 1250 1300 1350 1400 1450 1500 1550 1600 1650 1700 1750 1800 1850 1900 1950 2000 2050
  tag_recapture[Tags2009_R1_R1].detection_probability	1
  tag_recapture[Tags2009_R1_R1].dispersion	1
  tag_recapture[Tags2009_R1_R1].do_bootstrap	True
  tag_recapture[Tags2009_R1_R1].plus_group	False
  tag_recapture[Tags2009_R1_R1].proportion_mortality	0.5
  tag_recapture[Tags2009_R1_R1].r	1e-11
  tag_recapture[Tags2009_R1_R1].recaptured_2010	0 0 0 0 0 0 0 0 1 1 2 11 31 32 33 22 11 18 6 7 2 4 1 0 0 1 0 0 0 0 0 0 0 0 0 0 0 0 0
  tag_recapture[Tags2009_R1_R1].sample	size
  tag_recapture[Tags2009_R1_R1].scanned_2010	0 0 0 2 30 342 2546 12914 45438 110634 193100 259840 288924 275666 231594 178066 131090 95240 68874 49434 34952 24134 16262 10830 7284 5028 3564 2550 1794 1212 770 454 246 120 54 22 8 2 0
  tag_recapture[Tags2009_R1_R1].step	1
  tag_recapture[Tags2009_R1_R1].tag_name	Tags2009_R1
  tag_recapture[Tags2009_R1_R1].years	2010
  vector_average_penalty[1].k   	1
  vector_average_penalty[1].label	meanYCS_1
  vector_average_penalty[1].multiplier	100
  vector_average_penalty[1].vector	recruitment.YCS
Stored as DOUBLEs: 
Stored as VECTORs: 
Stored as OGIVEs: 

Population parameters:
Stored as strings: 
  annual_cycle.M_props          	1
  annual_cycle.aging_time       	1
  annual_cycle.baranov          	False
  annual_cycle.fishery_areas    	R1
  annual_cycle.fishery_names    	LL1 LL2
  annual_cycle.fishery_times    	1 1
  annual_cycle.growth_props     	0
  annual_cycle.migrate_from     	R1
  annual_cycle.migrate_to       	R2
  annual_cycle.migration_names  	MoveRec_1_2
  annual_cycle.migration_times  	1
  annual_cycle.n_migrations     	0
  annual_cycle.recruitment_areas	R1
  annual_cycle.recruitment_time 	1
  annual_cycle.spawning_all_areas	1
  annual_cycle.spawning_p       	1
  annual_cycle.spawning_part_mort	0.5
  annual_cycle.spawning_time    	1
  annual_cycle.spawning_use_total_B	False
  annual_cycle.time_steps       	1
  area_names                    	R1
  current                       	2010
  final                         	2045
  first_random_year             	2007
  fishery[LL1].U_max            	0.95
  fishery[LL1].catches          	0 6000 6000 6000 6000 6000 6000 6000 6000 6000 6000 6000 6000 6000 6000 6000 6000 6000 6000 6000 6000
  fishery[LL1].future_constant_catches	200
  fishery[LL1].selectivity      	SelLL
  fishery[LL1].years            	1990 1991 1992 1993 1994 1995 1996 1997 1998 1999 2000 2001 2002 2003 2004 2005 2006 2007 2008 2009 2010
  fishery[LL2].U_max            	0.95
  fishery[LL2].catches          	0 0 0 0 0 0 0 0 0 0 0 0 0 0 0 0 0 0 0 0 0
  fishery[LL2].future_constant_catches	200
  fishery[LL2].selectivity      	SelLL
  fishery[LL2].years            	1990 1991 1992 1993 1994 1995 1996 1997 1998 1999 2000 2001 2002 2003 2004 2005 2006 2007 2008 2009 2010
  initial                       	1990
  initialization.B0             	448262
  mature_partition              	False
  maturity_props.all            	allvalues  0 0 0 0 0 0 0 0 0 0 0 0.1667 0.3333 0.5 0.6667 0.8333 1 1 1 1 1 1 1 1 1 1 1 1 1 1
  max_age                       	30
  min_age                       	1
  n_areas                       	1
  n_stocks                      	1
  n_tags                        	5
  natural_mortality.all         	0.155
  plus_group                    	True
  randomisation_method          	lognormal
  recruitment.SR                	BH
  recruitment.YCS               	1 1 1 1 1 1 1 1 1 1 1 1 1 1 1 1 1 1 1 1 1
  recruitment.YCS_years         	1989 1990 1991 1992 1993 1994 1995 1996 1997 1998 1999 2000 2001 2002 2003 2004 2005 2006 2007 2008 2009
  recruitment.first_free        	1989
  recruitment.last_free         	2006
  recruitment.p_male            	0.5
  recruitment.rho               	0
  recruitment.sigma_r           	0.6
  recruitment.steepness         	0.7
  recruitment.year_range        	1989 2006
  selectivity[SelLL].all        	double_normal 10 2 10
  selectivity_names             	SelLL
  sex_partition                 	False
  size_at_age.Linf              	2870
  size_at_age.by_length         	True
  size_at_age.cv                	0.1
  size_at_age.k                 	0.02056
  size_at_age.t0                	-4.2897
  size_at_age_dist              	normal
  size_at_age_type              	von_Bert
  size_based                    	False
  size_weight.a                 	2.59e-12
  size_weight.b                 	3.2064
  size_weight.verify_size_weight	500 0.5 1.5
  standardise_YCS               	True
  tag[Tags2005_R1_LL1].area     	R1
  tag[Tags2005_R1_LL1].class_mins	100 150 200 250 300 350 400 450 500 550 600 650 700 750 800 850 900 950 1000 1050 1100 1150 1200 1250 1300 1350 1400 1450 1500 1550 1600 1650 1700 1750 1800 1850 1900 1950 2000 2050
  tag[Tags2005_R1_LL1].mature_only	False
  tag[Tags2005_R1_LL1].mortality	0.1
  tag[Tags2005_R1_LL1].number   	2500
  tag[Tags2005_R1_LL1].ogive    	SelLL
  tag[Tags2005_R1_LL1].plus_group	False
  tag[Tags2005_R1_LL1].props_all	0 0 0 0 0 1e-04 8e-04 0.0048 0.0184 0.0472 0.088 0.1245 0.1388 0.1298 0.1103 0.0896 0.0694 0.0511 0.0362 0.0255 0.0183 0.0135 0.01 0.0073 0.0052 0.0037 0.0025 0.0018 0.0012 8e-04 5e-04 3e-04 2e-04 1e-04 0 0 0 0 0
  tag[Tags2005_R1_LL1].release_type	deterministic
  tag[Tags2005_R1_LL1].sex      	both
  tag[Tags2005_R1_LL1].step     	1
  tag[Tags2005_R1_LL1].tag_name 	Tags2005_R1
  tag[Tags2005_R1_LL1].year     	2005
  tag[Tags2006_R1_LL1].area     	R1
  tag[Tags2006_R1_LL1].class_mins	100 150 200 250 300 350 400 450 500 550 600 650 700 750 800 850 900 950 1000 1050 1100 1150 1200 1250 1300 1350 1400 1450 1500 1550 1600 1650 1700 1750 1800 1850 1900 1950 2000 2050
  tag[Tags2006_R1_LL1].mature_only	False
  tag[Tags2006_R1_LL1].mortality	0.1
  tag[Tags2006_R1_LL1].number   	2500
  tag[Tags2006_R1_LL1].ogive    	SelLL
  tag[Tags2006_R1_LL1].plus_group	False
  tag[Tags2006_R1_LL1].props_all	0 0 0 0 0 2e-04 0.0013 0.0058 0.0198 0.0485 0.0873 0.1222 0.1397 0.1351 0.1154 0.0921 0.0705 0.0511 0.0349 0.023 0.0152 0.0104 0.0075 0.0055 0.0041 0.0031 0.0023 0.0017 0.0012 9e-04 6e-04 3e-04 2e-04 1e-04 0 0 0 0 0
  tag[Tags2006_R1_LL1].release_type	deterministic
  tag[Tags2006_R1_LL1].sex      	both
  tag[Tags2006_R1_LL1].step     	1
  tag[Tags2006_R1_LL1].tag_name 	Tags2006_R1
  tag[Tags2006_R1_LL1].year     	2006
  tag[Tags2007_R1_LL1].area     	R1
  tag[Tags2007_R1_LL1].class_mins	100 150 200 250 300 350 400 450 500 550 600 650 700 750 800 850 900 950 1000 1050 1100 1150 1200 1250 1300 1350 1400 1450 1500 1550 1600 1650 1700 1750 1800 1850 1900 1950 2000 2050
  tag[Tags2007_R1_LL1].mature_only	False
  tag[Tags2007_R1_LL1].mortality	0.1
  tag[Tags2007_R1_LL1].number   	2500
  tag[Tags2007_R1_LL1].ogive    	SelLL
  tag[Tags2007_R1_LL1].plus_group	False
  tag[Tags2007_R1_LL1].props_all	0 0 0 0 0 1e-04 0.0011 0.0056 0.0193 0.0485 0.0889 0.124 0.139 0.1322 0.1118 0.0878 0.0669 0.0504 0.0372 0.0265 0.0183 0.0125 0.0087 0.0062 0.0045 0.0032 0.0024 0.0017 0.0012 8e-04 5e-04 3e-04 2e-04 1e-04 0 0 0 0 0
  tag[Tags2007_R1_LL1].release_type	deterministic
  tag[Tags2007_R1_LL1].sex      	both
  tag[Tags2007_R1_LL1].step     	1
  tag[Tags2007_R1_LL1].tag_name 	Tags2007_R1
  tag[Tags2007_R1_LL1].year     	2007
  tag[Tags2008_R1_LL1].area     	R1
  tag[Tags2008_R1_LL1].class_mins	100 150 200 250 300 350 400 450 500 550 600 650 700 750 800 850 900 950 1000 1050 1100 1150 1200 1250 1300 1350 1400 1450 1500 1550 1600 1650 1700 1750 1800 1850 1900 1950 2000 2050
  tag[Tags2008_R1_LL1].mature_only	False
  tag[Tags2008_R1_LL1].mortality	0.1
  tag[Tags2008_R1_LL1].number   	2500
  tag[Tags2008_R1_LL1].ogive    	SelLL
  tag[Tags2008_R1_LL1].plus_group	False
  tag[Tags2008_R1_LL1].props_all	0 0 0 0 0 1e-04 0.0012 0.0062 0.0205 0.0497 0.0924 0.1328 0.1497 0.1384 0.112 0.0842 0.0614 0.0445 0.0322 0.0228 0.0157 0.0106 0.0073 0.0052 0.0038 0.0029 0.0022 0.0016 0.0011 7e-04 4e-04 3e-04 1e-04 1e-04 0 0 0 0 0
  tag[Tags2008_R1_LL1].release_type	deterministic
  tag[Tags2008_R1_LL1].sex      	both
  tag[Tags2008_R1_LL1].step     	1
  tag[Tags2008_R1_LL1].tag_name 	Tags2008_R1
  tag[Tags2008_R1_LL1].year     	2008
  tag[Tags2009_R1_LL1].area     	R1
  tag[Tags2009_R1_LL1].class_mins	100 150 200 250 300 350 400 450 500 550 600 650 700 750 800 850 900 950 1000 1050 1100 1150 1200 1250 1300 1350 1400 1450 1500 1550 1600 1650 1700 1750 1800 1850 1900 1950 2000 2050
  tag[Tags2009_R1_LL1].mature_only	False
  tag[Tags2009_R1_LL1].mortality	0.1
  tag[Tags2009_R1_LL1].number   	2500
  tag[Tags2009_R1_LL1].ogive    	SelLL
  tag[Tags2009_R1_LL1].plus_group	False
  tag[Tags2009_R1_LL1].props_all	0 0 0 0 0 1e-04 0.0012 0.0063 0.0213 0.0502 0.0897 0.1266 0.1435 0.135 0.1117 0.0864 0.065 0.0482 0.0352 0.0253 0.0178 0.0122 0.0082 0.0055 0.0037 0.0025 0.0017 0.0011 7e-04 4e-04 3e-04 1e-04 1e-04 0 0 0 0 0 0
  tag[Tags2009_R1_LL1].release_type	deterministic
  tag[Tags2009_R1_LL1].sex      	both
  tag[Tags2009_R1_LL1].step     	1
  tag[Tags2009_R1_LL1].tag_name 	Tags2009_R1
  tag[Tags2009_R1_LL1].year     	2009
  tag_growth_loss[Tags2005_R1].nogrowth_period	0
  tag_growth_loss[Tags2006_R1].nogrowth_period	0
  tag_growth_loss[Tags2007_R1].nogrowth_period	0
  tag_growth_loss[Tags2008_R1].nogrowth_period	0
  tag_growth_loss[Tags2009_R1].nogrowth_period	0
  tag_loss_props                	1
  tag_names                     	Tags2005_R1 Tags2006_R1 Tags2007_R1 Tags2008_R1 Tags2009_R1
  tag_shedding_rate             	0.0084 0.0084 0.0084 0.0084 0.0084
  y_enter                       	1
Stored as DOUBLEs: 
Stored as VECTORs: 
Stored as OGIVEs: 

Output parameters:
Stored as strings: 
  n_projections                 	100
  numbers_at[Numbers_at_age_R1].area	R1
  numbers_at[Numbers_at_age_R1].proportion_mortality	0.5
  numbers_at[Numbers_at_age_R1].step	1
  numbers_at[Numbers_at_age_R1].years	1990 1991 1992 1993 1994 1995 1996 1997 1998 1999 2000 2001 2002 2003 2004 2005 2006 2007 2008 2009 2010
  print.covariance              	true
  print.estimation_section      	true
  print.final_state             	false
  print.fits                    	true
  print.fits_every_eval         	false
  print.initial_state           	false
  print.normalised_resids       	true
  print.objective_every_eval    	false
  print.parameter_vector_every_eval	false
  print.parameters              	true
  print.parameters_every_eval   	false
  print.pearson_resids          	true
  print.requests                	false
  print.resids                  	true
  print.results                 	false
  print.state_annually          	false
  print.state_every_step        	false
  print.unused_parameters       	true
  print.yields                  	true
  quantities.B0                 	true
  quantities.R0                 	true
  quantities.SSBs               	true
  quantities.YCS                	true
  quantities.actual_catches     	false
  quantities.all_free_parameters	true
  quantities.fishing_pressures  	true
  quantities.nuisance_qs        	true
  quantities.recruitments       	true
  quantities.true_YCS           	true
Stored as DOUBLEs: 
Stored as VECTORs: 
Stored as OGIVEs: 

A fish of size 500 cm has a weight of 1.16755 kg in your model. This size-weight scale check assumes that the growth curve is in centimetres, and that the catch is in tonnes.

A fish of size 500 cm has a weight of 1.16755 kg in your model. This size-weight scale check assumes that the growth curve is in centimetres, and that the catch is in tonnes.

Estimation section :

Objective function: Bayes

Minimiser convergence threshold: 0.001


Observations:

The observations are:
LL1_catchA
Tags2005_R1_R1
Tags2006_R1_R1
Tags2007_R1_R1
Tags2008_R1_R1
Tags2009_R1_R1
Fits follow:

LL1_catchA :
catch proportions-at-age for fishery LL1  with ageing error (constrained to sum to 1):
obs (last class is a plus group):
class 1       2       3       4       5       6       7       8       9       10      11      12      13      14      15      16      17      18      19      20      21      22      23      24      25      26      27      28      29      30      
2000 0       0       0       0       0.01    0.01    0.04    0.1     0.17    0.12    0.09    0.13    0.07    0.07    0.04    0.02    0.04    0.04    0       0.04    0       0       0       0       0.01    0       0       0       0       0       
2001 0       0       0       0       0       0.02    0.12    0.07    0.12    0.14    0.14    0.1     0.07    0.08    0.02    0.01    0.01    0.02    0.03    0.02    0       0.01    0       0       0.01    0       0       0       0       0.01    
2002 0       0       0       0       0.01    0.03    0.02    0.18    0.18    0.07    0.13    0.09    0.1     0.07    0.02    0.06    0.03    0       0       0.01    0       0       0       0       0       0       0       0       0       0       
2003 0       0       0       0       0.01    0.01    0.08    0.12    0.2     0.11    0.06    0.09    0.13    0.03    0.05    0.01    0.02    0.05    0.01    0.02    0       0       0       0       0       0       0       0       0       0       
2004 0       0       0       0       0.01    0.02    0.05    0.14    0.13    0.1     0.15    0.09    0.09    0.05    0.04    0.01    0.04    0.01    0.03    0.02    0.01    0       0       0       0       0       0.01    0       0       0       
2005 0       0       0       0       0       0       0.06    0.08    0.16    0.23    0.12    0.07    0.09    0.06    0.05    0.04    0.01    0       0.01    0.02    0       0       0       0       0       0       0       0       0       0       
2006 0       0       0       0       0.02    0.02    0.05    0.19    0.12    0.21    0.1     0.07    0.04    0.08    0.02    0.04    0.02    0       0.01    0       0       0       0       0.01    0       0       0       0       0       0       
2007 0       0       0       0       0       0.05    0.03    0.09    0.19    0.09    0.17    0.04    0.06    0.06    0.03    0.05    0.03    0.01    0       0.03    0.02    0.01    0.03    0       0       0       0       0       0.01    0       
2008 0       0       0       0       0       0.02    0.04    0.1     0.16    0.09    0.15    0.12    0.09    0.05    0.03    0.08    0.02    0.02    0.02    0       0.01    0       0       0       0       0       0       0       0       0       
2009 0       0       0       0       0       0.02    0.02    0.13    0.18    0.23    0.12    0.1     0.06    0.03    0.02    0.04    0.01    0.01    0.02    0       0       0       0.01    0       0       0       0       0       0       0       
2010 0       0       0       0       0.01    0.02    0.04    0.12    0.18    0.25    0.07    0.06    0.03    0.03    0.05    0.05    0       0.01    0.04    0.01    0       0       0       0.01    0.01    0       0       0       0       0.01    
objective function: multinomial likelihood, with delta = 1e-011, N =
100 100 100 100 100 100 100 100 100 100 100 100 100 100 100 100 100 100 100 100 100 100 100 100 100 100 100 100 100 100 
100 100 100 100 100 100 100 100 100 100 100 100 100 100 100 100 100 100 100 100 100 100 100 100 100 100 100 100 100 100 
100 100 100 100 100 100 100 100 100 100 100 100 100 100 100 100 100 100 100 100 100 100 100 100 100 100 100 100 100 100 
100 100 100 100 100 100 100 100 100 100 100 100 100 100 100 100 100 100 100 100 100 100 100 100 100 100 100 100 100 100 
100 100 100 100 100 100 100 100 100 100 100 100 100 100 100 100 100 100 100 100 100 100 100 100 100 100 100 100 100 100 
100 100 100 100 100 100 100 100 100 100 100 100 100 100 100 100 100 100 100 100 100 100 100 100 100 100 100 100 100 100 
100 100 100 100 100 100 100 100 100 100 100 100 100 100 100 100 100 100 100 100 100 100 100 100 100 100 100 100 100 100 
100 100 100 100 100 100 100 100 100 100 100 100 100 100 100 100 100 100 100 100 100 100 100 100 100 100 100 100 100 100 
100 100 100 100 100 100 100 100 100 100 100 100 100 100 100 100 100 100 100 100 100 100 100 100 100 100 100 100 100 100 
100 100 100 100 100 100 100 100 100 100 100 100 100 100 100 100 100 100 100 100 100 100 100 100 100 100 100 100 100 100 
100 100 100 100 100 100 100 100 100 100 100 100 100 100 100 100 100 100 100 100 100 100 100 100 100 100 100 100 100 100 

Tags2005_R1_R1 :
tag-recapture data for tag Tags2005_R1 in years 2006 2007 2008 2009 2010 , step 1, after proportion 0.5 of mortality, with sampling method size, detection probability 1.
Year 2006
class scanned recaptured
100 0 0
150 0 0
200 0 0
250 2 0
300 28 0
350 320 0
400 2302 0
450 11502 0
500 39770 0
550 96806 0
600 173902 3
650 243624 16
700 277690 23
750 266092 27
800 224820 29
850 178122 23
900 136978 16
950 101584 14
1000 71958 8
1050 49292 4
1100 33518 5
1150 23134 3
1200 16316 1
1250 11662 1
1300 8346 0
1350 5944 0
1400 4222 0
1450 2988 0
1500 2086 0
1550 1406 1
1600 896 0
1650 530 0
1700 286 0
1750 140 0
1800 62 0
1850 24 0
1900 8 0
1950 2 0
2000 0 0


Year 2007
class scanned recaptured
100 0 0
150 0 0
200 0 0
250 2 0
300 28 0
350 344 0
400 2442 0
450 11568 0
500 39724 0
550 99366 0
600 181960 0
650 252416 7
700 280488 10
750 265182 14
800 224010 19
850 176300 16
900 134278 12
950 100438 11
1000 72920 5
1050 50898 1
1100 34514 3
1150 23278 2
1200 15942 0
1250 11162 1
1300 7944 1
1350 5686 0
1400 4062 0
1450 2880 0
1500 2006 0
1550 1350 0
1600 862 0
1650 512 0
1700 278 0
1750 138 0
1800 62 0
1850 24 0
1900 8 0
1950 2 0
2000 0 0


Year 2008
class scanned recaptured
100 0 0
150 0 0
200 0 0
250 2 0
300 28 0
350 344 0
400 2602 0
450 12332 0
500 40170 0
550 97884 0
600 182308 1
650 260086 1
700 291620 9
750 271378 13
800 224512 18
850 174626 12
900 131756 20
950 97934 9
1000 71728 11
1050 51120 5
1100 35200 5
1150 23658 0
1200 15864 1
1250 10828 1
1300 7580 2
1350 5410 2
1400 3886 0
1450 2772 0
1500 1934 0
1550 1300 0
1600 826 0
1650 490 0
1700 266 0
1750 132 0
1800 58 0
1850 24 0
1900 8 0
1950 2 0
2000 0 0


Year 2009
class scanned recaptured
100 0 0
150 0 0
200 0 0
250 2 0
300 28 0
350 338 0
400 2596 0
450 13080 0
500 43468 0
550 101422 0
600 180382 0
650 255904 0
700 293398 0
750 278302 6
800 229716 10
850 175798 14
900 130724 8
950 96182 8
1000 70174 10
1050 50456 6
1100 35360 6
1150 24054 4
1200 16060 0
1250 10754 0
1300 7362 0
1350 5182 0
1400 3714 0
1450 2662 0
1500 1866 0
1550 1256 0
1600 798 0
1650 470 0
1700 254 0
1750 126 0
1800 56 0
1850 22 0
1900 8 0
1950 2 0
2000 0 0


Year 2010
class scanned recaptured
100 0 0
150 0 0
200 0 0
250 2 0
300 30 0
350 342 0
400 2546 0
450 12914 0
500 45438 0
550 110634 0
600 193100 0
650 259840 0
700 288924 0
750 275666 4
800 231594 4
850 178066 18
900 131090 10
950 95240 9
1000 68874 12
1050 49434 3
1100 34952 7
1150 24134 3
1200 16262 0
1250 10830 0
1300 7284 0
1350 5028 1
1400 3564 0
1450 2550 0
1500 1794 0
1550 1212 0
1600 770 0
1650 454 0
1700 246 0
1750 120 0
1800 54 0
1850 22 0
1900 8 0
1950 2 0
2000 0 0


Tags2006_R1_R1 :
tag-recapture data for tag Tags2006_R1 in years 2007 2008 2009 2010 , step 1, after proportion 0.5 of mortality, with sampling method size, detection probability 1.
Year 2007
class scanned recaptured
100 0 0
150 0 0
200 0 0
250 2 0
300 28 0
350 344 0
400 2442 0
450 11568 0
500 39724 0
550 99366 4
600 181960 1
650 252416 10
700 280488 18
750 265182 31
800 224010 24
850 176300 17
900 134278 24
950 100438 12
1000 72920 3
1050 50898 11
1100 34514 1
1150 23278 2
1200 15942 0
1250 11162 0
1300 7944 0
1350 5686 0
1400 4062 0
1450 2880 0
1500 2006 0
1550 1350 0
1600 862 0
1650 512 0
1700 278 0
1750 138 0
1800 62 0
1850 24 0
1900 8 0
1950 2 0
2000 0 0


Year 2008
class scanned recaptured
100 0 0
150 0 0
200 0 0
250 2 0
300 28 0
350 344 0
400 2602 0
450 12332 0
500 40170 0
550 97884 1
600 182308 1
650 260086 6
700 291620 8
750 271378 19
800 224512 28
850 174626 21
900 131756 18
950 97934 15
1000 71728 10
1050 51120 3
1100 35200 3
1150 23658 3
1200 15864 1
1250 10828 0
1300 7580 1
1350 5410 0
1400 3886 0
1450 2772 0
1500 1934 0
1550 1300 0
1600 826 0
1650 490 0
1700 266 0
1750 132 0
1800 58 0
1850 24 0
1900 8 0
1950 2 0
2000 0 0


Year 2009
class scanned recaptured
100 0 0
150 0 0
200 0 0
250 2 0
300 28 0
350 338 0
400 2596 0
450 13080 0
500 43468 0
550 101422 1
600 180382 0
650 255904 7
700 293398 6
750 278302 10
800 229716 12
850 175798 23
900 130724 5
950 96182 10
1000 70174 7
1050 50456 1
1100 35360 2
1150 24054 4
1200 16060 1
1250 10754 0
1300 7362 1
1350 5182 0
1400 3714 0
1450 2662 0
1500 1866 0
1550 1256 0
1600 798 0
1650 470 0
1700 254 0
1750 126 0
1800 56 0
1850 22 0
1900 8 0
1950 2 0
2000 0 0


Year 2010
class scanned recaptured
100 0 0
150 0 0
200 0 0
250 2 0
300 30 0
350 342 0
400 2546 0
450 12914 0
500 45438 0
550 110634 0
600 193100 0
650 259840 1
700 288924 6
750 275666 7
800 231594 14
850 178066 8
900 131090 11
950 95240 11
1000 68874 11
1050 49434 2
1100 34952 4
1150 24134 2
1200 16262 2
1250 10830 0
1300 7284 0
1350 5028 0
1400 3564 0
1450 2550 0
1500 1794 0
1550 1212 0
1600 770 0
1650 454 0
1700 246 0
1750 120 0
1800 54 0
1850 22 0
1900 8 0
1950 2 0
2000 0 0


Tags2007_R1_R1 :
tag-recapture data for tag Tags2007_R1 in years 2008 2009 2010 , step 1, after proportion 0.5 of mortality, with sampling method size, detection probability 1.
Year 2008
class scanned recaptured
100 0 0
150 0 0
200 0 0
250 2 0
300 28 0
350 344 0
400 2602 0
450 12332 0
500 40170 0
550 97884 2
600 182308 3
650 260086 14
700 291620 23
750 271378 26
800 224512 24
850 174626 32
900 131756 14
950 97934 8
1000 71728 4
1050 51120 2
1100 35200 2
1150 23658 2
1200 15864 1
1250 10828 0
1300 7580 2
1350 5410 0
1400 3886 0
1450 2772 0
1500 1934 0
1550 1300 0
1600 826 0
1650 490 0
1700 266 0
1750 132 0
1800 58 0
1850 24 0
1900 8 0
1950 2 0
2000 0 0


Year 2009
class scanned recaptured
100 0 0
150 0 0
200 0 0
250 2 0
300 28 0
350 338 0
400 2596 0
450 13080 0
500 43468 0
550 101422 0
600 180382 1
650 255904 6
700 293398 12
750 278302 26
800 229716 17
850 175798 25
900 130724 26
950 96182 9
1000 70174 5
1050 50456 3
1100 35360 1
1150 24054 3
1200 16060 1
1250 10754 0
1300 7362 0
1350 5182 0
1400 3714 0
1450 2662 0
1500 1866 0
1550 1256 0
1600 798 0
1650 470 0
1700 254 0
1750 126 0
1800 56 0
1850 22 0
1900 8 0
1950 2 0
2000 0 0


Year 2010
class scanned recaptured
100 0 0
150 0 0
200 0 0
250 2 0
300 30 0
350 342 0
400 2546 0
450 12914 0
500 45438 0
550 110634 0
600 193100 0
650 259840 3
700 288924 13
750 275666 13
800 231594 14
850 178066 23
900 131090 14
950 95240 12
1000 68874 6
1050 49434 5
1100 34952 6
1150 24134 3
1200 16262 0
1250 10830 0
1300 7284 1
1350 5028 0
1400 3564 2
1450 2550 0
1500 1794 0
1550 1212 0
1600 770 0
1650 454 0
1700 246 0
1750 120 0
1800 54 0
1850 22 0
1900 8 0
1950 2 0
2000 0 0


Tags2008_R1_R1 :
tag-recapture data for tag Tags2008_R1 in years 2009 2010 , step 1, after proportion 0.5 of mortality, with sampling method size, detection probability 1.
Year 2009
class scanned recaptured
100 0 0
150 0 0
200 0 0
250 2 0
300 28 0
350 338 0
400 2596 0
450 13080 0
500 43468 0
550 101422 1
600 180382 4
650 255904 15
700 293398 16
750 278302 32
800 229716 30
850 175798 13
900 130724 15
950 96182 7
1000 70174 7
1050 50456 1
1100 35360 3
1150 24054 0
1200 16060 3
1250 10754 0
1300 7362 2
1350 5182 1
1400 3714 0
1450 2662 0
1500 1866 0
1550 1256 0
1600 798 0
1650 470 0
1700 254 0
1750 126 0
1800 56 0
1850 22 0
1900 8 0
1950 2 0
2000 0 0


Year 2010
class scanned recaptured
100 0 0
150 0 0
200 0 0
250 2 0
300 30 0
350 342 0
400 2546 0
450 12914 0
500 45438 1
550 110634 0
600 193100 0
650 259840 12
700 288924 18
750 275666 26
800 231594 18
850 178066 17
900 131090 22
950 95240 11
1000 68874 6
1050 49434 3
1100 34952 6
1150 24134 0
1200 16262 0
1250 10830 1
1300 7284 0
1350 5028 0
1400 3564 0
1450 2550 0
1500 1794 0
1550 1212 0
1600 770 0
1650 454 0
1700 246 0
1750 120 0
1800 54 0
1850 22 0
1900 8 0
1950 2 0
2000 0 0


Tags2009_R1_R1 :
tag-recapture data for tag Tags2009_R1 in years 2010 , step 1, after proportion 0.5 of mortality, with sampling method size, detection probability 1.
Year 2010
class scanned recaptured
100 0 0
150 0 0
200 0 0
250 2 0
300 30 0
350 342 0
400 2546 0
450 12914 0
500 45438 1
550 110634 1
600 193100 2
650 259840 11
700 288924 31
750 275666 32
800 231594 33
850 178066 22
900 131090 11
950 95240 18
1000 68874 6
1050 49434 7
1100 34952 2
1150 24134 4
1200 16262 1
1250 10830 0
1300 7284 0
1350 5028 1
1400 3564 0
1450 2550 0
1500 1794 0
1550 1212 0
1600 770 0
1650 454 0
1700 246 0
1750 120 0
1800 54 0
1850 22 0
1900 8 0
1950 2 0
2000 0 0



Ageing_error:
  Misclassification matrix:
1 0 0 0 0 0 0 0 0 0 0 0 0 0 0 0 0 0 0 0 0 0 0 0 0 0 0 0 0 0 
0 1 0 0 0 0 0 0 0 0 0 0 0 0 0 0 0 0 0 0 0 0 0 0 0 0 0 0 0 0 
0 0 1 0 0 0 0 0 0 0 0 0 0 0 0 0 0 0 0 0 0 0 0 0 0 0 0 0 0 0 
0 0 0 1 0 0 0 0 0 0 0 0 0 0 0 0 0 0 0 0 0 0 0 0 0 0 0 0 0 0 
0 0 0 0 1 0 0 0 0 0 0 0 0 0 0 0 0 0 0 0 0 0 0 0 0 0 0 0 0 0 
0 0 0 0 0 1 0 0 0 0 0 0 0 0 0 0 0 0 0 0 0 0 0 0 0 0 0 0 0 0 
0 0 0 0 0 0 1 0 0 0 0 0 0 0 0 0 0 0 0 0 0 0 0 0 0 0 0 0 0 0 
0 0 0 0 0 0 0 1 0 0 0 0 0 0 0 0 0 0 0 0 0 0 0 0 0 0 0 0 0 0 
0 0 0 0 0 0 0 0 1 0 0 0 0 0 0 0 0 0 0 0 0 0 0 0 0 0 0 0 0 0 
0 0 0 0 0 0 0 0 0 1 0 0 0 0 0 0 0 0 0 0 0 0 0 0 0 0 0 0 0 0 
0 0 0 0 0 0 0 0 0 0 1 0 0 0 0 0 0 0 0 0 0 0 0 0 0 0 0 0 0 0 
0 0 0 0 0 0 0 0 0 0 0 1 0 0 0 0 0 0 0 0 0 0 0 0 0 0 0 0 0 0 
0 0 0 0 0 0 0 0 0 0 0 0 1 0 0 0 0 0 0 0 0 0 0 0 0 0 0 0 0 0 
0 0 0 0 0 0 0 0 0 0 0 0 0 1 0 0 0 0 0 0 0 0 0 0 0 0 0 0 0 0 
0 0 0 0 0 0 0 0 0 0 0 0 0 0 1 0 0 0 0 0 0 0 0 0 0 0 0 0 0 0 
0 0 0 0 0 0 0 0 0 0 0 0 0 0 0 1 0 0 0 0 0 0 0 0 0 0 0 0 0 0 
0 0 0 0 0 0 0 0 0 0 0 0 0 0 0 0 1 0 0 0 0 0 0 0 0 0 0 0 0 0 
0 0 0 0 0 0 0 0 0 0 0 0 0 0 0 0 0 1 0 0 0 0 0 0 0 0 0 0 0 0 
0 0 0 0 0 0 0 0 0 0 0 0 0 0 0 0 0 0 1 0 0 0 0 0 0 0 0 0 0 0 
0 0 0 0 0 0 0 0 0 0 0 0 0 0 0 0 0 0 0 1 0 0 0 0 0 0 0 0 0 0 
0 0 0 0 0 0 0 0 0 0 0 0 0 0 0 0 0 0 0 0 1 0 0 0 0 0 0 0 0 0 
0 0 0 0 0 0 0 0 0 0 0 0 0 0 0 0 0 0 0 0 0 1 0 0 0 0 0 0 0 0 
0 0 0 0 0 0 0 0 0 0 0 0 0 0 0 0 0 0 0 0 0 0 1 0 0 0 0 0 0 0 
0 0 0 0 0 0 0 0 0 0 0 0 0 0 0 0 0 0 0 0 0 0 0 1 0 0 0 0 0 0 
0 0 0 0 0 0 0 0 0 0 0 0 0 0 0 0 0 0 0 0 0 0 0 0 1 0 0 0 0 0 
0 0 0 0 0 0 0 0 0 0 0 0 0 0 0 0 0 0 0 0 0 0 0 0 0 1 0 0 0 0 
0 0 0 0 0 0 0 0 0 0 0 0 0 0 0 0 0 0 0 0 0 0 0 0 0 0 1 0 0 0 
0 0 0 0 0 0 0 0 0 0 0 0 0 0 0 0 0 0 0 0 0 0 0 0 0 0 0 1 0 0 
0 0 0 0 0 0 0 0 0 0 0 0 0 0 0 0 0 0 0 0 0 0 0 0 0 0 0 0 1 0 
0 0 0 0 0 0 0 0 0 0 0 0 0 0 0 0 0 0 0 0 0 0 0 0 0 0 0 0 0 1 

Free parameters:

initialization.B0
uniform: bounds from 5000 to 500000
current value: 448262
lower bound: 5000
upper bound: 500000


Q's:
qs are nuisance parameters

Penalties:
LL1_Penalty :
Catch limit penalty of 1000 x the sum of squares of (log(actual catch) - log(specified catch)) for fishery LL1 to disencourage breaking exploitation rate limits
LL2_Penalty :
Catch limit penalty of 1000 x the sum of squares of (log(actual catch) - log(specified catch)) for fishery LL2 to disencourage breaking exploitation rate limits
meanYCS_1 :
Vector average penalty of 100 x square of (mean(recruitment.YCS) - 1) 
Penalty_Tags2005_R1_LL1 :
'Fish-must-be-tagged' penalty of 1 x square of (actual number of tagged fish - nominal number of tagged fish) for tagging episode Tags2005_R1_LL1
Penalty_Tags2006_R1_LL1 :
'Fish-must-be-tagged' penalty of 1 x square of (actual number of tagged fish - nominal number of tagged fish) for tagging episode Tags2006_R1_LL1
Penalty_Tags2007_R1_LL1 :
'Fish-must-be-tagged' penalty of 1 x square of (actual number of tagged fish - nominal number of tagged fish) for tagging episode Tags2007_R1_LL1
Penalty_Tags2008_R1_LL1 :
'Fish-must-be-tagged' penalty of 1 x square of (actual number of tagged fish - nominal number of tagged fish) for tagging episode Tags2008_R1_LL1
Penalty_Tags2009_R1_LL1 :
'Fish-must-be-tagged' penalty of 1 x square of (actual number of tagged fish - nominal number of tagged fish) for tagging episode Tags2009_R1_LL1

Components of the objective function are:
  LL1_catchA
  Tags2005_R1_R1
  Tags2006_R1_R1
  Tags2007_R1_R1
  Tags2008_R1_R1
  Tags2009_R1_R1
  prior_on_initialization.B0
  LL1_Penalty
  LL2_Penalty
  meanYCS_1
  Penalty_Tags2005_R1_LL1
  Penalty_Tags2006_R1_LL1
  Penalty_Tags2007_R1_LL1
  Penalty_Tags2008_R1_LL1
  Penalty_Tags2009_R1_LL1

Random number seed : 61293


Minimiser achieved convergence after 5 quasi-Newton iterations using 8 objective function evaluations



Approximate Covariance matrix (Inverse Hessian of parameters at point estimate):
3.28862e+007 

Correlation matrix:
1 

List of parameter names, in the same order as the rows & cols of the covariance/correlation matrices:
initialization.B0 



Start extracting output from here

Point estimate:
initialization.B0
current value: 195619
lower bound: 5000
upper bound: 500000


In a format suitable for -i :

initialization.B0 
195619 

Objective function : 931.173

Components :
LL1_catchA                                         399.176
Tags2005_R1_R1                                     166.272
Tags2006_R1_R1                                     140.708
Tags2007_R1_R1                                     105.713
Tags2008_R1_R1                                     78.5054
Tags2009_R1_R1                                     40.7979
prior_on_initialization.B0                         0
LL1_Penalty                                        0
LL2_Penalty                                        0
meanYCS_1                                          0
Penalty_Tags2005_R1_LL1                            2.06795e-025
Penalty_Tags2006_R1_LL1                            0
Penalty_Tags2007_R1_LL1                            1.86116e-024
Penalty_Tags2008_R1_LL1                            0
Penalty_Tags2009_R1_LL1                            2.06795e-025

Fits : 

The observations are:
LL1_catchA
Tags2005_R1_R1
Tags2006_R1_R1
Tags2007_R1_R1
Tags2008_R1_R1
Tags2009_R1_R1
Fits follow:

LL1_catchA :
catch proportions-at-age for fishery LL1  with ageing error (constrained to sum to 1):
obs (last class is a plus group):
class 1       2       3       4       5       6       7       8       9       10      11      12      13      14      15      16      17      18      19      20      21      22      23      24      25      26      27      28      29      30      
2000 0       0       0       0       0.01    0.01    0.04    0.1     0.17    0.12    0.09    0.13    0.07    0.07    0.04    0.02    0.04    0.04    0       0.04    0       0       0       0       0.01    0       0       0       0       0       
2001 0       0       0       0       0       0.02    0.12    0.07    0.12    0.14    0.14    0.1     0.07    0.08    0.02    0.01    0.01    0.02    0.03    0.02    0       0.01    0       0       0.01    0       0       0       0       0.01    
2002 0       0       0       0       0.01    0.03    0.02    0.18    0.18    0.07    0.13    0.09    0.1     0.07    0.02    0.06    0.03    0       0       0.01    0       0       0       0       0       0       0       0       0       0       
2003 0       0       0       0       0.01    0.01    0.08    0.12    0.2     0.11    0.06    0.09    0.13    0.03    0.05    0.01    0.02    0.05    0.01    0.02    0       0       0       0       0       0       0       0       0       0       
2004 0       0       0       0       0.01    0.02    0.05    0.14    0.13    0.1     0.15    0.09    0.09    0.05    0.04    0.01    0.04    0.01    0.03    0.02    0.01    0       0       0       0       0       0.01    0       0       0       
2005 0       0       0       0       0       0       0.06    0.08    0.16    0.23    0.12    0.07    0.09    0.06    0.05    0.04    0.01    0       0.01    0.02    0       0       0       0       0       0       0       0       0       0       
2006 0       0       0       0       0.02    0.02    0.05    0.19    0.12    0.21    0.1     0.07    0.04    0.08    0.02    0.04    0.02    0       0.01    0       0       0       0       0.01    0       0       0       0       0       0       
2007 0       0       0       0       0       0.05    0.03    0.09    0.19    0.09    0.17    0.04    0.06    0.06    0.03    0.05    0.03    0.01    0       0.03    0.02    0.01    0.03    0       0       0       0       0       0.01    0       
2008 0       0       0       0       0       0.02    0.04    0.1     0.16    0.09    0.15    0.12    0.09    0.05    0.03    0.08    0.02    0.02    0.02    0       0.01    0       0       0       0       0       0       0       0       0       
2009 0       0       0       0       0       0.02    0.02    0.13    0.18    0.23    0.12    0.1     0.06    0.03    0.02    0.04    0.01    0.01    0.02    0       0       0       0.01    0       0       0       0       0       0       0       
2010 0       0       0       0       0.01    0.02    0.04    0.12    0.18    0.25    0.07    0.06    0.03    0.03    0.05    0.05    0       0.01    0.04    0.01    0       0       0       0.01    0.01    0       0       0       0       0.01    
fits (last class is a plus group):
class 1       2       3       4       5       6       7       8       9       10      11      12      13      14      15      16      17      18      19      20      21      22      23      24      25      26      27      28      29      30      
2000 4.88813e-007 7.99137e-006 9.23759e-005 0.000754964 0.00436184 0.0178067 0.0512744 0.103676 0.146247 0.143458 0.116622 0.0936136 0.0742522 0.0582373 0.0452072 0.0347959 0.02666 0.0204425 0.0157156 0.012026 0.00909942 0.00680301 0.00502186 0.00365761 0.00262673 0.00185898 0.00129588 0.000889477 0.000600992 0.00289448 
2001 4.90207e-007 8.01421e-006 9.26454e-005 0.000757256 0.00437583 0.0178676 0.0514607 0.104066 0.146785 0.144061 0.117111 0.0939242 0.074429 0.0583156 0.0452048 0.0346974 0.0264167 0.0200253 0.0151943 0.0115592 0.00875257 0.00655227 0.00484569 0.00353744 0.00254725 0.00180807 0.00126437 0.000870647 0.000590165 0.00288062 
2002 4.91344e-007 8.03251e-006 9.28574e-005 0.000759034 0.00438662 0.0179146 0.0516055 0.104372 0.147211 0.144438 0.117467 0.094209 0.074591 0.0583891 0.0452162 0.0346588 0.026315 0.0198231 0.0148703 0.0111657 0.00840564 0.00629738 0.00466346 0.0034108 0.0024618 0.00175216 0.00122893 0.000848924 0.000577309 0.00285988 
2003 4.92316e-007 8.04788e-006 9.30318e-005 0.000760463 0.00439513 0.0179513 0.0517186 0.104612 0.147547 0.144736 0.117666 0.0944086 0.0747489 0.0584639 0.0452338 0.0346384 0.0262645 0.0197315 0.0147093 0.01092 0.00811417 0.00604399 0.0044794 0.00328069 0.00237241 0.00169252 0.00119034 0.00082474 0.000562647 0.00283242 
2004 4.93191e-007 8.06153e-006 9.31837e-005 0.000761677 0.00440217 0.017981 0.0518088 0.104802 0.147811 0.144969 0.11782 0.0944978 0.0748523 0.0585456 0.0452602 0.0346287 0.0262323 0.0196817 0.014633 0.0107959 0.00793156 0.00583163 0.00429724 0.00314988 0.00228101 0.00163045 0.00114941 0.000798571 0.00054644 0.00279839 
2005 4.94021e-007 8.07434e-006 9.33241e-005 0.000762777 0.00440836 0.0180063 0.0518834 0.104956 0.148022 0.14515 0.117938 0.0945643 0.0748783 0.0585924 0.045298 0.0346302 0.0262115 0.0196481 0.0145894 0.0107354 0.00783838 0.00569831 0.00414484 0.00302084 0.00218941 0.0015672 0.00110697 0.000770927 0.000528979 0.00275799 
2006 4.94845e-007 8.08698e-006 9.34615e-005 0.000763837 0.00441421 0.0180295 0.0519491 0.105087 0.148193 0.145292 0.118025 0.0946105 0.0748934 0.0585841 0.0453129 0.0346436 0.0262015 0.0196247 0.0145591 0.0106998 0.00779198 0.00562976 0.00404903 0.00291302 0.00209926 0.00150397 0.00106384 0.000742337 0.000510587 0.00271154 
2007 4.95683e-007 8.09976e-006 9.35996e-005 0.000764894 0.00441995 0.0180517 0.0520102 0.105203 0.148339 0.145405 0.118088 0.0946387 0.0748976 0.0585713 0.0452881 0.0346417 0.0262022 0.0196107 0.0145373 0.0106745 0.00776413 0.00559512 0.00399947 0.00284514 0.00202399 0.00144182 0.00102077 0.000713317 0.000491591 0.00265937 
2008 4.96546e-007 8.11292e-006 9.37412e-005 0.000765972 0.00442576 0.0180739 0.0520698 0.105313 0.148469 0.145498 0.118133 0.0946518 0.0748909 0.0585526 0.0452619 0.0346109 0.0261923 0.0196053 0.0145229 0.0106558 0.00774402 0.00557397 0.00397412 0.00280984 0.00197652 0.00138993 0.000978467 0.000684363 0.000472325 0.00260198 
2009 4.9744e-007 8.12656e-006 9.38879e-005 0.000767085 0.00443173 0.0180965 0.0521298 0.10542 0.148593 0.145579 0.118164 0.0946529 0.0748741 0.0585268 0.0452322 0.0345799 0.0261613 0.0195925 0.0145152 0.0106428 0.00772884 0.00555847 0.00395843 0.0027916 0.00195174 0.00135717 0.000943149 0.000655935 0.000453112 0.00253997 
2010 4.98367e-007 8.14071e-006 9.40401e-005 0.000768239 0.00443791 0.0181198 0.0521909 0.105529 0.148714 0.145655 0.118188 0.0946448 0.0748488 0.0584939 0.0451976 0.0345465 0.0261302 0.0195639 0.0145021 0.0106347 0.00771779 0.00554654 0.00394676 0.00278016 0.00193881 0.00133999 0.000920819 0.000632197 0.000434251 0.00247404 
resids (last class is a plus group):
class 1       2       3       4       5       6       7       8       9       10      11      12      13      14      15      16      17      18      19      20      21      22      23      24      25      26      27      28      29      30      
2000 -4.88813e-007 -7.99137e-006 -9.23759e-005 -0.000754964 0.00563816 -0.00780668 -0.0112744 -0.00367575 0.0237532 -0.0234578 -0.0266222 0.0363864 -0.00425222 0.0117627 -0.00520719 -0.0147959 0.01334 0.0195575 -0.0157156 0.027974 -0.00909942 -0.00680301 -0.00502186 -0.00365761 0.00737327 -0.00185898 -0.00129588 -0.000889477 -0.000600992 -0.00289448 
2001 -4.90207e-007 -8.01421e-006 -9.26454e-005 -0.000757256 -0.00437583 0.00213244 0.0685393 -0.0340657 -0.026785 -0.00406092 0.0228894 0.00607581 -0.00442899 0.0216844 -0.0252048 -0.0246974 -0.0164167 -2.52669e-005 0.0148057 0.00844084 -0.00875257 0.00344773 -0.00484569 -0.00353744 0.00745275 -0.00180807 -0.00126437 -0.000870647 -0.000590165 0.00711938 
2002 -4.91344e-007 -8.03251e-006 -9.28574e-005 -0.000759034 0.00561338 0.0120854 -0.0316055 0.0756281 0.0327888 -0.0744382 0.0125328 -0.00420902 0.025409 0.0116109 -0.0252162 0.0253412 0.003685 -0.0198231 -0.0148703 -0.00116571 -0.00840564 -0.00629738 -0.00466346 -0.0034108 -0.0024618 -0.00175216 -0.00122893 -0.000848924 -0.000577309 -0.00285988 
2003 -4.92316e-007 -8.04788e-006 -9.30318e-005 -0.000760463 0.00560487 -0.00795133 0.0282814 0.0153879 0.0524531 -0.0347358 -0.0576656 -0.00440861 0.0552511 -0.0284639 0.00476619 -0.0246384 -0.00626454 0.0302685 -0.00470933 0.00908003 -0.00811417 -0.00604399 -0.0044794 -0.00328069 -0.00237241 -0.00169252 -0.00119034 -0.00082474 -0.000562647 -0.00283242 
2004 -4.93191e-007 -8.06153e-006 -9.31837e-005 -0.000761677 0.00559783 0.00201898 -0.00180882 0.0351977 -0.0178114 -0.0449688 0.03218 -0.00449775 0.0151477 -0.00854562 -0.0052602 -0.0246287 0.0137677 -0.00968173 0.015367 0.00920407 0.00206844 -0.00583163 -0.00429724 -0.00314988 -0.00228101 -0.00163045 0.00885059 -0.000798571 -0.00054644 -0.00279839 
2005 -4.94021e-007 -8.07434e-006 -9.33241e-005 -0.000762777 -0.00440836 -0.0180063 0.0081166 -0.0249562 0.0119783 0.0848498 0.00206232 -0.0245643 0.0151217 0.00140756 0.00470203 0.00536976 -0.0162115 -0.0196481 -0.00458943 0.00926464 -0.00783838 -0.00569831 -0.00414484 -0.00302084 -0.00218941 -0.0015672 -0.00110697 -0.000770927 -0.000528979 -0.00275799 
2006 -4.94845e-007 -8.08698e-006 -9.34615e-005 -0.000763837 0.0155858 0.00197055 -0.00194909 0.0849133 -0.0281933 0.0647082 -0.0180247 -0.0246105 -0.0348934 0.0214159 -0.0253129 0.0053564 -0.00620153 -0.0196247 -0.00455912 -0.0106998 -0.00779198 -0.00562976 -0.00404903 0.00708698 -0.00209926 -0.00150397 -0.00106384 -0.000742337 -0.000510587 -0.00271154 
2007 -4.95683e-007 -8.09976e-006 -9.35996e-005 -0.000764894 -0.00441995 0.0319483 -0.0220102 -0.015203 0.041661 -0.0554046 0.0519123 -0.0546387 -0.0148976 0.00142869 -0.0152881 0.0153583 0.0037978 -0.00961067 -0.0145373 0.0193255 0.0122359 0.00440488 0.0260005 -0.00284514 -0.00202399 -0.00144182 -0.00102077 -0.000713317 0.00950841 -0.00265937 
2008 -4.96546e-007 -8.11292e-006 -9.37412e-005 -0.000765972 -0.00442576 0.00192611 -0.0120698 -0.00531264 0.0115307 -0.0554978 0.0318675 0.0253482 0.0151091 -0.00855257 -0.0152619 0.0453891 -0.00619234 0.000394706 0.0054771 -0.0106558 0.00225598 -0.00557397 -0.00397412 -0.00280984 -0.00197652 -0.00138993 -0.000978467 -0.000684363 -0.000472325 -0.00260198 
2009 -4.9744e-007 -8.12656e-006 -9.38879e-005 -0.000767085 -0.00443173 0.00190349 -0.0321298 0.0245796 0.0314074 0.084421 0.00183569 0.00534714 -0.0148741 -0.0285268 -0.0252322 0.00542011 -0.0161613 -0.00959248 0.00548479 -0.0106428 -0.00772884 -0.00555847 0.00604157 -0.0027916 -0.00195174 -0.00135717 -0.000943149 -0.000655935 -0.000453112 -0.00253997 
2010 -4.98367e-007 -8.14071e-006 -9.40401e-005 -0.000768239 0.00556209 0.00188024 -0.0121909 0.0144709 0.0312858 0.104345 -0.0481882 -0.0346448 -0.0448488 -0.0284939 0.00480244 0.0154535 -0.0261302 -0.00956394 0.0254979 -0.000634733 -0.00771779 -0.00554654 -0.00394676 0.00721984 0.00806119 -0.00133999 -0.000920819 -0.000632197 -0.000434251 0.00752596 
pearson_resids (last class is a plus group):
class 1       2       3       4       5       6       7       8       9       10      11      12      13      14      15      16      17      18      19      20      21      22      23      24      25      26      27      28      29      30      
2000 -0.00699152 -0.0282691 -0.0961168 -0.27487 0.855562 -0.590305 -0.511181 -0.12058 0.672223 -0.669193 -0.829432 1.24915 -0.162186 0.502269 -0.250637 -0.807361 0.828123 1.38208 -1.26359 2.56639 -0.958278 -0.827623 -0.710437 -0.605891 1.44053 -0.43156 -0.360217 -0.298374 -0.245225 -0.538784 
2001 -0.00700148 -0.0283095 -0.0962569 -0.275287 -0.662953 0.160975 3.10223 -1.11564 -0.75687 -0.115646 0.711841 0.208273 -0.168744 0.925343 -1.21321 -1.34949 -1.02367 -0.00180366 1.21035 0.789673 -0.939673 0.427332 -0.697802 -0.595818 1.47854 -0.425599 -0.355804 -0.295196 -0.243005 1.32839 
2002 -0.0070096 -0.0283418 -0.096367 -0.27561 0.849404 0.91114 -1.42863 2.47359 0.925411 -2.11753 0.389247 -0.144086 0.967114 0.495181 -1.21361 1.38541 0.230211 -1.42211 -1.22861 -0.11094 -0.920701 -0.796071 -0.684493 -0.585019 -0.496778 -0.418955 -0.350776 -0.291487 -0.240342 -0.535545 
2003 -0.00701652 -0.0283689 -0.0964575 -0.27587 0.847298 -0.598859 1.27705 0.502785 1.47901 -0.987278 -1.78968 -0.150775 2.10091 -1.2132 0.229346 -1.34738 -0.391727 2.17639 -0.391183 0.873696 -0.904464 -0.779791 -0.670787 -0.573715 -0.487652 -0.411751 -0.345218 -0.287301 -0.237269 -0.53296 
2004 -0.00702276 -0.028393 -0.0965362 -0.27609 0.845561 0.151937 -0.0816103 1.14913 -0.501853 -1.27727 0.998156 -0.153759 0.575622 -0.363996 -0.253047 -1.34703 0.861422 -0.697008 1.27974 0.890649 0.233181 -0.765888 -0.656946 -0.562124 -0.478144 -0.404117 2.61206 -0.282703 -0.233824 -0.52974 
2005 -0.00702866 -0.0284155 -0.0966089 -0.27629 -0.665423 -1.35412 0.365956 -0.814241 0.337301 2.40878 0.063941 -0.839484 0.574546 0.0599318 0.226106 0.293684 -1.01472 -1.41569 -0.382764 0.899009 -0.888836 -0.757031 -0.645143 -0.550453 -0.468425 -0.396189 -0.332896 -0.277763 -0.230056 -0.525892 
2006 -0.00703453 -0.0284377 -0.09668 -0.276482 2.35106 0.148097 -0.0878269 2.76892 -0.793527 1.83624 -0.558668 -0.840877 -1.32564 0.911919 -1.21703 0.292899 -0.388241 -1.41483 -0.380626 -1.03998 -0.886181 -0.752438 -0.637612 1.31499 -0.458659 -0.388103 -0.326339 -0.27256 -0.226019 -0.521432 
2007 -0.00704048 -0.0284602 -0.0967514 -0.276673 -0.666301 2.39963 -0.991238 -0.495511 1.17211 -1.57172 1.60863 -1.86662 -0.565961 0.0608416 -0.735235 0.839844 0.237755 -0.69312 -1.21457 1.88056 1.39406 0.590539 4.11956 -0.534159 -0.450343 -0.379987 -0.319658 -0.267175 4.28956 -0.516378 
2008 -0.0070466 -0.0284833 -0.0968246 -0.276868 -0.666741 0.144583 -0.543275 -0.173075 0.324293 -1.57395 0.987328 0.865913 0.574022 -0.364272 -0.734177 2.48309 -0.387731 0.0284699 0.457826 -1.03781 0.257359 -0.74868 -0.631663 -0.530826 -0.445021 -0.373077 -0.312958 -0.261693 -0.217382 -0.510761 
2009 -0.00705295 -0.0285072 -0.0969003 -0.277069 -0.667193 0.142797 -1.44541 0.800391 0.883009 2.39367 0.0568672 0.182662 -0.565153 -1.21527 -1.21418 0.296646 -1.01252 -0.692122 0.458588 -1.03717 -0.882555 -0.747632 0.962166 -0.529095 -0.442216 -0.368648 -0.307252 -0.256196 -0.212913 -0.504622 
2010 -0.00705952 -0.0285321 -0.0969788 -0.277278 0.836787 0.140964 -0.548124 0.471005 0.879292 2.95795 -1.49268 -1.18353 -1.70432 -1.21418 0.231178 0.846173 -1.63803 -0.690556 2.13285 -0.0618799 -0.881919 -0.746825 -0.629476 1.37119 1.83254 -0.366304 -0.30359 -0.251515 -0.208432 1.51495 
objective function: multinomial likelihood, with delta = 1e-011, N =
100 100 100 100 100 100 100 100 100 100 100 100 100 100 100 100 100 100 100 100 100 100 100 100 100 100 100 100 100 100 
100 100 100 100 100 100 100 100 100 100 100 100 100 100 100 100 100 100 100 100 100 100 100 100 100 100 100 100 100 100 
100 100 100 100 100 100 100 100 100 100 100 100 100 100 100 100 100 100 100 100 100 100 100 100 100 100 100 100 100 100 
100 100 100 100 100 100 100 100 100 100 100 100 100 100 100 100 100 100 100 100 100 100 100 100 100 100 100 100 100 100 
100 100 100 100 100 100 100 100 100 100 100 100 100 100 100 100 100 100 100 100 100 100 100 100 100 100 100 100 100 100 
100 100 100 100 100 100 100 100 100 100 100 100 100 100 100 100 100 100 100 100 100 100 100 100 100 100 100 100 100 100 
100 100 100 100 100 100 100 100 100 100 100 100 100 100 100 100 100 100 100 100 100 100 100 100 100 100 100 100 100 100 
100 100 100 100 100 100 100 100 100 100 100 100 100 100 100 100 100 100 100 100 100 100 100 100 100 100 100 100 100 100 
100 100 100 100 100 100 100 100 100 100 100 100 100 100 100 100 100 100 100 100 100 100 100 100 100 100 100 100 100 100 
100 100 100 100 100 100 100 100 100 100 100 100 100 100 100 100 100 100 100 100 100 100 100 100 100 100 100 100 100 100 
100 100 100 100 100 100 100 100 100 100 100 100 100 100 100 100 100 100 100 100 100 100 100 100 100 100 100 100 100 100 

Tags2005_R1_R1 :
tag-recapture data for tag Tags2005_R1 in years 2006 2007 2008 2009 2010 , step 1, after proportion 0.5 of mortality, with sampling method size, detection probability 1.
Year 2006
class scanned recaptured expected_prop neg_log_likelihood
100 0 0 0 0
150 0 0 1.37686e-012 0
200 0 0 8.09286e-012 0
250 2 0 5.65011e-011 1.13002e-010
300 28 0 7.5884e-010 2.12475e-008
350 320 0 9.53697e-009 3.05183e-006
400 2302 0 8.90917e-008 0.000205089
450 11502 0 6.00557e-007 0.00690761
500 39770 0 2.86156e-006 0.113805
550 96806 0 9.77095e-006 0.945891
600 173902 3 2.47191e-005 1.71552
650 243624 16 4.8215e-005 3.00154
700 277690 23 7.5479e-005 2.5865
750 266092 27 9.8757e-005 2.57971
800 224820 29 0.000112845 2.85357
850 178122 23 0.000117642 2.58698
900 136978 16 0.000115864 2.31091
950 101584 14 0.000110081 2.5728
1000 71958 8 0.000101828 1.99899
1050 49292 4 9.1982e-005 1.66559
1100 33518 5 8.1123e-005 2.50511
1150 23134 3 6.97045e-005 1.97084
1200 16316 1 5.82061e-005 1.00128
1250 11662 1 4.73097e-005 1.1464
1300 8346 0 3.77351e-005 0.314943
1350 5944 0 2.99533e-005 0.178045
1400 4222 0 2.41474e-005 0.101952
1450 2988 0 2.00638e-005 0.0599513
1500 2086 0 1.72715e-005 0.0360286
1550 1406 1 1.53925e-005 3.85475
1600 896 0 1.4094e-005 0.0126283
1650 530 0 1.32137e-005 0.00700329
1700 286 0 1.26341e-005 0.00361338
1750 140 0 1.22613e-005 0.0017166
1800 62 0 1.20252e-005 0.000745565
1850 24 0 1.18762e-005 0.00028503
1900 8 0 1.1779e-005 9.42324e-005
1950 2 0 1.17043e-005 2.34087e-005
2000 0 0 1.16212e-005 0

total neg_log_likelihood: 36.1343


Year 2007
class scanned recaptured expected_prop neg_log_likelihood
100 0 0 0 0
150 0 0 4.60711e-015 0
200 0 0 4.61956e-013 0
250 2 0 6.82629e-012 1.36526e-011
300 28 0 1.39958e-010 3.91882e-009
350 344 0 1.95024e-009 6.70882e-007
400 2442 0 1.88274e-008 4.59766e-005
450 11568 0 1.44956e-007 0.00167685
500 39724 0 8.40986e-007 0.0334073
550 99366 0 3.55492e-006 0.353239
600 181960 0 1.11032e-005 2.02034
650 252416 7 2.64132e-005 1.91195
700 280488 10 4.95327e-005 2.68366
750 265182 14 7.5735e-005 3.27621
800 224010 19 9.78285e-005 2.59855
850 176300 16 0.000111129 2.66191
900 134278 12 0.000115519 2.59977
950 100438 11 0.000113437 2.13228
1000 72920 5 0.000107332 2.3265
1050 50898 1 9.87152e-005 3.41025
1100 34514 3 8.84244e-005 1.49632
1150 23278 2 7.70329e-005 1.3183
1200 15942 0 6.51236e-005 1.03823
1250 11162 1 5.34885e-005 1.11277
1300 7944 1 4.29925e-005 1.41581
1350 5686 0 3.42616e-005 0.194815
1400 4062 0 2.7619e-005 0.11219
1450 2880 0 2.28707e-005 0.0658684
1500 2006 0 1.9575e-005 0.0392679
1550 1350 0 1.73277e-005 0.0233926
1600 862 0 1.57494e-005 0.0135761
1650 512 0 1.46611e-005 0.00750656
1700 278 0 1.39331e-005 0.00387343
1750 138 0 1.34584e-005 0.00185727
1800 62 0 1.31545e-005 0.000815583
1850 24 0 1.29616e-005 0.000311081
1900 8 0 1.28365e-005 0.000102693
1950 2 0 1.27437e-005 2.54876e-005
2000 0 0 1.26462e-005 0

total neg_log_likelihood: 32.8548


Year 2008
class scanned recaptured expected_prop neg_log_likelihood
100 0 0 0 0
150 0 0 0 0
200 0 0 1.3292e-014 0
250 2 0 6.26092e-013 1.25211e-012
300 28 0 2.39615e-011 6.70922e-010
350 344 0 4.53607e-010 1.56041e-007
400 2602 0 4.5008e-009 1.17111e-005
450 12332 0 3.4671e-008 0.000427563
500 40170 0 2.28454e-007 0.00917701
550 97884 0 1.15411e-006 0.112969
600 182308 1 4.37842e-006 1.02359
650 260086 1 1.26271e-005 2.09504
700 291620 9 2.83975e-005 2.05711
750 271378 13 5.12428e-005 2.23799
800 224512 18 7.6376e-005 2.38957
850 174626 12 9.71678e-005 2.97931
900 131756 20 0.000109513 3.37984
950 97934 9 0.000113323 2.23895
1000 71728 11 0.000110817 2.64791
1050 51120 5 0.00010427 1.7507
1100 35200 5 9.51101e-005 2.09371
1150 23658 0 8.4159e-005 1.99112
1200 15864 1 7.2134e-005 1.00948
1250 10828 1 5.99554e-005 1.08118
1300 7580 2 4.865e-005 3.05714
1350 5410 2 3.90184e-005 4.01529
1400 3886 0 3.15467e-005 0.122592
1450 2772 0 2.61228e-005 0.0724133
1500 1934 0 2.23083e-005 0.0431447
1550 1300 0 1.96794e-005 0.0255834
1600 826 0 1.78115e-005 0.0147125
1650 490 0 1.65089e-005 0.00808943
1700 266 0 1.56284e-005 0.0041572
1750 132 0 1.50494e-005 0.00198653
1800 58 0 1.46762e-005 0.000851227
1850 24 0 1.44386e-005 0.000346529
1900 8 0 1.42848e-005 0.000114279
1950 2 0 1.41727e-005 2.83456e-005
2000 0 0 1.40598e-005 0

total neg_log_likelihood: 36.4645


Year 2009
class scanned recaptured expected_prop neg_log_likelihood
100 0 0 0 0
150 0 0 0 0
200 0 0 4.4994e-017 0
250 2 0 3.83354e-014 7.66054e-014
300 28 0 3.2337e-012 9.05449e-011
350 338 0 1.02615e-010 3.46838e-008
400 2596 0 1.29598e-009 3.36436e-006
450 13080 0 8.97027e-009 0.000117331
500 43468 0 6.11909e-008 0.00265984
550 101422 0 3.49079e-007 0.0354043
600 180382 0 1.56155e-006 0.281675
650 255904 0 5.38147e-006 1.37714
700 293398 0 1.44265e-005 4.23275
750 278302 6 3.07256e-005 2.25396
800 229716 10 5.3286e-005 2.29743
850 175798 14 7.72785e-005 2.25064
900 130724 8 9.66877e-005 2.9495
950 96182 8 0.00010793 2.26576
1000 70174 10 0.000111003 2.36611
1050 50456 6 0.000107908 1.85605
1100 35360 6 0.000100711 2.51991
1150 24054 4 9.07553e-005 2.23822
1200 16060 0 7.90152e-005 1.26903
1250 10754 0 6.65716e-005 0.715935
1300 7362 0 5.46307e-005 0.402202
1350 5182 0 4.41886e-005 0.228991
1400 3714 0 3.59211e-005 0.133413
1450 2662 0 2.98243e-005 0.0793936
1500 1866 0 2.54814e-005 0.047549
1550 1256 0 2.24588e-005 0.0282086
1600 798 0 2.02908e-005 0.0161922
1650 470 0 1.8766e-005 0.00882009
1700 254 0 1.77279e-005 0.00450293
1750 126 0 1.70413e-005 0.00214722
1800 56 0 1.6597e-005 0.000929441
1850 22 0 1.63135e-005 0.000358901
1900 8 0 1.61304e-005 0.000129044
1950 2 0 1.59981e-005 3.19965e-005
2000 0 0 1.58675e-005 0

total neg_log_likelihood: 29.8652


Year 2010
class scanned recaptured expected_prop neg_log_likelihood
100 0 0 0 0
150 0 0 0 0
200 0 0 0 0
250 2 0 1.14296e-015 2.22045e-015
300 30 0 3.1171e-013 9.35252e-012
350 342 0 1.92908e-011 6.59745e-009
400 2546 0 4.19089e-010 1.067e-006
450 12914 0 2.67399e-009 3.45319e-005
500 45438 0 1.73353e-008 0.000787682
550 110634 0 1.03648e-007 0.011467
600 193100 0 5.22238e-007 0.100844
650 259840 0 2.0976e-006 0.545041
700 288924 0 6.6187e-006 1.91231
750 275666 4 1.65391e-005 1.66867
800 231594 4 3.33583e-005 2.72551
850 178066 18 5.55545e-005 5.03621
900 131090 10 7.8351e-005 2.08213
950 95240 9 9.62928e-005 2.02836
1000 68874 12 0.000106302 3.41902
1050 49434 3 0.000108453 2.11544
1100 34952 7 0.000104524 3.10909
1150 24134 3 9.63788e-005 1.58525
1200 16262 0 8.54674e-005 1.38993
1250 10830 0 7.31398e-005 0.792133
1300 7284 0 6.08159e-005 0.442997
1350 5028 1 4.97105e-005 1.63642
1400 3564 0 4.07156e-005 0.145113
1450 2550 0 3.39692e-005 0.0866228
1500 1794 0 2.90989e-005 0.0522042
1550 1212 0 2.56751e-005 0.0311187
1600 770 0 2.31975e-005 0.0178622
1650 454 0 2.14419e-005 0.00973474
1700 246 0 2.024e-005 0.0049791
1750 120 0 1.94416e-005 0.00233302
1800 54 0 1.89235e-005 0.00102188
1850 22 0 1.85925e-005 0.000409038
1900 8 0 1.8379e-005 0.000147034
1950 2 0 1.8226e-005 3.64524e-005
2000 0 0 1.80762e-005 0

total neg_log_likelihood: 30.9532


Tags2006_R1_R1 :
tag-recapture data for tag Tags2006_R1 in years 2007 2008 2009 2010 , step 1, after proportion 0.5 of mortality, with sampling method size, detection probability 1.
Year 2007
class scanned recaptured expected_prop neg_log_likelihood
100 0 0 0 0
150 0 0 2.66605e-012 0
200 0 0 1.20438e-011 0
250 2 0 6.95422e-011 1.39084e-010
300 28 0 9.0184e-010 2.52515e-008
350 344 0 1.12598e-008 3.87339e-006
400 2442 0 1.01097e-007 0.000246878
450 11568 0 6.51444e-007 0.0075359
500 39724 0 3.00461e-006 0.119355
550 99366 4 1.00628e-005 4.17838
600 181960 1 2.52097e-005 3.06393
650 252416 10 4.89996e-005 2.32133
700 280488 18 7.67346e-005 2.67426
750 265182 31 0.000100618 2.97053
800 224010 24 0.000115178 2.57577
850 176300 17 0.000119965 2.77717
900 134278 24 0.000117491 4.35687
950 100438 12 0.000110363 2.20507
1000 72920 3 0.000100354 3.13874
1050 50898 11 8.8688e-005 5.43753
1100 34514 1 7.63086e-005 1.66534
1150 23278 2 6.39622e-005 1.38593
1200 15942 0 5.22564e-005 0.833093
1250 11162 0 4.17938e-005 0.466512
1300 7944 0 3.3053e-005 0.262577
1350 5686 0 2.62325e-005 0.14916
1400 4062 0 2.13009e-005 0.0865253
1450 2880 0 1.79124e-005 0.0515882
1500 2006 0 1.56347e-005 0.0313634
1550 1350 0 1.412e-005 0.0190621
1600 862 0 1.308e-005 0.011275
1650 512 0 1.23765e-005 0.0063368
1700 278 0 1.19132e-005 0.00331188
1750 138 0 1.16147e-005 0.00160284
1800 62 0 1.14251e-005 0.000708362
1850 24 0 1.13052e-005 0.000271327
1900 8 0 1.12271e-005 8.98169e-005
1950 2 0 1.1168e-005 2.23361e-005
2000 0 0 1.11042e-005 0

total neg_log_likelihood: 40.8015


Year 2008
class scanned recaptured expected_prop neg_log_likelihood
100 0 0 0 0
150 0 0 9.2172e-015 0
200 0 0 7.9661e-013 0
250 2 0 8.77874e-012 1.75575e-011
300 28 0 1.60716e-010 4.50005e-009
350 344 0 2.22698e-009 7.6608e-007
400 2602 0 2.14312e-008 5.5764e-005
450 12332 0 1.60155e-007 0.00197504
500 40170 0 8.98476e-007 0.0360918
550 97884 1 3.70555e-006 1.37685
600 182308 1 1.14024e-005 1.34698
650 260086 6 2.69211e-005 1.90404
700 291620 8 5.03555e-005 3.7949
750 271378 19 7.70327e-005 2.48507
800 224512 28 9.96843e-005 3.24097
850 174626 21 0.000113359 2.48104
900 131756 18 0.000117625 2.56063
950 97934 15 0.000114756 2.84759
1000 71728 10 0.000107266 2.39398
1050 51120 3 9.69256e-005 1.94551
1100 35200 3 8.49315e-005 1.4959
1150 23658 3 7.22185e-005 1.89335
1200 15864 1 5.96207e-005 1.00149
1250 10828 0 4.79848e-005 0.519591
1300 7580 1 3.80205e-005 1.53228
1350 5410 0 3.00962e-005 0.162823
1400 3886 0 2.42832e-005 0.0943656
1450 2772 0 2.0246e-005 0.0561226
1500 1934 0 1.75068e-005 0.0338585
1550 1300 0 1.56709e-005 0.0203723
1600 826 0 1.43974e-005 0.0118923
1650 490 0 1.35258e-005 0.00662768
1700 266 0 1.29449e-005 0.00344336
1750 132 0 1.25665e-005 0.00165879
1800 58 0 1.23242e-005 0.000714808
1850 24 0 1.21701e-005 0.000292084
1900 8 0 1.20697e-005 9.65582e-005
1950 2 0 1.19954e-005 2.3991e-005
2000 0 0 1.19195e-005 0

total neg_log_likelihood: 33.2506


Year 2009
class scanned recaptured expected_prop neg_log_likelihood
100 0 0 0 0
150 0 0 0 0
200 0 0 2.57214e-014 0
250 2 0 9.09698e-013 1.81943e-012
300 28 0 2.79794e-011 7.83423e-010
350 338 0 5.0201e-010 1.69679e-007
400 2596 0 5.0131e-009 1.3014e-005
450 13080 0 3.84958e-008 0.000503525
500 43468 0 2.47503e-007 0.0107585
550 101422 1 1.21876e-006 2.21424
600 180382 0 4.5376e-006 0.818503
650 255904 7 1.29377e-005 3.45563
700 293398 6 2.89305e-005 2.23538
750 278302 10 5.2111e-005 2.86375
800 229716 12 7.77163e-005 3.2541
850 175798 23 9.90095e-005 3.30606
900 130724 5 0.000111624 5.9774
950 96182 10 0.000115191 2.13288
1000 70174 7 0.000111806 1.95108
1050 50456 1 0.000103845 3.58355
1100 35360 2 9.30202e-005 1.60105
1150 24054 4 8.05223e-005 2.47062
1200 16060 1 6.74067e-005 1.0032
1250 10754 0 5.47782e-005 0.589101
1300 7362 1 4.36262e-005 1.45691
1350 5182 0 3.45522e-005 0.179052
1400 3714 0 2.77839e-005 0.103191
1450 2662 0 2.30288e-005 0.0613033
1500 1866 0 1.97747e-005 0.0369
1550 1256 0 1.75806e-005 0.0220814
1600 798 0 1.60493e-005 0.0128075
1650 470 0 1.49949e-005 0.00704763
1700 254 0 1.42879e-005 0.00362914
1750 126 0 1.3825e-005 0.00174196
1800 56 0 1.35273e-005 0.000757531
1850 22 0 1.33374e-005 0.000293424
1900 8 0 1.32137e-005 0.00010571
1950 2 0 1.31228e-005 2.62458e-005
2000 0 0 1.3032e-005 0

total neg_log_likelihood: 39.3536


Year 2010
class scanned recaptured expected_prop neg_log_likelihood
100 0 0 0 0
150 0 0 0 0
200 0 0 8.9995e-017 0
250 2 0 6.57522e-014 1.3145e-013
300 30 0 4.05832e-012 1.21749e-010
350 342 0 1.13368e-010 3.87717e-008
400 2546 0 1.40091e-009 3.56671e-006
450 12914 0 9.85048e-009 0.000127209
500 45438 0 6.66293e-008 0.0030275
550 110634 0 3.7256e-007 0.0412178
600 193100 0 1.63402e-006 0.31553
650 259840 1 5.55132e-006 1.07611
700 288924 6 1.47546e-005 2.14243
750 275666 7 3.12923e-005 2.06773
800 231594 14 5.42048e-005 2.3247
850 178066 8 7.86567e-005 3.49484
900 131090 11 9.85001e-005 2.27461
950 95240 11 0.000109898 2.13876
1000 68874 11 0.000112607 2.7253
1050 49434 2 0.00010855 2.6991
1100 34952 4 9.99309e-005 1.66799
1150 24134 2 8.84041e-005 1.31108
1200 16262 2 7.53106e-005 1.51241
1250 10830 0 6.20184e-005 0.671681
1300 7284 0 4.98232e-005 0.362922
1350 5028 0 3.96159e-005 0.199192
1400 3564 0 3.18446e-005 0.113496
1450 2550 0 2.63075e-005 0.0670849
1500 1794 0 2.24806e-005 0.0403307
1550 1212 0 1.98838e-005 0.0240994
1600 770 0 1.80624e-005 0.0139082
1650 454 0 1.68032e-005 0.00762872
1700 246 0 1.59563e-005 0.00392527
1750 120 0 1.54004e-005 0.00184806
1800 54 0 1.50421e-005 0.000812278
1850 22 0 1.48132e-005 0.000325893
1900 8 0 1.46642e-005 0.000117314
1950 2 0 1.45549e-005 2.91099e-005
2000 0 0 1.44463e-005 0

total neg_log_likelihood: 27.3024


Tags2007_R1_R1 :
tag-recapture data for tag Tags2007_R1 in years 2008 2009 2010 , step 1, after proportion 0.5 of mortality, with sampling method size, detection probability 1.
Year 2008
class scanned recaptured expected_prop neg_log_likelihood
100 0 0 0 0
150 0 0 1.47509e-012 0
200 0 0 9.65349e-012 0
250 2 0 6.26884e-011 1.25377e-010
300 28 0 8.25598e-010 2.31167e-008
350 344 0 1.04321e-008 3.58865e-006
400 2602 0 9.65177e-008 0.000251139
450 12332 0 6.37885e-007 0.0078664
500 40170 0 2.98545e-006 0.119926
550 97884 2 1.00682e-005 1.70784
600 182308 3 2.52756e-005 1.81635
650 260086 14 4.90745e-005 2.30244
700 291620 23 7.66098e-005 2.4999
750 271378 26 0.000100034 2.57573
800 224512 24 0.000114082 2.56326
850 174626 32 0.000118676 5.28087
900 131756 14 0.000116633 2.30707
950 97934 8 0.000110607 2.3766
1000 71728 4 0.000102147 2.53876
1050 51120 2 9.20925e-005 2.30254
1100 35200 2 8.09962e-005 1.44881
1150 23658 2 6.93287e-005 1.34368
1200 15864 1 5.7612e-005 1.0039
1250 10828 0 4.65621e-005 0.504186
1300 7580 2 3.69129e-005 3.52037
1350 5410 0 2.91373e-005 0.157635
1400 3886 0 2.34012e-005 0.0909381
1450 2772 0 1.94225e-005 0.0538397
1500 1934 0 1.67435e-005 0.0323822
1550 1300 0 1.4968e-005 0.0194586
1600 826 0 1.37579e-005 0.0113641
1650 490 0 1.2946e-005 0.00634359
1700 266 0 1.24153e-005 0.00330249
1750 132 0 1.20754e-005 0.00159397
1800 58 0 1.18604e-005 0.000687909
1850 24 0 1.17245e-005 0.000281389
1900 8 0 1.16351e-005 9.30817e-005
1950 2 0 1.15664e-005 2.3133e-005
2000 0 0 1.14923e-005 0

total neg_log_likelihood: 36.5983


Year 2009
class scanned recaptured expected_prop neg_log_likelihood
100 0 0 0 0
150 0 0 4.65904e-015 0
200 0 0 5.4926e-013 0
250 2 0 7.80986e-012 1.56197e-011
300 28 0 1.51182e-010 4.2331e-009
350 338 0 2.09658e-009 7.08643e-007
400 2596 0 2.03239e-008 5.27608e-005
450 13080 0 1.55046e-007 0.002028
500 43468 0 8.853e-007 0.0384823
550 101422 0 3.68987e-006 0.374234
600 180382 1 1.14105e-005 1.33639
650 255904 6 2.69721e-005 1.89041
700 293398 12 5.03819e-005 2.44827
750 278302 26 7.6838e-005 3.01694
800 229716 17 9.9059e-005 3.13888
850 175798 25 0.000112309 3.17644
900 130724 26 0.000116503 5.68729
950 96182 9 0.000114168 2.21728
1000 70174 5 0.000107827 2.23539
1050 50456 3 9.90028e-005 1.96157
1100 35360 1 8.85094e-005 1.98881
1150 24054 3 7.69025e-005 1.79628
1200 16060 1 6.47764e-005 1.00076
1250 10754 0 5.29503e-005 0.569442
1300 7362 0 4.23143e-005 0.311525
1350 5182 0 3.35134e-005 0.173669
1400 3714 0 2.68701e-005 0.099797
1450 2662 0 2.21727e-005 0.0590244
1500 1866 0 1.89553e-005 0.0353709
1550 1256 0 1.67924e-005 0.0210914
1600 798 0 1.52954e-005 0.0122058
1650 470 0 1.42761e-005 0.00670981
1700 254 0 1.36006e-005 0.00345457
1750 126 0 1.31629e-005 0.00165854
1800 56 0 1.28837e-005 0.00072149
1850 22 0 1.27063e-005 0.000279541
1900 8 0 1.25902e-005 0.000100723
1950 2 0 1.25027e-005 2.50056e-005
2000 0 0 1.24116e-005 0

total neg_log_likelihood: 33.6046


Year 2010
class scanned recaptured expected_prop neg_log_likelihood
100 0 0 0 0
150 0 0 0 0
200 0 0 1.42429e-014 0
250 2 0 7.49222e-013 1.49836e-012
300 30 0 2.62786e-011 7.88356e-010
350 342 0 4.82159e-010 1.64899e-007
400 2546 0 4.79465e-009 1.22072e-005
450 12914 0 3.70481e-008 0.00047844
500 45438 0 2.41861e-007 0.0109897
550 110634 0 1.20613e-006 0.133439
600 193100 0 4.52485e-006 0.873751
650 259840 3 1.29458e-005 1.51635
700 288924 13 2.89627e-005 3.30278
750 275666 13 5.20868e-005 2.2742
800 231594 14 7.74546e-005 2.71233
850 178066 23 9.8353e-005 3.27189
900 131090 14 0.000110638 2.25321
950 95240 12 0.000114255 2.22388
1000 68874 6 0.000111507 2.02749
1050 49434 5 0.000104733 1.74333
1100 34952 6 9.53761e-005 2.68856
1150 24134 3 8.42397e-005 1.69616
1200 16262 0 7.20246e-005 1.17131
1250 10830 0 5.96517e-005 0.646047
1300 7284 1 4.81663e-005 1.39822
1350 5028 0 3.83985e-005 0.193072
1400 3564 2 3.0852e-005 5.21867
1450 2550 0 2.54129e-005 0.0648038
1500 1794 0 2.16266e-005 0.0387985
1550 1212 0 1.90478e-005 0.0230861
1600 770 0 1.72406e-005 0.0132754
1650 454 0 1.59964e-005 0.00726241
1700 246 0 1.51642e-005 0.00373042
1750 120 0 1.46211e-005 0.00175455
1800 54 0 1.42728e-005 0.000770737
1850 22 0 1.40511e-005 0.000309127
1900 8 0 1.39065e-005 0.000111253
1950 2 0 1.37988e-005 2.75978e-005
2000 0 0 1.36884e-005 0

total neg_log_likelihood: 35.5101


Tags2008_R1_R1 :
tag-recapture data for tag Tags2008_R1 in years 2009 2010 , step 1, after proportion 0.5 of mortality, with sampling method size, detection probability 1.
Year 2009
class scanned recaptured expected_prop neg_log_likelihood
100 0 0 0 0
150 0 0 1.50983e-012 0
200 0 0 1.04239e-011 0
250 2 0 6.68667e-011 1.33733e-010
300 28 0 8.77943e-010 2.45824e-008
350 338 0 1.11234e-008 3.75972e-006
400 2596 0 1.02778e-007 0.000266813
450 13080 0 6.76505e-007 0.00884869
500 43468 0 3.1547e-006 0.137129
550 101422 1 1.06203e-005 1.00282
600 180382 4 2.66365e-005 1.70437
650 255904 15 5.16193e-005 2.39469
700 293398 16 8.02114e-005 3.67075
750 278302 32 0.000103801 2.81627
800 229716 30 0.000116681 2.80572
850 175798 13 0.000118999 3.94306
900 130724 15 0.000114226 2.27862
950 96182 7 0.000105682 2.45742
1000 70174 7 9.53534e-005 1.91075
1050 50456 1 8.42592e-005 2.80423
1100 35360 3 7.2943e-005 1.52847
1150 24054 0 6.17502e-005 1.48539
1200 16060 3 5.09927e-005 3.20998
1250 10754 0 4.11263e-005 0.442281
1300 7362 2 3.26365e-005 3.78548
1350 5182 1 2.58329e-005 2.14476
1400 3714 0 2.08168e-005 0.0773142
1450 2662 0 1.73319e-005 0.0461379
1500 1866 0 1.49808e-005 0.0279543
1550 1256 0 1.34201e-005 0.0168558
1600 798 0 1.2355e-005 0.00985931
1650 470 0 1.16398e-005 0.00547074
1700 254 0 1.11721e-005 0.00283773
1750 126 0 1.08725e-005 0.00136994
1800 56 0 1.06829e-005 0.000598247
1850 22 0 1.05631e-005 0.00023239
1900 8 0 1.04844e-005 8.38757e-005
1950 2 0 1.04238e-005 2.08477e-005
2000 0 0 1.03583e-005 0

total neg_log_likelihood: 40.7201


Year 2010
class scanned recaptured expected_prop neg_log_likelihood
100 0 0 0 0
150 0 0 4.67969e-015 0
200 0 0 5.83768e-013 0
250 2 0 8.412e-012 1.68241e-011
300 30 0 1.60417e-010 4.8125e-009
350 342 0 2.22844e-009 7.62127e-007
400 2546 0 2.16148e-008 5.50313e-005
450 12914 0 1.64653e-007 0.00212633
500 45438 1 9.37057e-007 3.19899
550 110634 0 3.89547e-006 0.430973
600 193100 0 1.20294e-005 2.3229
650 259840 12 2.83995e-005 3.38237
700 288924 18 5.29135e-005 2.5962
750 275666 26 8.02669e-005 2.87194
800 231594 18 0.000102486 3.12542
850 178066 17 0.000114482 2.63854
900 131090 22 0.000116418 3.77553
950 95240 11 0.000111452 2.13231
1000 68874 6 0.00010274 1.91498
1050 49434 3 9.22161e-005 1.79931
1100 34952 6 8.08611e-005 3.17185
1150 24134 0 6.92153e-005 1.6705
1200 16262 0 5.77146e-005 0.938582
1250 10830 1 4.69204e-005 1.1851
1300 7284 0 3.74353e-005 0.272684
1350 5028 0 2.96803e-005 0.149235
1400 3564 0 2.38555e-005 0.0850219
1450 2550 0 1.9741e-005 0.0503402
1500 1794 0 1.69213e-005 0.0303571
1550 1212 0 1.50236e-005 0.0182087
1600 770 0 1.37084e-005 0.0105556
1650 454 0 1.28119e-005 0.00581665
1700 246 0 1.22174e-005 0.00300549
1750 120 0 1.1832e-005 0.00141985
1800 54 0 1.1586e-005 0.00062565
1850 22 0 1.14299e-005 0.000251459
1900 8 0 1.13278e-005 9.06228e-005
1950 2 0 1.12509e-005 2.25019e-005
2000 0 0 1.11706e-005 0

total neg_log_likelihood: 37.7853


Tags2009_R1_R1 :
tag-recapture data for tag Tags2009_R1 in years 2010 , step 1, after proportion 0.5 of mortality, with sampling method size, detection probability 1.
Year 2010
class scanned recaptured expected_prop neg_log_likelihood
100 0 0 0 0
150 0 0 1.51447e-012 0
200 0 0 1.05553e-011 0
250 2 0 6.79138e-011 1.35828e-010
300 30 0 8.82029e-010 2.64609e-008
350 342 0 1.11883e-008 3.82639e-006
400 2546 0 1.03514e-007 0.000263547
450 12914 0 6.79003e-007 0.00876864
500 45438 1 3.14459e-006 2.0886
550 110634 1 1.05064e-005 1.0119
600 193100 2 2.61961e-005 2.5095
650 259840 11 5.06148e-005 2.31194
700 288924 31 7.86945e-005 3.98558
750 275666 32 0.000102299 2.89956
800 231594 33 0.000115996 3.32253
850 178066 22 0.000119791 2.47858
900 131090 11 0.000116752 2.79735
950 95240 18 0.000109785 4.60252
1000 68874 6 0.000100589 1.89378
1050 49434 7 9.0031e-005 2.52449
1100 34952 2 7.86205e-005 1.41936
1150 24134 4 6.67514e-005 2.8817
1200 16262 1 5.48684e-005 1.00623
1250 10830 0 4.36366e-005 0.472595
1300 7284 0 3.37816e-005 0.246069
1350 5028 1 2.58076e-005 2.1718
1400 3564 0 1.99193e-005 0.0709929
1450 2550 0 1.58502e-005 0.0404182
1500 1794 0 1.31344e-005 0.0235632
1550 1212 0 1.13573e-005 0.0137651
1600 770 0 1.01668e-005 0.00782847
1650 454 0 9.38255e-006 0.0042597
1700 246 0 8.87827e-006 0.00218406
1750 120 0 8.55955e-006 0.00102715
1800 54 0 8.35972e-006 0.000451427
1850 22 0 8.2336e-006 0.00018114
1900 8 0 8.14961e-006 6.51972e-005
1950 2 0 8.08259e-006 1.61652e-005
2000 0 0 8.00826e-006 0

total neg_log_likelihood: 40.7979


Output quantities start here

* Scalar parameter values
initialization.B0 195619

* Nuisance q's

* B0
195619

* R0
1.41934e+007

* SSBs
SSB 195619 194216 190836 187122 183107 178862 174475 170045 165663 161413 157357 153530 149942 146594 143478 140584 137903 135421 133128 131010 129057 
year 1990 1991 1992 1993 1994 1995 1996 1997 1998 1999 2000 2001 2002 2003 2004 2005 2006 2007 2008 2009 2010 

* recruitments
recruitment 1.41934e+007 1.41934e+007 1.41824e+007 1.41554e+007 1.41247e+007 1.40903e+007 1.40524e+007 1.40115e+007 1.39683e+007 1.39237e+007 1.38783e+007 1.3833e+007 1.37884e+007 1.37448e+007 1.37024e+007 1.36615e+007 1.36221e+007 1.35843e+007 1.35481e+007 1.35138e+007 1.34811e+007 
year 1990 1991 1992 1993 1994 1995 1996 1997 1998 1999 2000 2001 2002 2003 2004 2005 2006 2007 2008 2009 2010 

* YCS
YCS 1 1 1 1 1 1 1 1 1 1 1 1 1 1 1 1 1 1 1 1 1 
year 1989 1990 1991 1992 1993 1994 1995 1996 1997 1998 1999 2000 2001 2002 2003 2004 2005 2006 2007 2008 2009 

* true_YCS
true_YCS 1 1 0.999227 0.997322 0.995158 0.992732 0.990062 0.987182 0.984142 0.980994 0.977799 0.97461 0.971466 0.968393 0.965408 0.962522 0.959745 0.957082 0.954538 0.952114 0.949813 
year 1989 1990 1991 1992 1993 1994 1995 1996 1997 1998 1999 2000 2001 2002 2003 2004 2005 2006 2007 2008 2009 

* fishing_pressures
LL1 0 0.0378659 0.0389451 0.0400261 0.0410797 0.0420847 0.0430257 0.0438923 0.044679 0.0453851 0.0460146 0.0465745 0.0470728 0.0475179 0.0479182 0.048282 0.0486172 0.0489298 0.0492251 0.0495072 0.0497794 
LL2 0 0.0378659 0.0389451 0.0400261 0.0410797 0.0420847 0.0430257 0.0438923 0.044679 0.0453851 0.0460146 0.0465745 0.0470728 0.0475179 0.0479182 0.048282 0.0486172 0.0489298 0.0492251 0.0495072 0.0497794 
year 1990 1991 1992 1993 1994 1995 1996 1997 1998 1999 2000 2001 2002 2003 2004 2005 2006 2007 2008 2009 2010 

* Numbers_at_age_R1
1990  1.31744e+007 1.12828e+007 9.66275e+006 8.27532e+006 7.08711e+006 6.06951e+006 5.19802e+006 4.45166e+006 3.81247e+006 3.26506e+006 2.79625e+006 2.39475e+006 2.0509e+006 1.75642e+006 1.50423e+006 1.28824e+006 1.10327e+006 944857 809190 693002 593498 508280 435299 372797 319269 273427 234167 200544 171749 1.0244e+006 
1991  1.31744e+007 1.12828e+007 9.66271e+006 8.27504e+006 7.08549e+006 6.06288e+006 5.17893e+006 4.41278e+006 3.75647e+006 3.20802e+006 2.74774e+006 2.35406e+006 2.01724e+006 1.72896e+006 1.48213e+006 1.27071e+006 1.08955e+006 934265 801127 686949 589016 505008 432942 371123 318096 272617 233615 200173 171503 1.02328e+006 
1992  1.31642e+007 1.12828e+007 9.66271e+006 8.27497e+006 7.08492e+006 6.05968e+006 5.16613e+006 4.37656e+006 3.68378e+006 3.1043e+006 2.64236e+006 2.26442e+006 1.94202e+006 1.6667e+006 1.43129e+006 1.22976e+006 1.05702e+006 908782 781436 671944 577739 496650 426834 366720 314967 270424 232099 199140 170809 1.02072e+006 
1993  1.31392e+007 1.12741e+007 9.6627e+006 8.27495e+006 7.0848e+006 6.05896e+006 5.16267e+006 4.3641e+006 3.65089e+006 3.04113e+006 2.55407e+006 2.17518e+006 1.86606e+006 1.60289e+006 1.3784e+006 1.1865e+006 1.02211e+006 880988 759610 655039 564827 486926 419613 361433 311151 267708 230194 197822 169910 1.01787e+006 
1994  1.31106e+007 1.12526e+007 9.65523e+006 8.27494e+006 7.08473e+006 6.05863e+006 5.16134e+006 4.35957e+006 3.6379e+006 3.01094e+006 2.49932e+006 2.10019e+006 1.79061e+006 1.53863e+006 1.32436e+006 1.14164e+006 985342 851254 735886 636368 550336 475835 411244 355209 306587 264409 227844 196172 168768 1.01459e+006 
1995  1.30787e+007 1.12282e+007 9.63683e+006 8.26854e+006 7.08467e+006 6.05835e+006 5.16037e+006 4.35689e+006 3.63162e+006 2.9973e+006 2.47185e+006 2.053e+006 1.72711e+006 1.47496e+006 1.27008e+006 1.09592e+006 947324 820038 710590 616142 534385 463430 401733 348021 301233 260479 225001 194145 167344 1.01076e+006 
1996  1.30435e+007 1.12008e+007 9.61592e+006 8.25277e+006 7.07914e+006 6.05809e+006 5.15948e+006 4.35462e+006 3.62703e+006 2.98936e+006 2.45816e+006 2.0284e+006 1.68665e+006 1.42133e+006 1.21645e+006 1.05014e+006 908705 787859 684114 594642 517158 449818 391128 339876 295069 255882 221623 191700 165600 1.0062e+006 
1997  1.30056e+007 1.11707e+007 9.59247e+006 8.23485e+006 7.06559e+006 6.05317e+006 5.15866e+006 4.35252e+006 3.62295e+006 2.98303e+006 2.44934e+006 2.01529e+006 1.66494e+006 1.38683e+006 1.17125e+006 1.00503e+006 870132 755259 656894 572199 498895 435155 379519 330816 288100 250601 217681 188801 163499 1.00076e+006 
1998  1.29655e+007 1.11382e+007 9.56667e+006 8.21477e+006 7.05022e+006 6.04141e+006 5.15392e+006 4.3506e+006 3.61921e+006 2.97734e+006 2.44203e+006 2.00634e+006 1.6528e+006 1.36788e+006 1.14196e+006 967004 832215 722777 629385 549180 479874 419643 367041 320920 280365 244644 213161 185423 161014 994266 
1999  1.2924e+007 1.11039e+007 9.53885e+006 8.19267e+006 7.03299e+006 6.0281e+006 5.14342e+006 4.3455e+006 3.61581e+006 2.97215e+006 2.43546e+006 1.99881e+006 1.64422e+006 1.35693e+006 1.12559e+006 942224 800262 690916 602033 525963 460403 403519 353865 310301 271929 238040 208069 181557 158122 986552 
2000  1.28819e+007 1.10683e+007 9.50946e+006 8.16883e+006 7.01403e+006 6.01323e+006 5.13166e+006 4.33565e+006 3.60997e+006 2.96748e+006 2.42952e+006 1.99205e+006 1.63695e+006 1.34902e+006 1.1159e+006 928191 779348 664075 575251 502918 440796 387039 340189 299103 262889 230848 202432 177205 154815 977454 
2001  1.28399e+007 1.10323e+007 9.47905e+006 8.14367e+006 6.9936e+006 5.9969e+006 5.11861e+006 4.32486e+006 3.60036e+006 2.961e+006 2.42418e+006 1.98597e+006 1.63044e+006 1.34228e+006 1.10879e+006 919731 767384 646447 552695 480387 421361 370465 326227 287493 253366 223148 196297 172391 151096 966824 
2002  1.27985e+007 1.09963e+007 9.44818e+006 8.11762e+006 6.97203e+006 5.97932e+006 5.10437e+006 4.31309e+006 3.59013e+006 2.95164e+006 2.41754e+006 1.98051e+006 1.62459e+006 1.33625e+006 1.10272e+006 913459 760075 636284 537844 461414 402381 354053 312199 275651 243500 215042 189734 167156 146984 954540 
2003  1.2758e+007 1.09608e+007 9.41736e+006 8.09117e+006 6.9497e+006 5.96078e+006 5.0891e+006 4.30039e+006 3.57923e+006 2.94193e+006 2.4087e+006 1.97413e+006 1.61935e+006 1.33085e+006 1.09729e+006 908091 754613 630013 529230 448898 386401 338038 298319 263762 233444 206650 182828 161558 142514 940512 
2004  1.27187e+007 1.09262e+007 9.38698e+006 8.06478e+006 6.92704e+006 5.94161e+006 5.07304e+006 4.2869e+006 3.56769e+006 2.93181e+006 2.39971e+006 1.96604e+006 1.61344e+006 1.32602e+006 1.09243e+006 903300 749930 625299 523874 441604 375842 324557 284783 252005 223353 198099 175681 155670 137735 924693 
2005  1.26807e+007 1.08925e+007 9.35728e+006 8.03876e+006 6.90443e+006 5.92216e+006 5.05647e+006 4.27281e+006 3.55557e+006 2.92127e+006 2.39048e+006 1.95791e+006 1.60621e+006 1.32068e+006 1.08808e+006 899002 745747 621248 519826 437040 369666 315637 273388 240543 213376 189521 168402 149577 132710 907086 
2006  1.26441e+007 1.08599e+007 9.32844e+006 8.01333e+006 6.88213e+006 5.90275e+006 5.03969e+006 4.25833e+006 3.54304e+006 2.91037e+006 2.38099e+006 1.94966e+006 1.59899e+006 1.3143e+006 1.08335e+006 895150 741991 617626 516341 433577 365782 310404 265841 230894 203654 181043 161101 143373 127512 887742 
2007  1.2609e+007 1.08286e+007 9.30056e+006 7.98862e+006 6.86035e+006 5.88362e+006 5.02296e+006 4.24373e+006 3.53027e+006 2.89921e+006 2.37129e+006 1.94127e+006 1.59172e+006 1.30798e+006 1.07779e+006 891007 738623 614374 513226 430593 362827 307102 261405 224499 195469 172783 153886 137151 122219 866772 
2008  1.25755e+007 1.07985e+007 9.27372e+006 7.96475e+006 6.83918e+006 5.86493e+006 5.00649e+006 4.2292e+006 3.51744e+006 2.88792e+006 2.36145e+006 1.93275e+006 1.58438e+006 1.30166e+006 1.07231e+006 886210 735030 611453 510425 427921 360276 304582 258596 220732 190041 165829 146858 131005 116912 844335 
2009  1.25436e+007 1.07698e+007 9.24799e+006 7.94176e+006 6.81873e+006 5.84678e+006 4.9904e+006 4.21491e+006 3.50471e+006 2.87663e+006 2.35154e+006 1.92414e+006 1.57697e+006 1.2953e+006 1.06685e+006 881487 730908 608354 507906 425518 357991 302405 256448 218342 186840 161215 140941 125017 111669 820634 
2010  1.25132e+007 1.07425e+007 9.22341e+006 7.91972e+006 6.79904e+006 5.82924e+006 4.97478e+006 4.20097e+006 3.49224e+006 2.86549e+006 2.34168e+006 1.91553e+006 1.56952e+006 1.2889e+006 1.06137e+006 876790 726857 604825 505245 423354 355933 300453 254590 216511 184805 158491 137014 119976 106562 795912 

Output quantities finish here

Unused parameters:
annual_cycle.fishery_areas annual_cycle.migrate_from annual_cycle.migrate_to annual_cycle.migration_names annual_cycle.migration_times annual_cycle.n_migrations annual_cycle.recruitment_areas annual_cycle.spawning_all_areas area_names recruitment.p_male recruitment.year_range tag[Tags2005_R1_LL1].area tag[Tags2005_R1_LL1].sex tag[Tags2006_R1_LL1].area tag[Tags2006_R1_LL1].sex tag[Tags2007_R1_LL1].area tag[Tags2007_R1_LL1].sex tag[Tags2008_R1_LL1].area tag[Tags2008_R1_LL1].sex tag[Tags2009_R1_LL1].area tag[Tags2009_R1_LL1].sex MCMC.adapt_at MCMC.adaptive_stepsize MCMC.burn_in MCMC.keep MCMC.length MCMC.start MCMC.stepsize profile[1].l profile[1].n profile[1].parameter profile[1].u tag_recapture[Tags2005_R1_R1].area tag_recapture[Tags2006_R1_R1].area tag_recapture[Tags2007_R1_R1].area tag_recapture[Tags2008_R1_R1].area tag_recapture[Tags2009_R1_R1].area n_projections numbers_at[Numbers_at_age_R1].area print.final_state print.initial_state print.requests print.results print.state_annually print.state_every_step print.yields 
