CASAL (C++ algorithmic stock assessment laboratory)
Call: C:/Users/bstacy/Documents/GitHub/lasac/projects/simulations/sim/con0.5/casal -e -q -f TR 
Date: Mon Oct 14 13:36:03 2019
v2.30-2012-03-21 00:22:59 UTC (rev.4648)  (c) Copyright 2002-2012, NIWA
User name: bstacy
Machine name: DOM-IMA-HVZRNF2 (Microsoft Windows, PID=16356)

Prefix for the input parameter filenames : TR

Random number seed : 20563

Estimation parameters:
Stored as strings: 
  MCMC.adapt_at                 	1e+05 2e+05 3e+05 4e+05
  MCMC.adaptive_stepsize        	True
  MCMC.burn_in                  	500
  MCMC.keep                     	1000
  MCMC.length                   	1500000
  MCMC.start                    	0
  MCMC.stepsize                 	0.01
  ageing_error.c                	0
  ageing_error.type             	normal
  catch_at[LL1_catchA].2000     	0 0 0 0 0 0.02 0.03 0.11 0.16 0.13 0.09 0.14 0.08 0.07 0.02 0.03 0.03 0.03 0.03 0 0 0 0.01 0 0 0 0.01 0 0 0.01
  catch_at[LL1_catchA].2001     	0 0 0 0 0 0.03 0.07 0.13 0.16 0.13 0.07 0.1 0.06 0.09 0.06 0.03 0.02 0.01 0.03 0 0 0 0 0 0 0 0 0 0 0.01
  catch_at[LL1_catchA].2002     	0 0 0 0 0 0.01 0.06 0.09 0.2 0.09 0.11 0.13 0.04 0.06 0.03 0.02 0.04 0.06 0 0.03 0.01 0 0.02 0 0 0 0 0 0 0
  catch_at[LL1_catchA].2003     	0 0 0 0 0.01 0 0.12 0.13 0.2 0.12 0.12 0.13 0.03 0.05 0.03 0.01 0.03 0 0.01 0 0.01 0 0 0 0 0 0 0 0 0
  catch_at[LL1_catchA].2004     	0 0 0 0 0.01 0.06 0.06 0.1 0.14 0.14 0.06 0.08 0.07 0.03 0.07 0.07 0.01 0.03 0.01 0 0.03 0.01 0.01 0 0 0 0 0.01 0 0
  catch_at[LL1_catchA].2005     	0 0 0 0 0 0.03 0.03 0.09 0.19 0.15 0.13 0.08 0.05 0.05 0.04 0.02 0.06 0.04 0.03 0 0 0 0 0 0 0 0 0 0 0.01
  catch_at[LL1_catchA].2006     	0 0 0 0.01 0 0.02 0.04 0.1 0.2 0.16 0.11 0.09 0.07 0.08 0.02 0.03 0.02 0.02 0.01 0.01 0 0 0 0.01 0 0 0 0 0 0
  catch_at[LL1_catchA].2007     	0 0 0 0 0 0.02 0.07 0.17 0.19 0.16 0.07 0.08 0.08 0.02 0.05 0.01 0.02 0.01 0.02 0.02 0 0 0 0 0 0 0 0 0 0.01
  catch_at[LL1_catchA].2008     	0 0 0 0 0 0 0.05 0.08 0.17 0.17 0.15 0.08 0.06 0.07 0.03 0.02 0.01 0.04 0.02 0.01 0 0.02 0.02 0 0 0 0 0 0 0
  catch_at[LL1_catchA].2009     	0 0 0 0 0.01 0.02 0.03 0.09 0.18 0.16 0.08 0.17 0.07 0.07 0.03 0.03 0.01 0.03 0 0.01 0 0 0 0 0 0.01 0 0 0 0
  catch_at[LL1_catchA].2010     	0 0 0 0 0.01 0.01 0.05 0.12 0.15 0.13 0.13 0.12 0.06 0.1 0.03 0.04 0.01 0.01 0 0.01 0.01 0 0 0 0 0 0.01 0 0 0
  catch_at[LL1_catchA].N_2000   	100
  catch_at[LL1_catchA].N_2001   	100
  catch_at[LL1_catchA].N_2002   	100
  catch_at[LL1_catchA].N_2003   	100
  catch_at[LL1_catchA].N_2004   	100
  catch_at[LL1_catchA].N_2005   	100
  catch_at[LL1_catchA].N_2006   	100
  catch_at[LL1_catchA].N_2007   	100
  catch_at[LL1_catchA].N_2008   	100
  catch_at[LL1_catchA].N_2009   	100
  catch_at[LL1_catchA].N_2010   	100
  catch_at[LL1_catchA].at_size  	False
  catch_at[LL1_catchA].dist     	multinomial
  catch_at[LL1_catchA].fishery  	LL1
  catch_at[LL1_catchA].max_class	30
  catch_at[LL1_catchA].min_class	1
  catch_at[LL1_catchA].plus_group	True
  catch_at[LL1_catchA].r        	1e-11
  catch_at[LL1_catchA].sexed    	False
  catch_at[LL1_catchA].sum_to_one	True
  catch_at[LL1_catchA].years    	2000 2001 2002 2003 2004 2005 2006 2007 2008 2009 2010
  catch_limit_penalty[1].fishery	LL1
  catch_limit_penalty[1].label  	LL1_Penalty
  catch_limit_penalty[1].log_scale	True
  catch_limit_penalty[1].multiplier	1000
  catch_limit_penalty[2].fishery	LL2
  catch_limit_penalty[2].label  	LL2_Penalty
  catch_limit_penalty[2].log_scale	True
  catch_limit_penalty[2].multiplier	1000
  estimate[1].lower_bound       	5000
  estimate[1].parameter         	initialization.B0
  estimate[1].prior             	uniform
  estimate[1].upper_bound       	5e+05
  estimator                     	Bayes
  fish_tagged_penalty[1].label  	Penalty_Tags2005_R1_LL1
  fish_tagged_penalty[1].multiplier	1
  fish_tagged_penalty[1].tagging_episode	Tags2005_R1_LL1
  fish_tagged_penalty[2].label  	Penalty_Tags2006_R1_LL1
  fish_tagged_penalty[2].multiplier	1
  fish_tagged_penalty[2].tagging_episode	Tags2006_R1_LL1
  fish_tagged_penalty[3].label  	Penalty_Tags2007_R1_LL1
  fish_tagged_penalty[3].multiplier	1
  fish_tagged_penalty[3].tagging_episode	Tags2007_R1_LL1
  fish_tagged_penalty[4].label  	Penalty_Tags2008_R1_LL1
  fish_tagged_penalty[4].multiplier	1
  fish_tagged_penalty[4].tagging_episode	Tags2008_R1_LL1
  fish_tagged_penalty[5].label  	Penalty_Tags2009_R1_LL1
  fish_tagged_penalty[5].multiplier	1
  fish_tagged_penalty[5].tagging_episode	Tags2009_R1_LL1
  grad_tol                      	0.001
  max_evals                     	10000
  max_iters                     	1600
  profile[1].l                  	40000
  profile[1].n                  	11
  profile[1].parameter          	initialization.B0
  profile[1].u                  	130000
  q_method                      	nuisance
  tag_recapture[Tags2005_R1_R1].area	R1
  tag_recapture[Tags2005_R1_R1].class_mins	100 150 200 250 300 350 400 450 500 550 600 650 700 750 800 850 900 950 1000 1050 1100 1150 1200 1250 1300 1350 1400 1450 1500 1550 1600 1650 1700 1750 1800 1850 1900 1950 2000 2050
  tag_recapture[Tags2005_R1_R1].detection_probability	1
  tag_recapture[Tags2005_R1_R1].dispersion	1
  tag_recapture[Tags2005_R1_R1].do_bootstrap	True
  tag_recapture[Tags2005_R1_R1].plus_group	False
  tag_recapture[Tags2005_R1_R1].proportion_mortality	0.5
  tag_recapture[Tags2005_R1_R1].r	1e-11
  tag_recapture[Tags2005_R1_R1].recaptured_2006	0 0 0 0 0 0 0 0 0 1 5 6 21 32 22 26 16 7 16 1 3 3 0 4 0 1 0 0 0 0 0 0 0 0 0 0 0 0 0
  tag_recapture[Tags2005_R1_R1].recaptured_2007	0 0 0 0 0 0 0 0 0 0 2 6 9 21 23 14 26 14 2 7 5 3 3 0 0 0 0 0 0 0 0 0 0 0 0 0 0 0 0
  tag_recapture[Tags2005_R1_R1].recaptured_2008	0 0 0 0 0 0 0 0 0 0 2 1 8 11 15 18 14 15 12 9 5 3 1 2 2 0 0 0 0 0 0 0 0 0 0 0 0 0 0
  tag_recapture[Tags2005_R1_R1].recaptured_2009	0 0 0 0 0 0 0 0 0 0 0 2 2 8 8 12 14 12 4 5 6 1 3 0 0 0 0 0 0 0 0 0 0 0 0 0 0 0 0
  tag_recapture[Tags2005_R1_R1].recaptured_2010	0 0 0 0 0 0 0 0 0 0 0 0 2 2 7 10 9 14 6 3 4 5 1 2 2 1 0 1 0 0 0 0 0 0 0 0 0 0 0
  tag_recapture[Tags2005_R1_R1].sample	size
  tag_recapture[Tags2005_R1_R1].scanned_2006	0 0 0 2 28 320 2302 11502 39770 96806 173902 243624 277690 266092 224820 178122 136978 101584 71958 49292 33518 23134 16316 11662 8346 5944 4222 2988 2086 1406 896 530 286 140 62 24 8 2 0
  tag_recapture[Tags2005_R1_R1].scanned_2007	0 0 0 2 28 344 2442 11568 39724 99366 181960 252416 280488 265182 224010 176300 134278 100438 72920 50898 34514 23278 15942 11162 7944 5686 4062 2880 2006 1350 862 512 278 138 62 24 8 2 0
  tag_recapture[Tags2005_R1_R1].scanned_2008	0 0 0 2 28 344 2602 12332 40170 97884 182308 260086 291620 271378 224512 174626 131756 97934 71728 51120 35200 23658 15864 10828 7580 5410 3886 2772 1934 1300 826 490 266 132 58 24 8 2 0
  tag_recapture[Tags2005_R1_R1].scanned_2009	0 0 0 2 28 338 2596 13080 43468 101422 180382 255904 293398 278302 229716 175798 130724 96182 70174 50456 35360 24054 16060 10754 7362 5182 3714 2662 1866 1256 798 470 254 126 56 22 8 2 0
  tag_recapture[Tags2005_R1_R1].scanned_2010	0 0 0 2 30 342 2546 12914 45438 110634 193100 259840 288924 275666 231594 178066 131090 95240 68874 49434 34952 24134 16262 10830 7284 5028 3564 2550 1794 1212 770 454 246 120 54 22 8 2 0
  tag_recapture[Tags2005_R1_R1].step	1
  tag_recapture[Tags2005_R1_R1].tag_name	Tags2005_R1
  tag_recapture[Tags2005_R1_R1].years	2006 2007 2008 2009 2010
  tag_recapture[Tags2006_R1_R1].area	R1
  tag_recapture[Tags2006_R1_R1].class_mins	100 150 200 250 300 350 400 450 500 550 600 650 700 750 800 850 900 950 1000 1050 1100 1150 1200 1250 1300 1350 1400 1450 1500 1550 1600 1650 1700 1750 1800 1850 1900 1950 2000 2050
  tag_recapture[Tags2006_R1_R1].detection_probability	1
  tag_recapture[Tags2006_R1_R1].dispersion	1
  tag_recapture[Tags2006_R1_R1].do_bootstrap	True
  tag_recapture[Tags2006_R1_R1].plus_group	False
  tag_recapture[Tags2006_R1_R1].proportion_mortality	0.5
  tag_recapture[Tags2006_R1_R1].r	1e-11
  tag_recapture[Tags2006_R1_R1].recaptured_2007	0 0 0 0 0 0 0 0 1 1 4 11 17 32 31 15 23 12 15 4 2 0 0 0 0 1 0 0 0 0 0 0 0 0 0 0 0 0 0
  tag_recapture[Tags2006_R1_R1].recaptured_2008	0 0 0 0 0 0 0 0 0 0 1 9 12 17 18 20 20 9 4 6 2 3 1 0 1 0 0 0 1 0 0 0 0 0 0 0 0 0 0
  tag_recapture[Tags2006_R1_R1].recaptured_2009	0 0 0 0 0 0 0 0 0 0 1 2 9 7 18 20 11 9 11 8 0 1 0 0 0 0 1 1 0 0 0 0 0 0 0 0 0 0 0
  tag_recapture[Tags2006_R1_R1].recaptured_2010	0 0 0 0 0 0 0 0 0 0 2 3 4 7 11 21 10 16 6 6 4 3 2 1 0 1 0 0 0 1 0 0 0 0 0 0 0 0 0
  tag_recapture[Tags2006_R1_R1].sample	size
  tag_recapture[Tags2006_R1_R1].scanned_2007	0 0 0 2 28 344 2442 11568 39724 99366 181960 252416 280488 265182 224010 176300 134278 100438 72920 50898 34514 23278 15942 11162 7944 5686 4062 2880 2006 1350 862 512 278 138 62 24 8 2 0
  tag_recapture[Tags2006_R1_R1].scanned_2008	0 0 0 2 28 344 2602 12332 40170 97884 182308 260086 291620 271378 224512 174626 131756 97934 71728 51120 35200 23658 15864 10828 7580 5410 3886 2772 1934 1300 826 490 266 132 58 24 8 2 0
  tag_recapture[Tags2006_R1_R1].scanned_2009	0 0 0 2 28 338 2596 13080 43468 101422 180382 255904 293398 278302 229716 175798 130724 96182 70174 50456 35360 24054 16060 10754 7362 5182 3714 2662 1866 1256 798 470 254 126 56 22 8 2 0
  tag_recapture[Tags2006_R1_R1].scanned_2010	0 0 0 2 30 342 2546 12914 45438 110634 193100 259840 288924 275666 231594 178066 131090 95240 68874 49434 34952 24134 16262 10830 7284 5028 3564 2550 1794 1212 770 454 246 120 54 22 8 2 0
  tag_recapture[Tags2006_R1_R1].step	1
  tag_recapture[Tags2006_R1_R1].tag_name	Tags2006_R1
  tag_recapture[Tags2006_R1_R1].years	2007 2008 2009 2010
  tag_recapture[Tags2007_R1_R1].area	R1
  tag_recapture[Tags2007_R1_R1].class_mins	100 150 200 250 300 350 400 450 500 550 600 650 700 750 800 850 900 950 1000 1050 1100 1150 1200 1250 1300 1350 1400 1450 1500 1550 1600 1650 1700 1750 1800 1850 1900 1950 2000 2050
  tag_recapture[Tags2007_R1_R1].detection_probability	1
  tag_recapture[Tags2007_R1_R1].dispersion	1
  tag_recapture[Tags2007_R1_R1].do_bootstrap	True
  tag_recapture[Tags2007_R1_R1].plus_group	False
  tag_recapture[Tags2007_R1_R1].proportion_mortality	0.5
  tag_recapture[Tags2007_R1_R1].r	1e-11
  tag_recapture[Tags2007_R1_R1].recaptured_2008	0 0 0 0 0 0 0 0 0 1 3 16 31 26 21 17 11 13 4 5 6 4 1 2 0 0 1 0 0 0 0 0 0 0 0 0 0 0 0
  tag_recapture[Tags2007_R1_R1].recaptured_2009	0 0 0 0 0 0 0 0 0 0 1 6 13 21 26 19 14 15 8 3 4 3 2 0 0 0 0 0 0 0 0 0 0 0 0 0 0 0 0
  tag_recapture[Tags2007_R1_R1].recaptured_2010	0 0 0 0 0 0 0 0 0 0 0 2 7 16 18 23 11 9 8 8 3 4 4 0 2 0 0 0 0 0 0 0 0 0 0 0 0 0 0
  tag_recapture[Tags2007_R1_R1].sample	size
  tag_recapture[Tags2007_R1_R1].scanned_2008	0 0 0 2 28 344 2602 12332 40170 97884 182308 260086 291620 271378 224512 174626 131756 97934 71728 51120 35200 23658 15864 10828 7580 5410 3886 2772 1934 1300 826 490 266 132 58 24 8 2 0
  tag_recapture[Tags2007_R1_R1].scanned_2009	0 0 0 2 28 338 2596 13080 43468 101422 180382 255904 293398 278302 229716 175798 130724 96182 70174 50456 35360 24054 16060 10754 7362 5182 3714 2662 1866 1256 798 470 254 126 56 22 8 2 0
  tag_recapture[Tags2007_R1_R1].scanned_2010	0 0 0 2 30 342 2546 12914 45438 110634 193100 259840 288924 275666 231594 178066 131090 95240 68874 49434 34952 24134 16262 10830 7284 5028 3564 2550 1794 1212 770 454 246 120 54 22 8 2 0
  tag_recapture[Tags2007_R1_R1].step	1
  tag_recapture[Tags2007_R1_R1].tag_name	Tags2007_R1
  tag_recapture[Tags2007_R1_R1].years	2008 2009 2010
  tag_recapture[Tags2008_R1_R1].area	R1
  tag_recapture[Tags2008_R1_R1].class_mins	100 150 200 250 300 350 400 450 500 550 600 650 700 750 800 850 900 950 1000 1050 1100 1150 1200 1250 1300 1350 1400 1450 1500 1550 1600 1650 1700 1750 1800 1850 1900 1950 2000 2050
  tag_recapture[Tags2008_R1_R1].detection_probability	1
  tag_recapture[Tags2008_R1_R1].dispersion	1
  tag_recapture[Tags2008_R1_R1].do_bootstrap	True
  tag_recapture[Tags2008_R1_R1].plus_group	False
  tag_recapture[Tags2008_R1_R1].proportion_mortality	0.5
  tag_recapture[Tags2008_R1_R1].r	1e-11
  tag_recapture[Tags2008_R1_R1].recaptured_2009	0 0 0 0 0 0 0 0 0 1 3 12 27 22 29 18 20 10 3 5 0 3 2 0 1 0 0 0 0 0 0 0 0 0 0 0 0 0 0
  tag_recapture[Tags2008_R1_R1].recaptured_2010	0 0 0 0 0 0 0 0 0 1 2 3 16 26 28 20 15 10 10 2 2 2 1 1 0 0 0 0 0 0 0 0 0 0 0 0 0 0 0
  tag_recapture[Tags2008_R1_R1].sample	size
  tag_recapture[Tags2008_R1_R1].scanned_2009	0 0 0 2 28 338 2596 13080 43468 101422 180382 255904 293398 278302 229716 175798 130724 96182 70174 50456 35360 24054 16060 10754 7362 5182 3714 2662 1866 1256 798 470 254 126 56 22 8 2 0
  tag_recapture[Tags2008_R1_R1].scanned_2010	0 0 0 2 30 342 2546 12914 45438 110634 193100 259840 288924 275666 231594 178066 131090 95240 68874 49434 34952 24134 16262 10830 7284 5028 3564 2550 1794 1212 770 454 246 120 54 22 8 2 0
  tag_recapture[Tags2008_R1_R1].step	1
  tag_recapture[Tags2008_R1_R1].tag_name	Tags2008_R1
  tag_recapture[Tags2008_R1_R1].years	2009 2010
  tag_recapture[Tags2009_R1_R1].area	R1
  tag_recapture[Tags2009_R1_R1].class_mins	100 150 200 250 300 350 400 450 500 550 600 650 700 750 800 850 900 950 1000 1050 1100 1150 1200 1250 1300 1350 1400 1450 1500 1550 1600 1650 1700 1750 1800 1850 1900 1950 2000 2050
  tag_recapture[Tags2009_R1_R1].detection_probability	1
  tag_recapture[Tags2009_R1_R1].dispersion	1
  tag_recapture[Tags2009_R1_R1].do_bootstrap	True
  tag_recapture[Tags2009_R1_R1].plus_group	False
  tag_recapture[Tags2009_R1_R1].proportion_mortality	0.5
  tag_recapture[Tags2009_R1_R1].r	1e-11
  tag_recapture[Tags2009_R1_R1].recaptured_2010	0 0 0 0 0 0 0 0 0 0 9 9 16 31 24 23 15 10 10 2 3 2 2 0 0 0 0 0 0 0 0 0 0 0 0 0 0 0 0
  tag_recapture[Tags2009_R1_R1].sample	size
  tag_recapture[Tags2009_R1_R1].scanned_2010	0 0 0 2 30 342 2546 12914 45438 110634 193100 259840 288924 275666 231594 178066 131090 95240 68874 49434 34952 24134 16262 10830 7284 5028 3564 2550 1794 1212 770 454 246 120 54 22 8 2 0
  tag_recapture[Tags2009_R1_R1].step	1
  tag_recapture[Tags2009_R1_R1].tag_name	Tags2009_R1
  tag_recapture[Tags2009_R1_R1].years	2010
  vector_average_penalty[1].k   	1
  vector_average_penalty[1].label	meanYCS_1
  vector_average_penalty[1].multiplier	100
  vector_average_penalty[1].vector	recruitment.YCS
Stored as DOUBLEs: 
Stored as VECTORs: 
Stored as OGIVEs: 

Population parameters:
Stored as strings: 
  annual_cycle.M_props          	1
  annual_cycle.aging_time       	1
  annual_cycle.baranov          	False
  annual_cycle.fishery_areas    	R1
  annual_cycle.fishery_names    	LL1 LL2
  annual_cycle.fishery_times    	1 1
  annual_cycle.growth_props     	0
  annual_cycle.migrate_from     	R1
  annual_cycle.migrate_to       	R2
  annual_cycle.migration_names  	MoveRec_1_2
  annual_cycle.migration_times  	1
  annual_cycle.n_migrations     	0
  annual_cycle.recruitment_areas	R1
  annual_cycle.recruitment_time 	1
  annual_cycle.spawning_all_areas	1
  annual_cycle.spawning_p       	1
  annual_cycle.spawning_part_mort	0.5
  annual_cycle.spawning_time    	1
  annual_cycle.spawning_use_total_B	False
  annual_cycle.time_steps       	1
  area_names                    	R1
  current                       	2010
  final                         	2045
  first_random_year             	2007
  fishery[LL1].U_max            	0.95
  fishery[LL1].catches          	0 6000 6000 6000 6000 6000 6000 6000 6000 6000 6000 6000 6000 6000 6000 6000 6000 6000 6000 6000 6000
  fishery[LL1].future_constant_catches	200
  fishery[LL1].selectivity      	SelLL
  fishery[LL1].years            	1990 1991 1992 1993 1994 1995 1996 1997 1998 1999 2000 2001 2002 2003 2004 2005 2006 2007 2008 2009 2010
  fishery[LL2].U_max            	0.95
  fishery[LL2].catches          	0 6000 6000 6000 6000 6000 6000 6000 6000 6000 6000 6000 6000 6000 6000 6000 6000 6000 6000 6000 6000
  fishery[LL2].future_constant_catches	200
  fishery[LL2].selectivity      	SelLL
  fishery[LL2].years            	1990 1991 1992 1993 1994 1995 1996 1997 1998 1999 2000 2001 2002 2003 2004 2005 2006 2007 2008 2009 2010
  initial                       	1990
  initialization.B0             	448262
  mature_partition              	False
  maturity_props.all            	allvalues  0 0 0 0 0 0 0 0 0 0 0 0.1667 0.3333 0.5 0.6667 0.8333 1 1 1 1 1 1 1 1 1 1 1 1 1 1
  max_age                       	30
  min_age                       	1
  n_areas                       	1
  n_stocks                      	1
  n_tags                        	5
  natural_mortality.all         	0.155
  plus_group                    	True
  randomisation_method          	lognormal
  recruitment.SR                	BH
  recruitment.YCS               	1 1 1 1 1 1 1 1 1 1 1 1 1 1 1 1 1 1 1 1 1
  recruitment.YCS_years         	1989 1990 1991 1992 1993 1994 1995 1996 1997 1998 1999 2000 2001 2002 2003 2004 2005 2006 2007 2008 2009
  recruitment.first_free        	1989
  recruitment.last_free         	2006
  recruitment.p_male            	0.5
  recruitment.rho               	0
  recruitment.sigma_r           	0.6
  recruitment.steepness         	0.7
  recruitment.year_range        	1989 2006
  selectivity[SelLL].all        	double_normal 10 2 10
  selectivity_names             	SelLL
  sex_partition                 	False
  size_at_age.Linf              	2870
  size_at_age.by_length         	True
  size_at_age.cv                	0.1
  size_at_age.k                 	0.02056
  size_at_age.t0                	-4.2897
  size_at_age_dist              	normal
  size_at_age_type              	von_Bert
  size_based                    	False
  size_weight.a                 	2.59e-12
  size_weight.b                 	3.2064
  size_weight.verify_size_weight	500 0.5 1.5
  standardise_YCS               	True
  tag[Tags2005_R1_LL1].area     	R1
  tag[Tags2005_R1_LL1].class_mins	100 150 200 250 300 350 400 450 500 550 600 650 700 750 800 850 900 950 1000 1050 1100 1150 1200 1250 1300 1350 1400 1450 1500 1550 1600 1650 1700 1750 1800 1850 1900 1950 2000 2050
  tag[Tags2005_R1_LL1].mature_only	False
  tag[Tags2005_R1_LL1].mortality	0.1
  tag[Tags2005_R1_LL1].number   	2500
  tag[Tags2005_R1_LL1].ogive    	SelLL
  tag[Tags2005_R1_LL1].plus_group	False
  tag[Tags2005_R1_LL1].props_all	0 0 0 0 0 1e-04 8e-04 0.0048 0.0184 0.0472 0.088 0.1245 0.1388 0.1298 0.1103 0.0896 0.0694 0.0511 0.0362 0.0255 0.0183 0.0135 0.01 0.0073 0.0052 0.0037 0.0025 0.0018 0.0012 8e-04 5e-04 3e-04 2e-04 1e-04 0 0 0 0 0
  tag[Tags2005_R1_LL1].release_type	deterministic
  tag[Tags2005_R1_LL1].sex      	both
  tag[Tags2005_R1_LL1].step     	1
  tag[Tags2005_R1_LL1].tag_name 	Tags2005_R1
  tag[Tags2005_R1_LL1].year     	2005
  tag[Tags2006_R1_LL1].area     	R1
  tag[Tags2006_R1_LL1].class_mins	100 150 200 250 300 350 400 450 500 550 600 650 700 750 800 850 900 950 1000 1050 1100 1150 1200 1250 1300 1350 1400 1450 1500 1550 1600 1650 1700 1750 1800 1850 1900 1950 2000 2050
  tag[Tags2006_R1_LL1].mature_only	False
  tag[Tags2006_R1_LL1].mortality	0.1
  tag[Tags2006_R1_LL1].number   	2500
  tag[Tags2006_R1_LL1].ogive    	SelLL
  tag[Tags2006_R1_LL1].plus_group	False
  tag[Tags2006_R1_LL1].props_all	0 0 0 0 0 2e-04 0.0013 0.0058 0.0198 0.0485 0.0873 0.1222 0.1397 0.1351 0.1154 0.0921 0.0705 0.0511 0.0349 0.023 0.0152 0.0104 0.0075 0.0055 0.0041 0.0031 0.0023 0.0017 0.0012 9e-04 6e-04 3e-04 2e-04 1e-04 0 0 0 0 0
  tag[Tags2006_R1_LL1].release_type	deterministic
  tag[Tags2006_R1_LL1].sex      	both
  tag[Tags2006_R1_LL1].step     	1
  tag[Tags2006_R1_LL1].tag_name 	Tags2006_R1
  tag[Tags2006_R1_LL1].year     	2006
  tag[Tags2007_R1_LL1].area     	R1
  tag[Tags2007_R1_LL1].class_mins	100 150 200 250 300 350 400 450 500 550 600 650 700 750 800 850 900 950 1000 1050 1100 1150 1200 1250 1300 1350 1400 1450 1500 1550 1600 1650 1700 1750 1800 1850 1900 1950 2000 2050
  tag[Tags2007_R1_LL1].mature_only	False
  tag[Tags2007_R1_LL1].mortality	0.1
  tag[Tags2007_R1_LL1].number   	2500
  tag[Tags2007_R1_LL1].ogive    	SelLL
  tag[Tags2007_R1_LL1].plus_group	False
  tag[Tags2007_R1_LL1].props_all	0 0 0 0 0 1e-04 0.0011 0.0056 0.0193 0.0485 0.0889 0.124 0.139 0.1322 0.1118 0.0878 0.0669 0.0504 0.0372 0.0265 0.0183 0.0125 0.0087 0.0062 0.0045 0.0032 0.0024 0.0017 0.0012 8e-04 5e-04 3e-04 2e-04 1e-04 0 0 0 0 0
  tag[Tags2007_R1_LL1].release_type	deterministic
  tag[Tags2007_R1_LL1].sex      	both
  tag[Tags2007_R1_LL1].step     	1
  tag[Tags2007_R1_LL1].tag_name 	Tags2007_R1
  tag[Tags2007_R1_LL1].year     	2007
  tag[Tags2008_R1_LL1].area     	R1
  tag[Tags2008_R1_LL1].class_mins	100 150 200 250 300 350 400 450 500 550 600 650 700 750 800 850 900 950 1000 1050 1100 1150 1200 1250 1300 1350 1400 1450 1500 1550 1600 1650 1700 1750 1800 1850 1900 1950 2000 2050
  tag[Tags2008_R1_LL1].mature_only	False
  tag[Tags2008_R1_LL1].mortality	0.1
  tag[Tags2008_R1_LL1].number   	2500
  tag[Tags2008_R1_LL1].ogive    	SelLL
  tag[Tags2008_R1_LL1].plus_group	False
  tag[Tags2008_R1_LL1].props_all	0 0 0 0 0 1e-04 0.0012 0.0062 0.0205 0.0497 0.0924 0.1328 0.1497 0.1384 0.112 0.0842 0.0614 0.0445 0.0322 0.0228 0.0157 0.0106 0.0073 0.0052 0.0038 0.0029 0.0022 0.0016 0.0011 7e-04 4e-04 3e-04 1e-04 1e-04 0 0 0 0 0
  tag[Tags2008_R1_LL1].release_type	deterministic
  tag[Tags2008_R1_LL1].sex      	both
  tag[Tags2008_R1_LL1].step     	1
  tag[Tags2008_R1_LL1].tag_name 	Tags2008_R1
  tag[Tags2008_R1_LL1].year     	2008
  tag[Tags2009_R1_LL1].area     	R1
  tag[Tags2009_R1_LL1].class_mins	100 150 200 250 300 350 400 450 500 550 600 650 700 750 800 850 900 950 1000 1050 1100 1150 1200 1250 1300 1350 1400 1450 1500 1550 1600 1650 1700 1750 1800 1850 1900 1950 2000 2050
  tag[Tags2009_R1_LL1].mature_only	False
  tag[Tags2009_R1_LL1].mortality	0.1
  tag[Tags2009_R1_LL1].number   	2500
  tag[Tags2009_R1_LL1].ogive    	SelLL
  tag[Tags2009_R1_LL1].plus_group	False
  tag[Tags2009_R1_LL1].props_all	0 0 0 0 0 1e-04 0.0012 0.0063 0.0213 0.0502 0.0897 0.1266 0.1435 0.135 0.1117 0.0864 0.065 0.0482 0.0352 0.0253 0.0178 0.0122 0.0082 0.0055 0.0037 0.0025 0.0017 0.0011 7e-04 4e-04 3e-04 1e-04 1e-04 0 0 0 0 0 0
  tag[Tags2009_R1_LL1].release_type	deterministic
  tag[Tags2009_R1_LL1].sex      	both
  tag[Tags2009_R1_LL1].step     	1
  tag[Tags2009_R1_LL1].tag_name 	Tags2009_R1
  tag[Tags2009_R1_LL1].year     	2009
  tag_growth_loss[Tags2005_R1].nogrowth_period	0
  tag_growth_loss[Tags2006_R1].nogrowth_period	0
  tag_growth_loss[Tags2007_R1].nogrowth_period	0
  tag_growth_loss[Tags2008_R1].nogrowth_period	0
  tag_growth_loss[Tags2009_R1].nogrowth_period	0
  tag_loss_props                	1
  tag_names                     	Tags2005_R1 Tags2006_R1 Tags2007_R1 Tags2008_R1 Tags2009_R1
  tag_shedding_rate             	0.0084 0.0084 0.0084 0.0084 0.0084
  y_enter                       	1
Stored as DOUBLEs: 
Stored as VECTORs: 
Stored as OGIVEs: 

Output parameters:
Stored as strings: 
  n_projections                 	100
  numbers_at[Numbers_at_age_R1].area	R1
  numbers_at[Numbers_at_age_R1].proportion_mortality	0.5
  numbers_at[Numbers_at_age_R1].step	1
  numbers_at[Numbers_at_age_R1].years	1990 1991 1992 1993 1994 1995 1996 1997 1998 1999 2000 2001 2002 2003 2004 2005 2006 2007 2008 2009 2010
  print.covariance              	true
  print.estimation_section      	true
  print.final_state             	false
  print.fits                    	true
  print.fits_every_eval         	false
  print.initial_state           	false
  print.normalised_resids       	true
  print.objective_every_eval    	false
  print.parameter_vector_every_eval	false
  print.parameters              	true
  print.parameters_every_eval   	false
  print.pearson_resids          	true
  print.requests                	false
  print.resids                  	true
  print.results                 	false
  print.state_annually          	false
  print.state_every_step        	false
  print.unused_parameters       	true
  print.yields                  	true
  quantities.B0                 	true
  quantities.R0                 	true
  quantities.SSBs               	true
  quantities.YCS                	true
  quantities.actual_catches     	false
  quantities.all_free_parameters	true
  quantities.fishing_pressures  	true
  quantities.nuisance_qs        	true
  quantities.recruitments       	true
  quantities.true_YCS           	true
Stored as DOUBLEs: 
Stored as VECTORs: 
Stored as OGIVEs: 

A fish of size 500 cm has a weight of 1.16755 kg in your model. This size-weight scale check assumes that the growth curve is in centimetres, and that the catch is in tonnes.

A fish of size 500 cm has a weight of 1.16755 kg in your model. This size-weight scale check assumes that the growth curve is in centimetres, and that the catch is in tonnes.

Estimation section :

Objective function: Bayes

Minimiser convergence threshold: 0.001


Observations:

The observations are:
LL1_catchA
Tags2005_R1_R1
Tags2006_R1_R1
Tags2007_R1_R1
Tags2008_R1_R1
Tags2009_R1_R1
Fits follow:

LL1_catchA :
catch proportions-at-age for fishery LL1  with ageing error (constrained to sum to 1):
obs (last class is a plus group):
class 1       2       3       4       5       6       7       8       9       10      11      12      13      14      15      16      17      18      19      20      21      22      23      24      25      26      27      28      29      30      
2000 0       0       0       0       0       0.02    0.03    0.11    0.16    0.13    0.09    0.14    0.08    0.07    0.02    0.03    0.03    0.03    0.03    0       0       0       0.01    0       0       0       0.01    0       0       0.01    
2001 0       0       0       0       0       0.03    0.07    0.13    0.16    0.13    0.07    0.1     0.06    0.09    0.06    0.03    0.02    0.01    0.03    0       0       0       0       0       0       0       0       0       0       0.01    
2002 0       0       0       0       0       0.01    0.06    0.09    0.2     0.09    0.11    0.13    0.04    0.06    0.03    0.02    0.04    0.06    0       0.03    0.01    0       0.02    0       0       0       0       0       0       0       
2003 0       0       0       0       0.01    0       0.12    0.13    0.2     0.12    0.12    0.13    0.03    0.05    0.03    0.01    0.03    0       0.01    0       0.01    0       0       0       0       0       0       0       0       0       
2004 0       0       0       0       0.01    0.06    0.06    0.1     0.14    0.14    0.06    0.08    0.07    0.03    0.07    0.07    0.01    0.03    0.01    0       0.03    0.01    0.01    0       0       0       0       0.01    0       0       
2005 0       0       0       0       0       0.03    0.03    0.09    0.19    0.15    0.13    0.08    0.05    0.05    0.04    0.02    0.06    0.04    0.03    0       0       0       0       0       0       0       0       0       0       0.01    
2006 0       0       0       0.01    0       0.02    0.04    0.1     0.2     0.16    0.11    0.09    0.07    0.08    0.02    0.03    0.02    0.02    0.01    0.01    0       0       0       0.01    0       0       0       0       0       0       
2007 0       0       0       0       0       0.02    0.07    0.17    0.19    0.16    0.07    0.08    0.08    0.02    0.05    0.01    0.02    0.01    0.02    0.02    0       0       0       0       0       0       0       0       0       0.01    
2008 0       0       0       0       0       0       0.05    0.08    0.17    0.17    0.15    0.08    0.06    0.07    0.03    0.02    0.01    0.04    0.02    0.01    0       0.02    0.02    0       0       0       0       0       0       0       
2009 0       0       0       0       0.01    0.02    0.03    0.09    0.18    0.16    0.08    0.17    0.07    0.07    0.03    0.03    0.01    0.03    0       0.01    0       0       0       0       0       0.01    0       0       0       0       
2010 0       0       0       0       0.01    0.01    0.05    0.12    0.15    0.13    0.13    0.12    0.06    0.1     0.03    0.04    0.01    0.01    0       0.01    0.01    0       0       0       0       0       0.01    0       0       0       
objective function: multinomial likelihood, with delta = 1e-011, N =
100 100 100 100 100 100 100 100 100 100 100 100 100 100 100 100 100 100 100 100 100 100 100 100 100 100 100 100 100 100 
100 100 100 100 100 100 100 100 100 100 100 100 100 100 100 100 100 100 100 100 100 100 100 100 100 100 100 100 100 100 
100 100 100 100 100 100 100 100 100 100 100 100 100 100 100 100 100 100 100 100 100 100 100 100 100 100 100 100 100 100 
100 100 100 100 100 100 100 100 100 100 100 100 100 100 100 100 100 100 100 100 100 100 100 100 100 100 100 100 100 100 
100 100 100 100 100 100 100 100 100 100 100 100 100 100 100 100 100 100 100 100 100 100 100 100 100 100 100 100 100 100 
100 100 100 100 100 100 100 100 100 100 100 100 100 100 100 100 100 100 100 100 100 100 100 100 100 100 100 100 100 100 
100 100 100 100 100 100 100 100 100 100 100 100 100 100 100 100 100 100 100 100 100 100 100 100 100 100 100 100 100 100 
100 100 100 100 100 100 100 100 100 100 100 100 100 100 100 100 100 100 100 100 100 100 100 100 100 100 100 100 100 100 
100 100 100 100 100 100 100 100 100 100 100 100 100 100 100 100 100 100 100 100 100 100 100 100 100 100 100 100 100 100 
100 100 100 100 100 100 100 100 100 100 100 100 100 100 100 100 100 100 100 100 100 100 100 100 100 100 100 100 100 100 
100 100 100 100 100 100 100 100 100 100 100 100 100 100 100 100 100 100 100 100 100 100 100 100 100 100 100 100 100 100 

Tags2005_R1_R1 :
tag-recapture data for tag Tags2005_R1 in years 2006 2007 2008 2009 2010 , step 1, after proportion 0.5 of mortality, with sampling method size, detection probability 1.
Year 2006
class scanned recaptured
100 0 0
150 0 0
200 0 0
250 2 0
300 28 0
350 320 0
400 2302 0
450 11502 0
500 39770 0
550 96806 1
600 173902 5
650 243624 6
700 277690 21
750 266092 32
800 224820 22
850 178122 26
900 136978 16
950 101584 7
1000 71958 16
1050 49292 1
1100 33518 3
1150 23134 3
1200 16316 0
1250 11662 4
1300 8346 0
1350 5944 1
1400 4222 0
1450 2988 0
1500 2086 0
1550 1406 0
1600 896 0
1650 530 0
1700 286 0
1750 140 0
1800 62 0
1850 24 0
1900 8 0
1950 2 0
2000 0 0


Year 2007
class scanned recaptured
100 0 0
150 0 0
200 0 0
250 2 0
300 28 0
350 344 0
400 2442 0
450 11568 0
500 39724 0
550 99366 0
600 181960 2
650 252416 6
700 280488 9
750 265182 21
800 224010 23
850 176300 14
900 134278 26
950 100438 14
1000 72920 2
1050 50898 7
1100 34514 5
1150 23278 3
1200 15942 3
1250 11162 0
1300 7944 0
1350 5686 0
1400 4062 0
1450 2880 0
1500 2006 0
1550 1350 0
1600 862 0
1650 512 0
1700 278 0
1750 138 0
1800 62 0
1850 24 0
1900 8 0
1950 2 0
2000 0 0


Year 2008
class scanned recaptured
100 0 0
150 0 0
200 0 0
250 2 0
300 28 0
350 344 0
400 2602 0
450 12332 0
500 40170 0
550 97884 0
600 182308 2
650 260086 1
700 291620 8
750 271378 11
800 224512 15
850 174626 18
900 131756 14
950 97934 15
1000 71728 12
1050 51120 9
1100 35200 5
1150 23658 3
1200 15864 1
1250 10828 2
1300 7580 2
1350 5410 0
1400 3886 0
1450 2772 0
1500 1934 0
1550 1300 0
1600 826 0
1650 490 0
1700 266 0
1750 132 0
1800 58 0
1850 24 0
1900 8 0
1950 2 0
2000 0 0


Year 2009
class scanned recaptured
100 0 0
150 0 0
200 0 0
250 2 0
300 28 0
350 338 0
400 2596 0
450 13080 0
500 43468 0
550 101422 0
600 180382 0
650 255904 2
700 293398 2
750 278302 8
800 229716 8
850 175798 12
900 130724 14
950 96182 12
1000 70174 4
1050 50456 5
1100 35360 6
1150 24054 1
1200 16060 3
1250 10754 0
1300 7362 0
1350 5182 0
1400 3714 0
1450 2662 0
1500 1866 0
1550 1256 0
1600 798 0
1650 470 0
1700 254 0
1750 126 0
1800 56 0
1850 22 0
1900 8 0
1950 2 0
2000 0 0


Year 2010
class scanned recaptured
100 0 0
150 0 0
200 0 0
250 2 0
300 30 0
350 342 0
400 2546 0
450 12914 0
500 45438 0
550 110634 0
600 193100 0
650 259840 0
700 288924 2
750 275666 2
800 231594 7
850 178066 10
900 131090 9
950 95240 14
1000 68874 6
1050 49434 3
1100 34952 4
1150 24134 5
1200 16262 1
1250 10830 2
1300 7284 2
1350 5028 1
1400 3564 0
1450 2550 1
1500 1794 0
1550 1212 0
1600 770 0
1650 454 0
1700 246 0
1750 120 0
1800 54 0
1850 22 0
1900 8 0
1950 2 0
2000 0 0


Tags2006_R1_R1 :
tag-recapture data for tag Tags2006_R1 in years 2007 2008 2009 2010 , step 1, after proportion 0.5 of mortality, with sampling method size, detection probability 1.
Year 2007
class scanned recaptured
100 0 0
150 0 0
200 0 0
250 2 0
300 28 0
350 344 0
400 2442 0
450 11568 0
500 39724 1
550 99366 1
600 181960 4
650 252416 11
700 280488 17
750 265182 32
800 224010 31
850 176300 15
900 134278 23
950 100438 12
1000 72920 15
1050 50898 4
1100 34514 2
1150 23278 0
1200 15942 0
1250 11162 0
1300 7944 0
1350 5686 1
1400 4062 0
1450 2880 0
1500 2006 0
1550 1350 0
1600 862 0
1650 512 0
1700 278 0
1750 138 0
1800 62 0
1850 24 0
1900 8 0
1950 2 0
2000 0 0


Year 2008
class scanned recaptured
100 0 0
150 0 0
200 0 0
250 2 0
300 28 0
350 344 0
400 2602 0
450 12332 0
500 40170 0
550 97884 0
600 182308 1
650 260086 9
700 291620 12
750 271378 17
800 224512 18
850 174626 20
900 131756 20
950 97934 9
1000 71728 4
1050 51120 6
1100 35200 2
1150 23658 3
1200 15864 1
1250 10828 0
1300 7580 1
1350 5410 0
1400 3886 0
1450 2772 0
1500 1934 1
1550 1300 0
1600 826 0
1650 490 0
1700 266 0
1750 132 0
1800 58 0
1850 24 0
1900 8 0
1950 2 0
2000 0 0


Year 2009
class scanned recaptured
100 0 0
150 0 0
200 0 0
250 2 0
300 28 0
350 338 0
400 2596 0
450 13080 0
500 43468 0
550 101422 0
600 180382 1
650 255904 2
700 293398 9
750 278302 7
800 229716 18
850 175798 20
900 130724 11
950 96182 9
1000 70174 11
1050 50456 8
1100 35360 0
1150 24054 1
1200 16060 0
1250 10754 0
1300 7362 0
1350 5182 0
1400 3714 1
1450 2662 1
1500 1866 0
1550 1256 0
1600 798 0
1650 470 0
1700 254 0
1750 126 0
1800 56 0
1850 22 0
1900 8 0
1950 2 0
2000 0 0


Year 2010
class scanned recaptured
100 0 0
150 0 0
200 0 0
250 2 0
300 30 0
350 342 0
400 2546 0
450 12914 0
500 45438 0
550 110634 0
600 193100 2
650 259840 3
700 288924 4
750 275666 7
800 231594 11
850 178066 21
900 131090 10
950 95240 16
1000 68874 6
1050 49434 6
1100 34952 4
1150 24134 3
1200 16262 2
1250 10830 1
1300 7284 0
1350 5028 1
1400 3564 0
1450 2550 0
1500 1794 0
1550 1212 1
1600 770 0
1650 454 0
1700 246 0
1750 120 0
1800 54 0
1850 22 0
1900 8 0
1950 2 0
2000 0 0


Tags2007_R1_R1 :
tag-recapture data for tag Tags2007_R1 in years 2008 2009 2010 , step 1, after proportion 0.5 of mortality, with sampling method size, detection probability 1.
Year 2008
class scanned recaptured
100 0 0
150 0 0
200 0 0
250 2 0
300 28 0
350 344 0
400 2602 0
450 12332 0
500 40170 0
550 97884 1
600 182308 3
650 260086 16
700 291620 31
750 271378 26
800 224512 21
850 174626 17
900 131756 11
950 97934 13
1000 71728 4
1050 51120 5
1100 35200 6
1150 23658 4
1200 15864 1
1250 10828 2
1300 7580 0
1350 5410 0
1400 3886 1
1450 2772 0
1500 1934 0
1550 1300 0
1600 826 0
1650 490 0
1700 266 0
1750 132 0
1800 58 0
1850 24 0
1900 8 0
1950 2 0
2000 0 0


Year 2009
class scanned recaptured
100 0 0
150 0 0
200 0 0
250 2 0
300 28 0
350 338 0
400 2596 0
450 13080 0
500 43468 0
550 101422 0
600 180382 1
650 255904 6
700 293398 13
750 278302 21
800 229716 26
850 175798 19
900 130724 14
950 96182 15
1000 70174 8
1050 50456 3
1100 35360 4
1150 24054 3
1200 16060 2
1250 10754 0
1300 7362 0
1350 5182 0
1400 3714 0
1450 2662 0
1500 1866 0
1550 1256 0
1600 798 0
1650 470 0
1700 254 0
1750 126 0
1800 56 0
1850 22 0
1900 8 0
1950 2 0
2000 0 0


Year 2010
class scanned recaptured
100 0 0
150 0 0
200 0 0
250 2 0
300 30 0
350 342 0
400 2546 0
450 12914 0
500 45438 0
550 110634 0
600 193100 0
650 259840 2
700 288924 7
750 275666 16
800 231594 18
850 178066 23
900 131090 11
950 95240 9
1000 68874 8
1050 49434 8
1100 34952 3
1150 24134 4
1200 16262 4
1250 10830 0
1300 7284 2
1350 5028 0
1400 3564 0
1450 2550 0
1500 1794 0
1550 1212 0
1600 770 0
1650 454 0
1700 246 0
1750 120 0
1800 54 0
1850 22 0
1900 8 0
1950 2 0
2000 0 0


Tags2008_R1_R1 :
tag-recapture data for tag Tags2008_R1 in years 2009 2010 , step 1, after proportion 0.5 of mortality, with sampling method size, detection probability 1.
Year 2009
class scanned recaptured
100 0 0
150 0 0
200 0 0
250 2 0
300 28 0
350 338 0
400 2596 0
450 13080 0
500 43468 0
550 101422 1
600 180382 3
650 255904 12
700 293398 27
750 278302 22
800 229716 29
850 175798 18
900 130724 20
950 96182 10
1000 70174 3
1050 50456 5
1100 35360 0
1150 24054 3
1200 16060 2
1250 10754 0
1300 7362 1
1350 5182 0
1400 3714 0
1450 2662 0
1500 1866 0
1550 1256 0
1600 798 0
1650 470 0
1700 254 0
1750 126 0
1800 56 0
1850 22 0
1900 8 0
1950 2 0
2000 0 0


Year 2010
class scanned recaptured
100 0 0
150 0 0
200 0 0
250 2 0
300 30 0
350 342 0
400 2546 0
450 12914 0
500 45438 0
550 110634 1
600 193100 2
650 259840 3
700 288924 16
750 275666 26
800 231594 28
850 178066 20
900 131090 15
950 95240 10
1000 68874 10
1050 49434 2
1100 34952 2
1150 24134 2
1200 16262 1
1250 10830 1
1300 7284 0
1350 5028 0
1400 3564 0
1450 2550 0
1500 1794 0
1550 1212 0
1600 770 0
1650 454 0
1700 246 0
1750 120 0
1800 54 0
1850 22 0
1900 8 0
1950 2 0
2000 0 0


Tags2009_R1_R1 :
tag-recapture data for tag Tags2009_R1 in years 2010 , step 1, after proportion 0.5 of mortality, with sampling method size, detection probability 1.
Year 2010
class scanned recaptured
100 0 0
150 0 0
200 0 0
250 2 0
300 30 0
350 342 0
400 2546 0
450 12914 0
500 45438 0
550 110634 0
600 193100 9
650 259840 9
700 288924 16
750 275666 31
800 231594 24
850 178066 23
900 131090 15
950 95240 10
1000 68874 10
1050 49434 2
1100 34952 3
1150 24134 2
1200 16262 2
1250 10830 0
1300 7284 0
1350 5028 0
1400 3564 0
1450 2550 0
1500 1794 0
1550 1212 0
1600 770 0
1650 454 0
1700 246 0
1750 120 0
1800 54 0
1850 22 0
1900 8 0
1950 2 0
2000 0 0



Ageing_error:
  Misclassification matrix:
1 0 0 0 0 0 0 0 0 0 0 0 0 0 0 0 0 0 0 0 0 0 0 0 0 0 0 0 0 0 
0 1 0 0 0 0 0 0 0 0 0 0 0 0 0 0 0 0 0 0 0 0 0 0 0 0 0 0 0 0 
0 0 1 0 0 0 0 0 0 0 0 0 0 0 0 0 0 0 0 0 0 0 0 0 0 0 0 0 0 0 
0 0 0 1 0 0 0 0 0 0 0 0 0 0 0 0 0 0 0 0 0 0 0 0 0 0 0 0 0 0 
0 0 0 0 1 0 0 0 0 0 0 0 0 0 0 0 0 0 0 0 0 0 0 0 0 0 0 0 0 0 
0 0 0 0 0 1 0 0 0 0 0 0 0 0 0 0 0 0 0 0 0 0 0 0 0 0 0 0 0 0 
0 0 0 0 0 0 1 0 0 0 0 0 0 0 0 0 0 0 0 0 0 0 0 0 0 0 0 0 0 0 
0 0 0 0 0 0 0 1 0 0 0 0 0 0 0 0 0 0 0 0 0 0 0 0 0 0 0 0 0 0 
0 0 0 0 0 0 0 0 1 0 0 0 0 0 0 0 0 0 0 0 0 0 0 0 0 0 0 0 0 0 
0 0 0 0 0 0 0 0 0 1 0 0 0 0 0 0 0 0 0 0 0 0 0 0 0 0 0 0 0 0 
0 0 0 0 0 0 0 0 0 0 1 0 0 0 0 0 0 0 0 0 0 0 0 0 0 0 0 0 0 0 
0 0 0 0 0 0 0 0 0 0 0 1 0 0 0 0 0 0 0 0 0 0 0 0 0 0 0 0 0 0 
0 0 0 0 0 0 0 0 0 0 0 0 1 0 0 0 0 0 0 0 0 0 0 0 0 0 0 0 0 0 
0 0 0 0 0 0 0 0 0 0 0 0 0 1 0 0 0 0 0 0 0 0 0 0 0 0 0 0 0 0 
0 0 0 0 0 0 0 0 0 0 0 0 0 0 1 0 0 0 0 0 0 0 0 0 0 0 0 0 0 0 
0 0 0 0 0 0 0 0 0 0 0 0 0 0 0 1 0 0 0 0 0 0 0 0 0 0 0 0 0 0 
0 0 0 0 0 0 0 0 0 0 0 0 0 0 0 0 1 0 0 0 0 0 0 0 0 0 0 0 0 0 
0 0 0 0 0 0 0 0 0 0 0 0 0 0 0 0 0 1 0 0 0 0 0 0 0 0 0 0 0 0 
0 0 0 0 0 0 0 0 0 0 0 0 0 0 0 0 0 0 1 0 0 0 0 0 0 0 0 0 0 0 
0 0 0 0 0 0 0 0 0 0 0 0 0 0 0 0 0 0 0 1 0 0 0 0 0 0 0 0 0 0 
0 0 0 0 0 0 0 0 0 0 0 0 0 0 0 0 0 0 0 0 1 0 0 0 0 0 0 0 0 0 
0 0 0 0 0 0 0 0 0 0 0 0 0 0 0 0 0 0 0 0 0 1 0 0 0 0 0 0 0 0 
0 0 0 0 0 0 0 0 0 0 0 0 0 0 0 0 0 0 0 0 0 0 1 0 0 0 0 0 0 0 
0 0 0 0 0 0 0 0 0 0 0 0 0 0 0 0 0 0 0 0 0 0 0 1 0 0 0 0 0 0 
0 0 0 0 0 0 0 0 0 0 0 0 0 0 0 0 0 0 0 0 0 0 0 0 1 0 0 0 0 0 
0 0 0 0 0 0 0 0 0 0 0 0 0 0 0 0 0 0 0 0 0 0 0 0 0 1 0 0 0 0 
0 0 0 0 0 0 0 0 0 0 0 0 0 0 0 0 0 0 0 0 0 0 0 0 0 0 1 0 0 0 
0 0 0 0 0 0 0 0 0 0 0 0 0 0 0 0 0 0 0 0 0 0 0 0 0 0 0 1 0 0 
0 0 0 0 0 0 0 0 0 0 0 0 0 0 0 0 0 0 0 0 0 0 0 0 0 0 0 0 1 0 
0 0 0 0 0 0 0 0 0 0 0 0 0 0 0 0 0 0 0 0 0 0 0 0 0 0 0 0 0 1 

Free parameters:

initialization.B0
uniform: bounds from 5000 to 500000
current value: 448262
lower bound: 5000
upper bound: 500000


Q's:
qs are nuisance parameters

Penalties:
LL1_Penalty :
Catch limit penalty of 1000 x the sum of squares of (log(actual catch) - log(specified catch)) for fishery LL1 to disencourage breaking exploitation rate limits
LL2_Penalty :
Catch limit penalty of 1000 x the sum of squares of (log(actual catch) - log(specified catch)) for fishery LL2 to disencourage breaking exploitation rate limits
meanYCS_1 :
Vector average penalty of 100 x square of (mean(recruitment.YCS) - 1) 
Penalty_Tags2005_R1_LL1 :
'Fish-must-be-tagged' penalty of 1 x square of (actual number of tagged fish - nominal number of tagged fish) for tagging episode Tags2005_R1_LL1
Penalty_Tags2006_R1_LL1 :
'Fish-must-be-tagged' penalty of 1 x square of (actual number of tagged fish - nominal number of tagged fish) for tagging episode Tags2006_R1_LL1
Penalty_Tags2007_R1_LL1 :
'Fish-must-be-tagged' penalty of 1 x square of (actual number of tagged fish - nominal number of tagged fish) for tagging episode Tags2007_R1_LL1
Penalty_Tags2008_R1_LL1 :
'Fish-must-be-tagged' penalty of 1 x square of (actual number of tagged fish - nominal number of tagged fish) for tagging episode Tags2008_R1_LL1
Penalty_Tags2009_R1_LL1 :
'Fish-must-be-tagged' penalty of 1 x square of (actual number of tagged fish - nominal number of tagged fish) for tagging episode Tags2009_R1_LL1

Components of the objective function are:
  LL1_catchA
  Tags2005_R1_R1
  Tags2006_R1_R1
  Tags2007_R1_R1
  Tags2008_R1_R1
  Tags2009_R1_R1
  prior_on_initialization.B0
  LL1_Penalty
  LL2_Penalty
  meanYCS_1
  Penalty_Tags2005_R1_LL1
  Penalty_Tags2006_R1_LL1
  Penalty_Tags2007_R1_LL1
  Penalty_Tags2008_R1_LL1
  Penalty_Tags2009_R1_LL1

Random number seed : 20563


Minimiser achieved convergence after 7 quasi-Newton iterations using 9 objective function evaluations



Approximate Covariance matrix (Inverse Hessian of parameters at point estimate):
1.02615e+007 

Correlation matrix:
1 

List of parameter names, in the same order as the rows & cols of the covariance/correlation matrices:
initialization.B0 



Start extracting output from here

Point estimate:
initialization.B0
current value: 235939
lower bound: 5000
upper bound: 500000


In a format suitable for -i :

initialization.B0 
235939 

Objective function : 907.36

Components :
LL1_catchA                                         381.879
Tags2005_R1_R1                                     173.63
Tags2006_R1_R1                                     147.467
Tags2007_R1_R1                                     102.701
Tags2008_R1_R1                                     67.834
Tags2009_R1_R1                                     33.8505
prior_on_initialization.B0                         0
LL1_Penalty                                        0
LL2_Penalty                                        0
meanYCS_1                                          0
Penalty_Tags2005_R1_LL1                            2.06795e-025
Penalty_Tags2006_R1_LL1                            2.06795e-025
Penalty_Tags2007_R1_LL1                            8.27181e-025
Penalty_Tags2008_R1_LL1                            2.06795e-025
Penalty_Tags2009_R1_LL1                            2.06795e-025

Fits : 

The observations are:
LL1_catchA
Tags2005_R1_R1
Tags2006_R1_R1
Tags2007_R1_R1
Tags2008_R1_R1
Tags2009_R1_R1
Fits follow:

LL1_catchA :
catch proportions-at-age for fishery LL1  with ageing error (constrained to sum to 1):
obs (last class is a plus group):
class 1       2       3       4       5       6       7       8       9       10      11      12      13      14      15      16      17      18      19      20      21      22      23      24      25      26      27      28      29      30      
2000 0       0       0       0       0       0.02    0.03    0.11    0.16    0.13    0.09    0.14    0.08    0.07    0.02    0.03    0.03    0.03    0.03    0       0       0       0.01    0       0       0       0.01    0       0       0.01    
2001 0       0       0       0       0       0.03    0.07    0.13    0.16    0.13    0.07    0.1     0.06    0.09    0.06    0.03    0.02    0.01    0.03    0       0       0       0       0       0       0       0       0       0       0.01    
2002 0       0       0       0       0       0.01    0.06    0.09    0.2     0.09    0.11    0.13    0.04    0.06    0.03    0.02    0.04    0.06    0       0.03    0.01    0       0.02    0       0       0       0       0       0       0       
2003 0       0       0       0       0.01    0       0.12    0.13    0.2     0.12    0.12    0.13    0.03    0.05    0.03    0.01    0.03    0       0.01    0       0.01    0       0       0       0       0       0       0       0       0       
2004 0       0       0       0       0.01    0.06    0.06    0.1     0.14    0.14    0.06    0.08    0.07    0.03    0.07    0.07    0.01    0.03    0.01    0       0.03    0.01    0.01    0       0       0       0       0.01    0       0       
2005 0       0       0       0       0       0.03    0.03    0.09    0.19    0.15    0.13    0.08    0.05    0.05    0.04    0.02    0.06    0.04    0.03    0       0       0       0       0       0       0       0       0       0       0.01    
2006 0       0       0       0.01    0       0.02    0.04    0.1     0.2     0.16    0.11    0.09    0.07    0.08    0.02    0.03    0.02    0.02    0.01    0.01    0       0       0       0.01    0       0       0       0       0       0       
2007 0       0       0       0       0       0.02    0.07    0.17    0.19    0.16    0.07    0.08    0.08    0.02    0.05    0.01    0.02    0.01    0.02    0.02    0       0       0       0       0       0       0       0       0       0.01    
2008 0       0       0       0       0       0       0.05    0.08    0.17    0.17    0.15    0.08    0.06    0.07    0.03    0.02    0.01    0.04    0.02    0.01    0       0.02    0.02    0       0       0       0       0       0       0       
2009 0       0       0       0       0.01    0.02    0.03    0.09    0.18    0.16    0.08    0.17    0.07    0.07    0.03    0.03    0.01    0.03    0       0.01    0       0       0       0       0       0.01    0       0       0       0       
2010 0       0       0       0       0.01    0.01    0.05    0.12    0.15    0.13    0.13    0.12    0.06    0.1     0.03    0.04    0.01    0.01    0       0.01    0.01    0       0       0       0       0       0.01    0       0       0       
fits (last class is a plus group):
class 1       2       3       4       5       6       7       8       9       10      11      12      13      14      15      16      17      18      19      20      21      22      23      24      25      26      27      28      29      30      
2000 5.35663e-007 8.78792e-006 0.000101908 0.000835254 0.00483761 0.0197821 0.0569243 0.114289 0.158106 0.149801 0.116904 0.0903173 0.0691741 0.0525919 0.0397529 0.029963 0.0226609 0.0173441 0.0134692 0.0104817 0.00808102 0.00616396 0.00464544 0.00345467 0.00253217 0.00182746 0.00129752 0.000905776 0.000621426 0.00312519 
2001 5.39338e-007 8.85074e-006 0.000102673 0.000841895 0.00487849 0.0199595 0.0574588 0.115365 0.159467 0.151026 0.117662 0.0906201 0.069185 0.0524285 0.039482 0.029587 0.0221246 0.0166086 0.0126208 0.00973146 0.00751814 0.00575256 0.00435305 0.00325299 0.00239743 0.00174046 0.00124336 0.000873383 0.000602879 0.00310753 
2002 5.42498e-007 8.90462e-006 0.000103328 0.000847568 0.00491349 0.0201121 0.0579212 0.116301 0.160651 0.15189 0.118232 0.0909079 0.0691931 0.0522724 0.0392408 0.0293013 0.021788 0.0161746 0.0120573 0.00909882 0.00696622 0.00534221 0.00405583 0.00304366 0.00225436 0.00164576 0.00118279 0.000836025 0.000580728 0.00307724 
2003 5.45289e-007 8.9521e-006 0.000103903 0.000852523 0.00494397 0.0202452 0.0583255 0.117121 0.161685 0.152635 0.118562 0.0910845 0.0692158 0.0521347 0.0390208 0.0290495 0.021527 0.0158939 0.0117188 0.00867671 0.00650254 0.00494261 0.00376142 0.0028324 0.00210699 0.00154602 0.00111743 0.000794643 0.000555468 0.00303454 
2004 5.47827e-007 8.99515e-006 0.000104422 0.000856977 0.0049712 0.0203634 0.0586842 0.117848 0.162596 0.15328 0.118835 0.0911037 0.0691753 0.0520244 0.0388272 0.028823 0.0212982 0.0156738 0.0114955 0.00841986 0.00619215 0.00460783 0.00347618 0.00262421 0.00195903 0.00144383 0.00104899 0.000750272 0.000527682 0.00297973 
2005 5.50203e-007 9.03533e-006 0.000104904 0.000861099 0.00499623 0.0204713 0.059009 0.118501 0.163407 0.153841 0.119059 0.0911016 0.0690327 0.05188 0.0386642 0.0286237 0.0210937 0.0154813 0.0113191 0.0082482 0.0060016 0.00438322 0.00323772 0.00242325 0.00181376 0.00134163 0.000979146 0.000704001 0.000498022 0.00291336 
2006 5.52496e-007 9.07395e-006 0.000105366 0.000865025 0.00501993 0.0205725 0.0593107 0.119101 0.164141 0.154332 0.119238 0.0910782 0.0688871 0.0516689 0.0384831 0.0284525 0.0209132 0.0153095 0.0111649 0.00811186 0.00587304 0.00424445 0.00307748 0.00225551 0.00167393 0.00124157 0.000909484 0.000656917 0.000467183 0.00283618 
2007 5.54757e-007 9.11182e-006 0.000105817 0.000868839 0.00504283 0.0206697 0.0595976 0.119664 0.164816 0.154768 0.119379 0.0910338 0.0687355 0.0514634 0.0382586 0.0282724 0.0207564 0.0151575 0.0110274 0.00799268 0.0057705 0.00415016 0.00297801 0.00214266 0.00155733 0.00114541 0.000841394 0.000610033 0.000435856 0.00274917 
2008 5.5703e-007 9.14969e-006 0.000106266 0.000872612 0.00506536 0.0207648 0.0598763 0.120205 0.165451 0.155161 0.119487 0.0909688 0.0685749 0.0512589 0.0380424 0.0280634 0.0205954 0.0150244 0.0109053 0.00788626 0.00568076 0.00407469 0.00291006 0.00207235 0.0014788 0.00106528 0.00077604 0.00056426 0.000404698 0.00265353 
2009 5.59348e-007 9.18811e-006 0.000106718 0.000876398 0.00508785 0.0208593 0.0601513 0.120734 0.166062 0.155524 0.119569 0.0908842 0.068403 0.051051 0.0378295 0.0278626 0.0204148 0.0148893 0.0107976 0.00779147 0.00560051 0.00400854 0.0028555 0.00202413 0.00142977 0.00101129 0.000721607 0.00052036 0.000374299 0.0025507 
2010 5.61736e-007 9.22752e-006 0.00010718 0.000880241 0.00511056 0.0209541 0.0604259 0.121258 0.16666 0.155866 0.11963 0.0907818 0.0682188 0.0508368 0.0376159 0.0276655 0.0202413 0.0147408 0.010689 0.0077073 0.00552879 0.00394929 0.00280763 0.00198533 0.00139603 0.000977514 0.000684915 0.000483807 0.000345158 0.00244224 
resids (last class is a plus group):
class 1       2       3       4       5       6       7       8       9       10      11      12      13      14      15      16      17      18      19      20      21      22      23      24      25      26      27      28      29      30      
2000 -5.35663e-007 -8.78792e-006 -0.000101908 -0.000835254 -0.00483761 0.000217934 -0.0269243 -0.00428867 0.00189425 -0.019801 -0.0269044 0.0496827 0.0108259 0.0174081 -0.0197529 3.70296e-005 0.0073391 0.0126559 0.0165308 -0.0104817 -0.00808102 -0.00616396 0.00535456 -0.00345467 -0.00253217 -0.00182746 0.00870248 -0.000905776 -0.000621426 0.00687481 
2001 -5.39338e-007 -8.85074e-006 -0.000102673 -0.000841895 -0.00487849 0.0100405 0.0125412 0.014635 0.00053327 -0.0210259 -0.0476618 0.00937988 -0.00918502 0.0375715 0.020518 0.000412969 -0.00212459 -0.00660861 0.0173792 -0.00973146 -0.00751814 -0.00575256 -0.00435305 -0.00325299 -0.00239743 -0.00174046 -0.00124336 -0.000873383 -0.000602879 0.00689247 
2002 -5.42498e-007 -8.90462e-006 -0.000103328 -0.000847568 -0.00491349 -0.0101121 0.00207876 -0.0263012 0.0393494 -0.0618896 -0.00823235 0.0390921 -0.0291931 0.00772756 -0.00924082 -0.00930125 0.018212 0.0438254 -0.0120573 0.0209012 0.00303378 -0.00534221 0.0159442 -0.00304366 -0.00225436 -0.00164576 -0.00118279 -0.000836025 -0.000580728 -0.00307724 
2003 -5.45289e-007 -8.9521e-006 -0.000103903 -0.000852523 0.00505603 -0.0202452 0.0616745 0.0128787 0.0383146 -0.0326347 0.00143763 0.0389155 -0.0392158 -0.00213465 -0.00902083 -0.0190495 0.00847299 -0.0158939 -0.00171877 -0.00867671 0.00349746 -0.00494261 -0.00376142 -0.0028324 -0.00210699 -0.00154602 -0.00111743 -0.000794643 -0.000555468 -0.00303454 
2004 -5.47827e-007 -8.99515e-006 -0.000104422 -0.000856977 0.0050288 0.0396366 0.00131576 -0.0178477 -0.0225964 -0.0132798 -0.0588353 -0.0111037 0.000824679 -0.0220244 0.0311728 0.041177 -0.0112982 0.0143262 -0.00149547 -0.00841986 0.0238079 0.00539217 0.00652382 -0.00262421 -0.00195903 -0.00144383 -0.00104899 0.00924973 -0.000527682 -0.00297973 
2005 -5.50203e-007 -9.03533e-006 -0.000104904 -0.000861099 -0.00499623 0.00952872 -0.029009 -0.0285011 0.0265925 -0.00384068 0.0109413 -0.0111016 -0.0190327 -0.00187995 0.00133584 -0.00862368 0.0389063 0.0245187 0.0186809 -0.0082482 -0.0060016 -0.00438322 -0.00323772 -0.00242325 -0.00181376 -0.00134163 -0.000979146 -0.000704001 -0.000498022 0.00708664 
2006 -5.52496e-007 -9.07395e-006 -0.000105366 0.00913498 -0.00501993 -0.000572533 -0.0193107 -0.0191012 0.0358593 0.00566798 -0.00923784 -0.00107823 0.00111289 0.0283311 -0.0184831 0.00154751 -0.000913166 0.00469048 -0.00116491 0.00188814 -0.00587304 -0.00424445 -0.00307748 0.00774449 -0.00167393 -0.00124157 -0.000909484 -0.000656917 -0.000467183 -0.00283618 
2007 -5.54757e-007 -9.11182e-006 -0.000105817 -0.000868839 -0.00504283 -0.000669733 0.0104024 0.0503356 0.0251841 0.005232 -0.0493789 -0.0110338 0.0112645 -0.0314634 0.0117414 -0.0182724 -0.000756428 -0.00515755 0.00897259 0.0120073 -0.0057705 -0.00415016 -0.00297801 -0.00214266 -0.00155733 -0.00114541 -0.000841394 -0.000610033 -0.000435856 0.00725083 
2008 -5.5703e-007 -9.14969e-006 -0.000106266 -0.000872612 -0.00506536 -0.0207648 -0.0098763 -0.0402051 0.00454891 0.0148388 0.0305125 -0.0109688 -0.00857488 0.0187411 -0.00804236 -0.00806336 -0.0105954 0.0249756 0.00909467 0.00211374 -0.00568076 0.0159253 0.0170899 -0.00207235 -0.0014788 -0.00106528 -0.00077604 -0.00056426 -0.000404698 -0.00265353 
2009 -5.59348e-007 -9.18811e-006 -0.000106718 -0.000876398 0.00491215 -0.000859264 -0.0301513 -0.0307339 0.013938 0.00447643 -0.0395691 0.0791158 0.00159699 0.018949 -0.00782953 0.00213743 -0.0104148 0.0151107 -0.0107976 0.00220853 -0.00560051 -0.00400854 -0.0028555 -0.00202413 -0.00142977 0.00898871 -0.000721607 -0.00052036 -0.000374299 -0.0025507 
2010 -5.61736e-007 -9.22752e-006 -0.00010718 -0.000880241 0.00488944 -0.0109541 -0.0104259 -0.00125825 -0.0166601 -0.0258663 0.0103702 0.0292182 -0.00821881 0.0491632 -0.00761587 0.0123345 -0.0102413 -0.00474077 -0.010689 0.0022927 0.00447121 -0.00394929 -0.00280763 -0.00198533 -0.00139603 -0.000977514 0.00931509 -0.000483807 -0.000345158 -0.00244224 
pearson_resids (last class is a plus group):
class 1       2       3       4       5       6       7       8       9       10      11      12      13      14      15      16      17      18      19      20      21      22      23      24      25      26      27      28      29      30      
2000 -0.0073189 -0.0296446 -0.100955 -0.289128 -0.697218 0.0156505 -1.16204 -0.134795 0.0519201 -0.554843 -0.837344 1.7333  0.426636 0.779874 -1.01101 0.00217201 0.493153 0.96943 1.43406 -1.02921 -0.902599 -0.78754 0.787448 -0.588783 -0.503845 -0.427879 2.41751 -0.301097 -0.249362 1.23169 
2001 -0.00734397 -0.0297503 -0.101333 -0.290277 -0.700172 0.717891 0.538904 0.458115 0.0145658 -0.587195 -1.47923 0.326748 -0.361945 1.68566 1.05362 0.0243718 -0.144442 -0.517107 1.55684 -0.991317 -0.87035 -0.760648 -0.661217 -0.57128 -0.490223 -0.417551 -0.352833 -0.29566 -0.24561 1.23835 
2002 -0.00736545 -0.0298407 -0.101656 -0.291254 -0.702691 -0.720318 0.0889902 -0.82041 1.07158 -1.72436 -0.254964 1.35983 -1.15032 0.347187 -0.47592 -0.551513 1.24748 3.47415 -1.10474 2.20122 0.364756 -0.732864 2.50868 -0.552536 -0.475337 -0.406014 -0.344121 -0.289262 -0.241053 -0.555585 
2003 -0.00738437 -0.0299202 -0.101938 -0.292105 0.720854 -1.43748 2.63164 0.400503 1.0407  -0.90744 0.0444711 1.3525  -1.54502 -0.0960265 -0.465845 -1.13427 0.583809 -1.27085 -0.159712 -0.935556 0.435139 -0.704781 -0.614461 -0.532958 -0.459503 -0.393499 -0.334467 -0.282006 -0.235749 -0.551704 
2004 -0.00740153 -0.029992 -0.102192 -0.292867 0.715016 2.80632 0.0559818 -0.55354 -0.612375 -0.368619 -1.81818 -0.385872 0.0324994 -0.991751 1.61364 2.46113 -0.782552 1.15339 -0.140289 -0.921486 3.03493 0.796193 1.10843 -0.512943 -0.443043 -0.380253 -0.324051 3.37818 -0.229774 -0.546685 
2005 -0.00741757 -0.030059 -0.102428 -0.293571 -0.708613 0.672904 -1.23106 -0.881839 0.719229 -0.10645 0.337843 -0.385802 -0.750768 -0.0847648 0.0692887 -0.517173 2.70753 1.98601 1.7659  -0.911965 -0.777035 -0.663515 -0.569933 -0.492863 -0.42627 -0.366529 -0.313066 -0.265424 -0.22322 1.31485 
2006 -0.00743301 -0.0301231 -0.102654 3.10728 -0.710299 -0.0403339 -0.817538 -0.589711 0.968114 0.156892 -0.285059 -0.0374749 0.0439424 1.27988 -0.960864 0.0930765 -0.0638159 0.382021 -0.110867 0.210495 -0.768618 -0.652881 -0.555606 1.63253 -0.40948 -0.352578 -0.301714 -0.256388 -0.216195 -0.533315 
2007 -0.0074482 -0.0301859 -0.102873 -0.294889 -0.711926 -0.0470728 0.439401 1.55085 0.67879 0.144657 -1.52294 -0.383574 0.445229 -1.42407 0.612106 -1.10241 -0.0530574 -0.422129 0.859189 1.34847 -0.76184 -0.645558 -0.546526 -0.463385 -0.394938 -0.338633 -0.29019 -0.247064 -0.208817 1.38479 
2008 -0.00746345 -0.0302486 -0.103091 -0.295529 -0.713523 -1.4562 -0.416269 -1.23631 0.122418 0.409847 0.940695 -0.381436 -0.33929 0.849839 -0.420409 -0.488233 -0.74602 2.05307 0.875686 0.238965 -0.755858 2.49993 3.17265 -0.455703 -0.384837 -0.326561 -0.278683 -0.237609 -0.201212 -0.515809 
2009 -0.00747896 -0.030312 -0.10331 -0.29617 0.690417 -0.0601249 -1.2681 -0.943284 0.374541 0.123521 -1.21955 2.75239 0.0632632 0.860918 -0.410388 0.129873 -0.736476 1.24769 -1.04477 0.251185 -0.75047 -0.634403 -0.535134 -0.45036 -0.378393 2.82799 -0.268724 -0.228173 -0.193504 -0.50569 
2010 -0.00749491 -0.030377 -0.103533 -0.296819 0.685705 -0.764787 -0.437558 -0.0385462 -0.447044 -0.713104 0.319547 1.017   -0.325987 2.2381  -0.400276 0.752043 -0.727236 -0.393381 -1.03945 0.262165 0.602995 -0.629678 -0.530616 -0.446013 -0.373896 -0.312805 3.56055 -0.220009 -0.185816 -0.494795 
objective function: multinomial likelihood, with delta = 1e-011, N =
100 100 100 100 100 100 100 100 100 100 100 100 100 100 100 100 100 100 100 100 100 100 100 100 100 100 100 100 100 100 
100 100 100 100 100 100 100 100 100 100 100 100 100 100 100 100 100 100 100 100 100 100 100 100 100 100 100 100 100 100 
100 100 100 100 100 100 100 100 100 100 100 100 100 100 100 100 100 100 100 100 100 100 100 100 100 100 100 100 100 100 
100 100 100 100 100 100 100 100 100 100 100 100 100 100 100 100 100 100 100 100 100 100 100 100 100 100 100 100 100 100 
100 100 100 100 100 100 100 100 100 100 100 100 100 100 100 100 100 100 100 100 100 100 100 100 100 100 100 100 100 100 
100 100 100 100 100 100 100 100 100 100 100 100 100 100 100 100 100 100 100 100 100 100 100 100 100 100 100 100 100 100 
100 100 100 100 100 100 100 100 100 100 100 100 100 100 100 100 100 100 100 100 100 100 100 100 100 100 100 100 100 100 
100 100 100 100 100 100 100 100 100 100 100 100 100 100 100 100 100 100 100 100 100 100 100 100 100 100 100 100 100 100 
100 100 100 100 100 100 100 100 100 100 100 100 100 100 100 100 100 100 100 100 100 100 100 100 100 100 100 100 100 100 
100 100 100 100 100 100 100 100 100 100 100 100 100 100 100 100 100 100 100 100 100 100 100 100 100 100 100 100 100 100 
100 100 100 100 100 100 100 100 100 100 100 100 100 100 100 100 100 100 100 100 100 100 100 100 100 100 100 100 100 100 

Tags2005_R1_R1 :
tag-recapture data for tag Tags2005_R1 in years 2006 2007 2008 2009 2010 , step 1, after proportion 0.5 of mortality, with sampling method size, detection probability 1.
Year 2006
class scanned recaptured expected_prop neg_log_likelihood
100 0 0 0 0
150 0 0 1.18816e-012 0
200 0 0 7.06345e-012 0
250 2 0 5.00392e-011 1.00078e-010
300 28 0 6.71915e-010 1.88136e-008
350 320 0 8.38254e-009 2.68241e-006
400 2302 0 7.81735e-008 0.000179955
450 11502 0 5.26813e-007 0.00605941
500 39770 0 2.50989e-006 0.0998184
550 96806 1 8.58903e-006 1.01603
600 173902 5 2.19142e-005 1.90905
650 243624 6 4.35148e-005 3.0147
700 277690 21 7.00071e-005 2.5061
750 266092 32 9.47546e-005 3.49536
800 224820 22 0.000112305 2.68678
850 178122 26 0.000121401 2.96674
900 136978 16 0.000123731 2.33743
950 101584 7 0.000121263 3.26599
1000 71958 16 0.000115194 5.12219
1050 49292 1 0.000106197 3.57955
1100 33518 3 9.4785e-005 1.5009
1150 23134 3 8.15236e-005 1.77437
1200 16316 0 6.73311e-005 1.09861
1250 11662 4 5.36233e-005 5.68147
1300 8346 0 4.17773e-005 0.34868
1350 5944 1 3.25039e-005 1.83719
1400 4222 0 2.58852e-005 0.109289
1450 2988 0 2.14095e-005 0.0639724
1500 2086 0 1.84364e-005 0.0384586
1550 1406 0 1.64746e-005 0.0231635
1600 896 0 1.51323e-005 0.0135586
1650 530 0 1.42272e-005 0.00754045
1700 286 0 1.36329e-005 0.00389905
1750 140 0 1.32513e-005 0.00185519
1800 62 0 1.30098e-005 0.000806615
1850 24 0 1.28581e-005 0.000308595
1900 8 0 1.27603e-005 0.000102083
1950 2 0 1.26872e-005 2.53745e-005
2000 0 0 1.26071e-005 0

total neg_log_likelihood: 44.5102


Year 2007
class scanned recaptured expected_prop neg_log_likelihood
100 0 0 0 0
150 0 0 3.97727e-015 0
200 0 0 4.02596e-013 0
250 2 0 6.01093e-012 1.20219e-011
300 28 0 1.22512e-010 3.43034e-009
350 344 0 1.68088e-009 5.78224e-007
400 2442 0 1.61656e-008 3.94764e-005
450 11568 0 1.24195e-007 0.00143669
500 39724 0 7.1754e-007 0.0285036
550 99366 0 3.02638e-006 0.30072
600 181960 2 9.49778e-006 1.32718
650 252416 6 2.29506e-005 1.83233
700 280488 9 4.42073e-005 2.54246
750 265182 21 6.99881e-005 2.59898
800 224010 23 9.39563e-005 2.57818
850 176300 14 0.000110942 3.12221
900 134278 26 0.00011966 5.13262
950 100438 14 0.000121566 2.36962
1000 72920 2 0.000118532 5.02322
1050 50898 7 0.000111724 2.04494
1100 34514 5 0.00010177 2.01831
1150 23278 3 8.92127e-005 1.67608
1200 15942 3 7.49648e-005 2.45219
1250 11162 0 6.05502e-005 0.675882
1300 7944 0 4.76176e-005 0.378283
1350 5686 0 3.71883e-005 0.211456
1400 4062 0 2.95795e-005 0.120154
1450 2880 0 2.43511e-005 0.0701321
1500 2006 0 2.08301e-005 0.0417856
1550 1350 0 1.84798e-005 0.024948
1600 862 0 1.68475e-005 0.0145227
1650 512 0 1.5729e-005 0.00805329
1700 278 0 1.49831e-005 0.00416533
1750 138 0 1.44975e-005 0.00200068
1800 62 0 1.4187e-005 0.000879603
1850 24 0 1.39906e-005 0.000335776
1900 8 0 1.38645e-005 0.000110917
1950 2 0 1.37739e-005 2.7548e-005
2000 0 0 1.36814e-005 0

total neg_log_likelihood: 36.6018


Year 2008
class scanned recaptured expected_prop neg_log_likelihood
100 0 0 0 0
150 0 0 0 0
200 0 0 1.15872e-014 0
250 2 0 5.48274e-013 1.09646e-012
300 28 0 2.06297e-011 5.77632e-010
350 344 0 3.78221e-010 1.30108e-007
400 2602 0 3.70984e-009 9.653e-006
450 12332 0 2.86281e-008 0.000353042
500 40170 0 1.87835e-007 0.00754534
550 97884 0 9.45176e-007 0.0925176
600 182308 2 3.59646e-006 2.19302
650 260086 1 1.05258e-005 1.73054
700 291620 8 2.43217e-005 2.02476
750 271378 11 4.55064e-005 2.20201
800 224512 15 7.06401e-005 2.30221
850 174626 18 9.36552e-005 2.44883
900 131756 14 0.000109818 2.25206
950 97934 15 0.000117898 2.75011
1000 71728 12 0.000119176 2.78673
1050 51120 9 0.000115343 2.7292
1100 35200 5 0.00010746 1.91799
1150 23658 3 9.61558e-005 1.60081
1200 15864 1 8.23348e-005 1.03904
1250 10828 2 6.75895e-005 2.04932
1300 7580 2 5.38083e-005 2.89468
1350 5410 0 4.23333e-005 0.229028
1400 3886 0 3.37611e-005 0.131198
1450 2772 0 2.77702e-005 0.07698
1500 1934 0 2.3682e-005 0.0458015
1550 1300 0 2.09265e-005 0.0272048
1600 826 0 1.89926e-005 0.015688
1650 490 0 1.76534e-005 0.00865023
1700 266 0 1.67518e-005 0.00445602
1750 132 0 1.61601e-005 0.00213315
1800 58 0 1.57794e-005 0.00091521
1850 24 0 1.55376e-005 0.000372905
1900 8 0 1.53826e-005 0.000123062
1950 2 0 1.52728e-005 3.05458e-005
2000 0 0 1.51666e-005 0

total neg_log_likelihood: 33.5643


Year 2009
class scanned recaptured expected_prop neg_log_likelihood
100 0 0 0 0
150 0 0 0 0
200 0 0 3.92487e-017 0
250 2 0 3.34695e-014 6.68354e-014
300 28 0 2.74146e-012 7.67613e-011
350 338 0 8.25828e-011 2.7913e-008
400 2596 0 1.00955e-009 2.6208e-006
450 13080 0 7.02628e-009 9.19038e-005
500 43468 0 4.79271e-008 0.00208329
550 101422 0 2.72928e-007 0.0276809
600 180382 0 1.22562e-006 0.22108
650 255904 2 4.28962e-006 1.60438
700 293398 2 1.18299e-005 1.6752
750 278302 8 2.61729e-005 2.00315
800 229716 8 4.73833e-005 2.39044
850 175798 12 7.17965e-005 2.18387
900 130724 14 9.37096e-005 2.3638
950 96182 12 0.000108824 2.27545
1000 70174 4 0.000116025 2.93197
1050 50456 5 0.000116392 1.80857
1100 35360 6 0.000111381 2.29295
1150 24054 1 0.000101964 1.5555
1200 16060 3 8.91262e-005 2.14722
1250 10754 0 7.45107e-005 0.801318
1300 7362 0 6.02052e-005 0.443244
1350 5182 0 4.78662e-005 0.248049
1400 3714 0 3.84051e-005 0.142639
1450 2662 0 3.16679e-005 0.0843013
1500 1866 0 2.70045e-005 0.050391
1550 1256 0 2.38296e-005 0.0299304
1600 798 0 2.15809e-005 0.0172217
1650 470 0 2.00115e-005 0.00940549
1700 254 0 1.89482e-005 0.00481289
1750 126 0 1.82468e-005 0.00229912
1800 56 0 1.77939e-005 0.000996467
1850 22 0 1.75058e-005 0.000385131
1900 8 0 1.73214e-005 0.000138572
1950 2 0 1.71915e-005 3.43833e-005
2000 0 0 1.70682e-005 0

total neg_log_likelihood: 27.3186


Year 2010
class scanned recaptured expected_prop neg_log_likelihood
100 0 0 0 0
150 0 0 0 0
200 0 0 0 0
250 2 0 9.97315e-016 1.9984e-015
300 30 0 2.61156e-013 7.83373e-012
350 342 0 1.50551e-011 5.14883e-009
400 2546 0 3.08256e-010 7.84819e-007
450 12914 0 1.96657e-009 2.53963e-005
500 45438 0 1.28057e-008 0.000581864
550 110634 0 7.68181e-008 0.0084987
600 193100 0 3.89925e-007 0.0752945
650 259840 0 1.59453e-006 0.414324
700 288924 2 5.18712e-006 1.38265
750 275666 2 1.3496e-005 1.78588
800 231594 7 2.84876e-005 1.91581
850 178066 10 4.9699e-005 2.15025
900 131090 9 7.33165e-005 2.04662
950 95240 14 9.39872e-005 3.45738
1000 68874 6 0.000107846 1.97564
1050 49434 3 0.000113865 2.2369
1100 34952 4 0.000112898 1.63319
1150 24134 5 0.000106184 2.64496
1200 16262 1 9.49791e-005 1.1098
1250 10830 2 8.10368e-005 1.83181
1300 7284 2 6.66184e-005 2.6246
1350 5028 1 5.36768e-005 1.57959
1400 3564 0 4.34589e-005 0.154891
1450 2550 1 3.60272e-005 2.47922
1500 1794 0 3.08e-005 0.0552561
1550 1212 0 2.72004e-005 0.0329673
1600 770 0 2.46258e-005 0.0189621
1650 454 0 2.28157e-005 0.0103585
1700 246 0 2.15828e-005 0.00530942
1750 120 0 2.07664e-005 0.002492
1800 54 0 2.0238e-005 0.00109286
1850 22 0 1.99016e-005 0.00043784
1900 8 0 1.96868e-005 0.000157496
1950 2 0 1.95366e-005 3.90736e-005
2000 0 0 1.93947e-005 0

total neg_log_likelihood: 31.635


Tags2006_R1_R1 :
tag-recapture data for tag Tags2006_R1 in years 2007 2008 2009 2010 , step 1, after proportion 0.5 of mortality, with sampling method size, detection probability 1.
Year 2007
class scanned recaptured expected_prop neg_log_likelihood
100 0 0 0 0
150 0 0 2.31114e-012 0
200 0 0 1.05495e-011 0
250 2 0 6.1726e-011 1.23452e-010
300 28 0 8.00267e-010 2.24075e-008
350 344 0 9.92393e-009 3.41383e-006
400 2442 0 8.89834e-008 0.000217297
450 11568 0 5.73507e-007 0.00663433
500 39724 1 2.64603e-006 2.35785
550 99366 1 8.88487e-006 1.00744
600 181960 4 2.24581e-005 1.63379
650 252416 11 4.44656e-005 2.12768
700 280488 17 7.16214e-005 2.59112
750 265182 32 9.72464e-005 3.34888
800 224010 31 0.000115585 3.11221
850 176300 15 0.000124956 3.5432
900 134278 23 0.000126755 3.43562
950 100438 12 0.000122928 2.17319
1000 72920 15 0.000114905 4.39265
1050 50898 4 0.000103773 1.80277
1100 34514 2 9.0517e-005 1.53895
1150 23278 0 7.6107e-005 1.77169
1200 15942 0 6.1626e-005 0.982473
1250 11162 0 4.83625e-005 0.539835
1300 7944 0 3.73771e-005 0.296929
1350 5686 1 2.90694e-005 1.96532
1400 4062 0 2.33072e-005 0.0946748
1450 2880 0 1.95009e-005 0.0561631
1500 2006 0 1.70194e-005 0.0341413
1550 1350 0 1.54052e-005 0.0207972
1600 862 0 1.43106e-005 0.0123358
1650 512 0 1.35756e-005 0.00695076
1700 278 0 1.30937e-005 0.00364007
1750 138 0 1.2784e-005 0.00176421
1800 62 0 1.25878e-005 0.000780447
1850 24 0 1.24641e-005 0.00029914
1900 8 0 1.23843e-005 9.90748e-005
1950 2 0 1.23256e-005 2.46514e-005
2000 0 0 1.22637e-005 0

total neg_log_likelihood: 38.8601


Year 2008
class scanned recaptured expected_prop neg_log_likelihood
100 0 0 0 0
150 0 0 7.99342e-015 0
200 0 0 6.97391e-013 0
250 2 0 7.7566e-012 1.55131e-011
300 28 0 1.41244e-010 3.95482e-009
350 344 0 1.92918e-009 6.63638e-007
400 2602 0 1.8491e-008 4.81136e-005
450 12332 0 1.37828e-007 0.0016997
500 40170 0 7.69832e-007 0.0309242
550 97884 0 3.16757e-006 0.310055
600 182308 1 9.79437e-006 1.20584
650 260086 9 2.34976e-005 2.62182
700 291620 12 4.51762e-005 2.22228
750 271378 17 7.16282e-005 2.50018
800 224512 18 9.64376e-005 2.69557
850 174626 20 0.000114118 2.42104
900 131756 20 0.000122983 2.83448
950 97934 9 0.000124237 2.48029
1000 71728 4 0.000119769 3.16619
1050 51120 6 0.000111019 1.83775
1100 35200 2 9.90591e-005 1.68202
1150 23658 3 8.49094e-005 1.70791
1200 15864 1 6.98186e-005 1.00537
1250 10828 0 5.53625e-005 0.599482
1300 7580 1 4.29699e-005 1.44742
1350 5410 0 3.33496e-005 0.180424
1400 3886 0 2.65509e-005 0.103178
1450 2772 0 2.20027e-005 0.060992
1500 1934 1 1.90077e-005 3.34006
1550 1300 0 1.70446e-005 0.0221582
1600 826 0 1.57003e-005 0.0129686
1650 490 0 1.47875e-005 0.00724594
1700 266 0 1.41821e-005 0.00377246
1750 132 0 1.37889e-005 0.00182015
1800 58 0 1.35376e-005 0.000785185
1850 24 0 1.33783e-005 0.000321081
1900 8 0 1.32755e-005 0.000106205
1950 2 0 1.32014e-005 2.64029e-005
2000 0 0 1.31282e-005 0

total neg_log_likelihood: 34.5043


Year 2009
class scanned recaptured expected_prop neg_log_likelihood
100 0 0 0 0
150 0 0 0 0
200 0 0 2.25317e-014 0
250 2 0 7.99931e-013 1.59983e-012
300 28 0 2.41999e-011 6.77599e-010
350 338 0 4.21184e-010 1.4236e-007
400 2596 0 4.16099e-009 1.08019e-005
450 13080 0 3.19794e-008 0.000418291
500 43468 0 2.04521e-007 0.00889013
550 101422 0 1.00231e-006 0.101656
600 180382 1 3.74107e-006 1.06813
650 255904 2 1.08249e-005 1.42549
700 293398 9 2.48827e-005 2.21082
750 278302 7 4.65134e-005 3.54514
800 229716 18 7.2326e-005 2.42495
850 175798 20 9.61331e-005 2.68931
900 130724 11 0.000112879 2.65018
950 96182 9 0.000120963 2.35053
1000 70174 11 0.00012146 2.45473
1050 50456 8 0.000116127 2.31962
1100 35360 0 0.000106349 3.7607
1150 24054 1 9.32259e-005 1.4349
1200 16060 0 7.81065e-005 1.25444
1250 10754 0 6.28129e-005 0.675511
1300 7362 0 4.91609e-005 0.361932
1350 5182 0 3.82361e-005 0.198143
1400 3714 1 3.03459e-005 2.29566
1450 2662 1 2.49898e-005 2.77671
1500 1866 0 2.1426e-005 0.0399813
1550 1256 0 1.90743e-005 0.0239575
1600 798 0 1.74536e-005 0.0139281
1650 470 0 1.63464e-005 0.00768288
1700 254 0 1.5608e-005 0.00396445
1750 126 0 1.51261e-005 0.0019059
1800 56 0 1.48168e-005 0.000829748
1850 22 0 1.46203e-005 0.000321649
1900 8 0 1.44935e-005 0.000115949
1950 2 0 1.44025e-005 2.88052e-005
2000 0 0 1.43146e-005 0

total neg_log_likelihood: 36.1006


Year 2010
class scanned recaptured expected_prop neg_log_likelihood
100 0 0 0 0
150 0 0 0 0
200 0 0 7.88848e-017 0
250 2 0 5.76766e-014 1.15463e-013
300 30 0 3.45661e-012 1.03697e-010
350 342 0 9.17489e-011 3.13781e-008
400 2546 0 1.09881e-009 2.79756e-006
450 12914 0 7.77021e-009 0.000100344
500 45438 0 5.24935e-008 0.0023852
550 110634 0 2.92584e-007 0.0323698
600 193100 2 1.28691e-006 3.72625
650 259840 3 4.43855e-006 2.51716
700 288924 4 1.2139e-005 1.66597
750 275666 7 2.67644e-005 1.91363
800 231594 11 4.8448e-005 2.12761
850 178066 21 7.35388e-005 4.45856
900 131090 10 9.61796e-005 2.36912
950 95240 16 0.000111749 3.47651
1000 68874 6 0.000118798 2.14964
1050 49434 6 0.000118255 1.83065
1100 34952 4 0.000111705 1.63398
1150 24134 3 0.000100491 1.55915
1200 16262 2 8.60739e-005 1.42027
1250 10830 1 7.04622e-005 1.03342
1300 7284 0 5.58372e-005 0.40673
1350 5028 1 4.37067e-005 1.73495
1400 3564 0 3.47157e-005 0.123729
1450 2550 0 2.85026e-005 0.0726826
1500 1794 0 2.43164e-005 0.0436242
1550 1212 1 2.15316e-005 3.67204
1600 770 0 1.96004e-005 0.0150924
1650 454 0 1.82751e-005 0.00829699
1700 246 0 1.73883e-005 0.00427757
1750 120 0 1.68083e-005 0.00201701
1800 54 0 1.64354e-005 0.000887518
1850 22 0 1.61983e-005 0.000356365
1900 8 0 1.60454e-005 0.000128364
1950 2 0 1.59359e-005 3.1872e-005
2000 0 0 1.58303e-005 0

total neg_log_likelihood: 38.0016


Tags2007_R1_R1 :
tag-recapture data for tag Tags2007_R1 in years 2008 2009 2010 , step 1, after proportion 0.5 of mortality, with sampling method size, detection probability 1.
Year 2008
class scanned recaptured expected_prop neg_log_likelihood
100 0 0 0 0
150 0 0 1.28495e-012 0
200 0 0 8.50861e-012 0
250 2 0 5.60663e-011 1.12133e-010
300 28 0 7.38214e-010 2.067e-008
350 344 0 9.2565e-009 3.18424e-006
400 2602 0 8.54787e-008 0.000222416
450 12332 0 5.64786e-007 0.00696495
500 40170 0 2.64326e-006 0.10618
550 97884 1 8.93527e-006 1.00858
600 182308 3 2.2632e-005 1.66583
650 260086 16 4.47737e-005 3.03883
700 291620 31 7.19334e-005 4.72302
750 271378 26 9.73488e-005 2.55447
800 224512 21 0.000115409 2.94308
850 174626 17 0.000124794 2.91092
900 131756 11 0.000127258 3.25585
950 97934 13 0.000124859 2.23163
1000 71728 4 0.000118808 3.12949
1050 51120 5 0.000109728 1.77462
1100 35200 6 9.80826e-005 2.59716
1150 23658 4 8.44225e-005 2.4082
1200 15864 1 6.96751e-005 1.00515
1250 10828 2 5.53143e-005 2.31726
1300 7580 0 4.2843e-005 0.324757
1350 5410 0 3.31021e-005 0.179086
1400 3886 1 2.62232e-005 2.38561
1450 2772 0 2.16508e-005 0.0600167
1500 1934 0 1.86754e-005 0.0361185
1550 1300 0 1.67532e-005 0.0217793
1600 826 0 1.5463e-005 0.0127726
1650 490 0 1.46059e-005 0.00715696
1700 266 0 1.4049e-005 0.00373707
1750 132 0 1.36936e-005 0.00180757
1800 58 0 1.34693e-005 0.000781228
1850 24 0 1.3328e-005 0.000319875
1900 8 0 1.32361e-005 0.000105889
1950 2 0 1.31671e-005 2.63344e-005
2000 0 0 1.30948e-005 0

total neg_log_likelihood: 40.7116


Year 2009
class scanned recaptured expected_prop neg_log_likelihood
100 0 0 0 0
150 0 0 4.0598e-015 0
200 0 0 4.83529e-013 0
250 2 0 6.94538e-012 1.38907e-011
300 28 0 1.33654e-010 3.74232e-009
350 338 0 1.82478e-009 6.16775e-007
400 2596 0 1.76166e-008 4.57328e-005
450 13080 0 1.34045e-007 0.00175331
500 43468 0 7.61883e-007 0.0331175
550 101422 0 3.16749e-006 0.321253
600 180382 1 9.84261e-006 1.20139
650 255904 6 2.36475e-005 1.8289
700 293398 13 4.54279e-005 2.21188
750 278302 21 7.18679e-005 2.46968
800 229716 26 9.65004e-005 2.86484
850 175798 19 0.000113998 2.42299
900 130724 14 0.000123014 2.38523
950 96182 15 0.000125064 2.61846
1000 70174 8 0.000122097 1.98827
1050 50456 3 0.000115288 2.32645
1100 35360 4 0.000105228 1.64304
1150 24054 3 9.24067e-005 1.61822
1200 16060 2 7.77063e-005 1.49804
1250 10754 0 6.26774e-005 0.674053
1300 7362 0 4.90793e-005 0.361331
1350 5182 0 3.80815e-005 0.197342
1400 3714 0 3.00933e-005 0.111768
1450 2662 0 2.46656e-005 0.0656607
1500 1866 0 2.10684e-005 0.039314
1550 1256 0 1.87108e-005 0.023501
1600 798 0 1.71048e-005 0.0136497
1650 470 0 1.60226e-005 0.00753069
1700 254 0 1.53104e-005 0.00388887
1750 126 0 1.48509e-005 0.00187123
1800 56 0 1.45586e-005 0.000815286
1850 22 0 1.43736e-005 0.000316222
1900 8 0 1.42537e-005 0.00011403
1950 2 0 1.41652e-005 2.83306e-005
2000 0 0 1.40757e-005 0

total neg_log_likelihood: 28.9347


Year 2010
class scanned recaptured expected_prop neg_log_likelihood
100 0 0 0 0
150 0 0 0 0
200 0 0 1.2541e-014 0
250 2 0 6.62671e-013 1.32538e-012
300 30 0 2.28357e-011 6.85072e-010
350 342 0 4.05583e-010 1.3871e-007
400 2546 0 3.9871e-009 1.01511e-005
450 12914 0 3.0851e-008 0.00039841
500 45438 0 2.004e-007 0.00910578
550 110634 0 9.94724e-007 0.11005
600 193100 0 3.74173e-006 0.722529
650 259840 2 1.0868e-005 1.44082
700 288924 7 2.50096e-005 1.90735
750 275666 16 4.67174e-005 2.66143
800 231594 18 7.25081e-005 2.41113
850 178066 23 9.61763e-005 3.39905
900 131090 11 0.000112841 2.65946
950 95240 9 0.00012122 2.33054
1000 68874 8 0.000122646 1.98106
1050 49434 8 0.000118875 2.31339
1100 34952 3 0.000110978 1.60397
1150 24134 4 9.95387e-005 2.07464
1200 16262 4 8.53992e-005 3.25325
1250 10830 0 7.01303e-005 0.759538
1300 7284 2 5.56963e-005 2.9032
1350 5028 0 4.35882e-005 0.219166
1400 3564 0 3.45303e-005 0.123068
1450 2550 0 2.82325e-005 0.0719939
1500 1794 0 2.39799e-005 0.0430204
1550 1212 0 2.11524e-005 0.025637
1600 770 0 1.9201e-005 0.0147849
1650 454 0 1.78715e-005 0.00811373
1700 246 0 1.69887e-005 0.00417927
1750 120 0 1.64154e-005 0.00196987
1800 54 0 1.6049e-005 0.000866655
1850 22 0 1.58168e-005 0.000347973
1900 8 0 1.56668e-005 0.000125335
1950 2 0 1.55573e-005 3.11149e-005
2000 0 0 1.5448e-005 0

total neg_log_likelihood: 33.0542


Tags2008_R1_R1 :
tag-recapture data for tag Tags2008_R1 in years 2009 2010 , step 1, after proportion 0.5 of mortality, with sampling method size, detection probability 1.
Year 2009
class scanned recaptured expected_prop neg_log_likelihood
100 0 0 0 0
150 0 0 1.3218e-012 0
200 0 0 9.23706e-012 0
250 2 0 6.01319e-011 1.20264e-010
300 28 0 7.89468e-010 2.21051e-008
350 338 0 9.92267e-009 3.35386e-006
400 2596 0 9.1499e-008 0.000237531
450 13080 0 6.02106e-007 0.00787554
500 43468 0 2.80776e-006 0.122048
550 101422 1 9.47488e-006 1.00078
600 180382 3 2.39781e-005 1.72359
650 255904 12 4.73582e-005 2.1689
700 293398 27 7.5765e-005 3.04873
750 278302 22 0.000101669 3.22706
800 229716 29 0.000118866 2.65693
850 175798 18 0.000126079 2.78708
900 130724 20 0.000125657 2.78421
950 96182 10 0.000120393 2.19153
1000 70174 3 0.000112069 3.46922
1050 50456 5 0.000101623 1.74185
1100 35360 0 8.96053e-005 3.16859
1150 24054 3 7.6476e-005 1.80271
1200 16060 2 6.28939e-005 1.68314
1250 10754 0 4.99478e-005 0.537153
1300 7362 1 3.87876e-005 1.53884
1350 5182 0 3.0071e-005 0.15583
1400 3714 0 2.39023e-005 0.0887743
1450 2662 0 1.97946e-005 0.0526937
1500 1866 0 1.71197e-005 0.0319457
1550 1256 0 1.53929e-005 0.0193336
1600 798 0 1.42356e-005 0.0113601
1650 470 0 1.34684e-005 0.00633021
1700 254 0 1.29709e-005 0.00329464
1750 126 0 1.26539e-005 0.00159441
1800 56 0 1.24542e-005 0.000697438
1850 22 0 1.23284e-005 0.000271226
1900 8 0 1.22464e-005 9.7972e-005
1950 2 0 1.21845e-005 2.43692e-005
2000 0 0 1.21194e-005 0

total neg_log_likelihood: 36.0327


Year 2010
class scanned recaptured expected_prop neg_log_likelihood
100 0 0 0 0
150 0 0 4.09813e-015 0
200 0 0 5.16657e-013 0
250 2 0 7.52133e-012 1.50426e-011
300 30 0 1.42589e-010 4.27766e-009
350 342 0 1.94948e-009 6.66723e-007
400 2546 0 1.88282e-008 4.79365e-005
450 12914 0 1.43036e-007 0.00184717
500 45438 0 8.10163e-007 0.0368122
550 110634 1 3.35902e-006 1.3615
600 193100 2 1.0423e-005 1.30689
650 259840 3 2.5016e-005 2.67645
700 288924 16 4.79564e-005 2.46838
750 275666 26 7.55069e-005 3.14926
800 231594 28 0.000100475 3.03923
850 178066 20 0.000117009 2.43789
900 131090 15 0.000123843 2.32664
950 95240 10 0.000123081 2.21173
1000 68874 10 0.000117393 2.28919
1050 49434 2 0.000108512 2.69792
1100 34952 2 9.73288e-005 1.64635
1150 24134 2 8.44065e-005 1.30715
1200 16262 1 7.0461e-005 1.00967
1250 10830 1 5.66792e-005 1.10182
1300 7284 0 4.44077e-005 0.323473
1350 5028 0 3.45374e-005 0.173657
1400 3564 0 2.73728e-005 0.0975581
1450 2550 0 2.25005e-005 0.0573769
1500 1794 0 1.92685e-005 0.0345679
1550 1212 0 1.71495e-005 0.0207854
1600 770 0 1.57066e-005 0.0120941
1650 454 0 1.47353e-005 0.00668985
1700 246 0 1.40968e-005 0.00346785
1750 120 0 1.36855e-005 0.00164228
1800 54 0 1.34242e-005 0.00072491
1850 22 0 1.3259e-005 0.000291699
1900 8 0 1.31519e-005 0.000105216
1950 2 0 1.30726e-005 2.61454e-005
2000 0 0 1.29916e-005 0

total neg_log_likelihood: 31.8013


Tags2009_R1_R1 :
tag-recapture data for tag Tags2009_R1 in years 2010 , step 1, after proportion 0.5 of mortality, with sampling method size, detection probability 1.
Year 2010
class scanned recaptured expected_prop neg_log_likelihood
100 0 0 0 0
150 0 0 1.33276e-012 0
200 0 0 9.40582e-012 0
250 2 0 6.14249e-011 1.2285e-010
300 30 0 7.9753e-010 2.39259e-008
350 342 0 1.00353e-008 3.43208e-006
400 2546 0 9.26481e-008 0.000235882
450 12914 0 6.07485e-007 0.00784506
500 45438 0 2.81318e-006 0.127826
550 110634 0 9.42236e-006 1.04244
600 193100 9 2.37123e-005 3.68768
650 259840 9 4.67219e-005 2.47333
700 288924 16 7.48582e-005 3.11615
750 275666 31 0.00010103 2.81031
800 231594 24 0.000119319 2.76152
850 178066 23 0.000128353 2.4907
900 131090 15 0.000130093 2.40745
950 95240 10 0.000126876 2.26951
1000 68874 10 0.000120104 2.24759
1050 49434 2 0.000110464 2.75879
1100 34952 3 9.83923e-005 1.52518
1150 24134 2 8.43517e-005 1.30713
1200 16262 2 6.9157e-005 1.58283
1250 10830 0 5.42153e-005 0.587167
1300 7284 0 4.10751e-005 0.299197
1350 5028 0 3.0708e-005 0.154402
1400 3564 0 2.33585e-005 0.0832507
1450 2550 0 1.84917e-005 0.0471543
1500 1794 0 1.53587e-005 0.0275537
1550 1212 0 1.33662e-005 0.0162
1600 770 0 1.20568e-005 0.0092838
1650 454 0 1.1206e-005 0.00508755
1700 246 0 1.06641e-005 0.00262338
1750 120 0 1.03237e-005 0.00123885
1800 54 0 1.01113e-005 0.000546013
1850 22 0 9.97788e-006 0.000219515
1900 8 0 9.88984e-006 7.91191e-005
1950 2 0 9.82079e-006 1.96417e-005
2000 0 0 9.74555e-006 0

total neg_log_likelihood: 33.8505


Output quantities start here

* Scalar parameter values
initialization.B0 235939

* Nuisance q's

* B0
235939

* R0
1.71189e+007

* SSBs
SSB 235939 233134 226369 218939 210937 202518 193872 185192 176650 168391 160515 153071 146072 139511 133371 127634 122277 117279 112617 108267 104210 
year 1990 1991 1992 1993 1994 1995 1996 1997 1998 1999 2000 2001 2002 2003 2004 2005 2006 2007 2008 2009 2010 

* recruitments
recruitment 1.71189e+007 1.71189e+007 1.70968e+007 1.70417e+007 1.69777e+007 1.69042e+007 1.68215e+007 1.673e+007 1.66306e+007 1.65247e+007 1.64135e+007 1.62983e+007 1.61804e+007 1.60602e+007 1.59385e+007 1.58157e+007 1.56922e+007 1.55684e+007 1.54446e+007 1.53213e+007 1.51986e+007 
year 1990 1991 1992 1993 1994 1995 1996 1997 1998 1999 2000 2001 2002 2003 2004 2005 2006 2007 2008 2009 2010 

* YCS
YCS 1 1 1 1 1 1 1 1 1 1 1 1 1 1 1 1 1 1 1 1 1 
year 1989 1990 1991 1992 1993 1994 1995 1996 1997 1998 1999 2000 2001 2002 2003 2004 2005 2006 2007 2008 2009 

* true_YCS
true_YCS 1 1 0.998712 0.995491 0.99175 0.98746 0.982626 0.97728 0.971478 0.965288 0.958792 0.952068 0.945176 0.938159 0.93105 0.923875 0.916659 0.909426 0.902198 0.894992 0.887827 
year 1989 1990 1991 1992 1993 1994 1995 1996 1997 1998 1999 2000 2001 2002 2003 2004 2005 2006 2007 2008 2009 

* fishing_pressures
LL1 0 0.0627899 0.0658141 0.0689555 0.0721351 0.0752877 0.0783604 0.081311 0.0841097 0.0867409 0.0892051 0.0915137 0.0936823 0.0957292 0.0976753 0.0995421 0.101352 0.103124 0.104875 0.106622 0.108377 
LL2 0 0.0627899 0.0658141 0.0689555 0.0721351 0.0752877 0.0783604 0.081311 0.0841097 0.0867409 0.0892051 0.0915137 0.0936823 0.0957292 0.0976753 0.0995421 0.101352 0.103124 0.104875 0.106622 0.108377 
year 1990 1991 1992 1993 1994 1995 1996 1997 1998 1999 2000 2001 2002 2003 2004 2005 2006 2007 2008 2009 2010 

* Numbers_at_age_R1
1990  1.58899e+007 1.36083e+007 1.16544e+007 9.98099e+006 8.54787e+006 7.32053e+006 6.26941e+006 5.36922e+006 4.59828e+006 3.93804e+006 3.3726e+006 2.88834e+006 2.47362e+006 2.11845e+006 1.81427e+006 1.55377e+006 1.33067e+006 1.13961e+006 975976 835841 715827 613045 525021 449636 385075 329784 282432 241879 207149 1.23554e+006 
1991  1.58899e+007 1.36083e+007 1.16543e+007 9.98043e+006 8.54462e+006 7.30728e+006 6.23123e+006 5.29146e+006 4.48628e+006 3.82397e+006 3.27558e+006 2.80696e+006 2.4063e+006 2.06352e+006 1.77008e+006 1.5187e+006 1.30322e+006 1.11842e+006 959851 823735 706863 606500 520307 446288 382730 328164 281328 241137 206657 1.23331e+006 
1992  1.58694e+007 1.36083e+007 1.16543e+007 9.98027e+006 8.54342e+006 7.30061e+006 6.20495e+006 5.21791e+006 4.3402e+006 3.61686e+006 3.06552e+006 2.62826e+006 2.2563e+006 1.9393e+006 1.66859e+006 1.43691e+006 1.23821e+006 1.06745e+006 920430 793671 684253 589731 508045 437445 376442 323755 278280 239059 205261 1.22814e+006 
1993  1.58182e+007 1.35908e+007 1.16543e+007 9.98023e+006 8.54309e+006 7.29876e+006 6.19675e+006 5.19027e+006 4.27088e+006 3.48868e+006 2.89e+006 2.45177e+006 2.10602e+006 1.81294e+006 1.5637e+006 1.35095e+006 1.16869e+006 1.01197e+006 876763 759770 658299 570141 493467 426753 368712 318246 274411 236380 203432 1.22231e+006 
1994  1.57588e+007 1.3547e+007 1.16393e+007 9.98019e+006 8.54286e+006 7.29765e+006 6.1926e+006 5.17767e+006 4.2391e+006 3.42245e+006 2.77818e+006 2.3037e+006 1.95825e+006 1.68696e+006 1.45754e+006 1.26259e+006 1.09604e+006 953006 829531 722447 629215 547797 476547 414127 359427 311520 269609 233003 201092 1.21553e+006 
1995  1.56906e+007 1.34961e+007 1.16017e+007 9.96731e+006 8.54264e+006 7.29663e+006 6.18909e+006 5.16847e+006 4.21967e+006 3.38653e+006 2.71619e+006 2.20716e+006 1.834e+006 1.56371e+006 1.35226e+006 1.17365e+006 1.02178e+006 891738 779616 682314 597385 522905 457362 399557 348528 303489 263781 228837 198159 1.2075e+006 
1996  1.56138e+007 1.34377e+007 1.15581e+007 9.93512e+006 8.53142e+006 7.29563e+006 6.1857e+006 5.15992e+006 4.20324e+006 3.3608e+006 2.67868e+006 2.15077e+006 1.75149e+006 1.45998e+006 1.24983e+006 1.08594e+006 947459 829459 728042 640135 563343 495809 436102 383122 336015 294107 256856 223805 194558 1.19793e+006 
1997  1.55289e+007 1.33719e+007 1.15081e+007 9.89775e+006 8.5037e+006 7.28527e+006 6.18242e+006 5.15169e+006 4.18766e+006 3.33785e+006 2.64966e+006 2.11425e+006 1.70142e+006 1.39013e+006 1.16363e+006 1.00105e+006 874546 767458 675886 596772 527740 466966 413064 364990 321959 283381 248798 217848 190224 1.18646e+006 
1998  1.54367e+007 1.32991e+007 1.14518e+007 9.85491e+006 8.47154e+006 7.26085e+006 6.17134e+006 5.14381e+006 4.17277e+006 3.31612e+006 2.62336e+006 2.08491e+006 1.66753e+006 1.34652e+006 1.10497e+006 929672 804322 706923 624205 553118 491297 436927 388640 345416 306509 271374 239617 210939 185110 1.17279e+006 
1999  1.53383e+007 1.32202e+007 1.13895e+007 9.80663e+006 8.43471e+006 7.2327e+006 6.14849e+006 5.12974e+006 4.15866e+006 3.29551e+006 2.59857e+006 2.05819e+006 1.63972e+006 1.31612e+006 1.06756e+006 880700 745342 648879 573962 510038 454751 406291 363290 324732 289881 258214 229367 203087 179193 1.15659e+006 
2000  1.52351e+007 1.3136e+007 1.13219e+007 9.75326e+006 8.39324e+006 7.20061e+006 6.12263e+006 5.10622e+006 4.14005e+006 3.27612e+006 2.57523e+006 2.03314e+006 1.61439e+006 1.29087e+006 1.04094e+006 848981 704631 600183 525965 468305 418806 375665 337511 303322 272354 244084 218156 194338 172479 1.13756e+006 
2001  1.51283e+007 1.30476e+007 1.12497e+007 9.69532e+006 8.34742e+006 7.1646e+006 6.09358e+006 5.08052e+006 4.11433e+006 3.25378e+006 2.55338e+006 2.00967e+006 1.59073e+006 1.26787e+006 1.01866e+006 826068 677945 566414 485741 428561 384085 345624 311806 281600 254250 229218 206141 184785 165011 1.11547e+006 
2002  1.50187e+007 1.29561e+007 1.1174e+007 9.63352e+006 8.29771e+006 7.12493e+006 6.06135e+006 5.05247e+006 4.08734e+006 3.2264e+006 2.52972e+006 1.98779e+006 1.56867e+006 1.24647e+006 998380 806786 658454 544072 457744 395280 351100 316671 286643 259981 235915 213888 193518 174559 156866 1.09015e+006 
2003  1.49072e+007 1.28623e+007 1.10957e+007 9.56867e+006 8.2447e+006 7.08197e+006 6.02613e+006 5.02206e+006 4.05888e+006 3.19853e+006 2.50261e+006 1.96486e+006 1.54813e+006 1.22656e+006 979562 789251 641986 527616 439086 372049 323498 289218 262434 238852 217691 198381 180516 163828 148155 1.06151e+006 
2004  1.47943e+007 1.27668e+007 1.10153e+007 9.50155e+006 8.18908e+006 7.03622e+006 5.98823e+006 4.98939e+006 4.0289e+006 3.16996e+006 2.47552e+006 1.93957e+006 1.52704e+006 1.20806e+006 962080 773004 627016 513669 425252 356477 304185 266256 239513 218550 199902 182985 167376 152782 139020 1.02959e+006 
2005  1.46803e+007 1.267e+007 1.09336e+007 9.43275e+006 8.13152e+006 6.98828e+006 5.94807e+006 4.9547e+006 3.99741e+006 3.14056e+006 2.44822e+006 1.91458e+006 1.50434e+006 1.18929e+006 945833 757920 613156 500988 413495 344868 291178 250159 220347 199349 182826 167969 154340 141628 129624 994533 
2006  1.45656e+007 1.25724e+007 1.08507e+007 9.3627e+006 8.07254e+006 6.93871e+006 5.90612e+006 4.91828e+006 3.96455e+006 3.11028e+006 2.42055e+006 1.88965e+006 1.48204e+006 1.16941e+006 929495 743898 600288 489250 402801 334979 281438 239274 206889 183297 166689 153565 141633 130567 120138 956588 
2007  1.44507e+007 1.24742e+007 1.07671e+007 9.29173e+006 8.01249e+006 6.88794e+006 5.86285e+006 4.88052e+006 3.93053e+006 3.0792e+006 2.39245e+006 1.86463e+006 1.45996e+006 1.14998e+006 912389 729883 588323 478353 392903 325981 273125 231096 197762 172010 153200 139961 129451 119791 110737 916126 
2008  1.43358e+007 1.23758e+007 1.0683e+007 9.22011e+006 7.95166e+006 6.83627e+006 5.8186e+006 4.84175e+006 3.89558e+006 3.04739e+006 2.36391e+006 1.83942e+006 1.43793e+006 1.13081e+006 895714 715328 576412 468212 383710 317651 265557 224103 190882 164336 143706 128591 117951 109464 101580 873605 
2009  1.42213e+007 1.22774e+007 1.05987e+007 9.14808e+006 7.89027e+006 6.78394e+006 5.77362e+006 4.80224e+006 3.85994e+006 3.01501e+006 2.33494e+006 1.81399e+006 1.41585e+006 1.11176e+006 879306 701160 564111 458143 375147 309908 258547 217732 184991 158537 137236 120580 108339 99718.1 92807.7 829550 
2010  1.41075e+007 1.21793e+007 1.05144e+007 9.07588e+006 7.82853e+006 6.73114e+006 5.7281e+006 4.76218e+006 3.82379e+006 2.9822e+006 2.30564e+006 1.78833e+006 1.39367e+006 1.09275e+006 863044 687245 552152 447791 366661 302689 252026 211828 179621 153565 132337 115112 101562 91572.3 84530.5 784528 

Output quantities finish here

Unused parameters:
annual_cycle.fishery_areas annual_cycle.migrate_from annual_cycle.migrate_to annual_cycle.migration_names annual_cycle.migration_times annual_cycle.n_migrations annual_cycle.recruitment_areas annual_cycle.spawning_all_areas area_names recruitment.p_male recruitment.year_range tag[Tags2005_R1_LL1].area tag[Tags2005_R1_LL1].sex tag[Tags2006_R1_LL1].area tag[Tags2006_R1_LL1].sex tag[Tags2007_R1_LL1].area tag[Tags2007_R1_LL1].sex tag[Tags2008_R1_LL1].area tag[Tags2008_R1_LL1].sex tag[Tags2009_R1_LL1].area tag[Tags2009_R1_LL1].sex MCMC.adapt_at MCMC.adaptive_stepsize MCMC.burn_in MCMC.keep MCMC.length MCMC.start MCMC.stepsize profile[1].l profile[1].n profile[1].parameter profile[1].u tag_recapture[Tags2005_R1_R1].area tag_recapture[Tags2006_R1_R1].area tag_recapture[Tags2007_R1_R1].area tag_recapture[Tags2008_R1_R1].area tag_recapture[Tags2009_R1_R1].area n_projections numbers_at[Numbers_at_age_R1].area print.final_state print.initial_state print.requests print.results print.state_annually print.state_every_step print.yields 
