CASAL (C++ algorithmic stock assessment laboratory)
Call: C:/Users/bstacy/Documents/GitHub/lasac/projects/simulations/sim/dec0.5/casal -e -q -f EM 
Date: Mon Oct 14 13:37:07 2019
v2.30-2012-03-21 00:22:59 UTC (rev.4648)  (c) Copyright 2002-2012, NIWA
User name: bstacy
Machine name: DOM-IMA-HVZRNF2 (Microsoft Windows, PID=3824)

Prefix for the input parameter filenames : EM

Random number seed : 20627

Estimation parameters:
Stored as strings: 
  MCMC.adapt_at                 	1e+05 2e+05 3e+05 4e+05
  MCMC.adaptive_stepsize        	True
  MCMC.burn_in                  	500
  MCMC.keep                     	1000
  MCMC.length                   	1500000
  MCMC.start                    	0
  MCMC.stepsize                 	0.01
  ageing_error.c                	0
  ageing_error.type             	normal
  catch_at[LL1_catchA].2000     	0 0 0 0 0 0.04 0.01 0.16 0.16 0.16 0.1 0.1 0.02 0.05 0.04 0.06 0.02 0.01 0 0.02 0.01 0.02 0 0 0 0 0 0.01 0 0.01
  catch_at[LL1_catchA].2001     	0 0 0 0 0.01 0.02 0.04 0.14 0.11 0.2 0.12 0.08 0.1 0.05 0.04 0.03 0.03 0 0 0 0.01 0 0 0.01 0 0.01 0 0 0 0
  catch_at[LL1_catchA].2002     	0 0 0 0 0 0.03 0.05 0.11 0.14 0.11 0.12 0.11 0.03 0.06 0.07 0.06 0.03 0 0.03 0.01 0.01 0.01 0.01 0 0.01 0 0 0 0 0
  catch_at[LL1_catchA].2003     	0 0 0 0 0 0.05 0.05 0.05 0.2 0.15 0.11 0.09 0.1 0.06 0.03 0.06 0.01 0.01 0 0 0 0 0.01 0 0.01 0.01 0 0 0 0
  catch_at[LL1_catchA].2004     	0 0 0 0 0.02 0.04 0.01 0.14 0.15 0.16 0.11 0.1 0.09 0.06 0.02 0.02 0.02 0.01 0 0.01 0.02 0 0.01 0 0.01 0 0 0 0 0
  catch_at[LL1_catchA].2005     	0 0 0 0 0 0.01 0.07 0.11 0.18 0.12 0.14 0.08 0.08 0.06 0.04 0.02 0.03 0.01 0.02 0 0.01 0.01 0 0 0.01 0 0 0 0 0
  catch_at[LL1_catchA].2006     	0 0 0 0 0 0.06 0.1 0.11 0.17 0.15 0.1 0.08 0.05 0.04 0.03 0.05 0 0 0.02 0.01 0 0.01 0.01 0 0 0 0 0 0 0.01
  catch_at[LL1_catchA].2007     	0 0 0 0 0.01 0.03 0.06 0.07 0.09 0.11 0.18 0.11 0.07 0.08 0.05 0.06 0.02 0.01 0.02 0.01 0.01 0 0 0 0 0 0 0 0.01 0
  catch_at[LL1_catchA].2008     	0 0 0 0 0.01 0 0.03 0.07 0.19 0.17 0.11 0.07 0.08 0.09 0.03 0.06 0.04 0 0 0.02 0.01 0 0 0 0 0.01 0 0 0 0.01
  catch_at[LL1_catchA].2009     	0 0 0 0 0 0.01 0.05 0.13 0.2 0.11 0.1 0.13 0.08 0.06 0.04 0.03 0.03 0 0 0 0 0 0 0.01 0.02 0 0 0 0 0
  catch_at[LL1_catchA].2010     	0 0 0 0 0.02 0.01 0.04 0.12 0.16 0.12 0.11 0.07 0.09 0.09 0.05 0.04 0.02 0.01 0.01 0.01 0.02 0 0.01 0 0 0 0 0 0 0
  catch_at[LL1_catchA].N_2000   	100
  catch_at[LL1_catchA].N_2001   	100
  catch_at[LL1_catchA].N_2002   	100
  catch_at[LL1_catchA].N_2003   	100
  catch_at[LL1_catchA].N_2004   	100
  catch_at[LL1_catchA].N_2005   	100
  catch_at[LL1_catchA].N_2006   	100
  catch_at[LL1_catchA].N_2007   	100
  catch_at[LL1_catchA].N_2008   	100
  catch_at[LL1_catchA].N_2009   	100
  catch_at[LL1_catchA].N_2010   	100
  catch_at[LL1_catchA].at_size  	False
  catch_at[LL1_catchA].dist     	multinomial
  catch_at[LL1_catchA].fishery  	LL1
  catch_at[LL1_catchA].max_class	30
  catch_at[LL1_catchA].min_class	1
  catch_at[LL1_catchA].plus_group	True
  catch_at[LL1_catchA].r        	1e-11
  catch_at[LL1_catchA].sexed    	False
  catch_at[LL1_catchA].sum_to_one	True
  catch_at[LL1_catchA].years    	2000 2001 2002 2003 2004 2005 2006 2007 2008 2009 2010
  catch_limit_penalty[1].fishery	LL1
  catch_limit_penalty[1].label  	LL1_Penalty
  catch_limit_penalty[1].log_scale	True
  catch_limit_penalty[1].multiplier	1000
  catch_limit_penalty[2].fishery	LL2
  catch_limit_penalty[2].label  	LL2_Penalty
  catch_limit_penalty[2].log_scale	True
  catch_limit_penalty[2].multiplier	1000
  estimate[1].lower_bound       	5000
  estimate[1].parameter         	initialization.B0
  estimate[1].prior             	uniform
  estimate[1].upper_bound       	5e+05
  estimator                     	Bayes
  fish_tagged_penalty[1].label  	Penalty_Tags2005_R1_LL1
  fish_tagged_penalty[1].multiplier	1
  fish_tagged_penalty[1].tagging_episode	Tags2005_R1_LL1
  fish_tagged_penalty[2].label  	Penalty_Tags2006_R1_LL1
  fish_tagged_penalty[2].multiplier	1
  fish_tagged_penalty[2].tagging_episode	Tags2006_R1_LL1
  fish_tagged_penalty[3].label  	Penalty_Tags2007_R1_LL1
  fish_tagged_penalty[3].multiplier	1
  fish_tagged_penalty[3].tagging_episode	Tags2007_R1_LL1
  fish_tagged_penalty[4].label  	Penalty_Tags2008_R1_LL1
  fish_tagged_penalty[4].multiplier	1
  fish_tagged_penalty[4].tagging_episode	Tags2008_R1_LL1
  fish_tagged_penalty[5].label  	Penalty_Tags2009_R1_LL1
  fish_tagged_penalty[5].multiplier	1
  fish_tagged_penalty[5].tagging_episode	Tags2009_R1_LL1
  grad_tol                      	0.001
  max_evals                     	10000
  max_iters                     	1600
  profile[1].l                  	40000
  profile[1].n                  	11
  profile[1].parameter          	initialization.B0
  profile[1].u                  	130000
  q_method                      	nuisance
  tag_recapture[Tags2005_R1_R1].area	R1
  tag_recapture[Tags2005_R1_R1].class_mins	100 150 200 250 300 350 400 450 500 550 600 650 700 750 800 850 900 950 1000 1050 1100 1150 1200 1250 1300 1350 1400 1450 1500 1550 1600 1650 1700 1750 1800 1850 1900 1950 2000 2050
  tag_recapture[Tags2005_R1_R1].detection_probability	1
  tag_recapture[Tags2005_R1_R1].dispersion	1
  tag_recapture[Tags2005_R1_R1].do_bootstrap	True
  tag_recapture[Tags2005_R1_R1].plus_group	False
  tag_recapture[Tags2005_R1_R1].proportion_mortality	0.5
  tag_recapture[Tags2005_R1_R1].r	1e-11
  tag_recapture[Tags2005_R1_R1].recaptured_2006	0 0 0 0 0 0 0 0 0 2 1 16 20 26 21 18 23 13 7 6 3 1 2 0 1 0 1 0 0 0 0 0 0 0 0 0 0 0 0
  tag_recapture[Tags2005_R1_R1].recaptured_2007	0 0 0 0 0 0 0 0 0 0 1 10 10 22 14 19 9 12 8 5 2 2 1 0 0 0 0 0 0 0 0 0 0 0 0 0 0 0 0
  tag_recapture[Tags2005_R1_R1].recaptured_2008	0 0 0 0 0 0 0 0 0 0 0 5 14 14 16 20 18 15 8 6 5 0 0 0 2 0 0 0 0 0 0 0 0 0 0 0 0 0 0
  tag_recapture[Tags2005_R1_R1].recaptured_2009	0 0 0 0 0 0 0 0 0 0 0 0 5 7 11 16 19 14 7 2 4 4 2 0 1 1 0 0 0 0 0 0 0 0 0 0 0 0 0
  tag_recapture[Tags2005_R1_R1].recaptured_2010	0 0 0 0 0 0 0 0 0 0 0 0 4 5 14 11 11 12 1 7 5 2 1 0 3 0 2 0 0 0 0 0 0 0 0 0 0 0 0
  tag_recapture[Tags2005_R1_R1].sample	size
  tag_recapture[Tags2005_R1_R1].scanned_2006	0 0 0 2 28 320 2302 11502 39770 96806 173902 243624 277690 266092 224820 178122 136978 101584 71958 49292 33518 23134 16316 11662 8346 5944 4222 2988 2086 1406 896 530 286 140 62 24 8 2 0
  tag_recapture[Tags2005_R1_R1].scanned_2007	0 0 0 2 28 344 2442 11568 39724 99366 181960 252416 280488 265182 224010 176300 134278 100438 72920 50898 34514 23278 15942 11162 7944 5686 4062 2880 2006 1350 862 512 278 138 62 24 8 2 0
  tag_recapture[Tags2005_R1_R1].scanned_2008	0 0 0 2 28 344 2602 12332 40170 97884 182308 260086 291620 271378 224512 174626 131756 97934 71728 51120 35200 23658 15864 10828 7580 5410 3886 2772 1934 1300 826 490 266 132 58 24 8 2 0
  tag_recapture[Tags2005_R1_R1].scanned_2009	0 0 0 2 28 338 2596 13080 43468 101422 180382 255904 293398 278302 229716 175798 130724 96182 70174 50456 35360 24054 16060 10754 7362 5182 3714 2662 1866 1256 798 470 254 126 56 22 8 2 0
  tag_recapture[Tags2005_R1_R1].scanned_2010	0 0 0 2 30 342 2546 12914 45438 110634 193100 259840 288924 275666 231594 178066 131090 95240 68874 49434 34952 24134 16262 10830 7284 5028 3564 2550 1794 1212 770 454 246 120 54 22 8 2 0
  tag_recapture[Tags2005_R1_R1].step	1
  tag_recapture[Tags2005_R1_R1].tag_name	Tags2005_R1
  tag_recapture[Tags2005_R1_R1].years	2006 2007 2008 2009 2010
  tag_recapture[Tags2006_R1_R1].area	R1
  tag_recapture[Tags2006_R1_R1].class_mins	100 150 200 250 300 350 400 450 500 550 600 650 700 750 800 850 900 950 1000 1050 1100 1150 1200 1250 1300 1350 1400 1450 1500 1550 1600 1650 1700 1750 1800 1850 1900 1950 2000 2050
  tag_recapture[Tags2006_R1_R1].detection_probability	1
  tag_recapture[Tags2006_R1_R1].dispersion	1
  tag_recapture[Tags2006_R1_R1].do_bootstrap	True
  tag_recapture[Tags2006_R1_R1].plus_group	False
  tag_recapture[Tags2006_R1_R1].proportion_mortality	0.5
  tag_recapture[Tags2006_R1_R1].r	1e-11
  tag_recapture[Tags2006_R1_R1].recaptured_2007	0 0 0 0 0 0 0 0 0 0 5 14 23 22 26 24 20 16 7 6 3 1 0 0 0 2 0 0 0 0 0 0 0 0 0 0 0 0 0
  tag_recapture[Tags2006_R1_R1].recaptured_2008	0 0 0 0 0 0 0 0 0 0 1 3 15 20 23 17 17 13 8 8 1 0 0 0 0 0 0 0 0 0 0 0 0 0 0 0 0 0 0
  tag_recapture[Tags2006_R1_R1].recaptured_2009	0 0 0 0 0 0 0 0 0 0 0 0 8 15 27 21 14 10 11 7 5 3 2 1 0 0 0 0 0 0 0 0 0 0 0 0 0 0 0
  tag_recapture[Tags2006_R1_R1].recaptured_2010	0 0 0 0 0 0 0 0 0 0 0 1 6 7 7 9 11 17 8 5 3 0 0 0 0 0 0 0 0 0 0 0 0 0 0 0 0 0 0
  tag_recapture[Tags2006_R1_R1].sample	size
  tag_recapture[Tags2006_R1_R1].scanned_2007	0 0 0 2 28 344 2442 11568 39724 99366 181960 252416 280488 265182 224010 176300 134278 100438 72920 50898 34514 23278 15942 11162 7944 5686 4062 2880 2006 1350 862 512 278 138 62 24 8 2 0
  tag_recapture[Tags2006_R1_R1].scanned_2008	0 0 0 2 28 344 2602 12332 40170 97884 182308 260086 291620 271378 224512 174626 131756 97934 71728 51120 35200 23658 15864 10828 7580 5410 3886 2772 1934 1300 826 490 266 132 58 24 8 2 0
  tag_recapture[Tags2006_R1_R1].scanned_2009	0 0 0 2 28 338 2596 13080 43468 101422 180382 255904 293398 278302 229716 175798 130724 96182 70174 50456 35360 24054 16060 10754 7362 5182 3714 2662 1866 1256 798 470 254 126 56 22 8 2 0
  tag_recapture[Tags2006_R1_R1].scanned_2010	0 0 0 2 30 342 2546 12914 45438 110634 193100 259840 288924 275666 231594 178066 131090 95240 68874 49434 34952 24134 16262 10830 7284 5028 3564 2550 1794 1212 770 454 246 120 54 22 8 2 0
  tag_recapture[Tags2006_R1_R1].step	1
  tag_recapture[Tags2006_R1_R1].tag_name	Tags2006_R1
  tag_recapture[Tags2006_R1_R1].years	2007 2008 2009 2010
  tag_recapture[Tags2007_R1_R1].area	R1
  tag_recapture[Tags2007_R1_R1].class_mins	100 150 200 250 300 350 400 450 500 550 600 650 700 750 800 850 900 950 1000 1050 1100 1150 1200 1250 1300 1350 1400 1450 1500 1550 1600 1650 1700 1750 1800 1850 1900 1950 2000 2050
  tag_recapture[Tags2007_R1_R1].detection_probability	1
  tag_recapture[Tags2007_R1_R1].dispersion	1
  tag_recapture[Tags2007_R1_R1].do_bootstrap	True
  tag_recapture[Tags2007_R1_R1].plus_group	False
  tag_recapture[Tags2007_R1_R1].proportion_mortality	0.5
  tag_recapture[Tags2007_R1_R1].r	1e-11
  tag_recapture[Tags2007_R1_R1].recaptured_2008	0 0 0 0 0 0 0 0 0 1 5 6 22 25 26 24 11 12 7 6 3 4 0 1 0 0 0 0 0 0 0 0 0 0 0 0 0 0 0
  tag_recapture[Tags2007_R1_R1].recaptured_2009	0 0 0 0 0 0 0 0 0 0 0 14 17 17 15 21 14 11 5 6 5 4 0 2 1 0 0 0 0 0 0 0 0 0 0 0 0 0 0
  tag_recapture[Tags2007_R1_R1].recaptured_2010	0 0 0 0 0 0 0 0 0 0 0 2 7 17 20 20 14 16 13 5 3 2 3 0 0 0 0 0 0 0 0 0 0 0 0 0 0 0 0
  tag_recapture[Tags2007_R1_R1].sample	size
  tag_recapture[Tags2007_R1_R1].scanned_2008	0 0 0 2 28 344 2602 12332 40170 97884 182308 260086 291620 271378 224512 174626 131756 97934 71728 51120 35200 23658 15864 10828 7580 5410 3886 2772 1934 1300 826 490 266 132 58 24 8 2 0
  tag_recapture[Tags2007_R1_R1].scanned_2009	0 0 0 2 28 338 2596 13080 43468 101422 180382 255904 293398 278302 229716 175798 130724 96182 70174 50456 35360 24054 16060 10754 7362 5182 3714 2662 1866 1256 798 470 254 126 56 22 8 2 0
  tag_recapture[Tags2007_R1_R1].scanned_2010	0 0 0 2 30 342 2546 12914 45438 110634 193100 259840 288924 275666 231594 178066 131090 95240 68874 49434 34952 24134 16262 10830 7284 5028 3564 2550 1794 1212 770 454 246 120 54 22 8 2 0
  tag_recapture[Tags2007_R1_R1].step	1
  tag_recapture[Tags2007_R1_R1].tag_name	Tags2007_R1
  tag_recapture[Tags2007_R1_R1].years	2008 2009 2010
  tag_recapture[Tags2008_R1_R1].area	R1
  tag_recapture[Tags2008_R1_R1].class_mins	100 150 200 250 300 350 400 450 500 550 600 650 700 750 800 850 900 950 1000 1050 1100 1150 1200 1250 1300 1350 1400 1450 1500 1550 1600 1650 1700 1750 1800 1850 1900 1950 2000 2050
  tag_recapture[Tags2008_R1_R1].detection_probability	1
  tag_recapture[Tags2008_R1_R1].dispersion	1
  tag_recapture[Tags2008_R1_R1].do_bootstrap	True
  tag_recapture[Tags2008_R1_R1].plus_group	False
  tag_recapture[Tags2008_R1_R1].proportion_mortality	0.5
  tag_recapture[Tags2008_R1_R1].r	1e-11
  tag_recapture[Tags2008_R1_R1].recaptured_2009	0 0 0 0 0 0 0 0 0 2 4 8 22 40 22 20 15 18 7 5 2 1 1 2 0 0 0 0 0 0 0 0 0 0 0 0 0 0 0
  tag_recapture[Tags2008_R1_R1].recaptured_2010	0 0 0 0 0 0 0 0 0 0 3 9 13 28 25 26 14 6 4 3 3 3 1 0 0 0 0 0 0 0 0 0 0 0 0 0 0 0 0
  tag_recapture[Tags2008_R1_R1].sample	size
  tag_recapture[Tags2008_R1_R1].scanned_2009	0 0 0 2 28 338 2596 13080 43468 101422 180382 255904 293398 278302 229716 175798 130724 96182 70174 50456 35360 24054 16060 10754 7362 5182 3714 2662 1866 1256 798 470 254 126 56 22 8 2 0
  tag_recapture[Tags2008_R1_R1].scanned_2010	0 0 0 2 30 342 2546 12914 45438 110634 193100 259840 288924 275666 231594 178066 131090 95240 68874 49434 34952 24134 16262 10830 7284 5028 3564 2550 1794 1212 770 454 246 120 54 22 8 2 0
  tag_recapture[Tags2008_R1_R1].step	1
  tag_recapture[Tags2008_R1_R1].tag_name	Tags2008_R1
  tag_recapture[Tags2008_R1_R1].years	2009 2010
  tag_recapture[Tags2009_R1_R1].area	R1
  tag_recapture[Tags2009_R1_R1].class_mins	100 150 200 250 300 350 400 450 500 550 600 650 700 750 800 850 900 950 1000 1050 1100 1150 1200 1250 1300 1350 1400 1450 1500 1550 1600 1650 1700 1750 1800 1850 1900 1950 2000 2050
  tag_recapture[Tags2009_R1_R1].detection_probability	1
  tag_recapture[Tags2009_R1_R1].dispersion	1
  tag_recapture[Tags2009_R1_R1].do_bootstrap	True
  tag_recapture[Tags2009_R1_R1].plus_group	False
  tag_recapture[Tags2009_R1_R1].proportion_mortality	0.5
  tag_recapture[Tags2009_R1_R1].r	1e-11
  tag_recapture[Tags2009_R1_R1].recaptured_2010	0 0 0 0 0 0 0 0 0 5 4 12 26 23 31 18 8 12 10 6 4 1 2 1 0 0 1 0 0 0 0 0 0 0 0 0 0 0 0
  tag_recapture[Tags2009_R1_R1].sample	size
  tag_recapture[Tags2009_R1_R1].scanned_2010	0 0 0 2 30 342 2546 12914 45438 110634 193100 259840 288924 275666 231594 178066 131090 95240 68874 49434 34952 24134 16262 10830 7284 5028 3564 2550 1794 1212 770 454 246 120 54 22 8 2 0
  tag_recapture[Tags2009_R1_R1].step	1
  tag_recapture[Tags2009_R1_R1].tag_name	Tags2009_R1
  tag_recapture[Tags2009_R1_R1].years	2010
  vector_average_penalty[1].k   	1
  vector_average_penalty[1].label	meanYCS_1
  vector_average_penalty[1].multiplier	100
  vector_average_penalty[1].vector	recruitment.YCS
Stored as DOUBLEs: 
Stored as VECTORs: 
Stored as OGIVEs: 

Population parameters:
Stored as strings: 
  annual_cycle.M_props          	1
  annual_cycle.aging_time       	1
  annual_cycle.baranov          	False
  annual_cycle.fishery_areas    	R1
  annual_cycle.fishery_names    	LL1 LL2
  annual_cycle.fishery_times    	1 1
  annual_cycle.growth_props     	0
  annual_cycle.migrate_from     	R1
  annual_cycle.migrate_to       	R2
  annual_cycle.migration_names  	MoveRec_1_2
  annual_cycle.migration_times  	1
  annual_cycle.n_migrations     	0
  annual_cycle.recruitment_areas	R1
  annual_cycle.recruitment_time 	1
  annual_cycle.spawning_all_areas	1
  annual_cycle.spawning_p       	1
  annual_cycle.spawning_part_mort	0.5
  annual_cycle.spawning_time    	1
  annual_cycle.spawning_use_total_B	False
  annual_cycle.time_steps       	1
  area_names                    	R1
  current                       	2010
  final                         	2045
  first_random_year             	2007
  fishery[LL1].U_max            	0.95
  fishery[LL1].catches          	0 6000 6000 6000 6000 6000 6000 6000 6000 6000 6000 6000 6000 6000 6000 6000 6000 6000 6000 6000 6000
  fishery[LL1].future_constant_catches	200
  fishery[LL1].selectivity      	SelLL
  fishery[LL1].years            	1990 1991 1992 1993 1994 1995 1996 1997 1998 1999 2000 2001 2002 2003 2004 2005 2006 2007 2008 2009 2010
  fishery[LL2].U_max            	0.95
  fishery[LL2].catches          	0 0 0 0 0 0 0 0 0 0 0 0 0 0 0 0 0 0 0 0 0
  fishery[LL2].future_constant_catches	200
  fishery[LL2].selectivity      	SelLL
  fishery[LL2].years            	1990 1991 1992 1993 1994 1995 1996 1997 1998 1999 2000 2001 2002 2003 2004 2005 2006 2007 2008 2009 2010
  initial                       	1990
  initialization.B0             	448262
  mature_partition              	False
  maturity_props.all            	allvalues  0 0 0 0 0 0 0 0 0 0 0 0.1667 0.3333 0.5 0.6667 0.8333 1 1 1 1 1 1 1 1 1 1 1 1 1 1
  max_age                       	30
  min_age                       	1
  n_areas                       	1
  n_stocks                      	1
  n_tags                        	5
  natural_mortality.all         	0.155
  plus_group                    	True
  randomisation_method          	lognormal
  recruitment.SR                	BH
  recruitment.YCS               	1 1 1 1 1 1 1 1 1 1 1 1 1 1 1 1 1 1 1 1 1
  recruitment.YCS_years         	1989 1990 1991 1992 1993 1994 1995 1996 1997 1998 1999 2000 2001 2002 2003 2004 2005 2006 2007 2008 2009
  recruitment.first_free        	1989
  recruitment.last_free         	2006
  recruitment.p_male            	0.5
  recruitment.rho               	0
  recruitment.sigma_r           	0.6
  recruitment.steepness         	0.7
  recruitment.year_range        	1989 2006
  selectivity[SelLL].all        	double_normal 10 2 10
  selectivity_names             	SelLL
  sex_partition                 	False
  size_at_age.Linf              	2870
  size_at_age.by_length         	True
  size_at_age.cv                	0.1
  size_at_age.k                 	0.02056
  size_at_age.t0                	-4.2897
  size_at_age_dist              	normal
  size_at_age_type              	von_Bert
  size_based                    	False
  size_weight.a                 	2.59e-12
  size_weight.b                 	3.2064
  size_weight.verify_size_weight	500 0.5 1.5
  standardise_YCS               	True
  tag[Tags2005_R1_LL1].area     	R1
  tag[Tags2005_R1_LL1].class_mins	100 150 200 250 300 350 400 450 500 550 600 650 700 750 800 850 900 950 1000 1050 1100 1150 1200 1250 1300 1350 1400 1450 1500 1550 1600 1650 1700 1750 1800 1850 1900 1950 2000 2050
  tag[Tags2005_R1_LL1].mature_only	False
  tag[Tags2005_R1_LL1].mortality	0.1
  tag[Tags2005_R1_LL1].number   	2500
  tag[Tags2005_R1_LL1].ogive    	SelLL
  tag[Tags2005_R1_LL1].plus_group	False
  tag[Tags2005_R1_LL1].props_all	0 0 0 0 0 1e-04 8e-04 0.0048 0.0184 0.0472 0.088 0.1245 0.1388 0.1298 0.1103 0.0896 0.0694 0.0511 0.0362 0.0255 0.0183 0.0135 0.01 0.0073 0.0052 0.0037 0.0025 0.0018 0.0012 8e-04 5e-04 3e-04 2e-04 1e-04 0 0 0 0 0
  tag[Tags2005_R1_LL1].release_type	deterministic
  tag[Tags2005_R1_LL1].sex      	both
  tag[Tags2005_R1_LL1].step     	1
  tag[Tags2005_R1_LL1].tag_name 	Tags2005_R1
  tag[Tags2005_R1_LL1].year     	2005
  tag[Tags2006_R1_LL1].area     	R1
  tag[Tags2006_R1_LL1].class_mins	100 150 200 250 300 350 400 450 500 550 600 650 700 750 800 850 900 950 1000 1050 1100 1150 1200 1250 1300 1350 1400 1450 1500 1550 1600 1650 1700 1750 1800 1850 1900 1950 2000 2050
  tag[Tags2006_R1_LL1].mature_only	False
  tag[Tags2006_R1_LL1].mortality	0.1
  tag[Tags2006_R1_LL1].number   	2500
  tag[Tags2006_R1_LL1].ogive    	SelLL
  tag[Tags2006_R1_LL1].plus_group	False
  tag[Tags2006_R1_LL1].props_all	0 0 0 0 0 2e-04 0.0013 0.0058 0.0198 0.0485 0.0873 0.1222 0.1397 0.1351 0.1154 0.0921 0.0705 0.0511 0.0349 0.023 0.0152 0.0104 0.0075 0.0055 0.0041 0.0031 0.0023 0.0017 0.0012 9e-04 6e-04 3e-04 2e-04 1e-04 0 0 0 0 0
  tag[Tags2006_R1_LL1].release_type	deterministic
  tag[Tags2006_R1_LL1].sex      	both
  tag[Tags2006_R1_LL1].step     	1
  tag[Tags2006_R1_LL1].tag_name 	Tags2006_R1
  tag[Tags2006_R1_LL1].year     	2006
  tag[Tags2007_R1_LL1].area     	R1
  tag[Tags2007_R1_LL1].class_mins	100 150 200 250 300 350 400 450 500 550 600 650 700 750 800 850 900 950 1000 1050 1100 1150 1200 1250 1300 1350 1400 1450 1500 1550 1600 1650 1700 1750 1800 1850 1900 1950 2000 2050
  tag[Tags2007_R1_LL1].mature_only	False
  tag[Tags2007_R1_LL1].mortality	0.1
  tag[Tags2007_R1_LL1].number   	2500
  tag[Tags2007_R1_LL1].ogive    	SelLL
  tag[Tags2007_R1_LL1].plus_group	False
  tag[Tags2007_R1_LL1].props_all	0 0 0 0 0 1e-04 0.0011 0.0056 0.0193 0.0485 0.0889 0.124 0.139 0.1322 0.1118 0.0878 0.0669 0.0504 0.0372 0.0265 0.0183 0.0125 0.0087 0.0062 0.0045 0.0032 0.0024 0.0017 0.0012 8e-04 5e-04 3e-04 2e-04 1e-04 0 0 0 0 0
  tag[Tags2007_R1_LL1].release_type	deterministic
  tag[Tags2007_R1_LL1].sex      	both
  tag[Tags2007_R1_LL1].step     	1
  tag[Tags2007_R1_LL1].tag_name 	Tags2007_R1
  tag[Tags2007_R1_LL1].year     	2007
  tag[Tags2008_R1_LL1].area     	R1
  tag[Tags2008_R1_LL1].class_mins	100 150 200 250 300 350 400 450 500 550 600 650 700 750 800 850 900 950 1000 1050 1100 1150 1200 1250 1300 1350 1400 1450 1500 1550 1600 1650 1700 1750 1800 1850 1900 1950 2000 2050
  tag[Tags2008_R1_LL1].mature_only	False
  tag[Tags2008_R1_LL1].mortality	0.1
  tag[Tags2008_R1_LL1].number   	2500
  tag[Tags2008_R1_LL1].ogive    	SelLL
  tag[Tags2008_R1_LL1].plus_group	False
  tag[Tags2008_R1_LL1].props_all	0 0 0 0 0 1e-04 0.0012 0.0062 0.0205 0.0497 0.0924 0.1328 0.1497 0.1384 0.112 0.0842 0.0614 0.0445 0.0322 0.0228 0.0157 0.0106 0.0073 0.0052 0.0038 0.0029 0.0022 0.0016 0.0011 7e-04 4e-04 3e-04 1e-04 1e-04 0 0 0 0 0
  tag[Tags2008_R1_LL1].release_type	deterministic
  tag[Tags2008_R1_LL1].sex      	both
  tag[Tags2008_R1_LL1].step     	1
  tag[Tags2008_R1_LL1].tag_name 	Tags2008_R1
  tag[Tags2008_R1_LL1].year     	2008
  tag[Tags2009_R1_LL1].area     	R1
  tag[Tags2009_R1_LL1].class_mins	100 150 200 250 300 350 400 450 500 550 600 650 700 750 800 850 900 950 1000 1050 1100 1150 1200 1250 1300 1350 1400 1450 1500 1550 1600 1650 1700 1750 1800 1850 1900 1950 2000 2050
  tag[Tags2009_R1_LL1].mature_only	False
  tag[Tags2009_R1_LL1].mortality	0.1
  tag[Tags2009_R1_LL1].number   	2500
  tag[Tags2009_R1_LL1].ogive    	SelLL
  tag[Tags2009_R1_LL1].plus_group	False
  tag[Tags2009_R1_LL1].props_all	0 0 0 0 0 1e-04 0.0012 0.0063 0.0213 0.0502 0.0897 0.1266 0.1435 0.135 0.1117 0.0864 0.065 0.0482 0.0352 0.0253 0.0178 0.0122 0.0082 0.0055 0.0037 0.0025 0.0017 0.0011 7e-04 4e-04 3e-04 1e-04 1e-04 0 0 0 0 0 0
  tag[Tags2009_R1_LL1].release_type	deterministic
  tag[Tags2009_R1_LL1].sex      	both
  tag[Tags2009_R1_LL1].step     	1
  tag[Tags2009_R1_LL1].tag_name 	Tags2009_R1
  tag[Tags2009_R1_LL1].year     	2009
  tag_growth_loss[Tags2005_R1].nogrowth_period	0
  tag_growth_loss[Tags2006_R1].nogrowth_period	0
  tag_growth_loss[Tags2007_R1].nogrowth_period	0
  tag_growth_loss[Tags2008_R1].nogrowth_period	0
  tag_growth_loss[Tags2009_R1].nogrowth_period	0
  tag_loss_props                	1
  tag_names                     	Tags2005_R1 Tags2006_R1 Tags2007_R1 Tags2008_R1 Tags2009_R1
  tag_shedding_rate             	0.0084 0.0084 0.0084 0.0084 0.0084
  y_enter                       	1
Stored as DOUBLEs: 
Stored as VECTORs: 
Stored as OGIVEs: 

Output parameters:
Stored as strings: 
  n_projections                 	100
  numbers_at[Numbers_at_age_R1].area	R1
  numbers_at[Numbers_at_age_R1].proportion_mortality	0.5
  numbers_at[Numbers_at_age_R1].step	1
  numbers_at[Numbers_at_age_R1].years	1990 1991 1992 1993 1994 1995 1996 1997 1998 1999 2000 2001 2002 2003 2004 2005 2006 2007 2008 2009 2010
  print.covariance              	true
  print.estimation_section      	true
  print.final_state             	false
  print.fits                    	true
  print.fits_every_eval         	false
  print.initial_state           	false
  print.normalised_resids       	true
  print.objective_every_eval    	false
  print.parameter_vector_every_eval	false
  print.parameters              	true
  print.parameters_every_eval   	false
  print.pearson_resids          	true
  print.requests                	false
  print.resids                  	true
  print.results                 	false
  print.state_annually          	false
  print.state_every_step        	false
  print.unused_parameters       	true
  print.yields                  	true
  quantities.B0                 	true
  quantities.R0                 	true
  quantities.SSBs               	true
  quantities.YCS                	true
  quantities.actual_catches     	false
  quantities.all_free_parameters	true
  quantities.fishing_pressures  	true
  quantities.nuisance_qs        	true
  quantities.recruitments       	true
  quantities.true_YCS           	true
Stored as DOUBLEs: 
Stored as VECTORs: 
Stored as OGIVEs: 

A fish of size 500 cm has a weight of 1.16755 kg in your model. This size-weight scale check assumes that the growth curve is in centimetres, and that the catch is in tonnes.

A fish of size 500 cm has a weight of 1.16755 kg in your model. This size-weight scale check assumes that the growth curve is in centimetres, and that the catch is in tonnes.

Estimation section :

Objective function: Bayes

Minimiser convergence threshold: 0.001


Observations:

The observations are:
LL1_catchA
Tags2005_R1_R1
Tags2006_R1_R1
Tags2007_R1_R1
Tags2008_R1_R1
Tags2009_R1_R1
Fits follow:

LL1_catchA :
catch proportions-at-age for fishery LL1  with ageing error (constrained to sum to 1):
obs (last class is a plus group):
class 1       2       3       4       5       6       7       8       9       10      11      12      13      14      15      16      17      18      19      20      21      22      23      24      25      26      27      28      29      30      
2000 0       0       0       0       0       0.04    0.01    0.16    0.16    0.16    0.1     0.1     0.02    0.05    0.04    0.06    0.02    0.01    0       0.02    0.01    0.02    0       0       0       0       0       0.01    0       0.01    
2001 0       0       0       0       0.01    0.02    0.04    0.14    0.11    0.2     0.12    0.08    0.1     0.05    0.04    0.03    0.03    0       0       0       0.01    0       0       0.01    0       0.01    0       0       0       0       
2002 0       0       0       0       0       0.03    0.05    0.11    0.14    0.11    0.12    0.11    0.03    0.06    0.07    0.06    0.03    0       0.03    0.01    0.01    0.01    0.01    0       0.01    0       0       0       0       0       
2003 0       0       0       0       0       0.05    0.05    0.05    0.2     0.15    0.11    0.09    0.1     0.06    0.03    0.06    0.01    0.01    0       0       0       0       0.01    0       0.01    0.01    0       0       0       0       
2004 0       0       0       0       0.02    0.04    0.01    0.14    0.15    0.16    0.11    0.1     0.09    0.06    0.02    0.02    0.02    0.01    0       0.01    0.02    0       0.01    0       0.01    0       0       0       0       0       
2005 0       0       0       0       0       0.01    0.07    0.11    0.18    0.12    0.14    0.08    0.08    0.06    0.04    0.02    0.03    0.01    0.02    0       0.01    0.01    0       0       0.01    0       0       0       0       0       
2006 0       0       0       0       0       0.06    0.1     0.11    0.17    0.15    0.1     0.08    0.05    0.04    0.03    0.05    0       0       0.02    0.01    0       0.01    0.01    0       0       0       0       0       0       0.01    
2007 0       0       0       0       0.01    0.03    0.06    0.07    0.09    0.11    0.18    0.11    0.07    0.08    0.05    0.06    0.02    0.01    0.02    0.01    0.01    0       0       0       0       0       0       0       0.01    0       
2008 0       0       0       0       0.01    0       0.03    0.07    0.19    0.17    0.11    0.07    0.08    0.09    0.03    0.06    0.04    0       0       0.02    0.01    0       0       0       0       0.01    0       0       0       0.01    
2009 0       0       0       0       0       0.01    0.05    0.13    0.2     0.11    0.1     0.13    0.08    0.06    0.04    0.03    0.03    0       0       0       0       0       0       0.01    0.02    0       0       0       0       0       
2010 0       0       0       0       0.02    0.01    0.04    0.12    0.16    0.12    0.11    0.07    0.09    0.09    0.05    0.04    0.02    0.01    0.01    0.01    0.02    0       0.01    0       0       0       0       0       0       0       
objective function: multinomial likelihood, with delta = 1e-011, N =
100 100 100 100 100 100 100 100 100 100 100 100 100 100 100 100 100 100 100 100 100 100 100 100 100 100 100 100 100 100 
100 100 100 100 100 100 100 100 100 100 100 100 100 100 100 100 100 100 100 100 100 100 100 100 100 100 100 100 100 100 
100 100 100 100 100 100 100 100 100 100 100 100 100 100 100 100 100 100 100 100 100 100 100 100 100 100 100 100 100 100 
100 100 100 100 100 100 100 100 100 100 100 100 100 100 100 100 100 100 100 100 100 100 100 100 100 100 100 100 100 100 
100 100 100 100 100 100 100 100 100 100 100 100 100 100 100 100 100 100 100 100 100 100 100 100 100 100 100 100 100 100 
100 100 100 100 100 100 100 100 100 100 100 100 100 100 100 100 100 100 100 100 100 100 100 100 100 100 100 100 100 100 
100 100 100 100 100 100 100 100 100 100 100 100 100 100 100 100 100 100 100 100 100 100 100 100 100 100 100 100 100 100 
100 100 100 100 100 100 100 100 100 100 100 100 100 100 100 100 100 100 100 100 100 100 100 100 100 100 100 100 100 100 
100 100 100 100 100 100 100 100 100 100 100 100 100 100 100 100 100 100 100 100 100 100 100 100 100 100 100 100 100 100 
100 100 100 100 100 100 100 100 100 100 100 100 100 100 100 100 100 100 100 100 100 100 100 100 100 100 100 100 100 100 
100 100 100 100 100 100 100 100 100 100 100 100 100 100 100 100 100 100 100 100 100 100 100 100 100 100 100 100 100 100 

Tags2005_R1_R1 :
tag-recapture data for tag Tags2005_R1 in years 2006 2007 2008 2009 2010 , step 1, after proportion 0.5 of mortality, with sampling method size, detection probability 1.
Year 2006
class scanned recaptured
100 0 0
150 0 0
200 0 0
250 2 0
300 28 0
350 320 0
400 2302 0
450 11502 0
500 39770 0
550 96806 2
600 173902 1
650 243624 16
700 277690 20
750 266092 26
800 224820 21
850 178122 18
900 136978 23
950 101584 13
1000 71958 7
1050 49292 6
1100 33518 3
1150 23134 1
1200 16316 2
1250 11662 0
1300 8346 1
1350 5944 0
1400 4222 1
1450 2988 0
1500 2086 0
1550 1406 0
1600 896 0
1650 530 0
1700 286 0
1750 140 0
1800 62 0
1850 24 0
1900 8 0
1950 2 0
2000 0 0


Year 2007
class scanned recaptured
100 0 0
150 0 0
200 0 0
250 2 0
300 28 0
350 344 0
400 2442 0
450 11568 0
500 39724 0
550 99366 0
600 181960 1
650 252416 10
700 280488 10
750 265182 22
800 224010 14
850 176300 19
900 134278 9
950 100438 12
1000 72920 8
1050 50898 5
1100 34514 2
1150 23278 2
1200 15942 1
1250 11162 0
1300 7944 0
1350 5686 0
1400 4062 0
1450 2880 0
1500 2006 0
1550 1350 0
1600 862 0
1650 512 0
1700 278 0
1750 138 0
1800 62 0
1850 24 0
1900 8 0
1950 2 0
2000 0 0


Year 2008
class scanned recaptured
100 0 0
150 0 0
200 0 0
250 2 0
300 28 0
350 344 0
400 2602 0
450 12332 0
500 40170 0
550 97884 0
600 182308 0
650 260086 5
700 291620 14
750 271378 14
800 224512 16
850 174626 20
900 131756 18
950 97934 15
1000 71728 8
1050 51120 6
1100 35200 5
1150 23658 0
1200 15864 0
1250 10828 0
1300 7580 2
1350 5410 0
1400 3886 0
1450 2772 0
1500 1934 0
1550 1300 0
1600 826 0
1650 490 0
1700 266 0
1750 132 0
1800 58 0
1850 24 0
1900 8 0
1950 2 0
2000 0 0


Year 2009
class scanned recaptured
100 0 0
150 0 0
200 0 0
250 2 0
300 28 0
350 338 0
400 2596 0
450 13080 0
500 43468 0
550 101422 0
600 180382 0
650 255904 0
700 293398 5
750 278302 7
800 229716 11
850 175798 16
900 130724 19
950 96182 14
1000 70174 7
1050 50456 2
1100 35360 4
1150 24054 4
1200 16060 2
1250 10754 0
1300 7362 1
1350 5182 1
1400 3714 0
1450 2662 0
1500 1866 0
1550 1256 0
1600 798 0
1650 470 0
1700 254 0
1750 126 0
1800 56 0
1850 22 0
1900 8 0
1950 2 0
2000 0 0


Year 2010
class scanned recaptured
100 0 0
150 0 0
200 0 0
250 2 0
300 30 0
350 342 0
400 2546 0
450 12914 0
500 45438 0
550 110634 0
600 193100 0
650 259840 0
700 288924 4
750 275666 5
800 231594 14
850 178066 11
900 131090 11
950 95240 12
1000 68874 1
1050 49434 7
1100 34952 5
1150 24134 2
1200 16262 1
1250 10830 0
1300 7284 3
1350 5028 0
1400 3564 2
1450 2550 0
1500 1794 0
1550 1212 0
1600 770 0
1650 454 0
1700 246 0
1750 120 0
1800 54 0
1850 22 0
1900 8 0
1950 2 0
2000 0 0


Tags2006_R1_R1 :
tag-recapture data for tag Tags2006_R1 in years 2007 2008 2009 2010 , step 1, after proportion 0.5 of mortality, with sampling method size, detection probability 1.
Year 2007
class scanned recaptured
100 0 0
150 0 0
200 0 0
250 2 0
300 28 0
350 344 0
400 2442 0
450 11568 0
500 39724 0
550 99366 0
600 181960 5
650 252416 14
700 280488 23
750 265182 22
800 224010 26
850 176300 24
900 134278 20
950 100438 16
1000 72920 7
1050 50898 6
1100 34514 3
1150 23278 1
1200 15942 0
1250 11162 0
1300 7944 0
1350 5686 2
1400 4062 0
1450 2880 0
1500 2006 0
1550 1350 0
1600 862 0
1650 512 0
1700 278 0
1750 138 0
1800 62 0
1850 24 0
1900 8 0
1950 2 0
2000 0 0


Year 2008
class scanned recaptured
100 0 0
150 0 0
200 0 0
250 2 0
300 28 0
350 344 0
400 2602 0
450 12332 0
500 40170 0
550 97884 0
600 182308 1
650 260086 3
700 291620 15
750 271378 20
800 224512 23
850 174626 17
900 131756 17
950 97934 13
1000 71728 8
1050 51120 8
1100 35200 1
1150 23658 0
1200 15864 0
1250 10828 0
1300 7580 0
1350 5410 0
1400 3886 0
1450 2772 0
1500 1934 0
1550 1300 0
1600 826 0
1650 490 0
1700 266 0
1750 132 0
1800 58 0
1850 24 0
1900 8 0
1950 2 0
2000 0 0


Year 2009
class scanned recaptured
100 0 0
150 0 0
200 0 0
250 2 0
300 28 0
350 338 0
400 2596 0
450 13080 0
500 43468 0
550 101422 0
600 180382 0
650 255904 0
700 293398 8
750 278302 15
800 229716 27
850 175798 21
900 130724 14
950 96182 10
1000 70174 11
1050 50456 7
1100 35360 5
1150 24054 3
1200 16060 2
1250 10754 1
1300 7362 0
1350 5182 0
1400 3714 0
1450 2662 0
1500 1866 0
1550 1256 0
1600 798 0
1650 470 0
1700 254 0
1750 126 0
1800 56 0
1850 22 0
1900 8 0
1950 2 0
2000 0 0


Year 2010
class scanned recaptured
100 0 0
150 0 0
200 0 0
250 2 0
300 30 0
350 342 0
400 2546 0
450 12914 0
500 45438 0
550 110634 0
600 193100 0
650 259840 1
700 288924 6
750 275666 7
800 231594 7
850 178066 9
900 131090 11
950 95240 17
1000 68874 8
1050 49434 5
1100 34952 3
1150 24134 0
1200 16262 0
1250 10830 0
1300 7284 0
1350 5028 0
1400 3564 0
1450 2550 0
1500 1794 0
1550 1212 0
1600 770 0
1650 454 0
1700 246 0
1750 120 0
1800 54 0
1850 22 0
1900 8 0
1950 2 0
2000 0 0


Tags2007_R1_R1 :
tag-recapture data for tag Tags2007_R1 in years 2008 2009 2010 , step 1, after proportion 0.5 of mortality, with sampling method size, detection probability 1.
Year 2008
class scanned recaptured
100 0 0
150 0 0
200 0 0
250 2 0
300 28 0
350 344 0
400 2602 0
450 12332 0
500 40170 0
550 97884 1
600 182308 5
650 260086 6
700 291620 22
750 271378 25
800 224512 26
850 174626 24
900 131756 11
950 97934 12
1000 71728 7
1050 51120 6
1100 35200 3
1150 23658 4
1200 15864 0
1250 10828 1
1300 7580 0
1350 5410 0
1400 3886 0
1450 2772 0
1500 1934 0
1550 1300 0
1600 826 0
1650 490 0
1700 266 0
1750 132 0
1800 58 0
1850 24 0
1900 8 0
1950 2 0
2000 0 0


Year 2009
class scanned recaptured
100 0 0
150 0 0
200 0 0
250 2 0
300 28 0
350 338 0
400 2596 0
450 13080 0
500 43468 0
550 101422 0
600 180382 0
650 255904 14
700 293398 17
750 278302 17
800 229716 15
850 175798 21
900 130724 14
950 96182 11
1000 70174 5
1050 50456 6
1100 35360 5
1150 24054 4
1200 16060 0
1250 10754 2
1300 7362 1
1350 5182 0
1400 3714 0
1450 2662 0
1500 1866 0
1550 1256 0
1600 798 0
1650 470 0
1700 254 0
1750 126 0
1800 56 0
1850 22 0
1900 8 0
1950 2 0
2000 0 0


Year 2010
class scanned recaptured
100 0 0
150 0 0
200 0 0
250 2 0
300 30 0
350 342 0
400 2546 0
450 12914 0
500 45438 0
550 110634 0
600 193100 0
650 259840 2
700 288924 7
750 275666 17
800 231594 20
850 178066 20
900 131090 14
950 95240 16
1000 68874 13
1050 49434 5
1100 34952 3
1150 24134 2
1200 16262 3
1250 10830 0
1300 7284 0
1350 5028 0
1400 3564 0
1450 2550 0
1500 1794 0
1550 1212 0
1600 770 0
1650 454 0
1700 246 0
1750 120 0
1800 54 0
1850 22 0
1900 8 0
1950 2 0
2000 0 0


Tags2008_R1_R1 :
tag-recapture data for tag Tags2008_R1 in years 2009 2010 , step 1, after proportion 0.5 of mortality, with sampling method size, detection probability 1.
Year 2009
class scanned recaptured
100 0 0
150 0 0
200 0 0
250 2 0
300 28 0
350 338 0
400 2596 0
450 13080 0
500 43468 0
550 101422 2
600 180382 4
650 255904 8
700 293398 22
750 278302 40
800 229716 22
850 175798 20
900 130724 15
950 96182 18
1000 70174 7
1050 50456 5
1100 35360 2
1150 24054 1
1200 16060 1
1250 10754 2
1300 7362 0
1350 5182 0
1400 3714 0
1450 2662 0
1500 1866 0
1550 1256 0
1600 798 0
1650 470 0
1700 254 0
1750 126 0
1800 56 0
1850 22 0
1900 8 0
1950 2 0
2000 0 0


Year 2010
class scanned recaptured
100 0 0
150 0 0
200 0 0
250 2 0
300 30 0
350 342 0
400 2546 0
450 12914 0
500 45438 0
550 110634 0
600 193100 3
650 259840 9
700 288924 13
750 275666 28
800 231594 25
850 178066 26
900 131090 14
950 95240 6
1000 68874 4
1050 49434 3
1100 34952 3
1150 24134 3
1200 16262 1
1250 10830 0
1300 7284 0
1350 5028 0
1400 3564 0
1450 2550 0
1500 1794 0
1550 1212 0
1600 770 0
1650 454 0
1700 246 0
1750 120 0
1800 54 0
1850 22 0
1900 8 0
1950 2 0
2000 0 0


Tags2009_R1_R1 :
tag-recapture data for tag Tags2009_R1 in years 2010 , step 1, after proportion 0.5 of mortality, with sampling method size, detection probability 1.
Year 2010
class scanned recaptured
100 0 0
150 0 0
200 0 0
250 2 0
300 30 0
350 342 0
400 2546 0
450 12914 0
500 45438 0
550 110634 5
600 193100 4
650 259840 12
700 288924 26
750 275666 23
800 231594 31
850 178066 18
900 131090 8
950 95240 12
1000 68874 10
1050 49434 6
1100 34952 4
1150 24134 1
1200 16262 2
1250 10830 1
1300 7284 0
1350 5028 0
1400 3564 1
1450 2550 0
1500 1794 0
1550 1212 0
1600 770 0
1650 454 0
1700 246 0
1750 120 0
1800 54 0
1850 22 0
1900 8 0
1950 2 0
2000 0 0



Ageing_error:
  Misclassification matrix:
1 0 0 0 0 0 0 0 0 0 0 0 0 0 0 0 0 0 0 0 0 0 0 0 0 0 0 0 0 0 
0 1 0 0 0 0 0 0 0 0 0 0 0 0 0 0 0 0 0 0 0 0 0 0 0 0 0 0 0 0 
0 0 1 0 0 0 0 0 0 0 0 0 0 0 0 0 0 0 0 0 0 0 0 0 0 0 0 0 0 0 
0 0 0 1 0 0 0 0 0 0 0 0 0 0 0 0 0 0 0 0 0 0 0 0 0 0 0 0 0 0 
0 0 0 0 1 0 0 0 0 0 0 0 0 0 0 0 0 0 0 0 0 0 0 0 0 0 0 0 0 0 
0 0 0 0 0 1 0 0 0 0 0 0 0 0 0 0 0 0 0 0 0 0 0 0 0 0 0 0 0 0 
0 0 0 0 0 0 1 0 0 0 0 0 0 0 0 0 0 0 0 0 0 0 0 0 0 0 0 0 0 0 
0 0 0 0 0 0 0 1 0 0 0 0 0 0 0 0 0 0 0 0 0 0 0 0 0 0 0 0 0 0 
0 0 0 0 0 0 0 0 1 0 0 0 0 0 0 0 0 0 0 0 0 0 0 0 0 0 0 0 0 0 
0 0 0 0 0 0 0 0 0 1 0 0 0 0 0 0 0 0 0 0 0 0 0 0 0 0 0 0 0 0 
0 0 0 0 0 0 0 0 0 0 1 0 0 0 0 0 0 0 0 0 0 0 0 0 0 0 0 0 0 0 
0 0 0 0 0 0 0 0 0 0 0 1 0 0 0 0 0 0 0 0 0 0 0 0 0 0 0 0 0 0 
0 0 0 0 0 0 0 0 0 0 0 0 1 0 0 0 0 0 0 0 0 0 0 0 0 0 0 0 0 0 
0 0 0 0 0 0 0 0 0 0 0 0 0 1 0 0 0 0 0 0 0 0 0 0 0 0 0 0 0 0 
0 0 0 0 0 0 0 0 0 0 0 0 0 0 1 0 0 0 0 0 0 0 0 0 0 0 0 0 0 0 
0 0 0 0 0 0 0 0 0 0 0 0 0 0 0 1 0 0 0 0 0 0 0 0 0 0 0 0 0 0 
0 0 0 0 0 0 0 0 0 0 0 0 0 0 0 0 1 0 0 0 0 0 0 0 0 0 0 0 0 0 
0 0 0 0 0 0 0 0 0 0 0 0 0 0 0 0 0 1 0 0 0 0 0 0 0 0 0 0 0 0 
0 0 0 0 0 0 0 0 0 0 0 0 0 0 0 0 0 0 1 0 0 0 0 0 0 0 0 0 0 0 
0 0 0 0 0 0 0 0 0 0 0 0 0 0 0 0 0 0 0 1 0 0 0 0 0 0 0 0 0 0 
0 0 0 0 0 0 0 0 0 0 0 0 0 0 0 0 0 0 0 0 1 0 0 0 0 0 0 0 0 0 
0 0 0 0 0 0 0 0 0 0 0 0 0 0 0 0 0 0 0 0 0 1 0 0 0 0 0 0 0 0 
0 0 0 0 0 0 0 0 0 0 0 0 0 0 0 0 0 0 0 0 0 0 1 0 0 0 0 0 0 0 
0 0 0 0 0 0 0 0 0 0 0 0 0 0 0 0 0 0 0 0 0 0 0 1 0 0 0 0 0 0 
0 0 0 0 0 0 0 0 0 0 0 0 0 0 0 0 0 0 0 0 0 0 0 0 1 0 0 0 0 0 
0 0 0 0 0 0 0 0 0 0 0 0 0 0 0 0 0 0 0 0 0 0 0 0 0 1 0 0 0 0 
0 0 0 0 0 0 0 0 0 0 0 0 0 0 0 0 0 0 0 0 0 0 0 0 0 0 1 0 0 0 
0 0 0 0 0 0 0 0 0 0 0 0 0 0 0 0 0 0 0 0 0 0 0 0 0 0 0 1 0 0 
0 0 0 0 0 0 0 0 0 0 0 0 0 0 0 0 0 0 0 0 0 0 0 0 0 0 0 0 1 0 
0 0 0 0 0 0 0 0 0 0 0 0 0 0 0 0 0 0 0 0 0 0 0 0 0 0 0 0 0 1 

Free parameters:

initialization.B0
uniform: bounds from 5000 to 500000
current value: 448262
lower bound: 5000
upper bound: 500000


Q's:
qs are nuisance parameters

Penalties:
LL1_Penalty :
Catch limit penalty of 1000 x the sum of squares of (log(actual catch) - log(specified catch)) for fishery LL1 to disencourage breaking exploitation rate limits
LL2_Penalty :
Catch limit penalty of 1000 x the sum of squares of (log(actual catch) - log(specified catch)) for fishery LL2 to disencourage breaking exploitation rate limits
meanYCS_1 :
Vector average penalty of 100 x square of (mean(recruitment.YCS) - 1) 
Penalty_Tags2005_R1_LL1 :
'Fish-must-be-tagged' penalty of 1 x square of (actual number of tagged fish - nominal number of tagged fish) for tagging episode Tags2005_R1_LL1
Penalty_Tags2006_R1_LL1 :
'Fish-must-be-tagged' penalty of 1 x square of (actual number of tagged fish - nominal number of tagged fish) for tagging episode Tags2006_R1_LL1
Penalty_Tags2007_R1_LL1 :
'Fish-must-be-tagged' penalty of 1 x square of (actual number of tagged fish - nominal number of tagged fish) for tagging episode Tags2007_R1_LL1
Penalty_Tags2008_R1_LL1 :
'Fish-must-be-tagged' penalty of 1 x square of (actual number of tagged fish - nominal number of tagged fish) for tagging episode Tags2008_R1_LL1
Penalty_Tags2009_R1_LL1 :
'Fish-must-be-tagged' penalty of 1 x square of (actual number of tagged fish - nominal number of tagged fish) for tagging episode Tags2009_R1_LL1

Components of the objective function are:
  LL1_catchA
  Tags2005_R1_R1
  Tags2006_R1_R1
  Tags2007_R1_R1
  Tags2008_R1_R1
  Tags2009_R1_R1
  prior_on_initialization.B0
  LL1_Penalty
  LL2_Penalty
  meanYCS_1
  Penalty_Tags2005_R1_LL1
  Penalty_Tags2006_R1_LL1
  Penalty_Tags2007_R1_LL1
  Penalty_Tags2008_R1_LL1
  Penalty_Tags2009_R1_LL1

Random number seed : 20627


Minimiser achieved convergence after 6 quasi-Newton iterations using 9 objective function evaluations



Approximate Covariance matrix (Inverse Hessian of parameters at point estimate):
1.29469e+007 

Correlation matrix:
1 

List of parameter names, in the same order as the rows & cols of the covariance/correlation matrices:
initialization.B0 



Start extracting output from here

Point estimate:
initialization.B0
current value: 190819
lower bound: 5000
upper bound: 500000


In a format suitable for -i :

initialization.B0 
190819 

Objective function : 898.332

Components :
LL1_catchA                                         392.049
Tags2005_R1_R1                                     170.51
Tags2006_R1_R1                                     125.811
Tags2007_R1_R1                                     101.371
Tags2008_R1_R1                                     67.5505
Tags2009_R1_R1                                     41.04
prior_on_initialization.B0                         0
LL1_Penalty                                        0
LL2_Penalty                                        0
meanYCS_1                                          0
Penalty_Tags2005_R1_LL1                            2.06795e-025
Penalty_Tags2006_R1_LL1                            1.86116e-024
Penalty_Tags2007_R1_LL1                            8.27181e-025
Penalty_Tags2008_R1_LL1                            1.86116e-024
Penalty_Tags2009_R1_LL1                            1.86116e-024

Fits : 

The observations are:
LL1_catchA
Tags2005_R1_R1
Tags2006_R1_R1
Tags2007_R1_R1
Tags2008_R1_R1
Tags2009_R1_R1
Fits follow:

LL1_catchA :
catch proportions-at-age for fishery LL1  with ageing error (constrained to sum to 1):
obs (last class is a plus group):
class 1       2       3       4       5       6       7       8       9       10      11      12      13      14      15      16      17      18      19      20      21      22      23      24      25      26      27      28      29      30      
2000 0       0       0       0       0       0.04    0.01    0.16    0.16    0.16    0.1     0.1     0.02    0.05    0.04    0.06    0.02    0.01    0       0.02    0.01    0.02    0       0       0       0       0       0.01    0       0.01    
2001 0       0       0       0       0.01    0.02    0.04    0.14    0.11    0.2     0.12    0.08    0.1     0.05    0.04    0.03    0.03    0       0       0       0.01    0       0       0.01    0       0.01    0       0       0       0       
2002 0       0       0       0       0       0.03    0.05    0.11    0.14    0.11    0.12    0.11    0.03    0.06    0.07    0.06    0.03    0       0.03    0.01    0.01    0.01    0.01    0       0.01    0       0       0       0       0       
2003 0       0       0       0       0       0.05    0.05    0.05    0.2     0.15    0.11    0.09    0.1     0.06    0.03    0.06    0.01    0.01    0       0       0       0       0.01    0       0.01    0.01    0       0       0       0       
2004 0       0       0       0       0.02    0.04    0.01    0.14    0.15    0.16    0.11    0.1     0.09    0.06    0.02    0.02    0.02    0.01    0       0.01    0.02    0       0.01    0       0.01    0       0       0       0       0       
2005 0       0       0       0       0       0.01    0.07    0.11    0.18    0.12    0.14    0.08    0.08    0.06    0.04    0.02    0.03    0.01    0.02    0       0.01    0.01    0       0       0.01    0       0       0       0       0       
2006 0       0       0       0       0       0.06    0.1     0.11    0.17    0.15    0.1     0.08    0.05    0.04    0.03    0.05    0       0       0.02    0.01    0       0.01    0.01    0       0       0       0       0       0       0.01    
2007 0       0       0       0       0.01    0.03    0.06    0.07    0.09    0.11    0.18    0.11    0.07    0.08    0.05    0.06    0.02    0.01    0.02    0.01    0.01    0       0       0       0       0       0       0       0.01    0       
2008 0       0       0       0       0.01    0       0.03    0.07    0.19    0.17    0.11    0.07    0.08    0.09    0.03    0.06    0.04    0       0       0.02    0.01    0       0       0       0       0.01    0       0       0       0.01    
2009 0       0       0       0       0       0.01    0.05    0.13    0.2     0.11    0.1     0.13    0.08    0.06    0.04    0.03    0.03    0       0       0       0       0       0       0.01    0.02    0       0       0       0       0       
2010 0       0       0       0       0.02    0.01    0.04    0.12    0.16    0.12    0.11    0.07    0.09    0.09    0.05    0.04    0.02    0.01    0.01    0.01    0.02    0       0.01    0       0       0       0       0       0       0       
fits (last class is a plus group):
class 1       2       3       4       5       6       7       8       9       10      11      12      13      14      15      16      17      18      19      20      21      22      23      24      25      26      27      28      29      30      
2000 4.90399e-007 8.01818e-006 9.26954e-005 0.000757647 0.00437771 0.0178725 0.0514631 0.104033 0.146657 0.143695 0.116656 0.0935189 0.0740872 0.0580437 0.0450132 0.0346191 0.0265108 0.0203257 0.0156309 0.0119679 0.00906129 0.00677917 0.00500784 0.00365004 0.00262317 0.00185772 0.00129585 0.000889984 0.000601661 0.00290221 
2001 4.91853e-007 8.04203e-006 9.29773e-005 0.000760047 0.00439236 0.0179363 0.0516581 0.104441 0.147218 0.144319 0.117157 0.093834 0.0742632 0.0581181 0.0450051 0.0345134 0.0262583 0.019897 0.0150968 0.0114899 0.00870599 0.00652222 0.00482723 0.00352679 0.00254162 0.00180548 0.00126349 0.000870652 0.000590547 0.00288808 
2002 4.93042e-007 8.0612e-006 9.31998e-005 0.000761916 0.00440371 0.0179857 0.0518103 0.104762 0.147663 0.144711 0.117523 0.0941234 0.0744249 0.0581883 0.0450115 0.0344692 0.0261503 0.0196874 0.0147639 0.011087 0.00835085 0.00626119 0.00464053 0.00339699 0.00245399 0.00174812 0.00122712 0.000848353 0.000577347 0.00286688 
2003 4.94058e-007 8.07733e-006 9.33833e-005 0.000763423 0.00441271 0.0180246 0.0519299 0.105016 0.148016 0.145021 0.117727 0.0943262 0.074583 0.0582603 0.0450248 0.0344438 0.0260947 0.0195906 0.0145972 0.0108346 0.00805246 0.00600188 0.00445208 0.0032637 0.00236237 0.00168696 0.00118754 0.000823532 0.000562295 0.00283875 
2004 4.94974e-007 8.09166e-006 9.35433e-005 0.000764706 0.00442016 0.0180562 0.0520257 0.105217 0.148296 0.145265 0.117887 0.0944164 0.074686 0.0583399 0.0450474 0.0344296 0.026058 0.0195365 0.0145167 0.0107062 0.00786502 0.00578455 0.00426571 0.0031298 0.00226875 0.00162334 0.00114557 0.000796684 0.00054566 0.00280387 
2005 4.95841e-007 8.10509e-006 9.36911e-005 0.000765868 0.00442674 0.0180831 0.0521052 0.105381 0.148519 0.145456 0.11801 0.0944839 0.0747101 0.0583845 0.0450822 0.0344274 0.0260332 0.019499 0.0144697 0.0106425 0.00776859 0.00564774 0.00410979 0.00299779 0.002175 0.00155857 0.00110207 0.000768335 0.000527744 0.00276244 
2006 4.96702e-007 8.11833e-006 9.38355e-005 0.000766988 0.00443293 0.0181077 0.0521754 0.105521 0.148702 0.145606 0.1181  0.0945307 0.0747236 0.0583731 0.0450941 0.0344376 0.0260198 0.0194723 0.0144364 0.0106042 0.00771978 0.00557683 0.0040115 0.0028875 0.0020828 0.00149386 0.0010579 0.000739035 0.000508883 0.00271479 
2007 4.97576e-007 8.13171e-006 9.39803e-005 0.000768101 0.00443901 0.0181314 0.0522406 0.105645 0.148858 0.145727 0.118167 0.0945592 0.0747262 0.0583576 0.045066 0.0344326 0.0260176 0.0194554 0.0144119 0.0105766 0.00768992 0.00554041 0.00396024 0.00281787 0.0020058 0.00143029 0.00101382 0.000709313 0.000489414 0.00266127 
2008 4.98475e-007 8.14545e-006 9.41287e-005 0.000769234 0.00444515 0.0181549 0.0523042 0.105763 0.148998 0.145826 0.118214 0.0945724 0.0747179 0.0583362 0.0450367 0.0343986 0.0260049 0.0194475 0.0143951 0.0105558 0.00766803 0.00551777 0.00393361 0.00278138 0.00195713 0.00137723 0.00097056 0.000679682 0.000469682 0.0026024 
2009 4.99407e-007 8.15969e-006 9.42822e-005 0.000770402 0.00445144 0.0181788 0.0523679 0.105878 0.14913 0.145914 0.118248 0.0945732 0.0746995 0.0583079 0.045004 0.0343645 0.0259709 0.0194323 0.0143854 0.0105409 0.00765126 0.00550096 0.00391684 0.00276224 0.00193151 0.00134363 0.000934443 0.000650612 0.000450019 0.00253881 
2010 5.00373e-007 8.17445e-006 9.44413e-005 0.000771612 0.00445793 0.0182034 0.0524327 0.105994 0.14926 0.145995 0.118274 0.0945646 0.0746723 0.0582723 0.0449665 0.0343283 0.0259372 0.0194013 0.0143703 0.0105313 0.00763881 0.00548786 0.00390422 0.00275003 0.00191794 0.00132588 0.000911548 0.000626338 0.000430732 0.00247122 
resids (last class is a plus group):
class 1       2       3       4       5       6       7       8       9       10      11      12      13      14      15      16      17      18      19      20      21      22      23      24      25      26      27      28      29      30      
2000 -4.90399e-007 -8.01818e-006 -9.26954e-005 -0.000757647 -0.00437771 0.0221275 -0.0414631 0.0559667 0.013343 0.0163048 -0.0166559 0.00648107 -0.0540872 -0.00804368 -0.00501317 0.0253809 -0.00651081 -0.0103257 -0.0156309 0.00803206 0.000938705 0.0132208 -0.00500784 -0.00365004 -0.00262317 -0.00185772 -0.00129585 0.00911002 -0.000601661 0.00709779 
2001 -4.91853e-007 -8.04203e-006 -9.29773e-005 -0.000760047 0.00560764 0.00206371 -0.0116581 0.0355591 -0.0372177 0.0556814 0.00284339 -0.013834 0.0257368 -0.00811815 -0.00500506 -0.00451344 0.00374168 -0.019897 -0.0150968 -0.0114899 0.00129401 -0.00652222 -0.00482723 0.00647321 -0.00254162 0.00819452 -0.00126349 -0.000870652 -0.000590547 -0.00288808 
2002 -4.93042e-007 -8.0612e-006 -9.31998e-005 -0.000761916 -0.00440371 0.0120143 -0.00181032 0.00523768 -0.00766349 -0.0347106 0.00247711 0.0158766 -0.0444249 0.00181172 0.0249885 0.0255308 0.00384968 -0.0196874 0.0152361 -0.00108697 0.00164915 0.00373881 0.00535947 -0.00339699 0.00754601 -0.00174812 -0.00122712 -0.000848353 -0.000577347 -0.00286688 
2003 -4.94058e-007 -8.07733e-006 -9.33833e-005 -0.000763423 -0.00441271 0.0319754 -0.00192994 -0.0550157 0.0519837 0.00497896 -0.00772749 -0.00432625 0.025417 0.00173974 -0.0150248 0.0255562 -0.0160947 -0.00959058 -0.0145972 -0.0108346 -0.00805246 -0.00600188 0.00554792 -0.0032637 0.00763763 0.00831304 -0.00118754 -0.000823532 -0.000562295 -0.00283875 
2004 -4.94974e-007 -8.09166e-006 -9.35433e-005 -0.000764706 0.0155798 0.0219438 -0.0420257 0.0347826 0.00170437 0.0147348 -0.0078872 0.00558357 0.015314 0.00166006 -0.0250474 -0.0144296 -0.00605796 -0.00953645 -0.0145167 -0.000706235 0.012135 -0.00578455 0.00573429 -0.0031298 0.00773125 -0.00162334 -0.00114557 -0.000796684 -0.00054566 -0.00280387 
2005 -4.95841e-007 -8.10509e-006 -9.36911e-005 -0.000765868 -0.00442674 -0.00808306 0.0178948 0.00461856 0.0314811 -0.0254564 0.0219905 -0.0144839 0.00528986 0.00161552 -0.00508222 -0.0144274 0.00396682 -0.00949899 0.0055303 -0.0106425 0.00223141 0.00435226 -0.00410979 -0.00299779 0.007825 -0.00155857 -0.00110207 -0.000768335 -0.000527744 -0.00276244 
2006 -4.96702e-007 -8.11833e-006 -9.38355e-005 -0.000766988 -0.00443293 0.0418923 0.0478246 0.00447904 0.0212979 0.00439356 -0.0181005 -0.0145307 -0.0247236 -0.0183731 -0.0150941 0.0155624 -0.0260198 -0.0194723 0.00556365 -0.00060419 -0.00771978 0.00442317 0.0059885 -0.0028875 -0.0020828 -0.00149386 -0.0010579 -0.000739035 -0.000508883 0.00728521 
2007 -4.97576e-007 -8.13171e-006 -9.39803e-005 -0.000768101 0.00556099 0.0118686 0.00775937 -0.0356455 -0.058858 -0.0357267 0.0618333 0.0154408 -0.00472625 0.0216424 0.00493401 0.0255674 -0.00601756 -0.00945535 0.00558815 -0.000576564 0.00231008 -0.00554041 -0.00396024 -0.00281787 -0.0020058 -0.00143029 -0.00101382 -0.000709313 0.00951059 -0.00266127 
2008 -4.98475e-007 -8.14545e-006 -9.41287e-005 -0.000769234 0.00555485 -0.0181549 -0.0223042 -0.0357628 0.0410022 0.0241736 -0.00821426 -0.0245724 0.00528205 0.0316638 -0.0150367 0.0256014 0.0139951 -0.0194475 -0.0143951 0.00944421 0.00233197 -0.00551777 -0.00393361 -0.00278138 -0.00195713 0.00862277 -0.00097056 -0.000679682 -0.000469682 0.0073976 
2009 -4.99407e-007 -8.15969e-006 -9.42822e-005 -0.000770402 -0.00445144 -0.00817881 -0.00236788 0.0241221 0.0508702 -0.0359136 -0.0182483 0.0354268 0.00530052 0.00169215 -0.00500402 -0.00436454 0.00402906 -0.0194323 -0.0143854 -0.0105409 -0.00765126 -0.00550096 -0.00391684 0.00723776 0.0180685 -0.00134363 -0.000934443 -0.000650612 -0.000450019 -0.00253881 
2010 -5.00373e-007 -8.17445e-006 -9.44413e-005 -0.000771612 0.0155421 -0.00820337 -0.0124327 0.0140064 0.0107401 -0.0259951 -0.0082739 -0.0245646 0.0153277 0.0317277 0.00503347 0.00567169 -0.0059372 -0.00940133 -0.00437034 -0.000531254 0.0123612 -0.00548786 0.00609578 -0.00275003 -0.00191794 -0.00132588 -0.000911548 -0.000626338 -0.000430732 -0.00247122 
pearson_resids (last class is a plus group):
class 1       2       3       4       5       6       7       8       9       10      11      12      13      14      15      16      17      18      19      20      21      22      23      24      25      26      27      28      29      30      
2000 -0.00700285 -0.0283165 -0.0962829 -0.275358 -0.663096 1.67015 -1.87667 1.83315 0.377174 0.464816 -0.518861 0.222596 -2.06508 -0.344003 -0.241793 1.38835 -0.405283 -0.731739 -1.26012 0.738639 0.0990628 1.61119 -0.70944 -0.605261 -0.512842 -0.431414 -0.360212 3.05507 -0.245362 1.31944 
2001 -0.00701323 -0.0283586 -0.0964292 -0.275794 0.847982 0.155494 -0.526714 1.1627  -1.05039 1.5845  0.088412 -0.474421 0.981574 -0.346979 -0.241423 -0.247253 0.233998 -1.42481 -1.23807 -1.07812 0.139293 -0.810249 -0.696466 1.09194 -0.504787 1.93028 -0.355681 -0.295197 -0.243083 -0.538186 
2002 -0.00702169 -0.0283924 -0.0965445 -0.276133 -0.665071 0.904011 -0.0816771 0.171028 -0.216015 -0.986632 0.0769187 0.543717 -1.69263 0.0773912 1.20525 1.39948 0.241235 -1.41714 1.26328 -0.103809 0.181224 0.47399 0.788583 -0.583829 1.52516 -0.418471 -0.350518 -0.291389 -0.24035 -0.536201 
2003 -0.00702893 -0.0284208 -0.0966395 -0.276407 -0.665753 2.40343 -0.0869789 -1.79454 1.46385 0.141399 -0.239772 -0.148016 0.967465 0.0742734 -0.724579 1.40137 -1.0096 -0.692018 -1.21711 -1.04658 -0.90099 -0.777053 0.833332 -0.572223 1.57325 2.0257  -0.344811 -0.287091 -0.237194 -0.533557 
2004 -0.00703544 -0.028446 -0.0967223 -0.276639 2.34858 1.648   -1.89238 1.1336  0.0479574 0.418165 -0.244584 0.190952 0.58254 0.070826 -1.20764 -0.791403 -0.380268 -0.689046 -1.2137 -0.0686228 1.37374 -0.762771 0.879858 -0.560323 1.62499 -0.403235 -0.338656 -0.282368 -0.233657 -0.53026 
2005 -0.0070416 -0.0284696 -0.0967987 -0.276849 -0.666815 -0.6066 0.805203 0.15042 0.88526 -0.722044 0.681622 -0.495174 0.201194 0.0689012 -0.244945 -0.791303 0.249119 -0.686985 0.46311 -1.03716 0.254156 0.580775 -0.642398 -0.548344 1.67969 -0.395095 -0.332158 -0.277295 -0.229788 -0.526317 
2006 -0.00704771 -0.0284928 -0.0968733 -0.277052 -0.667284 3.14174 2.15057 0.145791 0.598602 0.124565 -0.560861 -0.496663 -0.940259 -0.783676 -0.72739 0.853436 -1.63447 -1.40922 0.466432 -0.0589861 -0.882034 0.593957 0.94741 -0.538133 -0.456853 -0.386793 -0.325426 -0.271952 -0.225642 1.40012 
2007 -0.00705391 -0.0285163 -0.096948 -0.277253 0.836517 0.889528 0.348717 -1.15964 -1.65356 -1.01257 1.9155  0.527699 -0.17974 0.92324 0.237842 1.4022  -0.378017 -0.684581 0.468879 -0.0563617 0.264449 -0.74641 -0.630554 -0.531586 -0.448312 -0.378463 -0.318567 -0.266424 4.30007 -0.516563 
2008 -0.00706028 -0.0285403 -0.0970245 -0.277457 0.83502 -1.3598 -1.00181 -1.16289 1.15147 0.684936 -0.25442 -0.839729 0.200888 1.35097 -0.725062 1.40474 0.879366 -1.4083 -1.20853 0.924112 0.267333 -0.744875 -0.628422 -0.528123 -0.442828 2.32511 -0.311689 -0.260796 -0.216772 1.45201 
2009 -0.00706688 -0.0285653 -0.0971036 -0.277668 -0.668681 -0.612197 -0.106294 0.783997 1.42807 -1.01733 -0.565133 1.21066 0.201613 0.0722139 -0.241375 -0.239594 0.253323 -1.40774 -1.20811 -1.03214 -0.87808 -0.743733 -0.627076 1.37903 4.11523 -0.366802 -0.30583 -0.255154 -0.212184 -0.504507 
2010 -0.00707371 -0.0285911 -0.0971855 -0.277886 2.33299 -0.613629 -0.557777 0.455004 0.301398 -0.736194 -0.256212 -0.839492 0.58311 1.35439 0.242892 0.31151 -0.373531 -0.681598 -0.367219 -0.0520429 1.41975 -0.742842 0.977489 -0.52513 -0.438364 -0.364368 -0.302056 -0.250346 -0.207586 -0.497729 
objective function: multinomial likelihood, with delta = 1e-011, N =
100 100 100 100 100 100 100 100 100 100 100 100 100 100 100 100 100 100 100 100 100 100 100 100 100 100 100 100 100 100 
100 100 100 100 100 100 100 100 100 100 100 100 100 100 100 100 100 100 100 100 100 100 100 100 100 100 100 100 100 100 
100 100 100 100 100 100 100 100 100 100 100 100 100 100 100 100 100 100 100 100 100 100 100 100 100 100 100 100 100 100 
100 100 100 100 100 100 100 100 100 100 100 100 100 100 100 100 100 100 100 100 100 100 100 100 100 100 100 100 100 100 
100 100 100 100 100 100 100 100 100 100 100 100 100 100 100 100 100 100 100 100 100 100 100 100 100 100 100 100 100 100 
100 100 100 100 100 100 100 100 100 100 100 100 100 100 100 100 100 100 100 100 100 100 100 100 100 100 100 100 100 100 
100 100 100 100 100 100 100 100 100 100 100 100 100 100 100 100 100 100 100 100 100 100 100 100 100 100 100 100 100 100 
100 100 100 100 100 100 100 100 100 100 100 100 100 100 100 100 100 100 100 100 100 100 100 100 100 100 100 100 100 100 
100 100 100 100 100 100 100 100 100 100 100 100 100 100 100 100 100 100 100 100 100 100 100 100 100 100 100 100 100 100 
100 100 100 100 100 100 100 100 100 100 100 100 100 100 100 100 100 100 100 100 100 100 100 100 100 100 100 100 100 100 
100 100 100 100 100 100 100 100 100 100 100 100 100 100 100 100 100 100 100 100 100 100 100 100 100 100 100 100 100 100 

Tags2005_R1_R1 :
tag-recapture data for tag Tags2005_R1 in years 2006 2007 2008 2009 2010 , step 1, after proportion 0.5 of mortality, with sampling method size, detection probability 1.
Year 2006
class scanned recaptured expected_prop neg_log_likelihood
100 0 0 0 0
150 0 0 1.41325e-012 0
200 0 0 8.30947e-012 0
250 2 0 5.80391e-011 1.16078e-010
300 28 0 7.79506e-010 2.18262e-008
350 320 0 9.79473e-009 3.13431e-006
400 2302 0 9.14963e-008 0.000210624
450 11502 0 6.16769e-007 0.00709408
500 39770 0 2.93884e-006 0.116878
550 96806 2 1.00356e-005 1.72246
600 173902 1 2.53957e-005 2.93107
650 243624 16 4.95628e-005 2.88876
700 277690 20 7.76561e-005 2.4791
750 266092 26 0.000101714 2.57239
800 224820 21 0.000116357 2.99119
850 178122 18 0.000121443 2.69225
900 136978 23 0.000119739 3.66864
950 101584 13 0.000113877 2.29294
1000 71958 7 0.000105434 1.92705
1050 49292 6 9.5307e-005 1.99442
1100 33518 3 8.40952e-005 1.50159
1150 23134 1 7.22691e-005 1.15792
1200 16316 2 6.03344e-005 1.70895
1250 11662 0 4.90133e-005 0.571607
1300 8346 1 3.9067e-005 1.44671
1350 5944 0 3.0991e-005 0.184213
1400 4222 1 2.49735e-005 2.35504
1450 2988 0 2.07467e-005 0.0619916
1500 2086 0 1.78592e-005 0.0372545
1550 1406 0 1.59176e-005 0.0223803
1600 896 0 1.45763e-005 0.0130604
1650 530 0 1.36672e-005 0.00724366
1700 286 0 1.30687e-005 0.00373768
1750 140 0 1.26838e-005 0.00177575
1800 62 0 1.244e-005 0.000771284
1850 24 0 1.22862e-005 0.00029487
1900 8 0 1.21859e-005 9.74877e-005
1950 2 0 1.21089e-005 2.42179e-005
2000 0 0 1.20233e-005 0

total neg_log_likelihood: 37.3591


Year 2007
class scanned recaptured expected_prop neg_log_likelihood
100 0 0 0 0
150 0 0 4.72886e-015 0
200 0 0 4.74286e-013 0
250 2 0 7.01068e-012 1.40215e-011
300 28 0 1.43717e-010 4.02406e-009
350 344 0 2.00175e-009 6.88602e-007
400 2442 0 1.93228e-008 4.71863e-005
450 11568 0 1.48763e-007 0.00172089
500 39724 0 8.62978e-007 0.0342809
550 99366 0 3.6477e-006 0.362458
600 181960 1 1.13949e-005 1.34422
650 252416 10 2.71207e-005 2.7139
700 280488 10 5.09023e-005 2.79508
750 265182 22 7.79135e-005 2.51067
800 224010 14 0.000100763 4.12936
850 176300 19 0.0001146 2.4321
900 134278 9 0.000119266 3.85515
950 100438 12 0.000117244 2.1704
1000 72920 8 0.000111044 1.9696
1050 50898 5 0.000102214 1.74425
1100 34514 2 9.16151e-005 1.55273
1150 23278 2 7.98377e-005 1.31207
1200 15942 1 6.74913e-005 1.00271
1250 11162 0 5.54112e-005 0.618517
1300 7944 0 4.45109e-005 0.353603
1350 5686 0 3.54498e-005 0.201571
1400 4062 0 2.8564e-005 0.116029
1450 2880 0 2.36481e-005 0.0681072
1500 2006 0 2.02395e-005 0.0406008
1550 1350 0 1.79169e-005 0.0241881
1600 862 0 1.62865e-005 0.0140391
1650 512 0 1.51625e-005 0.00776328
1700 278 0 1.44108e-005 0.00400622
1750 138 0 1.39206e-005 0.00192106
1800 62 0 1.36068e-005 0.000843627
1850 24 0 1.34077e-005 0.000321787
1900 8 0 1.32786e-005 0.000106229
1950 2 0 1.31829e-005 2.63661e-005
2000 0 0 1.30825e-005 0

total neg_log_likelihood: 31.3824


Year 2008
class scanned recaptured expected_prop neg_log_likelihood
100 0 0 0 0
150 0 0 0 0
200 0 0 1.36465e-014 0
250 2 0 6.42875e-013 1.28586e-012
300 28 0 2.45922e-011 6.88579e-010
350 344 0 4.65126e-010 1.60003e-007
400 2602 0 4.61358e-009 1.20045e-005
450 12332 0 3.55423e-008 0.000438308
500 40170 0 2.3417e-007 0.00940663
550 97884 0 1.18288e-006 0.115785
600 182308 0 4.48808e-006 0.818215
650 260086 5 1.29495e-005 2.0839
700 291620 14 2.91471e-005 3.7304
750 271378 14 5.26539e-005 2.24734
800 224512 16 7.85768e-005 2.38926
850 174626 20 0.000100094 2.59456
900 131756 18 0.000112951 2.67469
950 97934 15 0.000117015 2.77639
1000 71728 8 0.00011455 1.97189
1050 51120 6 0.000107883 1.84937
1100 35200 5 9.84789e-005 2.03825
1150 23658 0 8.71808e-005 2.06261
1200 15864 0 7.47328e-005 1.18561
1250 10828 0 6.21005e-005 0.672445
1300 7580 2 5.03658e-005 3.00082
1350 5410 0 4.03718e-005 0.218416
1400 3886 0 3.26265e-005 0.126789
1450 2772 0 2.70103e-005 0.0748736
1500 1934 0 2.30644e-005 0.0446071
1550 1300 0 2.03471e-005 0.0264515
1600 826 0 1.84173e-005 0.0152128
1650 490 0 1.70718e-005 0.00836527
1700 266 0 1.61626e-005 0.00429928
1750 132 0 1.55646e-005 0.00205455
1800 58 0 1.51794e-005 0.000880409
1850 24 0 1.4934e-005 0.00035842
1900 8 0 1.47753e-005 0.000118203
1950 2 0 1.46597e-005 2.93197e-005
2000 0 0 1.45434e-005 0

total neg_log_likelihood: 32.7438


Year 2009
class scanned recaptured expected_prop neg_log_likelihood
100 0 0 0 0
150 0 0 0 0
200 0 0 4.61938e-017 0
250 2 0 3.9358e-014 7.88258e-014
300 28 0 3.3172e-012 9.28826e-011
350 338 0 1.0511e-010 3.55273e-008
400 2596 0 1.32626e-009 3.44298e-006
450 13080 0 9.18148e-009 0.000120094
500 43468 0 6.26329e-008 0.00272253
550 101422 0 3.57297e-007 0.0362378
600 180382 0 1.59854e-006 0.288349
650 255904 0 5.51168e-006 1.41046
700 293398 5 1.47885e-005 1.78828
750 278302 7 3.15328e-005 2.09694
800 229716 11 5.47568e-005 2.22891
850 175798 16 7.9517e-005 2.44994
900 130724 19 9.9617e-005 3.59563
950 96182 14 0.000111337 2.70515
1000 70174 7 0.000114636 1.9747
1050 50456 2 0.000111554 2.86612
1100 35360 4 0.000104203 1.64595
1150 24054 4 9.39587e-005 2.17651
1200 16060 2 8.18267e-005 1.46088
1250 10754 0 6.8935e-005 0.741353
1300 7362 1 5.65502e-005 1.29257
1350 5182 1 4.57197e-005 1.67691
1400 3714 0 3.71506e-005 0.13798
1450 2662 0 3.08376e-005 0.0820911
1500 1866 0 2.63447e-005 0.0491598
1550 1256 0 2.32199e-005 0.0291646
1600 798 0 2.09797e-005 0.016742
1650 470 0 1.94045e-005 0.0091202
1700 254 0 1.83324e-005 0.00465648
1750 126 0 1.76234e-005 0.00222056
1800 56 0 1.71646e-005 0.000961225
1850 22 0 1.68719e-005 0.000371185
1900 8 0 1.66829e-005 0.000133464
1950 2 0 1.65465e-005 3.30932e-005
2000 0 0 1.64119e-005 0

total neg_log_likelihood: 30.7704


Year 2010
class scanned recaptured expected_prop neg_log_likelihood
100 0 0 0 0
150 0 0 0 0
200 0 0 0 0
250 2 0 1.17339e-015 2.44249e-015
300 30 0 3.1964e-013 9.589e-012
350 342 0 1.97423e-011 6.75184e-009
400 2546 0 4.28179e-010 1.09014e-006
450 12914 0 2.732e-009 3.52811e-005
500 45438 0 1.7714e-008 0.000804891
550 110634 0 1.05926e-007 0.011719
600 193100 0 5.33847e-007 0.103086
650 259840 0 2.14543e-006 0.55747
700 288924 4 6.77589e-006 2.44866
750 275666 5 1.69523e-005 1.75146
800 231594 14 3.42381e-005 4.13264
850 178066 11 5.70986e-005 2.15863
900 131090 11 8.06378e-005 2.13402
950 95240 12 9.9231e-005 2.4848
1000 68874 1 0.000109678 5.53218
1050 49434 7 0.000112019 2.0818
1100 34952 5 0.000108063 1.91979
1150 24134 2 9.97138e-005 1.34326
1200 16262 1 8.84619e-005 1.07489
1250 10830 0 7.57085e-005 0.819954
1300 7284 3 6.29391e-005 4.59017
1350 5028 0 5.14277e-005 0.258585
1400 3564 2 4.2108e-005 4.63669
1450 2550 0 3.51233e-005 0.0895659
1500 1794 0 3.00847e-005 0.0539728
1550 1212 0 2.65449e-005 0.0321729
1600 770 0 2.39844e-005 0.0184682
1650 454 0 2.21706e-005 0.0100656
1700 246 0 2.09291e-005 0.00514861
1750 120 0 2.01045e-005 0.00241256
1800 54 0 1.95694e-005 0.00105676
1850 22 0 1.92276e-005 0.000423012
1900 8 0 1.90073e-005 0.00015206
1950 2 0 1.88495e-005 3.76993e-005
2000 0 0 1.86952e-005 0

total neg_log_likelihood: 38.2541


Tags2006_R1_R1 :
tag-recapture data for tag Tags2006_R1 in years 2007 2008 2009 2010 , step 1, after proportion 0.5 of mortality, with sampling method size, detection probability 1.
Year 2007
class scanned recaptured expected_prop neg_log_likelihood
100 0 0 0 0
150 0 0 2.73684e-012 0
200 0 0 1.23672e-011 0
250 2 0 7.14377e-011 1.42875e-010
300 28 0 9.26431e-010 2.59401e-008
350 344 0 1.15648e-008 3.9783e-006
400 2442 0 1.03833e-007 0.000253559
450 11568 0 6.69089e-007 0.00774003
500 39724 0 3.08607e-006 0.122591
550 99366 0 1.03366e-005 1.02711
600 181960 5 2.59031e-005 1.74884
650 252416 14 5.03767e-005 2.30715
700 280488 23 7.89606e-005 2.50647
750 265182 22 0.000103649 3.05627
800 224010 26 0.000118786 2.55816
850 176300 24 0.000123867 2.61507
900 134278 20 0.000121447 2.81056
950 100438 16 0.000114196 3.10629
1000 72920 7 0.000103933 1.92643
1050 50898 6 9.19202e-005 1.99983
1100 34514 3 7.91311e-005 1.5087
1150 23278 1 6.63428e-005 1.10972
1200 15942 0 5.4194e-005 0.863984
1250 11162 0 4.33235e-005 0.483587
1300 7944 0 3.4241e-005 0.272015
1350 5686 2 2.71587e-005 4.58379
1400 4062 0 2.20439e-005 0.0895434
1450 2880 0 1.85339e-005 0.053378
1500 2006 0 1.61769e-005 0.032451
1550 1350 0 1.46106e-005 0.0197245
1600 862 0 1.35357e-005 0.0116679
1650 512 0 1.28089e-005 0.00655819
1700 278 0 1.23302e-005 0.00342783
1750 138 0 1.20219e-005 0.00165904
1800 62 0 1.18262e-005 0.000733226
1850 24 0 1.17023e-005 0.000280858
1900 8 0 1.16216e-005 9.29735e-005
1950 2 0 1.15607e-005 2.31215e-005
2000 0 0 1.14949e-005 0

total neg_log_likelihood: 34.8341


Year 2008
class scanned recaptured expected_prop neg_log_likelihood
100 0 0 0 0
150 0 0 9.46191e-015 0
200 0 0 8.17962e-013 0
250 2 0 9.01649e-012 1.80329e-011
300 28 0 1.65047e-010 4.62132e-009
350 344 0 2.28609e-009 7.86415e-007
400 2602 0 2.19979e-008 5.72385e-005
450 12332 0 1.64381e-007 0.00202715
500 40170 0 9.2208e-007 0.03704
550 97884 0 3.80271e-006 0.372225
600 182308 1 1.17034e-005 1.3758
650 260086 3 2.76458e-005 3.06388
700 291620 15 5.17553e-005 2.27878
750 271378 20 7.92611e-005 2.47521
800 224512 23 0.000102693 2.49032
850 174626 17 0.000116923 2.64392
900 131756 17 0.000121466 2.37076
950 97934 13 0.000118633 2.28686
1000 71728 8 0.000111001 1.96911
1050 51120 8 0.000100386 2.65279
1100 35200 1 8.80213e-005 1.96753
1150 23658 0 7.48738e-005 1.77143
1200 15864 0 6.18146e-005 0.980656
1250 10828 0 4.97349e-005 0.538542
1300 7580 0 3.9386e-005 0.298552
1350 5410 0 3.11593e-005 0.168574
1400 3886 0 2.51303e-005 0.0976575
1450 2772 0 2.09478e-005 0.0580679
1500 1934 0 1.81127e-005 0.0350303
1550 1300 0 1.6214e-005 0.0210784
1600 826 0 1.48975e-005 0.0123055
1650 490 0 1.39968e-005 0.00685849
1700 266 0 1.33966e-005 0.00356352
1750 132 0 1.30058e-005 0.00171678
1800 58 0 1.27555e-005 0.000739821
1850 24 0 1.25963e-005 0.000302312
1900 8 0 1.24926e-005 9.99416e-005
1950 2 0 1.2416e-005 2.48322e-005
2000 0 0 1.23378e-005 0

total neg_log_likelihood: 29.9815


Year 2009
class scanned recaptured expected_prop neg_log_likelihood
100 0 0 0 0
150 0 0 0 0
200 0 0 2.64105e-014 0
250 2 0 9.34166e-013 1.86828e-012
300 28 0 2.87189e-011 8.0413e-010
350 338 0 5.14844e-010 1.74017e-007
400 2596 0 5.13974e-009 1.33428e-005
450 13080 0 3.94701e-008 0.00051627
500 43468 0 2.53734e-007 0.0110293
550 101422 0 1.24931e-006 0.126707
600 180382 0 4.65181e-006 0.839104
650 255904 0 1.32696e-005 3.39577
700 293398 8 2.96979e-005 1.99909
750 278302 15 5.35536e-005 2.2788
800 229716 27 7.99685e-005 4.33821
850 175798 21 0.00010201 2.69359
900 130724 14 0.00011515 2.28208
950 96182 10 0.000118968 2.17354
1000 70174 11 0.000115597 2.58754
1050 50456 7 0.000107468 2.11375
1100 35360 5 9.6339e-005 2.06551
1150 24054 3 8.34378e-005 1.70879
1200 16060 2 6.98601e-005 1.58492
1250 10754 1 5.67629e-005 1.10398
1300 7362 0 4.51883e-005 0.332684
1350 5182 0 3.57715e-005 0.185371
1400 3714 0 2.87528e-005 0.10679
1450 2662 0 2.38266e-005 0.0634271
1500 1866 0 2.04583e-005 0.0381755
1550 1256 0 1.81888e-005 0.0228453
1600 798 0 1.66056e-005 0.0132514
1650 470 0 1.55157e-005 0.00729245
1700 254 0 1.47852e-005 0.00375546
1750 126 0 1.43069e-005 0.00180269
1800 56 0 1.39993e-005 0.000783967
1850 22 0 1.38031e-005 0.000303671
1900 8 0 1.36754e-005 0.000109404
1950 2 0 1.35817e-005 2.71635e-005
2000 0 0 1.34881e-005 0

total neg_log_likelihood: 32.0795


Year 2010
class scanned recaptured expected_prop neg_log_likelihood
100 0 0 0 0
150 0 0 0 0
200 0 0 9.24056e-017 0
250 2 0 6.75133e-014 1.35003e-013
300 30 0 4.16358e-012 1.24907e-010
350 342 0 1.16143e-010 3.97209e-008
400 2546 0 1.43394e-009 3.65082e-006
450 12914 0 1.00846e-008 0.000130232
500 45438 0 6.82123e-008 0.00309943
550 110634 0 3.81388e-007 0.0421945
600 193100 0 1.67295e-006 0.323046
650 259840 1 5.68629e-006 1.08716
700 288924 6 1.51265e-005 2.10052
750 275666 7 3.21185e-005 2.11307
800 231594 7 5.5709e-005 3.52548
850 178066 9 8.09483e-005 3.20214
900 131090 11 0.000101503 2.33792
950 95240 17 0.000113389 3.85339
1000 68874 8 0.000116317 1.96902
1050 49434 5 0.000112241 1.76831
1100 34952 3 0.000103419 1.55139
1150 24134 0 9.15474e-005 2.20951
1200 16262 0 7.80137e-005 1.26871
1250 10830 0 6.4244e-005 0.695785
1300 7284 0 5.15971e-005 0.375843
1350 5028 0 4.10101e-005 0.206203
1400 3564 0 3.2954e-005 0.11745
1450 2550 0 2.72183e-005 0.0694076
1500 1794 0 2.32572e-005 0.041724
1550 1212 0 2.05709e-005 0.0249322
1600 770 0 1.86876e-005 0.0143896
1650 454 0 1.73859e-005 0.00789326
1700 246 0 1.65105e-005 0.00406163
1750 120 0 1.59361e-005 0.00191235
1800 54 0 1.55659e-005 0.000840563
1850 22 0 1.53295e-005 0.000337251
1900 8 0 1.51755e-005 0.000121405
1950 2 0 1.50627e-005 3.01256e-005
2000 0 0 1.49508e-005 0

total neg_log_likelihood: 28.916


Tags2007_R1_R1 :
tag-recapture data for tag Tags2007_R1 in years 2008 2009 2010 , step 1, after proportion 0.5 of mortality, with sampling method size, detection probability 1.
Year 2008
class scanned recaptured expected_prop neg_log_likelihood
100 0 0 0 0
150 0 0 1.51445e-012 0
200 0 0 9.91425e-012 0
250 2 0 6.44093e-011 1.28819e-010
300 28 0 8.48274e-010 2.37517e-008
350 344 0 1.07165e-008 3.68648e-006
400 2602 0 9.91457e-008 0.000257977
450 12332 0 6.55262e-007 0.00808069
500 40170 0 3.06683e-006 0.123195
550 97884 1 1.03436e-005 1.00007
600 182308 5 2.59742e-005 1.74755
650 260086 6 5.04607e-005 4.25675
700 291620 22 7.88438e-005 2.48994
750 271378 25 0.000103064 2.69519
800 224512 26 0.000117677 2.55449
850 174626 24 0.000122562 2.66299
900 131756 11 0.00012059 2.9693
950 97934 12 0.000114482 2.19536
1000 71728 7 0.000105829 1.92736
1050 51120 6 9.54899e-005 1.948
1100 35200 3 8.40347e-005 1.49618
1150 23658 4 7.19515e-005 2.75255
1200 15864 0 5.97883e-005 0.94851
1250 10828 1 4.83016e-005 1.17113
1300 7580 0 3.82685e-005 0.290081
1350 5410 0 3.01885e-005 0.163322
1400 3886 0 2.42349e-005 0.0941778
1450 2772 0 2.01106e-005 0.0557472
1500 1934 0 1.73367e-005 0.0335294
1550 1300 0 1.55e-005 0.0201501
1600 826 0 1.42487e-005 0.0117695
1650 490 0 1.34096e-005 0.00657076
1700 266 0 1.28613e-005 0.00342112
1750 132 0 1.25101e-005 0.00165134
1800 58 0 1.2288e-005 0.000712708
1850 24 0 1.21476e-005 0.000291544
1900 8 0 1.20553e-005 9.64432e-005
1950 2 0 1.19845e-005 2.3969e-005
2000 0 0 1.1908e-005 0

total neg_log_likelihood: 33.6285


Year 2009
class scanned recaptured expected_prop neg_log_likelihood
100 0 0 0 0
150 0 0 4.78332e-015 0
200 0 0 5.64058e-013 0
250 2 0 8.02262e-012 1.60452e-011
300 28 0 1.55278e-010 4.34779e-009
350 338 0 2.15248e-009 7.27538e-007
400 2596 0 2.08638e-008 5.41624e-005
450 13080 0 1.59156e-007 0.00208176
500 43468 0 9.08669e-007 0.039498
550 101422 0 3.78707e-006 0.384093
600 180382 0 1.17131e-005 2.11285
650 255904 14 2.77016e-005 4.86071
700 293398 17 5.17893e-005 2.44364
750 278302 17 7.90724e-005 2.95873
800 229716 15 0.000102065 4.02489
850 175798 21 0.000115862 2.45481
900 130724 14 0.000120334 2.34326
950 96182 11 0.000118056 2.13101
1000 70174 5 0.000111617 2.32864
1050 50456 6 0.000102577 1.89106
1100 35360 5 9.17718e-005 2.14686
1150 24054 4 7.97735e-005 2.48998
1200 16060 0 6.72023e-005 1.0793
1250 10754 2 5.492e-005 2.33696
1300 7362 1 4.38666e-005 1.45318
1350 5182 0 3.4723e-005 0.179938
1400 3714 0 2.78276e-005 0.103353
1450 2662 0 2.29574e-005 0.0611134
1500 1866 0 1.96251e-005 0.0366209
1550 1256 0 1.73869e-005 0.0218381
1600 798 0 1.58387e-005 0.0126393
1650 470 0 1.47848e-005 0.00694892
1700 254 0 1.40867e-005 0.00357804
1750 126 0 1.36344e-005 0.00171794
1800 56 0 1.33458e-005 0.000747372
1850 22 0 1.31626e-005 0.000289579
1900 8 0 1.30427e-005 0.000104343
1950 2 0 1.29524e-005 2.5905e-005
2000 0 0 1.28585e-005 0

total neg_log_likelihood: 37.9105


Year 2010
class scanned recaptured expected_prop neg_log_likelihood
100 0 0 0 0
150 0 0 0 0
200 0 0 1.46263e-014 0
250 2 0 7.69479e-013 1.53899e-012
300 30 0 2.69761e-011 8.09283e-010
350 342 0 4.94518e-010 1.69125e-007
400 2546 0 4.91602e-009 1.25162e-005
450 12914 0 3.79884e-008 0.000490583
500 45438 0 2.47971e-007 0.0112673
550 110634 0 1.23646e-006 0.136795
600 193100 0 4.6392e-006 0.895831
650 259840 2 1.32794e-005 1.66661
700 288924 7 2.97344e-005 2.06115
750 275666 17 5.35358e-005 2.5027
800 231594 20 7.9711e-005 2.4834
850 178066 20 0.00010135 2.52297
900 131090 14 0.000114155 2.27614
950 95240 16 0.000118029 3.19978
1000 68874 13 0.00011532 3.55577
1050 49434 5 0.000108424 1.75261
1100 34952 3 9.88202e-005 1.52712
1150 24134 2 8.73336e-005 1.30961
1200 16262 3 7.469e-005 2.42311
1250 10830 0 6.18544e-005 0.669904
1300 7284 0 4.99272e-005 0.363679
1350 5028 0 3.97833e-005 0.200034
1400 3564 0 3.19514e-005 0.113877
1450 2550 0 2.63121e-005 0.0670967
1500 1794 0 2.23898e-005 0.0401678
1550 1212 0 1.97205e-005 0.0239015
1600 770 0 1.78509e-005 0.0137453
1650 454 0 1.65641e-005 0.00752018
1700 246 0 1.57038e-005 0.00386316
1750 120 0 1.51424e-005 0.00181711
1800 54 0 1.47824e-005 0.000798258
1850 22 0 1.45534e-005 0.000320176
1900 8 0 1.4404e-005 0.000115233
1950 2 0 1.42928e-005 2.85857e-005
2000 0 0 1.41789e-005 0

total neg_log_likelihood: 29.8322


Tags2008_R1_R1 :
tag-recapture data for tag Tags2008_R1 in years 2009 2010 , step 1, after proportion 0.5 of mortality, with sampling method size, detection probability 1.
Year 2009
class scanned recaptured expected_prop neg_log_likelihood
100 0 0 0 0
150 0 0 1.55031e-012 0
200 0 0 1.07068e-011 0
250 2 0 6.87107e-011 1.37421e-010
300 28 0 9.02171e-010 2.52608e-008
350 338 0 1.14281e-008 3.86271e-006
400 2596 0 1.0559e-007 0.000274112
450 13080 0 6.95023e-007 0.0090909
500 43468 0 3.24112e-006 0.140885
550 101422 2 1.09122e-005 1.59705
600 180382 4 2.73766e-005 1.72825
650 255904 8 5.30848e-005 3.31776
700 293398 22 8.25622e-005 2.57355
750 278302 40 0.000106961 4.35162
800 229716 22 0.000120375 3.08988
850 175798 20 0.000122913 2.48229
900 130724 15 0.000118119 2.28482
950 96182 18 0.000109403 4.55481
1000 70174 7 9.88092e-005 1.90406
1050 50456 5 8.7388e-005 1.77817
1100 35360 2 7.57017e-005 1.40068
1150 24054 1 6.41105e-005 1.10894
1200 16060 1 5.29441e-005 1.01244
1250 10754 2 4.26873e-005 2.70938
1300 7362 0 3.38573e-005 0.249262
1350 5182 0 2.67839e-005 0.138796
1400 3714 0 2.15741e-005 0.0801272
1450 2662 0 1.79592e-005 0.0478078
1500 1866 0 1.5523e-005 0.0289661
1550 1256 0 1.39073e-005 0.0174677
1600 798 0 1.28054e-005 0.0102188
1650 470 0 1.20659e-005 0.00567099
1700 254 0 1.15824e-005 0.00294194
1750 126 0 1.12727e-005 0.00142037
1800 56 0 1.10768e-005 0.000620305
1850 22 0 1.0953e-005 0.000240968
1900 8 0 1.08717e-005 8.69743e-005
1950 2 0 1.08092e-005 2.16184e-005
2000 0 0 1.07416e-005 0

total neg_log_likelihood: 36.6276


Year 2010
class scanned recaptured expected_prop neg_log_likelihood
100 0 0 0 0
150 0 0 4.8051e-015 0
200 0 0 5.99569e-013 0
250 2 0 8.64218e-012 1.72844e-011
300 30 0 1.64783e-010 4.94349e-009
350 342 0 2.28814e-009 7.82543e-007
400 2546 0 2.21917e-008 5.65e-005
450 12914 0 1.69039e-007 0.00218297
500 45438 0 9.61909e-007 0.0437072
550 110634 0 3.99859e-006 0.442381
600 193100 3 1.235e-005 1.56921
650 259840 9 2.91714e-005 2.15221
700 288924 13 5.43988e-005 2.45752
750 275666 28 8.26124e-005 3.14652
800 231594 25 0.000105611 2.5376
850 178066 26 0.00011812 3.09624
900 131090 14 0.000120263 2.34712
950 95240 6 0.000115265 3.18191
1000 68874 4 0.000106368 2.53838
1050 49434 3 9.55636e-005 1.85782
1100 34952 3 8.38616e-005 1.49668
1150 24134 3 7.18217e-005 1.87492
1200 16262 1 5.99002e-005 1.00031
1250 10830 0 4.86906e-005 0.527332
1300 7284 0 3.88322e-005 0.282859
1350 5028 0 3.07725e-005 0.154727
1400 3564 0 2.47233e-005 0.088115
1450 2550 0 2.04547e-005 0.0521601
1500 1794 0 1.75322e-005 0.031453
1550 1212 0 1.55669e-005 0.0188672
1600 770 0 1.42058e-005 0.0109385
1650 454 0 1.32783e-005 0.00602839
1700 246 0 1.26634e-005 0.00311523
1750 120 0 1.2265e-005 0.00147181
1800 54 0 1.20107e-005 0.000648583
1850 22 0 1.18493e-005 0.000260687
1900 8 0 1.17438e-005 9.39512e-005
1950 2 0 1.16644e-005 2.3329e-005
2000 0 0 1.15815e-005 0

total neg_log_likelihood: 30.9229


Tags2009_R1_R1 :
tag-recapture data for tag Tags2009_R1 in years 2010 , step 1, after proportion 0.5 of mortality, with sampling method size, detection probability 1.
Year 2010
class scanned recaptured expected_prop neg_log_likelihood
100 0 0 0 0
150 0 0 1.55526e-012 0
200 0 0 1.08432e-011 0
250 2 0 6.97953e-011 1.39591e-010
300 30 0 9.06478e-010 2.71943e-008
350 342 0 1.14962e-008 3.93169e-006
400 2546 0 1.06359e-007 0.000270791
450 12914 0 6.97675e-007 0.00900978
500 45438 0 3.23113e-006 0.146816
550 110634 5 1.07966e-005 5.09349
600 193100 4 2.69276e-005 1.78335
650 259840 12 5.20596e-005 2.25796
700 288924 26 8.10147e-005 2.68975
750 275666 23 0.000105434 3.17231
800 231594 31 0.000119695 2.82532
850 178066 18 0.000123762 2.76359
900 131090 8 0.000120766 4.34012
950 95240 12 0.000113687 2.22958
1000 68874 10 0.000104271 2.5708
1050 49434 6 9.34097e-005 2.01756
1100 34952 4 8.16279e-005 1.83751
1150 24134 1 6.93348e-005 1.1585
1200 16262 2 5.69975e-005 1.77185
1250 10830 1 4.53186e-005 1.20248
1300 7284 0 3.5066e-005 0.255425
1350 5028 0 2.67733e-005 0.134618
1400 3564 1 2.06556e-005 2.68248
1450 2550 0 1.6433e-005 0.0419044
1500 1794 0 1.36178e-005 0.0244305
1550 1212 0 1.17774e-005 0.0142743
1600 770 0 1.05453e-005 0.00811995
1650 454 0 9.73411e-006 0.00441931
1700 246 0 9.21266e-006 0.00226632
1750 120 0 8.88317e-006 0.00106598
1800 54 0 8.67662e-006 0.00046854
1850 22 0 8.54629e-006 0.000188019
1900 8 0 8.45951e-006 6.76764e-005
1950 2 0 8.39031e-006 1.67807e-005
2000 0 0 8.3136e-006 0

total neg_log_likelihood: 41.04


Output quantities start here

* Scalar parameter values
initialization.B0 190819

* Nuisance q's

* B0
190819

* R0
1.38452e+007

* SSBs
SSB 190819 189417 186037 182322 178308 174064 169680 165253 160875 156629 152578 148753 145168 141822 138707 135814 133131 130649 128353 126233 124277 
year 1990 1991 1992 1993 1994 1995 1996 1997 1998 1999 2000 2001 2002 2003 2004 2005 2006 2007 2008 2009 2010 

* recruitments
recruitment 1.38452e+007 1.38452e+007 1.38342e+007 1.38071e+007 1.37764e+007 1.37419e+007 1.37038e+007 1.36628e+007 1.36194e+007 1.35745e+007 1.35288e+007 1.34831e+007 1.3438e+007 1.33939e+007 1.3351e+007 1.33094e+007 1.32694e+007 1.32309e+007 1.31941e+007 1.3159e+007 1.31256e+007 
year 1990 1991 1992 1993 1994 1995 1996 1997 1998 1999 2000 2001 2002 2003 2004 2005 2006 2007 2008 2009 2010 

* YCS
YCS 1 1 1 1 1 1 1 1 1 1 1 1 1 1 1 1 1 1 1 1 1 
year 1989 1990 1991 1992 1993 1994 1995 1996 1997 1998 1999 2000 2001 2002 2003 2004 2005 2006 2007 2008 2009 

* true_YCS
true_YCS 1 1 0.999207 0.997253 0.995031 0.992538 0.989792 0.986827 0.983694 0.980447 0.977147 0.973848 0.970592 0.967405 0.964305 0.961304 0.958411 0.955633 0.952975 0.95044 0.948029 
year 1989 1990 1991 1992 1993 1994 1995 1996 1997 1998 1999 2000 2001 2002 2003 2004 2005 2006 2007 2008 2009 

* fishing_pressures
LL1 0 0.0388183 0.0399533 0.0410917 0.0422029 0.0432642 0.0442594 0.0451773 0.0460118 0.046762 0.0474319 0.0480289 0.0485611 0.0490374 0.0494665 0.0498573 0.0502179 0.0505547 0.0508733 0.051178 0.0514724 
LL2 0 0.0388183 0.0399533 0.0410917 0.0422029 0.0432642 0.0442594 0.0451773 0.0460118 0.046762 0.0474319 0.0480289 0.0485611 0.0490374 0.0494665 0.0498573 0.0502179 0.0505547 0.0508733 0.051178 0.0514724 
year 1990 1991 1992 1993 1994 1995 1996 1997 1998 1999 2000 2001 2002 2003 2004 2005 2006 2007 2008 2009 2010 

* Numbers_at_age_R1
1990  1.28512e+007 1.1006e+007 9.42567e+006 8.07229e+006 6.91323e+006 5.9206e+006 5.07049e+006 4.34244e+006 3.71893e+006 3.18495e+006 2.72764e+006 2.33599e+006 2.00058e+006 1.71333e+006 1.46732e+006 1.25663e+006 1.0762e+006 921675 789336 676000 578936 495810 424619 363650 311436 266718 228421 195624 167535 999267 
1991  1.28512e+007 1.1006e+007 9.42564e+006 8.07201e+006 6.91161e+006 5.91397e+006 5.0514e+006 4.30356e+006 3.66293e+006 3.12792e+006 2.67913e+006 2.2953e+006 1.96692e+006 1.68587e+006 1.44522e+006 1.2391e+006 1.06248e+006 911083 781274 669947 574455 492537 422262 361976 310263 265908 227870 195253 167289 998148 
1992  1.2841e+007 1.1006e+007 9.42563e+006 8.07194e+006 6.91103e+006 5.91076e+006 5.03859e+006 4.26731e+006 3.59023e+006 3.0242e+006 2.57377e+006 2.20568e+006 1.89171e+006 1.62361e+006 1.39439e+006 1.19816e+006 1.02995e+006 885600 761582 654940 563177 484179 416153 357573 307134 263715 226354 194220 166595 995586 
1993  1.28159e+007 1.09972e+007 9.42563e+006 8.07192e+006 6.91092e+006 5.91003e+006 5.0351e+006 4.25481e+006 3.55728e+006 2.96099e+006 2.4855e+006 2.11647e+006 1.81578e+006 1.55983e+006 1.34152e+006 1.15491e+006 995048 857808 739755 638034 550263 474452 408929 352284 303315 260997 224447 192901 165695 992732 
1994  1.27873e+007 1.09757e+007 9.41816e+006 8.07191e+006 6.91085e+006 5.90969e+006 5.03374e+006 4.25021e+006 3.54418e+006 2.93069e+006 2.4307e+006 2.04152e+006 1.74039e+006 1.49562e+006 1.28751e+006 1.11007e+006 958296 828083 716035 619363 535769 463358 400558 346056 298749 257697 222096 191249 164552 989454 
1995  1.27553e+007 1.09513e+007 9.39974e+006 8.0655e+006 6.91079e+006 5.90941e+006 5.03274e+006 4.24747e+006 3.53777e+006 2.91689e+006 2.4031e+006 1.99428e+006 1.67694e+006 1.43202e+006 1.23329e+006 1.0644e+006 920311 796889 690752 599143 519819 450952 391044 338865 293391 253763 219250 189221 163127 985609 
1996  1.272e+007 1.09238e+007 9.37879e+006 8.04972e+006 6.90525e+006 5.90914e+006 5.03183e+006 4.24513e+006 3.53306e+006 2.90878e+006 2.38922e+006 1.96955e+006 1.63645e+006 1.37845e+006 1.17975e+006 1.01869e+006 881746 764748 664301 577658 502601 437341 380437 330717 287223 249163 215869 186772 161380 981043 
1997  1.26819e+007 1.08936e+007 9.3553e+006 8.03178e+006 6.89169e+006 5.90421e+006 5.03099e+006 4.24297e+006 3.52886e+006 2.90227e+006 2.38019e+006 1.95624e+006 1.6146e+006 1.34393e+006 1.13462e+006 973673 843250 732207 637124 555243 484354 422687 368832 321657 280253 243879 211924 183871 159278 975593 
1998  1.26416e+007 1.0861e+007 9.32941e+006 8.01165e+006 6.87629e+006 5.89243e+006 5.02622e+006 4.24098e+006 3.525e+006 2.8964e+006 2.37268e+006 1.94708e+006 1.60227e+006 1.32486e+006 1.10532e+006 935733 805436 699806 609676 532268 465362 407194 356364 311765 272518 237920 207401 180491 156790 969088 
1999  1.25999e+007 1.08265e+007 9.30147e+006 7.98947e+006 6.85902e+006 5.8791e+006 5.01569e+006 4.23582e+006 3.52149e+006 2.89106e+006 2.36591e+006 1.93934e+006 1.5935e+006 1.31374e+006 1.08886e+006 910955 773572 668050 582405 509112 445935 391099 343206 301156 264087 231318 202308 176622 153896 961361 
2000  1.25575e+007 1.07908e+007 9.27193e+006 7.96554e+006 6.84e+006 5.86419e+006 5.00389e+006 4.22592e+006 3.51553e+006 2.88622e+006 2.35978e+006 1.93239e+006 1.58603e+006 1.30565e+006 1.07902e+006 896841 752670 641298 555726 486147 426389 374662 329558 289977 255057 224130 196672 172270 150587 952249 
2001  1.25151e+007 1.07544e+007 9.24132e+006 7.94024e+006 6.81948e+006 5.8478e+006 4.9908e+006 4.21506e+006 3.50583e+006 2.87961e+006 2.35427e+006 1.92611e+006 1.57933e+006 1.29873e+006 1.07175e+006 888255 740640 623690 533259 463714 407030 358145 315637 278394 245551 216440 190542 167457 146867 941605 
2002  1.24733e+007 1.07181e+007 9.21022e+006 7.91402e+006 6.79779e+006 5.83014e+006 4.97649e+006 4.20322e+006 3.49551e+006 2.87012e+006 2.34748e+006 1.92048e+006 1.5733e+006 1.29254e+006 1.06552e+006 881847 733226 613476 518431 444826 388141 341805 301663 266590 235711 208350 183988 162227 142757 929309 
2003  1.24323e+007 1.06823e+007 9.17913e+006 7.88738e+006 6.77533e+006 5.8115e+006 4.96114e+006 4.19045e+006 3.48452e+006 2.86029e+006 2.3385e+006 1.91394e+006 1.5679e+006 1.28698e+006 1.05995e+006 876345 727649 607117 509778 432336 372241 325875 287849 254750 225689 199981 177098 156637 138291 915272 
2004  1.23925e+007 1.06472e+007 9.14843e+006 7.86075e+006 6.7525e+006 5.79221e+006 4.94499e+006 4.17688e+006 3.47288e+006 2.85006e+006 2.32938e+006 1.90572e+006 1.56184e+006 1.282e+006 1.05495e+006 871426 722852 602305 504349 425012 361709 312466 274390 243052 215642 191462 169972 150762 133520 899450 
2005  1.23539e+007 1.06131e+007 9.11839e+006 7.83446e+006 6.72968e+006 5.7726e+006 4.92831e+006 4.16269e+006 3.46066e+006 2.83941e+006 2.32003e+006 1.89747e+006 1.55448e+006 1.27653e+006 1.05047e+006 867008 718560 598158 500220 420389 355510 303573 263061 231659 205719 182923 162720 144688 128507 881846 
2006  1.23167e+007 1.05801e+007 9.08917e+006 7.80873e+006 6.70716e+006 5.75302e+006 4.91139e+006 4.1481e+006 3.44802e+006 2.82839e+006 2.31043e+006 1.8891e+006 1.54715e+006 1.27004e+006 1.04562e+006 863042 714702 594445 496655 416858 351577 298323 255540 222069 196058 174493 155454 138509 123326 862518 
2007  1.2281e+007 1.05482e+007 9.06089e+006 7.78371e+006 6.68512e+006 5.7337e+006 4.89451e+006 4.13336e+006 3.43513e+006 2.81712e+006 2.30061e+006 1.88059e+006 1.53978e+006 1.26362e+006 1.03997e+006 858800 711237 591106 493463 413806 348565 294980 251090 215698 187927 166287 148282 132318 118054 841577 
2008  1.22469e+007 1.05177e+007 9.03362e+006 7.75948e+006 6.66368e+006 5.71479e+006 4.87786e+006 4.11869e+006 3.42217e+006 2.80571e+006 2.29065e+006 1.87196e+006 1.53234e+006 1.2572e+006 1.0344e+006 853921 707560 588104 490589 411071 345959 292413 248247 211922 182521 159380 141301 126208 112774 819184 
2009  1.22143e+007 1.04884e+007 9.00744e+006 7.73613e+006 6.64292e+006 5.6964e+006 4.86158e+006 4.10424e+006 3.40931e+006 2.79429e+006 2.28062e+006 1.86326e+006 1.52483e+006 1.25075e+006 1.02885e+006 849123 703368 584934 488001 408606 343620 290189 246060 209504 179311 154786 135425 120262 107563 795546 
2010  1.21833e+007 1.04605e+007 8.98238e+006 7.7137e+006 6.62291e+006 5.6786e+006 4.84575e+006 4.09013e+006 3.39668e+006 2.78301e+006 2.27064e+006 1.85454e+006 1.51728e+006 1.24426e+006 1.02329e+006 844357 699255 581347 485280 406384 341511 288192 244163 207640 177253 152055 131515 115257 102493 770906 

Output quantities finish here

Unused parameters:
annual_cycle.fishery_areas annual_cycle.migrate_from annual_cycle.migrate_to annual_cycle.migration_names annual_cycle.migration_times annual_cycle.n_migrations annual_cycle.recruitment_areas annual_cycle.spawning_all_areas area_names recruitment.p_male recruitment.year_range tag[Tags2005_R1_LL1].area tag[Tags2005_R1_LL1].sex tag[Tags2006_R1_LL1].area tag[Tags2006_R1_LL1].sex tag[Tags2007_R1_LL1].area tag[Tags2007_R1_LL1].sex tag[Tags2008_R1_LL1].area tag[Tags2008_R1_LL1].sex tag[Tags2009_R1_LL1].area tag[Tags2009_R1_LL1].sex MCMC.adapt_at MCMC.adaptive_stepsize MCMC.burn_in MCMC.keep MCMC.length MCMC.start MCMC.stepsize profile[1].l profile[1].n profile[1].parameter profile[1].u tag_recapture[Tags2005_R1_R1].area tag_recapture[Tags2006_R1_R1].area tag_recapture[Tags2007_R1_R1].area tag_recapture[Tags2008_R1_R1].area tag_recapture[Tags2009_R1_R1].area n_projections numbers_at[Numbers_at_age_R1].area print.final_state print.initial_state print.requests print.results print.state_annually print.state_every_step print.yields 
