CASAL (C++ algorithmic stock assessment laboratory)
Call: C:/Users/bstacy/Documents/GitHub/lasac/projects/simulations/sim/dec0.5/casal -e -q -f TR 
Date: Tue Oct 15 08:36:49 2019
v2.30-2012-03-21 00:22:59 UTC (rev.4648)  (c) Copyright 2002-2012, NIWA
User name: bstacy
Machine name: DOM-IMA-HVZRNF2 (Microsoft Windows, PID=14520)

Prefix for the input parameter filenames : TR

Random number seed : 89009

Estimation parameters:
Stored as strings: 
  MCMC.adapt_at                 	1e+05 2e+05 3e+05 4e+05
  MCMC.adaptive_stepsize        	True
  MCMC.burn_in                  	500
  MCMC.keep                     	1000
  MCMC.length                   	1500000
  MCMC.start                    	0
  MCMC.stepsize                 	0.01
  ageing_error.c                	0
  ageing_error.type             	normal
  catch_at[LL1_catchA].2000     	0 0 0 0 0 0.01 0.06 0.11 0.13 0.18 0.14 0.06 0.07 0.05 0.05 0.02 0.02 0.04 0.02 0 0.01 0 0 0.01 0.02 0 0 0 0 0
  catch_at[LL1_catchA].2001     	0 0 0 0 0 0.01 0.07 0.13 0.16 0.19 0.11 0.06 0.07 0.09 0.02 0.03 0.01 0 0.01 0 0.01 0.01 0 0.01 0 0 0 0 0 0.01
  catch_at[LL1_catchA].2002     	0 0 0 0 0 0.04 0.06 0.13 0.17 0.13 0.11 0.1 0.07 0.06 0.04 0.01 0.04 0.01 0 0.01 0 0 0.01 0.01 0 0 0 0 0 0
  catch_at[LL1_catchA].2003     	0 0 0 0 0 0.02 0.09 0.13 0.16 0.12 0.13 0.1 0.07 0.03 0.07 0.02 0.03 0 0.01 0 0.01 0 0.01 0 0 0 0 0 0 0
  catch_at[LL1_catchA].2004     	0 0 0 0 0 0.01 0.06 0.14 0.12 0.1 0.16 0.14 0.06 0.04 0.04 0.02 0.03 0.02 0.02 0.01 0 0.01 0 0.02 0 0 0 0 0 0
  catch_at[LL1_catchA].2005     	0 0 0 0 0 0.02 0.07 0.1 0.17 0.06 0.11 0.12 0.08 0.05 0.05 0.04 0.04 0.02 0.01 0.02 0.01 0 0.01 0 0 0.01 0 0 0 0.01
  catch_at[LL1_catchA].2006     	0 0 0 0 0.01 0.02 0.08 0.05 0.21 0.19 0.15 0.09 0.07 0.04 0.04 0.01 0.01 0 0.01 0.02 0 0 0 0 0 0 0 0 0 0
  catch_at[LL1_catchA].2007     	0 0 0 0 0 0.02 0.07 0.14 0.18 0.09 0.1 0.1 0.07 0.09 0.01 0.02 0.04 0.04 0.01 0.01 0.01 0 0 0 0 0 0 0 0 0
  catch_at[LL1_catchA].2008     	0 0 0 0 0 0.03 0.05 0.11 0.19 0.12 0.07 0.12 0.02 0.08 0.05 0.09 0.04 0.01 0.01 0 0 0.01 0 0 0 0 0 0 0 0
  catch_at[LL1_catchA].2009     	0 0 0 0 0.01 0.03 0.1 0.12 0.14 0.11 0.13 0.04 0.09 0.05 0.06 0.03 0.03 0.02 0.02 0.01 0 0.01 0 0 0 0 0 0 0 0
  catch_at[LL1_catchA].2010     	0 0 0 0 0 0.01 0.02 0.13 0.21 0.13 0.12 0.07 0.09 0.04 0.08 0.01 0.02 0.04 0.01 0.01 0 0 0 0 0.01 0 0 0 0 0
  catch_at[LL1_catchA].N_2000   	100
  catch_at[LL1_catchA].N_2001   	100
  catch_at[LL1_catchA].N_2002   	100
  catch_at[LL1_catchA].N_2003   	100
  catch_at[LL1_catchA].N_2004   	100
  catch_at[LL1_catchA].N_2005   	100
  catch_at[LL1_catchA].N_2006   	100
  catch_at[LL1_catchA].N_2007   	100
  catch_at[LL1_catchA].N_2008   	100
  catch_at[LL1_catchA].N_2009   	100
  catch_at[LL1_catchA].N_2010   	100
  catch_at[LL1_catchA].at_size  	False
  catch_at[LL1_catchA].dist     	multinomial
  catch_at[LL1_catchA].fishery  	LL1
  catch_at[LL1_catchA].max_class	30
  catch_at[LL1_catchA].min_class	1
  catch_at[LL1_catchA].plus_group	True
  catch_at[LL1_catchA].r        	1e-11
  catch_at[LL1_catchA].sexed    	False
  catch_at[LL1_catchA].sum_to_one	True
  catch_at[LL1_catchA].years    	2000 2001 2002 2003 2004 2005 2006 2007 2008 2009 2010
  catch_limit_penalty[1].fishery	LL1
  catch_limit_penalty[1].label  	LL1_Penalty
  catch_limit_penalty[1].log_scale	True
  catch_limit_penalty[1].multiplier	1000
  catch_limit_penalty[2].fishery	LL2
  catch_limit_penalty[2].label  	LL2_Penalty
  catch_limit_penalty[2].log_scale	True
  catch_limit_penalty[2].multiplier	1000
  estimate[1].lower_bound       	5000
  estimate[1].parameter         	initialization.B0
  estimate[1].prior             	uniform
  estimate[1].upper_bound       	5e+05
  estimator                     	Bayes
  fish_tagged_penalty[1].label  	Penalty_Tags2005_R1_LL1
  fish_tagged_penalty[1].multiplier	1
  fish_tagged_penalty[1].tagging_episode	Tags2005_R1_LL1
  fish_tagged_penalty[2].label  	Penalty_Tags2006_R1_LL1
  fish_tagged_penalty[2].multiplier	1
  fish_tagged_penalty[2].tagging_episode	Tags2006_R1_LL1
  fish_tagged_penalty[3].label  	Penalty_Tags2007_R1_LL1
  fish_tagged_penalty[3].multiplier	1
  fish_tagged_penalty[3].tagging_episode	Tags2007_R1_LL1
  fish_tagged_penalty[4].label  	Penalty_Tags2008_R1_LL1
  fish_tagged_penalty[4].multiplier	1
  fish_tagged_penalty[4].tagging_episode	Tags2008_R1_LL1
  fish_tagged_penalty[5].label  	Penalty_Tags2009_R1_LL1
  fish_tagged_penalty[5].multiplier	1
  fish_tagged_penalty[5].tagging_episode	Tags2009_R1_LL1
  grad_tol                      	0.001
  max_evals                     	10000
  max_iters                     	1600
  profile[1].l                  	40000
  profile[1].n                  	11
  profile[1].parameter          	initialization.B0
  profile[1].u                  	130000
  q_method                      	nuisance
  tag_recapture[Tags2005_R1_R1].area	R1
  tag_recapture[Tags2005_R1_R1].class_mins	100 150 200 250 300 350 400 450 500 550 600 650 700 750 800 850 900 950 1000 1050 1100 1150 1200 1250 1300 1350 1400 1450 1500 1550 1600 1650 1700 1750 1800 1850 1900 1950 2000 2050
  tag_recapture[Tags2005_R1_R1].detection_probability	1
  tag_recapture[Tags2005_R1_R1].dispersion	1
  tag_recapture[Tags2005_R1_R1].do_bootstrap	True
  tag_recapture[Tags2005_R1_R1].plus_group	False
  tag_recapture[Tags2005_R1_R1].proportion_mortality	0.5
  tag_recapture[Tags2005_R1_R1].r	1e-11
  tag_recapture[Tags2005_R1_R1].recaptured_2006	0 0 0 0 0 0 0 0 0 1 0 10 27 33 25 27 20 14 11 13 7 1 0 0 1 1 1 0 0 0 0 0 0 0 0 0 0 0 0
  tag_recapture[Tags2005_R1_R1].recaptured_2007	0 0 0 0 0 0 0 0 0 0 0 11 10 22 16 22 21 15 8 5 2 0 0 2 0 1 0 0 0 0 0 0 0 0 0 0 0 0 0
  tag_recapture[Tags2005_R1_R1].recaptured_2008	0 0 0 0 0 0 0 0 0 0 0 3 3 10 10 8 17 9 8 4 4 2 0 0 0 1 0 0 0 0 0 0 0 0 0 0 0 0 0
  tag_recapture[Tags2005_R1_R1].recaptured_2009	0 0 0 0 0 0 0 0 0 0 1 0 5 11 11 16 16 17 12 9 4 4 0 0 0 0 2 0 0 0 0 0 0 0 0 0 0 0 0
  tag_recapture[Tags2005_R1_R1].recaptured_2010	0 0 0 0 0 0 0 0 0 0 0 1 0 5 8 13 4 7 8 5 3 1 2 0 0 1 0 0 1 0 0 0 0 0 0 0 0 0 0
  tag_recapture[Tags2005_R1_R1].sample	size
  tag_recapture[Tags2005_R1_R1].scanned_2006	0 0 0 2 28 320 2302 11502 39770 96806 173902 243624 277690 266092 224820 178122 136978 101584 71958 49292 33518 23134 16316 11662 8346 5944 4222 2988 2086 1406 896 530 286 140 62 24 8 2 0
  tag_recapture[Tags2005_R1_R1].scanned_2007	0 0 0 2 28 344 2442 11568 39724 99366 181960 252416 280488 265182 224010 176300 134278 100438 72920 50898 34514 23278 15942 11162 7944 5686 4062 2880 2006 1350 862 512 278 138 62 24 8 2 0
  tag_recapture[Tags2005_R1_R1].scanned_2008	0 0 0 2 28 344 2602 12332 40170 97884 182308 260086 291620 271378 224512 174626 131756 97934 71728 51120 35200 23658 15864 10828 7580 5410 3886 2772 1934 1300 826 490 266 132 58 24 8 2 0
  tag_recapture[Tags2005_R1_R1].scanned_2009	0 0 0 2 28 338 2596 13080 43468 101422 180382 255904 293398 278302 229716 175798 130724 96182 70174 50456 35360 24054 16060 10754 7362 5182 3714 2662 1866 1256 798 470 254 126 56 22 8 2 0
  tag_recapture[Tags2005_R1_R1].scanned_2010	0 0 0 2 30 342 2546 12914 45438 110634 193100 259840 288924 275666 231594 178066 131090 95240 68874 49434 34952 24134 16262 10830 7284 5028 3564 2550 1794 1212 770 454 246 120 54 22 8 2 0
  tag_recapture[Tags2005_R1_R1].step	1
  tag_recapture[Tags2005_R1_R1].tag_name	Tags2005_R1
  tag_recapture[Tags2005_R1_R1].years	2006 2007 2008 2009 2010
  tag_recapture[Tags2006_R1_R1].area	R1
  tag_recapture[Tags2006_R1_R1].class_mins	100 150 200 250 300 350 400 450 500 550 600 650 700 750 800 850 900 950 1000 1050 1100 1150 1200 1250 1300 1350 1400 1450 1500 1550 1600 1650 1700 1750 1800 1850 1900 1950 2000 2050
  tag_recapture[Tags2006_R1_R1].detection_probability	1
  tag_recapture[Tags2006_R1_R1].dispersion	1
  tag_recapture[Tags2006_R1_R1].do_bootstrap	True
  tag_recapture[Tags2006_R1_R1].plus_group	False
  tag_recapture[Tags2006_R1_R1].proportion_mortality	0.5
  tag_recapture[Tags2006_R1_R1].r	1e-11
  tag_recapture[Tags2006_R1_R1].recaptured_2007	0 0 0 0 0 0 0 0 0 1 3 11 26 27 32 20 11 12 8 3 2 2 0 0 1 0 0 0 0 0 0 0 0 0 0 0 0 0 0
  tag_recapture[Tags2006_R1_R1].recaptured_2008	0 0 0 0 0 0 0 0 0 1 2 11 14 17 24 20 19 15 10 4 2 3 3 2 0 0 0 0 0 0 0 0 0 0 0 0 0 0 0
  tag_recapture[Tags2006_R1_R1].recaptured_2009	0 0 0 0 0 0 0 0 0 1 1 4 15 9 25 19 17 11 8 4 10 2 2 1 0 0 0 0 0 0 0 0 0 0 0 0 0 0 0
  tag_recapture[Tags2006_R1_R1].recaptured_2010	0 0 0 0 0 0 0 0 0 0 0 3 11 8 15 15 12 15 4 9 4 3 0 0 0 0 0 0 0 0 0 0 0 0 0 0 0 0 0
  tag_recapture[Tags2006_R1_R1].sample	size
  tag_recapture[Tags2006_R1_R1].scanned_2007	0 0 0 2 28 344 2442 11568 39724 99366 181960 252416 280488 265182 224010 176300 134278 100438 72920 50898 34514 23278 15942 11162 7944 5686 4062 2880 2006 1350 862 512 278 138 62 24 8 2 0
  tag_recapture[Tags2006_R1_R1].scanned_2008	0 0 0 2 28 344 2602 12332 40170 97884 182308 260086 291620 271378 224512 174626 131756 97934 71728 51120 35200 23658 15864 10828 7580 5410 3886 2772 1934 1300 826 490 266 132 58 24 8 2 0
  tag_recapture[Tags2006_R1_R1].scanned_2009	0 0 0 2 28 338 2596 13080 43468 101422 180382 255904 293398 278302 229716 175798 130724 96182 70174 50456 35360 24054 16060 10754 7362 5182 3714 2662 1866 1256 798 470 254 126 56 22 8 2 0
  tag_recapture[Tags2006_R1_R1].scanned_2010	0 0 0 2 30 342 2546 12914 45438 110634 193100 259840 288924 275666 231594 178066 131090 95240 68874 49434 34952 24134 16262 10830 7284 5028 3564 2550 1794 1212 770 454 246 120 54 22 8 2 0
  tag_recapture[Tags2006_R1_R1].step	1
  tag_recapture[Tags2006_R1_R1].tag_name	Tags2006_R1
  tag_recapture[Tags2006_R1_R1].years	2007 2008 2009 2010
  tag_recapture[Tags2007_R1_R1].area	R1
  tag_recapture[Tags2007_R1_R1].class_mins	100 150 200 250 300 350 400 450 500 550 600 650 700 750 800 850 900 950 1000 1050 1100 1150 1200 1250 1300 1350 1400 1450 1500 1550 1600 1650 1700 1750 1800 1850 1900 1950 2000 2050
  tag_recapture[Tags2007_R1_R1].detection_probability	1
  tag_recapture[Tags2007_R1_R1].dispersion	1
  tag_recapture[Tags2007_R1_R1].do_bootstrap	True
  tag_recapture[Tags2007_R1_R1].plus_group	False
  tag_recapture[Tags2007_R1_R1].proportion_mortality	0.5
  tag_recapture[Tags2007_R1_R1].r	1e-11
  tag_recapture[Tags2007_R1_R1].recaptured_2008	0 0 0 0 0 0 0 0 0 5 5 9 15 30 18 22 17 11 9 7 2 3 1 0 0 1 1 0 0 0 0 0 0 0 0 0 0 0 0
  tag_recapture[Tags2007_R1_R1].recaptured_2009	0 0 0 0 0 0 0 0 0 0 1 5 9 23 22 19 12 11 8 5 6 5 0 0 0 0 0 0 0 0 0 1 0 0 0 0 0 0 0
  tag_recapture[Tags2007_R1_R1].recaptured_2010	0 0 0 0 0 0 0 0 0 0 1 4 7 12 14 19 14 9 8 5 4 2 2 5 0 0 0 0 0 1 0 0 0 0 0 0 0 0 0
  tag_recapture[Tags2007_R1_R1].sample	size
  tag_recapture[Tags2007_R1_R1].scanned_2008	0 0 0 2 28 344 2602 12332 40170 97884 182308 260086 291620 271378 224512 174626 131756 97934 71728 51120 35200 23658 15864 10828 7580 5410 3886 2772 1934 1300 826 490 266 132 58 24 8 2 0
  tag_recapture[Tags2007_R1_R1].scanned_2009	0 0 0 2 28 338 2596 13080 43468 101422 180382 255904 293398 278302 229716 175798 130724 96182 70174 50456 35360 24054 16060 10754 7362 5182 3714 2662 1866 1256 798 470 254 126 56 22 8 2 0
  tag_recapture[Tags2007_R1_R1].scanned_2010	0 0 0 2 30 342 2546 12914 45438 110634 193100 259840 288924 275666 231594 178066 131090 95240 68874 49434 34952 24134 16262 10830 7284 5028 3564 2550 1794 1212 770 454 246 120 54 22 8 2 0
  tag_recapture[Tags2007_R1_R1].step	1
  tag_recapture[Tags2007_R1_R1].tag_name	Tags2007_R1
  tag_recapture[Tags2007_R1_R1].years	2008 2009 2010
  tag_recapture[Tags2008_R1_R1].area	R1
  tag_recapture[Tags2008_R1_R1].class_mins	100 150 200 250 300 350 400 450 500 550 600 650 700 750 800 850 900 950 1000 1050 1100 1150 1200 1250 1300 1350 1400 1450 1500 1550 1600 1650 1700 1750 1800 1850 1900 1950 2000 2050
  tag_recapture[Tags2008_R1_R1].detection_probability	1
  tag_recapture[Tags2008_R1_R1].dispersion	1
  tag_recapture[Tags2008_R1_R1].do_bootstrap	True
  tag_recapture[Tags2008_R1_R1].plus_group	False
  tag_recapture[Tags2008_R1_R1].proportion_mortality	0.5
  tag_recapture[Tags2008_R1_R1].r	1e-11
  tag_recapture[Tags2008_R1_R1].recaptured_2009	0 0 0 0 0 0 0 0 0 0 5 17 18 30 22 25 18 15 2 3 6 2 0 0 0 0 0 0 0 0 0 0 0 0 0 0 0 0 0
  tag_recapture[Tags2008_R1_R1].recaptured_2010	0 0 0 0 0 0 0 0 1 0 2 7 15 26 25 21 11 10 5 2 7 0 0 0 0 0 1 0 0 0 0 0 0 0 0 0 0 0 0
  tag_recapture[Tags2008_R1_R1].sample	size
  tag_recapture[Tags2008_R1_R1].scanned_2009	0 0 0 2 28 338 2596 13080 43468 101422 180382 255904 293398 278302 229716 175798 130724 96182 70174 50456 35360 24054 16060 10754 7362 5182 3714 2662 1866 1256 798 470 254 126 56 22 8 2 0
  tag_recapture[Tags2008_R1_R1].scanned_2010	0 0 0 2 30 342 2546 12914 45438 110634 193100 259840 288924 275666 231594 178066 131090 95240 68874 49434 34952 24134 16262 10830 7284 5028 3564 2550 1794 1212 770 454 246 120 54 22 8 2 0
  tag_recapture[Tags2008_R1_R1].step	1
  tag_recapture[Tags2008_R1_R1].tag_name	Tags2008_R1
  tag_recapture[Tags2008_R1_R1].years	2009 2010
  tag_recapture[Tags2009_R1_R1].area	R1
  tag_recapture[Tags2009_R1_R1].class_mins	100 150 200 250 300 350 400 450 500 550 600 650 700 750 800 850 900 950 1000 1050 1100 1150 1200 1250 1300 1350 1400 1450 1500 1550 1600 1650 1700 1750 1800 1850 1900 1950 2000 2050
  tag_recapture[Tags2009_R1_R1].detection_probability	1
  tag_recapture[Tags2009_R1_R1].dispersion	1
  tag_recapture[Tags2009_R1_R1].do_bootstrap	True
  tag_recapture[Tags2009_R1_R1].plus_group	False
  tag_recapture[Tags2009_R1_R1].proportion_mortality	0.5
  tag_recapture[Tags2009_R1_R1].r	1e-11
  tag_recapture[Tags2009_R1_R1].recaptured_2010	0 0 0 0 0 0 0 0 0 1 1 10 28 29 33 20 14 8 9 4 3 0 1 0 0 0 0 0 0 0 0 0 0 0 0 0 0 0 0
  tag_recapture[Tags2009_R1_R1].sample	size
  tag_recapture[Tags2009_R1_R1].scanned_2010	0 0 0 2 30 342 2546 12914 45438 110634 193100 259840 288924 275666 231594 178066 131090 95240 68874 49434 34952 24134 16262 10830 7284 5028 3564 2550 1794 1212 770 454 246 120 54 22 8 2 0
  tag_recapture[Tags2009_R1_R1].step	1
  tag_recapture[Tags2009_R1_R1].tag_name	Tags2009_R1
  tag_recapture[Tags2009_R1_R1].years	2010
  vector_average_penalty[1].k   	1
  vector_average_penalty[1].label	meanYCS_1
  vector_average_penalty[1].multiplier	100
  vector_average_penalty[1].vector	recruitment.YCS
Stored as DOUBLEs: 
Stored as VECTORs: 
Stored as OGIVEs: 

Population parameters:
Stored as strings: 
  annual_cycle.M_props          	1
  annual_cycle.aging_time       	1
  annual_cycle.baranov          	False
  annual_cycle.fishery_areas    	R1
  annual_cycle.fishery_names    	LL1 LL2
  annual_cycle.fishery_times    	1 1
  annual_cycle.growth_props     	0
  annual_cycle.migrate_from     	R1
  annual_cycle.migrate_to       	R2
  annual_cycle.migration_names  	MoveRec_1_2
  annual_cycle.migration_times  	1
  annual_cycle.n_migrations     	0
  annual_cycle.recruitment_areas	R1
  annual_cycle.recruitment_time 	1
  annual_cycle.spawning_all_areas	1
  annual_cycle.spawning_p       	1
  annual_cycle.spawning_part_mort	0.5
  annual_cycle.spawning_time    	1
  annual_cycle.spawning_use_total_B	False
  annual_cycle.time_steps       	1
  area_names                    	R1
  current                       	2010
  final                         	2045
  first_random_year             	2007
  fishery[LL1].U_max            	0.95
  fishery[LL1].catches          	0 6000 6000 6000 6000 6000 6000 6000 6000 6000 6000 6000 6000 6000 6000 6000 6000 6000 6000 6000 6000
  fishery[LL1].future_constant_catches	200
  fishery[LL1].selectivity      	SelLL
  fishery[LL1].years            	1990 1991 1992 1993 1994 1995 1996 1997 1998 1999 2000 2001 2002 2003 2004 2005 2006 2007 2008 2009 2010
  fishery[LL2].U_max            	0.95
  fishery[LL2].catches          	0 6000 5684.21052631579 5368.42105263158 5052.63157894737 4736.84210526316 4421.05263157895 4105.26315789474 3789.47368421053 3473.68421052632 3157.89473684211 2842.1052631579 2526.31578947368 2210.52631578947 1894.73684210526 1578.94736842105 1263.15789473684 947.368421052632 631.578947368421 315.789473684211 0
  fishery[LL2].future_constant_catches	200
  fishery[LL2].selectivity      	SelLL
  fishery[LL2].years            	1990 1991 1992 1993 1994 1995 1996 1997 1998 1999 2000 2001 2002 2003 2004 2005 2006 2007 2008 2009 2010
  initial                       	1990
  initialization.B0             	448262
  mature_partition              	False
  maturity_props.all            	allvalues 0 0 0 0 0 0 0 0 0 0 0 0.1667 0.3333 0.5 0.6667 0.8333 1 1 1 1 1 1 1 1 1 1 1 1 1 1
  max_age                       	30
  min_age                       	1
  n_areas                       	1
  n_stocks                      	1
  n_tags                        	5
  natural_mortality.all         	0.155
  plus_group                    	True
  randomisation_method          	lognormal
  recruitment.SR                	BH
  recruitment.YCS               	1 1 1 1 1 1 1 1 1 1 1 1 1 1 1 1 1 1 1 1 1
  recruitment.YCS_years         	1989 1990 1991 1992 1993 1994 1995 1996 1997 1998 1999 2000 2001 2002 2003 2004 2005 2006 2007 2008 2009
  recruitment.first_free        	1989
  recruitment.last_free         	2006
  recruitment.p_male            	0.5
  recruitment.rho               	0
  recruitment.sigma_r           	0.6
  recruitment.steepness         	0.7
  recruitment.year_range        	1989 2006
  selectivity[SelLL].all        	double_normal 10 2 10
  selectivity_names             	SelLL
  sex_partition                 	False
  size_at_age.Linf              	2870
  size_at_age.by_length         	True
  size_at_age.cv                	0.1
  size_at_age.k                 	0.02056
  size_at_age.t0                	-4.2897
  size_at_age_dist              	normal
  size_at_age_type              	von_Bert
  size_based                    	False
  size_weight.a                 	2.59e-12
  size_weight.b                 	3.2064
  size_weight.verify_size_weight	500 0.5 1.5
  standardise_YCS               	True
  tag[Tags2005_R1_LL1].area     	R1
  tag[Tags2005_R1_LL1].class_mins	100 150 200 250 300 350 400 450 500 550 600 650 700 750 800 850 900 950 1000 1050 1100 1150 1200 1250 1300 1350 1400 1450 1500 1550 1600 1650 1700 1750 1800 1850 1900 1950 2000 2050
  tag[Tags2005_R1_LL1].mature_only	False
  tag[Tags2005_R1_LL1].mortality	0.1
  tag[Tags2005_R1_LL1].number   	2500
  tag[Tags2005_R1_LL1].ogive    	SelLL
  tag[Tags2005_R1_LL1].plus_group	False
  tag[Tags2005_R1_LL1].props_all	0 0 0 0 0 1e-04 8e-04 0.0048 0.0184 0.0472 0.088 0.1245 0.1388 0.1298 0.1103 0.0896 0.0694 0.0511 0.0362 0.0255 0.0183 0.0135 0.01 0.0073 0.0052 0.0037 0.0025 0.0018 0.0012 8e-04 5e-04 3e-04 2e-04 1e-04 0 0 0 0 0
  tag[Tags2005_R1_LL1].release_type	deterministic
  tag[Tags2005_R1_LL1].sex      	both
  tag[Tags2005_R1_LL1].step     	1
  tag[Tags2005_R1_LL1].tag_name 	Tags2005_R1
  tag[Tags2005_R1_LL1].year     	2005
  tag[Tags2006_R1_LL1].area     	R1
  tag[Tags2006_R1_LL1].class_mins	100 150 200 250 300 350 400 450 500 550 600 650 700 750 800 850 900 950 1000 1050 1100 1150 1200 1250 1300 1350 1400 1450 1500 1550 1600 1650 1700 1750 1800 1850 1900 1950 2000 2050
  tag[Tags2006_R1_LL1].mature_only	False
  tag[Tags2006_R1_LL1].mortality	0.1
  tag[Tags2006_R1_LL1].number   	2500
  tag[Tags2006_R1_LL1].ogive    	SelLL
  tag[Tags2006_R1_LL1].plus_group	False
  tag[Tags2006_R1_LL1].props_all	0 0 0 0 0 2e-04 0.0013 0.0058 0.0198 0.0485 0.0873 0.1222 0.1397 0.1351 0.1154 0.0921 0.0705 0.0511 0.0349 0.023 0.0152 0.0104 0.0075 0.0055 0.0041 0.0031 0.0023 0.0017 0.0012 9e-04 6e-04 3e-04 2e-04 1e-04 0 0 0 0 0
  tag[Tags2006_R1_LL1].release_type	deterministic
  tag[Tags2006_R1_LL1].sex      	both
  tag[Tags2006_R1_LL1].step     	1
  tag[Tags2006_R1_LL1].tag_name 	Tags2006_R1
  tag[Tags2006_R1_LL1].year     	2006
  tag[Tags2007_R1_LL1].area     	R1
  tag[Tags2007_R1_LL1].class_mins	100 150 200 250 300 350 400 450 500 550 600 650 700 750 800 850 900 950 1000 1050 1100 1150 1200 1250 1300 1350 1400 1450 1500 1550 1600 1650 1700 1750 1800 1850 1900 1950 2000 2050
  tag[Tags2007_R1_LL1].mature_only	False
  tag[Tags2007_R1_LL1].mortality	0.1
  tag[Tags2007_R1_LL1].number   	2500
  tag[Tags2007_R1_LL1].ogive    	SelLL
  tag[Tags2007_R1_LL1].plus_group	False
  tag[Tags2007_R1_LL1].props_all	0 0 0 0 0 1e-04 0.0011 0.0056 0.0193 0.0485 0.0889 0.124 0.139 0.1322 0.1118 0.0878 0.0669 0.0504 0.0372 0.0265 0.0183 0.0125 0.0087 0.0062 0.0045 0.0032 0.0024 0.0017 0.0012 8e-04 5e-04 3e-04 2e-04 1e-04 0 0 0 0 0
  tag[Tags2007_R1_LL1].release_type	deterministic
  tag[Tags2007_R1_LL1].sex      	both
  tag[Tags2007_R1_LL1].step     	1
  tag[Tags2007_R1_LL1].tag_name 	Tags2007_R1
  tag[Tags2007_R1_LL1].year     	2007
  tag[Tags2008_R1_LL1].area     	R1
  tag[Tags2008_R1_LL1].class_mins	100 150 200 250 300 350 400 450 500 550 600 650 700 750 800 850 900 950 1000 1050 1100 1150 1200 1250 1300 1350 1400 1450 1500 1550 1600 1650 1700 1750 1800 1850 1900 1950 2000 2050
  tag[Tags2008_R1_LL1].mature_only	False
  tag[Tags2008_R1_LL1].mortality	0.1
  tag[Tags2008_R1_LL1].number   	2500
  tag[Tags2008_R1_LL1].ogive    	SelLL
  tag[Tags2008_R1_LL1].plus_group	False
  tag[Tags2008_R1_LL1].props_all	0 0 0 0 0 1e-04 0.0012 0.0062 0.0205 0.0497 0.0924 0.1328 0.1497 0.1384 0.112 0.0842 0.0614 0.0445 0.0322 0.0228 0.0157 0.0106 0.0073 0.0052 0.0038 0.0029 0.0022 0.0016 0.0011 7e-04 4e-04 3e-04 1e-04 1e-04 0 0 0 0 0
  tag[Tags2008_R1_LL1].release_type	deterministic
  tag[Tags2008_R1_LL1].sex      	both
  tag[Tags2008_R1_LL1].step     	1
  tag[Tags2008_R1_LL1].tag_name 	Tags2008_R1
  tag[Tags2008_R1_LL1].year     	2008
  tag[Tags2009_R1_LL1].area     	R1
  tag[Tags2009_R1_LL1].class_mins	100 150 200 250 300 350 400 450 500 550 600 650 700 750 800 850 900 950 1000 1050 1100 1150 1200 1250 1300 1350 1400 1450 1500 1550 1600 1650 1700 1750 1800 1850 1900 1950 2000 2050
  tag[Tags2009_R1_LL1].mature_only	False
  tag[Tags2009_R1_LL1].mortality	0.1
  tag[Tags2009_R1_LL1].number   	2500
  tag[Tags2009_R1_LL1].ogive    	SelLL
  tag[Tags2009_R1_LL1].plus_group	False
  tag[Tags2009_R1_LL1].props_all	0 0 0 0 0 1e-04 0.0012 0.0063 0.0213 0.0502 0.0897 0.1266 0.1435 0.135 0.1117 0.0864 0.065 0.0482 0.0352 0.0253 0.0178 0.0122 0.0082 0.0055 0.0037 0.0025 0.0017 0.0011 7e-04 4e-04 3e-04 1e-04 1e-04 0 0 0 0 0 0
  tag[Tags2009_R1_LL1].release_type	deterministic
  tag[Tags2009_R1_LL1].sex      	both
  tag[Tags2009_R1_LL1].step     	1
  tag[Tags2009_R1_LL1].tag_name 	Tags2009_R1
  tag[Tags2009_R1_LL1].year     	2009
  tag_growth_loss[Tags2005_R1].nogrowth_period	0
  tag_growth_loss[Tags2006_R1].nogrowth_period	0
  tag_growth_loss[Tags2007_R1].nogrowth_period	0
  tag_growth_loss[Tags2008_R1].nogrowth_period	0
  tag_growth_loss[Tags2009_R1].nogrowth_period	0
  tag_loss_props                	1
  tag_names                     	Tags2005_R1 Tags2006_R1 Tags2007_R1 Tags2008_R1 Tags2009_R1
  tag_shedding_rate             	0.0084 0.0084 0.0084 0.0084 0.0084
  y_enter                       	1
Stored as DOUBLEs: 
Stored as VECTORs: 
Stored as OGIVEs: 

Output parameters:
Stored as strings: 
  n_projections                 	100
  numbers_at[Numbers_at_age_R1].area	R1
  numbers_at[Numbers_at_age_R1].proportion_mortality	0.5
  numbers_at[Numbers_at_age_R1].step	1
  numbers_at[Numbers_at_age_R1].years	1990 1991 1992 1993 1994 1995 1996 1997 1998 1999 2000 2001 2002 2003 2004 2005 2006 2007 2008 2009 2010
  print.covariance              	true
  print.estimation_section      	true
  print.final_state             	false
  print.fits                    	true
  print.fits_every_eval         	false
  print.initial_state           	false
  print.normalised_resids       	true
  print.objective_every_eval    	false
  print.parameter_vector_every_eval	false
  print.parameters              	true
  print.parameters_every_eval   	false
  print.pearson_resids          	true
  print.requests                	false
  print.resids                  	true
  print.results                 	false
  print.state_annually          	false
  print.state_every_step        	false
  print.unused_parameters       	true
  print.yields                  	true
  quantities.B0                 	true
  quantities.R0                 	true
  quantities.SSBs               	true
  quantities.YCS                	true
  quantities.actual_catches     	false
  quantities.all_free_parameters	true
  quantities.fishing_pressures  	true
  quantities.nuisance_qs        	true
  quantities.recruitments       	true
  quantities.true_YCS           	true
Stored as DOUBLEs: 
Stored as VECTORs: 
Stored as OGIVEs: 

A fish of size 500 cm has a weight of 1.16755 kg in your model. This size-weight scale check assumes that the growth curve is in centimetres, and that the catch is in tonnes.

A fish of size 500 cm has a weight of 1.16755 kg in your model. This size-weight scale check assumes that the growth curve is in centimetres, and that the catch is in tonnes.

Estimation section :

Objective function: Bayes

Minimiser convergence threshold: 0.001


Observations:

The observations are:
LL1_catchA
Tags2005_R1_R1
Tags2006_R1_R1
Tags2007_R1_R1
Tags2008_R1_R1
Tags2009_R1_R1
Fits follow:

LL1_catchA :
catch proportions-at-age for fishery LL1  with ageing error (constrained to sum to 1):
obs (last class is a plus group):
class 1       2       3       4       5       6       7       8       9       10      11      12      13      14      15      16      17      18      19      20      21      22      23      24      25      26      27      28      29      30      
2000 0       0       0       0       0       0.01    0.06    0.11    0.13    0.18    0.14    0.06    0.07    0.05    0.05    0.02    0.02    0.04    0.02    0       0.01    0       0       0.01    0.02    0       0       0       0       0       
2001 0       0       0       0       0       0.01    0.07    0.13    0.16    0.19    0.11    0.06    0.07    0.09    0.02    0.03    0.01    0       0.01    0       0.01    0.01    0       0.01    0       0       0       0       0       0.01    
2002 0       0       0       0       0       0.04    0.06    0.13    0.17    0.13    0.11    0.1     0.07    0.06    0.04    0.01    0.04    0.01    0       0.01    0       0       0.01    0.01    0       0       0       0       0       0       
2003 0       0       0       0       0       0.02    0.09    0.13    0.16    0.12    0.13    0.1     0.07    0.03    0.07    0.02    0.03    0       0.01    0       0.01    0       0.01    0       0       0       0       0       0       0       
2004 0       0       0       0       0       0.01    0.06    0.14    0.12    0.1     0.16    0.14    0.06    0.04    0.04    0.02    0.03    0.02    0.02    0.01    0       0.01    0       0.02    0       0       0       0       0       0       
2005 0       0       0       0       0       0.02    0.07    0.1     0.17    0.06    0.11    0.12    0.08    0.05    0.05    0.04    0.04    0.02    0.01    0.02    0.01    0       0.01    0       0       0.01    0       0       0       0.01    
2006 0       0       0       0       0.01    0.02    0.08    0.05    0.21    0.19    0.15    0.09    0.07    0.04    0.04    0.01    0.01    0       0.01    0.02    0       0       0       0       0       0       0       0       0       0       
2007 0       0       0       0       0       0.02    0.07    0.14    0.18    0.09    0.1     0.1     0.07    0.09    0.01    0.02    0.04    0.04    0.01    0.01    0.01    0       0       0       0       0       0       0       0       0       
2008 0       0       0       0       0       0.03    0.05    0.11    0.19    0.12    0.07    0.12    0.02    0.08    0.05    0.09    0.04    0.01    0.01    0       0       0.01    0       0       0       0       0       0       0       0       
2009 0       0       0       0       0.01    0.03    0.1     0.12    0.14    0.11    0.13    0.04    0.09    0.05    0.06    0.03    0.03    0.02    0.02    0.01    0       0.01    0       0       0       0       0       0       0       0       
2010 0       0       0       0       0       0.01    0.02    0.13    0.21    0.13    0.12    0.07    0.09    0.04    0.08    0.01    0.02    0.04    0.01    0.01    0       0       0       0       0.01    0       0       0       0       0       
objective function: multinomial likelihood, with delta = 1e-011, N =
100 100 100 100 100 100 100 100 100 100 100 100 100 100 100 100 100 100 100 100 100 100 100 100 100 100 100 100 100 100 
100 100 100 100 100 100 100 100 100 100 100 100 100 100 100 100 100 100 100 100 100 100 100 100 100 100 100 100 100 100 
100 100 100 100 100 100 100 100 100 100 100 100 100 100 100 100 100 100 100 100 100 100 100 100 100 100 100 100 100 100 
100 100 100 100 100 100 100 100 100 100 100 100 100 100 100 100 100 100 100 100 100 100 100 100 100 100 100 100 100 100 
100 100 100 100 100 100 100 100 100 100 100 100 100 100 100 100 100 100 100 100 100 100 100 100 100 100 100 100 100 100 
100 100 100 100 100 100 100 100 100 100 100 100 100 100 100 100 100 100 100 100 100 100 100 100 100 100 100 100 100 100 
100 100 100 100 100 100 100 100 100 100 100 100 100 100 100 100 100 100 100 100 100 100 100 100 100 100 100 100 100 100 
100 100 100 100 100 100 100 100 100 100 100 100 100 100 100 100 100 100 100 100 100 100 100 100 100 100 100 100 100 100 
100 100 100 100 100 100 100 100 100 100 100 100 100 100 100 100 100 100 100 100 100 100 100 100 100 100 100 100 100 100 
100 100 100 100 100 100 100 100 100 100 100 100 100 100 100 100 100 100 100 100 100 100 100 100 100 100 100 100 100 100 
100 100 100 100 100 100 100 100 100 100 100 100 100 100 100 100 100 100 100 100 100 100 100 100 100 100 100 100 100 100 

Tags2005_R1_R1 :
tag-recapture data for tag Tags2005_R1 in years 2006 2007 2008 2009 2010 , step 1, after proportion 0.5 of mortality, with sampling method size, detection probability 1.
Year 2006
class scanned recaptured
100 0 0
150 0 0
200 0 0
250 2 0
300 28 0
350 320 0
400 2302 0
450 11502 0
500 39770 0
550 96806 1
600 173902 0
650 243624 10
700 277690 27
750 266092 33
800 224820 25
850 178122 27
900 136978 20
950 101584 14
1000 71958 11
1050 49292 13
1100 33518 7
1150 23134 1
1200 16316 0
1250 11662 0
1300 8346 1
1350 5944 1
1400 4222 1
1450 2988 0
1500 2086 0
1550 1406 0
1600 896 0
1650 530 0
1700 286 0
1750 140 0
1800 62 0
1850 24 0
1900 8 0
1950 2 0
2000 0 0


Year 2007
class scanned recaptured
100 0 0
150 0 0
200 0 0
250 2 0
300 28 0
350 344 0
400 2442 0
450 11568 0
500 39724 0
550 99366 0
600 181960 0
650 252416 11
700 280488 10
750 265182 22
800 224010 16
850 176300 22
900 134278 21
950 100438 15
1000 72920 8
1050 50898 5
1100 34514 2
1150 23278 0
1200 15942 0
1250 11162 2
1300 7944 0
1350 5686 1
1400 4062 0
1450 2880 0
1500 2006 0
1550 1350 0
1600 862 0
1650 512 0
1700 278 0
1750 138 0
1800 62 0
1850 24 0
1900 8 0
1950 2 0
2000 0 0


Year 2008
class scanned recaptured
100 0 0
150 0 0
200 0 0
250 2 0
300 28 0
350 344 0
400 2602 0
450 12332 0
500 40170 0
550 97884 0
600 182308 0
650 260086 3
700 291620 3
750 271378 10
800 224512 10
850 174626 8
900 131756 17
950 97934 9
1000 71728 8
1050 51120 4
1100 35200 4
1150 23658 2
1200 15864 0
1250 10828 0
1300 7580 0
1350 5410 1
1400 3886 0
1450 2772 0
1500 1934 0
1550 1300 0
1600 826 0
1650 490 0
1700 266 0
1750 132 0
1800 58 0
1850 24 0
1900 8 0
1950 2 0
2000 0 0


Year 2009
class scanned recaptured
100 0 0
150 0 0
200 0 0
250 2 0
300 28 0
350 338 0
400 2596 0
450 13080 0
500 43468 0
550 101422 0
600 180382 1
650 255904 0
700 293398 5
750 278302 11
800 229716 11
850 175798 16
900 130724 16
950 96182 17
1000 70174 12
1050 50456 9
1100 35360 4
1150 24054 4
1200 16060 0
1250 10754 0
1300 7362 0
1350 5182 0
1400 3714 2
1450 2662 0
1500 1866 0
1550 1256 0
1600 798 0
1650 470 0
1700 254 0
1750 126 0
1800 56 0
1850 22 0
1900 8 0
1950 2 0
2000 0 0


Year 2010
class scanned recaptured
100 0 0
150 0 0
200 0 0
250 2 0
300 30 0
350 342 0
400 2546 0
450 12914 0
500 45438 0
550 110634 0
600 193100 0
650 259840 1
700 288924 0
750 275666 5
800 231594 8
850 178066 13
900 131090 4
950 95240 7
1000 68874 8
1050 49434 5
1100 34952 3
1150 24134 1
1200 16262 2
1250 10830 0
1300 7284 0
1350 5028 1
1400 3564 0
1450 2550 0
1500 1794 1
1550 1212 0
1600 770 0
1650 454 0
1700 246 0
1750 120 0
1800 54 0
1850 22 0
1900 8 0
1950 2 0
2000 0 0


Tags2006_R1_R1 :
tag-recapture data for tag Tags2006_R1 in years 2007 2008 2009 2010 , step 1, after proportion 0.5 of mortality, with sampling method size, detection probability 1.
Year 2007
class scanned recaptured
100 0 0
150 0 0
200 0 0
250 2 0
300 28 0
350 344 0
400 2442 0
450 11568 0
500 39724 0
550 99366 1
600 181960 3
650 252416 11
700 280488 26
750 265182 27
800 224010 32
850 176300 20
900 134278 11
950 100438 12
1000 72920 8
1050 50898 3
1100 34514 2
1150 23278 2
1200 15942 0
1250 11162 0
1300 7944 1
1350 5686 0
1400 4062 0
1450 2880 0
1500 2006 0
1550 1350 0
1600 862 0
1650 512 0
1700 278 0
1750 138 0
1800 62 0
1850 24 0
1900 8 0
1950 2 0
2000 0 0


Year 2008
class scanned recaptured
100 0 0
150 0 0
200 0 0
250 2 0
300 28 0
350 344 0
400 2602 0
450 12332 0
500 40170 0
550 97884 1
600 182308 2
650 260086 11
700 291620 14
750 271378 17
800 224512 24
850 174626 20
900 131756 19
950 97934 15
1000 71728 10
1050 51120 4
1100 35200 2
1150 23658 3
1200 15864 3
1250 10828 2
1300 7580 0
1350 5410 0
1400 3886 0
1450 2772 0
1500 1934 0
1550 1300 0
1600 826 0
1650 490 0
1700 266 0
1750 132 0
1800 58 0
1850 24 0
1900 8 0
1950 2 0
2000 0 0


Year 2009
class scanned recaptured
100 0 0
150 0 0
200 0 0
250 2 0
300 28 0
350 338 0
400 2596 0
450 13080 0
500 43468 0
550 101422 1
600 180382 1
650 255904 4
700 293398 15
750 278302 9
800 229716 25
850 175798 19
900 130724 17
950 96182 11
1000 70174 8
1050 50456 4
1100 35360 10
1150 24054 2
1200 16060 2
1250 10754 1
1300 7362 0
1350 5182 0
1400 3714 0
1450 2662 0
1500 1866 0
1550 1256 0
1600 798 0
1650 470 0
1700 254 0
1750 126 0
1800 56 0
1850 22 0
1900 8 0
1950 2 0
2000 0 0


Year 2010
class scanned recaptured
100 0 0
150 0 0
200 0 0
250 2 0
300 30 0
350 342 0
400 2546 0
450 12914 0
500 45438 0
550 110634 0
600 193100 0
650 259840 3
700 288924 11
750 275666 8
800 231594 15
850 178066 15
900 131090 12
950 95240 15
1000 68874 4
1050 49434 9
1100 34952 4
1150 24134 3
1200 16262 0
1250 10830 0
1300 7284 0
1350 5028 0
1400 3564 0
1450 2550 0
1500 1794 0
1550 1212 0
1600 770 0
1650 454 0
1700 246 0
1750 120 0
1800 54 0
1850 22 0
1900 8 0
1950 2 0
2000 0 0


Tags2007_R1_R1 :
tag-recapture data for tag Tags2007_R1 in years 2008 2009 2010 , step 1, after proportion 0.5 of mortality, with sampling method size, detection probability 1.
Year 2008
class scanned recaptured
100 0 0
150 0 0
200 0 0
250 2 0
300 28 0
350 344 0
400 2602 0
450 12332 0
500 40170 0
550 97884 5
600 182308 5
650 260086 9
700 291620 15
750 271378 30
800 224512 18
850 174626 22
900 131756 17
950 97934 11
1000 71728 9
1050 51120 7
1100 35200 2
1150 23658 3
1200 15864 1
1250 10828 0
1300 7580 0
1350 5410 1
1400 3886 1
1450 2772 0
1500 1934 0
1550 1300 0
1600 826 0
1650 490 0
1700 266 0
1750 132 0
1800 58 0
1850 24 0
1900 8 0
1950 2 0
2000 0 0


Year 2009
class scanned recaptured
100 0 0
150 0 0
200 0 0
250 2 0
300 28 0
350 338 0
400 2596 0
450 13080 0
500 43468 0
550 101422 0
600 180382 1
650 255904 5
700 293398 9
750 278302 23
800 229716 22
850 175798 19
900 130724 12
950 96182 11
1000 70174 8
1050 50456 5
1100 35360 6
1150 24054 5
1200 16060 0
1250 10754 0
1300 7362 0
1350 5182 0
1400 3714 0
1450 2662 0
1500 1866 0
1550 1256 0
1600 798 0
1650 470 1
1700 254 0
1750 126 0
1800 56 0
1850 22 0
1900 8 0
1950 2 0
2000 0 0


Year 2010
class scanned recaptured
100 0 0
150 0 0
200 0 0
250 2 0
300 30 0
350 342 0
400 2546 0
450 12914 0
500 45438 0
550 110634 0
600 193100 1
650 259840 4
700 288924 7
750 275666 12
800 231594 14
850 178066 19
900 131090 14
950 95240 9
1000 68874 8
1050 49434 5
1100 34952 4
1150 24134 2
1200 16262 2
1250 10830 5
1300 7284 0
1350 5028 0
1400 3564 0
1450 2550 0
1500 1794 0
1550 1212 1
1600 770 0
1650 454 0
1700 246 0
1750 120 0
1800 54 0
1850 22 0
1900 8 0
1950 2 0
2000 0 0


Tags2008_R1_R1 :
tag-recapture data for tag Tags2008_R1 in years 2009 2010 , step 1, after proportion 0.5 of mortality, with sampling method size, detection probability 1.
Year 2009
class scanned recaptured
100 0 0
150 0 0
200 0 0
250 2 0
300 28 0
350 338 0
400 2596 0
450 13080 0
500 43468 0
550 101422 0
600 180382 5
650 255904 17
700 293398 18
750 278302 30
800 229716 22
850 175798 25
900 130724 18
950 96182 15
1000 70174 2
1050 50456 3
1100 35360 6
1150 24054 2
1200 16060 0
1250 10754 0
1300 7362 0
1350 5182 0
1400 3714 0
1450 2662 0
1500 1866 0
1550 1256 0
1600 798 0
1650 470 0
1700 254 0
1750 126 0
1800 56 0
1850 22 0
1900 8 0
1950 2 0
2000 0 0


Year 2010
class scanned recaptured
100 0 0
150 0 0
200 0 0
250 2 0
300 30 0
350 342 0
400 2546 0
450 12914 0
500 45438 1
550 110634 0
600 193100 2
650 259840 7
700 288924 15
750 275666 26
800 231594 25
850 178066 21
900 131090 11
950 95240 10
1000 68874 5
1050 49434 2
1100 34952 7
1150 24134 0
1200 16262 0
1250 10830 0
1300 7284 0
1350 5028 0
1400 3564 1
1450 2550 0
1500 1794 0
1550 1212 0
1600 770 0
1650 454 0
1700 246 0
1750 120 0
1800 54 0
1850 22 0
1900 8 0
1950 2 0
2000 0 0


Tags2009_R1_R1 :
tag-recapture data for tag Tags2009_R1 in years 2010 , step 1, after proportion 0.5 of mortality, with sampling method size, detection probability 1.
Year 2010
class scanned recaptured
100 0 0
150 0 0
200 0 0
250 2 0
300 30 0
350 342 0
400 2546 0
450 12914 0
500 45438 0
550 110634 1
600 193100 1
650 259840 10
700 288924 28
750 275666 29
800 231594 33
850 178066 20
900 131090 14
950 95240 8
1000 68874 9
1050 49434 4
1100 34952 3
1150 24134 0
1200 16262 1
1250 10830 0
1300 7284 0
1350 5028 0
1400 3564 0
1450 2550 0
1500 1794 0
1550 1212 0
1600 770 0
1650 454 0
1700 246 0
1750 120 0
1800 54 0
1850 22 0
1900 8 0
1950 2 0
2000 0 0



Ageing_error:
  Misclassification matrix:
1 0 0 0 0 0 0 0 0 0 0 0 0 0 0 0 0 0 0 0 0 0 0 0 0 0 0 0 0 0 
0 1 0 0 0 0 0 0 0 0 0 0 0 0 0 0 0 0 0 0 0 0 0 0 0 0 0 0 0 0 
0 0 1 0 0 0 0 0 0 0 0 0 0 0 0 0 0 0 0 0 0 0 0 0 0 0 0 0 0 0 
0 0 0 1 0 0 0 0 0 0 0 0 0 0 0 0 0 0 0 0 0 0 0 0 0 0 0 0 0 0 
0 0 0 0 1 0 0 0 0 0 0 0 0 0 0 0 0 0 0 0 0 0 0 0 0 0 0 0 0 0 
0 0 0 0 0 1 0 0 0 0 0 0 0 0 0 0 0 0 0 0 0 0 0 0 0 0 0 0 0 0 
0 0 0 0 0 0 1 0 0 0 0 0 0 0 0 0 0 0 0 0 0 0 0 0 0 0 0 0 0 0 
0 0 0 0 0 0 0 1 0 0 0 0 0 0 0 0 0 0 0 0 0 0 0 0 0 0 0 0 0 0 
0 0 0 0 0 0 0 0 1 0 0 0 0 0 0 0 0 0 0 0 0 0 0 0 0 0 0 0 0 0 
0 0 0 0 0 0 0 0 0 1 0 0 0 0 0 0 0 0 0 0 0 0 0 0 0 0 0 0 0 0 
0 0 0 0 0 0 0 0 0 0 1 0 0 0 0 0 0 0 0 0 0 0 0 0 0 0 0 0 0 0 
0 0 0 0 0 0 0 0 0 0 0 1 0 0 0 0 0 0 0 0 0 0 0 0 0 0 0 0 0 0 
0 0 0 0 0 0 0 0 0 0 0 0 1 0 0 0 0 0 0 0 0 0 0 0 0 0 0 0 0 0 
0 0 0 0 0 0 0 0 0 0 0 0 0 1 0 0 0 0 0 0 0 0 0 0 0 0 0 0 0 0 
0 0 0 0 0 0 0 0 0 0 0 0 0 0 1 0 0 0 0 0 0 0 0 0 0 0 0 0 0 0 
0 0 0 0 0 0 0 0 0 0 0 0 0 0 0 1 0 0 0 0 0 0 0 0 0 0 0 0 0 0 
0 0 0 0 0 0 0 0 0 0 0 0 0 0 0 0 1 0 0 0 0 0 0 0 0 0 0 0 0 0 
0 0 0 0 0 0 0 0 0 0 0 0 0 0 0 0 0 1 0 0 0 0 0 0 0 0 0 0 0 0 
0 0 0 0 0 0 0 0 0 0 0 0 0 0 0 0 0 0 1 0 0 0 0 0 0 0 0 0 0 0 
0 0 0 0 0 0 0 0 0 0 0 0 0 0 0 0 0 0 0 1 0 0 0 0 0 0 0 0 0 0 
0 0 0 0 0 0 0 0 0 0 0 0 0 0 0 0 0 0 0 0 1 0 0 0 0 0 0 0 0 0 
0 0 0 0 0 0 0 0 0 0 0 0 0 0 0 0 0 0 0 0 0 1 0 0 0 0 0 0 0 0 
0 0 0 0 0 0 0 0 0 0 0 0 0 0 0 0 0 0 0 0 0 0 1 0 0 0 0 0 0 0 
0 0 0 0 0 0 0 0 0 0 0 0 0 0 0 0 0 0 0 0 0 0 0 1 0 0 0 0 0 0 
0 0 0 0 0 0 0 0 0 0 0 0 0 0 0 0 0 0 0 0 0 0 0 0 1 0 0 0 0 0 
0 0 0 0 0 0 0 0 0 0 0 0 0 0 0 0 0 0 0 0 0 0 0 0 0 1 0 0 0 0 
0 0 0 0 0 0 0 0 0 0 0 0 0 0 0 0 0 0 0 0 0 0 0 0 0 0 1 0 0 0 
0 0 0 0 0 0 0 0 0 0 0 0 0 0 0 0 0 0 0 0 0 0 0 0 0 0 0 1 0 0 
0 0 0 0 0 0 0 0 0 0 0 0 0 0 0 0 0 0 0 0 0 0 0 0 0 0 0 0 1 0 
0 0 0 0 0 0 0 0 0 0 0 0 0 0 0 0 0 0 0 0 0 0 0 0 0 0 0 0 0 1 

Free parameters:

initialization.B0
uniform: bounds from 5000 to 500000
current value: 448262
lower bound: 5000
upper bound: 500000


Q's:
qs are nuisance parameters

Penalties:
LL1_Penalty :
Catch limit penalty of 1000 x the sum of squares of (log(actual catch) - log(specified catch)) for fishery LL1 to disencourage breaking exploitation rate limits
LL2_Penalty :
Catch limit penalty of 1000 x the sum of squares of (log(actual catch) - log(specified catch)) for fishery LL2 to disencourage breaking exploitation rate limits
meanYCS_1 :
Vector average penalty of 100 x square of (mean(recruitment.YCS) - 1) 
Penalty_Tags2005_R1_LL1 :
'Fish-must-be-tagged' penalty of 1 x square of (actual number of tagged fish - nominal number of tagged fish) for tagging episode Tags2005_R1_LL1
Penalty_Tags2006_R1_LL1 :
'Fish-must-be-tagged' penalty of 1 x square of (actual number of tagged fish - nominal number of tagged fish) for tagging episode Tags2006_R1_LL1
Penalty_Tags2007_R1_LL1 :
'Fish-must-be-tagged' penalty of 1 x square of (actual number of tagged fish - nominal number of tagged fish) for tagging episode Tags2007_R1_LL1
Penalty_Tags2008_R1_LL1 :
'Fish-must-be-tagged' penalty of 1 x square of (actual number of tagged fish - nominal number of tagged fish) for tagging episode Tags2008_R1_LL1
Penalty_Tags2009_R1_LL1 :
'Fish-must-be-tagged' penalty of 1 x square of (actual number of tagged fish - nominal number of tagged fish) for tagging episode Tags2009_R1_LL1

Components of the objective function are:
  LL1_catchA
  Tags2005_R1_R1
  Tags2006_R1_R1
  Tags2007_R1_R1
  Tags2008_R1_R1
  Tags2009_R1_R1
  prior_on_initialization.B0
  LL1_Penalty
  LL2_Penalty
  meanYCS_1
  Penalty_Tags2005_R1_LL1
  Penalty_Tags2006_R1_LL1
  Penalty_Tags2007_R1_LL1
  Penalty_Tags2008_R1_LL1
  Penalty_Tags2009_R1_LL1

Random number seed : 89009


Minimiser achieved convergence after 9 quasi-Newton iterations using 12 objective function evaluations



Approximate Covariance matrix (Inverse Hessian of parameters at point estimate):
1.08494e+007 

Correlation matrix:
1 

List of parameter names, in the same order as the rows & cols of the covariance/correlation matrices:
initialization.B0 



Start extracting output from here

Point estimate:
initialization.B0
current value: 208034
lower bound: 5000
upper bound: 500000


In a format suitable for -i :

initialization.B0 
208034 

Objective function : 903.161

Components :
LL1_catchA                                         365.473
Tags2005_R1_R1                                     181.415
Tags2006_R1_R1                                     136.882
Tags2007_R1_R1                                     114.182
Tags2008_R1_R1                                     72.3947
Tags2009_R1_R1                                     32.8152
prior_on_initialization.B0                         0
LL1_Penalty                                        0
LL2_Penalty                                        0
meanYCS_1                                          0
Penalty_Tags2005_R1_LL1                            0
Penalty_Tags2006_R1_LL1                            8.27181e-025
Penalty_Tags2007_R1_LL1                            2.06795e-025
Penalty_Tags2008_R1_LL1                            2.06795e-025
Penalty_Tags2009_R1_LL1                            8.27181e-025

Fits : 

The observations are:
LL1_catchA
Tags2005_R1_R1
Tags2006_R1_R1
Tags2007_R1_R1
Tags2008_R1_R1
Tags2009_R1_R1
Fits follow:

LL1_catchA :
catch proportions-at-age for fishery LL1  with ageing error (constrained to sum to 1):
obs (last class is a plus group):
class 1       2       3       4       5       6       7       8       9       10      11      12      13      14      15      16      17      18      19      20      21      22      23      24      25      26      27      28      29      30      
2000 0       0       0       0       0       0.01    0.06    0.11    0.13    0.18    0.14    0.06    0.07    0.05    0.05    0.02    0.02    0.04    0.02    0       0.01    0       0       0.01    0.02    0       0       0       0       0       
2001 0       0       0       0       0       0.01    0.07    0.13    0.16    0.19    0.11    0.06    0.07    0.09    0.02    0.03    0.01    0       0.01    0       0.01    0.01    0       0.01    0       0       0       0       0       0.01    
2002 0       0       0       0       0       0.04    0.06    0.13    0.17    0.13    0.11    0.1     0.07    0.06    0.04    0.01    0.04    0.01    0       0.01    0       0       0.01    0.01    0       0       0       0       0       0       
2003 0       0       0       0       0       0.02    0.09    0.13    0.16    0.12    0.13    0.1     0.07    0.03    0.07    0.02    0.03    0       0.01    0       0.01    0       0.01    0       0       0       0       0       0       0       
2004 0       0       0       0       0       0.01    0.06    0.14    0.12    0.1     0.16    0.14    0.06    0.04    0.04    0.02    0.03    0.02    0.02    0.01    0       0.01    0       0.02    0       0       0       0       0       0       
2005 0       0       0       0       0       0.02    0.07    0.1     0.17    0.06    0.11    0.12    0.08    0.05    0.05    0.04    0.04    0.02    0.01    0.02    0.01    0       0.01    0       0       0.01    0       0       0       0.01    
2006 0       0       0       0       0.01    0.02    0.08    0.05    0.21    0.19    0.15    0.09    0.07    0.04    0.04    0.01    0.01    0       0.01    0.02    0       0       0       0       0       0       0       0       0       0       
2007 0       0       0       0       0       0.02    0.07    0.14    0.18    0.09    0.1     0.1     0.07    0.09    0.01    0.02    0.04    0.04    0.01    0.01    0.01    0       0       0       0       0       0       0       0       0       
2008 0       0       0       0       0       0.03    0.05    0.11    0.19    0.12    0.07    0.12    0.02    0.08    0.05    0.09    0.04    0.01    0.01    0       0       0.01    0       0       0       0       0       0       0       0       
2009 0       0       0       0       0.01    0.03    0.1     0.12    0.14    0.11    0.13    0.04    0.09    0.05    0.06    0.03    0.03    0.02    0.02    0.01    0       0.01    0       0       0       0       0       0       0       0       
2010 0       0       0       0       0       0.01    0.02    0.13    0.21    0.13    0.12    0.07    0.09    0.04    0.08    0.01    0.02    0.04    0.01    0.01    0       0       0       0       0.01    0       0       0       0       0       
fits (last class is a plus group):
class 1       2       3       4       5       6       7       8       9       10      11      12      13      14      15      16      17      18      19      20      21      22      23      24      25      26      27      28      29      30      
2000 5.31432e-007 8.71558e-006 0.000101061 0.000828414 0.0047993 0.0196342 0.0565492 0.113765 0.158014 0.150535 0.117974 0.0912483 0.0697708 0.0528258 0.0396836 0.0296884 0.022288 0.0169665 0.0131459 0.0102256 0.00788319 0.00601499 0.00453614 0.00337655 0.00247777 0.00179055 0.0012731 0.000890022 0.000611495 0.00309381 
2001 5.31346e-007 8.7138e-006 0.000101051 0.000828531 0.00480173 0.0196534 0.0566375 0.114027 0.15853 0.151447 0.118908 0.0919577 0.070266 0.0531336 0.039822 0.0296352 0.0219768 0.016361 0.0123535 0.00949445 0.00732493 0.00559945 0.00423503 0.00316446 0.00233278 0.00169448 0.00121149 0.000851825 0.000588638 0.00305287 
2002 5.3042e-007 8.69715e-006 0.000100854 0.000826998 0.00479402 0.0196294 0.056599 0.114042 0.15874 0.151878 0.119611 0.0926706 0.0707984 0.0534973 0.0400408 0.029726 0.0219259 0.0161223 0.0119037 0.00891442 0.00679452 0.00519726 0.00393777 0.00295063 0.00218329 0.00159304 0.00114478 0.000809347 0.000562479 0.00299786 
2003 5.28886e-007 8.66957e-006 0.000100517 0.000824201 0.00477831 0.0195703 0.0564552 0.113845 0.158683 0.152111 0.120016 0.093268 0.0713821 0.0539251 0.040328 0.0298956 0.0219948 0.016084 0.0117277 0.00858689 0.00637636 0.00481795 0.00365223 0.00274118 0.00203381 0.0014894 0.00107504 0.000763874 0.000533769 0.00292984 
2004 5.26935e-007 8.63435e-006 0.000100081 0.000820485 0.00475658 0.0194838 0.0562267 0.113475 0.1584  0.152169 0.120336 0.0936885 0.0719185 0.0544229 0.0406858 0.0301322 0.0221334 0.0161415 0.0117029 0.00846075 0.00614167 0.00452043 0.00338444 0.00254115 0.00188828 0.00138643 0.00100429 0.000716709 0.000503302 0.00285003 
2005 5.24725e-007 8.59419e-006 9.95778e-005 0.000816135 0.00473059 0.0193771 0.0559326 0.112964 0.157927 0.152074 0.120575 0.0940865 0.0723528 0.0549105 0.0411153 0.0304351 0.0223309 0.0162566 0.0117523 0.00844671 0.00605308 0.00435448 0.00317524 0.00235433 0.00174989 0.00128664 0.000934341 0.00066911 0.000471891 0.00275978 
2006 5.22391e-007 8.55139e-006 9.90363e-005 0.000811393 0.00470181 0.0192566 0.0555913 0.112346 0.1573  0.151848 0.120737 0.0944565 0.0727971 0.0553408 0.0415523 0.0308024 0.0225851 0.0164201 0.011847 0.00848851 0.00604627 0.00429317 0.00305922 0.00220885 0.00162105 0.00119205 0.000866783 0.000622231 0.000440322 0.00266066 
2007 5.20024e-007 8.50755e-006 9.84759e-005 0.000806431 0.00467133 0.0191271 0.0552174 0.111649 0.156554 0.151511 0.120828 0.0947939 0.0732415 0.0557953 0.0419585 0.0311845 0.0228935 0.0166297 0.01198 0.00856502 0.00608066 0.00429065 0.00301721 0.00212853 0.00152093 0.00110417 0.000802889 0.000577062 0.000409313 0.00255432 
2008 5.17695e-007 8.46396e-006 9.79127e-005 0.000801391 0.00464002 0.0189925 0.0548233 0.1109  0.15572 0.151085 0.120855 0.095096 0.0736768 0.0562625 0.0423924 0.0315503 0.0232179 0.0168826 0.0121489 0.00867062 0.00614084 0.00431795 0.00301689 0.00209995 0.00146585 0.00103599 0.000743621 0.000534413 0.000379489 0.0024425 
2009 5.15447e-007 8.4215e-006 9.73584e-005 0.000796378 0.00460856 0.0188558 0.0544181 0.110117 0.154826 0.15059 0.120827 0.0953616 0.074096 0.056732 0.0428431 0.0319424 0.023534 0.01715 0.0123511 0.00880332 0.00622262 0.00436402 0.0030378 0.00210053 0.00144649 0.000998554 0.000697678 0.000494895 0.000351363 0.00232704 
2010 5.13303e-007 8.38068e-006 9.6821e-005 0.00079147 0.00457745 0.0187192 0.0540092 0.109318 0.153893 0.150045 0.120753 0.0955916 0.0744945 0.0571954 0.0433007 0.0323509 0.0238725 0.0174133 0.0125654 0.00896116 0.00632438 0.00442575 0.00307212 0.00211602 0.00144729 0.000985496 0.00067247 0.000464272 0.00032532 0.00220973 
resids (last class is a plus group):
class 1       2       3       4       5       6       7       8       9       10      11      12      13      14      15      16      17      18      19      20      21      22      23      24      25      26      27      28      29      30      
2000 -5.31432e-007 -8.71558e-006 -0.000101061 -0.000828414 -0.0047993 -0.00963423 0.00345083 -0.00376495 -0.028014 0.0294648 0.022026 -0.0312483 0.000229241 -0.0028258 0.0103164 -0.0096884 -0.00228796 0.0230335 0.00685412 -0.0102256 0.00211681 -0.00601499 -0.00453614 0.00662345 0.0175222 -0.00179055 -0.0012731 -0.000890022 -0.000611495 -0.00309381 
2001 -5.31346e-007 -8.7138e-006 -0.000101051 -0.000828531 -0.00480173 -0.00965342 0.0133625 0.0159728 0.00146986 0.0385525 -0.00890769 -0.0319577 -0.000266037 0.0368664 -0.019822 0.00036484 -0.0119768 -0.016361 -0.00235349 -0.00949445 0.00267507 0.00440055 -0.00423503 0.00683554 -0.00233278 -0.00169448 -0.00121149 -0.000851825 -0.000588638 0.00694713 
2002 -5.3042e-007 -8.69715e-006 -0.000100854 -0.000826998 -0.00479402 0.0203706 0.00340103 0.0159584 0.0112602 -0.0218783 -0.0096106 0.00732941 -0.00079842 0.00650272 -4.08385e-005 -0.019726 0.0180741 -0.00612227 -0.0119037 0.00108558 -0.00679452 -0.00519726 0.00606223 0.00704937 -0.00218329 -0.00159304 -0.00114478 -0.000809347 -0.000562479 -0.00299786 
2003 -5.28886e-007 -8.66957e-006 -0.000100517 -0.000824201 -0.00477831 0.000429738 0.0335448 0.0161546 0.00131659 -0.0321112 0.00998352 0.00673198 -0.00138214 -0.0239251 0.029672 -0.00989564 0.00800515 -0.016084 -0.00172768 -0.00858689 0.00362364 -0.00481795 0.00634777 -0.00274118 -0.00203381 -0.0014894 -0.00107504 -0.000763874 -0.000533769 -0.00292984 
2004 -5.26935e-007 -8.63435e-006 -0.000100081 -0.000820485 -0.00475658 -0.0094838 0.0037733 0.0265254 -0.0383998 -0.0521693 0.0396639 0.0463115 -0.0119185 -0.0144229 -0.000685832 -0.0101322 0.00786658 0.00385845 0.00829706 0.00153925 -0.00614167 0.00547957 -0.00338444 0.0174589 -0.00188828 -0.00138643 -0.00100429 -0.000716709 -0.000503302 -0.00285003 
2005 -5.24725e-007 -8.59419e-006 -9.95778e-005 -0.000816135 -0.00473059 0.000622905 0.0140674 -0.0129637 0.0120734 -0.0920745 -0.0105747 0.0259135 0.00764717 -0.00491047 0.0088847 0.00956495 0.0176691 0.00374341 -0.00175227 0.0115533 0.00394692 -0.00435448 0.00682476 -0.00235433 -0.00174989 0.00871336 -0.000934341 -0.00066911 -0.000471891 0.00724022 
2006 -5.22391e-007 -8.55139e-006 -9.90363e-005 -0.000811393 0.00529819 0.000743405 0.0244087 -0.0623456 0.0526997 0.0381522 0.0292635 -0.00445645 -0.00279714 -0.0153408 -0.00155232 -0.0208024 -0.0125851 -0.0164201 -0.00184704 0.0115115 -0.00604627 -0.00429317 -0.00305922 -0.00220885 -0.00162105 -0.00119205 -0.000866783 -0.000622231 -0.000440322 -0.00266066 
2007 -5.20024e-007 -8.50755e-006 -9.84759e-005 -0.000806431 -0.00467133 0.000872899 0.0147826 0.028351 0.0234456 -0.0615112 -0.0208278 0.00520608 -0.00324152 0.0342047 -0.0319585 -0.0111845 0.0171065 0.0233703 -0.00198003 0.00143498 0.00391934 -0.00429065 -0.00301721 -0.00212853 -0.00152093 -0.00110417 -0.000802889 -0.000577062 -0.000409313 -0.00255432 
2008 -5.17695e-007 -8.46396e-006 -9.79127e-005 -0.000801391 -0.00464002 0.0110075 -0.00482326 -0.000899576 0.0342797 -0.0310852 -0.0508555 0.024904 -0.0536768 0.0237375 0.00760759 0.0584497 0.0167821 -0.00688263 -0.00214885 -0.00867062 -0.00614084 0.00568205 -0.00301689 -0.00209995 -0.00146585 -0.00103599 -0.000743621 -0.000534413 -0.000379489 -0.0024425 
2009 -5.15447e-007 -8.4215e-006 -9.73584e-005 -0.000796378 0.00539144 0.0111442 0.0455819 0.00988263 -0.0148257 -0.0405901 0.00917271 -0.0553616 0.015904 -0.00673195 0.0171569 -0.00194236 0.00646601 0.00285 0.00764885 0.00119668 -0.00622262 0.00563598 -0.0030378 -0.00210053 -0.00144649 -0.000998554 -0.000697678 -0.000494895 -0.000351363 -0.00232704 
2010 -5.13303e-007 -8.38068e-006 -9.6821e-005 -0.00079147 -0.00457745 -0.00871919 -0.0340092 0.0206821 0.0561073 -0.0200452 -0.000752909 -0.0255916 0.0155055 -0.0171954 0.0366993 -0.0223509 -0.00387251 0.0225867 -0.00256539 0.00103884 -0.00632438 -0.00442575 -0.00307212 -0.00211602 0.00855271 -0.000985496 -0.00067247 -0.000464272 -0.00032532 -0.00220973 
pearson_resids (last class is a plus group):
class 1       2       3       4       5       6       7       8       9       10      11      12      13      14      15      16      17      18      19      20      21      22      23      24      25      26      27      28      29      30      
2000 -0.00728994 -0.0295223 -0.100534 -0.287941 -0.694438 -0.69441 0.1494  -0.118571 -0.768023 0.823972 0.682812 -1.08516 0.00899831 -0.126329 0.528462 -0.570825 -0.154992 1.78353 0.601769 -1.01643 0.239359 -0.777907 -0.675041 1.14178 3.5245  -0.423528 -0.357033 -0.298465 -0.24736 -0.557083 
2001 -0.00728935 -0.0295193 -0.100529 -0.287961 -0.694615 -0.69546 0.578093 0.502537 0.0402439 1.07543 -0.275201 -1.10593 -0.0104086 1.64362 -1.0137 0.0215145 -0.816927 -1.28969 -0.213067 -0.979054 0.313711 0.589731 -0.652153 1.21706 -0.483553 -0.41199 -0.348276 -0.291985 -0.24269 1.25926 
2002 -0.007283 -0.0294911 -0.100431 -0.287695 -0.694054 1.46844 0.147183 0.502055 0.308133 -0.609589 -0.296161 0.252764 -0.031129 0.28898 -0.00208301 -1.16151 1.23422 -0.486103 -1.09759 0.115494 -0.827103 -0.722801 0.967976 1.29968 -0.467767 -0.399448 -0.338539 -0.284605 -0.237233 -0.54835 
2003 -0.00727246 -0.0294443 -0.100263 -0.287207 -0.692911 0.031024 1.45342 0.508609 0.0360333 -0.894142 0.307203 0.231493 -0.0536833 -1.05924 1.50828 -0.581073 0.545806 -1.27855 -0.160479 -0.930659 0.455248 -0.695793 1.05229 -0.524282 -0.451437 -0.386215 -0.328055 -0.276488 -0.231096 -0.542075 
2004 -0.00725903 -0.0293844 -0.100045 -0.286559 -0.691326 -0.686148 0.163801 0.836308 -1.05172 -1.45244 1.2191  1.58931 -0.461326 -0.635791 -0.0347149 -0.592697 0.534714 0.306178 0.771495 0.168054 -0.786106 0.816846 -0.582747 3.46779 -0.434955 -0.372607 -0.317064 -0.26781 -0.2244 -0.534619 
2005 -0.0072438 -0.029316 -0.0997936 -0.285797 -0.689425 0.0451883 0.612179 -0.409534 0.331075 -2.56408 -0.324743 0.887605 0.295176 -0.215556 0.447464 0.55681 1.19582 0.296013 -0.162595 1.26242 0.508848 -0.661326 1.21308 -0.485787 -0.418683 2.43073 -0.305813 -0.258758 -0.217282 1.38011 
2006 -0.00722767 -0.0292429 -0.0995219 -0.284965 0.774495 0.0540951 1.06528 -1.97427 1.44746 1.06311 0.898146 -0.152377 -0.107664 -0.670946 -0.0777856 -1.20397 -0.847045 -1.29206 -0.17071 1.25478 -0.779939 -0.656634 -0.55395 -0.470504 -0.402949 -0.345467 -0.294539 -0.249523 -0.209885 -0.516504 
2007 -0.00721127 -0.0291678 -0.0992399 -0.284092 -0.685073 0.0637284 0.647211 0.900218 0.645208 -1.71557 -0.639032 0.177724 -0.124419 1.49023 -1.59398 -0.643466 1.14376 1.82752 -0.181995 0.155722 0.504152 -0.65644 -0.550122 -0.461852 -0.390288 -0.332475 -0.283467 -0.240291 -0.202356 -0.506049 
2008 -0.0071951 -0.029093 -0.0989557 -0.283202 -0.682763 0.80642 -0.211886 -0.0286482 0.945413 -0.867981 -1.56018 0.848961 -2.05466 1.03015 0.37758 3.34381 1.11439 -0.534234 -0.196152 -0.935225 -0.786053 0.866576 -0.550092 -0.458734 -0.383145 -0.322035 -0.272796 -0.231236 -0.194842 -0.494821 
2009 -0.00717946 -0.0290199 -0.0986752 -0.282314 0.796021 0.819334 2.00942 0.315703 -0.409846 -1.13491 0.281435 -1.88488 0.607191 -0.291011 0.84724 -0.110458 0.42654 0.219518 0.692534 0.128107 -0.791302 0.85502 -0.552002 -0.458798 -0.380603 -0.316157 -0.264228 -0.222517 -0.18748 -0.482956 
2010 -0.00716452 -0.0289495 -0.0984024 -0.281442 -0.678122 -0.643333 -1.50459 0.662808 1.55488 -0.561308 -0.0231067 -0.870374 0.590521 -0.740494 1.80311 -1.26326 -0.253682 1.72674 -0.230309 0.110235 -0.797786 -0.66674 -0.55512 -0.46049 2.24978 -0.314081 -0.259408 -0.21552 -0.180396 -0.470597 
objective function: multinomial likelihood, with delta = 1e-011, N =
100 100 100 100 100 100 100 100 100 100 100 100 100 100 100 100 100 100 100 100 100 100 100 100 100 100 100 100 100 100 
100 100 100 100 100 100 100 100 100 100 100 100 100 100 100 100 100 100 100 100 100 100 100 100 100 100 100 100 100 100 
100 100 100 100 100 100 100 100 100 100 100 100 100 100 100 100 100 100 100 100 100 100 100 100 100 100 100 100 100 100 
100 100 100 100 100 100 100 100 100 100 100 100 100 100 100 100 100 100 100 100 100 100 100 100 100 100 100 100 100 100 
100 100 100 100 100 100 100 100 100 100 100 100 100 100 100 100 100 100 100 100 100 100 100 100 100 100 100 100 100 100 
100 100 100 100 100 100 100 100 100 100 100 100 100 100 100 100 100 100 100 100 100 100 100 100 100 100 100 100 100 100 
100 100 100 100 100 100 100 100 100 100 100 100 100 100 100 100 100 100 100 100 100 100 100 100 100 100 100 100 100 100 
100 100 100 100 100 100 100 100 100 100 100 100 100 100 100 100 100 100 100 100 100 100 100 100 100 100 100 100 100 100 
100 100 100 100 100 100 100 100 100 100 100 100 100 100 100 100 100 100 100 100 100 100 100 100 100 100 100 100 100 100 
100 100 100 100 100 100 100 100 100 100 100 100 100 100 100 100 100 100 100 100 100 100 100 100 100 100 100 100 100 100 
100 100 100 100 100 100 100 100 100 100 100 100 100 100 100 100 100 100 100 100 100 100 100 100 100 100 100 100 100 100 

Tags2005_R1_R1 :
tag-recapture data for tag Tags2005_R1 in years 2006 2007 2008 2009 2010 , step 1, after proportion 0.5 of mortality, with sampling method size, detection probability 1.
Year 2006
class scanned recaptured expected_prop neg_log_likelihood
100 0 0 0 0
150 0 0 1.33461e-012 0
200 0 0 7.88017e-012 0
250 2 0 5.53946e-011 1.10789e-010
300 28 0 7.45401e-010 2.08712e-008
350 320 0 9.34259e-009 2.98963e-006
400 2302 0 8.71725e-008 0.000200671
450 11502 0 5.8744e-007 0.00675674
500 39770 0 2.79872e-006 0.111305
550 96806 1 9.56296e-006 1.0029
600 173902 0 2.42674e-005 4.2202
650 243624 10 4.76713e-005 2.19627
700 277690 27 7.55239e-005 3.3634
750 266092 33 0.000100458 3.35325
800 224820 25 0.000117119 2.56586
850 178122 27 0.000124896 3.04498
900 136978 20 0.000126048 2.62682
950 101584 14 0.000122828 2.3337
1000 71958 11 0.000116513 2.49669
1050 49292 13 0.00010773 6.15761
1100 33518 7 9.68435e-005 3.5293
1150 23134 1 8.4195e-005 1.28108
1200 16316 0 7.04356e-005 1.14927
1250 11662 0 5.68056e-005 0.662485
1300 8346 1 4.47152e-005 1.35882
1350 5944 1 3.50484e-005 1.77694
1400 4222 1 2.80494e-005 2.25188
1450 2988 0 2.32771e-005 0.0695529
1500 2086 0 2.00936e-005 0.0419158
1550 1406 0 1.79889e-005 0.0252927
1600 896 0 1.65476e-005 0.0148268
1650 530 0 1.55752e-005 0.00825493
1700 286 0 1.49366e-005 0.00427189
1750 140 0 1.45263e-005 0.00203369
1800 62 0 1.42665e-005 0.00088453
1850 24 0 1.41031e-005 0.000338478
1900 8 0 1.39979e-005 0.000111984
1950 2 0 1.39192e-005 2.78385e-005
2000 0 0 1.38329e-005 0

total neg_log_likelihood: 45.6572


Year 2007
class scanned recaptured expected_prop neg_log_likelihood
100 0 0 0 0
150 0 0 4.46257e-015 0
200 0 0 4.49179e-013 0
250 2 0 6.67284e-012 1.33458e-011
300 28 0 1.37126e-010 3.83952e-009
350 344 0 1.90478e-009 6.55243e-007
400 2442 0 1.83492e-008 4.48088e-005
450 11568 0 1.41102e-007 0.00163227
500 39724 0 8.17469e-007 0.0324732
550 99366 0 3.45259e-006 0.343071
600 181960 0 1.07967e-005 1.96458
650 252416 11 2.58107e-005 3.40212
700 280488 10 4.88668e-005 2.63223
750 265182 22 7.57808e-005 2.55572
800 224010 16 9.96713e-005 3.30627
850 176300 22 0.000115637 2.5304
900 134278 21 0.000123047 3.00346
950 100438 15 0.000123873 2.52515
1000 72920 8 0.000120236 2.00365
1050 50898 5 0.000113357 1.79404
1100 34514 2 0.000103793 1.72346
1150 23278 0 9.18859e-005 2.13902
1200 15942 0 7.82352e-005 1.24728
1250 11162 2 6.40746e-005 2.07872
1300 7944 0 5.09849e-005 0.405035
1350 5686 1 4.01479e-005 1.70542
1400 4062 0 3.20909e-005 0.130355
1450 2880 0 2.64921e-005 0.0762982
1500 2006 0 2.27011e-005 0.0455389
1550 1350 0 2.01652e-005 0.0272234
1600 862 0 1.84039e-005 0.0158643
1650 512 0 1.71971e-005 0.00880497
1700 278 0 1.63926e-005 0.00455718
1750 138 0 1.58689e-005 0.00218993
1800 62 0 1.5534e-005 0.000963113
1850 24 0 1.53218e-005 0.000367727
1900 8 0 1.51854e-005 0.000121484
1950 2 0 1.50872e-005 3.01746e-005
2000 0 0 1.4987e-005 0

total neg_log_likelihood: 35.7061


Year 2008
class scanned recaptured expected_prop neg_log_likelihood
100 0 0 0 0
150 0 0 0 0
200 0 0 1.29079e-014 0
250 2 0 6.10104e-013 1.22014e-012
300 28 0 2.33794e-011 6.54623e-010
350 344 0 4.40851e-010 1.51653e-007
400 2602 0 4.3597e-009 1.13439e-005
450 12332 0 3.35581e-008 0.000413839
500 40170 0 2.20761e-007 0.00886797
550 97884 0 1.11356e-006 0.108999
600 182308 0 4.22468e-006 0.770194
650 260086 3 1.2222e-005 1.50104
700 291620 3 2.76874e-005 3.59997
750 271378 10 5.05476e-005 2.6352
800 224512 10 7.65313e-005 3.84796
850 174626 8 9.92433e-005 5.11557
900 131756 17 0.000114325 2.45991
950 97934 9 0.00012117 2.4049
1000 71728 8 0.000121524 1.99932
1050 51120 4 0.000117295 2.00972
1100 35200 4 0.000109581 1.63543
1150 23658 2 9.88812e-005 1.33271
1200 15864 0 8.5777e-005 1.36082
1250 10828 0 7.14707e-005 0.773913
1300 7580 0 5.76569e-005 0.437052
1350 5410 1 4.57881e-005 1.64315
1400 3886 0 3.67057e-005 0.142641
1450 2772 0 3.02618e-005 0.0838869
1500 1934 0 2.58314e-005 0.0499586
1550 1300 0 2.28368e-005 0.0296882
1600 826 0 2.07357e-005 0.0171279
1650 490 0 1.92822e-005 0.00944837
1700 266 0 1.83047e-005 0.00486909
1750 132 0 1.76636e-005 0.00233161
1800 58 0 1.72511e-005 0.00100057
1850 24 0 1.69889e-005 0.000407736
1900 8 0 1.68201e-005 0.000134562
1950 2 0 1.66998e-005 3.33998e-005
2000 0 0 1.65833e-005 0

total neg_log_likelihood: 33.9867


Year 2009
class scanned recaptured expected_prop neg_log_likelihood
100 0 0 0 0
150 0 0 0 0
200 0 0 4.36152e-017 0
250 2 0 3.72667e-014 7.4607e-014
300 28 0 3.14429e-012 8.80394e-011
350 338 0 9.93488e-011 3.35799e-008
400 2596 0 1.24765e-009 3.23891e-006
450 13080 0 8.63286e-009 0.000112918
500 43468 0 5.883e-008 0.00255722
550 101422 0 3.35149e-007 0.0339914
600 180382 1 1.49835e-006 1.57859
650 255904 0 5.17241e-006 1.32364
700 293398 5 1.39373e-005 1.83494
750 278302 11 2.99548e-005 2.51173
800 229716 11 5.26315e-005 2.17615
850 175798 16 7.76143e-005 2.50296
900 130724 16 9.90597e-005 2.64442
950 96182 17 0.0001131 3.80847
1000 70174 12 0.000119206 2.86349
1050 50456 9 0.000118879 2.67692
1100 35360 4 0.00011377 1.63289
1150 24054 4 0.00010483 2.00005
1200 16060 0 9.27674e-005 1.48991
1250 10754 0 7.87634e-005 0.847055
1300 7362 0 6.45779e-005 0.475438
1350 5182 0 5.18931e-005 0.268917
1400 3714 2 4.18743e-005 4.5708
1450 2662 0 3.45983e-005 0.0921024
1500 1866 0 2.95095e-005 0.0550655
1550 1256 0 2.60299e-005 0.032694
1600 798 0 2.35658e-005 0.0188057
1650 470 0 2.18488e-005 0.0102691
1700 254 0 2.06875e-005 0.00525469
1750 126 0 1.99225e-005 0.00251026
1800 56 0 1.94287e-005 0.00108802
1850 22 0 1.91143e-005 0.000420518
1900 8 0 1.8912e-005 0.000151297
1950 2 0 1.87679e-005 3.75361e-005
2000 0 0 1.86301e-005 0

total neg_log_likelihood: 35.4614


Year 2010
class scanned recaptured expected_prop neg_log_likelihood
100 0 0 0 0
150 0 0 0 0
200 0 0 0 0
250 2 0 1.10892e-015 2.22045e-015
300 30 0 3.02499e-013 9.07607e-012
350 342 0 1.8653e-011 6.37935e-009
400 2546 0 4.02237e-010 1.0241e-006
450 12914 0 2.56298e-009 3.30983e-005
500 45438 0 1.66088e-008 0.000754671
550 110634 0 9.9224e-008 0.0109775
600 193100 0 4.99531e-007 0.0964594
650 259840 1 2.00736e-006 1.17246
700 288924 0 6.35319e-006 1.8356
750 275666 5 1.59781e-005 1.77883
800 231594 8 3.25572e-005 1.98281
850 178066 13 5.4983e-005 2.68426
900 131090 4 7.89155e-005 4.1772
950 95240 7 9.9012e-005 2.24786
1000 68874 8 0.000111875 1.97458
1050 49434 5 0.00011703 1.79614
1100 34952 3 0.000115714 1.64414
1150 24134 1 0.000109302 1.66794
1200 16262 2 9.88649e-005 1.35117
1250 10830 0 8.56761e-005 0.927912
1300 7284 0 7.15461e-005 0.521161
1350 5028 1 5.83419e-005 1.51971
1400 3564 0 4.75424e-005 0.169445
1450 2550 0 3.94912e-005 0.100704
1500 1794 1 3.37486e-005 2.86488
1550 1212 0 2.97677e-005 0.036079
1600 770 0 2.69191e-005 0.0207279
1650 454 0 2.49194e-005 0.0113135
1700 246 0 2.35601e-005 0.00579585
1750 120 0 2.26617e-005 0.00271943
1800 54 0 2.20806e-005 0.00119236
1850 22 0 2.17103e-005 0.000477632
1900 8 0 2.14724e-005 0.000171781
1950 2 0 2.13034e-005 4.26073e-005
2000 0 0 2.11414e-005 0

total neg_log_likelihood: 30.6035


Tags2006_R1_R1 :
tag-recapture data for tag Tags2006_R1 in years 2007 2008 2009 2010 , step 1, after proportion 0.5 of mortality, with sampling method size, detection probability 1.
Year 2007
class scanned recaptured expected_prop neg_log_likelihood
100 0 0 0 0
150 0 0 2.58835e-012 0
200 0 0 1.1732e-011 0
250 2 0 6.80914e-011 1.36183e-010
300 28 0 8.84533e-010 2.47669e-008
350 344 0 1.10233e-008 3.79203e-006
400 2442 0 9.89023e-008 0.000241519
450 11568 0 6.37307e-007 0.00737237
500 39724 0 2.93975e-006 0.116779
550 99366 1 9.85255e-006 1.00022
600 181960 3 2.4748e-005 1.78058
650 252416 11 4.8393e-005 2.18799
700 280488 26 7.65649e-005 2.99746
750 265182 27 0.000101849 2.56989
800 224010 32 0.000118685 3.17153
850 176300 20 0.000126172 2.53814
900 134278 11 0.000126371 3.32605
950 100438 12 0.000121552 2.17006
1000 72920 8 0.000113232 1.97305
1050 50898 3 0.000102428 2.05146
1100 34514 2 8.99444e-005 1.53187
1150 23278 2 7.64964e-005 1.31979
1200 15942 0 6.2866e-005 1.00224
1250 11162 0 5.01081e-005 0.55932
1300 7944 1 3.92516e-005 1.47713
1350 5686 0 3.08359e-005 0.175335
1400 4062 0 2.48906e-005 0.101107
1450 2880 0 2.09184e-005 0.0602457
1500 2006 0 1.83132e-005 0.0367366
1550 1350 0 1.66135e-005 0.0224284
1600 862 0 1.54596e-005 0.0133263
1650 512 0 1.46843e-005 0.00751842
1700 278 0 1.41756e-005 0.00394086
1750 138 0 1.38486e-005 0.00191112
1800 62 0 1.36412e-005 0.000845761
1850 24 0 1.35103e-005 0.00032425
1900 8 0 1.34258e-005 0.000107407
1950 2 0 1.33636e-005 2.67275e-005
2000 0 0 1.32982e-005 0

total neg_log_likelihood: 32.205


Year 2008
class scanned recaptured expected_prop neg_log_likelihood
100 0 0 0 0
150 0 0 8.94119e-015 0
200 0 0 7.75064e-013 0
250 2 0 8.57576e-012 1.71516e-011
300 28 0 1.57391e-010 4.40695e-009
350 344 0 2.17698e-009 7.4888e-007
400 2602 0 2.09156e-008 5.44225e-005
450 12332 0 1.5616e-007 0.00192576
500 40170 0 8.75189e-007 0.0351563
550 97884 1 3.60738e-006 1.39409
600 182308 2 1.11114e-005 1.30701
650 260086 11 2.63385e-005 3.18542
700 291620 14 4.96558e-005 2.25246
750 271378 17 7.68782e-005 2.72246
800 224512 24 0.000101056 2.54859
850 174626 20 0.000117092 2.42584
900 131756 19 0.000124095 2.59946
950 97934 15 0.000123879 2.59355
1000 71728 10 0.000118614 2.2023
1050 51120 4 0.000109795 1.89061
1100 35200 2 9.83882e-005 1.67199
1150 23658 3 8.51824e-005 1.70474
1200 15864 3 7.10727e-005 2.55927
1250 10828 2 5.72874e-005 2.26853
1300 7580 0 4.51216e-005 0.34203
1350 5410 0 3.54012e-005 0.191524
1400 3886 0 2.83746e-005 0.110265
1450 2772 0 2.36054e-005 0.0654349
1500 1934 0 2.04414e-005 0.039534
1550 1300 0 1.8361e-005 0.0238696
1600 826 0 1.69359e-005 0.0139892
1650 490 0 1.59685e-005 0.00782462
1700 266 0 1.5327e-005 0.00407702
1750 132 0 1.49105e-005 0.0019682
1800 58 0 1.46442e-005 0.000849369
1850 24 0 1.44751e-005 0.000347406
1900 8 0 1.43657e-005 0.000114927
1950 2 0 1.42865e-005 2.85732e-005
2000 0 0 1.42084e-005 0

total neg_log_likelihood: 34.1653


Year 2009
class scanned recaptured expected_prop neg_log_likelihood
100 0 0 0 0
150 0 0 0 0
200 0 0 2.49909e-014 0
250 2 0 8.86315e-013 1.77258e-012
300 28 0 2.73154e-011 7.6483e-010
350 338 0 4.8932e-010 1.6539e-007
400 2596 0 4.87578e-009 1.26575e-005
450 13080 0 3.7411e-008 0.000489336
500 43468 0 2.40219e-007 0.0104419
550 101422 1 1.18147e-006 2.24153
600 180382 1 4.39828e-006 1.02483
650 255904 4 1.25689e-005 1.72139
700 293398 15 2.82645e-005 4.46135
750 278302 9 5.13947e-005 3.16073
800 229716 25 7.7666e-005 3.80713
850 175798 19 0.000100599 2.44321
900 130724 17 0.000115644 2.45303
950 96182 11 0.000121967 2.14867
1000 70174 8 0.000121196 1.9843
1050 50456 4 0.000115334 1.95263
1100 35360 10 0.000105788 5.65285
1150 24054 2 9.3493e-005 1.32112
1200 16060 2 7.94295e-005 1.48185
1250 10754 1 6.4967e-005 1.05721
1300 7362 0 5.16599e-005 0.38033
1350 5182 0 4.06572e-005 0.21069
1400 3714 0 3.24908e-005 0.120673
1450 2662 0 2.68451e-005 0.0714627
1500 1866 0 2.30523e-005 0.0430161
1550 1256 0 2.05394e-005 0.0257978
1600 798 0 1.88077e-005 0.0150087
1650 470 0 1.76261e-005 0.00828435
1700 254 0 1.6839e-005 0.00427715
1750 126 0 1.63259e-005 0.00205707
1800 56 0 1.59966e-005 0.000895815
1850 22 0 1.5787e-005 0.000347317
1900 8 0 1.56512e-005 0.000125211
1950 2 0 1.55528e-005 3.11058e-005
2000 0 0 1.54574e-005 0

total neg_log_likelihood: 37.8058


Year 2010
class scanned recaptured expected_prop neg_log_likelihood
100 0 0 0 0
150 0 0 0 0
200 0 0 8.72691e-017 0
250 2 0 6.39229e-014 1.27898e-013
300 30 0 3.95161e-012 1.18549e-010
350 342 0 1.10274e-010 3.77138e-008
400 2546 0 1.35855e-009 3.45886e-006
450 12914 0 9.54797e-009 0.000123302
500 45438 0 6.45231e-008 0.0029318
550 110634 0 3.60341e-007 0.039866
600 193100 0 1.5792e-006 0.304944
650 259840 3 5.36935e-006 2.18788
700 288924 11 1.43201e-005 6.01897
750 275666 8 3.05783e-005 1.98018
800 231594 15 5.35242e-005 2.53467
850 178066 15 7.87661e-005 2.31157
900 131090 12 0.00010036 2.22066
950 95240 15 0.000114255 2.97477
1000 68874 4 0.000119728 2.98531
1050 49434 9 0.000118212 2.75726
1100 34952 4 0.000111504 1.63416
1150 24134 3 0.000100906 1.5568
1200 16262 0 8.75472e-005 1.42376
1250 10830 0 7.29044e-005 0.789583
1300 7284 0 5.87578e-005 0.428004
1350 5028 0 4.65905e-005 0.234262
1400 3564 0 3.72772e-005 0.132859
1450 2550 0 3.06944e-005 0.0782719
1500 1794 0 2.62034e-005 0.0470095
1550 1212 0 2.31988e-005 0.0281173
1600 770 0 2.11151e-005 0.0162588
1650 454 0 1.96876e-005 0.00893828
1700 246 0 1.87343e-005 0.00460868
1750 120 0 1.81117e-005 0.00217342
1800 54 0 1.77116e-005 0.000956437
1850 22 0 1.74569e-005 0.000384055
1900 8 0 1.72916e-005 0.000138334
1950 2 0 1.71716e-005 3.43435e-005
2000 0 0 1.70548e-005 0

total neg_log_likelihood: 32.7055


Tags2007_R1_R1 :
tag-recapture data for tag Tags2007_R1 in years 2008 2009 2010 , step 1, after proportion 0.5 of mortality, with sampling method size, detection probability 1.
Year 2008
class scanned recaptured expected_prop neg_log_likelihood
100 0 0 0 0
150 0 0 1.43381e-012 0
200 0 0 9.40866e-012 0
250 2 0 6.13829e-011 1.22766e-010
300 28 0 8.1001e-010 2.26803e-008
350 344 0 1.02204e-008 3.51582e-006
400 2602 0 9.44934e-008 0.000245872
450 12332 0 6.2447e-007 0.00770097
500 40170 0 2.92278e-006 0.117408
550 97884 5 9.8615e-006 5.9295
600 182308 5 2.48056e-005 1.76468
650 260086 9 4.83926e-005 2.59463
700 291620 15 7.61842e-005 3.60341
750 271378 30 0.000100702 2.74881
800 224512 18 0.000116656 3.80893
850 174626 22 0.000123624 2.47209
900 131756 17 0.000124061 2.3533
950 97934 11 0.000120355 2.15227
1000 71728 9 0.000113826 2.06811
1050 51120 7 0.000105082 2.12878
1100 35200 2 9.44582e-005 1.61518
1150 23658 3 8.22565e-005 1.74038
1200 15864 1 6.90188e-005 1.00421
1250 10828 0 5.58129e-005 0.604359
1300 7580 0 4.3955e-005 0.333186
1350 5410 1 3.43881e-005 1.8678
1400 3886 1 2.74588e-005 2.34437
1450 2772 0 2.27768e-005 0.0631381
1500 1934 0 1.97032e-005 0.0381063
1550 1300 0 1.77095e-005 0.0230225
1600 826 0 1.637e-005 0.0135218
1650 490 0 1.54802e-005 0.00758535
1700 266 0 1.49021e-005 0.00396398
1750 132 0 1.45331e-005 0.00191838
1800 58 0 1.43002e-005 0.000829418
1850 24 0 1.41532e-005 0.00033968
1900 8 0 1.40573e-005 0.000112459
1950 2 0 1.3985e-005 2.79703e-005
2000 0 0 1.39095e-005 0

total neg_log_likelihood: 41.4119


Year 2009
class scanned recaptured expected_prop neg_log_likelihood
100 0 0 0 0
150 0 0 4.52485e-015 0
200 0 0 5.3453e-013 0
250 2 0 7.62784e-012 1.52556e-011
300 28 0 1.48098e-010 4.14676e-009
350 338 0 2.05222e-009 6.93652e-007
400 2596 0 1.98684e-008 5.15784e-005
450 13080 0 1.51464e-007 0.00198115
500 43468 0 8.64229e-007 0.0375663
550 101422 0 3.60035e-006 0.365155
600 180382 1 1.11408e-005 1.31166
650 255904 5 2.64113e-005 1.99205
700 293398 9 4.96371e-005 3.25867
750 278302 23 7.64432e-005 2.55844
800 229716 22 9.98682e-005 2.48778
850 175798 19 0.000115108 2.43402
900 130724 12 0.000121725 2.69444
950 96182 11 0.00012188 2.14815
1000 70174 8 0.000117813 1.97339
1050 50456 5 0.000110796 1.77259
1100 35360 6 0.000101382 2.50379
1150 24054 5 8.98765e-005 3.09453
1200 16060 0 7.6771e-005 1.23299
1250 10754 0 6.31071e-005 0.678675
1300 7362 0 5.03128e-005 0.370412
1350 5182 0 3.95797e-005 0.205106
1400 3714 0 3.15425e-005 0.117151
1450 2662 0 2.59675e-005 0.0691263
1500 1866 0 2.22298e-005 0.0414812
1550 1256 0 1.9767e-005 0.0248275
1600 798 0 1.80877e-005 0.0144341
1650 470 1 1.69569e-005 4.84006
1700 254 0 1.62132e-005 0.0041182
1750 126 0 1.57338e-005 0.00198248
1800 56 0 1.54288e-005 0.000864021
1850 22 0 1.52356e-005 0.000335185
1900 8 0 1.51096e-005 0.000120877
1950 2 0 1.50158e-005 3.00319e-005
2000 0 0 1.4921e-005 0

total neg_log_likelihood: 36.236


Year 2010
class scanned recaptured expected_prop neg_log_likelihood
100 0 0 0 0
150 0 0 0 0
200 0 0 1.38395e-014 0
250 2 0 7.29784e-013 1.4595e-012
300 30 0 2.56757e-011 7.70271e-010
350 342 0 4.71267e-010 1.61173e-007
400 2546 0 4.68007e-009 1.19155e-005
450 12914 0 3.61386e-008 0.000466694
500 45438 0 2.35717e-007 0.0107105
550 110634 0 1.17445e-006 0.129934
600 193100 1 4.40485e-006 1.01241
650 259840 4 1.26193e-005 1.70689
700 288924 7 2.83427e-005 1.99459
750 275666 12 5.13377e-005 2.34094
800 231594 14 7.7158e-005 2.69735
850 178066 19 9.93641e-005 2.4426
900 131090 14 0.000113714 2.27253
950 95240 9 0.000119796 2.30127
1000 68874 8 0.000119535 1.97234
1050 49434 5 0.00011496 1.78304
1100 34952 4 0.000107227 1.64112
1150 24134 2 9.6833e-005 1.33237
1200 16262 2 8.42658e-005 1.43332
1250 10830 5 7.05198e-005 6.89953
1300 7284 0 5.70809e-005 0.415789
1350 5028 0 4.53499e-005 0.228024
1400 3564 0 3.6257e-005 0.129222
1450 2550 0 2.97724e-005 0.0759206
1500 1794 0 2.53282e-005 0.0454393
1550 1212 1 2.23515e-005 3.63566
1600 770 0 2.0294e-005 0.0156265
1650 454 0 1.88932e-005 0.00857759
1700 246 0 1.79644e-005 0.00441927
1750 120 0 1.73618e-005 0.00208344
1800 54 0 1.69769e-005 0.000916761
1850 22 0 1.67326e-005 0.00036812
1900 8 0 1.65737e-005 0.000132591
1950 2 0 1.64563e-005 3.29128e-005
2000 0 0 1.63381e-005 0

total neg_log_likelihood: 36.5336


Tags2008_R1_R1 :
tag-recapture data for tag Tags2008_R1 in years 2009 2010 , step 1, after proportion 0.5 of mortality, with sampling method size, detection probability 1.
Year 2009
class scanned recaptured expected_prop neg_log_likelihood
100 0 0 0 0
150 0 0 1.46889e-012 0
200 0 0 1.01588e-011 0
250 2 0 6.54015e-011 1.30803e-010
300 28 0 8.60495e-010 2.40939e-008
350 338 0 1.08937e-008 3.68208e-006
400 2596 0 1.00614e-007 0.000261194
450 13080 0 6.6232e-007 0.00866314
500 43468 0 3.08898e-006 0.134272
550 101422 0 1.04028e-005 1.05508
600 180382 5 2.61273e-005 1.74886
650 255904 17 5.08097e-005 2.90019
700 293398 18 7.94653e-005 3.02671
750 278302 30 0.000103848 2.6429
800 229716 22 0.000118266 2.99422
850 175798 25 0.000122558 2.79491
900 130724 18 0.000119849 2.53436
950 96182 15 0.000113217 2.97181
1000 70174 2 0.000104476 4.0405
1050 50456 3 9.44909e-005 1.87384
1100 35360 6 8.36602e-005 3.02999
1150 24054 2 7.2209e-005 1.3258
1200 16060 0 6.04345e-005 0.970607
1250 10754 0 4.90049e-005 0.527012
1300 7362 0 3.88163e-005 0.285771
1350 5182 0 3.05596e-005 0.158363
1400 3714 0 2.45301e-005 0.0911057
1450 2662 0 2.04255e-005 0.0543732
1500 1866 0 1.77179e-005 0.0330618
1550 1256 0 1.5958e-005 0.0200435
1600 798 0 1.4776e-005 0.0117913
1650 470 0 1.39919e-005 0.00657625
1700 254 0 1.34835e-005 0.00342483
1750 126 0 1.31596e-005 0.00165812
1800 56 0 1.29554e-005 0.000725505
1850 22 0 1.28266e-005 0.000282187
1900 8 0 1.27423e-005 0.000101939
1950 2 0 1.26782e-005 2.53565e-005
2000 0 0 1.26107e-005 0

total neg_log_likelihood: 35.2473


Year 2010
class scanned recaptured expected_prop neg_log_likelihood
100 0 0 0 0
150 0 0 4.54879e-015 0
200 0 0 5.68034e-013 0
250 2 0 8.20805e-012 1.64162e-011
300 30 0 1.57044e-010 4.71133e-009
350 342 0 2.1824e-009 7.46381e-007
400 2546 0 2.11505e-008 5.38492e-005
450 12914 0 1.61057e-007 0.00207989
500 45438 1 9.16308e-007 3.22044
550 110634 0 3.8083e-006 0.421328
600 193100 2 1.17644e-005 1.32379
650 259840 7 2.78257e-005 1.90748
700 288924 15 5.20673e-005 2.27856
750 275666 26 7.95652e-005 2.9068
800 231594 25 0.000102673 2.56251
850 178066 21 0.000116281 2.44719
900 131090 11 0.000120236 2.93067
950 95240 10 0.000117348 2.1427
1000 68874 5 0.00011052 2.25087
1050 49434 2 0.0001015 2.4849
1100 34952 7 9.10911e-005 3.60252
1150 24134 0 7.96634e-005 1.92267
1200 16262 0 6.75646e-005 1.09877
1250 10830 0 5.54797e-005 0.600862
1300 7284 0 4.43756e-005 0.323239
1350 5028 0 3.50904e-005 0.176437
1400 3564 1 2.81068e-005 2.40101
1450 2550 0 2.32318e-005 0.0592417
1500 1794 0 1.99461e-005 0.0357837
1550 1212 0 1.77735e-005 0.0215417
1600 770 0 1.62899e-005 0.0125433
1650 454 0 1.52907e-005 0.00694204
1700 246 0 1.46343e-005 0.00360006
1750 120 0 1.42116e-005 0.0017054
1800 54 0 1.39429e-005 0.000752924
1850 22 0 1.37729e-005 0.000303005
1900 8 0 1.3662e-005 0.000109297
1950 2 0 1.3579e-005 2.71582e-005
2000 0 0 1.34937e-005 0

total neg_log_likelihood: 37.1474


Tags2009_R1_R1 :
tag-recapture data for tag Tags2009_R1 in years 2010 , step 1, after proportion 0.5 of mortality, with sampling method size, detection probability 1.
Year 2010
class scanned recaptured expected_prop neg_log_likelihood
100 0 0 0 0
150 0 0 1.47418e-012 0
200 0 0 1.0282e-011 0
250 2 0 6.63246e-011 1.32649e-010
300 30 0 8.63178e-010 2.58953e-008
350 342 0 1.09483e-008 3.74431e-006
400 2546 0 1.01284e-007 0.000257868
450 12914 0 6.64532e-007 0.00858176
500 45438 0 3.07834e-006 0.139874
550 110634 1 1.02884e-005 1.00875
600 193100 1 2.56764e-005 3.35713
650 259840 10 4.97313e-005 2.43713
700 288924 28 7.76917e-005 3.22435
750 275666 29 0.000101777 2.6211
800 231594 33 0.000116654 3.2882
850 178066 20 0.000122141 2.49323
900 131090 14 0.000121027 2.35862
950 95240 8 0.00011599 2.4343
1000 68874 9 0.000108531 2.1727
1050 49434 4 9.93306e-005 1.72298
1100 34952 3 8.8704e-005 1.49752
1150 24134 0 7.68676e-005 1.85519
1200 16262 1 6.41872e-005 1.0009
1250 10830 0 5.14855e-005 0.557602
1300 7284 0 3.9894e-005 0.290593
1350 5028 0 3.03522e-005 0.152613
1400 3564 0 2.33285e-005 0.0831436
1450 2550 0 1.85493e-005 0.0473011
1500 1794 0 1.5422e-005 0.0276672
1550 1212 0 1.34163e-005 0.0162607
1600 770 0 1.20951e-005 0.00931331
1650 454 0 1.12368e-005 0.00510152
1700 246 0 1.06906e-005 0.0026299
1750 120 0 1.03479e-005 0.00124176
1800 54 0 1.01341e-005 0.000547244
1850 22 0 9.9995e-006 0.00021999
1900 8 0 9.91005e-006 7.92808e-005
1950 2 0 9.83912e-006 1.96783e-005
2000 0 0 9.76167e-006 0

total neg_log_likelihood: 32.8152


Output quantities start here

* Scalar parameter values
initialization.B0 208034

* Nuisance q's

* B0
208034

* R0
1.50942e+007

* SSBs
SSB 208034 205229 198537 191359 183810 176057 168298 160719 153486 146734 140551 134980 130028 125684 121928 118737 116087 113952 112304 111116 110363 
year 1990 1991 1992 1993 1994 1995 1996 1997 1998 1999 2000 2001 2002 2003 2004 2005 2006 2007 2008 2009 2010 

* recruitments
recruitment 1.50942e+007 1.50942e+007 1.50721e+007 1.50172e+007 1.49546e+007 1.4884e+007 1.48061e+007 1.47218e+007 1.46327e+007 1.45405e+007 1.44475e+007 1.43557e+007 1.42669e+007 1.41826e+007 1.41041e+007 1.40324e+007 1.39687e+007 1.39135e+007 1.38675e+007 1.3831e+007 1.38042e+007 
year 1990 1991 1992 1993 1994 1995 1996 1997 1998 1999 2000 2001 2002 2003 2004 2005 2006 2007 2008 2009 2010 

* YCS
YCS 1 1 1 1 1 1 1 1 1 1 1 1 1 1 1 1 1 1 1 1 1 
year 1989 1990 1991 1992 1993 1994 1995 1996 1997 1998 1999 2000 2001 2002 2003 2004 2005 2006 2007 2008 2009 

* true_YCS
true_YCS 1 1 0.998538 0.994901 0.99075 0.986076 0.980912 0.975327 0.969422 0.963319 0.957157 0.951074 0.94519 0.939605 0.934403 0.929658 0.925431 0.921775 0.918728 0.916312 0.914534 
year 1989 1990 1991 1992 1993 1994 1995 1996 1997 1998 1999 2000 2001 2002 2003 2004 2005 2006 2007 2008 2009 

* fishing_pressures
LL1 0 0.0712123 0.0731504 0.0749613 0.0765208 0.0777327 0.0785273 0.0788591 0.0787081 0.0780799 0.0770041 0.0755249 0.0736923 0.071558 0.0691742 0.0665905 0.0638523 0.060998 0.0580608 0.0550679 0.0520414 
LL2 0 0.0712123 0.0731504 0.0749613 0.0765208 0.0777327 0.0785273 0.0788591 0.0787081 0.0780799 0.0770041 0.0755249 0.0736923 0.071558 0.0691742 0.0665905 0.0638523 0.060998 0.0580608 0.0550679 0.0520414 
year 1990 1991 1992 1993 1994 1995 1996 1997 1998 1999 2000 2001 2002 2003 2004 2005 2006 2007 2008 2009 2010 

* Numbers_at_age_R1
1990  1.40106e+007 1.19989e+007 1.0276e+007 8.80052e+006 7.5369e+006 6.45472e+006 5.52792e+006 4.73419e+006 4.05443e+006 3.47228e+006 2.97371e+006 2.54673e+006 2.18106e+006 1.86789e+006 1.59969e+006 1.37e+006 1.17329e+006 1.00482e+006 860546 736984 631165 540539 462926 396457 339531 290780 249028 213272 182649 1.08941e+006 
1991  1.40106e+007 1.19988e+007 1.02759e+007 8.79996e+006 7.53365e+006 6.44146e+006 5.48974e+006 4.65643e+006 3.94243e+006 3.35821e+006 2.87669e+006 2.46535e+006 2.11374e+006 1.81297e+006 1.5555e+006 1.33493e+006 1.14584e+006 983640 844420 724878 622201 533994 458212 393109 337187 289160 247925 212530 182158 1.08718e+006 
1992  1.39901e+007 1.19988e+007 1.02759e+007 8.79982e+006 7.53251e+006 6.43508e+006 5.46427e+006 4.58463e+006 3.79912e+006 3.15419e+006 2.66939e+006 2.28895e+006 1.96563e+006 1.69028e+006 1.45523e+006 1.2541e+006 1.08156e+006 933217 805413 695119 599812 517383 446061 384344 330952 284788 244901 210468 180771 1.08206e+006 
1993  1.39391e+007 1.19813e+007 1.02759e+007 8.79979e+006 7.53229e+006 6.43368e+006 5.45753e+006 4.5604e+006 3.73578e+006 3.03398e+006 2.50215e+006 2.11976e+006 1.82144e+006 1.56892e+006 1.35437e+006 1.17135e+006 1.01455e+006 879673 763207 662308 574660 498375 431900 373945 323426 279420 241127 207853 178985 1.07639e+006 
1994  1.3881e+007 1.19377e+007 1.02609e+007 8.79977e+006 7.53218e+006 6.43312e+006 5.45518e+006 4.55215e+006 3.7118e+006 2.9785e+006 2.40239e+006 1.98337e+006 1.68385e+006 1.45139e+006 1.25514e+006 1.08855e+006 946323 824161 718634 627000 547080 477137 415782 361893 314547 272975 236519 204607 176733 1.06992e+006 
1995  1.38155e+007 1.18879e+007 1.02235e+007 8.78689e+006 7.5321e+006 6.43273e+006 5.45377e+006 4.54808e+006 3.70165e+006 2.95537e+006 2.35488e+006 1.90144e+006 1.57321e+006 1.33988e+006 1.15958e+006 1.00756e+006 878448 767957 672675 589911 517557 453969 397866 348243 304305 265407 231013 200662 173949 1.06239e+006 
1996  1.37431e+007 1.18318e+007 1.01809e+007 8.75488e+006 7.52103e+006 6.43246e+006 5.45279e+006 4.54541e+006 3.69588e+006 2.94438e+006 2.334e+006 1.86179e+006 1.50662e+006 1.25057e+006 1.06946e+006 930018 812417 712345 626386 551863 486696 429285 378409 333136 292754 256713 224572 195966 170578 1.05353e+006 
1997  1.36649e+007 1.17698e+007 1.01328e+007 8.71835e+006 7.49361e+006 6.4229e+006 5.45224e+006 4.54383e+006 3.69239e+006 2.93816e+006 2.32383e+006 1.84412e+006 1.4743e+006 1.19692e+006 997615 857290 749536 658515 580801 513713 455171 403586 357757 316788 280013 246940 217195 190488 166576 1.04307e+006 
1998  1.35821e+007 1.17028e+007 1.00798e+007 8.67722e+006 7.46234e+006 6.3995e+006 5.44416e+006 4.54335e+006 3.69097e+006 2.93511e+006 2.31862e+006 1.83585e+006 1.46011e+006 1.1711e+006 954710 799610 690852 607489 536867 476293 423678 377423 336324 299488 266264 236186 208922 184227 161917 1.03074e+006 
1999  1.34966e+007 1.16319e+007 1.00224e+007 8.63178e+006 7.42717e+006 6.37292e+006 5.42468e+006 4.53737e+006 3.69167e+006 2.93508e+006 2.31712e+006 1.83244e+006 1.45411e+006 1.16024e+006 934421 765456 644551 560069 495379 440351 392883 351361 314560 281574 251744 224604 199834 177217 156601 1.01629e+006 
2000  1.34103e+007 1.15587e+007 9.9617e+006 8.58264e+006 7.38833e+006 6.34311e+006 5.40284e+006 4.52261e+006 3.68906e+006 2.93808e+006 2.31917e+006 1.83286e+006 1.45264e+006 1.15641e+006 926470 749723 617422 522840 456949 406508 363380 325933 292922 263416 236732 212389 190059 169526 150654 999498 
2001  1.33251e+007 1.14848e+007 9.89899e+006 8.5307e+006 7.34635e+006 6.31025e+006 5.37853e+006 4.50652e+006 3.68036e+006 2.93965e+006 2.32468e+006 1.83693e+006 1.45485e+006 1.15667e+006 924488 744150 605333 501283 426915 375235 335656 301613 271842 245385 221531 199772 179757 161257 144132 980204 
2002  1.32426e+007 1.14118e+007 9.83567e+006 8.47701e+006 7.30197e+006 6.2748e+006 5.3519e+006 4.48895e+006 3.67151e+006 2.93746e+006 2.33003e+006 1.84449e+006 1.46055e+006 1.16031e+006 926108 743609 601612 492043 409740 350893 310079 278791 251703 227834 206448 187004 169121 152547 137123 958307 
2003  1.31644e+007 1.13412e+007 9.77316e+006 8.4228e+006 7.25613e+006 6.23736e+006 5.32327e+006 4.46991e+006 3.66222e+006 2.93605e+006 2.33322e+006 1.8526e+006 1.46954e+006 1.16711e+006 930720 746179 602112 489707 402691 337147 290241 257757 232816 211075 191772 174338 158360 143556 129741 933789 
2004  1.30915e+007 1.12742e+007 9.7127e+006 8.3693e+006 7.20985e+006 6.19872e+006 5.29313e+006 4.44958e+006 3.65237e+006 2.93506e+006 2.33774e+006 1.85955e+006 1.47941e+006 1.17689e+006 938130 751350 605267 490901 401353 331764 279175 241491 215420 195365 177761 162015 147685 134458 122120 906729 
2005  1.3025e+007 1.12118e+007 9.65531e+006 8.31754e+006 7.16418e+006 6.15975e+006 5.26208e+006 4.42827e+006 3.64194e+006 2.93421e+006 2.34313e+006 1.86801e+006 1.48873e+006 1.18768e+006 948158 758944 610650 494343 402963 331117 275045 232521 202000 180897 164628 150250 137299 125432 114407 877301 
2006  1.29658e+007 1.11548e+007 9.60186e+006 8.26842e+006 7.12001e+006 6.12133e+006 5.23085e+006 4.40643e+006 3.6311e+006 2.93337e+006 2.34908e+006 1.87755e+006 1.49955e+006 1.19826e+006 959187 768803 618109 499680 406471 332937 274861 229332 194676 169758 152532 139220 127381 116648 106754 845777 
2007  1.29146e+007 1.11041e+007 9.5531e+006 8.22267e+006 7.0781e+006 6.08421e+006 5.20015e+006 4.38459e+006 3.62009e+006 2.93255e+006 2.3554e+006 1.88784e+006 1.51151e+006 1.21027e+006 970226 779610 627515 506789 411588 336358 276745 229444 192194 163736 143235 129061 118081 108259 99304.9 812511 
2008  1.28719e+007 1.10602e+007 9.50967e+006 8.18094e+006 7.03909e+006 6.04903e+006 5.1706e+006 4.36329e+006 3.60926e+006 2.93183e+006 2.36198e+006 1.89866e+006 1.52427e+006 1.22336e+006 982563 790539 637783 515559 418208 341141 279980 231293 192482 161785 138250 121262 109513 100390 92188.2 777926 
2009  1.2838e+007 1.10237e+007 9.47211e+006 8.14377e+006 7.00351e+006 6.01633e+006 5.14272e+006 4.34301e+006 3.59897e+006 2.9314e+006 2.36882e+006 1.90986e+006 1.53762e+006 1.23725e+006 995897 802619 648227 525097 426243 347200 284367 234283 194233 162166 136698 117109 102943 93140.4 85512 742490 
2010  1.28131e+007 1.09947e+007 9.4408e+006 8.11163e+006 6.97184e+006 5.98658e+006 5.11695e+006 4.32414e+006 3.58956e+006 2.93151e+006 2.37603e+006 1.92142e+006 1.55143e+006 1.25174e+006 1.00999e+006 815605 659686 534835 434956 354464 289839 238250 196951 163785 137119 115863 99463.7 87584.7 79359.2 706692 

Output quantities finish here

Unused parameters:
annual_cycle.fishery_areas annual_cycle.migrate_from annual_cycle.migrate_to annual_cycle.migration_names annual_cycle.migration_times annual_cycle.n_migrations annual_cycle.recruitment_areas annual_cycle.spawning_all_areas area_names recruitment.p_male recruitment.year_range tag[Tags2005_R1_LL1].area tag[Tags2005_R1_LL1].sex tag[Tags2006_R1_LL1].area tag[Tags2006_R1_LL1].sex tag[Tags2007_R1_LL1].area tag[Tags2007_R1_LL1].sex tag[Tags2008_R1_LL1].area tag[Tags2008_R1_LL1].sex tag[Tags2009_R1_LL1].area tag[Tags2009_R1_LL1].sex MCMC.adapt_at MCMC.adaptive_stepsize MCMC.burn_in MCMC.keep MCMC.length MCMC.start MCMC.stepsize profile[1].l profile[1].n profile[1].parameter profile[1].u tag_recapture[Tags2005_R1_R1].area tag_recapture[Tags2006_R1_R1].area tag_recapture[Tags2007_R1_R1].area tag_recapture[Tags2008_R1_R1].area tag_recapture[Tags2009_R1_R1].area n_projections numbers_at[Numbers_at_age_R1].area print.final_state print.initial_state print.requests print.results print.state_annually print.state_every_step print.yields 
