CASAL (C++ algorithmic stock assessment laboratory)
Call: C:/Users/bstacy/Documents/GitHub/lasac/projects/simulations/sim/con1.5/casal -e -q -f EM 
Date: Mon Oct 14 13:36:35 2019
v2.30-2012-03-21 00:22:59 UTC (rev.4648)  (c) Copyright 2002-2012, NIWA
User name: bstacy
Machine name: DOM-IMA-HVZRNF2 (Microsoft Windows, PID=2328)

Prefix for the input parameter filenames : EM

Random number seed : 20595

Estimation parameters:
Stored as strings: 
  MCMC.adapt_at                 	1e+05 2e+05 3e+05 4e+05
  MCMC.adaptive_stepsize        	True
  MCMC.burn_in                  	500
  MCMC.keep                     	1000
  MCMC.length                   	1500000
  MCMC.start                    	0
  MCMC.stepsize                 	0.01
  ageing_error.c                	0
  ageing_error.type             	normal
  catch_at[LL1_catchA].2000     	0 0 0 0 0.01 0 0.05 0.11 0.2 0.13 0.17 0.14 0.04 0.02 0.04 0.01 0.03 0.01 0.01 0.01 0.01 0 0.01 0 0 0 0 0 0 0
  catch_at[LL1_catchA].2001     	0 0 0 0 0.02 0.02 0.1 0.07 0.2 0.17 0.09 0.03 0.04 0.11 0.03 0.04 0 0.01 0.02 0.02 0 0.01 0 0 0.02 0 0 0 0 0
  catch_at[LL1_catchA].2002     	0 0 0 0 0.01 0.01 0.06 0.09 0.13 0.2 0.12 0.1 0.05 0.06 0.04 0.03 0.02 0.02 0.02 0.01 0.01 0 0 0.01 0.01 0 0 0 0 0
  catch_at[LL1_catchA].2003     	0 0 0 0 0 0 0.05 0.15 0.14 0.16 0.11 0.08 0.03 0.08 0.09 0.02 0.02 0.02 0 0.01 0.01 0.01 0.01 0 0 0 0 0 0 0.01
  catch_at[LL1_catchA].2004     	0 0 0 0 0 0 0.04 0.13 0.12 0.13 0.16 0.07 0.07 0.09 0.03 0.05 0.02 0.03 0.01 0.02 0 0.01 0 0.02 0 0 0 0 0 0
  catch_at[LL1_catchA].2005     	0 0 0 0 0.01 0.03 0.05 0.14 0.19 0.13 0.07 0.13 0.05 0.04 0.05 0.04 0.02 0.01 0.01 0.01 0 0 0 0 0 0 0.01 0 0.01 0
  catch_at[LL1_catchA].2006     	0 0 0 0 0.01 0.02 0.08 0.1 0.13 0.2 0.13 0.09 0.07 0.04 0.05 0.03 0 0.01 0 0.02 0 0.01 0 0 0 0 0 0 0.01 0
  catch_at[LL1_catchA].2007     	0 0 0 0 0.01 0.03 0.04 0.13 0.15 0.12 0.13 0.11 0.1 0.04 0.03 0.03 0 0.01 0.01 0.03 0 0.01 0.01 0.01 0 0 0 0 0 0
  catch_at[LL1_catchA].2008     	0 0 0 0.01 0 0.04 0.04 0.14 0.13 0.17 0.12 0.14 0.04 0.05 0.01 0.05 0.03 0 0 0 0.02 0.01 0 0 0 0 0 0 0 0
  catch_at[LL1_catchA].2009     	0 0 0 0 0 0.02 0.04 0.13 0.2 0.12 0.12 0.08 0.09 0.03 0.04 0.07 0.01 0.02 0 0 0 0.01 0.01 0.01 0 0 0 0 0 0
  catch_at[LL1_catchA].2010     	0 0 0 0.01 0 0.04 0.03 0.13 0.19 0.21 0.08 0.17 0.03 0.04 0.02 0 0.01 0.01 0 0.01 0.02 0 0 0 0 0 0 0 0 0
  catch_at[LL1_catchA].N_2000   	100
  catch_at[LL1_catchA].N_2001   	100
  catch_at[LL1_catchA].N_2002   	100
  catch_at[LL1_catchA].N_2003   	100
  catch_at[LL1_catchA].N_2004   	100
  catch_at[LL1_catchA].N_2005   	100
  catch_at[LL1_catchA].N_2006   	100
  catch_at[LL1_catchA].N_2007   	100
  catch_at[LL1_catchA].N_2008   	100
  catch_at[LL1_catchA].N_2009   	100
  catch_at[LL1_catchA].N_2010   	100
  catch_at[LL1_catchA].at_size  	False
  catch_at[LL1_catchA].dist     	multinomial
  catch_at[LL1_catchA].fishery  	LL1
  catch_at[LL1_catchA].max_class	30
  catch_at[LL1_catchA].min_class	1
  catch_at[LL1_catchA].plus_group	True
  catch_at[LL1_catchA].r        	1e-11
  catch_at[LL1_catchA].sexed    	False
  catch_at[LL1_catchA].sum_to_one	True
  catch_at[LL1_catchA].years    	2000 2001 2002 2003 2004 2005 2006 2007 2008 2009 2010
  catch_limit_penalty[1].fishery	LL1
  catch_limit_penalty[1].label  	LL1_Penalty
  catch_limit_penalty[1].log_scale	True
  catch_limit_penalty[1].multiplier	1000
  catch_limit_penalty[2].fishery	LL2
  catch_limit_penalty[2].label  	LL2_Penalty
  catch_limit_penalty[2].log_scale	True
  catch_limit_penalty[2].multiplier	1000
  estimate[1].lower_bound       	5000
  estimate[1].parameter         	initialization.B0
  estimate[1].prior             	uniform
  estimate[1].upper_bound       	5e+05
  estimator                     	Bayes
  fish_tagged_penalty[1].label  	Penalty_Tags2005_R1_LL1
  fish_tagged_penalty[1].multiplier	1
  fish_tagged_penalty[1].tagging_episode	Tags2005_R1_LL1
  fish_tagged_penalty[2].label  	Penalty_Tags2006_R1_LL1
  fish_tagged_penalty[2].multiplier	1
  fish_tagged_penalty[2].tagging_episode	Tags2006_R1_LL1
  fish_tagged_penalty[3].label  	Penalty_Tags2007_R1_LL1
  fish_tagged_penalty[3].multiplier	1
  fish_tagged_penalty[3].tagging_episode	Tags2007_R1_LL1
  fish_tagged_penalty[4].label  	Penalty_Tags2008_R1_LL1
  fish_tagged_penalty[4].multiplier	1
  fish_tagged_penalty[4].tagging_episode	Tags2008_R1_LL1
  fish_tagged_penalty[5].label  	Penalty_Tags2009_R1_LL1
  fish_tagged_penalty[5].multiplier	1
  fish_tagged_penalty[5].tagging_episode	Tags2009_R1_LL1
  grad_tol                      	0.001
  max_evals                     	10000
  max_iters                     	1600
  profile[1].l                  	40000
  profile[1].n                  	11
  profile[1].parameter          	initialization.B0
  profile[1].u                  	130000
  q_method                      	nuisance
  tag_recapture[Tags2005_R1_R1].area	R1
  tag_recapture[Tags2005_R1_R1].class_mins	100 150 200 250 300 350 400 450 500 550 600 650 700 750 800 850 900 950 1000 1050 1100 1150 1200 1250 1300 1350 1400 1450 1500 1550 1600 1650 1700 1750 1800 1850 1900 1950 2000 2050
  tag_recapture[Tags2005_R1_R1].detection_probability	1
  tag_recapture[Tags2005_R1_R1].dispersion	1
  tag_recapture[Tags2005_R1_R1].do_bootstrap	True
  tag_recapture[Tags2005_R1_R1].plus_group	False
  tag_recapture[Tags2005_R1_R1].proportion_mortality	0.5
  tag_recapture[Tags2005_R1_R1].r	1e-11
  tag_recapture[Tags2005_R1_R1].recaptured_2006	0 0 0 0 0 0 0 0 0 0 5 8 23 20 29 24 19 10 4 2 1 2 1 2 1 0 0 0 0 0 0 0 0 0 0 0 0 0 0
  tag_recapture[Tags2005_R1_R1].recaptured_2007	0 0 0 0 0 0 0 0 0 0 1 7 14 16 20 23 21 5 1 4 1 2 1 2 1 0 0 0 0 0 0 0 0 0 0 0 0 0 0
  tag_recapture[Tags2005_R1_R1].recaptured_2008	0 0 0 0 0 0 0 0 0 0 1 0 9 7 17 11 13 11 3 6 2 7 2 2 0 0 0 0 0 0 0 0 0 0 0 0 0 0 0
  tag_recapture[Tags2005_R1_R1].recaptured_2009	0 0 0 0 0 0 0 0 0 0 0 1 4 10 13 15 17 11 14 3 4 7 0 0 0 0 0 0 0 0 0 0 0 0 0 0 0 0 0
  tag_recapture[Tags2005_R1_R1].recaptured_2010	0 0 0 0 0 0 0 0 0 0 1 1 0 4 5 6 8 8 6 7 4 0 3 0 1 0 0 0 0 0 0 0 0 0 0 0 0 0 0
  tag_recapture[Tags2005_R1_R1].sample	size
  tag_recapture[Tags2005_R1_R1].scanned_2006	0 0 0 2 28 320 2302 11502 39770 96806 173902 243624 277690 266092 224820 178122 136978 101584 71958 49292 33518 23134 16316 11662 8346 5944 4222 2988 2086 1406 896 530 286 140 62 24 8 2 0
  tag_recapture[Tags2005_R1_R1].scanned_2007	0 0 0 2 28 344 2442 11568 39724 99366 181960 252416 280488 265182 224010 176300 134278 100438 72920 50898 34514 23278 15942 11162 7944 5686 4062 2880 2006 1350 862 512 278 138 62 24 8 2 0
  tag_recapture[Tags2005_R1_R1].scanned_2008	0 0 0 2 28 344 2602 12332 40170 97884 182308 260086 291620 271378 224512 174626 131756 97934 71728 51120 35200 23658 15864 10828 7580 5410 3886 2772 1934 1300 826 490 266 132 58 24 8 2 0
  tag_recapture[Tags2005_R1_R1].scanned_2009	0 0 0 2 28 338 2596 13080 43468 101422 180382 255904 293398 278302 229716 175798 130724 96182 70174 50456 35360 24054 16060 10754 7362 5182 3714 2662 1866 1256 798 470 254 126 56 22 8 2 0
  tag_recapture[Tags2005_R1_R1].scanned_2010	0 0 0 2 30 342 2546 12914 45438 110634 193100 259840 288924 275666 231594 178066 131090 95240 68874 49434 34952 24134 16262 10830 7284 5028 3564 2550 1794 1212 770 454 246 120 54 22 8 2 0
  tag_recapture[Tags2005_R1_R1].step	1
  tag_recapture[Tags2005_R1_R1].tag_name	Tags2005_R1
  tag_recapture[Tags2005_R1_R1].years	2006 2007 2008 2009 2010
  tag_recapture[Tags2006_R1_R1].area	R1
  tag_recapture[Tags2006_R1_R1].class_mins	100 150 200 250 300 350 400 450 500 550 600 650 700 750 800 850 900 950 1000 1050 1100 1150 1200 1250 1300 1350 1400 1450 1500 1550 1600 1650 1700 1750 1800 1850 1900 1950 2000 2050
  tag_recapture[Tags2006_R1_R1].detection_probability	1
  tag_recapture[Tags2006_R1_R1].dispersion	1
  tag_recapture[Tags2006_R1_R1].do_bootstrap	True
  tag_recapture[Tags2006_R1_R1].plus_group	False
  tag_recapture[Tags2006_R1_R1].proportion_mortality	0.5
  tag_recapture[Tags2006_R1_R1].r	1e-11
  tag_recapture[Tags2006_R1_R1].recaptured_2007	0 0 0 0 0 0 0 0 0 0 3 10 15 32 28 16 21 8 7 3 4 0 2 0 0 0 0 0 0 0 0 0 0 0 0 0 0 0 0
  tag_recapture[Tags2006_R1_R1].recaptured_2008	0 0 0 0 0 0 0 0 0 0 1 7 10 25 21 23 14 13 9 12 6 1 2 0 0 0 0 0 0 0 0 0 0 0 0 0 0 0 0
  tag_recapture[Tags2006_R1_R1].recaptured_2009	0 0 0 0 0 0 0 0 0 0 1 2 12 10 21 20 13 14 8 7 3 3 1 0 1 1 0 0 0 0 0 0 0 0 0 0 0 0 0
  tag_recapture[Tags2006_R1_R1].recaptured_2010	0 0 0 0 0 0 0 0 0 0 0 0 4 5 6 9 13 15 5 5 5 3 1 0 0 0 1 0 0 0 0 0 0 0 0 0 0 0 0
  tag_recapture[Tags2006_R1_R1].sample	size
  tag_recapture[Tags2006_R1_R1].scanned_2007	0 0 0 2 28 344 2442 11568 39724 99366 181960 252416 280488 265182 224010 176300 134278 100438 72920 50898 34514 23278 15942 11162 7944 5686 4062 2880 2006 1350 862 512 278 138 62 24 8 2 0
  tag_recapture[Tags2006_R1_R1].scanned_2008	0 0 0 2 28 344 2602 12332 40170 97884 182308 260086 291620 271378 224512 174626 131756 97934 71728 51120 35200 23658 15864 10828 7580 5410 3886 2772 1934 1300 826 490 266 132 58 24 8 2 0
  tag_recapture[Tags2006_R1_R1].scanned_2009	0 0 0 2 28 338 2596 13080 43468 101422 180382 255904 293398 278302 229716 175798 130724 96182 70174 50456 35360 24054 16060 10754 7362 5182 3714 2662 1866 1256 798 470 254 126 56 22 8 2 0
  tag_recapture[Tags2006_R1_R1].scanned_2010	0 0 0 2 30 342 2546 12914 45438 110634 193100 259840 288924 275666 231594 178066 131090 95240 68874 49434 34952 24134 16262 10830 7284 5028 3564 2550 1794 1212 770 454 246 120 54 22 8 2 0
  tag_recapture[Tags2006_R1_R1].step	1
  tag_recapture[Tags2006_R1_R1].tag_name	Tags2006_R1
  tag_recapture[Tags2006_R1_R1].years	2007 2008 2009 2010
  tag_recapture[Tags2007_R1_R1].area	R1
  tag_recapture[Tags2007_R1_R1].class_mins	100 150 200 250 300 350 400 450 500 550 600 650 700 750 800 850 900 950 1000 1050 1100 1150 1200 1250 1300 1350 1400 1450 1500 1550 1600 1650 1700 1750 1800 1850 1900 1950 2000 2050
  tag_recapture[Tags2007_R1_R1].detection_probability	1
  tag_recapture[Tags2007_R1_R1].dispersion	1
  tag_recapture[Tags2007_R1_R1].do_bootstrap	True
  tag_recapture[Tags2007_R1_R1].plus_group	False
  tag_recapture[Tags2007_R1_R1].proportion_mortality	0.5
  tag_recapture[Tags2007_R1_R1].r	1e-11
  tag_recapture[Tags2007_R1_R1].recaptured_2008	0 0 0 0 0 0 0 0 1 0 5 20 17 32 29 21 19 19 7 4 4 4 2 0 0 0 0 0 0 0 0 0 0 0 0 0 0 0 0
  tag_recapture[Tags2007_R1_R1].recaptured_2009	0 0 0 0 0 0 0 0 0 0 1 12 7 21 18 16 12 17 3 5 4 0 1 0 0 0 1 0 0 0 0 0 0 0 0 0 0 0 0
  tag_recapture[Tags2007_R1_R1].recaptured_2010	0 0 0 0 0 0 0 0 0 0 0 3 8 10 24 14 16 12 5 4 8 6 3 0 1 0 0 0 0 0 0 0 0 0 0 0 0 0 0
  tag_recapture[Tags2007_R1_R1].sample	size
  tag_recapture[Tags2007_R1_R1].scanned_2008	0 0 0 2 28 344 2602 12332 40170 97884 182308 260086 291620 271378 224512 174626 131756 97934 71728 51120 35200 23658 15864 10828 7580 5410 3886 2772 1934 1300 826 490 266 132 58 24 8 2 0
  tag_recapture[Tags2007_R1_R1].scanned_2009	0 0 0 2 28 338 2596 13080 43468 101422 180382 255904 293398 278302 229716 175798 130724 96182 70174 50456 35360 24054 16060 10754 7362 5182 3714 2662 1866 1256 798 470 254 126 56 22 8 2 0
  tag_recapture[Tags2007_R1_R1].scanned_2010	0 0 0 2 30 342 2546 12914 45438 110634 193100 259840 288924 275666 231594 178066 131090 95240 68874 49434 34952 24134 16262 10830 7284 5028 3564 2550 1794 1212 770 454 246 120 54 22 8 2 0
  tag_recapture[Tags2007_R1_R1].step	1
  tag_recapture[Tags2007_R1_R1].tag_name	Tags2007_R1
  tag_recapture[Tags2007_R1_R1].years	2008 2009 2010
  tag_recapture[Tags2008_R1_R1].area	R1
  tag_recapture[Tags2008_R1_R1].class_mins	100 150 200 250 300 350 400 450 500 550 600 650 700 750 800 850 900 950 1000 1050 1100 1150 1200 1250 1300 1350 1400 1450 1500 1550 1600 1650 1700 1750 1800 1850 1900 1950 2000 2050
  tag_recapture[Tags2008_R1_R1].detection_probability	1
  tag_recapture[Tags2008_R1_R1].dispersion	1
  tag_recapture[Tags2008_R1_R1].do_bootstrap	True
  tag_recapture[Tags2008_R1_R1].plus_group	False
  tag_recapture[Tags2008_R1_R1].proportion_mortality	0.5
  tag_recapture[Tags2008_R1_R1].r	1e-11
  tag_recapture[Tags2008_R1_R1].recaptured_2009	0 0 0 0 0 0 0 0 0 2 3 11 24 35 23 22 22 16 7 7 5 1 2 1 0 0 0 2 0 0 0 0 0 0 0 0 0 0 0
  tag_recapture[Tags2008_R1_R1].recaptured_2010	0 0 0 0 0 0 0 0 0 0 1 8 9 18 24 18 17 6 11 4 6 2 1 1 1 0 0 0 0 0 0 0 0 0 0 0 0 0 0
  tag_recapture[Tags2008_R1_R1].sample	size
  tag_recapture[Tags2008_R1_R1].scanned_2009	0 0 0 2 28 338 2596 13080 43468 101422 180382 255904 293398 278302 229716 175798 130724 96182 70174 50456 35360 24054 16060 10754 7362 5182 3714 2662 1866 1256 798 470 254 126 56 22 8 2 0
  tag_recapture[Tags2008_R1_R1].scanned_2010	0 0 0 2 30 342 2546 12914 45438 110634 193100 259840 288924 275666 231594 178066 131090 95240 68874 49434 34952 24134 16262 10830 7284 5028 3564 2550 1794 1212 770 454 246 120 54 22 8 2 0
  tag_recapture[Tags2008_R1_R1].step	1
  tag_recapture[Tags2008_R1_R1].tag_name	Tags2008_R1
  tag_recapture[Tags2008_R1_R1].years	2009 2010
  tag_recapture[Tags2009_R1_R1].area	R1
  tag_recapture[Tags2009_R1_R1].class_mins	100 150 200 250 300 350 400 450 500 550 600 650 700 750 800 850 900 950 1000 1050 1100 1150 1200 1250 1300 1350 1400 1450 1500 1550 1600 1650 1700 1750 1800 1850 1900 1950 2000 2050
  tag_recapture[Tags2009_R1_R1].detection_probability	1
  tag_recapture[Tags2009_R1_R1].dispersion	1
  tag_recapture[Tags2009_R1_R1].do_bootstrap	True
  tag_recapture[Tags2009_R1_R1].plus_group	False
  tag_recapture[Tags2009_R1_R1].proportion_mortality	0.5
  tag_recapture[Tags2009_R1_R1].r	1e-11
  tag_recapture[Tags2009_R1_R1].recaptured_2010	0 0 0 0 0 0 0 0 0 1 6 18 24 33 32 28 17 9 6 5 6 3 1 2 0 0 0 0 0 0 0 0 0 0 0 0 0 0 0
  tag_recapture[Tags2009_R1_R1].sample	size
  tag_recapture[Tags2009_R1_R1].scanned_2010	0 0 0 2 30 342 2546 12914 45438 110634 193100 259840 288924 275666 231594 178066 131090 95240 68874 49434 34952 24134 16262 10830 7284 5028 3564 2550 1794 1212 770 454 246 120 54 22 8 2 0
  tag_recapture[Tags2009_R1_R1].step	1
  tag_recapture[Tags2009_R1_R1].tag_name	Tags2009_R1
  tag_recapture[Tags2009_R1_R1].years	2010
  vector_average_penalty[1].k   	1
  vector_average_penalty[1].label	meanYCS_1
  vector_average_penalty[1].multiplier	100
  vector_average_penalty[1].vector	recruitment.YCS
Stored as DOUBLEs: 
Stored as VECTORs: 
Stored as OGIVEs: 

Population parameters:
Stored as strings: 
  annual_cycle.M_props          	1
  annual_cycle.aging_time       	1
  annual_cycle.baranov          	False
  annual_cycle.fishery_areas    	R1
  annual_cycle.fishery_names    	LL1 LL2
  annual_cycle.fishery_times    	1 1
  annual_cycle.growth_props     	0
  annual_cycle.migrate_from     	R1
  annual_cycle.migrate_to       	R2
  annual_cycle.migration_names  	MoveRec_1_2
  annual_cycle.migration_times  	1
  annual_cycle.n_migrations     	0
  annual_cycle.recruitment_areas	R1
  annual_cycle.recruitment_time 	1
  annual_cycle.spawning_all_areas	1
  annual_cycle.spawning_p       	1
  annual_cycle.spawning_part_mort	0.5
  annual_cycle.spawning_time    	1
  annual_cycle.spawning_use_total_B	False
  annual_cycle.time_steps       	1
  area_names                    	R1
  current                       	2010
  final                         	2045
  first_random_year             	2007
  fishery[LL1].U_max            	0.95
  fishery[LL1].catches          	0 6000 6000 6000 6000 6000 6000 6000 6000 6000 6000 6000 6000 6000 6000 6000 6000 6000 6000 6000 6000
  fishery[LL1].future_constant_catches	200
  fishery[LL1].selectivity      	SelLL
  fishery[LL1].years            	1990 1991 1992 1993 1994 1995 1996 1997 1998 1999 2000 2001 2002 2003 2004 2005 2006 2007 2008 2009 2010
  fishery[LL2].U_max            	0.95
  fishery[LL2].catches          	0 0 0 0 0 0 0 0 0 0 0 0 0 0 0 0 0 0 0 0 0
  fishery[LL2].future_constant_catches	200
  fishery[LL2].selectivity      	SelLL
  fishery[LL2].years            	1990 1991 1992 1993 1994 1995 1996 1997 1998 1999 2000 2001 2002 2003 2004 2005 2006 2007 2008 2009 2010
  initial                       	1990
  initialization.B0             	448262
  mature_partition              	False
  maturity_props.all            	allvalues  0 0 0 0 0 0 0 0 0 0 0 0.1667 0.3333 0.5 0.6667 0.8333 1 1 1 1 1 1 1 1 1 1 1 1 1 1
  max_age                       	30
  min_age                       	1
  n_areas                       	1
  n_stocks                      	1
  n_tags                        	5
  natural_mortality.all         	0.155
  plus_group                    	True
  randomisation_method          	lognormal
  recruitment.SR                	BH
  recruitment.YCS               	1 1 1 1 1 1 1 1 1 1 1 1 1 1 1 1 1 1 1 1 1
  recruitment.YCS_years         	1989 1990 1991 1992 1993 1994 1995 1996 1997 1998 1999 2000 2001 2002 2003 2004 2005 2006 2007 2008 2009
  recruitment.first_free        	1989
  recruitment.last_free         	2006
  recruitment.p_male            	0.5
  recruitment.rho               	0
  recruitment.sigma_r           	0.6
  recruitment.steepness         	0.7
  recruitment.year_range        	1989 2006
  selectivity[SelLL].all        	double_normal 10 2 10
  selectivity_names             	SelLL
  sex_partition                 	False
  size_at_age.Linf              	2870
  size_at_age.by_length         	True
  size_at_age.cv                	0.1
  size_at_age.k                 	0.02056
  size_at_age.t0                	-4.2897
  size_at_age_dist              	normal
  size_at_age_type              	von_Bert
  size_based                    	False
  size_weight.a                 	2.59e-12
  size_weight.b                 	3.2064
  size_weight.verify_size_weight	500 0.5 1.5
  standardise_YCS               	True
  tag[Tags2005_R1_LL1].area     	R1
  tag[Tags2005_R1_LL1].class_mins	100 150 200 250 300 350 400 450 500 550 600 650 700 750 800 850 900 950 1000 1050 1100 1150 1200 1250 1300 1350 1400 1450 1500 1550 1600 1650 1700 1750 1800 1850 1900 1950 2000 2050
  tag[Tags2005_R1_LL1].mature_only	False
  tag[Tags2005_R1_LL1].mortality	0.1
  tag[Tags2005_R1_LL1].number   	2500
  tag[Tags2005_R1_LL1].ogive    	SelLL
  tag[Tags2005_R1_LL1].plus_group	False
  tag[Tags2005_R1_LL1].props_all	0 0 0 0 0 1e-04 8e-04 0.0048 0.0184 0.0472 0.088 0.1245 0.1388 0.1298 0.1103 0.0896 0.0694 0.0511 0.0362 0.0255 0.0183 0.0135 0.01 0.0073 0.0052 0.0037 0.0025 0.0018 0.0012 8e-04 5e-04 3e-04 2e-04 1e-04 0 0 0 0 0
  tag[Tags2005_R1_LL1].release_type	deterministic
  tag[Tags2005_R1_LL1].sex      	both
  tag[Tags2005_R1_LL1].step     	1
  tag[Tags2005_R1_LL1].tag_name 	Tags2005_R1
  tag[Tags2005_R1_LL1].year     	2005
  tag[Tags2006_R1_LL1].area     	R1
  tag[Tags2006_R1_LL1].class_mins	100 150 200 250 300 350 400 450 500 550 600 650 700 750 800 850 900 950 1000 1050 1100 1150 1200 1250 1300 1350 1400 1450 1500 1550 1600 1650 1700 1750 1800 1850 1900 1950 2000 2050
  tag[Tags2006_R1_LL1].mature_only	False
  tag[Tags2006_R1_LL1].mortality	0.1
  tag[Tags2006_R1_LL1].number   	2500
  tag[Tags2006_R1_LL1].ogive    	SelLL
  tag[Tags2006_R1_LL1].plus_group	False
  tag[Tags2006_R1_LL1].props_all	0 0 0 0 0 2e-04 0.0013 0.0058 0.0198 0.0485 0.0873 0.1222 0.1397 0.1351 0.1154 0.0921 0.0705 0.0511 0.0349 0.023 0.0152 0.0104 0.0075 0.0055 0.0041 0.0031 0.0023 0.0017 0.0012 9e-04 6e-04 3e-04 2e-04 1e-04 0 0 0 0 0
  tag[Tags2006_R1_LL1].release_type	deterministic
  tag[Tags2006_R1_LL1].sex      	both
  tag[Tags2006_R1_LL1].step     	1
  tag[Tags2006_R1_LL1].tag_name 	Tags2006_R1
  tag[Tags2006_R1_LL1].year     	2006
  tag[Tags2007_R1_LL1].area     	R1
  tag[Tags2007_R1_LL1].class_mins	100 150 200 250 300 350 400 450 500 550 600 650 700 750 800 850 900 950 1000 1050 1100 1150 1200 1250 1300 1350 1400 1450 1500 1550 1600 1650 1700 1750 1800 1850 1900 1950 2000 2050
  tag[Tags2007_R1_LL1].mature_only	False
  tag[Tags2007_R1_LL1].mortality	0.1
  tag[Tags2007_R1_LL1].number   	2500
  tag[Tags2007_R1_LL1].ogive    	SelLL
  tag[Tags2007_R1_LL1].plus_group	False
  tag[Tags2007_R1_LL1].props_all	0 0 0 0 0 1e-04 0.0011 0.0056 0.0193 0.0485 0.0889 0.124 0.139 0.1322 0.1118 0.0878 0.0669 0.0504 0.0372 0.0265 0.0183 0.0125 0.0087 0.0062 0.0045 0.0032 0.0024 0.0017 0.0012 8e-04 5e-04 3e-04 2e-04 1e-04 0 0 0 0 0
  tag[Tags2007_R1_LL1].release_type	deterministic
  tag[Tags2007_R1_LL1].sex      	both
  tag[Tags2007_R1_LL1].step     	1
  tag[Tags2007_R1_LL1].tag_name 	Tags2007_R1
  tag[Tags2007_R1_LL1].year     	2007
  tag[Tags2008_R1_LL1].area     	R1
  tag[Tags2008_R1_LL1].class_mins	100 150 200 250 300 350 400 450 500 550 600 650 700 750 800 850 900 950 1000 1050 1100 1150 1200 1250 1300 1350 1400 1450 1500 1550 1600 1650 1700 1750 1800 1850 1900 1950 2000 2050
  tag[Tags2008_R1_LL1].mature_only	False
  tag[Tags2008_R1_LL1].mortality	0.1
  tag[Tags2008_R1_LL1].number   	2500
  tag[Tags2008_R1_LL1].ogive    	SelLL
  tag[Tags2008_R1_LL1].plus_group	False
  tag[Tags2008_R1_LL1].props_all	0 0 0 0 0 1e-04 0.0012 0.0062 0.0205 0.0497 0.0924 0.1328 0.1497 0.1384 0.112 0.0842 0.0614 0.0445 0.0322 0.0228 0.0157 0.0106 0.0073 0.0052 0.0038 0.0029 0.0022 0.0016 0.0011 7e-04 4e-04 3e-04 1e-04 1e-04 0 0 0 0 0
  tag[Tags2008_R1_LL1].release_type	deterministic
  tag[Tags2008_R1_LL1].sex      	both
  tag[Tags2008_R1_LL1].step     	1
  tag[Tags2008_R1_LL1].tag_name 	Tags2008_R1
  tag[Tags2008_R1_LL1].year     	2008
  tag[Tags2009_R1_LL1].area     	R1
  tag[Tags2009_R1_LL1].class_mins	100 150 200 250 300 350 400 450 500 550 600 650 700 750 800 850 900 950 1000 1050 1100 1150 1200 1250 1300 1350 1400 1450 1500 1550 1600 1650 1700 1750 1800 1850 1900 1950 2000 2050
  tag[Tags2009_R1_LL1].mature_only	False
  tag[Tags2009_R1_LL1].mortality	0.1
  tag[Tags2009_R1_LL1].number   	2500
  tag[Tags2009_R1_LL1].ogive    	SelLL
  tag[Tags2009_R1_LL1].plus_group	False
  tag[Tags2009_R1_LL1].props_all	0 0 0 0 0 1e-04 0.0012 0.0063 0.0213 0.0502 0.0897 0.1266 0.1435 0.135 0.1117 0.0864 0.065 0.0482 0.0352 0.0253 0.0178 0.0122 0.0082 0.0055 0.0037 0.0025 0.0017 0.0011 7e-04 4e-04 3e-04 1e-04 1e-04 0 0 0 0 0 0
  tag[Tags2009_R1_LL1].release_type	deterministic
  tag[Tags2009_R1_LL1].sex      	both
  tag[Tags2009_R1_LL1].step     	1
  tag[Tags2009_R1_LL1].tag_name 	Tags2009_R1
  tag[Tags2009_R1_LL1].year     	2009
  tag_growth_loss[Tags2005_R1].nogrowth_period	0
  tag_growth_loss[Tags2006_R1].nogrowth_period	0
  tag_growth_loss[Tags2007_R1].nogrowth_period	0
  tag_growth_loss[Tags2008_R1].nogrowth_period	0
  tag_growth_loss[Tags2009_R1].nogrowth_period	0
  tag_loss_props                	1
  tag_names                     	Tags2005_R1 Tags2006_R1 Tags2007_R1 Tags2008_R1 Tags2009_R1
  tag_shedding_rate             	0.0084 0.0084 0.0084 0.0084 0.0084
  y_enter                       	1
Stored as DOUBLEs: 
Stored as VECTORs: 
Stored as OGIVEs: 

Output parameters:
Stored as strings: 
  n_projections                 	100
  numbers_at[Numbers_at_age_R1].area	R1
  numbers_at[Numbers_at_age_R1].proportion_mortality	0.5
  numbers_at[Numbers_at_age_R1].step	1
  numbers_at[Numbers_at_age_R1].years	1990 1991 1992 1993 1994 1995 1996 1997 1998 1999 2000 2001 2002 2003 2004 2005 2006 2007 2008 2009 2010
  print.covariance              	true
  print.estimation_section      	true
  print.final_state             	false
  print.fits                    	true
  print.fits_every_eval         	false
  print.initial_state           	false
  print.normalised_resids       	true
  print.objective_every_eval    	false
  print.parameter_vector_every_eval	false
  print.parameters              	true
  print.parameters_every_eval   	false
  print.pearson_resids          	true
  print.requests                	false
  print.resids                  	true
  print.results                 	false
  print.state_annually          	false
  print.state_every_step        	false
  print.unused_parameters       	true
  print.yields                  	true
  quantities.B0                 	true
  quantities.R0                 	true
  quantities.SSBs               	true
  quantities.YCS                	true
  quantities.actual_catches     	false
  quantities.all_free_parameters	true
  quantities.fishing_pressures  	true
  quantities.nuisance_qs        	true
  quantities.recruitments       	true
  quantities.true_YCS           	true
Stored as DOUBLEs: 
Stored as VECTORs: 
Stored as OGIVEs: 

A fish of size 500 cm has a weight of 1.16755 kg in your model. This size-weight scale check assumes that the growth curve is in centimetres, and that the catch is in tonnes.

A fish of size 500 cm has a weight of 1.16755 kg in your model. This size-weight scale check assumes that the growth curve is in centimetres, and that the catch is in tonnes.

Estimation section :

Objective function: Bayes

Minimiser convergence threshold: 0.001


Observations:

The observations are:
LL1_catchA
Tags2005_R1_R1
Tags2006_R1_R1
Tags2007_R1_R1
Tags2008_R1_R1
Tags2009_R1_R1
Fits follow:

LL1_catchA :
catch proportions-at-age for fishery LL1  with ageing error (constrained to sum to 1):
obs (last class is a plus group):
class 1       2       3       4       5       6       7       8       9       10      11      12      13      14      15      16      17      18      19      20      21      22      23      24      25      26      27      28      29      30      
2000 0       0       0       0       0.01    0       0.05    0.11    0.2     0.13    0.17    0.14    0.04    0.02    0.04    0.01    0.03    0.01    0.01    0.01    0.01    0       0.01    0       0       0       0       0       0       0       
2001 0       0       0       0       0.02    0.02    0.1     0.07    0.2     0.17    0.09    0.03    0.04    0.11    0.03    0.04    0       0.01    0.02    0.02    0       0.01    0       0       0.02    0       0       0       0       0       
2002 0       0       0       0       0.01    0.01    0.06    0.09    0.13    0.2     0.12    0.1     0.05    0.06    0.04    0.03    0.02    0.02    0.02    0.01    0.01    0       0       0.01    0.01    0       0       0       0       0       
2003 0       0       0       0       0       0       0.05    0.15    0.14    0.16    0.11    0.08    0.03    0.08    0.09    0.02    0.02    0.02    0       0.01    0.01    0.01    0.01    0       0       0       0       0       0       0.01    
2004 0       0       0       0       0       0       0.04    0.13    0.12    0.13    0.16    0.07    0.07    0.09    0.03    0.05    0.02    0.03    0.01    0.02    0       0.01    0       0.02    0       0       0       0       0       0       
2005 0       0       0       0       0.01    0.03    0.05    0.14    0.19    0.13    0.07    0.13    0.05    0.04    0.05    0.04    0.02    0.01    0.01    0.01    0       0       0       0       0       0       0.01    0       0.01    0       
2006 0       0       0       0       0.01    0.02    0.08    0.1     0.13    0.2     0.13    0.09    0.07    0.04    0.05    0.03    0       0.01    0       0.02    0       0.01    0       0       0       0       0       0       0.01    0       
2007 0       0       0       0       0.01    0.03    0.04    0.13    0.15    0.12    0.13    0.11    0.1     0.04    0.03    0.03    0       0.01    0.01    0.03    0       0.01    0.01    0.01    0       0       0       0       0       0       
2008 0       0       0       0.01    0       0.04    0.04    0.14    0.13    0.17    0.12    0.14    0.04    0.05    0.01    0.05    0.03    0       0       0       0.02    0.01    0       0       0       0       0       0       0       0       
2009 0       0       0       0       0       0.02    0.04    0.13    0.2     0.12    0.12    0.08    0.09    0.03    0.04    0.07    0.01    0.02    0       0       0       0.01    0.01    0.01    0       0       0       0       0       0       
2010 0       0       0       0.01    0       0.04    0.03    0.13    0.19    0.21    0.08    0.17    0.03    0.04    0.02    0       0.01    0.01    0       0.01    0.02    0       0       0       0       0       0       0       0       0       
objective function: multinomial likelihood, with delta = 1e-011, N =
100 100 100 100 100 100 100 100 100 100 100 100 100 100 100 100 100 100 100 100 100 100 100 100 100 100 100 100 100 100 
100 100 100 100 100 100 100 100 100 100 100 100 100 100 100 100 100 100 100 100 100 100 100 100 100 100 100 100 100 100 
100 100 100 100 100 100 100 100 100 100 100 100 100 100 100 100 100 100 100 100 100 100 100 100 100 100 100 100 100 100 
100 100 100 100 100 100 100 100 100 100 100 100 100 100 100 100 100 100 100 100 100 100 100 100 100 100 100 100 100 100 
100 100 100 100 100 100 100 100 100 100 100 100 100 100 100 100 100 100 100 100 100 100 100 100 100 100 100 100 100 100 
100 100 100 100 100 100 100 100 100 100 100 100 100 100 100 100 100 100 100 100 100 100 100 100 100 100 100 100 100 100 
100 100 100 100 100 100 100 100 100 100 100 100 100 100 100 100 100 100 100 100 100 100 100 100 100 100 100 100 100 100 
100 100 100 100 100 100 100 100 100 100 100 100 100 100 100 100 100 100 100 100 100 100 100 100 100 100 100 100 100 100 
100 100 100 100 100 100 100 100 100 100 100 100 100 100 100 100 100 100 100 100 100 100 100 100 100 100 100 100 100 100 
100 100 100 100 100 100 100 100 100 100 100 100 100 100 100 100 100 100 100 100 100 100 100 100 100 100 100 100 100 100 
100 100 100 100 100 100 100 100 100 100 100 100 100 100 100 100 100 100 100 100 100 100 100 100 100 100 100 100 100 100 

Tags2005_R1_R1 :
tag-recapture data for tag Tags2005_R1 in years 2006 2007 2008 2009 2010 , step 1, after proportion 0.5 of mortality, with sampling method size, detection probability 1.
Year 2006
class scanned recaptured
100 0 0
150 0 0
200 0 0
250 2 0
300 28 0
350 320 0
400 2302 0
450 11502 0
500 39770 0
550 96806 0
600 173902 5
650 243624 8
700 277690 23
750 266092 20
800 224820 29
850 178122 24
900 136978 19
950 101584 10
1000 71958 4
1050 49292 2
1100 33518 1
1150 23134 2
1200 16316 1
1250 11662 2
1300 8346 1
1350 5944 0
1400 4222 0
1450 2988 0
1500 2086 0
1550 1406 0
1600 896 0
1650 530 0
1700 286 0
1750 140 0
1800 62 0
1850 24 0
1900 8 0
1950 2 0
2000 0 0


Year 2007
class scanned recaptured
100 0 0
150 0 0
200 0 0
250 2 0
300 28 0
350 344 0
400 2442 0
450 11568 0
500 39724 0
550 99366 0
600 181960 1
650 252416 7
700 280488 14
750 265182 16
800 224010 20
850 176300 23
900 134278 21
950 100438 5
1000 72920 1
1050 50898 4
1100 34514 1
1150 23278 2
1200 15942 1
1250 11162 2
1300 7944 1
1350 5686 0
1400 4062 0
1450 2880 0
1500 2006 0
1550 1350 0
1600 862 0
1650 512 0
1700 278 0
1750 138 0
1800 62 0
1850 24 0
1900 8 0
1950 2 0
2000 0 0


Year 2008
class scanned recaptured
100 0 0
150 0 0
200 0 0
250 2 0
300 28 0
350 344 0
400 2602 0
450 12332 0
500 40170 0
550 97884 0
600 182308 1
650 260086 0
700 291620 9
750 271378 7
800 224512 17
850 174626 11
900 131756 13
950 97934 11
1000 71728 3
1050 51120 6
1100 35200 2
1150 23658 7
1200 15864 2
1250 10828 2
1300 7580 0
1350 5410 0
1400 3886 0
1450 2772 0
1500 1934 0
1550 1300 0
1600 826 0
1650 490 0
1700 266 0
1750 132 0
1800 58 0
1850 24 0
1900 8 0
1950 2 0
2000 0 0


Year 2009
class scanned recaptured
100 0 0
150 0 0
200 0 0
250 2 0
300 28 0
350 338 0
400 2596 0
450 13080 0
500 43468 0
550 101422 0
600 180382 0
650 255904 1
700 293398 4
750 278302 10
800 229716 13
850 175798 15
900 130724 17
950 96182 11
1000 70174 14
1050 50456 3
1100 35360 4
1150 24054 7
1200 16060 0
1250 10754 0
1300 7362 0
1350 5182 0
1400 3714 0
1450 2662 0
1500 1866 0
1550 1256 0
1600 798 0
1650 470 0
1700 254 0
1750 126 0
1800 56 0
1850 22 0
1900 8 0
1950 2 0
2000 0 0


Year 2010
class scanned recaptured
100 0 0
150 0 0
200 0 0
250 2 0
300 30 0
350 342 0
400 2546 0
450 12914 0
500 45438 0
550 110634 0
600 193100 1
650 259840 1
700 288924 0
750 275666 4
800 231594 5
850 178066 6
900 131090 8
950 95240 8
1000 68874 6
1050 49434 7
1100 34952 4
1150 24134 0
1200 16262 3
1250 10830 0
1300 7284 1
1350 5028 0
1400 3564 0
1450 2550 0
1500 1794 0
1550 1212 0
1600 770 0
1650 454 0
1700 246 0
1750 120 0
1800 54 0
1850 22 0
1900 8 0
1950 2 0
2000 0 0


Tags2006_R1_R1 :
tag-recapture data for tag Tags2006_R1 in years 2007 2008 2009 2010 , step 1, after proportion 0.5 of mortality, with sampling method size, detection probability 1.
Year 2007
class scanned recaptured
100 0 0
150 0 0
200 0 0
250 2 0
300 28 0
350 344 0
400 2442 0
450 11568 0
500 39724 0
550 99366 0
600 181960 3
650 252416 10
700 280488 15
750 265182 32
800 224010 28
850 176300 16
900 134278 21
950 100438 8
1000 72920 7
1050 50898 3
1100 34514 4
1150 23278 0
1200 15942 2
1250 11162 0
1300 7944 0
1350 5686 0
1400 4062 0
1450 2880 0
1500 2006 0
1550 1350 0
1600 862 0
1650 512 0
1700 278 0
1750 138 0
1800 62 0
1850 24 0
1900 8 0
1950 2 0
2000 0 0


Year 2008
class scanned recaptured
100 0 0
150 0 0
200 0 0
250 2 0
300 28 0
350 344 0
400 2602 0
450 12332 0
500 40170 0
550 97884 0
600 182308 1
650 260086 7
700 291620 10
750 271378 25
800 224512 21
850 174626 23
900 131756 14
950 97934 13
1000 71728 9
1050 51120 12
1100 35200 6
1150 23658 1
1200 15864 2
1250 10828 0
1300 7580 0
1350 5410 0
1400 3886 0
1450 2772 0
1500 1934 0
1550 1300 0
1600 826 0
1650 490 0
1700 266 0
1750 132 0
1800 58 0
1850 24 0
1900 8 0
1950 2 0
2000 0 0


Year 2009
class scanned recaptured
100 0 0
150 0 0
200 0 0
250 2 0
300 28 0
350 338 0
400 2596 0
450 13080 0
500 43468 0
550 101422 0
600 180382 1
650 255904 2
700 293398 12
750 278302 10
800 229716 21
850 175798 20
900 130724 13
950 96182 14
1000 70174 8
1050 50456 7
1100 35360 3
1150 24054 3
1200 16060 1
1250 10754 0
1300 7362 1
1350 5182 1
1400 3714 0
1450 2662 0
1500 1866 0
1550 1256 0
1600 798 0
1650 470 0
1700 254 0
1750 126 0
1800 56 0
1850 22 0
1900 8 0
1950 2 0
2000 0 0


Year 2010
class scanned recaptured
100 0 0
150 0 0
200 0 0
250 2 0
300 30 0
350 342 0
400 2546 0
450 12914 0
500 45438 0
550 110634 0
600 193100 0
650 259840 0
700 288924 4
750 275666 5
800 231594 6
850 178066 9
900 131090 13
950 95240 15
1000 68874 5
1050 49434 5
1100 34952 5
1150 24134 3
1200 16262 1
1250 10830 0
1300 7284 0
1350 5028 0
1400 3564 1
1450 2550 0
1500 1794 0
1550 1212 0
1600 770 0
1650 454 0
1700 246 0
1750 120 0
1800 54 0
1850 22 0
1900 8 0
1950 2 0
2000 0 0


Tags2007_R1_R1 :
tag-recapture data for tag Tags2007_R1 in years 2008 2009 2010 , step 1, after proportion 0.5 of mortality, with sampling method size, detection probability 1.
Year 2008
class scanned recaptured
100 0 0
150 0 0
200 0 0
250 2 0
300 28 0
350 344 0
400 2602 0
450 12332 0
500 40170 1
550 97884 0
600 182308 5
650 260086 20
700 291620 17
750 271378 32
800 224512 29
850 174626 21
900 131756 19
950 97934 19
1000 71728 7
1050 51120 4
1100 35200 4
1150 23658 4
1200 15864 2
1250 10828 0
1300 7580 0
1350 5410 0
1400 3886 0
1450 2772 0
1500 1934 0
1550 1300 0
1600 826 0
1650 490 0
1700 266 0
1750 132 0
1800 58 0
1850 24 0
1900 8 0
1950 2 0
2000 0 0


Year 2009
class scanned recaptured
100 0 0
150 0 0
200 0 0
250 2 0
300 28 0
350 338 0
400 2596 0
450 13080 0
500 43468 0
550 101422 0
600 180382 1
650 255904 12
700 293398 7
750 278302 21
800 229716 18
850 175798 16
900 130724 12
950 96182 17
1000 70174 3
1050 50456 5
1100 35360 4
1150 24054 0
1200 16060 1
1250 10754 0
1300 7362 0
1350 5182 0
1400 3714 1
1450 2662 0
1500 1866 0
1550 1256 0
1600 798 0
1650 470 0
1700 254 0
1750 126 0
1800 56 0
1850 22 0
1900 8 0
1950 2 0
2000 0 0


Year 2010
class scanned recaptured
100 0 0
150 0 0
200 0 0
250 2 0
300 30 0
350 342 0
400 2546 0
450 12914 0
500 45438 0
550 110634 0
600 193100 0
650 259840 3
700 288924 8
750 275666 10
800 231594 24
850 178066 14
900 131090 16
950 95240 12
1000 68874 5
1050 49434 4
1100 34952 8
1150 24134 6
1200 16262 3
1250 10830 0
1300 7284 1
1350 5028 0
1400 3564 0
1450 2550 0
1500 1794 0
1550 1212 0
1600 770 0
1650 454 0
1700 246 0
1750 120 0
1800 54 0
1850 22 0
1900 8 0
1950 2 0
2000 0 0


Tags2008_R1_R1 :
tag-recapture data for tag Tags2008_R1 in years 2009 2010 , step 1, after proportion 0.5 of mortality, with sampling method size, detection probability 1.
Year 2009
class scanned recaptured
100 0 0
150 0 0
200 0 0
250 2 0
300 28 0
350 338 0
400 2596 0
450 13080 0
500 43468 0
550 101422 2
600 180382 3
650 255904 11
700 293398 24
750 278302 35
800 229716 23
850 175798 22
900 130724 22
950 96182 16
1000 70174 7
1050 50456 7
1100 35360 5
1150 24054 1
1200 16060 2
1250 10754 1
1300 7362 0
1350 5182 0
1400 3714 0
1450 2662 2
1500 1866 0
1550 1256 0
1600 798 0
1650 470 0
1700 254 0
1750 126 0
1800 56 0
1850 22 0
1900 8 0
1950 2 0
2000 0 0


Year 2010
class scanned recaptured
100 0 0
150 0 0
200 0 0
250 2 0
300 30 0
350 342 0
400 2546 0
450 12914 0
500 45438 0
550 110634 0
600 193100 1
650 259840 8
700 288924 9
750 275666 18
800 231594 24
850 178066 18
900 131090 17
950 95240 6
1000 68874 11
1050 49434 4
1100 34952 6
1150 24134 2
1200 16262 1
1250 10830 1
1300 7284 1
1350 5028 0
1400 3564 0
1450 2550 0
1500 1794 0
1550 1212 0
1600 770 0
1650 454 0
1700 246 0
1750 120 0
1800 54 0
1850 22 0
1900 8 0
1950 2 0
2000 0 0


Tags2009_R1_R1 :
tag-recapture data for tag Tags2009_R1 in years 2010 , step 1, after proportion 0.5 of mortality, with sampling method size, detection probability 1.
Year 2010
class scanned recaptured
100 0 0
150 0 0
200 0 0
250 2 0
300 30 0
350 342 0
400 2546 0
450 12914 0
500 45438 0
550 110634 1
600 193100 6
650 259840 18
700 288924 24
750 275666 33
800 231594 32
850 178066 28
900 131090 17
950 95240 9
1000 68874 6
1050 49434 5
1100 34952 6
1150 24134 3
1200 16262 1
1250 10830 2
1300 7284 0
1350 5028 0
1400 3564 0
1450 2550 0
1500 1794 0
1550 1212 0
1600 770 0
1650 454 0
1700 246 0
1750 120 0
1800 54 0
1850 22 0
1900 8 0
1950 2 0
2000 0 0



Ageing_error:
  Misclassification matrix:
1 0 0 0 0 0 0 0 0 0 0 0 0 0 0 0 0 0 0 0 0 0 0 0 0 0 0 0 0 0 
0 1 0 0 0 0 0 0 0 0 0 0 0 0 0 0 0 0 0 0 0 0 0 0 0 0 0 0 0 0 
0 0 1 0 0 0 0 0 0 0 0 0 0 0 0 0 0 0 0 0 0 0 0 0 0 0 0 0 0 0 
0 0 0 1 0 0 0 0 0 0 0 0 0 0 0 0 0 0 0 0 0 0 0 0 0 0 0 0 0 0 
0 0 0 0 1 0 0 0 0 0 0 0 0 0 0 0 0 0 0 0 0 0 0 0 0 0 0 0 0 0 
0 0 0 0 0 1 0 0 0 0 0 0 0 0 0 0 0 0 0 0 0 0 0 0 0 0 0 0 0 0 
0 0 0 0 0 0 1 0 0 0 0 0 0 0 0 0 0 0 0 0 0 0 0 0 0 0 0 0 0 0 
0 0 0 0 0 0 0 1 0 0 0 0 0 0 0 0 0 0 0 0 0 0 0 0 0 0 0 0 0 0 
0 0 0 0 0 0 0 0 1 0 0 0 0 0 0 0 0 0 0 0 0 0 0 0 0 0 0 0 0 0 
0 0 0 0 0 0 0 0 0 1 0 0 0 0 0 0 0 0 0 0 0 0 0 0 0 0 0 0 0 0 
0 0 0 0 0 0 0 0 0 0 1 0 0 0 0 0 0 0 0 0 0 0 0 0 0 0 0 0 0 0 
0 0 0 0 0 0 0 0 0 0 0 1 0 0 0 0 0 0 0 0 0 0 0 0 0 0 0 0 0 0 
0 0 0 0 0 0 0 0 0 0 0 0 1 0 0 0 0 0 0 0 0 0 0 0 0 0 0 0 0 0 
0 0 0 0 0 0 0 0 0 0 0 0 0 1 0 0 0 0 0 0 0 0 0 0 0 0 0 0 0 0 
0 0 0 0 0 0 0 0 0 0 0 0 0 0 1 0 0 0 0 0 0 0 0 0 0 0 0 0 0 0 
0 0 0 0 0 0 0 0 0 0 0 0 0 0 0 1 0 0 0 0 0 0 0 0 0 0 0 0 0 0 
0 0 0 0 0 0 0 0 0 0 0 0 0 0 0 0 1 0 0 0 0 0 0 0 0 0 0 0 0 0 
0 0 0 0 0 0 0 0 0 0 0 0 0 0 0 0 0 1 0 0 0 0 0 0 0 0 0 0 0 0 
0 0 0 0 0 0 0 0 0 0 0 0 0 0 0 0 0 0 1 0 0 0 0 0 0 0 0 0 0 0 
0 0 0 0 0 0 0 0 0 0 0 0 0 0 0 0 0 0 0 1 0 0 0 0 0 0 0 0 0 0 
0 0 0 0 0 0 0 0 0 0 0 0 0 0 0 0 0 0 0 0 1 0 0 0 0 0 0 0 0 0 
0 0 0 0 0 0 0 0 0 0 0 0 0 0 0 0 0 0 0 0 0 1 0 0 0 0 0 0 0 0 
0 0 0 0 0 0 0 0 0 0 0 0 0 0 0 0 0 0 0 0 0 0 1 0 0 0 0 0 0 0 
0 0 0 0 0 0 0 0 0 0 0 0 0 0 0 0 0 0 0 0 0 0 0 1 0 0 0 0 0 0 
0 0 0 0 0 0 0 0 0 0 0 0 0 0 0 0 0 0 0 0 0 0 0 0 1 0 0 0 0 0 
0 0 0 0 0 0 0 0 0 0 0 0 0 0 0 0 0 0 0 0 0 0 0 0 0 1 0 0 0 0 
0 0 0 0 0 0 0 0 0 0 0 0 0 0 0 0 0 0 0 0 0 0 0 0 0 0 1 0 0 0 
0 0 0 0 0 0 0 0 0 0 0 0 0 0 0 0 0 0 0 0 0 0 0 0 0 0 0 1 0 0 
0 0 0 0 0 0 0 0 0 0 0 0 0 0 0 0 0 0 0 0 0 0 0 0 0 0 0 0 1 0 
0 0 0 0 0 0 0 0 0 0 0 0 0 0 0 0 0 0 0 0 0 0 0 0 0 0 0 0 0 1 

Free parameters:

initialization.B0
uniform: bounds from 5000 to 500000
current value: 448262
lower bound: 5000
upper bound: 500000


Q's:
qs are nuisance parameters

Penalties:
LL1_Penalty :
Catch limit penalty of 1000 x the sum of squares of (log(actual catch) - log(specified catch)) for fishery LL1 to disencourage breaking exploitation rate limits
LL2_Penalty :
Catch limit penalty of 1000 x the sum of squares of (log(actual catch) - log(specified catch)) for fishery LL2 to disencourage breaking exploitation rate limits
meanYCS_1 :
Vector average penalty of 100 x square of (mean(recruitment.YCS) - 1) 
Penalty_Tags2005_R1_LL1 :
'Fish-must-be-tagged' penalty of 1 x square of (actual number of tagged fish - nominal number of tagged fish) for tagging episode Tags2005_R1_LL1
Penalty_Tags2006_R1_LL1 :
'Fish-must-be-tagged' penalty of 1 x square of (actual number of tagged fish - nominal number of tagged fish) for tagging episode Tags2006_R1_LL1
Penalty_Tags2007_R1_LL1 :
'Fish-must-be-tagged' penalty of 1 x square of (actual number of tagged fish - nominal number of tagged fish) for tagging episode Tags2007_R1_LL1
Penalty_Tags2008_R1_LL1 :
'Fish-must-be-tagged' penalty of 1 x square of (actual number of tagged fish - nominal number of tagged fish) for tagging episode Tags2008_R1_LL1
Penalty_Tags2009_R1_LL1 :
'Fish-must-be-tagged' penalty of 1 x square of (actual number of tagged fish - nominal number of tagged fish) for tagging episode Tags2009_R1_LL1

Components of the objective function are:
  LL1_catchA
  Tags2005_R1_R1
  Tags2006_R1_R1
  Tags2007_R1_R1
  Tags2008_R1_R1
  Tags2009_R1_R1
  prior_on_initialization.B0
  LL1_Penalty
  LL2_Penalty
  meanYCS_1
  Penalty_Tags2005_R1_LL1
  Penalty_Tags2006_R1_LL1
  Penalty_Tags2007_R1_LL1
  Penalty_Tags2008_R1_LL1
  Penalty_Tags2009_R1_LL1

Random number seed : 20595


Minimiser achieved convergence after 7 quasi-Newton iterations using 10 objective function evaluations



Approximate Covariance matrix (Inverse Hessian of parameters at point estimate):
1.25213e+007 

Correlation matrix:
1 

List of parameter names, in the same order as the rows & cols of the covariance/correlation matrices:
initialization.B0 



Start extracting output from here

Point estimate:
initialization.B0
current value: 191470
lower bound: 5000
upper bound: 500000


In a format suitable for -i :

initialization.B0 
191470 

Objective function : 922.774

Components :
LL1_catchA                                         396.298
Tags2005_R1_R1                                     171.521
Tags2006_R1_R1                                     129.879
Tags2007_R1_R1                                     112.313
Tags2008_R1_R1                                     77.3216
Tags2009_R1_R1                                     35.441
prior_on_initialization.B0                         0
LL1_Penalty                                        0
LL2_Penalty                                        0
meanYCS_1                                          0
Penalty_Tags2005_R1_LL1                            8.27181e-025
Penalty_Tags2006_R1_LL1                            0
Penalty_Tags2007_R1_LL1                            1.86116e-024
Penalty_Tags2008_R1_LL1                            2.06795e-025
Penalty_Tags2009_R1_LL1                            2.06795e-025

Fits : 

The observations are:
LL1_catchA
Tags2005_R1_R1
Tags2006_R1_R1
Tags2007_R1_R1
Tags2008_R1_R1
Tags2009_R1_R1
Fits follow:

LL1_catchA :
catch proportions-at-age for fishery LL1  with ageing error (constrained to sum to 1):
obs (last class is a plus group):
class 1       2       3       4       5       6       7       8       9       10      11      12      13      14      15      16      17      18      19      20      21      22      23      24      25      26      27      28      29      30      
2000 0       0       0       0       0.01    0       0.05    0.11    0.2     0.13    0.17    0.14    0.04    0.02    0.04    0.01    0.03    0.01    0.01    0.01    0.01    0       0.01    0       0       0       0       0       0       0       
2001 0       0       0       0       0.02    0.02    0.1     0.07    0.2     0.17    0.09    0.03    0.04    0.11    0.03    0.04    0       0.01    0.02    0.02    0       0.01    0       0       0.02    0       0       0       0       0       
2002 0       0       0       0       0.01    0.01    0.06    0.09    0.13    0.2     0.12    0.1     0.05    0.06    0.04    0.03    0.02    0.02    0.02    0.01    0.01    0       0       0.01    0.01    0       0       0       0       0       
2003 0       0       0       0       0       0       0.05    0.15    0.14    0.16    0.11    0.08    0.03    0.08    0.09    0.02    0.02    0.02    0       0.01    0.01    0.01    0.01    0       0       0       0       0       0       0.01    
2004 0       0       0       0       0       0       0.04    0.13    0.12    0.13    0.16    0.07    0.07    0.09    0.03    0.05    0.02    0.03    0.01    0.02    0       0.01    0       0.02    0       0       0       0       0       0       
2005 0       0       0       0       0.01    0.03    0.05    0.14    0.19    0.13    0.07    0.13    0.05    0.04    0.05    0.04    0.02    0.01    0.01    0.01    0       0       0       0       0       0       0.01    0       0.01    0       
2006 0       0       0       0       0.01    0.02    0.08    0.1     0.13    0.2     0.13    0.09    0.07    0.04    0.05    0.03    0       0.01    0       0.02    0       0.01    0       0       0       0       0       0       0.01    0       
2007 0       0       0       0       0.01    0.03    0.04    0.13    0.15    0.12    0.13    0.11    0.1     0.04    0.03    0.03    0       0.01    0.01    0.03    0       0.01    0.01    0.01    0       0       0       0       0       0       
2008 0       0       0       0.01    0       0.04    0.04    0.14    0.13    0.17    0.12    0.14    0.04    0.05    0.01    0.05    0.03    0       0       0       0.02    0.01    0       0       0       0       0       0       0       0       
2009 0       0       0       0       0       0.02    0.04    0.13    0.2     0.12    0.12    0.08    0.09    0.03    0.04    0.07    0.01    0.02    0       0       0       0.01    0.01    0.01    0       0       0       0       0       0       
2010 0       0       0       0.01    0       0.04    0.03    0.13    0.19    0.21    0.08    0.17    0.03    0.04    0.02    0       0.01    0.01    0       0.01    0.02    0       0       0       0       0       0       0       0       0       
fits (last class is a plus group):
class 1       2       3       4       5       6       7       8       9       10      11      12      13      14      15      16      17      18      19      20      21      22      23      24      25      26      27      28      29      30      
2000 4.90178e-007 8.01445e-006 9.2651e-005 0.000757274 0.0043755 0.0178634 0.0514369 0.103984 0.1466  0.143662 0.116651 0.0935322 0.0741102 0.0580706 0.0450401 0.0346437 0.0265315 0.0203419 0.0156427 0.011976 0.00906658 0.00678247 0.00500978 0.00365109 0.00262366 0.0018579 0.00129585 0.000889913 0.000601568 0.00290113 
2001 4.91624e-007 8.03816e-006 9.29311e-005 0.000759658 0.00439006 0.0179267 0.0516306 0.104389 0.147158 0.144283 0.11715 0.0938466 0.0742863 0.0581456 0.0450328 0.034539 0.0262803 0.0199147 0.0151103 0.0114995 0.00871244 0.00652638 0.00482979 0.00352827 0.0025424 0.00180584 0.00126361 0.000870651 0.000590493 0.00288704 
2002 4.92805e-007 8.05721e-006 9.31521e-005 0.000761514 0.00440133 0.0179758 0.0517818 0.104708 0.147601 0.144673 0.117515 0.0941355 0.074448 0.0582162 0.04504 0.0344955 0.0261732 0.0197062 0.0147787 0.0110979 0.00835844 0.0062662 0.00464371 0.0033989 0.00245508 0.00174868 0.00122737 0.000848431 0.000577342 0.0028659 
2003 4.93815e-007 8.07323e-006 9.33343e-005 0.00076301 0.00441026 0.0180144 0.0519005 0.10496 0.147951 0.144981 0.117719 0.0943378 0.0746062 0.0582886 0.0450538 0.0344708 0.0261183 0.0196101 0.0146128 0.0108465 0.00806101 0.00600771 0.00445586 0.00326606 0.00236376 0.00168773 0.00118792 0.000823699 0.000562344 0.00283787 
2004 4.94725e-007 8.08747e-006 9.34932e-005 0.000764284 0.00441766 0.0180457 0.0519955 0.10516 0.148228 0.145224 0.117878 0.0944279 0.0747092 0.0583686 0.0450771 0.0344573 0.0260822 0.0195566 0.0145328 0.0107187 0.00787424 0.00579107 0.00427007 0.00313258 0.00227044 0.00162433 0.0011461 0.000796945 0.000545767 0.00280311 
2005 4.95588e-007 8.10081e-006 9.364e-005 0.000765438 0.00442418 0.0180724 0.0520743 0.105322 0.14845 0.145414 0.118   0.0944952 0.0747336 0.0584135 0.0451123 0.0344556 0.026058 0.0195197 0.0144863 0.0106553 0.00777826 0.00565474 0.00411464 0.00300098 0.00217699 0.00155976 0.00110275 0.000768694 0.000527915 0.00276182 
2006 4.96444e-007 8.11397e-006 9.37834e-005 0.000766549 0.00443032 0.0180968 0.0521438 0.10546 0.148631 0.145563 0.11809 0.0945419 0.0747474 0.0584025 0.0451246 0.0344662 0.0260451 0.0194935 0.0144534 0.0106174 0.00772979 0.00558416 0.00401669 0.00289104 0.00208508 0.00149526 0.00105872 0.000739492 0.000509119 0.00271433 
2007 4.97312e-007 8.12726e-006 9.39273e-005 0.000767654 0.00443635 0.0181202 0.0522085 0.105584 0.148786 0.145682 0.118156 0.0945705 0.0747502 0.0583874 0.0450969 0.0344617 0.0260432 0.0194769 0.0144293 0.0105902 0.00770021 0.00554799 0.00396567 0.00282165 0.00200832 0.00143189 0.00101478 0.000709867 0.000489715 0.002661 
2008 4.98207e-007 8.14092e-006 9.40747e-005 0.000768779 0.00444244 0.0181436 0.0522715 0.1057  0.148924 0.145781 0.118203 0.0945836 0.0747421 0.0583664 0.0450681 0.0344282 0.026031 0.0194694 0.0144128 0.0105697 0.00767857 0.00552556 0.00393922 0.00278532 0.00195981 0.00137898 0.000971654 0.00068033 0.000470048 0.00260234 
2009 4.99133e-007 8.15507e-006 9.42272e-005 0.00076994 0.00444869 0.0181673 0.0523347 0.105814 0.149055 0.145867 0.118237 0.0945845 0.0747239 0.0583384 0.0450358 0.0343945 0.0259974 0.0194546 0.0144034 0.0105551 0.00766202 0.00550894 0.0039226 0.00276631 0.00193431 0.00134551 0.000935648 0.000651349 0.000450447 0.00253897 
2010 5.00094e-007 8.16975e-006 9.43854e-005 0.000771141 0.00445513 0.0181917 0.052399 0.105929 0.149184 0.145948 0.118262 0.0945759 0.074697 0.0583033 0.0449987 0.0343587 0.0259641 0.0194239 0.0143887 0.0105456 0.00764977 0.005496 0.00391012 0.0027542 0.00192083 0.00132783 0.000912831 0.000627149 0.000431219 0.00247161 
resids (last class is a plus group):
class 1       2       3       4       5       6       7       8       9       10      11      12      13      14      15      16      17      18      19      20      21      22      23      24      25      26      27      28      29      30      
2000 -4.90178e-007 -8.01445e-006 -9.2651e-005 -0.000757274 0.0056245 -0.0178634 -0.00143689 0.00601642 0.0534  -0.0136623 0.0533486 0.0464678 -0.0341102 -0.0380706 -0.00504011 -0.0246437 0.00346851 -0.0103419 -0.00564267 -0.00197598 0.000933421 -0.00678247 0.00499022 -0.00365109 -0.00262366 -0.0018579 -0.00129585 -0.000889913 -0.000601568 -0.00290113 
2001 -4.91624e-007 -8.03816e-006 -9.29311e-005 -0.000759658 0.0156099 0.00207328 0.0483694 -0.0343887 0.0528425 0.0257172 -0.0271503 -0.0638466 -0.0342863 0.0518544 -0.0150328 0.00546103 -0.0262803 -0.00991474 0.00488968 0.0085005 -0.00871244 0.00347362 -0.00482979 -0.00352827 0.0174576 -0.00180584 -0.00126361 -0.000870651 -0.000590493 -0.00288704 
2002 -4.92805e-007 -8.05721e-006 -9.31521e-005 -0.000761514 0.00559867 -0.00797583 0.0082182 -0.014708 -0.0176006 0.0553272 0.00248473 0.00586454 -0.024448 0.00178376 -0.00503997 -0.00449551 -0.00617317 0.000293827 0.00522132 -0.00109788 0.00164156 -0.0062662 -0.00464371 0.0066011 0.00754492 -0.00174868 -0.00122737 -0.000848431 -0.000577342 -0.0028659 
2003 -4.93815e-007 -8.07323e-006 -9.33343e-005 -0.00076301 -0.00441026 -0.0180144 -0.00190051 0.0450405 -0.00795101 0.0150186 -0.00771901 -0.0143378 -0.0446062 0.0217114 0.0449462 -0.0144708 -0.00611829 0.00038987 -0.0146128 -0.00084647 0.00193899 0.00399229 0.00554414 -0.00326606 -0.00236376 -0.00168773 -0.00118792 -0.000823699 -0.000562344 0.00716213 
2004 -4.94725e-007 -8.08747e-006 -9.34932e-005 -0.000764284 -0.00441766 -0.0180457 -0.0119955 0.0248404 -0.0282282 -0.015224 0.042122 -0.0244279 -0.0047092 0.0316314 -0.0150771 0.0155427 -0.00608217 0.0104434 -0.00453285 0.00928133 -0.00787424 0.00420893 -0.00427007 0.0168674 -0.00227044 -0.00162433 -0.0011461 -0.000796945 -0.000545767 -0.00280311 
2005 -4.95588e-007 -8.10081e-006 -9.364e-005 -0.000765438 0.00557582 0.0119276 -0.00207432 0.0346778 0.0415503 -0.0154139 -0.0479997 0.0355048 -0.0247336 -0.0184135 0.00488774 0.00554441 -0.00605795 -0.00951968 -0.00448631 -0.000655331 -0.00777826 -0.00565474 -0.00411464 -0.00300098 -0.00217699 -0.00155976 0.00889725 -0.000768694 0.00947208 -0.00276182 
2006 -4.96444e-007 -8.11397e-006 -9.37834e-005 -0.000766549 0.00556968 0.0019032 0.0278562 -0.00546043 -0.0186312 0.0544373 0.0119099 -0.0045419 -0.00474736 -0.0184025 0.00487541 -0.00446624 -0.0260451 -0.00949346 -0.0144534 0.00938255 -0.00772979 0.00441584 -0.00401669 -0.00289104 -0.00208508 -0.00149526 -0.00105872 -0.000739492 0.00949088 -0.00271433 
2007 -4.97312e-007 -8.12726e-006 -9.39273e-005 -0.000767654 0.00556365 0.0118798 -0.0122085 0.0244162 0.00121428 -0.0256819 0.0118441 0.0154295 0.0252498 -0.0183874 -0.0150969 -0.00446174 -0.0260432 -0.00947693 -0.00442927 0.0194098 -0.00770021 0.00445201 0.00603433 0.00717835 -0.00200832 -0.00143189 -0.00101478 -0.000709867 -0.000489715 -0.002661 
2008 -4.98207e-007 -8.14092e-006 -9.40747e-005 0.00923122 -0.00444244 0.0218564 -0.0122715 0.0343  -0.0189241 0.0242193 0.00179698 0.0454164 -0.0347421 -0.00836639 -0.0350681 0.0155718 0.00396902 -0.0194694 -0.0144128 -0.0105697 0.0123214 0.00447444 -0.00393922 -0.00278532 -0.00195981 -0.00137898 -0.000971654 -0.00068033 -0.000470048 -0.00260234 
2009 -4.99133e-007 -8.15507e-006 -9.42272e-005 -0.00076994 -0.00444869 0.00183267 -0.0123347 0.0241859 0.0509451 -0.0258671 0.00176329 -0.0145845 0.0152761 -0.0283384 -0.00503583 0.0356055 -0.0159974 0.000545433 -0.0144034 -0.0105551 -0.00766202 0.00449106 0.0060774 0.00723369 -0.00193431 -0.00134551 -0.000935648 -0.000651349 -0.000450447 -0.00253897 
2010 -5.00094e-007 -8.16975e-006 -9.43854e-005 0.00922886 -0.00445513 0.0218083 -0.022399 0.0240712 0.0408162 0.0640522 -0.0382621 0.0754241 -0.044697 -0.0183033 -0.0249987 -0.0343587 -0.0159641 -0.00942395 -0.0143887 -0.000545625 0.0123502 -0.005496 -0.00391012 -0.0027542 -0.00192083 -0.00132783 -0.000912831 -0.000627149 -0.000431219 -0.00247161 
pearson_resids (last class is a plus group):
class 1       2       3       4       5       6       7       8       9       10      11      12      13      14      15      16      17      18      19      20      21      22      23      24      25      26      27      28      29      30      
2000 -0.00700128 -0.0283099 -0.0962598 -0.27529 0.852162 -1.34864 -0.0650507 0.197105 1.50973 -0.389519 1.66193 1.59586 -1.30216 -1.6278 -0.243023 -1.34756 0.215825 -0.7326 -0.454729 -0.181653 0.0984768 -0.826365 0.706806 -0.605348 -0.51289 -0.431434 -0.360213 -0.298447 -0.245343 -0.539405 
2001 -0.00701159 -0.0283518 -0.0964053 -0.275724 2.36114 0.156255 2.18589 -1.12468 1.49162 0.731898 -0.844228 -2.18941 -1.30746 2.21582 -0.724905 0.299056 -1.64285 -0.709679 0.40082 0.79729 -0.937498 0.431388 -0.696651 -0.595043 3.46669 -0.425336 -0.355698 -0.295197 -0.243072 -0.538089 
2002 -0.00702001 -0.0283853 -0.0965198 -0.276061 0.845767 -0.600303 0.37088 -0.480376 -0.496206 1.57282 0.0771575 0.200829 -0.931359 0.0761798 -0.243017 -0.246332 -0.386669 0.0211403 0.432708 -0.104799 0.180309 -0.794085 -0.683036 1.13419 1.5246  -0.418538 -0.350554 -0.291402 -0.240349 -0.53611 
2003 -0.0070272 -0.0284136 -0.0966142 -0.276332 -0.665567 -1.35443 -0.0856755 1.4695  -0.22394 0.426564 -0.239516 -0.490521 -1.69763 0.926695 2.16689 -0.793204 -0.383623 0.0281178 -1.21776 -0.0817213 0.21684 0.516626 0.832411 -0.57243 -0.486761 -0.411167 -0.344868 -0.28712 -0.237205 1.34637 
2004 -0.00703367 -0.0284386 -0.0966964 -0.276563 -0.666128 -1.35563 -0.540294 0.809771 -0.794432 -0.4321 1.30626 -0.835361 -0.17911 1.34924 -0.726699 0.852117 -0.381615 0.754194 -0.378769 0.901322 -0.890884 0.554694 -0.654858 3.01842 -0.477034 -0.403357 -0.338735 -0.282415 -0.23368 -0.530187 
2005 -0.0070398 -0.028462 -0.0967723 -0.276771 0.840148 0.895379 -0.0933633 1.12969 1.16864 -0.437251 -1.48787 1.21377 -0.940582 -0.785144 0.235497 0.303976 -0.380267 -0.688124 -0.375473 -0.0638268 -0.885395 -0.754115 -0.642778 -0.548636 -0.467091 -0.395247 2.68075 -0.27736 4.12362 -0.526258 
2006 -0.00704588 -0.0284851 -0.0968464 -0.276972 0.838641 0.142774 1.25299 -0.17778 -0.523754 1.54359 0.369054 -0.155236 -0.18052 -0.784746 0.234872 -0.244828 -1.63528 -0.686681 -1.21101 0.915438 -0.88261 0.592585 -0.635051 -0.538463 -0.457103 -0.386975 -0.325552 -0.272037 4.20734 -0.521701 
2007 -0.00705204 -0.0285085 -0.0969206 -0.277172 0.837167 0.890628 -0.548827 0.794529 0.0341206 -0.727972 0.366928 0.527288 0.960112 -0.784195 -0.727505 -0.244597 -1.63523 -0.68577 -0.37142 1.89619 -0.880907 0.599372 0.960137 1.35328 -0.448593 -0.378674 -0.318718 -0.266528 -0.221349 -0.516537 
2008 -0.00705838 -0.0285324 -0.0969967 3.33062 -0.668002 1.63755 -0.551344 1.11562 -0.531556 0.68632 0.0556603 1.55196 -1.32112 -0.356875 -1.69041 0.854064 0.249267 -1.40911 -1.20928 -1.03357 1.41155 0.603606 -0.628872 -0.528498 -0.443132 -0.371603 -0.311865 -0.26092 -0.216857 -0.510796 
2009 -0.00706494 -0.0285572 -0.0970753 -0.277585 -0.668473 0.137221 -0.553866 0.78628 1.43047 -0.732834 0.0546099 -0.498376 0.58096 -1.20907 -0.242828 1.95376 -1.00532 0.0394909 -1.20888 -1.03284 -0.878703 0.606757 0.972264 1.37725 -0.440234 -0.367058 -0.306027 -0.255298 -0.212285 -0.504522 
2010 -0.00707173 -0.0285829 -0.0971567 3.32467 -0.66896 1.63182 -1.0052 0.782176 1.14566 1.81423 -1.18488 2.57747 -1.70014 -0.781137 -1.20591 -1.8863 -1.00385 -0.682847 -1.20825 -0.0534147 1.41748 -0.743396 -0.626535 -0.525529 -0.438695 -0.364636 -0.302269 -0.250508 -0.207703 -0.497768 
objective function: multinomial likelihood, with delta = 1e-011, N =
100 100 100 100 100 100 100 100 100 100 100 100 100 100 100 100 100 100 100 100 100 100 100 100 100 100 100 100 100 100 
100 100 100 100 100 100 100 100 100 100 100 100 100 100 100 100 100 100 100 100 100 100 100 100 100 100 100 100 100 100 
100 100 100 100 100 100 100 100 100 100 100 100 100 100 100 100 100 100 100 100 100 100 100 100 100 100 100 100 100 100 
100 100 100 100 100 100 100 100 100 100 100 100 100 100 100 100 100 100 100 100 100 100 100 100 100 100 100 100 100 100 
100 100 100 100 100 100 100 100 100 100 100 100 100 100 100 100 100 100 100 100 100 100 100 100 100 100 100 100 100 100 
100 100 100 100 100 100 100 100 100 100 100 100 100 100 100 100 100 100 100 100 100 100 100 100 100 100 100 100 100 100 
100 100 100 100 100 100 100 100 100 100 100 100 100 100 100 100 100 100 100 100 100 100 100 100 100 100 100 100 100 100 
100 100 100 100 100 100 100 100 100 100 100 100 100 100 100 100 100 100 100 100 100 100 100 100 100 100 100 100 100 100 
100 100 100 100 100 100 100 100 100 100 100 100 100 100 100 100 100 100 100 100 100 100 100 100 100 100 100 100 100 100 
100 100 100 100 100 100 100 100 100 100 100 100 100 100 100 100 100 100 100 100 100 100 100 100 100 100 100 100 100 100 
100 100 100 100 100 100 100 100 100 100 100 100 100 100 100 100 100 100 100 100 100 100 100 100 100 100 100 100 100 100 

Tags2005_R1_R1 :
tag-recapture data for tag Tags2005_R1 in years 2006 2007 2008 2009 2010 , step 1, after proportion 0.5 of mortality, with sampling method size, detection probability 1.
Year 2006
class scanned recaptured expected_prop neg_log_likelihood
100 0 0 0 0
150 0 0 1.4082e-012 0
200 0 0 8.27942e-012 0
250 2 0 5.78256e-011 1.15651e-010
300 28 0 7.76637e-010 2.17458e-008
350 320 0 9.75896e-009 3.12287e-006
400 2302 0 9.11626e-008 0.000209856
450 11502 0 6.14519e-007 0.0070682
500 39770 0 2.92811e-006 0.116451
550 96806 0 9.99887e-006 0.967956
600 173902 5 2.53017e-005 1.77945
650 243624 8 4.93756e-005 2.73509
700 277690 23 7.73534e-005 2.54281
750 266092 20 0.000101302 3.40748
800 224820 29 0.000115868 2.76653
850 178122 24 0.000120913 2.64711
900 136978 19 0.000119198 2.60317
950 101584 10 0.000113347 2.18277
1000 71958 4 0.00010493 2.64218
1050 49292 2 9.48421e-005 2.28372
1100 33518 1 8.36795e-005 1.77348
1150 23134 2 7.19104e-005 1.33874
1200 16316 1 6.00368e-005 1.00018
1250 11662 2 4.87752e-005 2.39036
1300 8346 1 3.8881e-005 1.44994
1350 5944 0 3.08462e-005 0.183352
1400 4222 0 2.48583e-005 0.104953
1450 2988 0 2.06514e-005 0.0617069
1500 2086 0 1.77772e-005 0.0370835
1550 1406 0 1.58443e-005 0.0222773
1600 896 0 1.4509e-005 0.0130001
1650 530 0 1.36039e-005 0.00721011
1700 286 0 1.30081e-005 0.00372033
1750 140 0 1.26249e-005 0.00176749
1800 62 0 1.23821e-005 0.000767694
1850 24 0 1.22289e-005 0.000293496
1900 8 0 1.21291e-005 9.70333e-005
1950 2 0 1.20524e-005 2.41049e-005
2000 0 0 1.19672e-005 0

total neg_log_likelihood: 35.071


Year 2007
class scanned recaptured expected_prop neg_log_likelihood
100 0 0 0 0
150 0 0 4.71198e-015 0
200 0 0 4.72575e-013 0
250 2 0 6.98509e-012 1.39702e-011
300 28 0 1.43195e-010 4.00946e-009
350 344 0 1.99461e-009 6.86144e-007
400 2442 0 1.92541e-008 4.70185e-005
450 11568 0 1.48235e-007 0.00171478
500 39724 0 8.59928e-007 0.0341598
550 99366 0 3.63484e-006 0.36118
600 181960 1 1.13544e-005 1.34041
650 252416 7 2.70226e-005 1.90611
700 280488 14 5.07122e-005 2.24617
750 265182 16 7.76107e-005 2.86297
800 224010 20 0.000100354 2.56311
850 176300 23 0.000114116 2.68739
900 134278 21 0.000118743 3.17322
950 100438 5 0.000116713 4.20258
1000 72920 1 0.000110526 5.973
1050 50898 4 0.000101725 1.77826
1100 34514 1 9.1169e-005 2.00033
1150 23278 2 7.94456e-005 1.31279
1200 15942 1 6.71603e-005 1.00235
1250 11162 2 5.51425e-005 2.27928
1300 7944 1 4.42988e-005 1.39625
1350 5686 0 3.52839e-005 0.200628
1400 4062 0 2.84322e-005 0.115493
1450 2880 0 2.35396e-005 0.0677949
1500 2006 0 2.01468e-005 0.0404148
1550 1350 0 1.78347e-005 0.0240771
1600 862 0 1.62115e-005 0.0139745
1650 512 0 1.50926e-005 0.00772746
1700 278 0 1.43441e-005 0.00398769
1750 138 0 1.38561e-005 0.00191215
1800 62 0 1.35437e-005 0.000839713
1850 24 0 1.33454e-005 0.000320292
1900 8 0 1.32169e-005 0.000105736
1950 2 0 1.31216e-005 2.62434e-005
2000 0 0 1.30216e-005 0

total neg_log_likelihood: 37.5986


Year 2008
class scanned recaptured expected_prop neg_log_likelihood
100 0 0 0 0
150 0 0 0 0
200 0 0 1.35973e-014 0
250 2 0 6.40546e-013 1.2812e-012
300 28 0 2.45047e-011 6.86132e-010
350 344 0 4.6353e-010 1.59454e-007
400 2602 0 4.59796e-009 1.19639e-005
450 12332 0 3.54216e-008 0.00043682
500 40170 0 2.33379e-007 0.00937483
550 97884 0 1.17889e-006 0.115395
600 182308 1 4.4729e-006 1.01946
650 260086 0 1.29048e-005 3.35639
700 291620 9 2.90432e-005 2.04307
750 271378 7 5.2458e-005 4.1708
800 224512 17 7.82709e-005 2.34985
850 174626 11 9.96872e-005 3.48416
900 131756 13 0.000112472 2.32427
950 97934 11 0.0001165 2.13284
1000 71728 3 0.000114029 3.66624
1050 51120 6 0.000107378 1.8517
1100 35200 2 9.80082e-005 1.66635
1150 23658 7 8.67584e-005 5.54455
1200 15864 2 7.43696e-005 1.54222
1250 10828 2 6.18008e-005 2.16572
1300 7580 0 5.01262e-005 0.379966
1350 5410 0 4.01829e-005 0.217394
1400 3886 0 3.24758e-005 0.126203
1450 2772 0 2.68865e-005 0.0745303
1500 1934 0 2.29589e-005 0.0444031
1550 1300 0 2.02539e-005 0.0263304
1600 826 0 1.83328e-005 0.015143
1650 490 0 1.69933e-005 0.00832678
1700 266 0 1.6088e-005 0.00427946
1750 132 0 1.54927e-005 0.00204506
1800 58 0 1.51091e-005 0.000876336
1850 24 0 1.48649e-005 0.00035676
1900 8 0 1.47068e-005 0.000117656
1950 2 0 1.45917e-005 2.91837e-005
2000 0 0 1.44759e-005 0

total neg_log_likelihood: 38.3428


Year 2009
class scanned recaptured expected_prop neg_log_likelihood
100 0 0 0 0
150 0 0 0 0
200 0 0 4.60274e-017 0
250 2 0 3.92161e-014 7.83817e-014
300 28 0 3.30563e-012 9.25562e-011
350 338 0 1.04765e-010 3.54106e-008
400 2596 0 1.32208e-009 3.43212e-006
450 13080 0 9.15229e-009 0.000119712
500 43468 0 6.24336e-008 0.00271386
550 101422 0 3.56162e-007 0.0361226
600 180382 0 1.59343e-006 0.287426
650 255904 1 5.49367e-006 1.06521
700 293398 4 1.47384e-005 1.64534
750 278302 10 3.14209e-005 2.16465
800 229716 13 5.45526e-005 2.21644
850 175798 15 7.92058e-005 2.31901
900 130724 17 9.92093e-005 2.91051
950 96182 11 0.000110862 2.13068
1000 70174 14 0.00011413 4.0725
1050 50456 3 0.000111045 2.22484
1100 35360 4 0.000103715 1.64747
1150 24054 7 9.35111e-005 5.10042
1200 16060 0 8.14339e-005 1.30788
1250 10754 0 6.86048e-005 0.737801
1300 7362 0 5.62822e-005 0.414361
1350 5182 0 4.5506e-005 0.235817
1400 3714 0 3.69791e-005 0.137343
1450 2662 0 3.06963e-005 0.0817147
1500 1866 0 2.62243e-005 0.0489351
1550 1256 0 2.31137e-005 0.0290312
1600 798 0 2.08836e-005 0.0166653
1650 470 0 1.93154e-005 0.00907833
1700 254 0 1.82481e-005 0.00463505
1750 126 0 1.75421e-005 0.00221033
1800 56 0 1.70854e-005 0.00095679
1850 22 0 1.6794e-005 0.000369471
1900 8 0 1.66058e-005 0.000132847
1950 2 0 1.64699e-005 3.29402e-005
2000 0 0 1.63359e-005 0

total neg_log_likelihood: 30.8504


Year 2010
class scanned recaptured expected_prop neg_log_likelihood
100 0 0 0 0
150 0 0 0 0
200 0 0 0 0
250 2 0 1.16917e-015 2.44249e-015
300 30 0 3.18541e-013 9.55569e-012
350 342 0 1.96799e-011 6.7305e-009
400 2546 0 4.26926e-010 1.08695e-006
450 12914 0 2.724e-009 3.51778e-005
500 45438 0 1.76618e-008 0.000802517
550 110634 0 1.05612e-007 0.0116843
600 193100 1 5.32245e-007 2.37797
650 259840 1 2.13883e-006 1.14318
700 288924 0 6.75416e-006 1.95144
750 275666 4 1.68951e-005 1.68162
800 231594 5 3.41161e-005 2.35358
850 178066 6 5.68842e-005 2.81592
900 131090 8 8.03199e-005 2.30056
950 95240 8 9.8822e-005 2.08066
1000 68874 6 0.000109207 1.99414
1050 49434 7 0.000111521 2.08837
1100 34952 4 0.000107569 1.64034
1150 24134 0 9.9248e-005 2.39537
1200 16262 3 8.80436e-005 2.14678
1250 10830 0 7.53497e-005 0.816068
1300 7284 1 6.26426e-005 1.24087
1350 5028 0 5.1188e-005 0.25738
1400 3564 0 4.19137e-005 0.149384
1450 2550 0 3.49623e-005 0.0891553
1500 1794 0 2.99472e-005 0.0537261
1550 1212 0 2.64236e-005 0.0320258
1600 770 0 2.38746e-005 0.0183836
1650 454 0 2.20689e-005 0.0100194
1700 246 0 2.08329e-005 0.00512496
1750 120 0 2.0012e-005 0.00240146
1800 54 0 1.94793e-005 0.00105189
1850 22 0 1.9139e-005 0.000421062
1900 8 0 1.89196e-005 0.000151359
1950 2 0 1.87625e-005 3.75253e-005
2000 0 0 1.86088e-005 0

total neg_log_likelihood: 29.6587


Tags2006_R1_R1 :
tag-recapture data for tag Tags2006_R1 in years 2007 2008 2009 2010 , step 1, after proportion 0.5 of mortality, with sampling method size, detection probability 1.
Year 2007
class scanned recaptured expected_prop neg_log_likelihood
100 0 0 0 0
150 0 0 2.72702e-012 0
200 0 0 1.23223e-011 0
250 2 0 7.11745e-011 1.42349e-010
300 28 0 9.23017e-010 2.58445e-008
350 344 0 1.15225e-008 3.96373e-006
400 2442 0 1.03453e-007 0.000252632
450 11568 0 6.6664e-007 0.0077117
500 39724 0 3.07477e-006 0.122142
550 99366 0 1.02986e-005 1.02333
600 181960 3 2.58068e-005 1.84756
650 252416 10 5.01854e-005 2.38153
700 280488 15 7.86511e-005 3.55307
750 265182 32 0.000103227 3.02495
800 224010 28 0.000118284 2.62982
850 176300 16 0.000123323 3.14591
900 134278 21 0.000120895 3.08502
950 100438 8 0.00011366 2.54044
1000 72920 7 0.000103433 1.92373
1050 50898 3 9.14681e-005 1.83313
1100 34514 4 7.87362e-005 1.89667
1150 23278 0 6.60098e-005 1.53663
1200 15942 2 5.39229e-005 1.85525
1250 11162 0 4.31096e-005 0.481199
1300 7944 0 3.40749e-005 0.270696
1350 5686 0 2.70294e-005 0.153691
1400 4062 0 2.19402e-005 0.089122
1450 2880 0 1.84471e-005 0.0531282
1500 2006 0 1.61012e-005 0.0322992
1550 1350 0 1.45421e-005 0.019632
1600 862 0 1.34721e-005 0.011613
1650 512 0 1.27485e-005 0.00652728
1700 278 0 1.2272e-005 0.00341164
1750 138 0 1.19651e-005 0.00165119
1800 62 0 1.17702e-005 0.000729754
1850 24 0 1.16469e-005 0.000279527
1900 8 0 1.15665e-005 9.25327e-005
1950 2 0 1.15058e-005 2.30118e-005
2000 0 0 1.14404e-005 0

total neg_log_likelihood: 33.5312


Year 2008
class scanned recaptured expected_prop neg_log_likelihood
100 0 0 0 0
150 0 0 9.42797e-015 0
200 0 0 8.14999e-013 0
250 2 0 8.98349e-012 1.7967e-011
300 28 0 1.64446e-010 4.60449e-009
350 344 0 2.27789e-009 7.83594e-007
400 2602 0 2.19193e-008 5.7034e-005
450 12332 0 1.63795e-007 0.00201992
500 40170 0 9.18807e-007 0.0369085
550 97884 0 3.78924e-006 0.370907
600 182308 1 1.16616e-005 1.37176
650 260086 7 2.75453e-005 1.90567
700 291620 10 5.15609e-005 3.03603
750 271378 25 7.89513e-005 2.81451
800 224512 21 0.000102274 2.53142
850 174626 23 0.000116426 2.65825
900 131756 14 0.00012093 2.36673
950 97934 13 0.000118092 2.2933
1000 71728 9 0.000110479 2.09665
1050 51120 12 9.99023e-005 5.52721
1100 35200 6 8.75892e-005 2.90674
1150 23658 1 7.45024e-005 1.19579
1200 15864 2 6.15077e-005 1.71796
1250 10828 0 4.94902e-005 0.535893
1300 7580 0 3.91952e-005 0.297105
1350 5410 0 3.10108e-005 0.167771
1400 3886 0 2.5012e-005 0.0971979
1450 2772 0 2.08498e-005 0.0577963
1500 1934 0 1.80281e-005 0.0348668
1550 1300 0 1.61382e-005 0.0209798
1600 826 0 1.48277e-005 0.0122478
1650 490 0 1.39311e-005 0.00682627
1700 266 0 1.33335e-005 0.00354675
1750 132 0 1.29445e-005 0.00170868
1800 58 0 1.26952e-005 0.000736328
1850 24 0 1.25368e-005 0.000300884
1900 8 0 1.24336e-005 9.94691e-005
1950 2 0 1.23573e-005 2.47147e-005
2000 0 0 1.22794e-005 0

total neg_log_likelihood: 34.069


Year 2009
class scanned recaptured expected_prop neg_log_likelihood
100 0 0 0 0
150 0 0 0 0
200 0 0 2.63149e-014 0
250 2 0 9.30771e-013 1.86162e-012
300 28 0 2.86164e-011 8.01257e-010
350 338 0 5.13066e-010 1.73416e-007
400 2596 0 5.1222e-009 1.32972e-005
450 13080 0 3.93352e-008 0.000514504
500 43468 0 2.52871e-007 0.0109918
550 101422 0 1.24508e-006 0.126278
600 180382 1 4.63599e-006 1.01508
650 255904 2 1.32236e-005 1.63902
700 293398 12 2.95915e-005 2.73416
750 278302 10 5.33533e-005 2.9739
800 229716 21 7.96554e-005 2.63546
850 175798 20 0.000101592 2.54434
900 130724 13 0.000114658 2.34596
950 96182 14 0.000118441 2.52244
1000 70174 8 0.000115068 1.96936
1050 50456 7 0.000106962 2.12125
1100 35360 3 9.58751e-005 1.51925
1150 24054 3 8.30301e-005 1.71368
1200 16060 1 6.9517e-005 1.00626
1250 10754 0 5.64855e-005 0.607462
1300 7362 1 4.497e-005 1.43646
1350 5182 1 3.56012e-005 1.87464
1400 3714 0 2.86176e-005 0.106287
1450 2662 0 2.37152e-005 0.0631306
1500 1866 0 2.03629e-005 0.0379975
1550 1256 0 1.81039e-005 0.0227387
1600 798 0 1.6528e-005 0.0131894
1650 470 0 1.5443e-005 0.00725827
1700 254 0 1.47157e-005 0.00373782
1750 126 0 1.42396e-005 0.00179421
1800 56 0 1.39334e-005 0.000780276
1850 22 0 1.37381e-005 0.000302241
1900 8 0 1.3611e-005 0.000108888
1950 2 0 1.35176e-005 2.70354e-005
2000 0 0 1.34244e-005 0

total neg_log_likelihood: 31.0539


Year 2010
class scanned recaptured expected_prop neg_log_likelihood
100 0 0 0 0
150 0 0 0 0
200 0 0 9.20711e-017 0
250 2 0 6.72689e-014 1.34559e-013
300 30 0 4.14899e-012 1.2447e-010
350 342 0 1.15759e-010 3.95896e-008
400 2546 0 1.42938e-009 3.63919e-006
450 12914 0 1.00522e-008 0.000129814
500 45438 0 6.79934e-008 0.00308948
550 110634 0 3.80167e-007 0.0420595
600 193100 0 1.66757e-006 0.322007
650 259840 0 5.66762e-006 1.47268
700 288924 4 1.5075e-005 1.64779
750 275666 5 3.2004e-005 2.72344
800 231594 6 5.55001e-005 4.11114
850 178066 9 8.06297e-005 3.18089
900 131090 13 0.000101085 2.21017
950 95240 15 0.000112902 3.02459
1000 68874 5 0.000115799 2.38117
1050 49434 5 0.000111726 1.76584
1100 34952 5 0.000102931 1.98369
1150 24134 3 9.11081e-005 1.62677
1200 16262 1 7.76358e-005 1.02938
1250 10830 0 6.39329e-005 0.692416
1300 7284 0 5.13493e-005 0.374038
1350 5028 0 4.08154e-005 0.205224
1400 3564 1 3.27991e-005 2.26334
1450 2550 0 2.70912e-005 0.0690834
1500 1794 0 2.31488e-005 0.0415295
1550 1212 0 2.0475e-005 0.024816
1600 770 0 1.86003e-005 0.0143224
1650 454 0 1.73045e-005 0.00785633
1700 246 0 1.64332e-005 0.00404259
1750 120 0 1.58613e-005 0.00190337
1800 54 0 1.54927e-005 0.000836614
1850 22 0 1.52574e-005 0.000335665
1900 8 0 1.51041e-005 0.000120834
1950 2 0 1.49918e-005 2.99838e-005
2000 0 0 1.48804e-005 0

total neg_log_likelihood: 31.2247


Tags2007_R1_R1 :
tag-recapture data for tag Tags2007_R1 in years 2008 2009 2010 , step 1, after proportion 0.5 of mortality, with sampling method size, detection probability 1.
Year 2008
class scanned recaptured expected_prop neg_log_likelihood
100 0 0 0 0
150 0 0 1.50899e-012 0
200 0 0 9.87806e-012 0
250 2 0 6.41703e-011 1.28341e-010
300 28 0 8.45125e-010 2.36635e-008
350 344 0 1.0677e-008 3.6729e-006
400 2602 0 9.87809e-008 0.000257028
450 12332 0 6.5285e-007 0.00805095
500 40170 1 3.05554e-006 2.22042
550 97884 0 1.03053e-005 1.00873
600 182308 5 2.58772e-005 1.74858
650 260086 20 5.02681e-005 3.99715
700 291620 17 7.85331e-005 3.17625
750 271378 32 0.000102642 2.94855
800 224512 29 0.000117176 2.73874
850 174626 21 0.00012202 2.44734
900 131756 19 0.000120038 2.6965
950 97934 19 0.000113941 4.66665
1000 71728 7 0.000105314 1.92457
1050 51120 4 9.50146e-005 1.71336
1100 35200 4 8.36094e-005 1.80328
1150 23658 4 7.15844e-005 2.76433
1200 15864 2 5.94837e-005 1.75277
1250 10828 0 4.80583e-005 0.520387
1300 7580 0 3.8079e-005 0.288644
1350 5410 0 3.00416e-005 0.162527
1400 3886 0 2.41184e-005 0.0937252
1450 2772 0 2.00145e-005 0.0554807
1500 1934 0 1.72538e-005 0.0333692
1550 1300 0 1.54257e-005 0.0200535
1600 826 0 1.41801e-005 0.0117129
1650 490 0 1.33449e-005 0.00653902
1700 266 0 1.27989e-005 0.00340454
1750 132 0 1.24494e-005 0.00164333
1800 58 0 1.22282e-005 0.000709243
1850 24 0 1.20885e-005 0.000290125
1900 8 0 1.19966e-005 9.59734e-005
1950 2 0 1.1926e-005 2.38522e-005
2000 0 0 1.18499e-005 0

total neg_log_likelihood: 38.8141


Year 2009
class scanned recaptured expected_prop neg_log_likelihood
100 0 0 0 0
150 0 0 4.76608e-015 0
200 0 0 5.62004e-013 0
250 2 0 7.99308e-012 1.59861e-011
300 28 0 1.5471e-010 4.33187e-009
350 338 0 2.14472e-009 7.24916e-007
400 2596 0 2.07889e-008 5.39679e-005
450 13080 0 1.58586e-007 0.0020743
500 43468 0 9.05428e-007 0.0393571
550 101422 0 3.77359e-006 0.382726
600 180382 1 1.16711e-005 1.36082
650 255904 12 2.76004e-005 3.59176
700 293398 7 5.15938e-005 4.64255
750 278302 21 7.87617e-005 2.46469
800 229716 18 0.000101647 3.03469
850 175798 16 0.000115367 2.79796
900 130724 12 0.000119799 2.63405
950 96182 17 0.000117513 3.58217
1000 70174 3 0.000111087 3.42671
1050 50456 5 0.000102077 1.74247
1100 35360 4 9.13154e-005 1.71834
1150 24054 0 7.93718e-005 1.90928
1200 16060 1 6.68628e-005 1.00257
1250 10754 0 5.46444e-005 0.587662
1300 7362 0 4.36496e-005 0.321355
1350 5182 0 3.4554e-005 0.179062
1400 3714 1 2.76938e-005 2.37726
1450 2662 0 2.28478e-005 0.0608216
1500 1866 0 1.95316e-005 0.0364463
1550 1256 0 1.73038e-005 0.0217338
1600 798 0 1.57628e-005 0.0125788
1650 470 0 1.47138e-005 0.00691551
1700 254 0 1.40187e-005 0.00356079
1750 126 0 1.35685e-005 0.00170964
1800 56 0 1.32813e-005 0.000743755
1850 22 0 1.30989e-005 0.000288177
1900 8 0 1.29795e-005 0.000103837
1950 2 0 1.28896e-005 2.57793e-005
2000 0 0 1.27961e-005 0

total neg_log_likelihood: 37.9426


Year 2010
class scanned recaptured expected_prop neg_log_likelihood
100 0 0 0 0
150 0 0 0 0
200 0 0 1.4573e-014 0
250 2 0 7.66667e-013 1.53344e-012
300 30 0 2.68793e-011 8.06382e-010
350 342 0 4.92805e-010 1.68539e-007
400 2546 0 4.89921e-009 1.24734e-005
450 12914 0 3.78582e-008 0.000488901
500 45438 0 2.47125e-007 0.0112289
550 110634 0 1.23226e-006 0.13633
600 193100 0 4.62336e-006 0.892773
650 259840 3 1.32331e-005 1.52515
700 288924 8 2.96274e-005 1.98779
750 275666 10 5.33346e-005 2.92677
800 231594 24 7.93973e-005 3.29201
850 178066 14 0.000100933 2.71999
900 131090 16 0.000113664 2.35
950 95240 12 0.000117502 2.19684
1000 68874 5 0.000114787 2.35536
1050 49434 4 0.000107908 1.8157
1100 34952 8 9.83386e-005 4.16482
1150 24134 6 8.69008e-005 4.23291
1200 16262 3 7.43171e-005 2.43206
1250 10830 0 6.15463e-005 0.666567
1300 7284 1 4.9681e-005 1.37829
1350 5028 0 3.95898e-005 0.199061
1400 3564 0 3.17978e-005 0.113329
1450 2550 0 2.61865e-005 0.0667764
1500 1794 0 2.22832e-005 0.0399766
1550 1212 0 1.96265e-005 0.0237876
1600 770 0 1.77656e-005 0.0136797
1650 454 0 1.64848e-005 0.00748417
1700 246 0 1.56284e-005 0.00384462
1750 120 0 1.50696e-005 0.00180836
1800 54 0 1.47112e-005 0.000794413
1850 22 0 1.44832e-005 0.000318633
1900 8 0 1.43345e-005 0.000114677
1950 2 0 1.42237e-005 2.84477e-005
2000 0 0 1.41104e-005 0

total neg_log_likelihood: 35.5561


Tags2008_R1_R1 :
tag-recapture data for tag Tags2008_R1 in years 2009 2010 , step 1, after proportion 0.5 of mortality, with sampling method size, detection probability 1.
Year 2009
class scanned recaptured expected_prop neg_log_likelihood
100 0 0 0 0
150 0 0 1.54469e-012 0
200 0 0 1.06675e-011 0
250 2 0 6.84546e-011 1.36909e-010
300 28 0 8.98806e-010 2.51666e-008
350 338 0 1.13858e-008 3.84841e-006
400 2596 0 1.052e-007 0.000273099
450 13080 0 6.92452e-007 0.00905727
500 43468 0 3.22912e-006 0.140364
550 101422 2 1.08717e-005 1.60038
600 180382 3 2.72738e-005 1.93172
650 255904 11 5.28812e-005 2.37876
700 293398 24 8.22352e-005 2.51173
750 278302 35 0.000106521 3.1559
800 229716 23 0.000119861 2.88595
850 175798 22 0.000122367 2.47368
900 130724 22 0.000117575 3.72811
950 96182 16 0.000108883 3.56437
1000 70174 7 9.83258e-005 1.90446
1050 50456 7 8.69501e-005 2.56155
1100 35360 5 7.53154e-005 2.5531
1150 24054 1 6.37799e-005 1.10616
1200 16060 2 5.26708e-005 1.87374
1250 10754 1 4.24688e-005 1.24038
1300 7362 0 3.36865e-005 0.248004
1350 5182 0 2.66509e-005 0.138107
1400 3714 0 2.14683e-005 0.079734
1450 2662 2 1.78715e-005 6.832
1500 1866 0 1.54472e-005 0.0288246
1550 1256 0 1.38392e-005 0.0173822
1600 798 0 1.27424e-005 0.0101685
1650 470 0 1.20063e-005 0.00564299
1700 254 0 1.1525e-005 0.00292737
1750 126 0 1.12167e-005 0.00141332
1800 56 0 1.10217e-005 0.000617221
1850 22 0 1.08985e-005 0.000239768
1900 8 0 1.08176e-005 8.65409e-005
1950 2 0 1.07553e-005 2.15106e-005
2000 0 0 1.0688e-005 0

total neg_log_likelihood: 42.9849


Year 2010
class scanned recaptured expected_prop neg_log_likelihood
100 0 0 0 0
150 0 0 4.78769e-015 0
200 0 0 5.97376e-013 0
250 2 0 8.61022e-012 1.72204e-011
300 30 0 1.64177e-010 4.9253e-009
350 342 0 2.27985e-009 7.7971e-007
400 2546 0 2.21116e-008 5.62962e-005
450 12914 0 1.68431e-007 0.00217511
500 45438 0 9.58462e-007 0.0435506
550 110634 0 3.98429e-006 0.440798
600 193100 1 1.23055e-005 1.5107
650 259840 8 2.90643e-005 1.98208
700 288924 9 5.41925e-005 3.70084
750 275666 18 8.22863e-005 2.88948
800 231594 24 0.000105176 2.51403
850 178066 18 0.000117613 2.58593
900 131090 17 0.000119727 2.3932
950 95240 6 0.000114732 3.15897
1000 68874 11 0.000105861 2.94026
1050 49434 4 9.50953e-005 1.68791
1100 34952 6 8.34417e-005 3.07354
1150 24134 2 7.14569e-005 1.32773
1200 16262 1 5.95943e-005 1.00046
1250 10830 1 4.84428e-005 1.16965
1300 7284 1 3.86368e-005 1.54927
1350 5028 0 3.06198e-005 0.153959
1400 3564 0 2.4602e-005 0.0876826
1450 2550 0 2.0355e-005 0.0519058
1500 1794 0 1.74468e-005 0.0312998
1550 1212 0 1.5491e-005 0.0187752
1600 770 0 1.41363e-005 0.010885
1650 454 0 1.32131e-005 0.00599879
1700 246 0 1.26011e-005 0.00309988
1750 120 0 1.22045e-005 0.00146454
1800 54 0 1.19514e-005 0.000645377
1850 22 0 1.17907e-005 0.000259396
1900 8 0 1.16857e-005 9.34858e-005
1950 2 0 1.16066e-005 2.32133e-005
2000 0 0 1.15241e-005 0

total neg_log_likelihood: 34.3367


Tags2009_R1_R1 :
tag-recapture data for tag Tags2009_R1 in years 2010 , step 1, after proportion 0.5 of mortality, with sampling method size, detection probability 1.
Year 2010
class scanned recaptured expected_prop neg_log_likelihood
100 0 0 0 0
150 0 0 1.5496e-012 0
200 0 0 1.08032e-011 0
250 2 0 6.9534e-011 1.39068e-010
300 30 0 9.03082e-010 2.70925e-008
350 342 0 1.14534e-008 3.91707e-006
400 2546 0 1.05964e-007 0.000269785
450 12914 0 6.95082e-007 0.0089763
500 45438 0 3.21912e-006 0.14627
550 110634 1 1.07563e-005 1.01604
600 193100 6 2.6826e-005 1.89039
650 259840 18 5.18588e-005 3.0554
700 288924 24 8.06919e-005 2.5214
750 275666 33 0.000104997 2.94143
800 231594 32 0.000119179 2.98763
850 178066 28 0.000123208 3.35727
900 131090 17 0.000120205 2.38812
950 95240 9 0.000113142 2.18184
1000 68874 6 0.000103756 1.92591
1050 49434 5 9.29366e-005 1.75767
1100 34952 6 8.12067e-005 3.15834
1150 24134 3 6.89728e-005 1.92759
1200 16262 1 5.66992e-005 1.00318
1250 10830 2 4.5083e-005 2.61527
1300 7284 0 3.48862e-005 0.254116
1350 5028 0 2.66382e-005 0.133939
1400 3564 0 2.05526e-005 0.0732502
1450 2550 0 1.63515e-005 0.0416966
1500 1794 0 1.35502e-005 0.0243093
1550 1212 0 1.17187e-005 0.0142031
1600 770 0 1.04924e-005 0.00807917
1650 454 0 9.68492e-006 0.00439697
1700 246 0 9.16586e-006 0.00225481
1750 120 0 8.83788e-006 0.00106055
1800 54 0 8.63227e-006 0.000466145
1850 22 0 8.50252e-006 0.000187056
1900 8 0 8.41614e-006 6.73294e-005
1950 2 0 8.34723e-006 1.66945e-005
2000 0 0 8.27086e-006 0

total neg_log_likelihood: 35.441


Output quantities start here

* Scalar parameter values
initialization.B0 191470

* Nuisance q's

* B0
191470

* R0
1.38924e+007

* SSBs
SSB 191470 190068 186687 182973 178959 174715 170330 165902 161524 157278 153226 149401 145815 142469 139354 136460 133778 131296 129000 126880 124925 
year 1990 1991 1992 1993 1994 1995 1996 1997 1998 1999 2000 2001 2002 2003 2004 2005 2006 2007 2008 2009 2010 

* recruitments
recruitment 1.38924e+007 1.38924e+007 1.38814e+007 1.38544e+007 1.38236e+007 1.37891e+007 1.37511e+007 1.37101e+007 1.36667e+007 1.36218e+007 1.35762e+007 1.35305e+007 1.34855e+007 1.34415e+007 1.33986e+007 1.33572e+007 1.33172e+007 1.32788e+007 1.32421e+007 1.32071e+007 1.31739e+007 
year 1990 1991 1992 1993 1994 1995 1996 1997 1998 1999 2000 2001 2002 2003 2004 2005 2006 2007 2008 2009 2010 

* YCS
YCS 1 1 1 1 1 1 1 1 1 1 1 1 1 1 1 1 1 1 1 1 1 
year 1989 1990 1991 1992 1993 1994 1995 1996 1997 1998 1999 2000 2001 2002 2003 2004 2005 2006 2007 2008 2009 

* true_YCS
true_YCS 1 1 0.99921 0.997263 0.995049 0.992565 0.989829 0.986877 0.983756 0.980523 0.977237 0.973954 0.970713 0.967542 0.964459 0.961474 0.958597 0.955835 0.953193 0.950674 0.948279 
year 1989 1990 1991 1992 1993 1994 1995 1996 1997 1998 1999 2000 2001 2002 2003 2004 2005 2006 2007 2008 2009 

* fishing_pressures
LL1 0 0.0386864 0.0398136 0.0409439 0.042047 0.0431004 0.044088 0.0449987 0.0458265 0.0465705 0.0472347 0.0478264 0.0483538 0.0488257 0.0492507 0.0496376 0.0499947 0.050328 0.0506433 0.0509448 0.051236 
LL2 0 0.0386864 0.0398136 0.0409439 0.042047 0.0431004 0.044088 0.0449987 0.0458265 0.0465705 0.0472347 0.0478264 0.0483538 0.0488257 0.0492507 0.0496376 0.0499947 0.050328 0.0506433 0.0509448 0.051236 
year 1990 1991 1992 1993 1994 1995 1996 1997 1998 1999 2000 2001 2002 2003 2004 2005 2006 2007 2008 2009 2010 

* Numbers_at_age_R1
1990  1.2895e+007 1.10435e+007 9.45782e+006 8.09982e+006 6.93681e+006 5.94079e+006 5.08778e+006 4.35725e+006 3.73162e+006 3.19581e+006 2.73694e+006 2.34396e+006 2.0074e+006 1.71917e+006 1.47232e+006 1.26092e+006 1.07987e+006 924818 792028 678305 580910 497501 426067 364890 312498 267628 229200 196291 168106 1.00267e+006 
1991  1.2895e+007 1.10435e+007 9.45778e+006 8.09953e+006 6.93518e+006 5.93416e+006 5.06869e+006 4.31837e+006 3.67561e+006 3.13878e+006 2.68843e+006 2.30327e+006 1.97374e+006 1.69171e+006 1.45023e+006 1.24339e+006 1.06615e+006 914226 783965 672252 576429 494228 423710 363216 311325 266818 228649 195920 167861 1.00156e+006 
1992  1.28848e+007 1.10435e+007 9.45777e+006 8.09946e+006 6.93461e+006 5.93095e+006 5.05588e+006 4.28212e+006 3.60292e+006 3.03506e+006 2.58307e+006 2.21364e+006 1.89853e+006 1.62945e+006 1.39939e+006 1.20244e+006 1.03362e+006 888743 764274 657245 565151 485869 417601 358813 308196 264624 227133 194887 167166 998994 
1993  1.28597e+007 1.10348e+007 9.45777e+006 8.09945e+006 6.93449e+006 5.93022e+006 5.0524e+006 4.26963e+006 3.56997e+006 2.97186e+006 2.49479e+006 2.12443e+006 1.8226e+006 1.56567e+006 1.34652e+006 1.15919e+006 998717 860951 742447 640339 552237 476143 410378 353524 304378 261907 225226 193568 166267 996140 
1994  1.28312e+007 1.10133e+007 9.4503e+006 8.09944e+006 6.93442e+006 5.92988e+006 5.05104e+006 4.26504e+006 3.55689e+006 2.94157e+006 2.44e+006 2.04947e+006 1.7472e+006 1.50145e+006 1.29251e+006 1.11435e+006 961963 831224 718727 621668 537744 465049 402007 347297 299811 258607 222875 191917 165124 992862 
1995  1.27992e+007 1.09888e+007 9.43188e+006 8.09303e+006 6.93436e+006 5.9296e+006 5.05005e+006 4.26231e+006 3.5505e+006 2.9278e+006 2.41242e+006 2.00224e+006 1.68374e+006 1.43784e+006 1.23828e+006 1.06867e+006 923973 800027 693441 601448 521794 452643 392493 340106 294454 254674 220030 189888 163699 989019 
1996  1.27639e+007 1.09614e+007 9.41094e+006 8.07725e+006 6.92883e+006 5.92933e+006 5.04914e+006 4.25997e+006 3.5458e+006 2.91971e+006 2.39857e+006 1.97753e+006 1.64325e+006 1.38426e+006 1.18472e+006 1.02295e+006 885401 767881 666987 579961 504574 439033 381886 331959 288287 250074 216649 187441 161953 984454 
1997  1.27258e+007 1.09312e+007 9.38745e+006 8.05931e+006 6.91527e+006 5.9244e+006 5.0483e+006 4.25782e+006 3.54162e+006 2.91322e+006 2.38957e+006 1.96425e+006 1.62142e+006 1.34974e+006 1.13959e+006 977923 846894 735332 639804 557542 486325 424377 370281 322899 281317 244791 212704 184539 159850 979005 
1998  1.26856e+007 1.08986e+007 9.36157e+006 8.03918e+006 6.89987e+006 5.91263e+006 5.04354e+006 4.25584e+006 3.53777e+006 2.90738e+006 2.38209e+006 1.95512e+006 1.60912e+006 1.33069e+006 1.11029e+006 939972 809066 702920 612347 534560 467329 408882 357811 313006 273582 238832 208182 181159 157363 972502 
1999  1.26439e+007 1.08641e+007 9.33365e+006 8.01702e+006 6.8826e+006 5.8993e+006 5.03301e+006 4.25069e+006 3.53428e+006 2.90205e+006 2.37535e+006 1.94741e+006 1.60037e+006 1.3196e+006 1.09384e+006 915193 777189 671149 585066 511396 447896 392783 344651 302396 265150 232229 203090 177291 154469 964776 
2000  1.26015e+007 1.08284e+007 9.30413e+006 7.9931e+006 6.86359e+006 5.8844e+006 5.02121e+006 4.2408e+006 3.52834e+006 2.89724e+006 2.36924e+006 1.94048e+006 1.59293e+006 1.31153e+006 1.08402e+006 901090 756285 644385 558372 488420 428341 376339 331000 291214 256119 225041 197453 172939 151160 955666 
2001  1.25592e+007 1.07921e+007 9.27356e+006 7.96782e+006 6.84309e+006 5.86802e+006 5.00813e+006 4.22995e+006 3.51865e+006 2.89065e+006 2.36375e+006 1.93423e+006 1.58626e+006 1.30464e+006 1.07677e+006 892522 744265 626774 535892 465973 408972 359815 317073 279628 246611 217349 191323 168126 147441 945024 
2002  1.25174e+007 1.07559e+007 9.24248e+006 7.94163e+006 6.82142e+006 5.85037e+006 4.99383e+006 4.21812e+006 3.50834e+006 2.88118e+006 2.35698e+006 1.92863e+006 1.58026e+006 1.29847e+006 1.07056e+006 886133 736865 616567 521062 447074 390071 343465 303091 267818 236767 209257 184767 162895 143330 932730 
2003  1.24765e+007 1.07201e+007 9.21143e+006 7.91501e+006 6.79897e+006 5.83174e+006 4.97849e+006 4.20536e+006 3.49736e+006 2.87136e+006 2.34802e+006 1.9221e+006 1.57488e+006 1.29293e+006 1.06501e+006 880649 731304 610220 512414 434580 374159 327523 289268 255971 226741 200885 177874 157304 138864 918694 
2004  1.24367e+007 1.0685e+007 9.18078e+006 7.88841e+006 6.77616e+006 5.81246e+006 4.96236e+006 4.1918e+006 3.48574e+006 2.86115e+006 2.33892e+006 1.9139e+006 1.56884e+006 1.28797e+006 1.06003e+006 875748 726523 605422 506995 427260 363624 314104 275798 244265 216687 192361 170746 151427 134091 902873 
2005  1.23982e+007 1.0651e+007 9.15079e+006 7.86216e+006 6.75337e+006 5.79288e+006 4.94569e+006 4.17762e+006 3.47354e+006 2.85052e+006 2.32959e+006 1.90567e+006 1.5615e+006 1.28252e+006 1.05557e+006 871347 722246 601288 502877 422645 357428 305208 264460 232862 206757 183817 163490 145351 129077 885269 
2006  1.23611e+007 1.0618e+007 9.12162e+006 7.83648e+006 6.73088e+006 5.77332e+006 4.92879e+006 4.16305e+006 3.46091e+006 2.83951e+006 2.32e+006 1.89731e+006 1.55418e+006 1.27604e+006 1.05073e+006 867396 718402 597587 499323 419123 353502 299960 256935 223265 197087 175380 156219 139168 123893 865938 
2007  1.23255e+007 1.05863e+007 9.09339e+006 7.8115e+006 6.70888e+006 5.75403e+006 4.91193e+006 4.14833e+006 3.44804e+006 2.82826e+006 2.3102e+006 1.88883e+006 1.54683e+006 1.26964e+006 1.0451e+006 863168 714951 594260 496141 416081 350498 296622 252487 216890 188948 167167 149041 132973 118619 844993 
2008  1.22915e+007 1.05558e+007 9.06618e+006 7.78732e+006 6.68748e+006 5.73515e+006 4.8953e+006 4.13368e+006 3.4351e+006 2.81686e+006 2.30026e+006 1.88021e+006 1.5394e+006 1.26323e+006 1.03954e+006 858301 711285 591270 493278 413355 347899 294062 249649 213115 183539 160253 142054 126858 113335 822594 
2009  1.2259e+007 1.05266e+007 9.04006e+006 7.76402e+006 6.66676e+006 5.71679e+006 4.87905e+006 4.11925e+006 3.42225e+006 2.80546e+006 2.29025e+006 1.87152e+006 1.5319e+006 1.25679e+006 1.03401e+006 853513 707103 588109 490700 410898 345568 291844 247468 210701 180331 155656 136172 120906 108120 798947 
2010  1.22281e+007 1.04988e+007 9.01508e+006 7.74165e+006 6.6468e+006 5.69903e+006 4.86325e+006 4.10516e+006 3.40965e+006 2.7942e+006 2.28028e+006 1.86281e+006 1.52437e+006 1.25032e+006 1.02846e+006 848757 702998 584531 487987 408684 343466 289853 245576 208842 178276 152927 132260 115896 103044 774296 

Output quantities finish here

Unused parameters:
annual_cycle.fishery_areas annual_cycle.migrate_from annual_cycle.migrate_to annual_cycle.migration_names annual_cycle.migration_times annual_cycle.n_migrations annual_cycle.recruitment_areas annual_cycle.spawning_all_areas area_names recruitment.p_male recruitment.year_range tag[Tags2005_R1_LL1].area tag[Tags2005_R1_LL1].sex tag[Tags2006_R1_LL1].area tag[Tags2006_R1_LL1].sex tag[Tags2007_R1_LL1].area tag[Tags2007_R1_LL1].sex tag[Tags2008_R1_LL1].area tag[Tags2008_R1_LL1].sex tag[Tags2009_R1_LL1].area tag[Tags2009_R1_LL1].sex MCMC.adapt_at MCMC.adaptive_stepsize MCMC.burn_in MCMC.keep MCMC.length MCMC.start MCMC.stepsize profile[1].l profile[1].n profile[1].parameter profile[1].u tag_recapture[Tags2005_R1_R1].area tag_recapture[Tags2006_R1_R1].area tag_recapture[Tags2007_R1_R1].area tag_recapture[Tags2008_R1_R1].area tag_recapture[Tags2009_R1_R1].area n_projections numbers_at[Numbers_at_age_R1].area print.final_state print.initial_state print.requests print.results print.state_annually print.state_every_step print.yields 
