CASAL (C++ algorithmic stock assessment laboratory)
Call: C:/Users/bstacy/Documents/GitHub/lasac/projects/simulations/sim/con1.5/casal -e -q -f TR 
Date: Tue Oct 15 04:22:25 2019
v2.30-2012-03-21 00:22:59 UTC (rev.4648)  (c) Copyright 2002-2012, NIWA
User name: bstacy
Machine name: DOM-IMA-HVZRNF2 (Microsoft Windows, PID=18164)

Prefix for the input parameter filenames : TR

Random number seed : 73745

Estimation parameters:
Stored as strings: 
  MCMC.adapt_at                 	1e+05 2e+05 3e+05 4e+05
  MCMC.adaptive_stepsize        	True
  MCMC.burn_in                  	500
  MCMC.keep                     	1000
  MCMC.length                   	1500000
  MCMC.start                    	0
  MCMC.stepsize                 	0.01
  ageing_error.c                	0
  ageing_error.type             	normal
  catch_at[LL1_catchA].2000     	0 0 0.01 0 0 0.02 0.04 0.16 0.15 0.11 0.13 0.13 0.05 0.06 0.04 0.02 0.03 0.01 0 0.01 0.01 0 0 0 0.01 0.01 0 0 0 0
  catch_at[LL1_catchA].2001     	0 0 0 0 0 0.02 0.09 0.12 0.15 0.16 0.12 0.11 0.09 0.02 0.05 0.02 0 0.01 0.02 0 0 0.01 0 0 0 0 0 0 0 0.01
  catch_at[LL1_catchA].2002     	0 0 0 0 0 0 0.02 0.11 0.2 0.2 0.1 0.09 0.09 0.02 0.05 0.03 0.02 0.01 0.03 0.03 0 0 0 0 0 0 0 0 0 0
  catch_at[LL1_catchA].2003     	0 0 0 0 0.01 0.01 0.08 0.17 0.12 0.17 0.17 0.04 0.04 0.07 0.04 0.02 0.01 0.01 0.02 0.02 0 0 0 0 0 0 0 0 0 0
  catch_at[LL1_catchA].2004     	0 0 0 0.01 0 0.02 0.07 0.14 0.13 0.24 0.1 0.08 0.05 0.03 0.02 0.02 0.02 0.02 0 0.01 0 0.01 0.02 0 0 0.01 0 0 0 0
  catch_at[LL1_catchA].2005     	0 0 0 0.01 0.01 0.03 0.02 0.14 0.15 0.06 0.17 0.15 0.06 0.06 0.05 0.03 0 0.02 0 0.02 0 0 0 0.01 0 0 0.01 0 0 0
  catch_at[LL1_catchA].2006     	0 0 0 0 0.01 0.03 0.16 0.12 0.18 0.18 0.09 0.06 0.06 0.02 0.01 0.03 0.01 0.01 0.01 0.01 0 0 0.01 0 0 0 0 0 0 0
  catch_at[LL1_catchA].2007     	0 0 0 0 0.01 0.02 0.09 0.15 0.13 0.18 0.14 0.07 0.04 0.04 0.03 0.04 0.02 0.01 0.01 0.01 0 0 0 0 0 0 0 0 0 0.01
  catch_at[LL1_catchA].2008     	0 0 0 0 0.01 0.02 0.11 0.11 0.2 0.11 0.12 0.08 0.09 0.03 0.04 0.03 0.04 0 0 0 0 0 0 0 0 0 0.01 0 0 0
  catch_at[LL1_catchA].2009     	0 0 0 0.01 0.02 0.03 0.05 0.09 0.18 0.09 0.14 0.09 0.03 0.08 0.04 0.03 0.06 0.03 0 0.02 0 0 0 0.01 0 0 0 0 0 0
  catch_at[LL1_catchA].2010     	0 0 0 0 0.01 0.05 0.03 0.15 0.18 0.12 0.1 0.14 0.06 0.06 0.05 0 0.02 0.02 0.01 0 0 0 0 0 0 0 0 0 0 0
  catch_at[LL1_catchA].N_2000   	100
  catch_at[LL1_catchA].N_2001   	100
  catch_at[LL1_catchA].N_2002   	100
  catch_at[LL1_catchA].N_2003   	100
  catch_at[LL1_catchA].N_2004   	100
  catch_at[LL1_catchA].N_2005   	100
  catch_at[LL1_catchA].N_2006   	100
  catch_at[LL1_catchA].N_2007   	100
  catch_at[LL1_catchA].N_2008   	100
  catch_at[LL1_catchA].N_2009   	100
  catch_at[LL1_catchA].N_2010   	100
  catch_at[LL1_catchA].at_size  	False
  catch_at[LL1_catchA].dist     	multinomial
  catch_at[LL1_catchA].fishery  	LL1
  catch_at[LL1_catchA].max_class	30
  catch_at[LL1_catchA].min_class	1
  catch_at[LL1_catchA].plus_group	True
  catch_at[LL1_catchA].r        	1e-11
  catch_at[LL1_catchA].sexed    	False
  catch_at[LL1_catchA].sum_to_one	True
  catch_at[LL1_catchA].years    	2000 2001 2002 2003 2004 2005 2006 2007 2008 2009 2010
  catch_limit_penalty[1].fishery	LL1
  catch_limit_penalty[1].label  	LL1_Penalty
  catch_limit_penalty[1].log_scale	True
  catch_limit_penalty[1].multiplier	1000
  catch_limit_penalty[2].fishery	LL2
  catch_limit_penalty[2].label  	LL2_Penalty
  catch_limit_penalty[2].log_scale	True
  catch_limit_penalty[2].multiplier	1000
  estimate[1].lower_bound       	5000
  estimate[1].parameter         	initialization.B0
  estimate[1].prior             	uniform
  estimate[1].upper_bound       	5e+05
  estimator                     	Bayes
  fish_tagged_penalty[1].label  	Penalty_Tags2005_R1_LL1
  fish_tagged_penalty[1].multiplier	1
  fish_tagged_penalty[1].tagging_episode	Tags2005_R1_LL1
  fish_tagged_penalty[2].label  	Penalty_Tags2006_R1_LL1
  fish_tagged_penalty[2].multiplier	1
  fish_tagged_penalty[2].tagging_episode	Tags2006_R1_LL1
  fish_tagged_penalty[3].label  	Penalty_Tags2007_R1_LL1
  fish_tagged_penalty[3].multiplier	1
  fish_tagged_penalty[3].tagging_episode	Tags2007_R1_LL1
  fish_tagged_penalty[4].label  	Penalty_Tags2008_R1_LL1
  fish_tagged_penalty[4].multiplier	1
  fish_tagged_penalty[4].tagging_episode	Tags2008_R1_LL1
  fish_tagged_penalty[5].label  	Penalty_Tags2009_R1_LL1
  fish_tagged_penalty[5].multiplier	1
  fish_tagged_penalty[5].tagging_episode	Tags2009_R1_LL1
  grad_tol                      	0.001
  max_evals                     	10000
  max_iters                     	1600
  profile[1].l                  	40000
  profile[1].n                  	11
  profile[1].parameter          	initialization.B0
  profile[1].u                  	130000
  q_method                      	nuisance
  tag_recapture[Tags2005_R1_R1].area	R1
  tag_recapture[Tags2005_R1_R1].class_mins	100 150 200 250 300 350 400 450 500 550 600 650 700 750 800 850 900 950 1000 1050 1100 1150 1200 1250 1300 1350 1400 1450 1500 1550 1600 1650 1700 1750 1800 1850 1900 1950 2000 2050
  tag_recapture[Tags2005_R1_R1].detection_probability	1
  tag_recapture[Tags2005_R1_R1].dispersion	1
  tag_recapture[Tags2005_R1_R1].do_bootstrap	True
  tag_recapture[Tags2005_R1_R1].plus_group	False
  tag_recapture[Tags2005_R1_R1].proportion_mortality	0.5
  tag_recapture[Tags2005_R1_R1].r	1e-11
  tag_recapture[Tags2005_R1_R1].recaptured_2006	0 0 0 0 0 0 0 0 1 1 1 12 27 25 25 20 15 15 8 7 0 0 0 0 0 0 0 0 0 0 0 0 0 0 0 0 0 0 0
  tag_recapture[Tags2005_R1_R1].recaptured_2007	0 0 0 0 0 0 0 0 0 0 1 6 11 20 23 22 9 9 8 8 4 0 2 1 1 0 0 1 0 0 0 0 0 0 0 0 0 0 0
  tag_recapture[Tags2005_R1_R1].recaptured_2008	0 0 0 0 0 0 0 0 0 0 0 4 8 12 17 20 18 12 5 6 4 2 2 1 0 0 0 0 0 0 0 0 0 0 0 0 0 0 0
  tag_recapture[Tags2005_R1_R1].recaptured_2009	0 0 0 0 0 0 0 0 0 0 1 1 1 7 12 15 11 11 11 5 2 1 3 1 0 0 0 0 0 0 0 0 0 0 0 0 0 0 0
  tag_recapture[Tags2005_R1_R1].recaptured_2010	0 0 0 0 0 0 0 0 0 0 0 2 0 4 6 4 7 4 11 4 3 3 1 2 0 0 0 0 0 0 0 0 0 0 0 0 0 0 0
  tag_recapture[Tags2005_R1_R1].sample	size
  tag_recapture[Tags2005_R1_R1].scanned_2006	0 0 0 2 28 320 2302 11502 39770 96806 173902 243624 277690 266092 224820 178122 136978 101584 71958 49292 33518 23134 16316 11662 8346 5944 4222 2988 2086 1406 896 530 286 140 62 24 8 2 0
  tag_recapture[Tags2005_R1_R1].scanned_2007	0 0 0 2 28 344 2442 11568 39724 99366 181960 252416 280488 265182 224010 176300 134278 100438 72920 50898 34514 23278 15942 11162 7944 5686 4062 2880 2006 1350 862 512 278 138 62 24 8 2 0
  tag_recapture[Tags2005_R1_R1].scanned_2008	0 0 0 2 28 344 2602 12332 40170 97884 182308 260086 291620 271378 224512 174626 131756 97934 71728 51120 35200 23658 15864 10828 7580 5410 3886 2772 1934 1300 826 490 266 132 58 24 8 2 0
  tag_recapture[Tags2005_R1_R1].scanned_2009	0 0 0 2 28 338 2596 13080 43468 101422 180382 255904 293398 278302 229716 175798 130724 96182 70174 50456 35360 24054 16060 10754 7362 5182 3714 2662 1866 1256 798 470 254 126 56 22 8 2 0
  tag_recapture[Tags2005_R1_R1].scanned_2010	0 0 0 2 30 342 2546 12914 45438 110634 193100 259840 288924 275666 231594 178066 131090 95240 68874 49434 34952 24134 16262 10830 7284 5028 3564 2550 1794 1212 770 454 246 120 54 22 8 2 0
  tag_recapture[Tags2005_R1_R1].step	1
  tag_recapture[Tags2005_R1_R1].tag_name	Tags2005_R1
  tag_recapture[Tags2005_R1_R1].years	2006 2007 2008 2009 2010
  tag_recapture[Tags2006_R1_R1].area	R1
  tag_recapture[Tags2006_R1_R1].class_mins	100 150 200 250 300 350 400 450 500 550 600 650 700 750 800 850 900 950 1000 1050 1100 1150 1200 1250 1300 1350 1400 1450 1500 1550 1600 1650 1700 1750 1800 1850 1900 1950 2000 2050
  tag_recapture[Tags2006_R1_R1].detection_probability	1
  tag_recapture[Tags2006_R1_R1].dispersion	1
  tag_recapture[Tags2006_R1_R1].do_bootstrap	True
  tag_recapture[Tags2006_R1_R1].plus_group	False
  tag_recapture[Tags2006_R1_R1].proportion_mortality	0.5
  tag_recapture[Tags2006_R1_R1].r	1e-11
  tag_recapture[Tags2006_R1_R1].recaptured_2007	0 0 0 0 0 0 0 0 0 0 4 15 22 23 29 16 19 14 10 4 2 2 1 0 0 0 0 0 0 0 0 0 0 0 0 0 0 0 0
  tag_recapture[Tags2006_R1_R1].recaptured_2008	0 0 0 0 0 0 0 0 0 1 0 6 12 19 12 17 25 13 11 7 4 1 2 0 0 0 0 0 0 0 0 0 0 0 0 0 0 0 0
  tag_recapture[Tags2006_R1_R1].recaptured_2009	0 0 0 0 0 0 0 0 0 1 2 3 4 13 16 15 20 21 10 10 3 4 1 2 1 0 0 0 0 0 0 0 0 0 0 0 0 0 0
  tag_recapture[Tags2006_R1_R1].recaptured_2010	0 0 0 0 0 0 0 0 0 0 0 1 4 4 8 13 13 12 12 8 4 3 1 1 1 0 0 0 0 0 0 0 0 0 0 0 0 0 0
  tag_recapture[Tags2006_R1_R1].sample	size
  tag_recapture[Tags2006_R1_R1].scanned_2007	0 0 0 2 28 344 2442 11568 39724 99366 181960 252416 280488 265182 224010 176300 134278 100438 72920 50898 34514 23278 15942 11162 7944 5686 4062 2880 2006 1350 862 512 278 138 62 24 8 2 0
  tag_recapture[Tags2006_R1_R1].scanned_2008	0 0 0 2 28 344 2602 12332 40170 97884 182308 260086 291620 271378 224512 174626 131756 97934 71728 51120 35200 23658 15864 10828 7580 5410 3886 2772 1934 1300 826 490 266 132 58 24 8 2 0
  tag_recapture[Tags2006_R1_R1].scanned_2009	0 0 0 2 28 338 2596 13080 43468 101422 180382 255904 293398 278302 229716 175798 130724 96182 70174 50456 35360 24054 16060 10754 7362 5182 3714 2662 1866 1256 798 470 254 126 56 22 8 2 0
  tag_recapture[Tags2006_R1_R1].scanned_2010	0 0 0 2 30 342 2546 12914 45438 110634 193100 259840 288924 275666 231594 178066 131090 95240 68874 49434 34952 24134 16262 10830 7284 5028 3564 2550 1794 1212 770 454 246 120 54 22 8 2 0
  tag_recapture[Tags2006_R1_R1].step	1
  tag_recapture[Tags2006_R1_R1].tag_name	Tags2006_R1
  tag_recapture[Tags2006_R1_R1].years	2007 2008 2009 2010
  tag_recapture[Tags2007_R1_R1].area	R1
  tag_recapture[Tags2007_R1_R1].class_mins	100 150 200 250 300 350 400 450 500 550 600 650 700 750 800 850 900 950 1000 1050 1100 1150 1200 1250 1300 1350 1400 1450 1500 1550 1600 1650 1700 1750 1800 1850 1900 1950 2000 2050
  tag_recapture[Tags2007_R1_R1].detection_probability	1
  tag_recapture[Tags2007_R1_R1].dispersion	1
  tag_recapture[Tags2007_R1_R1].do_bootstrap	True
  tag_recapture[Tags2007_R1_R1].plus_group	False
  tag_recapture[Tags2007_R1_R1].proportion_mortality	0.5
  tag_recapture[Tags2007_R1_R1].r	1e-11
  tag_recapture[Tags2007_R1_R1].recaptured_2008	0 0 0 0 0 0 0 0 0 0 5 10 16 21 23 23 9 17 9 4 5 3 0 0 0 0 0 0 0 0 0 0 0 0 0 0 0 0 0
  tag_recapture[Tags2007_R1_R1].recaptured_2009	0 0 0 0 0 0 0 0 0 0 0 5 8 10 22 24 19 12 7 6 3 3 2 0 0 0 0 0 0 0 0 0 0 0 0 0 0 0 0
  tag_recapture[Tags2007_R1_R1].recaptured_2010	0 0 0 0 0 0 0 0 0 0 0 1 8 17 19 11 16 11 8 8 5 6 1 0 0 0 1 0 0 0 0 0 0 0 0 0 0 0 0
  tag_recapture[Tags2007_R1_R1].sample	size
  tag_recapture[Tags2007_R1_R1].scanned_2008	0 0 0 2 28 344 2602 12332 40170 97884 182308 260086 291620 271378 224512 174626 131756 97934 71728 51120 35200 23658 15864 10828 7580 5410 3886 2772 1934 1300 826 490 266 132 58 24 8 2 0
  tag_recapture[Tags2007_R1_R1].scanned_2009	0 0 0 2 28 338 2596 13080 43468 101422 180382 255904 293398 278302 229716 175798 130724 96182 70174 50456 35360 24054 16060 10754 7362 5182 3714 2662 1866 1256 798 470 254 126 56 22 8 2 0
  tag_recapture[Tags2007_R1_R1].scanned_2010	0 0 0 2 30 342 2546 12914 45438 110634 193100 259840 288924 275666 231594 178066 131090 95240 68874 49434 34952 24134 16262 10830 7284 5028 3564 2550 1794 1212 770 454 246 120 54 22 8 2 0
  tag_recapture[Tags2007_R1_R1].step	1
  tag_recapture[Tags2007_R1_R1].tag_name	Tags2007_R1
  tag_recapture[Tags2007_R1_R1].years	2008 2009 2010
  tag_recapture[Tags2008_R1_R1].area	R1
  tag_recapture[Tags2008_R1_R1].class_mins	100 150 200 250 300 350 400 450 500 550 600 650 700 750 800 850 900 950 1000 1050 1100 1150 1200 1250 1300 1350 1400 1450 1500 1550 1600 1650 1700 1750 1800 1850 1900 1950 2000 2050
  tag_recapture[Tags2008_R1_R1].detection_probability	1
  tag_recapture[Tags2008_R1_R1].dispersion	1
  tag_recapture[Tags2008_R1_R1].do_bootstrap	True
  tag_recapture[Tags2008_R1_R1].plus_group	False
  tag_recapture[Tags2008_R1_R1].proportion_mortality	0.5
  tag_recapture[Tags2008_R1_R1].r	1e-11
  tag_recapture[Tags2008_R1_R1].recaptured_2009	0 0 0 0 0 0 0 0 0 1 3 4 18 30 25 31 19 14 4 7 2 2 2 1 0 0 0 0 0 0 0 0 0 0 0 0 0 0 0
  tag_recapture[Tags2008_R1_R1].recaptured_2010	0 0 0 0 0 0 0 0 0 1 2 5 9 19 26 16 7 16 13 6 1 2 0 0 1 0 0 0 1 0 0 0 0 0 0 0 0 0 0
  tag_recapture[Tags2008_R1_R1].sample	size
  tag_recapture[Tags2008_R1_R1].scanned_2009	0 0 0 2 28 338 2596 13080 43468 101422 180382 255904 293398 278302 229716 175798 130724 96182 70174 50456 35360 24054 16060 10754 7362 5182 3714 2662 1866 1256 798 470 254 126 56 22 8 2 0
  tag_recapture[Tags2008_R1_R1].scanned_2010	0 0 0 2 30 342 2546 12914 45438 110634 193100 259840 288924 275666 231594 178066 131090 95240 68874 49434 34952 24134 16262 10830 7284 5028 3564 2550 1794 1212 770 454 246 120 54 22 8 2 0
  tag_recapture[Tags2008_R1_R1].step	1
  tag_recapture[Tags2008_R1_R1].tag_name	Tags2008_R1
  tag_recapture[Tags2008_R1_R1].years	2009 2010
  tag_recapture[Tags2009_R1_R1].area	R1
  tag_recapture[Tags2009_R1_R1].class_mins	100 150 200 250 300 350 400 450 500 550 600 650 700 750 800 850 900 950 1000 1050 1100 1150 1200 1250 1300 1350 1400 1450 1500 1550 1600 1650 1700 1750 1800 1850 1900 1950 2000 2050
  tag_recapture[Tags2009_R1_R1].detection_probability	1
  tag_recapture[Tags2009_R1_R1].dispersion	1
  tag_recapture[Tags2009_R1_R1].do_bootstrap	True
  tag_recapture[Tags2009_R1_R1].plus_group	False
  tag_recapture[Tags2009_R1_R1].proportion_mortality	0.5
  tag_recapture[Tags2009_R1_R1].r	1e-11
  tag_recapture[Tags2009_R1_R1].recaptured_2010	0 0 0 0 0 0 0 0 0 0 6 8 21 26 29 27 22 8 8 7 4 2 1 0 1 0 0 0 0 0 0 0 0 0 0 0 0 0 0
  tag_recapture[Tags2009_R1_R1].sample	size
  tag_recapture[Tags2009_R1_R1].scanned_2010	0 0 0 2 30 342 2546 12914 45438 110634 193100 259840 288924 275666 231594 178066 131090 95240 68874 49434 34952 24134 16262 10830 7284 5028 3564 2550 1794 1212 770 454 246 120 54 22 8 2 0
  tag_recapture[Tags2009_R1_R1].step	1
  tag_recapture[Tags2009_R1_R1].tag_name	Tags2009_R1
  tag_recapture[Tags2009_R1_R1].years	2010
  vector_average_penalty[1].k   	1
  vector_average_penalty[1].label	meanYCS_1
  vector_average_penalty[1].multiplier	100
  vector_average_penalty[1].vector	recruitment.YCS
Stored as DOUBLEs: 
Stored as VECTORs: 
Stored as OGIVEs: 

Population parameters:
Stored as strings: 
  annual_cycle.M_props          	1
  annual_cycle.aging_time       	1
  annual_cycle.baranov          	False
  annual_cycle.fishery_areas    	R1
  annual_cycle.fishery_names    	LL1 LL2
  annual_cycle.fishery_times    	1 1
  annual_cycle.growth_props     	0
  annual_cycle.migrate_from     	R1
  annual_cycle.migrate_to       	R2
  annual_cycle.migration_names  	MoveRec_1_2
  annual_cycle.migration_times  	1
  annual_cycle.n_migrations     	0
  annual_cycle.recruitment_areas	R1
  annual_cycle.recruitment_time 	1
  annual_cycle.spawning_all_areas	1
  annual_cycle.spawning_p       	1
  annual_cycle.spawning_part_mort	0.5
  annual_cycle.spawning_time    	1
  annual_cycle.spawning_use_total_B	False
  annual_cycle.time_steps       	1
  area_names                    	R1
  current                       	2010
  final                         	2045
  first_random_year             	2007
  fishery[LL1].U_max            	0.95
  fishery[LL1].catches          	0 6000 6000 6000 6000 6000 6000 6000 6000 6000 6000 6000 6000 6000 6000 6000 6000 6000 6000 6000 6000
  fishery[LL1].future_constant_catches	200
  fishery[LL1].selectivity      	SelLL
  fishery[LL1].years            	1990 1991 1992 1993 1994 1995 1996 1997 1998 1999 2000 2001 2002 2003 2004 2005 2006 2007 2008 2009 2010
  fishery[LL2].U_max            	0.95
  fishery[LL2].catches          	0 9000 9000 9000 9000 9000 9000 9000 9000 9000 9000 9000 9000 9000 9000 9000 9000 9000 9000 9000 9000
  fishery[LL2].future_constant_catches	200
  fishery[LL2].selectivity      	SelLL
  fishery[LL2].years            	1990 1991 1992 1993 1994 1995 1996 1997 1998 1999 2000 2001 2002 2003 2004 2005 2006 2007 2008 2009 2010
  initial                       	1990
  initialization.B0             	448262
  mature_partition              	False
  maturity_props.all            	allvalues 0 0 0 0 0 0 0 0 0 0 0 0.1667 0.3333 0.5 0.6667 0.8333 1 1 1 1 1 1 1 1 1 1 1 1 1 1
  max_age                       	30
  min_age                       	1
  n_areas                       	1
  n_stocks                      	1
  n_tags                        	5
  natural_mortality.all         	0.155
  plus_group                    	True
  randomisation_method          	lognormal
  recruitment.SR                	BH
  recruitment.YCS               	1 1 1 1 1 1 1 1 1 1 1 1 1 1 1 1 1 1 1 1 1
  recruitment.YCS_years         	1989 1990 1991 1992 1993 1994 1995 1996 1997 1998 1999 2000 2001 2002 2003 2004 2005 2006 2007 2008 2009
  recruitment.first_free        	1989
  recruitment.last_free         	2006
  recruitment.p_male            	0.5
  recruitment.rho               	0
  recruitment.sigma_r           	0.6
  recruitment.steepness         	0.7
  recruitment.year_range        	1989 2006
  selectivity[SelLL].all        	double_normal 10 2 10
  selectivity_names             	SelLL
  sex_partition                 	False
  size_at_age.Linf              	2870
  size_at_age.by_length         	True
  size_at_age.cv                	0.1
  size_at_age.k                 	0.02056
  size_at_age.t0                	-4.2897
  size_at_age_dist              	normal
  size_at_age_type              	von_Bert
  size_based                    	False
  size_weight.a                 	2.59e-12
  size_weight.b                 	3.2064
  size_weight.verify_size_weight	500 0.5 1.5
  standardise_YCS               	True
  tag[Tags2005_R1_LL1].area     	R1
  tag[Tags2005_R1_LL1].class_mins	100 150 200 250 300 350 400 450 500 550 600 650 700 750 800 850 900 950 1000 1050 1100 1150 1200 1250 1300 1350 1400 1450 1500 1550 1600 1650 1700 1750 1800 1850 1900 1950 2000 2050
  tag[Tags2005_R1_LL1].mature_only	False
  tag[Tags2005_R1_LL1].mortality	0.1
  tag[Tags2005_R1_LL1].number   	2500
  tag[Tags2005_R1_LL1].ogive    	SelLL
  tag[Tags2005_R1_LL1].plus_group	False
  tag[Tags2005_R1_LL1].props_all	0 0 0 0 0 1e-04 8e-04 0.0048 0.0184 0.0472 0.088 0.1245 0.1388 0.1298 0.1103 0.0896 0.0694 0.0511 0.0362 0.0255 0.0183 0.0135 0.01 0.0073 0.0052 0.0037 0.0025 0.0018 0.0012 8e-04 5e-04 3e-04 2e-04 1e-04 0 0 0 0 0
  tag[Tags2005_R1_LL1].release_type	deterministic
  tag[Tags2005_R1_LL1].sex      	both
  tag[Tags2005_R1_LL1].step     	1
  tag[Tags2005_R1_LL1].tag_name 	Tags2005_R1
  tag[Tags2005_R1_LL1].year     	2005
  tag[Tags2006_R1_LL1].area     	R1
  tag[Tags2006_R1_LL1].class_mins	100 150 200 250 300 350 400 450 500 550 600 650 700 750 800 850 900 950 1000 1050 1100 1150 1200 1250 1300 1350 1400 1450 1500 1550 1600 1650 1700 1750 1800 1850 1900 1950 2000 2050
  tag[Tags2006_R1_LL1].mature_only	False
  tag[Tags2006_R1_LL1].mortality	0.1
  tag[Tags2006_R1_LL1].number   	2500
  tag[Tags2006_R1_LL1].ogive    	SelLL
  tag[Tags2006_R1_LL1].plus_group	False
  tag[Tags2006_R1_LL1].props_all	0 0 0 0 0 2e-04 0.0013 0.0058 0.0198 0.0485 0.0873 0.1222 0.1397 0.1351 0.1154 0.0921 0.0705 0.0511 0.0349 0.023 0.0152 0.0104 0.0075 0.0055 0.0041 0.0031 0.0023 0.0017 0.0012 9e-04 6e-04 3e-04 2e-04 1e-04 0 0 0 0 0
  tag[Tags2006_R1_LL1].release_type	deterministic
  tag[Tags2006_R1_LL1].sex      	both
  tag[Tags2006_R1_LL1].step     	1
  tag[Tags2006_R1_LL1].tag_name 	Tags2006_R1
  tag[Tags2006_R1_LL1].year     	2006
  tag[Tags2007_R1_LL1].area     	R1
  tag[Tags2007_R1_LL1].class_mins	100 150 200 250 300 350 400 450 500 550 600 650 700 750 800 850 900 950 1000 1050 1100 1150 1200 1250 1300 1350 1400 1450 1500 1550 1600 1650 1700 1750 1800 1850 1900 1950 2000 2050
  tag[Tags2007_R1_LL1].mature_only	False
  tag[Tags2007_R1_LL1].mortality	0.1
  tag[Tags2007_R1_LL1].number   	2500
  tag[Tags2007_R1_LL1].ogive    	SelLL
  tag[Tags2007_R1_LL1].plus_group	False
  tag[Tags2007_R1_LL1].props_all	0 0 0 0 0 1e-04 0.0011 0.0056 0.0193 0.0485 0.0889 0.124 0.139 0.1322 0.1118 0.0878 0.0669 0.0504 0.0372 0.0265 0.0183 0.0125 0.0087 0.0062 0.0045 0.0032 0.0024 0.0017 0.0012 8e-04 5e-04 3e-04 2e-04 1e-04 0 0 0 0 0
  tag[Tags2007_R1_LL1].release_type	deterministic
  tag[Tags2007_R1_LL1].sex      	both
  tag[Tags2007_R1_LL1].step     	1
  tag[Tags2007_R1_LL1].tag_name 	Tags2007_R1
  tag[Tags2007_R1_LL1].year     	2007
  tag[Tags2008_R1_LL1].area     	R1
  tag[Tags2008_R1_LL1].class_mins	100 150 200 250 300 350 400 450 500 550 600 650 700 750 800 850 900 950 1000 1050 1100 1150 1200 1250 1300 1350 1400 1450 1500 1550 1600 1650 1700 1750 1800 1850 1900 1950 2000 2050
  tag[Tags2008_R1_LL1].mature_only	False
  tag[Tags2008_R1_LL1].mortality	0.1
  tag[Tags2008_R1_LL1].number   	2500
  tag[Tags2008_R1_LL1].ogive    	SelLL
  tag[Tags2008_R1_LL1].plus_group	False
  tag[Tags2008_R1_LL1].props_all	0 0 0 0 0 1e-04 0.0012 0.0062 0.0205 0.0497 0.0924 0.1328 0.1497 0.1384 0.112 0.0842 0.0614 0.0445 0.0322 0.0228 0.0157 0.0106 0.0073 0.0052 0.0038 0.0029 0.0022 0.0016 0.0011 7e-04 4e-04 3e-04 1e-04 1e-04 0 0 0 0 0
  tag[Tags2008_R1_LL1].release_type	deterministic
  tag[Tags2008_R1_LL1].sex      	both
  tag[Tags2008_R1_LL1].step     	1
  tag[Tags2008_R1_LL1].tag_name 	Tags2008_R1
  tag[Tags2008_R1_LL1].year     	2008
  tag[Tags2009_R1_LL1].area     	R1
  tag[Tags2009_R1_LL1].class_mins	100 150 200 250 300 350 400 450 500 550 600 650 700 750 800 850 900 950 1000 1050 1100 1150 1200 1250 1300 1350 1400 1450 1500 1550 1600 1650 1700 1750 1800 1850 1900 1950 2000 2050
  tag[Tags2009_R1_LL1].mature_only	False
  tag[Tags2009_R1_LL1].mortality	0.1
  tag[Tags2009_R1_LL1].number   	2500
  tag[Tags2009_R1_LL1].ogive    	SelLL
  tag[Tags2009_R1_LL1].plus_group	False
  tag[Tags2009_R1_LL1].props_all	0 0 0 0 0 1e-04 0.0012 0.0063 0.0213 0.0502 0.0897 0.1266 0.1435 0.135 0.1117 0.0864 0.065 0.0482 0.0352 0.0253 0.0178 0.0122 0.0082 0.0055 0.0037 0.0025 0.0017 0.0011 7e-04 4e-04 3e-04 1e-04 1e-04 0 0 0 0 0 0
  tag[Tags2009_R1_LL1].release_type	deterministic
  tag[Tags2009_R1_LL1].sex      	both
  tag[Tags2009_R1_LL1].step     	1
  tag[Tags2009_R1_LL1].tag_name 	Tags2009_R1
  tag[Tags2009_R1_LL1].year     	2009
  tag_growth_loss[Tags2005_R1].nogrowth_period	0
  tag_growth_loss[Tags2006_R1].nogrowth_period	0
  tag_growth_loss[Tags2007_R1].nogrowth_period	0
  tag_growth_loss[Tags2008_R1].nogrowth_period	0
  tag_growth_loss[Tags2009_R1].nogrowth_period	0
  tag_loss_props                	1
  tag_names                     	Tags2005_R1 Tags2006_R1 Tags2007_R1 Tags2008_R1 Tags2009_R1
  tag_shedding_rate             	0.0084 0.0084 0.0084 0.0084 0.0084
  y_enter                       	1
Stored as DOUBLEs: 
Stored as VECTORs: 
Stored as OGIVEs: 

Output parameters:
Stored as strings: 
  n_projections                 	100
  numbers_at[Numbers_at_age_R1].area	R1
  numbers_at[Numbers_at_age_R1].proportion_mortality	0.5
  numbers_at[Numbers_at_age_R1].step	1
  numbers_at[Numbers_at_age_R1].years	1990 1991 1992 1993 1994 1995 1996 1997 1998 1999 2000 2001 2002 2003 2004 2005 2006 2007 2008 2009 2010
  print.covariance              	true
  print.estimation_section      	true
  print.final_state             	false
  print.fits                    	true
  print.fits_every_eval         	false
  print.initial_state           	false
  print.normalised_resids       	true
  print.objective_every_eval    	false
  print.parameter_vector_every_eval	false
  print.parameters              	true
  print.parameters_every_eval   	false
  print.pearson_resids          	true
  print.requests                	false
  print.resids                  	true
  print.results                 	false
  print.state_annually          	false
  print.state_every_step        	false
  print.unused_parameters       	true
  print.yields                  	true
  quantities.B0                 	true
  quantities.R0                 	true
  quantities.SSBs               	true
  quantities.YCS                	true
  quantities.actual_catches     	false
  quantities.all_free_parameters	true
  quantities.fishing_pressures  	true
  quantities.nuisance_qs        	true
  quantities.recruitments       	true
  quantities.true_YCS           	true
Stored as DOUBLEs: 
Stored as VECTORs: 
Stored as OGIVEs: 

A fish of size 500 cm has a weight of 1.16755 kg in your model. This size-weight scale check assumes that the growth curve is in centimetres, and that the catch is in tonnes.

A fish of size 500 cm has a weight of 1.16755 kg in your model. This size-weight scale check assumes that the growth curve is in centimetres, and that the catch is in tonnes.

Estimation section :

Objective function: Bayes

Minimiser convergence threshold: 0.001


Observations:

The observations are:
LL1_catchA
Tags2005_R1_R1
Tags2006_R1_R1
Tags2007_R1_R1
Tags2008_R1_R1
Tags2009_R1_R1
Fits follow:

LL1_catchA :
catch proportions-at-age for fishery LL1  with ageing error (constrained to sum to 1):
obs (last class is a plus group):
class 1       2       3       4       5       6       7       8       9       10      11      12      13      14      15      16      17      18      19      20      21      22      23      24      25      26      27      28      29      30      
2000 0       0       0.01    0       0       0.02    0.04    0.16    0.15    0.11    0.13    0.13    0.05    0.06    0.04    0.02    0.03    0.01    0       0.01    0.01    0       0       0       0.01    0.01    0       0       0       0       
2001 0       0       0       0       0       0.02    0.09    0.12    0.15    0.16    0.12    0.11    0.09    0.02    0.05    0.02    0       0.01    0.02    0       0       0.01    0       0       0       0       0       0       0       0.01    
2002 0       0       0       0       0       0       0.02    0.11    0.2     0.2     0.1     0.09    0.09    0.02    0.05    0.03    0.02    0.01    0.03    0.03    0       0       0       0       0       0       0       0       0       0       
2003 0       0       0       0       0.01    0.01    0.08    0.17    0.12    0.17    0.17    0.04    0.04    0.07    0.04    0.02    0.01    0.01    0.02    0.02    0       0       0       0       0       0       0       0       0       0       
2004 0       0       0       0.01    0       0.02    0.07    0.14    0.13    0.24    0.1     0.08    0.05    0.03    0.02    0.02    0.02    0.02    0       0.01    0       0.01    0.02    0       0       0.01    0       0       0       0       
2005 0       0       0       0.01    0.01    0.03    0.02    0.14    0.15    0.06    0.17    0.15    0.06    0.06    0.05    0.03    0       0.02    0       0.02    0       0       0       0.01    0       0       0.01    0       0       0       
2006 0       0       0       0       0.01    0.03    0.16    0.12    0.18    0.18    0.09    0.06    0.06    0.02    0.01    0.03    0.01    0.01    0.01    0.01    0       0       0.01    0       0       0       0       0       0       0       
2007 0       0       0       0       0.01    0.02    0.09    0.15    0.13    0.18    0.14    0.07    0.04    0.04    0.03    0.04    0.02    0.01    0.01    0.01    0       0       0       0       0       0       0       0       0       0.01    
2008 0       0       0       0       0.01    0.02    0.11    0.11    0.2     0.11    0.12    0.08    0.09    0.03    0.04    0.03    0.04    0       0       0       0       0       0       0       0       0       0.01    0       0       0       
2009 0       0       0       0.01    0.02    0.03    0.05    0.09    0.18    0.09    0.14    0.09    0.03    0.08    0.04    0.03    0.06    0.03    0       0.02    0       0       0       0.01    0       0       0       0       0       0       
2010 0       0       0       0       0.01    0.05    0.03    0.15    0.18    0.12    0.1     0.14    0.06    0.06    0.05    0       0.02    0.02    0.01    0       0       0       0       0       0       0       0       0       0       0       
objective function: multinomial likelihood, with delta = 1e-011, N =
100 100 100 100 100 100 100 100 100 100 100 100 100 100 100 100 100 100 100 100 100 100 100 100 100 100 100 100 100 100 
100 100 100 100 100 100 100 100 100 100 100 100 100 100 100 100 100 100 100 100 100 100 100 100 100 100 100 100 100 100 
100 100 100 100 100 100 100 100 100 100 100 100 100 100 100 100 100 100 100 100 100 100 100 100 100 100 100 100 100 100 
100 100 100 100 100 100 100 100 100 100 100 100 100 100 100 100 100 100 100 100 100 100 100 100 100 100 100 100 100 100 
100 100 100 100 100 100 100 100 100 100 100 100 100 100 100 100 100 100 100 100 100 100 100 100 100 100 100 100 100 100 
100 100 100 100 100 100 100 100 100 100 100 100 100 100 100 100 100 100 100 100 100 100 100 100 100 100 100 100 100 100 
100 100 100 100 100 100 100 100 100 100 100 100 100 100 100 100 100 100 100 100 100 100 100 100 100 100 100 100 100 100 
100 100 100 100 100 100 100 100 100 100 100 100 100 100 100 100 100 100 100 100 100 100 100 100 100 100 100 100 100 100 
100 100 100 100 100 100 100 100 100 100 100 100 100 100 100 100 100 100 100 100 100 100 100 100 100 100 100 100 100 100 
100 100 100 100 100 100 100 100 100 100 100 100 100 100 100 100 100 100 100 100 100 100 100 100 100 100 100 100 100 100 
100 100 100 100 100 100 100 100 100 100 100 100 100 100 100 100 100 100 100 100 100 100 100 100 100 100 100 100 100 100 

Tags2005_R1_R1 :
tag-recapture data for tag Tags2005_R1 in years 2006 2007 2008 2009 2010 , step 1, after proportion 0.5 of mortality, with sampling method size, detection probability 1.
Year 2006
class scanned recaptured
100 0 0
150 0 0
200 0 0
250 2 0
300 28 0
350 320 0
400 2302 0
450 11502 0
500 39770 1
550 96806 1
600 173902 1
650 243624 12
700 277690 27
750 266092 25
800 224820 25
850 178122 20
900 136978 15
950 101584 15
1000 71958 8
1050 49292 7
1100 33518 0
1150 23134 0
1200 16316 0
1250 11662 0
1300 8346 0
1350 5944 0
1400 4222 0
1450 2988 0
1500 2086 0
1550 1406 0
1600 896 0
1650 530 0
1700 286 0
1750 140 0
1800 62 0
1850 24 0
1900 8 0
1950 2 0
2000 0 0


Year 2007
class scanned recaptured
100 0 0
150 0 0
200 0 0
250 2 0
300 28 0
350 344 0
400 2442 0
450 11568 0
500 39724 0
550 99366 0
600 181960 1
650 252416 6
700 280488 11
750 265182 20
800 224010 23
850 176300 22
900 134278 9
950 100438 9
1000 72920 8
1050 50898 8
1100 34514 4
1150 23278 0
1200 15942 2
1250 11162 1
1300 7944 1
1350 5686 0
1400 4062 0
1450 2880 1
1500 2006 0
1550 1350 0
1600 862 0
1650 512 0
1700 278 0
1750 138 0
1800 62 0
1850 24 0
1900 8 0
1950 2 0
2000 0 0


Year 2008
class scanned recaptured
100 0 0
150 0 0
200 0 0
250 2 0
300 28 0
350 344 0
400 2602 0
450 12332 0
500 40170 0
550 97884 0
600 182308 0
650 260086 4
700 291620 8
750 271378 12
800 224512 17
850 174626 20
900 131756 18
950 97934 12
1000 71728 5
1050 51120 6
1100 35200 4
1150 23658 2
1200 15864 2
1250 10828 1
1300 7580 0
1350 5410 0
1400 3886 0
1450 2772 0
1500 1934 0
1550 1300 0
1600 826 0
1650 490 0
1700 266 0
1750 132 0
1800 58 0
1850 24 0
1900 8 0
1950 2 0
2000 0 0


Year 2009
class scanned recaptured
100 0 0
150 0 0
200 0 0
250 2 0
300 28 0
350 338 0
400 2596 0
450 13080 0
500 43468 0
550 101422 0
600 180382 1
650 255904 1
700 293398 1
750 278302 7
800 229716 12
850 175798 15
900 130724 11
950 96182 11
1000 70174 11
1050 50456 5
1100 35360 2
1150 24054 1
1200 16060 3
1250 10754 1
1300 7362 0
1350 5182 0
1400 3714 0
1450 2662 0
1500 1866 0
1550 1256 0
1600 798 0
1650 470 0
1700 254 0
1750 126 0
1800 56 0
1850 22 0
1900 8 0
1950 2 0
2000 0 0


Year 2010
class scanned recaptured
100 0 0
150 0 0
200 0 0
250 2 0
300 30 0
350 342 0
400 2546 0
450 12914 0
500 45438 0
550 110634 0
600 193100 0
650 259840 2
700 288924 0
750 275666 4
800 231594 6
850 178066 4
900 131090 7
950 95240 4
1000 68874 11
1050 49434 4
1100 34952 3
1150 24134 3
1200 16262 1
1250 10830 2
1300 7284 0
1350 5028 0
1400 3564 0
1450 2550 0
1500 1794 0
1550 1212 0
1600 770 0
1650 454 0
1700 246 0
1750 120 0
1800 54 0
1850 22 0
1900 8 0
1950 2 0
2000 0 0


Tags2006_R1_R1 :
tag-recapture data for tag Tags2006_R1 in years 2007 2008 2009 2010 , step 1, after proportion 0.5 of mortality, with sampling method size, detection probability 1.
Year 2007
class scanned recaptured
100 0 0
150 0 0
200 0 0
250 2 0
300 28 0
350 344 0
400 2442 0
450 11568 0
500 39724 0
550 99366 0
600 181960 4
650 252416 15
700 280488 22
750 265182 23
800 224010 29
850 176300 16
900 134278 19
950 100438 14
1000 72920 10
1050 50898 4
1100 34514 2
1150 23278 2
1200 15942 1
1250 11162 0
1300 7944 0
1350 5686 0
1400 4062 0
1450 2880 0
1500 2006 0
1550 1350 0
1600 862 0
1650 512 0
1700 278 0
1750 138 0
1800 62 0
1850 24 0
1900 8 0
1950 2 0
2000 0 0


Year 2008
class scanned recaptured
100 0 0
150 0 0
200 0 0
250 2 0
300 28 0
350 344 0
400 2602 0
450 12332 0
500 40170 0
550 97884 1
600 182308 0
650 260086 6
700 291620 12
750 271378 19
800 224512 12
850 174626 17
900 131756 25
950 97934 13
1000 71728 11
1050 51120 7
1100 35200 4
1150 23658 1
1200 15864 2
1250 10828 0
1300 7580 0
1350 5410 0
1400 3886 0
1450 2772 0
1500 1934 0
1550 1300 0
1600 826 0
1650 490 0
1700 266 0
1750 132 0
1800 58 0
1850 24 0
1900 8 0
1950 2 0
2000 0 0


Year 2009
class scanned recaptured
100 0 0
150 0 0
200 0 0
250 2 0
300 28 0
350 338 0
400 2596 0
450 13080 0
500 43468 0
550 101422 1
600 180382 2
650 255904 3
700 293398 4
750 278302 13
800 229716 16
850 175798 15
900 130724 20
950 96182 21
1000 70174 10
1050 50456 10
1100 35360 3
1150 24054 4
1200 16060 1
1250 10754 2
1300 7362 1
1350 5182 0
1400 3714 0
1450 2662 0
1500 1866 0
1550 1256 0
1600 798 0
1650 470 0
1700 254 0
1750 126 0
1800 56 0
1850 22 0
1900 8 0
1950 2 0
2000 0 0


Year 2010
class scanned recaptured
100 0 0
150 0 0
200 0 0
250 2 0
300 30 0
350 342 0
400 2546 0
450 12914 0
500 45438 0
550 110634 0
600 193100 0
650 259840 1
700 288924 4
750 275666 4
800 231594 8
850 178066 13
900 131090 13
950 95240 12
1000 68874 12
1050 49434 8
1100 34952 4
1150 24134 3
1200 16262 1
1250 10830 1
1300 7284 1
1350 5028 0
1400 3564 0
1450 2550 0
1500 1794 0
1550 1212 0
1600 770 0
1650 454 0
1700 246 0
1750 120 0
1800 54 0
1850 22 0
1900 8 0
1950 2 0
2000 0 0


Tags2007_R1_R1 :
tag-recapture data for tag Tags2007_R1 in years 2008 2009 2010 , step 1, after proportion 0.5 of mortality, with sampling method size, detection probability 1.
Year 2008
class scanned recaptured
100 0 0
150 0 0
200 0 0
250 2 0
300 28 0
350 344 0
400 2602 0
450 12332 0
500 40170 0
550 97884 0
600 182308 5
650 260086 10
700 291620 16
750 271378 21
800 224512 23
850 174626 23
900 131756 9
950 97934 17
1000 71728 9
1050 51120 4
1100 35200 5
1150 23658 3
1200 15864 0
1250 10828 0
1300 7580 0
1350 5410 0
1400 3886 0
1450 2772 0
1500 1934 0
1550 1300 0
1600 826 0
1650 490 0
1700 266 0
1750 132 0
1800 58 0
1850 24 0
1900 8 0
1950 2 0
2000 0 0


Year 2009
class scanned recaptured
100 0 0
150 0 0
200 0 0
250 2 0
300 28 0
350 338 0
400 2596 0
450 13080 0
500 43468 0
550 101422 0
600 180382 0
650 255904 5
700 293398 8
750 278302 10
800 229716 22
850 175798 24
900 130724 19
950 96182 12
1000 70174 7
1050 50456 6
1100 35360 3
1150 24054 3
1200 16060 2
1250 10754 0
1300 7362 0
1350 5182 0
1400 3714 0
1450 2662 0
1500 1866 0
1550 1256 0
1600 798 0
1650 470 0
1700 254 0
1750 126 0
1800 56 0
1850 22 0
1900 8 0
1950 2 0
2000 0 0


Year 2010
class scanned recaptured
100 0 0
150 0 0
200 0 0
250 2 0
300 30 0
350 342 0
400 2546 0
450 12914 0
500 45438 0
550 110634 0
600 193100 0
650 259840 1
700 288924 8
750 275666 17
800 231594 19
850 178066 11
900 131090 16
950 95240 11
1000 68874 8
1050 49434 8
1100 34952 5
1150 24134 6
1200 16262 1
1250 10830 0
1300 7284 0
1350 5028 0
1400 3564 1
1450 2550 0
1500 1794 0
1550 1212 0
1600 770 0
1650 454 0
1700 246 0
1750 120 0
1800 54 0
1850 22 0
1900 8 0
1950 2 0
2000 0 0


Tags2008_R1_R1 :
tag-recapture data for tag Tags2008_R1 in years 2009 2010 , step 1, after proportion 0.5 of mortality, with sampling method size, detection probability 1.
Year 2009
class scanned recaptured
100 0 0
150 0 0
200 0 0
250 2 0
300 28 0
350 338 0
400 2596 0
450 13080 0
500 43468 0
550 101422 1
600 180382 3
650 255904 4
700 293398 18
750 278302 30
800 229716 25
850 175798 31
900 130724 19
950 96182 14
1000 70174 4
1050 50456 7
1100 35360 2
1150 24054 2
1200 16060 2
1250 10754 1
1300 7362 0
1350 5182 0
1400 3714 0
1450 2662 0
1500 1866 0
1550 1256 0
1600 798 0
1650 470 0
1700 254 0
1750 126 0
1800 56 0
1850 22 0
1900 8 0
1950 2 0
2000 0 0


Year 2010
class scanned recaptured
100 0 0
150 0 0
200 0 0
250 2 0
300 30 0
350 342 0
400 2546 0
450 12914 0
500 45438 0
550 110634 1
600 193100 2
650 259840 5
700 288924 9
750 275666 19
800 231594 26
850 178066 16
900 131090 7
950 95240 16
1000 68874 13
1050 49434 6
1100 34952 1
1150 24134 2
1200 16262 0
1250 10830 0
1300 7284 1
1350 5028 0
1400 3564 0
1450 2550 0
1500 1794 1
1550 1212 0
1600 770 0
1650 454 0
1700 246 0
1750 120 0
1800 54 0
1850 22 0
1900 8 0
1950 2 0
2000 0 0


Tags2009_R1_R1 :
tag-recapture data for tag Tags2009_R1 in years 2010 , step 1, after proportion 0.5 of mortality, with sampling method size, detection probability 1.
Year 2010
class scanned recaptured
100 0 0
150 0 0
200 0 0
250 2 0
300 30 0
350 342 0
400 2546 0
450 12914 0
500 45438 0
550 110634 0
600 193100 6
650 259840 8
700 288924 21
750 275666 26
800 231594 29
850 178066 27
900 131090 22
950 95240 8
1000 68874 8
1050 49434 7
1100 34952 4
1150 24134 2
1200 16262 1
1250 10830 0
1300 7284 1
1350 5028 0
1400 3564 0
1450 2550 0
1500 1794 0
1550 1212 0
1600 770 0
1650 454 0
1700 246 0
1750 120 0
1800 54 0
1850 22 0
1900 8 0
1950 2 0
2000 0 0



Ageing_error:
  Misclassification matrix:
1 0 0 0 0 0 0 0 0 0 0 0 0 0 0 0 0 0 0 0 0 0 0 0 0 0 0 0 0 0 
0 1 0 0 0 0 0 0 0 0 0 0 0 0 0 0 0 0 0 0 0 0 0 0 0 0 0 0 0 0 
0 0 1 0 0 0 0 0 0 0 0 0 0 0 0 0 0 0 0 0 0 0 0 0 0 0 0 0 0 0 
0 0 0 1 0 0 0 0 0 0 0 0 0 0 0 0 0 0 0 0 0 0 0 0 0 0 0 0 0 0 
0 0 0 0 1 0 0 0 0 0 0 0 0 0 0 0 0 0 0 0 0 0 0 0 0 0 0 0 0 0 
0 0 0 0 0 1 0 0 0 0 0 0 0 0 0 0 0 0 0 0 0 0 0 0 0 0 0 0 0 0 
0 0 0 0 0 0 1 0 0 0 0 0 0 0 0 0 0 0 0 0 0 0 0 0 0 0 0 0 0 0 
0 0 0 0 0 0 0 1 0 0 0 0 0 0 0 0 0 0 0 0 0 0 0 0 0 0 0 0 0 0 
0 0 0 0 0 0 0 0 1 0 0 0 0 0 0 0 0 0 0 0 0 0 0 0 0 0 0 0 0 0 
0 0 0 0 0 0 0 0 0 1 0 0 0 0 0 0 0 0 0 0 0 0 0 0 0 0 0 0 0 0 
0 0 0 0 0 0 0 0 0 0 1 0 0 0 0 0 0 0 0 0 0 0 0 0 0 0 0 0 0 0 
0 0 0 0 0 0 0 0 0 0 0 1 0 0 0 0 0 0 0 0 0 0 0 0 0 0 0 0 0 0 
0 0 0 0 0 0 0 0 0 0 0 0 1 0 0 0 0 0 0 0 0 0 0 0 0 0 0 0 0 0 
0 0 0 0 0 0 0 0 0 0 0 0 0 1 0 0 0 0 0 0 0 0 0 0 0 0 0 0 0 0 
0 0 0 0 0 0 0 0 0 0 0 0 0 0 1 0 0 0 0 0 0 0 0 0 0 0 0 0 0 0 
0 0 0 0 0 0 0 0 0 0 0 0 0 0 0 1 0 0 0 0 0 0 0 0 0 0 0 0 0 0 
0 0 0 0 0 0 0 0 0 0 0 0 0 0 0 0 1 0 0 0 0 0 0 0 0 0 0 0 0 0 
0 0 0 0 0 0 0 0 0 0 0 0 0 0 0 0 0 1 0 0 0 0 0 0 0 0 0 0 0 0 
0 0 0 0 0 0 0 0 0 0 0 0 0 0 0 0 0 0 1 0 0 0 0 0 0 0 0 0 0 0 
0 0 0 0 0 0 0 0 0 0 0 0 0 0 0 0 0 0 0 1 0 0 0 0 0 0 0 0 0 0 
0 0 0 0 0 0 0 0 0 0 0 0 0 0 0 0 0 0 0 0 1 0 0 0 0 0 0 0 0 0 
0 0 0 0 0 0 0 0 0 0 0 0 0 0 0 0 0 0 0 0 0 1 0 0 0 0 0 0 0 0 
0 0 0 0 0 0 0 0 0 0 0 0 0 0 0 0 0 0 0 0 0 0 1 0 0 0 0 0 0 0 
0 0 0 0 0 0 0 0 0 0 0 0 0 0 0 0 0 0 0 0 0 0 0 1 0 0 0 0 0 0 
0 0 0 0 0 0 0 0 0 0 0 0 0 0 0 0 0 0 0 0 0 0 0 0 1 0 0 0 0 0 
0 0 0 0 0 0 0 0 0 0 0 0 0 0 0 0 0 0 0 0 0 0 0 0 0 1 0 0 0 0 
0 0 0 0 0 0 0 0 0 0 0 0 0 0 0 0 0 0 0 0 0 0 0 0 0 0 1 0 0 0 
0 0 0 0 0 0 0 0 0 0 0 0 0 0 0 0 0 0 0 0 0 0 0 0 0 0 0 1 0 0 
0 0 0 0 0 0 0 0 0 0 0 0 0 0 0 0 0 0 0 0 0 0 0 0 0 0 0 0 1 0 
0 0 0 0 0 0 0 0 0 0 0 0 0 0 0 0 0 0 0 0 0 0 0 0 0 0 0 0 0 1 

Free parameters:

initialization.B0
uniform: bounds from 5000 to 500000
current value: 448262
lower bound: 5000
upper bound: 500000


Q's:
qs are nuisance parameters

Penalties:
LL1_Penalty :
Catch limit penalty of 1000 x the sum of squares of (log(actual catch) - log(specified catch)) for fishery LL1 to disencourage breaking exploitation rate limits
LL2_Penalty :
Catch limit penalty of 1000 x the sum of squares of (log(actual catch) - log(specified catch)) for fishery LL2 to disencourage breaking exploitation rate limits
meanYCS_1 :
Vector average penalty of 100 x square of (mean(recruitment.YCS) - 1) 
Penalty_Tags2005_R1_LL1 :
'Fish-must-be-tagged' penalty of 1 x square of (actual number of tagged fish - nominal number of tagged fish) for tagging episode Tags2005_R1_LL1
Penalty_Tags2006_R1_LL1 :
'Fish-must-be-tagged' penalty of 1 x square of (actual number of tagged fish - nominal number of tagged fish) for tagging episode Tags2006_R1_LL1
Penalty_Tags2007_R1_LL1 :
'Fish-must-be-tagged' penalty of 1 x square of (actual number of tagged fish - nominal number of tagged fish) for tagging episode Tags2007_R1_LL1
Penalty_Tags2008_R1_LL1 :
'Fish-must-be-tagged' penalty of 1 x square of (actual number of tagged fish - nominal number of tagged fish) for tagging episode Tags2008_R1_LL1
Penalty_Tags2009_R1_LL1 :
'Fish-must-be-tagged' penalty of 1 x square of (actual number of tagged fish - nominal number of tagged fish) for tagging episode Tags2009_R1_LL1

Components of the objective function are:
  LL1_catchA
  Tags2005_R1_R1
  Tags2006_R1_R1
  Tags2007_R1_R1
  Tags2008_R1_R1
  Tags2009_R1_R1
  prior_on_initialization.B0
  LL1_Penalty
  LL2_Penalty
  meanYCS_1
  Penalty_Tags2005_R1_LL1
  Penalty_Tags2006_R1_LL1
  Penalty_Tags2007_R1_LL1
  Penalty_Tags2008_R1_LL1
  Penalty_Tags2009_R1_LL1

Random number seed : 73745


Minimiser achieved convergence after 6 quasi-Newton iterations using 8 objective function evaluations



Approximate Covariance matrix (Inverse Hessian of parameters at point estimate):
1.03311e+007 

Correlation matrix:
1 

List of parameter names, in the same order as the rows & cols of the covariance/correlation matrices:
initialization.B0 



Start extracting output from here

Point estimate:
initialization.B0
current value: 260331
lower bound: 5000
upper bound: 500000


In a format suitable for -i :

initialization.B0 
260331 

Objective function : 877.271

Components :
LL1_catchA                                         385.078
Tags2005_R1_R1                                     156.708
Tags2006_R1_R1                                     129.426
Tags2007_R1_R1                                     97.6619
Tags2008_R1_R1                                     75.6848
Tags2009_R1_R1                                     32.7117
prior_on_initialization.B0                         0
LL1_Penalty                                        0
LL2_Penalty                                        0
meanYCS_1                                          0
Penalty_Tags2005_R1_LL1                            8.27181e-025
Penalty_Tags2006_R1_LL1                            8.27181e-025
Penalty_Tags2007_R1_LL1                            0
Penalty_Tags2008_R1_LL1                            8.27181e-025
Penalty_Tags2009_R1_LL1                            2.06795e-025

Fits : 

The observations are:
LL1_catchA
Tags2005_R1_R1
Tags2006_R1_R1
Tags2007_R1_R1
Tags2008_R1_R1
Tags2009_R1_R1
Fits follow:

LL1_catchA :
catch proportions-at-age for fishery LL1  with ageing error (constrained to sum to 1):
obs (last class is a plus group):
class 1       2       3       4       5       6       7       8       9       10      11      12      13      14      15      16      17      18      19      20      21      22      23      24      25      26      27      28      29      30      
2000 0       0       0.01    0       0       0.02    0.04    0.16    0.15    0.11    0.13    0.13    0.05    0.06    0.04    0.02    0.03    0.01    0       0.01    0.01    0       0       0       0.01    0.01    0       0       0       0       
2001 0       0       0       0       0       0.02    0.09    0.12    0.15    0.16    0.12    0.11    0.09    0.02    0.05    0.02    0       0.01    0.02    0       0       0.01    0       0       0       0       0       0       0       0.01    
2002 0       0       0       0       0       0       0.02    0.11    0.2     0.2     0.1     0.09    0.09    0.02    0.05    0.03    0.02    0.01    0.03    0.03    0       0       0       0       0       0       0       0       0       0       
2003 0       0       0       0       0.01    0.01    0.08    0.17    0.12    0.17    0.17    0.04    0.04    0.07    0.04    0.02    0.01    0.01    0.02    0.02    0       0       0       0       0       0       0       0       0       0       
2004 0       0       0       0.01    0       0.02    0.07    0.14    0.13    0.24    0.1     0.08    0.05    0.03    0.02    0.02    0.02    0.02    0       0.01    0       0.01    0.02    0       0       0.01    0       0       0       0       
2005 0       0       0       0.01    0.01    0.03    0.02    0.14    0.15    0.06    0.17    0.15    0.06    0.06    0.05    0.03    0       0.02    0       0.02    0       0       0       0.01    0       0       0.01    0       0       0       
2006 0       0       0       0       0.01    0.03    0.16    0.12    0.18    0.18    0.09    0.06    0.06    0.02    0.01    0.03    0.01    0.01    0.01    0.01    0       0       0.01    0       0       0       0       0       0       0       
2007 0       0       0       0       0.01    0.02    0.09    0.15    0.13    0.18    0.14    0.07    0.04    0.04    0.03    0.04    0.02    0.01    0.01    0.01    0       0       0       0       0       0       0       0       0       0.01    
2008 0       0       0       0       0.01    0.02    0.11    0.11    0.2     0.11    0.12    0.08    0.09    0.03    0.04    0.03    0.04    0       0       0       0       0       0       0       0       0       0.01    0       0       0       
2009 0       0       0       0.01    0.02    0.03    0.05    0.09    0.18    0.09    0.14    0.09    0.03    0.08    0.04    0.03    0.06    0.03    0       0.02    0       0       0       0.01    0       0       0       0       0       0       
2010 0       0       0       0       0.01    0.05    0.03    0.15    0.18    0.12    0.1     0.14    0.06    0.06    0.05    0       0.02    0.02    0.01    0       0       0       0       0       0       0       0       0       0       0       
fits (last class is a plus group):
class 1       2       3       4       5       6       7       8       9       10      11      12      13      14      15      16      17      18      19      20      21      22      23      24      25      26      27      28      29      30      
2000 5.54352e-007 9.10838e-006 0.000105766 0.000867874 0.00503137 0.0205871 0.0592201 0.118546 0.16268 0.151949 0.116629 0.0887505 0.067066 0.0504033 0.0377393 0.028245 0.0212772 0.0162868 0.0127032 0.00995215 0.00772973 0.00594241 0.0045146 0.00338438 0.00250007 0.00181773 0.00129957 0.000912974 0.000629941 0.00321864 
2001 5.59264e-007 9.19351e-006 0.000106812 0.000877002 0.00508764 0.020831 0.0599509 0.119998 0.164458 0.15342 0.117425 0.0889629 0.0669291 0.0500778 0.0373146 0.0277314 0.020618 0.0154381 0.0117496 0.0091124 0.00709731 0.00547823 0.00418327 0.0031549 0.0023462 0.00171811 0.00123748 0.000875852 0.000608751 0.0032019 
2002 5.63571e-007 9.2683e-006 0.000107733 0.000885044 0.00513742 0.0210479 0.0606044 0.121302 0.166049 0.154491 0.118019 0.0891624 0.06679 0.0497597 0.0369205 0.0273122 0.0201692 0.0149093 0.011103 0.0084047 0.00648194 0.00501854 0.00384863 0.00291802 0.00218354 0.00161002 0.00116813 0.000833016 0.000583364 0.00317044 
2003 5.67427e-007 9.33548e-006 0.000108561 0.000892271 0.00518217 0.0212433 0.0611952 0.122482 0.167484 0.155438 0.118347 0.0892424 0.0666684 0.0494618 0.0365489 0.0269287 0.0197994 0.014541 0.0106933 0.00792257 0.00596538 0.00457447 0.00351962 0.00268054 0.00201693 0.00149666 0.00109352 0.000785622 0.000554387 0.00312443 
2004 5.70959e-007 9.39719e-006 0.000109322 0.000898919 0.00522325 0.0214225 0.0617368 0.123562 0.168787 0.156279 0.118616 0.08915 0.0664796 0.0491944 0.036206 0.0265724 0.0194636 0.0142357 0.0104037 0.00761365 0.00561236 0.00420283 0.0032035 0.00244831 0.00185079 0.00138118 0.00101573 0.00073495 0.000522546 0.00306424 
2005 5.74267e-007 9.45514e-006 0.000110039 0.000905173 0.00526183 0.0215902 0.0622419 0.124565 0.169985 0.15703 0.118831 0.0890351 0.0661805 0.0488914 0.0358964 0.0262453 0.0191537 0.0139597 0.0101627 0.00739291 0.00538431 0.00394829 0.00293955 0.00222605 0.00168895 0.00126649 0.000936806 0.00068234 0.000488652 0.00299051 
2006 5.7744e-007 9.5108e-006 0.000110728 0.000911188 0.0052989 0.0217508 0.0627228 0.125513 0.171102 0.157706 0.118997 0.0888966 0.0658782 0.0485178 0.0355688 0.0259486 0.0188698 0.0137059 0.00994534 0.0072088 0.00522015 0.00378291 0.00275851 0.00204081 0.00153452 0.00115509 0.000858635 0.000629113 0.000453564 0.00290422 
2007 5.80541e-007 9.56519e-006 0.000111401 0.000917068 0.00533511 0.0219074 0.0631895 0.126425 0.172159 0.158322 0.11912 0.0887332 0.0655682 0.0481501 0.0351963 0.0256437 0.0186114 0.0134735 0.00974584 0.00704285 0.00508292 0.00366321 0.00264038 0.00191362 0.00140597 0.00104899 0.000782849 0.000576489 0.000418128 0.00280661 
2008 5.83626e-007 9.61925e-006 0.000112069 0.000922901 0.005371 0.0220624 0.06365 0.127317 0.173177 0.15889 0.119204 0.0885439 0.0652461 0.0477821 0.0348325 0.0253099 0.0183497 0.0132611 0.00956292 0.00689063 0.00495926 0.00356296 0.00255455 0.00183039 0.00131765 0.000960749 0.000710766 0.000525534 0.000383135 0.00269922 
2009 5.86742e-007 9.67377e-006 0.000112742 0.000928764 0.00540703 0.0222177 0.0641105 0.128205 0.174176 0.159424 0.119253 0.0883279 0.0649078 0.0474082 0.0344713 0.0249847 0.0180691 0.0130478 0.00939534 0.00675093 0.00484583 0.00347263 0.00248257 0.00176977 0.00125976 0.000900117 0.00065086 0.000477111 0.000349278 0.00258385 
2010 5.89929e-007 9.72945e-006 0.000113428 0.000934728 0.0054436 0.0223751 0.0645759 0.129099 0.17517 0.159936 0.119272 0.0880851 0.0645504 0.0470238 0.0341072 0.0246627 0.0177958 0.0128221 0.00922779 0.00662257 0.0047416 0.00338974 0.00241769 0.00171887 0.00121752 0.000860346 0.000609707 0.000436892 0.000317121 0.00246244 
resids (last class is a plus group):
class 1       2       3       4       5       6       7       8       9       10      11      12      13      14      15      16      17      18      19      20      21      22      23      24      25      26      27      28      29      30      
2000 -5.54352e-007 -9.10838e-006 0.00989423 -0.000867874 -0.00503137 -0.00058706 -0.0192201 0.0414536 -0.01268 -0.0419492 0.0133708 0.0412495 -0.017066 0.00959672 0.00226071 -0.00824498 0.00872284 -0.00628675 -0.0127032 4.78505e-005 0.00227027 -0.00594241 -0.0045146 -0.00338438 0.00749993 0.00818227 -0.00129957 -0.000912974 -0.000629941 -0.00321864 
2001 -5.59264e-007 -9.19351e-006 -0.000106812 -0.000877002 -0.00508764 -0.000830989 0.0300491 1.59044e-006 -0.0144576 0.00657987 0.00257507 0.0210371 0.0230709 -0.0300778 0.0126854 -0.00773136 -0.020618 -0.00543813 0.00825036 -0.0091124 -0.00709731 0.00452177 -0.00418327 -0.0031549 -0.0023462 -0.00171811 -0.00123748 -0.000875852 -0.000608751 0.0067981 
2002 -5.63571e-007 -9.2683e-006 -0.000107733 -0.000885044 -0.00513742 -0.0210479 -0.0406044 -0.0113019 0.0339509 0.0455089 -0.0180188 0.000837594 0.02321 -0.0297597 0.0130795 0.00268778 -0.000169167 -0.00490933 0.018897 0.0215953 -0.00648194 -0.00501854 -0.00384863 -0.00291802 -0.00218354 -0.00161002 -0.00116813 -0.000833016 -0.000583364 -0.00317044 
2003 -5.67427e-007 -9.33548e-006 -0.000108561 -0.000892271 0.00481783 -0.0112433 0.0188048 0.0475181 -0.0474836 0.0145623 0.0516527 -0.0492424 -0.0266684 0.0205382 0.00345107 -0.00692875 -0.00979937 -0.00454096 0.00930666 0.0120774 -0.00596538 -0.00457447 -0.00351962 -0.00268054 -0.00201693 -0.00149666 -0.00109352 -0.000785622 -0.000554387 -0.00312443 
2004 -5.70959e-007 -9.39719e-006 -0.000109322 0.00910108 -0.00522325 -0.00142253 0.0082632 0.0164378 -0.0387874 0.0837214 -0.0186157 -0.00914996 -0.0164796 -0.0191944 -0.016206 -0.00657241 0.000536447 0.00576427 -0.0104037 0.00238635 -0.00561236 0.00579717 0.0167965 -0.00244831 -0.00185079 0.00861882 -0.00101573 -0.00073495 -0.000522546 -0.00306424 
2005 -5.74267e-007 -9.45514e-006 -0.000110039 0.00909483 0.00473817 0.00840976 -0.0422419 0.0154348 -0.0199854 -0.0970297 0.0511692 0.0609649 -0.0061805 0.0111086 0.0141036 0.00375468 -0.0191537 0.0060403 -0.0101627 0.0126071 -0.00538431 -0.00394829 -0.00293955 0.00777395 -0.00168895 -0.00126649 0.00906319 -0.00068234 -0.000488652 -0.00299051 
2006 -5.7744e-007 -9.5108e-006 -0.000110728 -0.000911188 0.0047011 0.00824915 0.0972772 -0.00551294 0.00889802 0.0222941 -0.0289973 -0.0288966 -0.00587815 -0.0285178 -0.0255688 0.00405141 -0.00886982 -0.00370595 5.4656e-005 0.0027912 -0.00522015 -0.00378291 0.00724149 -0.00204081 -0.00153452 -0.00115509 -0.000858635 -0.000629113 -0.000453564 -0.00290422 
2007 -5.80541e-007 -9.56519e-006 -0.000111401 -0.000917068 0.00466489 -0.00190741 0.0268105 0.0235755 -0.0421589 0.0216784 0.02088 -0.0187332 -0.0255682 -0.00815006 -0.00519634 0.0143563 0.00138862 -0.00347347 0.000254156 0.00295715 -0.00508292 -0.00366321 -0.00264038 -0.00191362 -0.00140597 -0.00104899 -0.000782849 -0.000576489 -0.000418128 0.00719339 
2008 -5.83626e-007 -9.61925e-006 -0.000112069 -0.000922901 0.004629 -0.00206239 0.04635 -0.0173175 0.0268227 -0.0488899 0.000796322 -0.00854387 0.0247539 -0.0177821 0.00516751 0.00469009 0.0216503 -0.0132611 -0.00956292 -0.00689063 -0.00495926 -0.00356296 -0.00255455 -0.00183039 -0.00131765 -0.000960749 0.00928923 -0.000525534 -0.000383135 -0.00269922 
2009 -5.86742e-007 -9.67377e-006 -0.000112742 0.00907124 0.014593 0.00778226 -0.0141105 -0.0382055 0.00582382 -0.069424 0.0207474 0.00167214 -0.0349078 0.0325918 0.00552874 0.00501534 0.0419309 0.0169522 -0.00939534 0.0132491 -0.00484583 -0.00347263 -0.00248257 0.00823023 -0.00125976 -0.000900117 -0.00065086 -0.000477111 -0.000349278 -0.00258385 
2010 -5.89929e-007 -9.72945e-006 -0.000113428 -0.000934728 0.0045564 0.0276249 -0.0345759 0.0209008 0.00482972 -0.0399359 -0.0192722 0.0519149 -0.00455038 0.0129762 0.0158928 -0.0246627 0.00220417 0.00717794 0.000772215 -0.00662257 -0.0047416 -0.00338974 -0.00241769 -0.00171887 -0.00121752 -0.000860346 -0.000609707 -0.000436892 -0.000317121 -0.00246244 
pearson_resids (last class is a plus group):
class 1       2       3       4       5       6       7       8       9       10      11      12      13      14      15      16      17      18      19      20      21      22      23      24      25      26      27      28      29      30      
2000 -0.00744548 -0.0301802 9.62129 -0.294725 -0.711113 -0.0413431 -0.814285 1.28238 -0.343563 -1.16859 0.416563 1.45049 -0.68227 0.438656 0.118632 -0.497669 0.604465 -0.496678 -1.13431 0.00482059 0.259226 -0.773171 -0.67343 -0.582742 1.50184 1.9209  -0.36073 -0.302293 -0.251065 -0.568246 
2001 -0.0074784 -0.0303209 -0.103356 -0.296272 -0.715099 -0.058185 1.26578 4.89426e-005 -0.390018 0.182575 0.0799894 0.738948 0.923207 -1.37905 0.669306 -0.470844 -1.45093 -0.441094 0.765645 -0.958968 -0.845461 0.612607 -0.648139 -0.562573 -0.484945 -0.414858 -0.351997 -0.296078 -0.246804 1.20332 
2002 -0.00750714 -0.030444 -0.1038 -0.297629 -0.718606 -1.4663 -1.70176 -0.346177 0.912352 1.25917 -0.558498 0.0293915 0.929671 -1.36859 0.69363 0.164903 -0.0120336 -0.405093 1.80343 2.36554 -0.807727 -0.710201 -0.62157 -0.540977 -0.467795 -0.401573 -0.341979 -0.28874 -0.2416 -0.563962 
2003 -0.00753278 -0.0305542 -0.104198 -0.298842 0.671002 -0.779734 0.784553 1.44942 -1.27163 0.401915 1.59906 -1.72724 -1.0691 0.947204 0.183909 -0.42803 -0.703421 -0.379343 0.90484 1.36229 -0.774673 -0.6779 -0.59431 -0.518435 -0.449556 -0.387157 -0.330865 -0.2804 -0.23552 -0.559841 
2004 -0.00755618 -0.030655 -0.104563 3.03688 -0.724615 -0.0982487 0.343332 0.499506 -1.03553 2.30562 -0.575738 -0.321096 -0.661518 -0.887503 -0.867549 -0.408656 0.0388315 0.486595 -1.02533 0.274535 -0.751268 0.896106 2.97237 -0.49541 -0.430606 2.32071 -0.318867 -0.271199 -0.228652 -0.554406 
2005 -0.00757804 -0.0307494 -0.104905 3.0243  0.654919 0.578622 -1.74846 0.467402 -0.532065 -2.66691 1.5813  2.14067 -0.248615 0.515145 0.758131 0.234867 -1.39742 0.514841 -1.01327 1.4717  -0.735762 -0.629599 -0.542975 1.64952 -0.411316 -0.356103 2.96251 -0.261305 -0.221109 -0.547675 
2006 -0.00759895 -0.0308397 -0.105233 -0.301997 0.647531 0.565518 4.01203 -0.166403 0.236274 0.611695 -0.895571 -1.01536 -0.236956 -1.32729 -1.38051 0.254835 -0.65188 -0.318743 0.00550806 0.329936 -0.724399 -0.61622 1.38067 -0.452215 -0.392031 -0.340062 -0.293151 -0.2509 -0.213019 -0.539693 
2007 -0.00761933 -0.0309278 -0.105552 -0.30297 0.640371 -0.130304 1.10193 0.709405 -1.11674 0.593861 0.644585 -0.658789 -1.03295 -0.380696 -0.281987 0.908221 0.102748 -0.30128 0.0258712 0.353617 -0.714765 -0.606357 -0.514526 -0.437869 -0.375226 -0.324051 -0.279904 -0.240171 -0.204525 1.35973 
2008 -0.00763954 -0.0310151 -0.105869 -0.303933 0.633329 -0.140407 1.89859 -0.519533 0.708843 -1.33735 0.0245757 -0.300751 1.00235 -0.833647 0.28183 0.298609 1.61314 -1.15928 -0.982612 -0.832973 -0.705973 -0.597972 -0.506073 -0.428223 -0.363234 -0.310108 3.48555 -0.229305 -0.195776 -0.520243 
2009 -0.00765991 -0.0311028 -0.106186 2.97794 1.98995 0.528001 -0.576055 -1.14279 0.153557 -1.89646 0.640182 0.0589257 -1.41692 1.53365 0.303051 0.321335 3.14793 1.49385 -0.973881 1.61799 -0.697813 -0.590316 -0.498874 1.95812 -0.355154 -0.300155 -0.255203 -0.218481 -0.186922 -0.508974 
2010 -0.00768069 -0.0311922 -0.106509 -0.305876 0.619246 1.8678  -1.40681 0.623329 0.12706 -1.08952 -0.594622 1.83174 -0.185178 0.612981 0.875617 -1.59017 0.166719 0.638004 0.0807611 -0.8165 -0.690231 -0.583204 -0.492296 -0.41495 -0.349143 -0.293443 -0.246998 -0.209065 -0.178107 -0.496842 
objective function: multinomial likelihood, with delta = 1e-011, N =
100 100 100 100 100 100 100 100 100 100 100 100 100 100 100 100 100 100 100 100 100 100 100 100 100 100 100 100 100 100 
100 100 100 100 100 100 100 100 100 100 100 100 100 100 100 100 100 100 100 100 100 100 100 100 100 100 100 100 100 100 
100 100 100 100 100 100 100 100 100 100 100 100 100 100 100 100 100 100 100 100 100 100 100 100 100 100 100 100 100 100 
100 100 100 100 100 100 100 100 100 100 100 100 100 100 100 100 100 100 100 100 100 100 100 100 100 100 100 100 100 100 
100 100 100 100 100 100 100 100 100 100 100 100 100 100 100 100 100 100 100 100 100 100 100 100 100 100 100 100 100 100 
100 100 100 100 100 100 100 100 100 100 100 100 100 100 100 100 100 100 100 100 100 100 100 100 100 100 100 100 100 100 
100 100 100 100 100 100 100 100 100 100 100 100 100 100 100 100 100 100 100 100 100 100 100 100 100 100 100 100 100 100 
100 100 100 100 100 100 100 100 100 100 100 100 100 100 100 100 100 100 100 100 100 100 100 100 100 100 100 100 100 100 
100 100 100 100 100 100 100 100 100 100 100 100 100 100 100 100 100 100 100 100 100 100 100 100 100 100 100 100 100 100 
100 100 100 100 100 100 100 100 100 100 100 100 100 100 100 100 100 100 100 100 100 100 100 100 100 100 100 100 100 100 
100 100 100 100 100 100 100 100 100 100 100 100 100 100 100 100 100 100 100 100 100 100 100 100 100 100 100 100 100 100 

Tags2005_R1_R1 :
tag-recapture data for tag Tags2005_R1 in years 2006 2007 2008 2009 2010 , step 1, after proportion 0.5 of mortality, with sampling method size, detection probability 1.
Year 2006
class scanned recaptured expected_prop neg_log_likelihood
100 0 0 0 0
150 0 0 1.09648e-012 0
200 0 0 6.55515e-012 0
250 2 0 4.67547e-011 9.35094e-011
300 28 0 6.27492e-010 1.75698e-008
350 320 0 7.7978e-009 2.4953e-006
400 2302 0 7.2642e-008 0.000167222
450 11502 0 4.89354e-007 0.00562855
500 39770 1 2.3308e-006 2.47112
550 96806 1 7.98262e-006 1.03054
600 173902 1 2.0441e-005 2.28647
650 243624 12 4.09094e-005 2.36294
700 277690 27 6.66199e-005 4.27795
750 266092 25 9.15518e-005 2.53997
800 224820 25 0.000110307 2.53246
850 178122 20 0.000121182 2.48061
900 136978 15 0.000125371 2.42216
950 101584 15 0.000124502 2.48484
1000 71958 8 0.000119555 1.99066
1050 49292 7 0.000111057 2.09899
1100 33518 0 9.9451e-005 3.33356
1150 23134 0 8.53627e-005 1.97486
1200 16316 0 6.9977e-005 1.14179
1250 11662 0 5.51199e-005 0.642826
1300 8346 0 4.24637e-005 0.35441
1350 5944 0 3.27549e-005 0.194698
1400 4222 0 2.59633e-005 0.109618
1450 2988 0 2.14439e-005 0.0640752
1500 2086 0 1.84744e-005 0.038538
1550 1406 0 1.65286e-005 0.0232395
1600 896 0 1.52015e-005 0.0136207
1650 530 0 1.4308e-005 0.00758331
1700 286 0 1.37218e-005 0.00392447
1750 140 0 1.33455e-005 0.00186838
1800 62 0 1.31074e-005 0.000812666
1850 24 0 1.2958e-005 0.000310994
1900 8 0 1.28622e-005 0.000102898
1950 2 0 1.27913e-005 2.55827e-005
2000 0 0 1.27141e-005 0

total neg_log_likelihood: 36.8904


Year 2007
class scanned recaptured expected_prop neg_log_likelihood
100 0 0 0 0
150 0 0 3.67229e-015 0
200 0 0 3.73594e-013 0
250 2 0 5.60485e-012 1.12097e-011
300 28 0 1.13826e-010 3.18714e-009
350 344 0 1.54906e-009 5.32875e-007
400 2442 0 1.48669e-008 3.6305e-005
450 11568 0 1.14067e-007 0.00131952
500 39724 0 6.57505e-007 0.0261187
550 99366 0 2.76925e-006 0.27517
600 181960 1 8.70658e-006 1.12414
650 252416 6 2.11829e-005 1.86704
700 280488 11 4.12977e-005 2.14039
750 265182 20 6.64315e-005 2.57538
800 224010 23 9.07743e-005 2.65782
850 176300 22 0.000109095 2.65828
900 134278 9 0.00011963 3.87664
950 100438 9 0.000123357 2.53976
1000 72920 8 0.000121811 2.01438
1050 50898 8 0.000115929 2.30475
1100 34514 4 0.000106191 1.64768
1150 23278 0 9.31051e-005 2.1674
1200 15942 2 7.77939e-005 1.50276
1250 11162 1 6.22109e-005 1.05907
1300 7944 1 4.83864e-005 1.34046
1350 5686 0 3.74507e-005 0.212949
1400 4062 0 2.96338e-005 0.120374
1450 2880 1 2.43523e-005 2.72745
1500 2006 0 2.08369e-005 0.0417992
1550 1350 0 1.85082e-005 0.0249864
1600 862 0 1.68967e-005 0.0145651
1650 512 0 1.57942e-005 0.00808667
1700 278 0 1.50595e-005 0.00418658
1750 138 0 1.45814e-005 0.00201225
1800 62 0 1.42757e-005 0.000885102
1850 24 0 1.40825e-005 0.000337983
1900 8 0 1.39591e-005 0.000111673
1950 2 0 1.38714e-005 2.77429e-005
2000 0 0 1.37829e-005 0

total neg_log_likelihood: 34.9364


Year 2008
class scanned recaptured expected_prop neg_log_likelihood
100 0 0 0 0
150 0 0 0 0
200 0 0 1.07614e-014 0
250 2 0 5.10306e-013 1.02052e-012
300 28 0 1.90235e-011 5.3266e-010
350 344 0 3.42949e-010 1.17974e-007
400 2602 0 3.34417e-009 8.70154e-006
450 12332 0 2.58208e-008 0.000318422
500 40170 0 1.68996e-007 0.00678857
550 97884 0 8.48338e-007 0.0830388
600 182308 0 3.23071e-006 0.588986
650 260086 4 9.51638e-006 2.02804
700 291620 8 2.2264e-005 2.13189
750 271378 12 4.23676e-005 2.17913
800 224512 17 6.70379e-005 2.46151
850 174626 20 9.061e-005 2.92935
900 131756 18 0.000108201 2.8222
950 97934 12 0.000118098 2.17632
1000 71728 5 0.000121111 2.66544
1050 51120 6 0.000118584 1.82895
1100 35200 4 0.000111333 1.63365
1150 23658 2 9.98599e-005 1.33616
1200 15864 2 8.51913e-005 1.44218
1250 10828 1 6.93347e-005 1.03739
1300 7580 0 5.46252e-005 0.414071
1350 5410 0 4.25915e-005 0.230425
1400 3886 0 3.37817e-005 0.131278
1450 2772 0 2.773e-005 0.0768687
1500 1934 0 2.36504e-005 0.0457404
1550 1300 0 2.09232e-005 0.0272005
1600 826 0 1.90166e-005 0.0157078
1650 490 0 1.76987e-005 0.00867246
1700 266 0 1.68124e-005 0.00447212
1750 132 0 1.62308e-005 0.00214248
1800 58 0 1.58567e-005 0.000919695
1850 24 0 1.56194e-005 0.000374867
1900 8 0 1.54678e-005 0.000123743
1950 2 0 1.53616e-005 3.07233e-005
2000 0 0 1.52606e-005 0

total neg_log_likelihood: 28.3094


Year 2009
class scanned recaptured expected_prop neg_log_likelihood
100 0 0 0 0
150 0 0 0 0
200 0 0 3.64897e-017 0
250 2 0 3.1135e-014 6.21725e-014
300 28 0 2.51042e-012 7.02922e-011
350 338 0 7.35553e-011 2.48617e-008
400 2596 0 8.84247e-010 2.29551e-006
450 13080 0 6.17022e-009 8.07065e-005
500 43468 0 4.20681e-008 0.00182862
550 101422 0 2.39214e-007 0.0242616
600 180382 1 1.07554e-006 1.83387
650 255904 1 3.79037e-006 1.00046
700 293398 1 1.0593e-005 1.974
750 278302 7 2.38683e-005 1.91323
800 229716 12 4.41163e-005 2.3304
850 175798 15 6.82659e-005 2.6254
900 130724 11 9.08976e-005 2.15903
950 96182 11 0.000107499 2.14607
1000 70174 11 0.000116472 2.56599
1050 50456 5 0.000118416 1.8245
1100 35360 2 0.000114421 1.94369
1150 24054 1 0.000105219 1.60238
1200 16060 3 9.18188e-005 2.10117
1250 10754 1 7.62264e-005 1.01846
1300 7362 0 6.10125e-005 0.449188
1350 5182 0 4.8092e-005 0.249219
1400 3714 0 3.83762e-005 0.142532
1450 2662 0 3.15756e-005 0.0840555
1500 1866 0 2.69259e-005 0.0502444
1550 1256 0 2.37873e-005 0.0298772
1600 798 0 2.15733e-005 0.0172157
1650 470 0 2.00315e-005 0.00941489
1700 254 0 1.8988e-005 0.00482301
1750 126 0 1.83001e-005 0.00230583
1800 56 0 1.7856e-005 0.000999943
1850 22 0 1.75738e-005 0.000386627
1900 8 0 1.73938e-005 0.000139152
1950 2 0 1.72684e-005 3.45371e-005
2000 0 0 1.71514e-005 0

total neg_log_likelihood: 28.1052


Year 2010
class scanned recaptured expected_prop neg_log_likelihood
100 0 0 0 0
150 0 0 0 0
200 0 0 0 0
250 2 0 9.28409e-016 1.77636e-015
300 30 0 2.37881e-013 7.13762e-012
350 342 0 1.3197e-011 4.51337e-009
400 2546 0 2.61907e-010 6.66816e-007
450 12914 0 1.67075e-009 2.15761e-005
500 45438 0 1.08999e-008 0.000495269
550 110634 0 6.54566e-008 0.00724173
600 193100 0 3.33265e-007 0.0643535
650 259840 2 1.37422e-006 3.10983
700 288924 0 4.53679e-006 1.31079
750 275666 4 1.20412e-005 1.69832
800 231594 6 2.59966e-005 1.82872
850 178066 4 4.64026e-005 2.9938
900 131090 7 6.99601e-005 2.18384
950 95240 4 9.14907e-005 3.2322
1000 68874 11 0.000106859 2.90577
1050 49434 4 0.000114532 1.90487
1100 34952 3 0.000114871 1.63662
1150 24134 3 0.000108741 1.52155
1200 16262 1 9.72995e-005 1.12339
1250 10830 2 8.25821e-005 1.81076
1300 7284 0 6.73351e-005 0.490486
1350 5028 0 5.38269e-005 0.270649
1400 3564 0 4.3356e-005 0.154524
1450 2550 0 3.58672e-005 0.0914631
1500 1794 0 3.06635e-005 0.0550111
1550 1212 0 2.71101e-005 0.0328579
1600 770 0 2.45791e-005 0.0189261
1650 454 0 2.28035e-005 0.0103529
1700 246 0 2.15956e-005 0.00531257
1750 120 0 2.07963e-005 0.00249558
1800 54 0 2.02792e-005 0.00109509
1850 22 0 1.99504e-005 0.000438913
1900 8 0 1.97413e-005 0.000157932
1950 2 0 1.95967e-005 3.91938e-005
2000 0 0 1.94623e-005 0

total neg_log_likelihood: 28.4664


Tags2006_R1_R1 :
tag-recapture data for tag Tags2006_R1 in years 2007 2008 2009 2010 , step 1, after proportion 0.5 of mortality, with sampling method size, detection probability 1.
Year 2007
class scanned recaptured expected_prop neg_log_likelihood
100 0 0 0 0
150 0 0 2.13826e-012 0
200 0 0 9.81286e-012 0
250 2 0 5.77813e-011 1.15562e-010
300 28 0 7.48704e-010 2.09637e-008
350 344 0 9.24913e-009 3.1817e-006
400 2442 0 8.28494e-008 0.000202318
450 11568 0 5.33857e-007 0.00617566
500 39724 0 2.46282e-006 0.097833
550 99366 0 8.2776e-006 0.822515
600 181960 4 2.10042e-005 1.63695
650 252416 15 4.1932e-005 3.093
700 280488 22 6.84084e-005 2.66492
750 265182 23 9.43809e-005 2.57476
800 224010 29 0.000114135 2.82617
850 176300 16 0.000125501 3.24981
900 134278 19 0.000129328 2.47007
950 100438 14 0.000127179 2.30143
1000 72920 10 0.000120252 2.16116
1050 50898 4 0.000109506 1.87948
1100 34514 2 9.59065e-005 1.60929
1150 23278 2 8.05302e-005 1.31092
1200 15942 1 6.47475e-005 1.00048
1250 11162 0 5.02497e-005 0.560901
1300 7944 0 3.83819e-005 0.304911
1350 5686 0 2.95768e-005 0.168176
1400 4062 0 2.35923e-005 0.0958329
1450 2880 0 1.97057e-005 0.0567529
1500 2006 0 1.72023e-005 0.034508
1550 1350 0 1.55869e-005 0.0210424
1600 862 0 1.4496e-005 0.0124956
1650 512 0 1.37653e-005 0.00704786
1700 278 0 1.32867e-005 0.00369374
1750 138 0 1.29795e-005 0.00179118
1800 62 0 1.27848e-005 0.000792664
1850 24 0 1.26623e-005 0.000303897
1900 8 0 1.25836e-005 0.000100669
1950 2 0 1.25263e-005 2.50527e-005
2000 0 0 1.24664e-005 0

total neg_log_likelihood: 30.9735


Year 2008
class scanned recaptured expected_prop neg_log_likelihood
100 0 0 0 0
150 0 0 7.39975e-015 0
200 0 0 6.48997e-013 0
250 2 0 7.25054e-012 1.45011e-011
300 28 0 1.31581e-010 3.68427e-009
350 344 0 1.78312e-009 6.13392e-007
400 2602 0 1.70511e-008 4.43671e-005
450 12332 0 1.26885e-007 0.00156475
500 40170 0 7.06913e-007 0.0283967
550 97884 1 2.9041e-006 1.54211
600 182308 0 8.99593e-006 1.64004
650 260086 6 2.17355e-005 1.83912
700 291620 12 4.23186e-005 2.17307
750 271378 19 6.82283e-005 2.40179
800 224512 12 9.35857e-005 4.45787
850 174626 17 0.00011282 2.5347
900 131756 25 0.000123717 4.52443
950 97934 13 0.000126944 2.22053
1000 71728 11 0.000124019 2.35672
1050 51120 7 0.000116149 1.99358
1100 35200 4 0.000104283 1.64716
1150 23658 1 8.94624e-005 1.36674
1200 15864 2 7.31839e-005 1.55555
1250 10828 0 5.74633e-005 0.622231
1300 7580 0 4.41017e-005 0.334298
1350 5410 0 3.39092e-005 0.183452
1400 3886 0 2.68478e-005 0.104332
1450 2772 0 2.22036e-005 0.0615491
1500 1934 0 1.91826e-005 0.0370995
1550 1300 0 1.7219e-005 0.0223849
1600 826 0 1.58801e-005 0.0131171
1650 490 0 1.49731e-005 0.00733687
1700 266 0 1.43723e-005 0.00382305
1750 132 0 1.39824e-005 0.00184569
1800 58 0 1.37333e-005 0.000796536
1850 24 0 1.35756e-005 0.000325816
1900 8 0 1.34742e-005 0.000107794
1950 2 0 1.34018e-005 2.68038e-005
2000 0 0 1.33313e-005 0

total neg_log_likelihood: 33.6761


Year 2009
class scanned recaptured expected_prop neg_log_likelihood
100 0 0 0 0
150 0 0 0 0
200 0 0 2.09912e-014 0
250 2 0 7.46693e-013 1.49347e-012
300 28 0 2.23812e-011 6.26671e-010
350 338 0 3.83161e-010 1.29508e-007
400 2596 0 3.76371e-009 9.7706e-006
450 13080 0 2.89263e-008 0.000378355
500 43468 0 1.84412e-007 0.00801601
550 101422 1 9.0107e-007 2.48403
600 180382 2 3.36498e-006 2.29864
650 255904 3 9.79999e-006 1.54133
700 293398 4 2.28182e-005 2.26754
750 278302 13 4.34157e-005 2.24177
800 229716 16 6.8878e-005 2.3114
850 175798 15 9.34253e-005 2.34208
900 130724 20 0.000111821 3.30871
950 96182 21 0.000121925 5.40773
1000 70174 10 0.000124287 2.16791
1050 50456 10 0.000120288 3.14138
1100 35360 3 0.000111073 1.61523
1150 24054 4 9.76545e-005 2.11108
1200 16060 1 8.15561e-005 1.0399
1250 10754 2 6.50442e-005 2.10744
1300 7362 1 5.03814e-005 1.36267
1350 5182 0 3.88303e-005 0.201223
1400 3714 0 3.06456e-005 0.113819
1450 2662 0 2.5182e-005 0.0670353
1500 1866 0 2.15905e-005 0.0402882
1550 1256 0 1.92403e-005 0.024166
1600 798 0 1.76274e-005 0.0140668
1650 470 0 1.65282e-005 0.00776833
1700 254 0 1.57961e-005 0.00401224
1750 126 0 1.53187e-005 0.00193017
1800 56 0 1.50125e-005 0.000840704
1850 22 0 1.48181e-005 0.000326002
1900 8 0 1.46933e-005 0.000117547
1950 2 0 1.46045e-005 2.92091e-005
2000 0 0 1.45198e-005 0

total neg_log_likelihood: 38.2329


Year 2010
class scanned recaptured expected_prop neg_log_likelihood
100 0 0 0 0
150 0 0 0 0
200 0 0 7.35737e-017 0
250 2 0 5.38286e-014 1.07692e-013
300 30 0 3.17452e-012 9.52372e-011
350 342 0 8.1941e-011 2.80238e-008
400 2546 0 9.65208e-010 2.45742e-006
450 12914 0 6.84352e-009 8.83772e-005
500 45438 0 4.6177e-008 0.00209819
550 110634 0 2.56774e-007 0.028408
600 193100 0 1.13008e-006 0.218218
650 259840 1 3.92396e-006 1.00019
700 288924 4 1.08789e-005 1.74029
750 275666 4 2.44457e-005 2.28536
800 231594 8 4.52219e-005 2.28722
850 178066 13 7.01734e-005 2.21784
900 131090 13 9.37231e-005 2.22812
950 95240 12 0.000110997 2.26074
1000 68874 12 0.000120001 2.90788
1050 49434 8 0.000121136 2.27443
1100 34952 4 0.000115597 1.63302
1150 24134 3 0.000104509 1.5385
1200 16262 1 8.94052e-005 1.07963
1250 10830 1 7.27027e-005 1.02638
1300 7284 1 5.70816e-005 1.29333
1350 5028 0 4.43015e-005 0.222753
1400 3564 0 3.49995e-005 0.12474
1450 2550 0 2.86757e-005 0.0731242
1500 1794 0 2.44649e-005 0.0438906
1550 1212 0 2.16863e-005 0.0262841
1600 770 0 1.9767e-005 0.0152207
1650 454 0 1.84528e-005 0.00837765
1700 246 0 1.75745e-005 0.00432337
1750 120 0 1.70005e-005 0.00204007
1800 54 0 1.66317e-005 0.000898119
1850 22 0 1.63975e-005 0.000360749
1900 8 0 1.62472e-005 0.000129979
1950 2 0 1.61406e-005 3.22816e-005
2000 0 0 1.60392e-005 0

total neg_log_likelihood: 26.5439


Tags2007_R1_R1 :
tag-recapture data for tag Tags2007_R1 in years 2008 2009 2010 , step 1, after proportion 0.5 of mortality, with sampling method size, detection probability 1.
Year 2008
class scanned recaptured expected_prop neg_log_likelihood
100 0 0 0 0
150 0 0 1.1922e-012 0
200 0 0 7.9442e-012 0
250 2 0 5.27244e-011 1.05449e-010
300 28 0 6.93781e-010 1.94259e-008
350 344 0 8.66073e-009 2.97929e-006
400 2602 0 7.98664e-008 0.000207812
450 12332 0 5.27432e-007 0.0065043
500 40170 0 2.46759e-006 0.099123
550 97884 0 8.34825e-006 0.817163
600 182308 5 2.12277e-005 1.89121
650 260086 10 4.23555e-005 2.12691
700 291620 16 6.89593e-005 2.76237
750 271378 21 9.48999e-005 2.9137
800 224512 23 0.000114574 2.6398
850 174626 23 0.000126146 2.51136
900 131756 9 0.000130832 4.41594
950 97934 17 0.000130328 2.97653
1000 71728 9 0.000125607 2.02675
1050 51120 4 0.000117118 2.00671
1100 35200 5 0.000105231 1.94433
1150 23658 3 9.05331e-005 1.64856
1200 15864 0 7.42225e-005 1.17751
1250 10828 0 5.8259e-005 0.630847
1300 7580 0 4.4561e-005 0.33778
1350 5410 0 3.40814e-005 0.184384
1400 3886 0 2.68454e-005 0.104323
1450 2772 0 2.21267e-005 0.061336
1500 1934 0 1.90985e-005 0.0369369
1550 1300 0 1.71609e-005 0.0223093
1600 826 0 1.58672e-005 0.0131064
1650 490 0 1.50105e-005 0.00735518
1700 266 0 1.44547e-005 0.00384498
1750 132 0 1.41004e-005 0.00186126
1800 58 0 1.3877e-005 0.000804869
1850 24 0 1.37364e-005 0.000329675
1900 8 0 1.36452e-005 0.000109163
1950 2 0 1.35775e-005 2.71553e-005
2000 0 0 1.35073e-005 0

total neg_log_likelihood: 33.37


Year 2009
class scanned recaptured expected_prop neg_log_likelihood
100 0 0 0 0
150 0 0 3.76901e-015 0
200 0 0 4.51558e-013 0
250 2 0 6.51903e-012 1.3038e-011
300 28 0 1.24972e-010 3.4992e-009
350 338 0 1.69131e-009 5.71661e-007
400 2596 0 1.62869e-008 4.22809e-005
450 13080 0 1.23706e-007 0.00161808
500 43468 0 7.01176e-007 0.0304787
550 101422 0 2.90996e-006 0.295135
600 180382 0 9.0585e-006 1.634
650 255904 5 2.19233e-005 1.77476
700 293398 8 4.26718e-005 2.90594
750 278302 10 6.86973e-005 4.71653
800 229716 22 9.40624e-005 2.47174
850 175798 24 0.000113319 2.90309
900 130724 19 0.00012457 2.61032
950 96182 12 0.000128801 2.17442
1000 70174 7 0.000127602 2.13452
1050 50456 6 0.000121899 1.83049
1100 35360 3 0.000112098 1.62392
1150 24054 3 9.86243e-005 1.57242
1200 16060 2 8.25596e-005 1.45481
1250 10754 0 6.59409e-005 0.709152
1300 7362 0 5.10261e-005 0.375663
1350 5182 0 3.91874e-005 0.203073
1400 3714 0 3.07742e-005 0.114297
1450 2662 0 2.51661e-005 0.066993
1500 1866 0 2.15012e-005 0.0401216
1550 1256 0 1.91229e-005 0.0240185
1600 798 0 1.75116e-005 0.0139744
1650 470 0 1.64296e-005 0.00772198
1700 254 0 1.57188e-005 0.00399262
1750 126 0 1.52608e-005 0.00192288
1800 56 0 1.49697e-005 0.000838307
1850 22 0 1.47857e-005 0.000325288
1900 8 0 1.46668e-005 0.000117336
1950 2 0 1.45799e-005 2.91601e-005
2000 0 0 1.44932e-005 0

total neg_log_likelihood: 31.6965


Year 2010
class scanned recaptured expected_prop neg_log_likelihood
100 0 0 0 0
150 0 0 0 0
200 0 0 1.17236e-014 0
250 2 0 6.2097e-013 1.2419e-012
300 30 0 2.1183e-011 6.35488e-010
350 342 0 3.69479e-010 1.26362e-007
400 2546 0 3.60925e-009 9.18914e-006
450 12914 0 2.79327e-008 0.000360723
500 45438 0 1.80871e-007 0.0082184
550 110634 0 8.95048e-007 0.0990228
600 193100 0 3.36863e-006 0.650483
650 259840 1 9.85051e-006 1.61972
700 288924 8 2.29739e-005 2.10016
750 275666 17 4.37157e-005 3.2406
800 231594 19 6.92915e-005 2.65185
850 178066 11 9.38911e-005 3.2393
900 131090 16 0.000112417 2.36305
950 95240 11 0.000123029 2.14782
1000 68874 8 0.000126542 1.99922
1050 49434 8 0.000124333 2.22407
1100 34952 5 0.0001172 1.83329
1150 24134 6 0.00010556 3.5161
1200 16262 1 9.03532e-005 1.0845
1250 10830 0 7.36037e-005 0.797158
1300 7284 0 5.78285e-005 0.421235
1350 5028 0 4.48098e-005 0.225309
1400 3564 1 3.52709e-005 2.19948
1450 2550 0 2.8762e-005 0.0733441
1500 1794 0 2.44273e-005 0.0438231
1550 1212 0 2.15737e-005 0.0261476
1600 770 0 1.96149e-005 0.0151036
1650 454 0 1.8285e-005 0.00830145
1700 246 0 1.74038e-005 0.00428137
1750 120 0 1.68322e-005 0.00201989
1800 54 0 1.64673e-005 0.000889243
1850 22 0 1.62364e-005 0.000357205
1900 8 0 1.60878e-005 0.000128704
1950 2 0 1.59804e-005 3.19611e-005
2000 0 0 1.58744e-005 0

total neg_log_likelihood: 32.5954


Tags2008_R1_R1 :
tag-recapture data for tag Tags2008_R1 in years 2009 2010 , step 1, after proportion 0.5 of mortality, with sampling method size, detection probability 1.
Year 2009
class scanned recaptured expected_prop neg_log_likelihood
100 0 0 0 0
150 0 0 1.23016e-012 0
200 0 0 8.6546e-012 0
250 2 0 5.67613e-011 1.13523e-010
300 28 0 7.4477e-010 2.08536e-008
350 338 0 9.31575e-009 3.14872e-006
400 2596 0 8.57677e-008 0.000222653
450 13080 0 5.64048e-007 0.00737774
500 43468 0 2.6292e-006 0.114286
550 101422 1 8.87932e-006 1.00529
600 180382 3 2.25603e-005 1.65069
650 255904 4 4.4951e-005 4.91082
700 293398 18 7.29098e-005 2.65306
750 278302 30 9.95494e-005 2.71482
800 229716 25 0.000118606 2.62687
850 175798 31 0.000128181 4.0606
900 130724 19 0.000130023 2.50911
950 96182 14 0.000126582 2.3748
1000 70174 4 0.000119452 3.05604
1050 50456 7 0.000109463 2.08564
1100 35360 2 9.7121e-005 1.65978
1150 24054 2 8.29348e-005 1.30682
1200 16060 2 6.78069e-005 1.61161
1250 10754 1 5.32616e-005 1.13
1300 7362 0 4.08414e-005 0.30068
1350 5182 0 3.13312e-005 0.162361
1400 3714 0 2.47537e-005 0.0919365
1450 2662 0 2.04616e-005 0.0544694
1500 1866 0 1.7709e-005 0.0330453
1550 1256 0 1.59513e-005 0.020035
1600 798 0 1.47812e-005 0.0117955
1650 470 0 1.40088e-005 0.00658417
1700 254 0 1.35092e-005 0.00343137
1750 126 0 1.31915e-005 0.00166214
1800 56 0 1.29914e-005 0.000727524
1850 22 0 1.28656e-005 0.000283046
1900 8 0 1.2784e-005 0.000102273
1950 2 0 1.27228e-005 2.54457e-005
2000 0 0 1.2659e-005 0

total neg_log_likelihood: 36.165


Year 2010
class scanned recaptured expected_prop neg_log_likelihood
100 0 0 0 0
150 0 0 3.81643e-015 0
200 0 0 4.84233e-013 0
250 2 0 7.08654e-012 1.41731e-011
300 30 0 1.33817e-010 4.01452e-009
350 342 0 1.81265e-009 6.19926e-007
400 2546 0 1.74581e-008 4.44483e-005
450 12914 0 1.32364e-007 0.00170935
500 45438 0 7.47459e-007 0.0339631
550 110634 1 3.09297e-006 1.41458
600 193100 2 9.61419e-006 1.31226
650 259840 5 2.32488e-005 1.83563
700 288924 9 4.51784e-005 2.73372
750 275666 19 7.24344e-005 2.41935
800 231594 26 9.83606e-005 2.76875
850 178066 16 0.0001169 2.9163
900 131090 7 0.000126129 5.42171
950 95240 16 0.000127576 2.86449
1000 68874 13 0.000123575 3.22549
1050 49434 6 0.00011567 1.83548
1100 34952 1 0.000104635 2.3606
1150 24134 2 9.10093e-005 1.31587
1200 16262 0 7.57007e-005 1.23109
1250 10830 0 6.03369e-005 0.653468
1300 7284 1 4.67259e-005 1.41809
1350 5028 0 3.59639e-005 0.18083
1400 3564 0 2.83186e-005 0.100929
1450 2550 0 2.32204e-005 0.0592128
1500 1794 1 1.98886e-005 3.36882
1550 1212 0 1.77277e-005 0.0214861
1600 770 0 1.62658e-005 0.0125247
1650 454 0 1.5286e-005 0.00693988
1700 246 0 1.46438e-005 0.0036024
1750 120 0 1.42309e-005 0.00170771
1800 54 0 1.39688e-005 0.00075432
1850 22 0 1.38034e-005 0.000303677
1900 8 0 1.36966e-005 0.000109574
1950 2 0 1.36182e-005 2.72366e-005
2000 0 0 1.35388e-005 0

total neg_log_likelihood: 39.5198


Tags2009_R1_R1 :
tag-recapture data for tag Tags2009_R1 in years 2010 , step 1, after proportion 0.5 of mortality, with sampling method size, detection probability 1.
Year 2010
class scanned recaptured expected_prop neg_log_likelihood
100 0 0 0 0
150 0 0 1.24449e-012 0
200 0 0 8.84631e-012 0
250 2 0 5.82207e-011 1.16441e-010
300 30 0 7.55343e-010 2.26603e-008
350 342 0 9.45623e-009 3.23403e-006
400 2546 0 8.71463e-008 0.000221875
450 12914 0 5.70964e-007 0.00737343
500 45438 0 2.64265e-006 0.120077
550 110634 0 8.85806e-006 0.980007
600 193100 6 2.23848e-005 2.11874
650 259840 8 4.45145e-005 2.58626
700 288924 21 7.23608e-005 2.44534
750 275666 26 9.94632e-005 2.5885
800 231594 29 0.000119841 2.63294
850 178066 27 0.000131505 2.83108
900 131090 22 0.000135818 2.92777
950 95240 8 0.000134738 3.02133
1000 68874 8 0.000129429 2.01759
1050 49434 7 0.000120403 1.99101
1100 34952 4 0.000107994 1.63942
1150 24134 2 9.26901e-005 1.31983
1200 16262 1 7.55764e-005 1.02277
1250 10830 0 5.85954e-005 0.634607
1300 7284 1 4.38095e-005 1.4613
1350 5028 0 3.23825e-005 0.162822
1400 3564 0 2.44735e-005 0.0872245
1450 2550 0 1.93465e-005 0.0493341
1500 1794 0 1.60986e-005 0.0288811
1550 1212 0 1.40568e-005 0.017037
1600 770 0 1.27244e-005 0.00979784
1650 454 0 1.18626e-005 0.00538565
1700 246 0 1.13153e-005 0.00278358
1750 120 0 1.09722e-005 0.00131667
1800 54 0 1.07584e-005 0.000580955
1850 22 0 1.06243e-005 0.000233736
1900 8 0 1.05362e-005 8.429e-005
1950 2 0 1.04676e-005 2.09354e-005
2000 0 0 1.03935e-005 0

total neg_log_likelihood: 32.7117


Output quantities start here

* Scalar parameter values
initialization.B0 260331

* Nuisance q's

* B0
260331

* R0
1.88887e+007

* SSBs
SSB 260331 256825 248368 239080 229089 218596 207845 197075 186499 176288 166558 157362 148710 140593 132987 125866 119205 112975 107147 101694 96586.2 
year 1990 1991 1992 1993 1994 1995 1996 1997 1998 1999 2000 2001 2002 2003 2004 2005 2006 2007 2008 2009 2010 

* recruitments
recruitment 1.88887e+007 1.88887e+007 1.88611e+007 1.87917e+007 1.87105e+007 1.86167e+007 1.85101e+007 1.83911e+007 1.82607e+007 1.81201e+007 1.79708e+007 1.78141e+007 1.76512e+007 1.74827e+007 1.73092e+007 1.71311e+007 1.69487e+007 1.67625e+007 1.65727e+007 1.63797e+007 1.61838e+007 
year 1990 1991 1992 1993 1994 1995 1996 1997 1998 1999 2000 2001 2002 2003 2004 2005 2006 2007 2008 2009 2010 

* YCS
YCS 1 1 1 1 1 1 1 1 1 1 1 1 1 1 1 1 1 1 1 1 1 
year 1989 1990 1991 1992 1993 1994 1995 1996 1997 1998 1999 2000 2001 2002 2003 2004 2005 2006 2007 2008 2009 

* true_YCS
true_YCS 1 1 0.998539 0.994865 0.990566 0.985598 0.979954 0.973656 0.966753 0.95931 0.951403 0.94311 0.934484 0.925565 0.91638 0.906949 0.897293 0.887432 0.877386 0.867169 0.856796 
year 1989 1990 1991 1992 1993 1994 1995 1996 1997 1998 1999 2000 2001 2002 2003 2004 2005 2006 2007 2008 2009 

* fishing_pressures
LL1 0 0.0711333 0.0750395 0.0791482 0.0833622 0.087599 0.0917897 0.0958778 0.0998209 0.103596 0.107201 0.110649 0.113958 0.117153 0.120261 0.123311 0.126336 0.129366 0.132428 0.13555 0.138761 
LL2 0 0.0711333 0.0750395 0.0791482 0.0833622 0.087599 0.0917897 0.0958778 0.0998209 0.103596 0.107201 0.110649 0.113958 0.117153 0.120261 0.123311 0.126336 0.129366 0.132428 0.13555 0.138761 
year 1990 1991 1992 1993 1994 1995 1996 1997 1998 1999 2000 2001 2002 2003 2004 2005 2006 2007 2008 2009 2010 

* Numbers_at_age_R1
1990  1.75327e+007 1.50152e+007 1.28593e+007 1.10129e+007 9.43159e+006 8.07736e+006 6.91757e+006 5.92431e+006 5.07367e+006 4.34517e+006 3.72127e+006 3.18695e+006 2.72935e+006 2.33746e+006 2.00184e+006 1.7144e+006 1.46824e+006 1.25742e+006 1.07688e+006 922254 789832 676424 579300 496121 424886 363879 311631 266886 228565 1.36328e+006 
1991  1.75327e+007 1.50152e+007 1.28592e+007 1.10122e+007 9.42753e+006 8.06079e+006 6.86985e+006 5.82711e+006 4.93367e+006 4.20258e+006 3.6e+006 3.08523e+006 2.64521e+006 2.26881e+006 1.9466e+006 1.67057e+006 1.43393e+006 1.23094e+006 1.05672e+006 907121 778628 668243 573408 491937 421955 361854 310252 265959 227951 1.36049e+006 
1992  1.7507e+007 1.50152e+007 1.28592e+007 1.1012e+007 9.42599e+006 8.05235e+006 6.8367e+006 5.73471e+006 4.75078e+006 3.94384e+006 3.33773e+006 2.86209e+006 2.45789e+006 2.11366e+006 1.81982e+006 1.56838e+006 1.35268e+006 1.16722e+006 1.00743e+006 869519 750342 647260 558060 480867 414082 356333 306434 263356 226201 1.35401e+006 
1993  1.74426e+007 1.49933e+007 1.28592e+007 1.10119e+007 9.42555e+006 8.04986e+006 6.82589e+006 5.69896e+006 4.66259e+006 3.78284e+006 3.11879e+006 2.64235e+006 2.27075e+006 1.95625e+006 1.68908e+006 1.46117e+006 1.26592e+006 1.09793e+006 952839 827103 717842 622711 539780 467450 404376 349413 301572 259989 223902 1.34666e+006 
1994  1.73673e+007 1.49381e+007 1.28404e+007 1.10119e+007 9.42522e+006 8.04827e+006 6.82003e+006 5.68161e+006 4.62029e+006 3.69754e+006 2.97807e+006 2.45812e+006 2.08741e+006 1.79988e+006 1.55723e+006 1.35131e+006 1.17549e+006 1.02444e+006 893892 780458 681443 594709 518549 451589 392702 340948 295525 255733 220951 1.33808e+006 
1995  1.72802e+007 1.48736e+007 1.27931e+007 1.09957e+007 9.42489e+006 8.04676e+006 6.81488e+006 5.66829e+006 4.59286e+006 3.64881e+006 2.89759e+006 2.33661e+006 1.93335e+006 1.64761e+006 1.42708e+006 1.24124e+006 1.08344e+006 948365 831798 730432 641686 563557 494495 433290 378992 330832 288175 250475 217247 1.32789e+006 
1996  1.71812e+007 1.4799e+007 1.27378e+007 1.09552e+007 9.41079e+006 8.04526e+006 6.80982e+006 5.65564e+006 4.56882e+006 3.61211e+006 2.84629e+006 2.26317e+006 1.8297e+006 1.51958e+006 1.30116e+006 1.1333e+006 991830 871436 767939 678072 599315 529742 467896 412680 363266 319020 279442 244119 212694 1.31571e+006 
1997  1.70708e+007 1.47142e+007 1.26739e+007 1.09078e+007 9.37585e+006 8.03204e+006 6.80487e+006 5.64325e+006 4.54564e+006 3.57851e+006 2.80488e+006 2.21316e+006 1.76449e+006 1.43214e+006 1.19536e+006 1.02955e+006 902561 795350 703756 624543 555221 493903 439176 390006 345640 305535 269290 236600 207215 1.30111e+006 
1998  1.69497e+007 1.46197e+007 1.26014e+007 1.08531e+007 9.33503e+006 8.00107e+006 6.79012e+006 5.63121e+006 4.52313e+006 3.54617e+006 2.7665e+006 2.17145e+006 1.71819e+006 1.3755e+006 1.12226e+006 942470 817266 721643 640634 571035 510378 456791 408880 365634 326332 290481 257744 227891 200755 1.28368e+006 
1999  1.68192e+007 1.4516e+007 1.25204e+007 1.07909e+007 9.28792e+006 7.96514e+006 6.76054e+006 5.61141e+006 4.50146e+006 3.51505e+006 2.72979e+006 2.13272e+006 1.67891e+006 1.33417e+006 1.07391e+006 881809 745798 651597 579803 518670 465760 419213 377638 340023 305653 274047 244897 218017 193294 1.26305e+006 
2000  1.66806e+007 1.44042e+007 1.24316e+007 1.07215e+007 9.23445e+006 7.92391e+006 6.72693e+006 5.57974e+006 4.47419e+006 3.48531e+006 2.69474e+006 2.09591e+006 1.64249e+006 1.29877e+006 1.03794e+006 841039 695696 593004 522262 468428 422275 381967 346116 313698 283988 256494 230908 207055 184852 1.23885e+006 
2001  1.65352e+007 1.42855e+007 1.23359e+007 1.06454e+007 9.17484e+006 7.87731e+006 6.68903e+006 5.54514e+006 4.43806e+006 3.45194e+006 2.66142e+006 2.06096e+006 1.60805e+006 1.26601e+006 1.00697e+006 810311 661618 551728 474201 421085 380702 345788 314968 287213 261778 238149 215999 195142 175499 1.21081e+006 
2002  1.6384e+007 1.4161e+007 1.22342e+007 1.05634e+007 9.10954e+006 7.82552e+006 6.64675e+006 5.50735e+006 4.40019e+006 3.41243e+006 2.62596e+006 2.02788e+006 1.5755e+006 1.23517e+006 978368 783750 635679 523392 440215 381591 341650 311298 284791 261104 239479 219377 200443 182466 165348 1.17876e+006 
2003  1.62276e+007 1.40315e+007 1.21275e+007 1.04763e+007 9.03916e+006 7.76892e+006 6.60024e+006 5.46628e+006 4.36031e+006 3.37221e+006 2.58641e+006 1.99365e+006 1.54479e+006 1.20612e+006 951524 759259 613198 501661 416713 353579 309105 278980 256087 235860 217537 200562 184549 169257 154558 1.14264e+006 
2004  1.60666e+007 1.38976e+007 1.20166e+007 1.0385e+007 8.96443e+006 7.70803e+006 6.5498e+006 5.422e+006 4.31827e+006 3.33098e+006 2.54684e+006 1.95674e+006 1.51354e+006 1.17875e+006 926298 736329 592494 482788 398581 334092 285963 252066 229242 211889 196354 182073 168637 155775 143326 1.10254e+006 
2005  1.59012e+007 1.37596e+007 1.19019e+007 1.02899e+007 8.88606e+006 7.64346e+006 6.49582e+006 5.37469e+006 4.27404e+006 3.28854e+006 2.50692e+006 1.92016e+006 1.48055e+006 1.15122e+006 902561 714809 573137 465417 382805 318986 269787 232889 206897 189503 176266 164243 153017 142290 131871 1.05871e+006 
2006  1.57319e+007 1.3618e+007 1.17838e+007 1.01917e+007 8.80457e+006 7.57581e+006 6.43883e+006 5.32465e+006 4.2277e+006 3.24477e+006 2.46643e+006 1.88363e+006 1.44808e+006 1.12257e+006 878857 694569 554984 449189 368288 305820 257196 219429 190948 170877 157527 147352 137967 129061 120420 1.01154e+006 
2007  1.5559e+007 1.34731e+007 1.16625e+007 1.00905e+007 8.72032e+006 7.50552e+006 6.37928e+006 5.27225e+006 4.17943e+006 3.19967e+006 2.42522e+006 1.84691e+006 1.41584e+006 1.09449e+006 854444 674469 537916 433980 354734 293706 246207 208919 179718 157562 141939 131608 123719 116324 109192 961549 
2008  1.53829e+007 1.3325e+007 1.15384e+007 9.98664e+006 8.63356e+006 7.43288e+006 6.31754e+006 5.21783e+006 4.12941e+006 3.15328e+006 2.3832e+006 1.80983e+006 1.38362e+006 1.06672e+006 830578 653918 521028 419676 342031 282397 236094 199732 170922 148161 130782 118514 110447 104272 98386.9 909376 
2009  1.52038e+007 1.31741e+007 1.14116e+007 9.88028e+006 8.54449e+006 7.35811e+006 6.25383e+006 5.16163e+006 4.07785e+006 3.10566e+006 2.34033e+006 1.77227e+006 1.35125e+006 1.03908e+006 807046 633861 503853 405559 330079 271795 226651 191276 163225 140781 122886 109132 99410.2 93050.5 88167 855724 
2010  1.50219e+007 1.30207e+007 1.12824e+007 9.77167e+006 8.4533e+006 7.28136e+006 6.18831e+006 5.1038e+006 4.0249e+006 3.05691e+006 2.29663e+006 1.73417e+006 1.31862e+006 1.01141e+006 783681 614125 487113 391261 318306 261816 217797 183378 156137 134315 116675 102479 91495.3 83719.3 78655.2 801331 

Output quantities finish here

Unused parameters:
annual_cycle.fishery_areas annual_cycle.migrate_from annual_cycle.migrate_to annual_cycle.migration_names annual_cycle.migration_times annual_cycle.n_migrations annual_cycle.recruitment_areas annual_cycle.spawning_all_areas area_names recruitment.p_male recruitment.year_range tag[Tags2005_R1_LL1].area tag[Tags2005_R1_LL1].sex tag[Tags2006_R1_LL1].area tag[Tags2006_R1_LL1].sex tag[Tags2007_R1_LL1].area tag[Tags2007_R1_LL1].sex tag[Tags2008_R1_LL1].area tag[Tags2008_R1_LL1].sex tag[Tags2009_R1_LL1].area tag[Tags2009_R1_LL1].sex MCMC.adapt_at MCMC.adaptive_stepsize MCMC.burn_in MCMC.keep MCMC.length MCMC.start MCMC.stepsize profile[1].l profile[1].n profile[1].parameter profile[1].u tag_recapture[Tags2005_R1_R1].area tag_recapture[Tags2006_R1_R1].area tag_recapture[Tags2007_R1_R1].area tag_recapture[Tags2008_R1_R1].area tag_recapture[Tags2009_R1_R1].area n_projections numbers_at[Numbers_at_age_R1].area print.final_state print.initial_state print.requests print.results print.state_annually print.state_every_step print.yields 
