CASAL (C++ algorithmic stock assessment laboratory)
Call: casal -e -O C:/Users/bstacy/Documents/GitHub/lasac/projects/simulations/sim2/GenerateCSL/casalout_mpd.dat -f C:/Users/bstacy/Documents/GitHub/lasac/projects/simulations/sim2/GenerateCSL/casal_ 
Date: Thu Oct 10 09:06:25 2019
v2.30-2012-03-21 00:22:59 UTC (rev.4648)  (c) Copyright 2002-2012, NIWA
User name: bstacy
Machine name: DOM-IMA-HVZRNF2 (Microsoft Windows, PID=27424)

Prefix for the input parameter filenames : C:/Users/bstacy/Documents/GitHub/lasac/projects/simulations/sim2/GenerateCSL/casal_

Random number seed : 58785

Estimation parameters:
Stored as strings: 
  MCMC.adapt_at                 	1e+05 2e+05 3e+05 4e+05
  MCMC.adaptive_stepsize        	True
  MCMC.burn_in                  	500
  MCMC.keep                     	1000
  MCMC.length                   	1500000
  MCMC.start                    	0
  MCMC.stepsize                 	0.01
  ageing_error.c                	0
  ageing_error.type             	normal
  catch_at[LL1_catchA].2000     	0 0 0 0.002 0.002 0.02 0.076 0.118 0.217 0.089 0.136 0.061 0.062 0.024 0.045 0.062 0.01 0.011 0.012 0.017 0.007 0.006 0.005 0.007 0.004 0.003 0.001 0.002 0 0.001
  catch_at[LL1_catchA].2001     	0 0 0 0 0.007 0.013 0.047 0.164 0.149 0.194 0.055 0.107 0.04 0.048 0.024 0.03 0.056 0.006 0.01 0.005 0.009 0.009 0.005 0.007 0.005 0 0.004 0.001 0.001 0.004
  catch_at[LL1_catchA].2002     	0 0 0 0 0.006 0.029 0.043 0.106 0.195 0.137 0.152 0.057 0.086 0.037 0.038 0.013 0.016 0.038 0.008 0.006 0.004 0.011 0.003 0.004 0.003 0.002 0.003 0.001 0 0.002
  catch_at[LL1_catchA].2003     	0 0 0 0 0.001 0.021 0.083 0.071 0.134 0.198 0.123 0.109 0.049 0.06 0.012 0.03 0.012 0.019 0.035 0.002 0.004 0.01 0.009 0.002 0.006 0.003 0.001 0.001 0 0.005
  catch_at[LL1_catchA].2004     	0 0 0 0.002 0.01 0.013 0.056 0.155 0.103 0.128 0.158 0.094 0.088 0.029 0.048 0.021 0.021 0.004 0.018 0.022 0.006 0.004 0.003 0.003 0.003 0.003 0.004 0.002 0 0.002
  catch_at[LL1_catchA].2005     	0 0 0 0 0.005 0.027 0.053 0.102 0.191 0.1 0.1 0.111 0.079 0.077 0.034 0.043 0.015 0.013 0.003 0.014 0.015 0.004 0.003 0.004 0 0 0.001 0.001 0.002 0.003
  catch_at[LL1_catchA].2006     	0 0 0 0.001 0.003 0.019 0.074 0.114 0.133 0.201 0.084 0.085 0.098 0.052 0.05 0.015 0.029 0.007 0.011 0.002 0.006 0.006 0.001 0.001 0 0.002 0 0.001 0.001 0.004
  catch_at[LL1_catchA].2007     	0 0 0 0 0.006 0.022 0.049 0.124 0.136 0.145 0.17 0.053 0.068 0.067 0.043 0.048 0.012 0.016 0.013 0.008 0.005 0.003 0.004 0.001 0.002 0.001 0 0 0 0.004
  catch_at[LL1_catchA].2008     	0 0 0 0 0.009 0.014 0.048 0.121 0.176 0.128 0.123 0.116 0.044 0.046 0.053 0.02 0.033 0.01 0.02 0.006 0.01 0.003 0.002 0.006 0.001 0 0.002 0.001 0.001 0.007
  catch_at[LL1_catchA].2009     	0 0 0.001 0.002 0.01 0.022 0.057 0.112 0.15 0.181 0.098 0.09 0.082 0.028 0.031 0.037 0.03 0.025 0.006 0.015 0.001 0.003 0.001 0.001 0.006 0 0.001 0.002 0.001 0.007
  catch_at[LL1_catchA].2010     	0 0 0 0.002 0.011 0.02 0.078 0.094 0.155 0.148 0.137 0.079 0.068 0.066 0.022 0.022 0.026 0.015 0.019 0.009 0.011 0.004 0.005 0.001 0 0.005 0 0 0 0.003
  catch_at[LL1_catchA].N_2000   	100
  catch_at[LL1_catchA].N_2001   	100
  catch_at[LL1_catchA].N_2002   	100
  catch_at[LL1_catchA].N_2003   	100
  catch_at[LL1_catchA].N_2004   	100
  catch_at[LL1_catchA].N_2005   	100
  catch_at[LL1_catchA].N_2006   	100
  catch_at[LL1_catchA].N_2007   	100
  catch_at[LL1_catchA].N_2008   	100
  catch_at[LL1_catchA].N_2009   	100
  catch_at[LL1_catchA].N_2010   	100
  catch_at[LL1_catchA].at_size  	False
  catch_at[LL1_catchA].dist     	multinomial
  catch_at[LL1_catchA].fishery  	LL1
  catch_at[LL1_catchA].max_class	30
  catch_at[LL1_catchA].min_class	1
  catch_at[LL1_catchA].plus_group	True
  catch_at[LL1_catchA].r        	1e-11
  catch_at[LL1_catchA].sexed    	False
  catch_at[LL1_catchA].sum_to_one	True
  catch_at[LL1_catchA].years    	2000 2001 2002 2003 2004 2005 2006 2007 2008 2009 2010
  catch_limit_penalty[1].fishery	LL1
  catch_limit_penalty[1].label  	LL1_Penalty
  catch_limit_penalty[1].log_scale	True
  catch_limit_penalty[1].multiplier	1000
  catch_limit_penalty[2].fishery	LL2
  catch_limit_penalty[2].label  	LL2_Penalty
  catch_limit_penalty[2].log_scale	True
  catch_limit_penalty[2].multiplier	1000
  estimate[1].lower_bound       	5000
  estimate[1].parameter         	initialization.B0
  estimate[1].prior             	uniform
  estimate[1].upper_bound       	5e+05
  estimator                     	Bayes
  fish_tagged_penalty[1].label  	Penalty_Tags2005_R1_LL1
  fish_tagged_penalty[1].multiplier	1
  fish_tagged_penalty[1].tagging_episode	Tags2005_R1_LL1
  fish_tagged_penalty[2].label  	Penalty_Tags2006_R1_LL1
  fish_tagged_penalty[2].multiplier	1
  fish_tagged_penalty[2].tagging_episode	Tags2006_R1_LL1
  fish_tagged_penalty[3].label  	Penalty_Tags2007_R1_LL1
  fish_tagged_penalty[3].multiplier	1
  fish_tagged_penalty[3].tagging_episode	Tags2007_R1_LL1
  fish_tagged_penalty[4].label  	Penalty_Tags2008_R1_LL1
  fish_tagged_penalty[4].multiplier	1
  fish_tagged_penalty[4].tagging_episode	Tags2008_R1_LL1
  fish_tagged_penalty[5].label  	Penalty_Tags2009_R1_LL1
  fish_tagged_penalty[5].multiplier	1
  fish_tagged_penalty[5].tagging_episode	Tags2009_R1_LL1
  grad_tol                      	0.001
  max_evals                     	10000
  max_iters                     	1600
  profile[1].l                  	40000
  profile[1].n                  	11
  profile[1].parameter          	initialization.B0
  profile[1].u                  	130000
  q_method                      	nuisance
  tag_recapture[Tags2005_R1_R1].area	R1
  tag_recapture[Tags2005_R1_R1].class_mins	100 150 200 250 300 350 400 450 500 550 600 650 700 750 800 850 900 950 1000 1050 1100 1150 1200 1250 1300 1350 1400 1450 1500 1550 1600 1650 1700 1750 1800 1850 1900 1950 2000 2050
  tag_recapture[Tags2005_R1_R1].detection_probability	1
  tag_recapture[Tags2005_R1_R1].dispersion	1
  tag_recapture[Tags2005_R1_R1].do_bootstrap	True
  tag_recapture[Tags2005_R1_R1].plus_group	False
  tag_recapture[Tags2005_R1_R1].proportion_mortality	0.5
  tag_recapture[Tags2005_R1_R1].r	1e-11
  tag_recapture[Tags2005_R1_R1].recaptured_2006	0 0 0 0 0 0 0 0.1 0.7 2.8 7.5 15.3 23.5 27.8 26.6 22.1 16.6 11.4 7.5 4.8 3.2 2.2 1.5 1 0.6 0.3 0.1 0.1 0 0 0 0 0 0 0 0 0 0 0
  tag_recapture[Tags2005_R1_R1].recaptured_2007	0 0 0 0 0 0 0 0 0.2 1 3.4 8.4 14.7 19.3 20.1 17.8 14.2 10.7 7.6 5.2 3.4 2.2 1.4 0.9 0.6 0.4 0.2 0.1 0 0 0 0 0 0 0 0 0 0 0
  tag_recapture[Tags2005_R1_R1].recaptured_2008	0 0 0 0 0 0 0 0 0.1 0.4 1.6 4.3 8.5 12.8 15.3 15.1 13 10 7.1 4.6 2.9 1.7 0.9 0.5 0.2 0.1 0.1 0 0 0 0 0 0 0 0 0 0 0 0
  tag_recapture[Tags2005_R1_R1].recaptured_2009	0 0 0 0 0 0 0 0 0 0.1 0.6 1.7 3.8 6.6 9.3 10.9 10.9 9.6 7.7 5.8 4.2 3 2 1.3 0.8 0.4 0.2 0.1 0.1 0 0 0 0 0 0 0 0 0 0
  tag_recapture[Tags2005_R1_R1].recaptured_2010	0 0 0 0 0 0 0 0 0 0 0.2 0.7 1.9 4.2 7.1 9.7 10.7 9.8 7.6 5.3 3.4 2.1 1.2 0.6 0.3 0.1 0 0 0 0 0 0 0 0 0 0 0 0 0
  tag_recapture[Tags2005_R1_R1].sample	size
  tag_recapture[Tags2005_R1_R1].scanned_2006	0 0 0 2 28 320 2302 11502 39770 96806 173902 243624 277690 266092 224820 178122 136978 101584 71958 49292 33518 23134 16316 11662 8346 5944 4222 2988 2086 1406 896 530 286 140 62 24 8 2 0
  tag_recapture[Tags2005_R1_R1].scanned_2007	0 0 0 2 28 344 2442 11568 39724 99366 181960 252416 280488 265182 224010 176300 134278 100438 72920 50898 34514 23278 15942 11162 7944 5686 4062 2880 2006 1350 862 512 278 138 62 24 8 2 0
  tag_recapture[Tags2005_R1_R1].scanned_2008	0 0 0 2 28 344 2602 12332 40170 97884 182308 260086 291620 271378 224512 174626 131756 97934 71728 51120 35200 23658 15864 10828 7580 5410 3886 2772 1934 1300 826 490 266 132 58 24 8 2 0
  tag_recapture[Tags2005_R1_R1].scanned_2009	0 0 0 2 28 338 2596 13080 43468 101422 180382 255904 293398 278302 229716 175798 130724 96182 70174 50456 35360 24054 16060 10754 7362 5182 3714 2662 1866 1256 798 470 254 126 56 22 8 2 0
  tag_recapture[Tags2005_R1_R1].scanned_2010	0 0 0 2 30 342 2546 12914 45438 110634 193100 259840 288924 275666 231594 178066 131090 95240 68874 49434 34952 24134 16262 10830 7284 5028 3564 2550 1794 1212 770 454 246 120 54 22 8 2 0
  tag_recapture[Tags2005_R1_R1].step	1
  tag_recapture[Tags2005_R1_R1].tag_name	Tags2005_R1
  tag_recapture[Tags2005_R1_R1].years	2006 2007 2008 2009 2010
  tag_recapture[Tags2006_R1_R1].area	R1
  tag_recapture[Tags2006_R1_R1].class_mins	100 150 200 250 300 350 400 450 500 550 600 650 700 750 800 850 900 950 1000 1050 1100 1150 1200 1250 1300 1350 1400 1450 1500 1550 1600 1650 1700 1750 1800 1850 1900 1950 2000 2050
  tag_recapture[Tags2006_R1_R1].detection_probability	1
  tag_recapture[Tags2006_R1_R1].dispersion	1
  tag_recapture[Tags2006_R1_R1].do_bootstrap	True
  tag_recapture[Tags2006_R1_R1].plus_group	False
  tag_recapture[Tags2006_R1_R1].proportion_mortality	0.5
  tag_recapture[Tags2006_R1_R1].r	1e-11
  tag_recapture[Tags2006_R1_R1].recaptured_2007	0 0 0 0 0 0 0 0.1 0.4 1.9 6.1 13.7 22.7 28.4 28.3 23.8 18.2 13.1 9 6 3.8 2.3 1.4 0.8 0.5 0.3 0.2 0.1 0 0 0 0 0 0 0 0 0 0 0
  tag_recapture[Tags2006_R1_R1].recaptured_2008	0 0 0 0 0 0 0 0 0.2 1 3.5 8.1 13.7 17.8 19.1 18.1 15.8 13 10 6.9 4.2 2.3 1.2 0.6 0.4 0.3 0.3 0.2 0.1 0.1 0 0 0 0 0 0 0 0 0
  tag_recapture[Tags2006_R1_R1].recaptured_2009	0 0 0 0 0 0 0 0 0.1 0.4 1.6 4.2 8.2 12.8 16 16.7 14.8 11.4 8.1 5.4 3.5 2.1 1.2 0.7 0.4 0.2 0.1 0.1 0 0 0 0 0 0 0 0 0 0 0
  tag_recapture[Tags2006_R1_R1].recaptured_2010	0 0 0 0 0 0 0 0 0 0.1 0.5 1.6 3.6 6.3 8.8 10.4 10.4 8.9 6.7 4.6 3.1 2.1 1.4 0.8 0.5 0.2 0.1 0 0 0 0 0 0 0 0 0 0 0 0
  tag_recapture[Tags2006_R1_R1].sample	size
  tag_recapture[Tags2006_R1_R1].scanned_2007	0 0 0 2 28 344 2442 11568 39724 99366 181960 252416 280488 265182 224010 176300 134278 100438 72920 50898 34514 23278 15942 11162 7944 5686 4062 2880 2006 1350 862 512 278 138 62 24 8 2 0
  tag_recapture[Tags2006_R1_R1].scanned_2008	0 0 0 2 28 344 2602 12332 40170 97884 182308 260086 291620 271378 224512 174626 131756 97934 71728 51120 35200 23658 15864 10828 7580 5410 3886 2772 1934 1300 826 490 266 132 58 24 8 2 0
  tag_recapture[Tags2006_R1_R1].scanned_2009	0 0 0 2 28 338 2596 13080 43468 101422 180382 255904 293398 278302 229716 175798 130724 96182 70174 50456 35360 24054 16060 10754 7362 5182 3714 2662 1866 1256 798 470 254 126 56 22 8 2 0
  tag_recapture[Tags2006_R1_R1].scanned_2010	0 0 0 2 30 342 2546 12914 45438 110634 193100 259840 288924 275666 231594 178066 131090 95240 68874 49434 34952 24134 16262 10830 7284 5028 3564 2550 1794 1212 770 454 246 120 54 22 8 2 0
  tag_recapture[Tags2006_R1_R1].step	1
  tag_recapture[Tags2006_R1_R1].tag_name	Tags2006_R1
  tag_recapture[Tags2006_R1_R1].years	2007 2008 2009 2010
  tag_recapture[Tags2007_R1_R1].area	R1
  tag_recapture[Tags2007_R1_R1].class_mins	100 150 200 250 300 350 400 450 500 550 600 650 700 750 800 850 900 950 1000 1050 1100 1150 1200 1250 1300 1350 1400 1450 1500 1550 1600 1650 1700 1750 1800 1850 1900 1950 2000 2050
  tag_recapture[Tags2007_R1_R1].detection_probability	1
  tag_recapture[Tags2007_R1_R1].dispersion	1
  tag_recapture[Tags2007_R1_R1].do_bootstrap	True
  tag_recapture[Tags2007_R1_R1].plus_group	False
  tag_recapture[Tags2007_R1_R1].proportion_mortality	0.5
  tag_recapture[Tags2007_R1_R1].r	1e-11
  tag_recapture[Tags2007_R1_R1].recaptured_2008	0 0 0 0 0 0 0 0.1 0.8 3.2 8.8 17.2 24.9 28.2 26.2 20.9 15 10.2 6.8 4.6 3 1.9 1.1 0.6 0.3 0.1 0 0 0 0 0 0 0 0 0 0 0 0 0
  tag_recapture[Tags2007_R1_R1].recaptured_2009	0 0 0 0 0 0 0 0 0.1 0.8 2.7 6.8 12.3 17.3 19.6 18.5 15.1 11 7.4 4.8 3 1.9 1.2 0.7 0.4 0.2 0.1 0 0 0 0 0 0 0 0 0 0 0 0
  tag_recapture[Tags2007_R1_R1].recaptured_2010	0 0 0 0 0 0 0 0 0.1 0.3 1.4 4.1 8.4 12.4 14.3 13.6 11.5 9.2 7.1 5.2 3.7 2.5 1.6 1 0.6 0.4 0.2 0.1 0.1 0 0 0 0 0 0 0 0 0 0
  tag_recapture[Tags2007_R1_R1].sample	size
  tag_recapture[Tags2007_R1_R1].scanned_2008	0 0 0 2 28 344 2602 12332 40170 97884 182308 260086 291620 271378 224512 174626 131756 97934 71728 51120 35200 23658 15864 10828 7580 5410 3886 2772 1934 1300 826 490 266 132 58 24 8 2 0
  tag_recapture[Tags2007_R1_R1].scanned_2009	0 0 0 2 28 338 2596 13080 43468 101422 180382 255904 293398 278302 229716 175798 130724 96182 70174 50456 35360 24054 16060 10754 7362 5182 3714 2662 1866 1256 798 470 254 126 56 22 8 2 0
  tag_recapture[Tags2007_R1_R1].scanned_2010	0 0 0 2 30 342 2546 12914 45438 110634 193100 259840 288924 275666 231594 178066 131090 95240 68874 49434 34952 24134 16262 10830 7284 5028 3564 2550 1794 1212 770 454 246 120 54 22 8 2 0
  tag_recapture[Tags2007_R1_R1].step	1
  tag_recapture[Tags2007_R1_R1].tag_name	Tags2007_R1
  tag_recapture[Tags2007_R1_R1].years	2008 2009 2010
  tag_recapture[Tags2008_R1_R1].area	R1
  tag_recapture[Tags2008_R1_R1].class_mins	100 150 200 250 300 350 400 450 500 550 600 650 700 750 800 850 900 950 1000 1050 1100 1150 1200 1250 1300 1350 1400 1450 1500 1550 1600 1650 1700 1750 1800 1850 1900 1950 2000 2050
  tag_recapture[Tags2008_R1_R1].detection_probability	1
  tag_recapture[Tags2008_R1_R1].dispersion	1
  tag_recapture[Tags2008_R1_R1].do_bootstrap	True
  tag_recapture[Tags2008_R1_R1].plus_group	False
  tag_recapture[Tags2008_R1_R1].proportion_mortality	0.5
  tag_recapture[Tags2008_R1_R1].r	1e-11
  tag_recapture[Tags2008_R1_R1].recaptured_2009	0 0 0 0 0 0 0 0.1 0.7 2.8 7.9 15.9 24.3 28.5 27 21.8 15.9 11.1 7.7 5.5 3.7 2.4 1.4 0.7 0.3 0.1 0 0 0 0 0 0 0 0 0 0 0 0 0
  tag_recapture[Tags2008_R1_R1].recaptured_2010	0 0 0 0 0 0 0 0 0.2 0.8 2.9 7.3 13.1 18 19.8 18.2 14.5 10 6 3.2 1.6 0.8 0.4 0.3 0.2 0.2 0.1 0.1 0.1 0 0 0 0 0 0 0 0 0 0
  tag_recapture[Tags2008_R1_R1].sample	size
  tag_recapture[Tags2008_R1_R1].scanned_2009	0 0 0 2 28 338 2596 13080 43468 101422 180382 255904 293398 278302 229716 175798 130724 96182 70174 50456 35360 24054 16060 10754 7362 5182 3714 2662 1866 1256 798 470 254 126 56 22 8 2 0
  tag_recapture[Tags2008_R1_R1].scanned_2010	0 0 0 2 30 342 2546 12914 45438 110634 193100 259840 288924 275666 231594 178066 131090 95240 68874 49434 34952 24134 16262 10830 7284 5028 3564 2550 1794 1212 770 454 246 120 54 22 8 2 0
  tag_recapture[Tags2008_R1_R1].step	1
  tag_recapture[Tags2008_R1_R1].tag_name	Tags2008_R1
  tag_recapture[Tags2008_R1_R1].years	2009 2010
  tag_recapture[Tags2009_R1_R1].area	R1
  tag_recapture[Tags2009_R1_R1].class_mins	100 150 200 250 300 350 400 450 500 550 600 650 700 750 800 850 900 950 1000 1050 1100 1150 1200 1250 1300 1350 1400 1450 1500 1550 1600 1650 1700 1750 1800 1850 1900 1950 2000 2050
  tag_recapture[Tags2009_R1_R1].detection_probability	1
  tag_recapture[Tags2009_R1_R1].dispersion	1
  tag_recapture[Tags2009_R1_R1].do_bootstrap	True
  tag_recapture[Tags2009_R1_R1].plus_group	False
  tag_recapture[Tags2009_R1_R1].proportion_mortality	0.5
  tag_recapture[Tags2009_R1_R1].r	1e-11
  tag_recapture[Tags2009_R1_R1].recaptured_2010	0 0 0 0 0 0 0 0.1 0.7 3 8.9 18 26.6 30.6 29.3 24.6 18.8 13.4 8.9 5.7 3.7 2.3 1.5 0.9 0.5 0.3 0.1 0.1 0 0 0 0 0 0 0 0 0 0 0
  tag_recapture[Tags2009_R1_R1].sample	size
  tag_recapture[Tags2009_R1_R1].scanned_2010	0 0 0 2 30 342 2546 12914 45438 110634 193100 259840 288924 275666 231594 178066 131090 95240 68874 49434 34952 24134 16262 10830 7284 5028 3564 2550 1794 1212 770 454 246 120 54 22 8 2 0
  tag_recapture[Tags2009_R1_R1].step	1
  tag_recapture[Tags2009_R1_R1].tag_name	Tags2009_R1
  tag_recapture[Tags2009_R1_R1].years	2010
  vector_average_penalty[1].k   	1
  vector_average_penalty[1].label	meanYCS_1
  vector_average_penalty[1].multiplier	100
  vector_average_penalty[1].vector	recruitment.YCS
Stored as DOUBLEs: 
Stored as VECTORs: 
Stored as OGIVEs: 

Population parameters:
Stored as strings: 
  annual_cycle.M_props          	1
  annual_cycle.aging_time       	1
  annual_cycle.baranov          	False
  annual_cycle.fishery_areas    	R1
  annual_cycle.fishery_names    	LL1 LL2
  annual_cycle.fishery_times    	1 1
  annual_cycle.growth_props     	0
  annual_cycle.migrate_from     	R1
  annual_cycle.migrate_to       	R2
  annual_cycle.migration_names  	MoveRec_1_2
  annual_cycle.migration_times  	1
  annual_cycle.n_migrations     	0
  annual_cycle.recruitment_areas	R1
  annual_cycle.recruitment_time 	1
  annual_cycle.spawning_all_areas	1
  annual_cycle.spawning_p       	1
  annual_cycle.spawning_part_mort	0.5
  annual_cycle.spawning_time    	1
  annual_cycle.spawning_use_total_B	False
  annual_cycle.time_steps       	1
  area_names                    	R1
  current                       	2010
  final                         	2045
  first_random_year             	2007
  fishery[LL1].U_max            	0.95
  fishery[LL1].catches          	0 6000 6000 6000 6000 6000 6000 6000 6000 6000 6000 6000 6000 6000 6000 6000 6000 6000 6000 6000 6000
  fishery[LL1].future_constant_catches	200
  fishery[LL1].selectivity      	SelLL
  fishery[LL1].years            	1990 1991 1992 1993 1994 1995 1996 1997 1998 1999 2000 2001 2002 2003 2004 2005 2006 2007 2008 2009 2010
  fishery[LL2].U_max            	0.95
  fishery[LL2].catches          	0 6000 6000 6000 6000 6000 6000 6000 6000 6000 6000 6000 6000 6000 6000 6000 6000 6000 6000 6000 6000
  fishery[LL2].future_constant_catches	200
  fishery[LL2].selectivity      	SelLL
  fishery[LL2].years            	1990 1991 1992 1993 1994 1995 1996 1997 1998 1999 2000 2001 2002 2003 2004 2005 2006 2007 2008 2009 2010
  initial                       	1990
  initialization.B0             	448262
  mature_partition              	False
  maturity_props.all            	allvalues  0 0 0 0 0 0 0 0 0 0 0 0.1667 0.3333 0.5 0.6667 0.8333 1 1 1 1 1 1 1 1 1 1 1 1 1 1
  max_age                       	30
  min_age                       	1
  n_areas                       	1
  n_stocks                      	1
  n_tags                        	5
  natural_mortality.all         	0.155
  plus_group                    	True
  randomisation_method          	lognormal
  recruitment.SR                	BH
  recruitment.YCS               	1 1 1 1 1 1 1 1 1 1 1 1 1 1 1 1 1 1 1 1 1
  recruitment.YCS_years         	1989 1990 1991 1992 1993 1994 1995 1996 1997 1998 1999 2000 2001 2002 2003 2004 2005 2006 2007 2008 2009
  recruitment.first_free        	1989
  recruitment.last_free         	2006
  recruitment.p_male            	0.5
  recruitment.rho               	0
  recruitment.sigma_r           	0.6
  recruitment.steepness         	0.7
  recruitment.year_range        	1989 2006
  selectivity[SelLL].all        	double_normal 10 2 10
  selectivity_names             	SelLL
  sex_partition                 	False
  size_at_age.Linf              	2870
  size_at_age.by_length         	True
  size_at_age.cv                	0.1
  size_at_age.k                 	0.02056
  size_at_age.t0                	-4.2897
  size_at_age_dist              	normal
  size_at_age_type              	von_Bert
  size_based                    	False
  size_weight.a                 	2.59e-12
  size_weight.b                 	3.2064
  size_weight.verify_size_weight	500 0.5 1.5
  standardise_YCS               	True
  tag[Tags2005_R1_LL1].area     	R1
  tag[Tags2005_R1_LL1].class_mins	100 150 200 250 300 350 400 450 500 550 600 650 700 750 800 850 900 950 1000 1050 1100 1150 1200 1250 1300 1350 1400 1450 1500 1550 1600 1650 1700 1750 1800 1850 1900 1950 2000 2050
  tag[Tags2005_R1_LL1].mature_only	False
  tag[Tags2005_R1_LL1].mortality	0.1
  tag[Tags2005_R1_LL1].number   	2500
  tag[Tags2005_R1_LL1].ogive    	SelLL
  tag[Tags2005_R1_LL1].plus_group	False
  tag[Tags2005_R1_LL1].props_all	0 0 0 0 0 1e-04 8e-04 0.0048 0.0184 0.0472 0.088 0.1245 0.1388 0.1298 0.1103 0.0896 0.0694 0.0511 0.0362 0.0255 0.0183 0.0135 0.01 0.0073 0.0052 0.0037 0.0025 0.0018 0.0012 8e-04 5e-04 3e-04 2e-04 1e-04 0 0 0 0 0
  tag[Tags2005_R1_LL1].release_type	deterministic
  tag[Tags2005_R1_LL1].sex      	both
  tag[Tags2005_R1_LL1].step     	1
  tag[Tags2005_R1_LL1].tag_name 	Tags2005_R1
  tag[Tags2005_R1_LL1].year     	2005
  tag[Tags2006_R1_LL1].area     	R1
  tag[Tags2006_R1_LL1].class_mins	100 150 200 250 300 350 400 450 500 550 600 650 700 750 800 850 900 950 1000 1050 1100 1150 1200 1250 1300 1350 1400 1450 1500 1550 1600 1650 1700 1750 1800 1850 1900 1950 2000 2050
  tag[Tags2006_R1_LL1].mature_only	False
  tag[Tags2006_R1_LL1].mortality	0.1
  tag[Tags2006_R1_LL1].number   	2500
  tag[Tags2006_R1_LL1].ogive    	SelLL
  tag[Tags2006_R1_LL1].plus_group	False
  tag[Tags2006_R1_LL1].props_all	0 0 0 0 0 2e-04 0.0013 0.0058 0.0198 0.0485 0.0873 0.1222 0.1397 0.1351 0.1154 0.0921 0.0705 0.0511 0.0349 0.023 0.0152 0.0104 0.0075 0.0055 0.0041 0.0031 0.0023 0.0017 0.0012 9e-04 6e-04 3e-04 2e-04 1e-04 0 0 0 0 0
  tag[Tags2006_R1_LL1].release_type	deterministic
  tag[Tags2006_R1_LL1].sex      	both
  tag[Tags2006_R1_LL1].step     	1
  tag[Tags2006_R1_LL1].tag_name 	Tags2006_R1
  tag[Tags2006_R1_LL1].year     	2006
  tag[Tags2007_R1_LL1].area     	R1
  tag[Tags2007_R1_LL1].class_mins	100 150 200 250 300 350 400 450 500 550 600 650 700 750 800 850 900 950 1000 1050 1100 1150 1200 1250 1300 1350 1400 1450 1500 1550 1600 1650 1700 1750 1800 1850 1900 1950 2000 2050
  tag[Tags2007_R1_LL1].mature_only	False
  tag[Tags2007_R1_LL1].mortality	0.1
  tag[Tags2007_R1_LL1].number   	2500
  tag[Tags2007_R1_LL1].ogive    	SelLL
  tag[Tags2007_R1_LL1].plus_group	False
  tag[Tags2007_R1_LL1].props_all	0 0 0 0 0 1e-04 0.0011 0.0056 0.0193 0.0485 0.0889 0.124 0.139 0.1322 0.1118 0.0878 0.0669 0.0504 0.0372 0.0265 0.0183 0.0125 0.0087 0.0062 0.0045 0.0032 0.0024 0.0017 0.0012 8e-04 5e-04 3e-04 2e-04 1e-04 0 0 0 0 0
  tag[Tags2007_R1_LL1].release_type	deterministic
  tag[Tags2007_R1_LL1].sex      	both
  tag[Tags2007_R1_LL1].step     	1
  tag[Tags2007_R1_LL1].tag_name 	Tags2007_R1
  tag[Tags2007_R1_LL1].year     	2007
  tag[Tags2008_R1_LL1].area     	R1
  tag[Tags2008_R1_LL1].class_mins	100 150 200 250 300 350 400 450 500 550 600 650 700 750 800 850 900 950 1000 1050 1100 1150 1200 1250 1300 1350 1400 1450 1500 1550 1600 1650 1700 1750 1800 1850 1900 1950 2000 2050
  tag[Tags2008_R1_LL1].mature_only	False
  tag[Tags2008_R1_LL1].mortality	0.1
  tag[Tags2008_R1_LL1].number   	2500
  tag[Tags2008_R1_LL1].ogive    	SelLL
  tag[Tags2008_R1_LL1].plus_group	False
  tag[Tags2008_R1_LL1].props_all	0 0 0 0 0 1e-04 0.0012 0.0062 0.0205 0.0497 0.0924 0.1328 0.1497 0.1384 0.112 0.0842 0.0614 0.0445 0.0322 0.0228 0.0157 0.0106 0.0073 0.0052 0.0038 0.0029 0.0022 0.0016 0.0011 7e-04 4e-04 3e-04 1e-04 1e-04 0 0 0 0 0
  tag[Tags2008_R1_LL1].release_type	deterministic
  tag[Tags2008_R1_LL1].sex      	both
  tag[Tags2008_R1_LL1].step     	1
  tag[Tags2008_R1_LL1].tag_name 	Tags2008_R1
  tag[Tags2008_R1_LL1].year     	2008
  tag[Tags2009_R1_LL1].area     	R1
  tag[Tags2009_R1_LL1].class_mins	100 150 200 250 300 350 400 450 500 550 600 650 700 750 800 850 900 950 1000 1050 1100 1150 1200 1250 1300 1350 1400 1450 1500 1550 1600 1650 1700 1750 1800 1850 1900 1950 2000 2050
  tag[Tags2009_R1_LL1].mature_only	False
  tag[Tags2009_R1_LL1].mortality	0.1
  tag[Tags2009_R1_LL1].number   	2500
  tag[Tags2009_R1_LL1].ogive    	SelLL
  tag[Tags2009_R1_LL1].plus_group	False
  tag[Tags2009_R1_LL1].props_all	0 0 0 0 0 1e-04 0.0012 0.0063 0.0213 0.0502 0.0897 0.1266 0.1435 0.135 0.1117 0.0864 0.065 0.0482 0.0352 0.0253 0.0178 0.0122 0.0082 0.0055 0.0037 0.0025 0.0017 0.0011 7e-04 4e-04 3e-04 1e-04 1e-04 0 0 0 0 0 0
  tag[Tags2009_R1_LL1].release_type	deterministic
  tag[Tags2009_R1_LL1].sex      	both
  tag[Tags2009_R1_LL1].step     	1
  tag[Tags2009_R1_LL1].tag_name 	Tags2009_R1
  tag[Tags2009_R1_LL1].year     	2009
  tag_growth_loss[Tags2005_R1].nogrowth_period	0
  tag_growth_loss[Tags2006_R1].nogrowth_period	0
  tag_growth_loss[Tags2007_R1].nogrowth_period	0
  tag_growth_loss[Tags2008_R1].nogrowth_period	0
  tag_growth_loss[Tags2009_R1].nogrowth_period	0
  tag_loss_props                	1
  tag_names                     	Tags2005_R1 Tags2006_R1 Tags2007_R1 Tags2008_R1 Tags2009_R1
  tag_shedding_rate             	0.0084 0.0084 0.0084 0.0084 0.0084
  y_enter                       	1
Stored as DOUBLEs: 
Stored as VECTORs: 
Stored as OGIVEs: 

Output parameters:
Stored as strings: 
  n_projections                 	100
  numbers_at[Numbers_at_age_R1].area	R1
  numbers_at[Numbers_at_age_R1].proportion_mortality	0.5
  numbers_at[Numbers_at_age_R1].step	1
  numbers_at[Numbers_at_age_R1].years	1990 1991 1992 1993 1994 1995 1996 1997 1998 1999 2000 2001 2002 2003 2004 2005 2006 2007 2008 2009 2010
  print.covariance              	true
  print.estimation_section      	true
  print.final_state             	false
  print.fits                    	true
  print.fits_every_eval         	false
  print.initial_state           	false
  print.normalised_resids       	true
  print.objective_every_eval    	false
  print.parameter_vector_every_eval	false
  print.parameters              	true
  print.parameters_every_eval   	false
  print.pearson_resids          	true
  print.requests                	false
  print.resids                  	true
  print.results                 	false
  print.state_annually          	false
  print.state_every_step        	false
  print.unused_parameters       	true
  print.yields                  	true
  quantities.B0                 	true
  quantities.R0                 	true
  quantities.SSBs               	true
  quantities.YCS                	true
  quantities.actual_catches     	false
  quantities.all_free_parameters	true
  quantities.fishing_pressures  	true
  quantities.nuisance_qs        	true
  quantities.recruitments       	true
  quantities.true_YCS           	true
Stored as DOUBLEs: 
Stored as VECTORs: 
Stored as OGIVEs: 

A fish of size 500 cm has a weight of 1.16755 kg in your model. This size-weight scale check assumes that the growth curve is in centimetres, and that the catch is in tonnes.

A fish of size 500 cm has a weight of 1.16755 kg in your model. This size-weight scale check assumes that the growth curve is in centimetres, and that the catch is in tonnes.

Estimation section :

Objective function: Bayes

Minimiser convergence threshold: 0.001


Observations:

The observations are:
LL1_catchA
Tags2005_R1_R1
Tags2006_R1_R1
Tags2007_R1_R1
Tags2008_R1_R1
Tags2009_R1_R1
Fits follow:

LL1_catchA :
catch proportions-at-age for fishery LL1  with ageing error (constrained to sum to 1):
obs (last class is a plus group):
class 1       2       3       4       5       6       7       8       9       10      11      12      13      14      15      16      17      18      19      20      21      22      23      24      25      26      27      28      29      30      
2000 0       0       0       0.002   0.002   0.02    0.076   0.118   0.217   0.089   0.136   0.061   0.062   0.024   0.045   0.062   0.01    0.011   0.012   0.017   0.007   0.006   0.005   0.007   0.004   0.003   0.001   0.002   0       0.001   
2001 0       0       0       0       0.007   0.013   0.047   0.164   0.149   0.194   0.055   0.107   0.04    0.048   0.024   0.03    0.056   0.006   0.01    0.005   0.009   0.009   0.005   0.007   0.005   0       0.004   0.001   0.001   0.004   
2002 0       0       0       0       0.006   0.029   0.043   0.106   0.195   0.137   0.152   0.057   0.086   0.037   0.038   0.013   0.016   0.038   0.008   0.006   0.004   0.011   0.003   0.004   0.003   0.002   0.003   0.001   0       0.002   
2003 0       0       0       0       0.001   0.021   0.083   0.071   0.134   0.198   0.123   0.109   0.049   0.06    0.012   0.03    0.012   0.019   0.035   0.002   0.004   0.01    0.009   0.002   0.006   0.003   0.001   0.001   0       0.005   
2004 0       0       0       0.002   0.01    0.013   0.056   0.155   0.103   0.128   0.158   0.094   0.088   0.029   0.048   0.021   0.021   0.004   0.018   0.022   0.006   0.004   0.003   0.003   0.003   0.003   0.004   0.002   0       0.002   
2005 0       0       0       0       0.005   0.027   0.053   0.102   0.191   0.1     0.1     0.111   0.079   0.077   0.034   0.043   0.015   0.013   0.003   0.014   0.015   0.004   0.003   0.004   0       0       0.001   0.001   0.002   0.003   
2006 0       0       0       0.001   0.003   0.019   0.074   0.114   0.133   0.201   0.084   0.085   0.098   0.052   0.05    0.015   0.029   0.007   0.011   0.002   0.006   0.006   0.001   0.001   0       0.002   0       0.001   0.001   0.004   
2007 0       0       0       0       0.006   0.022   0.049   0.124   0.136   0.145   0.17    0.053   0.068   0.067   0.043   0.048   0.012   0.016   0.013   0.008   0.005   0.003   0.004   0.001   0.002   0.001   0       0       0       0.004   
2008 0       0       0       0       0.009   0.014   0.048   0.121   0.176   0.128   0.123   0.116   0.044   0.046   0.053   0.02    0.033   0.01    0.02    0.006   0.01    0.003   0.002   0.006   0.001   0       0.002   0.001   0.001   0.007   
2009 0       0       0.001   0.002   0.01    0.022   0.057   0.112   0.15    0.181   0.098   0.09    0.082   0.028   0.031   0.037   0.03    0.025   0.006   0.015   0.001   0.003   0.001   0.001   0.006   0       0.001   0.002   0.001   0.007   
2010 0       0       0       0.002   0.011   0.02    0.078   0.094   0.155   0.148   0.137   0.079   0.068   0.066   0.022   0.022   0.026   0.015   0.019   0.009   0.011   0.004   0.005   0.001   0       0.005   0       0       0       0.003   
objective function: multinomial likelihood, with delta = 1e-011, N =
100 100 100 100 100 100 100 100 100 100 100 100 100 100 100 100 100 100 100 100 100 100 100 100 100 100 100 100 100 100 
100 100 100 100 100 100 100 100 100 100 100 100 100 100 100 100 100 100 100 100 100 100 100 100 100 100 100 100 100 100 
100 100 100 100 100 100 100 100 100 100 100 100 100 100 100 100 100 100 100 100 100 100 100 100 100 100 100 100 100 100 
100 100 100 100 100 100 100 100 100 100 100 100 100 100 100 100 100 100 100 100 100 100 100 100 100 100 100 100 100 100 
100 100 100 100 100 100 100 100 100 100 100 100 100 100 100 100 100 100 100 100 100 100 100 100 100 100 100 100 100 100 
100 100 100 100 100 100 100 100 100 100 100 100 100 100 100 100 100 100 100 100 100 100 100 100 100 100 100 100 100 100 
100 100 100 100 100 100 100 100 100 100 100 100 100 100 100 100 100 100 100 100 100 100 100 100 100 100 100 100 100 100 
100 100 100 100 100 100 100 100 100 100 100 100 100 100 100 100 100 100 100 100 100 100 100 100 100 100 100 100 100 100 
100 100 100 100 100 100 100 100 100 100 100 100 100 100 100 100 100 100 100 100 100 100 100 100 100 100 100 100 100 100 
100 100 100 100 100 100 100 100 100 100 100 100 100 100 100 100 100 100 100 100 100 100 100 100 100 100 100 100 100 100 
100 100 100 100 100 100 100 100 100 100 100 100 100 100 100 100 100 100 100 100 100 100 100 100 100 100 100 100 100 100 

Tags2005_R1_R1 :
tag-recapture data for tag Tags2005_R1 in years 2006 2007 2008 2009 2010 , step 1, after proportion 0.5 of mortality, with sampling method size, detection probability 1.
Year 2006
class scanned recaptured
100 0 0
150 0 0
200 0 0
250 2 0
300 28 0
350 320 0
400 2302 0
450 11502 0.1
500 39770 0.7
550 96806 2.8
600 173902 7.5
650 243624 15.3
700 277690 23.5
750 266092 27.8
800 224820 26.6
850 178122 22.1
900 136978 16.6
950 101584 11.4
1000 71958 7.5
1050 49292 4.8
1100 33518 3.2
1150 23134 2.2
1200 16316 1.5
1250 11662 1
1300 8346 0.6
1350 5944 0.3
1400 4222 0.1
1450 2988 0.1
1500 2086 0
1550 1406 0
1600 896 0
1650 530 0
1700 286 0
1750 140 0
1800 62 0
1850 24 0
1900 8 0
1950 2 0
2000 0 0


Year 2007
class scanned recaptured
100 0 0
150 0 0
200 0 0
250 2 0
300 28 0
350 344 0
400 2442 0
450 11568 0
500 39724 0.2
550 99366 1
600 181960 3.4
650 252416 8.4
700 280488 14.7
750 265182 19.3
800 224010 20.1
850 176300 17.8
900 134278 14.2
950 100438 10.7
1000 72920 7.6
1050 50898 5.2
1100 34514 3.4
1150 23278 2.2
1200 15942 1.4
1250 11162 0.9
1300 7944 0.6
1350 5686 0.4
1400 4062 0.2
1450 2880 0.1
1500 2006 0
1550 1350 0
1600 862 0
1650 512 0
1700 278 0
1750 138 0
1800 62 0
1850 24 0
1900 8 0
1950 2 0
2000 0 0


Year 2008
class scanned recaptured
100 0 0
150 0 0
200 0 0
250 2 0
300 28 0
350 344 0
400 2602 0
450 12332 0
500 40170 0.1
550 97884 0.4
600 182308 1.6
650 260086 4.3
700 291620 8.5
750 271378 12.8
800 224512 15.3
850 174626 15.1
900 131756 13
950 97934 10
1000 71728 7.1
1050 51120 4.6
1100 35200 2.9
1150 23658 1.7
1200 15864 0.9
1250 10828 0.5
1300 7580 0.2
1350 5410 0.1
1400 3886 0.1
1450 2772 0
1500 1934 0
1550 1300 0
1600 826 0
1650 490 0
1700 266 0
1750 132 0
1800 58 0
1850 24 0
1900 8 0
1950 2 0
2000 0 0


Year 2009
class scanned recaptured
100 0 0
150 0 0
200 0 0
250 2 0
300 28 0
350 338 0
400 2596 0
450 13080 0
500 43468 0
550 101422 0.1
600 180382 0.6
650 255904 1.7
700 293398 3.8
750 278302 6.6
800 229716 9.3
850 175798 10.9
900 130724 10.9
950 96182 9.6
1000 70174 7.7
1050 50456 5.8
1100 35360 4.2
1150 24054 3
1200 16060 2
1250 10754 1.3
1300 7362 0.8
1350 5182 0.4
1400 3714 0.2
1450 2662 0.1
1500 1866 0.1
1550 1256 0
1600 798 0
1650 470 0
1700 254 0
1750 126 0
1800 56 0
1850 22 0
1900 8 0
1950 2 0
2000 0 0


Year 2010
class scanned recaptured
100 0 0
150 0 0
200 0 0
250 2 0
300 30 0
350 342 0
400 2546 0
450 12914 0
500 45438 0
550 110634 0
600 193100 0.2
650 259840 0.7
700 288924 1.9
750 275666 4.2
800 231594 7.1
850 178066 9.7
900 131090 10.7
950 95240 9.8
1000 68874 7.6
1050 49434 5.3
1100 34952 3.4
1150 24134 2.1
1200 16262 1.2
1250 10830 0.6
1300 7284 0.3
1350 5028 0.1
1400 3564 0
1450 2550 0
1500 1794 0
1550 1212 0
1600 770 0
1650 454 0
1700 246 0
1750 120 0
1800 54 0
1850 22 0
1900 8 0
1950 2 0
2000 0 0


Tags2006_R1_R1 :
tag-recapture data for tag Tags2006_R1 in years 2007 2008 2009 2010 , step 1, after proportion 0.5 of mortality, with sampling method size, detection probability 1.
Year 2007
class scanned recaptured
100 0 0
150 0 0
200 0 0
250 2 0
300 28 0
350 344 0
400 2442 0
450 11568 0.1
500 39724 0.4
550 99366 1.9
600 181960 6.1
650 252416 13.7
700 280488 22.7
750 265182 28.4
800 224010 28.3
850 176300 23.8
900 134278 18.2
950 100438 13.1
1000 72920 9
1050 50898 6
1100 34514 3.8
1150 23278 2.3
1200 15942 1.4
1250 11162 0.8
1300 7944 0.5
1350 5686 0.3
1400 4062 0.2
1450 2880 0.1
1500 2006 0
1550 1350 0
1600 862 0
1650 512 0
1700 278 0
1750 138 0
1800 62 0
1850 24 0
1900 8 0
1950 2 0
2000 0 0


Year 2008
class scanned recaptured
100 0 0
150 0 0
200 0 0
250 2 0
300 28 0
350 344 0
400 2602 0
450 12332 0
500 40170 0.2
550 97884 1
600 182308 3.5
650 260086 8.1
700 291620 13.7
750 271378 17.8
800 224512 19.1
850 174626 18.1
900 131756 15.8
950 97934 13
1000 71728 10
1050 51120 6.9
1100 35200 4.2
1150 23658 2.3
1200 15864 1.2
1250 10828 0.6
1300 7580 0.4
1350 5410 0.3
1400 3886 0.3
1450 2772 0.2
1500 1934 0.1
1550 1300 0.1
1600 826 0
1650 490 0
1700 266 0
1750 132 0
1800 58 0
1850 24 0
1900 8 0
1950 2 0
2000 0 0


Year 2009
class scanned recaptured
100 0 0
150 0 0
200 0 0
250 2 0
300 28 0
350 338 0
400 2596 0
450 13080 0
500 43468 0.1
550 101422 0.4
600 180382 1.6
650 255904 4.2
700 293398 8.2
750 278302 12.8
800 229716 16
850 175798 16.7
900 130724 14.8
950 96182 11.4
1000 70174 8.1
1050 50456 5.4
1100 35360 3.5
1150 24054 2.1
1200 16060 1.2
1250 10754 0.7
1300 7362 0.4
1350 5182 0.2
1400 3714 0.1
1450 2662 0.1
1500 1866 0
1550 1256 0
1600 798 0
1650 470 0
1700 254 0
1750 126 0
1800 56 0
1850 22 0
1900 8 0
1950 2 0
2000 0 0


Year 2010
class scanned recaptured
100 0 0
150 0 0
200 0 0
250 2 0
300 30 0
350 342 0
400 2546 0
450 12914 0
500 45438 0
550 110634 0.1
600 193100 0.5
650 259840 1.6
700 288924 3.6
750 275666 6.3
800 231594 8.8
850 178066 10.4
900 131090 10.4
950 95240 8.9
1000 68874 6.7
1050 49434 4.6
1100 34952 3.1
1150 24134 2.1
1200 16262 1.4
1250 10830 0.8
1300 7284 0.5
1350 5028 0.2
1400 3564 0.1
1450 2550 0
1500 1794 0
1550 1212 0
1600 770 0
1650 454 0
1700 246 0
1750 120 0
1800 54 0
1850 22 0
1900 8 0
1950 2 0
2000 0 0


Tags2007_R1_R1 :
tag-recapture data for tag Tags2007_R1 in years 2008 2009 2010 , step 1, after proportion 0.5 of mortality, with sampling method size, detection probability 1.
Year 2008
class scanned recaptured
100 0 0
150 0 0
200 0 0
250 2 0
300 28 0
350 344 0
400 2602 0
450 12332 0.1
500 40170 0.8
550 97884 3.2
600 182308 8.8
650 260086 17.2
700 291620 24.9
750 271378 28.2
800 224512 26.2
850 174626 20.9
900 131756 15
950 97934 10.2
1000 71728 6.8
1050 51120 4.6
1100 35200 3
1150 23658 1.9
1200 15864 1.1
1250 10828 0.6
1300 7580 0.3
1350 5410 0.1
1400 3886 0
1450 2772 0
1500 1934 0
1550 1300 0
1600 826 0
1650 490 0
1700 266 0
1750 132 0
1800 58 0
1850 24 0
1900 8 0
1950 2 0
2000 0 0


Year 2009
class scanned recaptured
100 0 0
150 0 0
200 0 0
250 2 0
300 28 0
350 338 0
400 2596 0
450 13080 0
500 43468 0.1
550 101422 0.8
600 180382 2.7
650 255904 6.8
700 293398 12.3
750 278302 17.3
800 229716 19.6
850 175798 18.5
900 130724 15.1
950 96182 11
1000 70174 7.4
1050 50456 4.8
1100 35360 3
1150 24054 1.9
1200 16060 1.2
1250 10754 0.7
1300 7362 0.4
1350 5182 0.2
1400 3714 0.1
1450 2662 0
1500 1866 0
1550 1256 0
1600 798 0
1650 470 0
1700 254 0
1750 126 0
1800 56 0
1850 22 0
1900 8 0
1950 2 0
2000 0 0


Year 2010
class scanned recaptured
100 0 0
150 0 0
200 0 0
250 2 0
300 30 0
350 342 0
400 2546 0
450 12914 0
500 45438 0.1
550 110634 0.3
600 193100 1.4
650 259840 4.1
700 288924 8.4
750 275666 12.4
800 231594 14.3
850 178066 13.6
900 131090 11.5
950 95240 9.2
1000 68874 7.1
1050 49434 5.2
1100 34952 3.7
1150 24134 2.5
1200 16262 1.6
1250 10830 1
1300 7284 0.6
1350 5028 0.4
1400 3564 0.2
1450 2550 0.1
1500 1794 0.1
1550 1212 0
1600 770 0
1650 454 0
1700 246 0
1750 120 0
1800 54 0
1850 22 0
1900 8 0
1950 2 0
2000 0 0


Tags2008_R1_R1 :
tag-recapture data for tag Tags2008_R1 in years 2009 2010 , step 1, after proportion 0.5 of mortality, with sampling method size, detection probability 1.
Year 2009
class scanned recaptured
100 0 0
150 0 0
200 0 0
250 2 0
300 28 0
350 338 0
400 2596 0
450 13080 0.1
500 43468 0.7
550 101422 2.8
600 180382 7.9
650 255904 15.9
700 293398 24.3
750 278302 28.5
800 229716 27
850 175798 21.8
900 130724 15.9
950 96182 11.1
1000 70174 7.7
1050 50456 5.5
1100 35360 3.7
1150 24054 2.4
1200 16060 1.4
1250 10754 0.7
1300 7362 0.3
1350 5182 0.1
1400 3714 0
1450 2662 0
1500 1866 0
1550 1256 0
1600 798 0
1650 470 0
1700 254 0
1750 126 0
1800 56 0
1850 22 0
1900 8 0
1950 2 0
2000 0 0


Year 2010
class scanned recaptured
100 0 0
150 0 0
200 0 0
250 2 0
300 30 0
350 342 0
400 2546 0
450 12914 0
500 45438 0.2
550 110634 0.8
600 193100 2.9
650 259840 7.3
700 288924 13.1
750 275666 18
800 231594 19.8
850 178066 18.2
900 131090 14.5
950 95240 10
1000 68874 6
1050 49434 3.2
1100 34952 1.6
1150 24134 0.8
1200 16262 0.4
1250 10830 0.3
1300 7284 0.2
1350 5028 0.2
1400 3564 0.1
1450 2550 0.1
1500 1794 0.1
1550 1212 0
1600 770 0
1650 454 0
1700 246 0
1750 120 0
1800 54 0
1850 22 0
1900 8 0
1950 2 0
2000 0 0


Tags2009_R1_R1 :
tag-recapture data for tag Tags2009_R1 in years 2010 , step 1, after proportion 0.5 of mortality, with sampling method size, detection probability 1.
Year 2010
class scanned recaptured
100 0 0
150 0 0
200 0 0
250 2 0
300 30 0
350 342 0
400 2546 0
450 12914 0.1
500 45438 0.7
550 110634 3
600 193100 8.9
650 259840 18
700 288924 26.6
750 275666 30.6
800 231594 29.3
850 178066 24.6
900 131090 18.8
950 95240 13.4
1000 68874 8.9
1050 49434 5.7
1100 34952 3.7
1150 24134 2.3
1200 16262 1.5
1250 10830 0.9
1300 7284 0.5
1350 5028 0.3
1400 3564 0.1
1450 2550 0.1
1500 1794 0
1550 1212 0
1600 770 0
1650 454 0
1700 246 0
1750 120 0
1800 54 0
1850 22 0
1900 8 0
1950 2 0
2000 0 0



Ageing_error:
  Misclassification matrix:
1 0 0 0 0 0 0 0 0 0 0 0 0 0 0 0 0 0 0 0 0 0 0 0 0 0 0 0 0 0 
0 1 0 0 0 0 0 0 0 0 0 0 0 0 0 0 0 0 0 0 0 0 0 0 0 0 0 0 0 0 
0 0 1 0 0 0 0 0 0 0 0 0 0 0 0 0 0 0 0 0 0 0 0 0 0 0 0 0 0 0 
0 0 0 1 0 0 0 0 0 0 0 0 0 0 0 0 0 0 0 0 0 0 0 0 0 0 0 0 0 0 
0 0 0 0 1 0 0 0 0 0 0 0 0 0 0 0 0 0 0 0 0 0 0 0 0 0 0 0 0 0 
0 0 0 0 0 1 0 0 0 0 0 0 0 0 0 0 0 0 0 0 0 0 0 0 0 0 0 0 0 0 
0 0 0 0 0 0 1 0 0 0 0 0 0 0 0 0 0 0 0 0 0 0 0 0 0 0 0 0 0 0 
0 0 0 0 0 0 0 1 0 0 0 0 0 0 0 0 0 0 0 0 0 0 0 0 0 0 0 0 0 0 
0 0 0 0 0 0 0 0 1 0 0 0 0 0 0 0 0 0 0 0 0 0 0 0 0 0 0 0 0 0 
0 0 0 0 0 0 0 0 0 1 0 0 0 0 0 0 0 0 0 0 0 0 0 0 0 0 0 0 0 0 
0 0 0 0 0 0 0 0 0 0 1 0 0 0 0 0 0 0 0 0 0 0 0 0 0 0 0 0 0 0 
0 0 0 0 0 0 0 0 0 0 0 1 0 0 0 0 0 0 0 0 0 0 0 0 0 0 0 0 0 0 
0 0 0 0 0 0 0 0 0 0 0 0 1 0 0 0 0 0 0 0 0 0 0 0 0 0 0 0 0 0 
0 0 0 0 0 0 0 0 0 0 0 0 0 1 0 0 0 0 0 0 0 0 0 0 0 0 0 0 0 0 
0 0 0 0 0 0 0 0 0 0 0 0 0 0 1 0 0 0 0 0 0 0 0 0 0 0 0 0 0 0 
0 0 0 0 0 0 0 0 0 0 0 0 0 0 0 1 0 0 0 0 0 0 0 0 0 0 0 0 0 0 
0 0 0 0 0 0 0 0 0 0 0 0 0 0 0 0 1 0 0 0 0 0 0 0 0 0 0 0 0 0 
0 0 0 0 0 0 0 0 0 0 0 0 0 0 0 0 0 1 0 0 0 0 0 0 0 0 0 0 0 0 
0 0 0 0 0 0 0 0 0 0 0 0 0 0 0 0 0 0 1 0 0 0 0 0 0 0 0 0 0 0 
0 0 0 0 0 0 0 0 0 0 0 0 0 0 0 0 0 0 0 1 0 0 0 0 0 0 0 0 0 0 
0 0 0 0 0 0 0 0 0 0 0 0 0 0 0 0 0 0 0 0 1 0 0 0 0 0 0 0 0 0 
0 0 0 0 0 0 0 0 0 0 0 0 0 0 0 0 0 0 0 0 0 1 0 0 0 0 0 0 0 0 
0 0 0 0 0 0 0 0 0 0 0 0 0 0 0 0 0 0 0 0 0 0 1 0 0 0 0 0 0 0 
0 0 0 0 0 0 0 0 0 0 0 0 0 0 0 0 0 0 0 0 0 0 0 1 0 0 0 0 0 0 
0 0 0 0 0 0 0 0 0 0 0 0 0 0 0 0 0 0 0 0 0 0 0 0 1 0 0 0 0 0 
0 0 0 0 0 0 0 0 0 0 0 0 0 0 0 0 0 0 0 0 0 0 0 0 0 1 0 0 0 0 
0 0 0 0 0 0 0 0 0 0 0 0 0 0 0 0 0 0 0 0 0 0 0 0 0 0 1 0 0 0 
0 0 0 0 0 0 0 0 0 0 0 0 0 0 0 0 0 0 0 0 0 0 0 0 0 0 0 1 0 0 
0 0 0 0 0 0 0 0 0 0 0 0 0 0 0 0 0 0 0 0 0 0 0 0 0 0 0 0 1 0 
0 0 0 0 0 0 0 0 0 0 0 0 0 0 0 0 0 0 0 0 0 0 0 0 0 0 0 0 0 1 

Free parameters:

initialization.B0
uniform: bounds from 5000 to 500000
current value: 448262
lower bound: 5000
upper bound: 500000


Q's:
qs are nuisance parameters

Penalties:
LL1_Penalty :
Catch limit penalty of 1000 x the sum of squares of (log(actual catch) - log(specified catch)) for fishery LL1 to disencourage breaking exploitation rate limits
LL2_Penalty :
Catch limit penalty of 1000 x the sum of squares of (log(actual catch) - log(specified catch)) for fishery LL2 to disencourage breaking exploitation rate limits
meanYCS_1 :
Vector average penalty of 100 x square of (mean(recruitment.YCS) - 1) 
Penalty_Tags2005_R1_LL1 :
'Fish-must-be-tagged' penalty of 1 x square of (actual number of tagged fish - nominal number of tagged fish) for tagging episode Tags2005_R1_LL1
Penalty_Tags2006_R1_LL1 :
'Fish-must-be-tagged' penalty of 1 x square of (actual number of tagged fish - nominal number of tagged fish) for tagging episode Tags2006_R1_LL1
Penalty_Tags2007_R1_LL1 :
'Fish-must-be-tagged' penalty of 1 x square of (actual number of tagged fish - nominal number of tagged fish) for tagging episode Tags2007_R1_LL1
Penalty_Tags2008_R1_LL1 :
'Fish-must-be-tagged' penalty of 1 x square of (actual number of tagged fish - nominal number of tagged fish) for tagging episode Tags2008_R1_LL1
Penalty_Tags2009_R1_LL1 :
'Fish-must-be-tagged' penalty of 1 x square of (actual number of tagged fish - nominal number of tagged fish) for tagging episode Tags2009_R1_LL1

Components of the objective function are:
  LL1_catchA
  Tags2005_R1_R1
  Tags2006_R1_R1
  Tags2007_R1_R1
  Tags2008_R1_R1
  Tags2009_R1_R1
  prior_on_initialization.B0
  LL1_Penalty
  LL2_Penalty
  meanYCS_1
  Penalty_Tags2005_R1_LL1
  Penalty_Tags2006_R1_LL1
  Penalty_Tags2007_R1_LL1
  Penalty_Tags2008_R1_LL1
  Penalty_Tags2009_R1_LL1

Random number seed : 58785


Minimiser achieved convergence after 6 quasi-Newton iterations using 8 objective function evaluations



Approximate Covariance matrix (Inverse Hessian of parameters at point estimate):
1.07155e+007 

Correlation matrix:
1 

List of parameter names, in the same order as the rows & cols of the covariance/correlation matrices:
initialization.B0 



Start extracting output from here

Point estimate:
initialization.B0
current value: 235354
lower bound: 5000
upper bound: 500000


In a format suitable for -i :

initialization.B0 
235354 

Objective function : 833.432

Components :
LL1_catchA                                         359.973
Tags2005_R1_R1                                     148.807
Tags2006_R1_R1                                     122.008
Tags2007_R1_R1                                     97.8221
Tags2008_R1_R1                                     66.0776
Tags2009_R1_R1                                     38.7439
prior_on_initialization.B0                         0
LL1_Penalty                                        0
LL2_Penalty                                        0
meanYCS_1                                          0
Penalty_Tags2005_R1_LL1                            2.06795e-025
Penalty_Tags2006_R1_LL1                            8.27181e-025
Penalty_Tags2007_R1_LL1                            2.06795e-025
Penalty_Tags2008_R1_LL1                            2.06795e-025
Penalty_Tags2009_R1_LL1                            8.27181e-025

Fits : 

The observations are:
LL1_catchA
Tags2005_R1_R1
Tags2006_R1_R1
Tags2007_R1_R1
Tags2008_R1_R1
Tags2009_R1_R1
Fits follow:

LL1_catchA :
catch proportions-at-age for fishery LL1  with ageing error (constrained to sum to 1):
obs (last class is a plus group):
class 1       2       3       4       5       6       7       8       9       10      11      12      13      14      15      16      17      18      19      20      21      22      23      24      25      26      27      28      29      30      
2000 0       0       0       0.002   0.002   0.02    0.076   0.118   0.217   0.089   0.136   0.061   0.062   0.024   0.045   0.062   0.01    0.011   0.012   0.017   0.007   0.006   0.005   0.007   0.004   0.003   0.001   0.002   0       0.001   
2001 0       0       0       0       0.007   0.013   0.047   0.164   0.149   0.194   0.055   0.107   0.04    0.048   0.024   0.03    0.056   0.006   0.01    0.005   0.009   0.009   0.005   0.007   0.005   0       0.004   0.001   0.001   0.004   
2002 0       0       0       0       0.006   0.029   0.043   0.106   0.195   0.137   0.152   0.057   0.086   0.037   0.038   0.013   0.016   0.038   0.008   0.006   0.004   0.011   0.003   0.004   0.003   0.002   0.003   0.001   0       0.002   
2003 0       0       0       0       0.001   0.021   0.083   0.071   0.134   0.198   0.123   0.109   0.049   0.06    0.012   0.03    0.012   0.019   0.035   0.002   0.004   0.01    0.009   0.002   0.006   0.003   0.001   0.001   0       0.005   
2004 0       0       0       0.002   0.01    0.013   0.056   0.155   0.103   0.128   0.158   0.094   0.088   0.029   0.048   0.021   0.021   0.004   0.018   0.022   0.006   0.004   0.003   0.003   0.003   0.003   0.004   0.002   0       0.002   
2005 0       0       0       0       0.005   0.027   0.053   0.102   0.191   0.1     0.1     0.111   0.079   0.077   0.034   0.043   0.015   0.013   0.003   0.014   0.015   0.004   0.003   0.004   0       0       0.001   0.001   0.002   0.003   
2006 0       0       0       0.001   0.003   0.019   0.074   0.114   0.133   0.201   0.084   0.085   0.098   0.052   0.05    0.015   0.029   0.007   0.011   0.002   0.006   0.006   0.001   0.001   0       0.002   0       0.001   0.001   0.004   
2007 0       0       0       0       0.006   0.022   0.049   0.124   0.136   0.145   0.17    0.053   0.068   0.067   0.043   0.048   0.012   0.016   0.013   0.008   0.005   0.003   0.004   0.001   0.002   0.001   0       0       0       0.004   
2008 0       0       0       0       0.009   0.014   0.048   0.121   0.176   0.128   0.123   0.116   0.044   0.046   0.053   0.02    0.033   0.01    0.02    0.006   0.01    0.003   0.002   0.006   0.001   0       0.002   0.001   0.001   0.007   
2009 0       0       0.001   0.002   0.01    0.022   0.057   0.112   0.15    0.181   0.098   0.09    0.082   0.028   0.031   0.037   0.03    0.025   0.006   0.015   0.001   0.003   0.001   0.001   0.006   0       0.001   0.002   0.001   0.007   
2010 0       0       0       0.002   0.011   0.02    0.078   0.094   0.155   0.148   0.137   0.079   0.068   0.066   0.022   0.022   0.026   0.015   0.019   0.009   0.011   0.004   0.005   0.001   0       0.005   0       0       0       0.003   
fits (last class is a plus group):
class 1       2       3       4       5       6       7       8       9       10      11      12      13      14      15      16      17      18      19      20      21      22      23      24      25      26      27      28      29      30      
2000 5.35997e-007 8.79363e-006 0.000101977 0.000835834 0.00484105 0.0197964 0.0569651 0.114365 0.158188 0.149841 0.116901 0.0902905 0.0691368 0.0525524 0.0397161 0.0299313 0.0226352 0.0173244 0.013455 0.0104719 0.00807449 0.00615985 0.00464301 0.00345337 0.00253157 0.00182727 0.00129755 0.000905901 0.000621576 0.00312685 
2001 5.39692e-007 8.85681e-006 0.000102747 0.000842515 0.00488218 0.0199749 0.0575028 0.115447 0.159556 0.151071 0.11766 0.0905921 0.0691454 0.0523864 0.0394427 0.029553 0.0220967 0.0165868 0.0126045 0.00971991 0.0075103 0.00574746 0.0043499 0.00325117 0.00239647 0.00174003 0.00124325 0.00087342 0.00060298 0.00310919 
2002 5.42871e-007 8.91103e-006 0.000103405 0.000848225 0.00491741 0.0201285 0.0579683 0.116389 0.160747 0.151938 0.118231 0.0908788 0.0691513 0.0522278 0.039199 0.029265 0.0217582 0.0161512 0.0120395 0.00908584 0.00695717 0.00533617 0.00405197 0.00304133 0.00225304 0.00164509 0.00118251 0.000835961 0.000580769 0.00307887 
2003 5.45679e-007 8.95882e-006 0.000103984 0.000853216 0.00494812 0.0202625 0.0583755 0.117215 0.161788 0.152687 0.118562 0.0910542 0.0691719 0.0520875 0.0389766 0.029011 0.0214953 0.0158689 0.0116997 0.0086626 0.00649247 0.00493571 0.0037569 0.00282956 0.00210531 0.00154509 0.00111698 0.000794468 0.00055544 0.00303609 
2004 5.48232e-007 9.00216e-006 0.000104507 0.000857704 0.00497556 0.0203818 0.058737 0.117947 0.162705 0.153335 0.118835 0.0910719 0.0691293 0.0519749 0.0387806 0.0287824 0.0212648 0.0156473 0.0114752 0.00840482 0.00618128 0.00460023 0.00347107 0.00262091 0.001957 0.00144266 0.00104836 0.00074998 0.000527579 0.00298118 
2005 5.50623e-007 9.04262e-006 0.000104993 0.000861859 0.0050008 0.0204905 0.0590645 0.118606 0.163523 0.153899 0.119058 0.0910683 0.0689844 0.0518281 0.0386152 0.028581 0.0210585 0.0154534 0.0112977 0.00823228 0.00599005 0.00437505 0.00323212 0.00241955 0.00181142 0.00134022 0.00097835 0.000703591 0.00049784 0.00291465 
2006 5.5293e-007 9.0815e-006 0.000105459 0.000865816 0.00502469 0.0205926 0.0593689 0.119211 0.164262 0.154394 0.119238 0.0910435 0.0688366 0.0516146 0.0384319 0.0284079 0.0208763 0.0152803 0.0111425 0.00809512 0.00586086 0.00423579 0.00307148 0.00225147 0.00167131 0.00123994 0.000908527 0.000656391 0.000466923 0.0028373 
2007 5.55205e-007 9.11963e-006 0.000105913 0.00086966 0.00504779 0.0206907 0.0596585 0.119779 0.164943 0.154833 0.119379 0.0909976 0.0686828 0.0514067 0.0382051 0.0282258 0.0207179 0.015127 0.0110039 0.00797513 0.00575771 0.00414105 0.00297166 0.00213834 0.00155447 0.00114359 0.00084029 0.000609399 0.000435518 0.00275007 
2008 5.57491e-007 9.15774e-006 0.000106365 0.000873463 0.00507052 0.0207867 0.0599397 0.120325 0.165584 0.155229 0.119487 0.090931 0.0685199 0.0511998 0.0379867 0.0280148 0.0205552 0.0149925 0.0108808 0.00786793 0.00566738 0.00406514 0.00290339 0.0020678 0.00147576 0.00106331 0.000774805 0.000563527 0.000404287 0.00265421 
2009 5.59821e-007 9.19641e-006 0.00010682 0.000877279 0.0050932 0.020882 0.0602173 0.120859 0.1662  0.155594 0.119569 0.0908448 0.0683458 0.0509896 0.0377717 0.0278121 0.0203731 0.0148561 0.0107721 0.00777238 0.00558657 0.00399858 0.00284853 0.00201935 0.00142656 0.00100919 0.000720265 0.000519539 0.000373823 0.00255113 
2010 5.62223e-007 9.23607e-006 0.000107285 0.000881153 0.00511611 0.0209777 0.0604946 0.121389 0.166804 0.15594 0.119629 0.0907407 0.0681593 0.050773 0.0375558 0.0276132 0.020198 0.0147064 0.0106625 0.00768749 0.00551429 0.00393892 0.00280035 0.00198034 0.00139267 0.000975298 0.000683487 0.000482914 0.000344623 0.00244242 
resids (last class is a plus group):
class 1       2       3       4       5       6       7       8       9       10      11      12      13      14      15      16      17      18      19      20      21      22      23      24      25      26      27      28      29      30      
2000 -5.35997e-007 -8.79363e-006 -0.000101977 0.00116417 -0.00284105 0.000203642 0.0190349 0.0036354 0.0588118 -0.0608413 0.0190987 -0.0292905 -0.00713677 -0.0285524 0.00528391 0.0320687 -0.0126352 -0.00632441 -0.00145495 0.00652814 -0.00107449 -0.00015985 0.000356988 0.00354663 0.00146843 0.00117273 -0.000297546 0.0010941 -0.000621576 -0.00212685 
2001 -5.39692e-007 -8.85681e-006 -0.000102747 -0.000842515 0.00211782 -0.00697488 -0.0105028 0.0485529 -0.0105562 0.0429294 -0.0626598 0.0164079 -0.0291454 -0.00438642 -0.0154427 0.000447004 0.0339033 -0.0105868 -0.00260453 -0.00471991 0.0014897 0.00325254 0.000650102 0.00374883 0.00260353 -0.00174003 0.00275675 0.00012658 0.00039702 0.000890807 
2002 -5.42871e-007 -8.91103e-006 -0.000103405 -0.000848225 0.00108259 0.0088715 -0.0149683 -0.0103892 0.0342532 -0.014938 0.0337688 -0.0338788 0.0168487 -0.0152278 -0.00119899 -0.016265 -0.0057582 0.0218488 -0.00403952 -0.00308584 -0.00295717 0.00566383 -0.00105197 0.000958674 0.000746958 0.00035491 0.00181749 0.000164039 -0.000580769 -0.00107887 
2003 -5.45679e-007 -8.95882e-006 -0.000103984 -0.000853216 -0.00394812 0.000737471 0.0246245 -0.046215 -0.0277881 0.0453133 0.00443847 0.0179458 -0.0201719 0.00791246 -0.0269766 0.000988992 -0.00949534 0.00313108 0.0233003 -0.0066626 -0.00249247 0.00506429 0.0052431 -0.000829563 0.00389469 0.00145491 -0.000116979 0.000205532 -0.00055544 0.00196391 
2004 -5.48232e-007 -9.00216e-006 -0.000104507 0.0011423 0.00502444 -0.00738175 -0.00273705 0.0370531 -0.0597055 -0.0253351 0.0391652 0.00292808 0.0188707 -0.0229749 0.00921944 -0.00778245 -0.000264758 -0.0116473 0.00652478 0.0135952 -0.000181281 -0.000600225 -0.000471071 0.000379087 0.001043 0.00155734 0.00295164 0.00125002 -0.000527579 -0.000981179 
2005 -5.50623e-007 -9.04262e-006 -0.000104993 -0.000861859 -7.9957e-007 0.0065095 -0.00606451 -0.0166057 0.0274774 -0.0538993 -0.0190584 0.0199317 0.0100156 0.0251719 -0.00461523 0.014419 -0.00605847 -0.00245339 -0.0082977 0.00576772 0.00900995 -0.000375049 -0.000232115 0.00158045 -0.00181142 -0.00134022 2.16497e-005 0.000296409 0.00150216 8.53457e-005 
2006 -5.5293e-007 -9.0815e-006 -0.000105459 0.000134184 -0.00202469 -0.00159263 0.0146311 -0.00521101 -0.0312618 0.0466062 -0.0352377 -0.00604351 0.0291634 0.000385436 0.0115681 -0.0134079 0.00812373 -0.00828026 -0.000142462 -0.00609512 0.000139144 0.00176421 -0.00207148 -0.00125147 -0.00167131 0.000760057 -0.000908527 0.000343609 0.000533077 0.0011627 
2007 -5.55205e-007 -9.11963e-006 -0.000105913 -0.00086966 0.000952214 0.0013093 -0.0106585 0.00422063 -0.0289428 -0.0098328 0.0506212 -0.0379976 -0.000682798 0.0155933 0.00479486 0.0197742 -0.0087179 0.000873039 0.00199608 2.48686e-005 -0.000757712 -0.00114105 0.00102834 -0.00113834 0.00044553 -0.000143593 -0.00084029 -0.000609399 -0.000435518 0.00124993 
2008 -5.57491e-007 -9.15774e-006 -0.000106365 -0.000873463 0.00392948 -0.00678666 -0.0119397 0.000674819 0.0104163 -0.0272289 0.00351253 0.025069 -0.0245199 -0.00519981 0.0150133 -0.00801482 0.0124448 -0.00499253 0.00911918 -0.00186793 0.00433262 -0.00106514 -0.000903389 0.0039322 -0.00047576 -0.00106331 0.00122519 0.000436473 0.000595713 0.00434579 
2009 -5.59821e-007 -9.19641e-006 0.00089318 0.00112272 0.0049068 0.00111804 -0.00321733 -0.00885909 -0.0162002 0.0254059 -0.021569 -0.000844818 0.0136542 -0.0229896 -0.00677165 0.00918788 0.00962686 0.0101439 -0.00477213 0.00722762 -0.00458657 -0.000998576 -0.00184853 -0.00101935 0.00457344 -0.00100919 0.000279735 0.00148046 0.000626177 0.00444887 
2010 -5.62223e-007 -9.23607e-006 -0.000107285 0.00111885 0.00588389 -0.000977652 0.0175054 -0.0273886 -0.0118041 -0.00793958 0.0173705 -0.0117407 -0.000159268 0.015227 -0.0155558 -0.0056132 0.00580198 0.000293596 0.00833746 0.00131251 0.00548571 6.10844e-005 0.00219965 -0.000980335 -0.00139267 0.0040247 -0.000683487 -0.000482914 -0.000344623 0.000557581 
pearson_resids (last class is a plus group):
class 1       2       3       4       5       6       7       8       9       10      11      12      13      14      15      16      17      18      19      20      21      22      23      24      25      26      27      28      29      30      
2000 -0.00732118 -0.0296542 -0.100989 0.402844 -0.40932 0.014619 0.821263 0.11423 1.61165 -1.70464 0.594413 -1.02201 -0.281322 -1.27958 0.270566 1.88199 -0.849497 -0.484714 -0.126284 0.641303 -0.120062 -0.0204301 0.0525126 0.604568 0.292218 0.274595 -0.0826561 0.363675 -0.249392 -0.380946 
2001 -0.00734638 -0.0297605 -0.101369 -0.290383 0.303839 -0.498512 -0.451148 1.51936 -0.288269 1.19875 -1.94472 0.571647 -1.14881 -0.196873 -0.793374 0.0263952 2.30638 -0.828927 -0.233464 -0.481087 0.172547 0.430265 0.0987844 0.658542 0.532472 -0.417501 0.782329 0.0428492 0.161731 0.160006 
2002 -0.00736798 -0.0298515 -0.101694 -0.291367 0.154762 0.631694 -0.640537 -0.323963 0.932574 -0.416145 1.04586 -1.17865 0.664088 -0.684439 -0.0617818 -0.965004 -0.394687 1.73325 -0.370387 -0.325217 -0.355776 0.777422 -0.165597 0.174101 0.157544 0.0875752 0.528843 0.056759 -0.241062 -0.194735 
2003 -0.00738701 -0.0299314 -0.101978 -0.292223 -0.562662 0.0523411 1.0503  -1.43669 -0.754586 1.2598  0.137298 0.623797 -0.794964 0.35609 -1.39386 0.0589256 -0.654722 0.25055 2.16686 -0.718967 -0.310341 0.722633 0.857019 -0.156173 0.849715 0.370419 -0.035021 0.0729483 -0.235743 0.356963 
2004 -0.00740427 -0.0300037 -0.102234 0.390208 0.714084 -0.522409 -0.116405 1.14877 -1.61761 -0.703148 1.21032 0.101771 0.743896 -1.03502 0.477514 -0.465473 -0.0183521 -0.938492 0.612621 1.4892  -0.0231291 -0.0887005 -0.0800957 0.0741451 0.236001 0.410312 0.912084 0.45662 -0.229751 -0.179971 
2005 -0.0074204 -0.0300711 -0.102472 -0.293701 -0.000113351 0.459481 -0.257248 -0.513593 0.742951 -1.49367 -0.588482 0.692778 0.395205 1.13551 -0.239533 0.865351 -0.42196 -0.198901 -0.785109 0.63832 1.16765 -0.0568262 -0.0408943 0.321692 -0.425994 -0.366336 0.00692496 0.111785 0.67341 0.0158315 
2006 -0.00743593 -0.0301357 -0.102698 0.0456223 -0.286351 -0.112144 0.619139 -0.160816 -0.843744 1.28987 -1.08736 -0.210084 1.1519  0.017421 0.601761 -0.807045 0.568211 -0.675029 -0.0135719 -0.680198 0.0182288 0.271646 -0.374347 -0.264044 -0.409158 0.215981 -0.301555 0.134161 0.246757 0.218592 
2007 -0.00745121 -0.0301989 -0.102919 -0.295028 0.134364 0.0919797 -0.450004 0.129984 -0.779857 -0.271816 1.56126 -1.32117 -0.0269972 0.706134 0.250134 1.19397 -0.612048 0.0715266 0.191341 0.0027959 -0.100146 -0.177685 0.188922 -0.246433 0.11309 -0.0424859 -0.289999 -0.246935 -0.208736 0.238677 
2008 -0.00746653 -0.0302619 -0.103139 -0.295673 0.55324 -0.475691 -0.502991 0.0207419 0.28023 -0.751924 0.108291 0.871932 -0.970563 -0.235921 0.785363 -0.485702 0.877071 -0.410831 0.879024 -0.21142 0.577156 -0.167399 -0.167901 0.865629 -0.123937 -0.326257 0.440329 0.183918 0.296333 0.844653 
2009 -0.00748212 -0.0303257 0.864242 0.379222 0.689305 0.0781908 -0.135245 -0.271782 -0.435186 0.70091 -0.664771 -0.0293964 0.541107 -1.04509 -0.3552 0.558757 0.681436 0.838495 -0.462289 0.823024 -0.615363 -0.158233 -0.346845 -0.227069 1.21174 -0.317838 0.104269 0.649682 0.323926 0.881936 
2010 -0.00749815 -0.030391 -0.103584 0.377083 0.824724 -0.0682197 0.734284 -0.838655 -0.316632 -0.218843 0.535255 -0.40874 -0.0063197 0.693608 -0.818212 -0.342557 0.412432 0.0243902 0.811767 0.150275 0.740779 0.00975212 0.416251 -0.220514 -0.373445 1.28937 -0.261525 -0.219806 -0.185672 0.112961 
objective function: multinomial likelihood, with delta = 1e-011, N =
100 100 100 100 100 100 100 100 100 100 100 100 100 100 100 100 100 100 100 100 100 100 100 100 100 100 100 100 100 100 
100 100 100 100 100 100 100 100 100 100 100 100 100 100 100 100 100 100 100 100 100 100 100 100 100 100 100 100 100 100 
100 100 100 100 100 100 100 100 100 100 100 100 100 100 100 100 100 100 100 100 100 100 100 100 100 100 100 100 100 100 
100 100 100 100 100 100 100 100 100 100 100 100 100 100 100 100 100 100 100 100 100 100 100 100 100 100 100 100 100 100 
100 100 100 100 100 100 100 100 100 100 100 100 100 100 100 100 100 100 100 100 100 100 100 100 100 100 100 100 100 100 
100 100 100 100 100 100 100 100 100 100 100 100 100 100 100 100 100 100 100 100 100 100 100 100 100 100 100 100 100 100 
100 100 100 100 100 100 100 100 100 100 100 100 100 100 100 100 100 100 100 100 100 100 100 100 100 100 100 100 100 100 
100 100 100 100 100 100 100 100 100 100 100 100 100 100 100 100 100 100 100 100 100 100 100 100 100 100 100 100 100 100 
100 100 100 100 100 100 100 100 100 100 100 100 100 100 100 100 100 100 100 100 100 100 100 100 100 100 100 100 100 100 
100 100 100 100 100 100 100 100 100 100 100 100 100 100 100 100 100 100 100 100 100 100 100 100 100 100 100 100 100 100 
100 100 100 100 100 100 100 100 100 100 100 100 100 100 100 100 100 100 100 100 100 100 100 100 100 100 100 100 100 100 

Tags2005_R1_R1 :
tag-recapture data for tag Tags2005_R1 in years 2006 2007 2008 2009 2010 , step 1, after proportion 0.5 of mortality, with sampling method size, detection probability 1.
Year 2006
class scanned recaptured expected_prop neg_log_likelihood
100 0 0 0 0
150 0 0 1.19149e-012 0
200 0 0 7.08388e-012 0
250 2 0 5.01898e-011 1.0038e-010
300 28 0 6.73933e-010 1.88701e-008
350 320 0 8.40718e-009 2.6903e-006
400 2302 0 7.84019e-008 0.000180481
450 11502 0.1 5.28349e-007 0.466524
500 39770 0.7 2.5172e-006 1.61534
550 96806 2.8 8.61417e-006 2.88882
600 173902 7.5 2.19797e-005 3.31518
650 243624 15.3 4.36509e-005 3.18823
700 277690 23.5 7.02407e-005 2.88469
750 266092 27.8 9.50958e-005 2.70364
800 224820 26.6 0.000112741 2.59297
850 178122 22.1 0.000121907 2.47384
900 136978 16.6 0.000124278 2.33391
950 101584 11.4 0.000121828 2.18252
1000 71958 7.5 0.000115752 1.98018
1050 49292 4.8 0.000106727 1.74133
1100 33518 3.2 9.52644e-005 1.52643
1150 23134 2.2 8.1934e-005 1.374
1200 16316 1.5 6.76622e-005 1.24024
1250 11662 1 5.38773e-005 1.09299
1300 8346 0.6 4.19671e-005 0.867086
1350 5944 0.3 3.26467e-005 0.577742
1400 4222 0.1 2.59967e-005 0.280821
1450 2988 0.1 2.15011e-005 0.288861
1500 2086 0 1.85154e-005 0.0386234
1550 1406 0 1.65455e-005 0.0232632
1600 896 0 1.51978e-005 0.0136173
1650 530 0 1.4289e-005 0.00757324
1700 286 0 1.36924e-005 0.00391606
1750 140 0 1.33093e-005 0.00186331
1800 62 0 1.30668e-005 0.000810149
1850 24 0 1.29145e-005 0.000309949
1900 8 0 1.28164e-005 0.000102532
1950 2 0 1.27429e-005 2.5486e-005
2000 0 0 1.26625e-005 0

total neg_log_likelihood: 37.7056


Year 2007
class scanned recaptured expected_prop neg_log_likelihood
100 0 0 0 0
150 0 0 3.98842e-015 0
200 0 0 4.03759e-013 0
250 2 0 6.0288e-012 1.20577e-011
300 28 0 1.22869e-010 3.44034e-009
350 344 0 1.68556e-009 5.79832e-007
400 2442 0 1.621e-008 3.95848e-005
450 11568 0 1.24534e-007 0.00144061
500 39724 0.2 7.19469e-007 0.654212
550 99366 1 3.03445e-006 1.50043
600 181960 3.4 9.52341e-006 2.17971
650 252416 8.4 2.30152e-005 2.4999
700 280488 14.7 4.4341e-005 2.46291
750 265182 19.3 7.0219e-005 2.41551
800 224010 20.1 9.42948e-005 2.44858
850 176300 17.8 0.000111376 2.45178
900 134278 14.2 0.000120161 2.37235
950 100438 10.7 0.000122107 2.21609
1000 72920 7.6 0.000119086 2.01456
1050 50898 5.2 0.000112265 1.78308
1100 34514 3.4 0.000102274 1.55764
1150 23278 2.2 8.96563e-005 1.35376
1200 15942 1.4 7.53314e-005 1.16141
1250 11162 0.9 6.08366e-005 0.98838
1300 7944 0.6 4.78339e-005 0.847928
1350 5686 0.4 3.73513e-005 0.712487
1400 4062 0.2 2.97064e-005 0.458213
1450 2880 0.1 2.44547e-005 0.285854
1500 2006 0 2.09187e-005 0.0419634
1550 1350 0 1.85588e-005 0.0250547
1600 862 0 1.692e-005 0.0145852
1650 512 0 1.57969e-005 0.0080881
1700 278 0 1.50481e-005 0.0041834
1750 138 0 1.45606e-005 0.00200938
1800 62 0 1.42489e-005 0.000883437
1850 24 0 1.40517e-005 0.000337242
1900 8 0 1.39251e-005 0.000111402
1950 2 0 1.38342e-005 2.76685e-005
2000 0 0 1.37413e-005 0

total neg_log_likelihood: 32.4635


Year 2008
class scanned recaptured expected_prop neg_log_likelihood
100 0 0 0 0
150 0 0 0 0
200 0 0 1.16208e-014 0
250 2 0 5.49884e-013 1.09979e-012
300 28 0 2.06872e-011 5.79239e-010
350 344 0 3.7917e-010 1.30434e-007
400 2602 0 3.71878e-009 9.67627e-006
450 12332 0 2.86975e-008 0.000353897
500 40170 0.1 1.88282e-007 0.446134
550 97884 0.4 9.47391e-007 0.924326
600 182308 1.6 3.60495e-006 1.68622
650 260086 4.3 1.05519e-005 2.04292
700 291620 8.5 2.4387e-005 2.12621
750 271378 12.8 4.56417e-005 2.20699
800 224512 15.3 7.08732e-005 2.3002
850 174626 15.1 9.39949e-005 2.33582
900 131756 13 0.000110251 2.29092
950 97934 10 0.000118396 2.19363
1000 71728 7.1 0.00011971 2.04751
1050 51120 4.6 0.000115883 1.86042
1100 35200 2.9 0.000107978 1.59624
1150 23658 1.7 9.66253e-005 1.31522
1200 15864 0.9 8.27329e-005 1.02874
1250 10828 0.5 6.79073e-005 0.768236
1300 7580 0.2 5.4052e-005 0.502789
1350 5410 0.1 4.25184e-005 0.327101
1400 3886 0.1 3.39054e-005 0.284551
1450 2772 0 2.78877e-005 0.0773058
1500 1934 0 2.37822e-005 0.0459953
1550 1300 0 2.10154e-005 0.0273204
1600 826 0 1.90737e-005 0.0157551
1650 490 0 1.77292e-005 0.00868739
1700 266 0 1.68241e-005 0.00447524
1750 132 0 1.623e-005 0.00214238
1800 58 0 1.58478e-005 0.000919179
1850 24 0 1.56051e-005 0.000374525
1900 8 0 1.54495e-005 0.000123597
1950 2 0 1.53392e-005 3.06787e-005
2000 0 0 1.52327e-005 0

total neg_log_likelihood: 28.4677


Year 2009
class scanned recaptured expected_prop neg_log_likelihood
100 0 0 0 0
150 0 0 0 0
200 0 0 3.9363e-017 0
250 2 0 3.35673e-014 6.70575e-014
300 28 0 2.74877e-012 7.69664e-011
350 338 0 8.27655e-011 2.79747e-008
400 2596 0 1.01151e-009 2.62587e-006
450 13080 0 7.04019e-009 9.20857e-005
500 43468 0 4.80216e-008 0.0020874
550 101422 0.1 2.73461e-007 0.336368
600 180382 0.6 1.22804e-006 1.01328
650 255904 1.7 4.2986e-006 1.37277
700 293398 3.8 1.18573e-005 1.62269
750 278302 6.6 2.62417e-005 1.91007
800 229716 9.3 4.75244e-005 2.16905
850 175798 10.9 7.20357e-005 2.2499
900 130724 10.9 9.40537e-005 2.20325
950 96182 9.6 0.000109257 2.09891
1000 70174 7.7 0.000116519 1.96448
1050 50456 5.8 0.000116915 1.813
1100 35360 4.2 0.000111902 1.66355
1150 24054 3 0.00010245 1.55027
1200 16060 2 8.95501e-005 1.40452
1250 10754 1.3 7.48574e-005 1.24112
1300 7362 0.8 6.04762e-005 1.02143
1350 5182 0.4 4.80747e-005 0.685397
1400 3714 0.2 3.85686e-005 0.446485
1450 2662 0.1 3.18013e-005 0.281681
1500 1866 0.1 2.71181e-005 0.299079
1550 1256 0 2.39303e-005 0.0300568
1600 798 0 2.16725e-005 0.0172949
1650 470 0 2.00969e-005 0.00944565
1700 254 0 1.90295e-005 0.00483353
1750 126 0 1.83253e-005 0.00230902
1800 56 0 1.78706e-005 0.00100076
1850 22 0 1.75814e-005 0.000386794
1900 8 0 1.73963e-005 0.000139171
1950 2 0 1.72659e-005 3.45321e-005
2000 0 0 1.71422e-005 0

total neg_log_likelihood: 27.415


Year 2010
class scanned recaptured expected_prop neg_log_likelihood
100 0 0 0 0
150 0 0 0 0
200 0 0 0 0
250 2 0 1.00024e-015 1.9984e-015
300 30 0 2.61828e-013 7.85372e-012
350 342 0 1.50845e-011 5.1589e-009
400 2546 0 3.087e-010 7.8595e-007
450 12914 0 1.9694e-009 2.54328e-005
500 45438 0 1.28245e-008 0.000582719
550 110634 0 7.69327e-008 0.00851137
600 193100 0.2 3.90527e-007 0.506997
650 259840 0.7 1.59722e-006 0.934809
700 288924 1.9 5.19715e-006 1.33206
750 275666 4.2 1.35266e-005 1.68487
800 231594 7.1 2.85629e-005 1.92806
850 178066 9.7 4.98494e-005 2.10064
900 131090 10.7 7.35652e-005 2.16766
950 95240 9.8 9.43378e-005 2.1045
1000 68874 7.6 0.000108281 1.94526
1050 49434 5.3 0.000114354 1.7797
1100 34952 3.4 0.000113407 1.59737
1150 24134 2.1 0.000106675 1.37596
1200 16262 1.2 9.54212e-005 1.1214
1250 10830 0.6 8.14083e-005 0.844611
1300 7284 0.3 6.69154e-005 0.594813
1350 5028 0.1 5.3909e-005 0.351719
1400 3564 0 4.36429e-005 0.155547
1450 2550 0 3.61783e-005 0.0922562
1500 1794 0 3.0929e-005 0.0554875
1550 1212 0 2.73147e-005 0.0331058
1600 770 0 2.47298e-005 0.0190422
1650 454 0 2.29126e-005 0.0104024
1700 246 0 2.16748e-005 0.00533206
1750 120 0 2.08553e-005 0.00250266
1800 54 0 2.03248e-005 0.00109755
1850 22 0 1.99871e-005 0.000439721
1900 8 0 1.97715e-005 0.000158174
1950 2 0 1.96207e-005 3.92419e-005
2000 0 0 1.94784e-005 0

total neg_log_likelihood: 22.755


Tags2006_R1_R1 :
tag-recapture data for tag Tags2006_R1 in years 2007 2008 2009 2010 , step 1, after proportion 0.5 of mortality, with sampling method size, detection probability 1.
Year 2007
class scanned recaptured expected_prop neg_log_likelihood
100 0 0 0 0
150 0 0 2.3177e-012 0
200 0 0 1.05804e-011 0
250 2 0 6.19134e-011 1.23827e-010
300 28 0 8.02691e-010 2.24754e-008
350 344 0 9.95339e-009 3.42397e-006
400 2442 0 8.92461e-008 0.000217939
450 11568 0.1 5.75199e-007 0.458033
500 39724 0.4 2.65383e-006 0.885722
550 99366 1.9 8.91123e-006 1.71944
600 181960 6.1 2.25263e-005 2.26081
650 252416 13.7 4.46069e-005 2.48092
700 280488 22.7 7.18647e-005 2.6378
750 265182 28.4 9.76034e-005 2.71366
800 224010 28.3 0.000116044 2.69256
850 176300 23.8 0.000125488 2.5692
900 134278 18.2 0.00012733 2.40897
950 100438 13.1 0.000123515 2.23062
1000 72920 9 0.000115477 2.04624
1050 50898 6 0.000104305 1.87179
1100 34514 3.8 9.09886e-005 1.67315
1150 23278 2.3 7.65029e-005 1.4406
1200 15942 1.4 6.19401e-005 1.22195
1250 11162 0.8 4.86003e-005 0.960648
1300 7944 0.5 3.75534e-005 0.7823
1350 5686 0.3 2.92019e-005 0.596497
1400 4062 0.2 2.34112e-005 0.480272
1450 2880 0.1 1.95873e-005 0.29403
1500 2006 0 1.70949e-005 0.0342927
1550 1350 0 1.54738e-005 0.0208898
1600 862 0 1.43746e-005 0.012391
1650 512 0 1.36366e-005 0.00698198
1700 278 0 1.31527e-005 0.00365647
1750 138 0 1.28418e-005 0.00177217
1800 62 0 1.26447e-005 0.000783976
1850 24 0 1.25205e-005 0.000300494
1900 8 0 1.24404e-005 9.95236e-005
1950 2 0 1.23815e-005 2.47631e-005
2000 0 0 1.23193e-005 0

total neg_log_likelihood: 34.5066


Year 2008
class scanned recaptured expected_prop neg_log_likelihood
100 0 0 0 0
150 0 0 8.01619e-015 0
200 0 0 6.99437e-013 0
250 2 0 7.77994e-012 1.556e-011
300 28 0 1.41661e-010 3.96651e-009
350 344 0 1.93464e-009 6.65515e-007
400 2602 0 1.85426e-008 4.82479e-005
450 12332 0 1.38209e-007 0.0017044
500 40170 0.2 7.71929e-007 0.640332
550 97884 1 3.17612e-006 1.4792
600 182308 3.5 9.82113e-006 2.20553
650 260086 8.1 2.35647e-005 2.26274
700 291620 13.7 4.53149e-005 2.2425
750 271378 17.8 7.18686e-005 2.43986
800 224512 19.1 9.67917e-005 2.56422
850 174626 18.1 0.000114573 2.46542
900 131756 15.8 0.000123511 2.31111
950 97934 13 0.000124803 2.23198
1000 71728 10 0.000120343 2.1816
1050 51120 6.9 0.000111572 2.01425
1100 35200 4.2 9.95637e-005 1.72106
1150 23658 2.3 8.53444e-005 1.39006
1200 15864 1.2 7.01713e-005 1.08142
1250 10828 0.6 5.56337e-005 0.793881
1300 7580 0.4 4.31724e-005 0.654424
1350 5410 0.3 3.35013e-005 0.585417
1400 3886 0.3 2.66691e-005 0.675488
1450 2772 0.2 2.20997e-005 0.534378
1500 1934 0.1 1.90915e-005 0.316918
1550 1300 0.1 1.71201e-005 0.352861
1600 826 0 1.57702e-005 0.0130263
1650 490 0 1.48536e-005 0.00727831
1700 266 0 1.42456e-005 0.00378937
1750 132 0 1.38509e-005 0.00182833
1800 58 0 1.35985e-005 0.000788719
1850 24 0 1.34385e-005 0.000322527
1900 8 0 1.33354e-005 0.000106684
1950 2 0 1.3261e-005 2.65221e-005
2000 0 0 1.31875e-005 0

total neg_log_likelihood: 33.1736


Year 2009
class scanned recaptured expected_prop neg_log_likelihood
100 0 0 0 0
150 0 0 0 0
200 0 0 2.25981e-014 0
250 2 0 8.02315e-013 1.60472e-012
300 28 0 2.42685e-011 6.79517e-010
350 338 0 4.22264e-010 1.42725e-007
400 2596 0 4.17126e-009 1.08286e-005
450 13080 0 3.20585e-008 0.000419325
500 43468 0.1 2.05016e-007 0.431078
550 101422 0.4 1.00469e-006 0.895799
600 180382 1.6 3.75e-006 1.65932
650 255904 4.2 1.0852e-005 1.97084
700 293398 8.2 2.49503e-005 2.032
750 278302 12.8 4.66538e-005 2.20145
800 229716 16 7.25687e-005 2.32406
850 175798 16.7 9.64887e-005 2.33363
900 130724 14.8 0.000113334 2.27183
950 96182 11.4 0.000121486 2.14649
1000 70174 8.1 0.000122016 1.98781
1050 50456 5.4 0.000116685 1.79826
1100 35360 3.5 0.000106876 1.57959
1150 24054 2.1 9.36937e-005 1.33463
1200 16060 1.2 7.84956e-005 1.07961
1250 10754 0.7 6.3118e-005 0.854161
1300 7362 0.4 4.93915e-005 0.648638
1350 5182 0.2 3.84095e-005 0.436497
1400 3714 0.1 3.04805e-005 0.281175
1450 2662 0.1 2.50995e-005 0.287507
1500 1866 0 2.152e-005 0.0401567
1550 1256 0 1.91583e-005 0.024063
1600 798 0 1.75308e-005 0.0139897
1650 470 0 1.6419e-005 0.00771701
1700 254 0 1.56776e-005 0.00398213
1750 126 0 1.51937e-005 0.00191442
1800 56 0 1.48832e-005 0.000833464
1850 22 0 1.46859e-005 0.000323092
1900 8 0 1.45586e-005 0.00011647
1950 2 0 1.44672e-005 2.89347e-005
2000 0 0 1.4379e-005 0

total neg_log_likelihood: 28.6479


Year 2010
class scanned recaptured expected_prop neg_log_likelihood
100 0 0 0 0
150 0 0 0 0
200 0 0 7.91184e-017 0
250 2 0 5.7848e-014 1.15685e-013
300 30 0 3.46599e-012 1.0398e-010
350 342 0 9.19562e-011 3.1449e-008
400 2546 0 1.10099e-009 2.80312e-006
450 12914 0 7.786e-009 0.000100548
500 45438 0 5.25992e-008 0.00239
550 110634 0.1 2.93164e-007 0.325416
600 193100 0.5 1.28948e-006 0.823369
650 259840 1.6 4.44792e-006 1.28156
700 288924 3.6 1.21674e-005 1.5835
750 275666 6.3 2.68355e-005 1.93821
800 231594 8.8 4.85944e-005 2.30526
850 178066 10.4 7.37882e-005 2.40558
900 131090 10.4 9.65398e-005 2.31194
950 95240 8.9 0.000112204 2.17968
1000 68874 6.7 0.000119315 2.03207
1050 49434 4.6 0.000118799 1.84914
1100 34952 3.1 0.00011224 1.60449
1150 24134 2.1 0.000100982 1.35374
1200 16262 1.4 8.64946e-005 1.14577
1250 10830 0.8 7.07999e-005 0.908104
1300 7284 0.5 5.60968e-005 0.735291
1350 5028 0.2 4.39037e-005 0.437501
1400 3564 0.1 3.48689e-005 0.282914
1450 2550 0 2.86271e-005 0.0730002
1500 1794 0 2.44226e-005 0.0438146
1550 1212 0 2.16259e-005 0.0262109
1600 770 0 1.96866e-005 0.0151589
1650 454 0 1.83559e-005 0.00833367
1700 246 0 1.74655e-005 0.00429655
1750 120 0 1.68831e-005 0.00202598
1800 54 0 1.65087e-005 0.000891475
1850 22 0 1.62706e-005 0.000357956
1900 8 0 1.61171e-005 0.000128938
1950 2 0 1.60072e-005 3.20146e-005
2000 0 0 1.59012e-005 0

total neg_log_likelihood: 25.6803


Tags2007_R1_R1 :
tag-recapture data for tag Tags2007_R1 in years 2008 2009 2010 , step 1, after proportion 0.5 of mortality, with sampling method size, detection probability 1.
Year 2008
class scanned recaptured expected_prop neg_log_likelihood
100 0 0 0 0
150 0 0 1.28865e-012 0
200 0 0 8.53404e-012 0
250 2 0 5.62407e-011 1.12481e-010
300 28 0 7.40504e-010 2.07341e-008
350 344 0 9.28456e-009 3.19389e-006
400 2602 0 8.5736e-008 0.000223085
450 12332 0.1 5.66482e-007 0.453496
500 40170 0.8 2.65119e-006 1.82711
550 97884 3.2 8.9622e-006 3.34488
600 182308 8.8 2.27017e-005 3.99297
650 260086 17.2 4.49182e-005 3.48197
700 291620 24.9 7.21819e-005 2.86214
750 271378 28.2 9.77129e-005 2.64381
800 224512 26.2 0.000115877 2.55559
850 174626 20.9 0.000125338 2.46535
900 131756 15 0.000127849 2.38341
950 97934 10.2 0.000125472 2.27667
1000 71728 6.8 0.000119418 2.08557
1050 51120 4.6 0.000110311 1.80224
1100 35200 3 9.86132e-005 1.52942
1150 23658 1.9 8.48798e-005 1.28627
1200 15864 1.1 7.00459e-005 1.04062
1250 10828 0.6 5.55988e-005 0.793879
1300 7580 0.3 4.30544e-005 0.554091
1350 5410 0.1 3.32597e-005 0.30157
1400 3886 0 2.63454e-005 0.102379
1450 2772 0 2.17509e-005 0.0602943
1500 1934 0 1.87619e-005 0.0362859
1550 1300 0 1.68313e-005 0.0218809
1600 826 0 1.55356e-005 0.0128325
1650 490 0 1.46749e-005 0.00719074
1700 266 0 1.41156e-005 0.00375478
1750 132 0 1.37587e-005 0.00181617
1800 58 0 1.35335e-005 0.00078495
1850 24 0 1.33916e-005 0.000321402
1900 8 0 1.32993e-005 0.000106395
1950 2 0 1.32301e-005 2.64603e-005
2000 0 0 1.31574e-005 0

total neg_log_likelihood: 37.929


Year 2009
class scanned recaptured expected_prop neg_log_likelihood
100 0 0 0 0
150 0 0 4.07154e-015 0
200 0 0 4.84974e-013 0
250 2 0 6.96673e-012 1.39335e-011
300 28 0 1.34057e-010 3.7536e-009
350 338 0 1.83002e-009 6.18547e-007
400 2596 0 1.76665e-008 4.58623e-005
450 13080 0 1.34421e-007 0.00175823
500 43468 0.1 7.63986e-007 0.323829
550 101422 0.8 3.17615e-006 1.15728
600 180382 2.7 9.86985e-006 1.65103
650 255904 6.8 2.37159e-005 1.93199
700 293398 12.3 4.55694e-005 2.2245
750 278302 17.3 7.21131e-005 2.54959
800 229716 19.6 9.68615e-005 2.57548
850 175798 18.5 0.000114462 2.4495
900 130724 15.1 0.000123554 2.31674
950 96182 11 0.000125649 2.17566
1000 70174 7.4 0.000122699 2.02024
1050 50456 4.8 0.000115881 1.82043
1100 35360 3 0.000105784 1.57457
1150 24054 1.9 9.28991e-005 1.30971
1200 16060 1.2 7.8116e-005 1.07933
1250 10754 0.7 6.29984e-005 0.854202
1300 7362 0.4 4.93213e-005 0.64869
1350 5182 0.2 3.82626e-005 0.436502
1400 3714 0.1 3.0233e-005 0.281071
1450 2662 0 2.47791e-005 0.0659627
1500 1866 0 2.11653e-005 0.0394949
1550 1256 0 1.87973e-005 0.0236096
1600 798 0 1.71844e-005 0.0137132
1650 470 0 1.60976e-005 0.00756594
1700 254 0 1.53824e-005 0.00390716
1750 126 0 1.4921e-005 0.00188006
1800 56 0 1.46274e-005 0.000819143
1850 22 0 1.44417e-005 0.00031772
1900 8 0 1.43213e-005 0.000114571
1950 2 0 1.42324e-005 2.84651e-005
2000 0 0 1.41427e-005 0

total neg_log_likelihood: 29.5396


Year 2010
class scanned recaptured expected_prop neg_log_likelihood
100 0 0 0 0
150 0 0 0 0
200 0 0 1.25786e-014 0
250 2 0 6.64686e-013 1.32938e-012
300 30 0 2.29014e-011 6.87044e-010
350 342 0 4.06633e-010 1.39068e-007
400 2546 0 3.997e-009 1.01764e-005
450 12914 0 3.09278e-008 0.000399402
500 45438 0.1 2.00889e-007 0.428895
550 110634 0.3 9.97104e-007 0.663466
600 193100 1.4 3.75073e-006 1.39276
650 259840 4.1 1.08954e-005 1.89414
700 288924 8.4 2.50783e-005 2.08037
750 275666 12.4 4.68603e-005 2.195
800 231594 14.3 7.27555e-005 2.45833
850 178066 13.6 9.65388e-005 2.63425
900 131090 11.5 0.000113305 2.55806
950 95240 9.2 0.000121756 2.30419
1000 68874 7.1 0.000123224 2.03074
1050 49434 5.2 0.000119463 1.80316
1100 34952 3.7 0.000111546 1.60068
1150 24134 2.5 0.000100058 1.41168
1200 16262 1.6 8.58428e-005 1.21959
1250 10830 1 7.04865e-005 1.03334
1300 7284 0.6 5.59697e-005 0.833412
1350 5028 0.4 4.37949e-005 0.705837
1400 3564 0.2 3.46902e-005 0.456318
1450 2550 0.1 2.83618e-005 0.285093
1500 1794 0.1 2.40895e-005 0.30747
1550 1212 0 2.12495e-005 0.0257547
1600 770 0 1.92896e-005 0.0148532
1650 454 0 1.79545e-005 0.0081514
1700 246 0 1.7068e-005 0.00419876
1750 120 0 1.64923e-005 0.00197909
1800 54 0 1.61243e-005 0.000870722
1850 22 0 1.58912e-005 0.000349609
1900 8 0 1.57405e-005 0.000125925
1950 2 0 1.56306e-005 3.12615e-005
2000 0 0 1.55209e-005 0

total neg_log_likelihood: 30.3535


Tags2008_R1_R1 :
tag-recapture data for tag Tags2008_R1 in years 2009 2010 , step 1, after proportion 0.5 of mortality, with sampling method size, detection probability 1.
Year 2009
class scanned recaptured expected_prop neg_log_likelihood
100 0 0 0 0
150 0 0 1.32568e-012 0
200 0 0 9.26516e-012 0
250 2 0 6.03224e-011 1.20645e-010
300 28 0 7.91963e-010 2.2175e-008
350 338 0 9.95326e-009 3.3642e-006
400 2596 0 9.1779e-008 0.000238258
450 13080 0.1 6.03943e-007 0.442118
500 43468 0.7 2.81631e-006 1.49682
550 101422 2.8 9.50389e-006 2.61317
600 180382 7.9 2.40532e-005 3.13595
650 255904 15.9 4.75135e-005 2.83153
700 293398 24.3 7.60313e-005 2.60403
750 278302 28.5 0.000102056 2.59693
800 229716 27 0.000119357 2.57309
850 175798 21.8 0.000126639 2.4685
900 130724 15.9 0.000126253 2.31848
950 96182 11.1 0.000120997 2.14248
1000 70174 7.7 0.000112658 1.95301
1050 50456 5.5 0.000102176 1.79766
1100 35360 3.7 9.01039e-005 1.63491
1150 24054 2.4 7.69036e-005 1.46589
1200 16060 1.4 6.32406e-005 1.21073
1250 10754 0.7 5.02148e-005 0.875488
1300 7362 0.3 3.8987e-005 0.553286
1350 5182 0.1 3.02201e-005 0.292125
1400 3714 0 2.40184e-005 0.0892053
1450 2662 0 1.989e-005 0.0529476
1500 1866 0 1.72024e-005 0.0321
1550 1256 0 1.54677e-005 0.0194276
1600 798 0 1.43053e-005 0.0114157
1650 470 0 1.35348e-005 0.00636138
1700 254 0 1.30351e-005 0.00331094
1750 126 0 1.27168e-005 0.00160232
1800 56 0 1.25162e-005 0.000700909
1850 22 0 1.23898e-005 0.000272578
1900 8 0 1.23075e-005 9.84609e-005
1950 2 0 1.22454e-005 2.44909e-005
2000 0 0 1.218e-005 0

total neg_log_likelihood: 35.2239


Year 2010
class scanned recaptured expected_prop neg_log_likelihood
100 0 0 0 0
150 0 0 4.11018e-015 0
200 0 0 5.18229e-013 0
250 2 0 7.54487e-012 1.50897e-011
300 30 0 1.43026e-010 4.29079e-009
350 342 0 1.95518e-009 6.68672e-007
400 2546 0 1.88824e-008 4.80746e-005
450 12914 0 1.43444e-007 0.00185243
500 45438 0.2 8.12433e-007 0.611365
550 110634 0.8 3.36833e-006 1.09125
600 193100 2.9 1.04523e-005 1.64932
650 259840 7.3 2.50894e-005 1.96926
700 288924 13.1 4.81081e-005 2.23504
750 275666 18 7.57687e-005 2.57812
800 231594 19.8 0.000100858 2.70188
850 178066 18.2 0.000117494 2.55946
900 131090 14.5 0.000124397 2.36577
950 95240 10 0.000123668 2.22007
1000 68874 6 0.000117984 2.13484
1050 49434 3.2 0.000109082 2.049
1100 34952 1.6 9.78561e-005 1.81015
1150 24134 0.8 8.48695e-005 1.40359
1200 16262 0.4 7.08449e-005 0.975844
1250 10830 0.3 5.69803e-005 0.653731
1300 7284 0.2 4.46354e-005 0.464447
1350 5028 0.2 3.47085e-005 0.43827
1400 3564 0.1 2.75054e-005 0.280392
1450 2550 0.1 2.26084e-005 0.293094
1500 1794 0.1 1.93608e-005 0.32084
1550 1212 0 1.72321e-005 0.0208855
1600 770 0 1.57827e-005 0.0121528
1650 454 0 1.48071e-005 0.00672249
1700 246 0 1.41659e-005 0.00348485
1750 120 0 1.37529e-005 0.00165036
1800 54 0 1.34904e-005 0.000728485
1850 22 0 1.33245e-005 0.000293141
1900 8 0 1.3217e-005 0.000105736
1950 2 0 1.31374e-005 2.62749e-005
2000 0 0 1.30561e-005 0

total neg_log_likelihood: 30.8537


Tags2009_R1_R1 :
tag-recapture data for tag Tags2009_R1 in years 2010 , step 1, after proportion 0.5 of mortality, with sampling method size, detection probability 1.
Year 2010
class scanned recaptured expected_prop neg_log_likelihood
100 0 0 0 0
150 0 0 1.33673e-012 0
200 0 0 9.43498e-012 0
250 2 0 6.16233e-011 1.23247e-010
300 30 0 8.00098e-010 2.40029e-008
350 342 0 1.00668e-008 3.44286e-006
400 2546 0 9.29366e-008 0.000236617
450 12914 0.1 6.0937e-007 0.442471
500 45438 0.7 2.82189e-006 1.47021
550 110634 3 9.45168e-006 2.70345
600 193100 8.9 2.37878e-005 3.60146
650 259840 18 4.68779e-005 3.5788
700 288924 26.6 7.51265e-005 3.07694
750 275666 30.6 0.000101423 2.75311
800 231594 29.3 0.000119823 2.653
850 178066 24.6 0.000128938 2.5809
900 131090 18.8 0.000130728 2.46842
950 95240 13.4 0.000127532 2.28532
1000 68874 8.9 0.000120755 2.04124
1050 49434 5.7 0.000111086 1.80763
1100 34952 3.7 9.89588e-005 1.60374
1150 24134 2.3 8.48406e-005 1.38632
1200 16262 1.5 6.9553e-005 1.23096
1250 10830 0.9 5.45167e-005 1.02563
1300 7284 0.5 4.12948e-005 0.780647
1350 5028 0.3 3.08664e-005 0.605913
1400 3564 0.1 2.34763e-005 0.281871
1450 2550 0.1 1.85844e-005 0.302433
1500 1794 0 1.54361e-005 0.0276926
1550 1212 0 1.34344e-005 0.0162825
1600 770 0 1.2119e-005 0.00933169
1650 454 0 1.12644e-005 0.00511407
1700 246 0 1.07201e-005 0.00263716
1750 120 0 1.03783e-005 0.0012454
1800 54 0 1.01649e-005 0.000548909
1850 22 0 1.00309e-005 0.000220682
1900 8 0 9.94251e-006 7.95405e-005
1950 2 0 9.87318e-006 1.97465e-005
2000 0 0 9.79765e-006 0

total neg_log_likelihood: 38.7439


Output quantities start here

* Scalar parameter values
initialization.B0 235354

* Nuisance q's

* B0
235354

* R0
1.70764e+007

* SSBs
SSB 235354 232549 225784 218354 210352 201934 193288 184609 176069 167811 159937 152495 145497 138937 132798 127061 121705 116707 112045 107695 103637 
year 1990 1991 1992 1993 1994 1995 1996 1997 1998 1999 2000 2001 2002 2003 2004 2005 2006 2007 2008 2009 2010 

* recruitments
recruitment 1.70764e+007 1.70764e+007 1.70544e+007 1.69992e+007 1.69352e+007 1.68617e+007 1.67789e+007 1.66873e+007 1.65879e+007 1.64818e+007 1.63705e+007 1.62552e+007 1.6137e+007 1.60166e+007 1.58946e+007 1.57715e+007 1.56475e+007 1.55233e+007 1.53991e+007 1.52753e+007 1.51521e+007 
year 1990 1991 1992 1993 1994 1995 1996 1997 1998 1999 2000 2001 2002 2003 2004 2005 2006 2007 2008 2009 2010 

* YCS
YCS 1 1 1 1 1 1 1 1 1 1 1 1 1 1 1 1 1 1 1 1 1 
year 1989 1990 1991 1992 1993 1994 1995 1996 1997 1998 1999 2000 2001 2002 2003 2004 2005 2006 2007 2008 2009 

* true_YCS
true_YCS 1 1 0.998709 0.995479 0.991728 0.987426 0.982577 0.977214 0.971392 0.96518 0.958659 0.951908 0.944986 0.937937 0.930793 0.923581 0.916325 0.909049 0.901775 0.894523 0.887308 
year 1989 1990 1991 1992 1993 1994 1995 1996 1997 1998 1999 2000 2001 2002 2003 2004 2005 2006 2007 2008 2009 

* fishing_pressures
LL1 0 0.062946 0.0659856 0.0691438 0.0723411 0.0755122 0.0786036 0.0815731 0.0843905 0.0870402 0.0895226 0.0918491 0.0940354 0.0960998 0.0980632 0.0999475 0.101775 0.103565 0.105335 0.1071 0.108875 
LL2 0 0.062946 0.0659856 0.0691438 0.0723411 0.0755122 0.0786036 0.0815731 0.0843905 0.0870402 0.0895226 0.0918491 0.0940354 0.0960998 0.0980632 0.0999475 0.101775 0.103565 0.105335 0.1071 0.108875 
year 1990 1991 1992 1993 1994 1995 1996 1997 1998 1999 2000 2001 2002 2003 2004 2005 2006 2007 2008 2009 2010 

* Numbers_at_age_R1
1990  1.58505e+007 1.35746e+007 1.16255e+007 9.95624e+006 8.52667e+006 7.30237e+006 6.25386e+006 5.3559e+006 4.58688e+006 3.92827e+006 3.36423e+006 2.88118e+006 2.46748e+006 2.11319e+006 1.80977e+006 1.54991e+006 1.32737e+006 1.13678e+006 973555 833767 714051 611524 523718 448520 384120 328966 281731 241279 206635 1.23248e+006 
1991  1.58505e+007 1.35746e+007 1.16254e+007 9.95567e+006 8.52342e+006 7.28912e+006 6.21568e+006 5.27814e+006 4.47487e+006 3.8142e+006 3.26721e+006 2.7998e+006 2.40016e+006 2.05827e+006 1.76558e+006 1.51485e+006 1.29992e+006 1.1156e+006 957430 821662 705088 604979 519005 445173 381775 327346 280628 240538 206144 1.23024e+006 
1992  1.583e+007 1.35746e+007 1.16254e+007 9.95551e+006 8.52221e+006 7.28245e+006 6.18939e+006 5.20459e+006 4.32879e+006 3.60709e+006 3.05716e+006 2.6211e+006 2.25016e+006 1.93405e+006 1.66409e+006 1.43306e+006 1.23491e+006 1.06462e+006 918009 791598 682477 588210 506742 436330 375487 322937 277580 238459 204747 1.22508e+006 
1993  1.57788e+007 1.35571e+007 1.16254e+007 9.95547e+006 8.52189e+006 7.2806e+006 6.18119e+006 5.17692e+006 4.25945e+006 3.4789e+006 2.88165e+006 2.44463e+006 2.0999e+006 1.8077e+006 1.5592e+006 1.3471e+006 1.16539e+006 1.00915e+006 874342 757695 656522 568619 492164 425637 367756 317428 273710 235780 202918 1.21924e+006 
1994  1.57193e+007 1.35132e+007 1.16104e+007 9.95543e+006 8.52166e+006 7.27949e+006 6.17703e+006 5.1643e+006 4.22762e+006 3.41263e+006 2.76981e+006 2.29657e+006 1.95215e+006 1.68173e+006 1.45306e+006 1.25875e+006 1.09275e+006 950183 827111 720373 627438 546274 475243 413009 358470 310701 268908 232402 200577 1.21246e+006 
1995  1.56512e+007 1.34623e+007 1.15728e+007 9.94255e+006 8.52143e+006 7.27846e+006 6.1735e+006 5.15508e+006 4.20816e+006 3.37666e+006 2.70778e+006 2.20001e+006 1.82792e+006 1.5585e+006 1.34781e+006 1.16983e+006 1.0185e+006 888923 777201 680242 595608 521382 456057 398438 347570 302668 263078 228236 197644 1.20443e+006 
1996  1.55743e+007 1.34039e+007 1.15292e+007 9.91036e+006 8.51022e+006 7.27745e+006 6.1701e+006 5.1465e+006 4.19167e+006 3.35086e+006 2.6702e+006 2.14358e+006 1.7454e+006 1.45481e+006 1.2454e+006 1.08214e+006 944197 826658 725635 638068 561568 494286 434796 382002 335055 293285 256152 223202 194042 1.19485e+006 
1997  1.54893e+007 1.33381e+007 1.14792e+007 9.87298e+006 8.48249e+006 7.26709e+006 6.16681e+006 5.13824e+006 4.17604e+006 3.32784e+006 2.64111e+006 2.107e+006 1.69529e+006 1.38495e+006 1.15924e+006 997285 871311 764677 673494 594715 525972 465447 411759 363870 320999 282558 248093 217244 189707 1.18339e+006 
1998  1.5397e+007 1.32653e+007 1.14228e+007 9.83012e+006 8.45032e+006 7.24267e+006 6.15572e+006 5.13033e+006 4.1611e+006 3.30604e+006 2.61473e+006 2.07758e+006 1.66134e+006 1.34131e+006 1.10057e+006 925938 801124 704171 621836 551077 489539 435414 387338 344298 305549 270551 238911 210335 184592 1.16971e+006 
1999  1.52985e+007 1.31862e+007 1.13605e+007 9.78182e+006 8.41347e+006 7.2145e+006 6.13285e+006 5.11623e+006 4.14693e+006 3.28535e+006 2.58985e+006 2.05078e+006 1.63347e+006 1.31085e+006 1.06314e+006 876973 742177 646164 571621 508019 453009 404788 361995 323617 288922 257390 228660 202481 178674 1.1535e+006 
2000  1.51952e+007 1.31019e+007 1.12928e+007 9.7284e+006 8.37198e+006 7.1824e+006 6.10697e+006 5.09268e+006 4.12827e+006 3.26589e+006 2.56643e+006 2.02565e+006 1.60806e+006 1.28554e+006 1.03648e+006 845236 701477 597502 523661 466314 417085 374178 336227 302214 271399 243262 217450 193732 171960 1.13447e+006 
2001  1.50882e+007 1.30134e+007 1.12206e+007 9.67041e+006 8.32613e+006 7.14637e+006 6.0779e+006 5.06695e+006 4.10249e+006 3.24347e+006 2.54449e+006 2.0021e+006 1.58433e+006 1.26248e+006 1.01415e+006 822290 674778 563746 483469 426604 382392 344157 310536 280502 253301 228400 205436 184180 164492 1.11237e+006 
2002  1.49785e+007 1.29217e+007 1.11448e+007 9.60855e+006 8.27637e+006 7.10666e+006 6.04564e+006 5.03886e+006 4.07544e+006 3.21602e+006 2.52075e+006 1.98013e+006 1.56219e+006 1.24103e+006 993818 802969 655262 541396 455487 393355 349439 315229 285392 258896 234975 213075 192817 173955 156347 1.08704e+006 
2003  1.48667e+007 1.28278e+007 1.10663e+007 9.54361e+006 8.2233e+006 7.06366e+006 6.01039e+006 5.0084e+006 4.04693e+006 3.18808e+006 2.49357e+006 1.95713e+006 1.54158e+006 1.22106e+006 974950 785394 638763 524920 436824 370139 321865 287806 261206 237784 216764 197577 179820 163227 147638 1.0584e+006 
2004  1.47535e+007 1.27321e+007 1.09858e+007 9.47638e+006 8.16761e+006 7.01787e+006 5.97245e+006 4.97569e+006 4.01688e+006 3.15944e+006 2.4664e+006 1.93177e+006 1.52043e+006 1.20249e+006 957417 769108 623762 510949 422975 354564 302567 264870 238312 217503 198990 182192 166688 152186 138505 1.02648e+006 
2005  1.46392e+007 1.26351e+007 1.09038e+007 9.40745e+006 8.10996e+006 6.96986e+006 5.93224e+006 4.94094e+006 3.98533e+006 3.12995e+006 2.43903e+006 1.9067e+006 1.49766e+006 1.18367e+006 941119 753983 609869 498244 411200 342945 289559 248786 219170 198326 181933 167190 153662 141038 129113 991422 
2006  1.45242e+007 1.25372e+007 1.08208e+007 9.33726e+006 8.05087e+006 6.92021e+006 5.89022e+006 4.90447e+006 3.9524e+006 3.0996e+006 2.41128e+006 1.8817e+006 1.4753e+006 1.16373e+006 924733 739919 596969 486480 400487 333041 279811 237903 205724 182295 165817 152802 140967 129987 119634 953481 
2007  1.44088e+007 1.24387e+007 1.07369e+007 9.26612e+006 7.99069e+006 6.86934e+006 5.84687e+006 4.86664e+006 3.91831e+006 3.06844e+006 2.3831e+006 1.85661e+006 1.45315e+006 1.14425e+006 907583 725866 584972 475558 390570 324029 271487 229718 196598 171020 152347 139217 128800 119222 110240 913027 
2008  1.42936e+007 1.23399e+007 1.06526e+007 9.1943e+006 7.92971e+006 6.81756e+006 5.80254e+006 4.82779e+006 3.88328e+006 3.03655e+006 2.35447e+006 1.83133e+006 1.43106e+006 1.12503e+006 890865 711276 573030 465391 381357 315683 263908 222717 189714 163347 142862 127863 117316 108907 101093 870521 
2009  1.41786e+007 1.22412e+007 1.0568e+007 9.12205e+006 7.86816e+006 6.7651e+006 5.75745e+006 4.78819e+006 3.84755e+006 3.00407e+006 2.32542e+006 1.80582e+006 1.40891e+006 1.10593e+006 874414 697073 560702 455298 372773 307925 256885 216337 183817 157545 136395 119862 107719 99175.4 92331.4 826488 
2010  1.40643e+007 1.21428e+007 1.04834e+007 9.0496e+006 7.80623e+006 6.71216e+006 5.71182e+006 4.74802e+006 3.8113e+006 2.97116e+006 2.29603e+006 1.78008e+006 1.38667e+006 1.08685e+006 858110 683124 548715 444925 364268 300690 250353 210424 178439 152568 131494 114396 100950 91042.2 84066.5 781494 

Output quantities finish here

Unused parameters:
annual_cycle.fishery_areas annual_cycle.migrate_from annual_cycle.migrate_to annual_cycle.migration_names annual_cycle.migration_times annual_cycle.n_migrations annual_cycle.recruitment_areas annual_cycle.spawning_all_areas area_names recruitment.p_male recruitment.year_range tag[Tags2005_R1_LL1].area tag[Tags2005_R1_LL1].sex tag[Tags2006_R1_LL1].area tag[Tags2006_R1_LL1].sex tag[Tags2007_R1_LL1].area tag[Tags2007_R1_LL1].sex tag[Tags2008_R1_LL1].area tag[Tags2008_R1_LL1].sex tag[Tags2009_R1_LL1].area tag[Tags2009_R1_LL1].sex MCMC.adapt_at MCMC.adaptive_stepsize MCMC.burn_in MCMC.keep MCMC.length MCMC.start MCMC.stepsize profile[1].l profile[1].n profile[1].parameter profile[1].u tag_recapture[Tags2005_R1_R1].area tag_recapture[Tags2006_R1_R1].area tag_recapture[Tags2007_R1_R1].area tag_recapture[Tags2008_R1_R1].area tag_recapture[Tags2009_R1_R1].area n_projections numbers_at[Numbers_at_age_R1].area print.yields 
