CASAL (C++ algorithmic stock assessment laboratory)
Call: C:/Users/bstacy/Documents/GitHub/lasac/projects/simulations/sim3/casal -e -q -f EM 
Date: Tue Oct 15 16:23:55 2019
v2.30-2012-03-21 00:22:59 UTC (rev.4648)  (c) Copyright 2002-2012, NIWA
User name: bstacy
Machine name: DOM-IMA-HVZRNF2 (Microsoft Windows, PID=13788)

Prefix for the input parameter filenames : EM

Random number seed : 17035

Estimation parameters:
Stored as strings: 
  MCMC.adapt_at                 	1e+05 2e+05 3e+05 4e+05
  MCMC.adaptive_stepsize        	True
  MCMC.burn_in                  	500
  MCMC.keep                     	1000
  MCMC.length                   	1500000
  MCMC.start                    	0
  MCMC.stepsize                 	0.01
  ageing_error.c                	0
  ageing_error.type             	normal
  catch_at[LL1_catchA].2000     	0 0 0 0.01 0.01 0.03 0.05 0.15 0.19 0.1 0.11 0.06 0.07 0.06 0.02 0.01 0.04 0.03 0.01 0.01 0.01 0.03 0 0 0 0 0 0 0 0
  catch_at[LL1_catchA].2001     	0 0 0 0 0.02 0.02 0.08 0.17 0.14 0.14 0.07 0.08 0.08 0.05 0.01 0.03 0.05 0.02 0.01 0 0.01 0.01 0.01 0 0 0 0 0 0 0
  catch_at[LL1_catchA].2002     	0 0 0 0 0 0.03 0.09 0.12 0.15 0.21 0.12 0.06 0.06 0.04 0.03 0.01 0 0.02 0 0 0 0.01 0.01 0.01 0.01 0.01 0 0 0 0.01
  catch_at[LL1_catchA].2003     	0 0 0 0 0.01 0.01 0.07 0.08 0.17 0.19 0.11 0.08 0.05 0.1 0.01 0.03 0.02 0.01 0.02 0.01 0 0.01 0 0 0 0 0.01 0 0 0.01
  catch_at[LL1_catchA].2004     	0 0 0 0.01 0 0.01 0.06 0.11 0.13 0.19 0.08 0.11 0.02 0.06 0.06 0.03 0.03 0.02 0.03 0.01 0.02 0 0 0 0 0.01 0 0.01 0 0
  catch_at[LL1_catchA].2005     	0 0 0 0 0 0.03 0.04 0.13 0.14 0.16 0.14 0.08 0.05 0.06 0.03 0.03 0.02 0.03 0.02 0.01 0 0 0.01 0.01 0 0 0 0 0 0.01
  catch_at[LL1_catchA].2006     	0 0 0 0.01 0 0.03 0.06 0.14 0.16 0.17 0.1 0.08 0.08 0.06 0.04 0.02 0 0 0.02 0.01 0.01 0.01 0 0 0 0 0 0 0 0
  catch_at[LL1_catchA].2007     	0 0 0 0 0 0.03 0.09 0.12 0.15 0.18 0.1 0.08 0.05 0.05 0.06 0.05 0 0.01 0 0.02 0 0 0.01 0 0 0 0 0 0 0
  catch_at[LL1_catchA].2008     	0 0 0 0 0 0.01 0.07 0.14 0.13 0.17 0.1 0.1 0.06 0.05 0.06 0.01 0.02 0 0.04 0 0.01 0.01 0.01 0 0.01 0 0 0 0 0
  catch_at[LL1_catchA].2009     	0 0 0 0 0.02 0.02 0.09 0.13 0.21 0.1 0.08 0.11 0.05 0.06 0.03 0.05 0.01 0 0 0.01 0.01 0.01 0.01 0 0 0 0 0 0 0
  catch_at[LL1_catchA].2010     	0 0 0 0 0 0.02 0.08 0.17 0.12 0.23 0.09 0.04 0.07 0.06 0.05 0.03 0.01 0.01 0.02 0 0 0 0 0 0 0 0 0 0 0
  catch_at[LL1_catchA].N_2000   	100
  catch_at[LL1_catchA].N_2001   	100
  catch_at[LL1_catchA].N_2002   	100
  catch_at[LL1_catchA].N_2003   	100
  catch_at[LL1_catchA].N_2004   	100
  catch_at[LL1_catchA].N_2005   	100
  catch_at[LL1_catchA].N_2006   	100
  catch_at[LL1_catchA].N_2007   	100
  catch_at[LL1_catchA].N_2008   	100
  catch_at[LL1_catchA].N_2009   	100
  catch_at[LL1_catchA].N_2010   	100
  catch_at[LL1_catchA].at_size  	False
  catch_at[LL1_catchA].dist     	multinomial
  catch_at[LL1_catchA].fishery  	LL1
  catch_at[LL1_catchA].max_class	30
  catch_at[LL1_catchA].min_class	1
  catch_at[LL1_catchA].plus_group	True
  catch_at[LL1_catchA].r        	1e-11
  catch_at[LL1_catchA].sexed    	False
  catch_at[LL1_catchA].sum_to_one	True
  catch_at[LL1_catchA].years    	2000 2001 2002 2003 2004 2005 2006 2007 2008 2009 2010
  catch_limit_penalty[1].fishery	LL1
  catch_limit_penalty[1].label  	LL1_Penalty
  catch_limit_penalty[1].log_scale	True
  catch_limit_penalty[1].multiplier	1000
  catch_limit_penalty[2].fishery	LL2
  catch_limit_penalty[2].label  	LL2_Penalty
  catch_limit_penalty[2].log_scale	True
  catch_limit_penalty[2].multiplier	1000
  estimate[1].lower_bound       	5000
  estimate[1].parameter         	initialization.B0
  estimate[1].prior             	uniform
  estimate[1].upper_bound       	5e+05
  estimator                     	Bayes
  fish_tagged_penalty[1].label  	Penalty_Tags2005_R1_LL1
  fish_tagged_penalty[1].multiplier	1
  fish_tagged_penalty[1].tagging_episode	Tags2005_R1_LL1
  fish_tagged_penalty[2].label  	Penalty_Tags2006_R1_LL1
  fish_tagged_penalty[2].multiplier	1
  fish_tagged_penalty[2].tagging_episode	Tags2006_R1_LL1
  fish_tagged_penalty[3].label  	Penalty_Tags2007_R1_LL1
  fish_tagged_penalty[3].multiplier	1
  fish_tagged_penalty[3].tagging_episode	Tags2007_R1_LL1
  fish_tagged_penalty[4].label  	Penalty_Tags2008_R1_LL1
  fish_tagged_penalty[4].multiplier	1
  fish_tagged_penalty[4].tagging_episode	Tags2008_R1_LL1
  fish_tagged_penalty[5].label  	Penalty_Tags2009_R1_LL1
  fish_tagged_penalty[5].multiplier	1
  fish_tagged_penalty[5].tagging_episode	Tags2009_R1_LL1
  grad_tol                      	0.001
  max_evals                     	10000
  max_iters                     	1600
  profile[1].l                  	40000
  profile[1].n                  	11
  profile[1].parameter          	initialization.B0
  profile[1].u                  	130000
  q_method                      	nuisance
  tag_recapture[Tags2005_R1_R1].area	R1
  tag_recapture[Tags2005_R1_R1].class_mins	100 150 200 250 300 350 400 450 500 550 600 650 700 750 800 850 900 950 1000 1050 1100 1150 1200 1250 1300 1350 1400 1450 1500 1550 1600 1650 1700 1750 1800 1850 1900 1950 2000 2050
  tag_recapture[Tags2005_R1_R1].detection_probability	1
  tag_recapture[Tags2005_R1_R1].dispersion	1
  tag_recapture[Tags2005_R1_R1].do_bootstrap	True
  tag_recapture[Tags2005_R1_R1].plus_group	False
  tag_recapture[Tags2005_R1_R1].proportion_mortality	0.5
  tag_recapture[Tags2005_R1_R1].r	1e-11
  tag_recapture[Tags2005_R1_R1].recaptured_2006	0 0 0 0 0 0 0 0 0 0 4 10 15 27 25 23 30 7 7 6 5 3 0 0 0 0 0 0 0 0 0 0 0 0 0 0 0 0 0
  tag_recapture[Tags2005_R1_R1].recaptured_2007	0 0 0 0 0 0 0 0 0 0 2 6 20 25 20 20 6 20 9 6 5 0 2 0 0 0 0 0 0 0 0 0 0 0 0 0 0 0 0
  tag_recapture[Tags2005_R1_R1].recaptured_2008	0 0 0 0 0 0 0 0 1 0 2 3 7 12 16 16 15 16 8 2 6 3 0 1 0 0 0 0 0 0 0 0 0 0 0 0 0 0 0
  tag_recapture[Tags2005_R1_R1].recaptured_2009	0 0 0 0 0 0 0 0 0 1 1 2 3 10 10 16 18 7 6 3 6 2 2 1 2 0 0 0 0 0 0 0 0 0 0 0 0 0 0
  tag_recapture[Tags2005_R1_R1].recaptured_2010	0 0 0 0 0 0 0 0 0 0 0 2 3 4 6 10 8 5 16 3 2 3 3 2 0 0 0 0 0 0 0 0 0 0 0 0 0 0 0
  tag_recapture[Tags2005_R1_R1].sample	size
  tag_recapture[Tags2005_R1_R1].scanned_2006	0 0 0 2 28 320 2302 11502 39770 96806 173902 243624 277690 266092 224820 178122 136978 101584 71958 49292 33518 23134 16316 11662 8346 5944 4222 2988 2086 1406 896 530 286 140 62 24 8 2 0
  tag_recapture[Tags2005_R1_R1].scanned_2007	0 0 0 2 28 344 2442 11568 39724 99366 181960 252416 280488 265182 224010 176300 134278 100438 72920 50898 34514 23278 15942 11162 7944 5686 4062 2880 2006 1350 862 512 278 138 62 24 8 2 0
  tag_recapture[Tags2005_R1_R1].scanned_2008	0 0 0 2 28 344 2602 12332 40170 97884 182308 260086 291620 271378 224512 174626 131756 97934 71728 51120 35200 23658 15864 10828 7580 5410 3886 2772 1934 1300 826 490 266 132 58 24 8 2 0
  tag_recapture[Tags2005_R1_R1].scanned_2009	0 0 0 2 28 338 2596 13080 43468 101422 180382 255904 293398 278302 229716 175798 130724 96182 70174 50456 35360 24054 16060 10754 7362 5182 3714 2662 1866 1256 798 470 254 126 56 22 8 2 0
  tag_recapture[Tags2005_R1_R1].scanned_2010	0 0 0 2 30 342 2546 12914 45438 110634 193100 259840 288924 275666 231594 178066 131090 95240 68874 49434 34952 24134 16262 10830 7284 5028 3564 2550 1794 1212 770 454 246 120 54 22 8 2 0
  tag_recapture[Tags2005_R1_R1].step	1
  tag_recapture[Tags2005_R1_R1].tag_name	Tags2005_R1
  tag_recapture[Tags2005_R1_R1].years	2006 2007 2008 2009 2010
  tag_recapture[Tags2006_R1_R1].area	R1
  tag_recapture[Tags2006_R1_R1].class_mins	100 150 200 250 300 350 400 450 500 550 600 650 700 750 800 850 900 950 1000 1050 1100 1150 1200 1250 1300 1350 1400 1450 1500 1550 1600 1650 1700 1750 1800 1850 1900 1950 2000 2050
  tag_recapture[Tags2006_R1_R1].detection_probability	1
  tag_recapture[Tags2006_R1_R1].dispersion	1
  tag_recapture[Tags2006_R1_R1].do_bootstrap	True
  tag_recapture[Tags2006_R1_R1].plus_group	False
  tag_recapture[Tags2006_R1_R1].proportion_mortality	0.5
  tag_recapture[Tags2006_R1_R1].r	1e-11
  tag_recapture[Tags2006_R1_R1].recaptured_2007	0 0 0 0 0 0 0 0 0 2 2 17 15 26 31 24 21 12 19 7 2 0 0 0 0 0 0 0 0 0 0 0 0 0 0 0 0 0 0
  tag_recapture[Tags2006_R1_R1].recaptured_2008	0 0 0 0 0 0 0 0 0 0 3 7 8 19 17 23 12 12 7 2 1 1 2 0 0 0 0 0 0 0 0 0 0 0 0 0 0 0 0
  tag_recapture[Tags2006_R1_R1].recaptured_2009	0 0 0 0 0 0 0 0 0 0 0 1 13 12 13 13 10 6 9 3 3 1 3 0 0 0 0 0 0 0 0 1 0 0 0 0 0 0 0
  tag_recapture[Tags2006_R1_R1].recaptured_2010	0 0 0 0 0 0 0 0 0 0 0 1 5 6 16 15 13 7 11 6 4 2 3 2 0 1 0 0 0 0 0 0 0 0 0 0 0 0 0
  tag_recapture[Tags2006_R1_R1].sample	size
  tag_recapture[Tags2006_R1_R1].scanned_2007	0 0 0 2 28 344 2442 11568 39724 99366 181960 252416 280488 265182 224010 176300 134278 100438 72920 50898 34514 23278 15942 11162 7944 5686 4062 2880 2006 1350 862 512 278 138 62 24 8 2 0
  tag_recapture[Tags2006_R1_R1].scanned_2008	0 0 0 2 28 344 2602 12332 40170 97884 182308 260086 291620 271378 224512 174626 131756 97934 71728 51120 35200 23658 15864 10828 7580 5410 3886 2772 1934 1300 826 490 266 132 58 24 8 2 0
  tag_recapture[Tags2006_R1_R1].scanned_2009	0 0 0 2 28 338 2596 13080 43468 101422 180382 255904 293398 278302 229716 175798 130724 96182 70174 50456 35360 24054 16060 10754 7362 5182 3714 2662 1866 1256 798 470 254 126 56 22 8 2 0
  tag_recapture[Tags2006_R1_R1].scanned_2010	0 0 0 2 30 342 2546 12914 45438 110634 193100 259840 288924 275666 231594 178066 131090 95240 68874 49434 34952 24134 16262 10830 7284 5028 3564 2550 1794 1212 770 454 246 120 54 22 8 2 0
  tag_recapture[Tags2006_R1_R1].step	1
  tag_recapture[Tags2006_R1_R1].tag_name	Tags2006_R1
  tag_recapture[Tags2006_R1_R1].years	2007 2008 2009 2010
  tag_recapture[Tags2007_R1_R1].area	R1
  tag_recapture[Tags2007_R1_R1].class_mins	100 150 200 250 300 350 400 450 500 550 600 650 700 750 800 850 900 950 1000 1050 1100 1150 1200 1250 1300 1350 1400 1450 1500 1550 1600 1650 1700 1750 1800 1850 1900 1950 2000 2050
  tag_recapture[Tags2007_R1_R1].detection_probability	1
  tag_recapture[Tags2007_R1_R1].dispersion	1
  tag_recapture[Tags2007_R1_R1].do_bootstrap	True
  tag_recapture[Tags2007_R1_R1].plus_group	False
  tag_recapture[Tags2007_R1_R1].proportion_mortality	0.5
  tag_recapture[Tags2007_R1_R1].r	1e-11
  tag_recapture[Tags2007_R1_R1].recaptured_2008	0 0 0 0 0 0 0 0 0 1 7 11 18 33 23 27 12 17 6 12 3 1 0 0 1 0 0 0 0 0 1 0 0 0 0 0 0 0 0
  tag_recapture[Tags2007_R1_R1].recaptured_2009	0 0 0 0 0 0 0 0 0 0 1 2 13 15 22 19 23 14 7 7 4 1 1 0 0 0 0 0 0 0 0 0 0 0 0 0 0 0 0
  tag_recapture[Tags2007_R1_R1].recaptured_2010	0 0 0 0 0 0 0 0 0 0 0 2 2 20 16 13 17 5 10 9 3 1 0 1 1 1 0 0 0 0 0 0 0 0 0 0 0 0 0
  tag_recapture[Tags2007_R1_R1].sample	size
  tag_recapture[Tags2007_R1_R1].scanned_2008	0 0 0 2 28 344 2602 12332 40170 97884 182308 260086 291620 271378 224512 174626 131756 97934 71728 51120 35200 23658 15864 10828 7580 5410 3886 2772 1934 1300 826 490 266 132 58 24 8 2 0
  tag_recapture[Tags2007_R1_R1].scanned_2009	0 0 0 2 28 338 2596 13080 43468 101422 180382 255904 293398 278302 229716 175798 130724 96182 70174 50456 35360 24054 16060 10754 7362 5182 3714 2662 1866 1256 798 470 254 126 56 22 8 2 0
  tag_recapture[Tags2007_R1_R1].scanned_2010	0 0 0 2 30 342 2546 12914 45438 110634 193100 259840 288924 275666 231594 178066 131090 95240 68874 49434 34952 24134 16262 10830 7284 5028 3564 2550 1794 1212 770 454 246 120 54 22 8 2 0
  tag_recapture[Tags2007_R1_R1].step	1
  tag_recapture[Tags2007_R1_R1].tag_name	Tags2007_R1
  tag_recapture[Tags2007_R1_R1].years	2008 2009 2010
  tag_recapture[Tags2008_R1_R1].area	R1
  tag_recapture[Tags2008_R1_R1].class_mins	100 150 200 250 300 350 400 450 500 550 600 650 700 750 800 850 900 950 1000 1050 1100 1150 1200 1250 1300 1350 1400 1450 1500 1550 1600 1650 1700 1750 1800 1850 1900 1950 2000 2050
  tag_recapture[Tags2008_R1_R1].detection_probability	1
  tag_recapture[Tags2008_R1_R1].dispersion	1
  tag_recapture[Tags2008_R1_R1].do_bootstrap	True
  tag_recapture[Tags2008_R1_R1].plus_group	False
  tag_recapture[Tags2008_R1_R1].proportion_mortality	0.5
  tag_recapture[Tags2008_R1_R1].r	1e-11
  tag_recapture[Tags2008_R1_R1].recaptured_2009	0 0 0 0 0 0 0 0 1 0 2 10 19 35 24 20 16 12 4 3 2 1 1 1 2 0 0 0 0 0 0 0 0 0 0 0 0 0 0
  tag_recapture[Tags2008_R1_R1].recaptured_2010	0 0 0 0 0 0 0 0 0 1 0 7 12 20 27 21 21 12 7 6 3 2 2 2 1 0 0 0 0 0 0 0 0 0 0 0 0 0 0
  tag_recapture[Tags2008_R1_R1].sample	size
  tag_recapture[Tags2008_R1_R1].scanned_2009	0 0 0 2 28 338 2596 13080 43468 101422 180382 255904 293398 278302 229716 175798 130724 96182 70174 50456 35360 24054 16060 10754 7362 5182 3714 2662 1866 1256 798 470 254 126 56 22 8 2 0
  tag_recapture[Tags2008_R1_R1].scanned_2010	0 0 0 2 30 342 2546 12914 45438 110634 193100 259840 288924 275666 231594 178066 131090 95240 68874 49434 34952 24134 16262 10830 7284 5028 3564 2550 1794 1212 770 454 246 120 54 22 8 2 0
  tag_recapture[Tags2008_R1_R1].step	1
  tag_recapture[Tags2008_R1_R1].tag_name	Tags2008_R1
  tag_recapture[Tags2008_R1_R1].years	2009 2010
  tag_recapture[Tags2009_R1_R1].area	R1
  tag_recapture[Tags2009_R1_R1].class_mins	100 150 200 250 300 350 400 450 500 550 600 650 700 750 800 850 900 950 1000 1050 1100 1150 1200 1250 1300 1350 1400 1450 1500 1550 1600 1650 1700 1750 1800 1850 1900 1950 2000 2050
  tag_recapture[Tags2009_R1_R1].detection_probability	1
  tag_recapture[Tags2009_R1_R1].dispersion	1
  tag_recapture[Tags2009_R1_R1].do_bootstrap	True
  tag_recapture[Tags2009_R1_R1].plus_group	False
  tag_recapture[Tags2009_R1_R1].proportion_mortality	0.5
  tag_recapture[Tags2009_R1_R1].r	1e-11
  tag_recapture[Tags2009_R1_R1].recaptured_2010	0 0 0 0 0 0 0 0 0 0 5 19 24 31 21 18 10 16 7 4 2 0 0 1 0 0 0 0 0 0 0 0 0 0 0 0 0 0 0
  tag_recapture[Tags2009_R1_R1].sample	size
  tag_recapture[Tags2009_R1_R1].scanned_2010	0 0 0 2 30 342 2546 12914 45438 110634 193100 259840 288924 275666 231594 178066 131090 95240 68874 49434 34952 24134 16262 10830 7284 5028 3564 2550 1794 1212 770 454 246 120 54 22 8 2 0
  tag_recapture[Tags2009_R1_R1].step	1
  tag_recapture[Tags2009_R1_R1].tag_name	Tags2009_R1
  tag_recapture[Tags2009_R1_R1].years	2010
  vector_average_penalty[1].k   	1
  vector_average_penalty[1].label	meanYCS_1
  vector_average_penalty[1].multiplier	100
  vector_average_penalty[1].vector	recruitment.YCS
Stored as DOUBLEs: 
Stored as VECTORs: 
Stored as OGIVEs: 

Population parameters:
Stored as strings: 
  annual_cycle.M_props          	1
  annual_cycle.aging_time       	1
  annual_cycle.baranov          	False
  annual_cycle.fishery_areas    	R1
  annual_cycle.fishery_names    	LL1 LL2
  annual_cycle.fishery_times    	1 1
  annual_cycle.growth_props     	0
  annual_cycle.migrate_from     	R1
  annual_cycle.migrate_to       	R2
  annual_cycle.migration_names  	MoveRec_1_2
  annual_cycle.migration_times  	1
  annual_cycle.n_migrations     	0
  annual_cycle.recruitment_areas	R1
  annual_cycle.recruitment_time 	1
  annual_cycle.spawning_all_areas	1
  annual_cycle.spawning_p       	1
  annual_cycle.spawning_part_mort	0.5
  annual_cycle.spawning_time    	1
  annual_cycle.spawning_use_total_B	False
  annual_cycle.time_steps       	1
  area_names                    	R1
  current                       	2010
  final                         	2045
  first_random_year             	2007
  fishery[LL1].U_max            	0.95
  fishery[LL1].catches          	0 6000 6000 6000 6000 6000 6000 6000 6000 6000 6000 6000 6000 6000 6000 6000 6000 6000 6000 6000 6000
  fishery[LL1].future_constant_catches	200
  fishery[LL1].selectivity      	SelLL
  fishery[LL1].years            	1990 1991 1992 1993 1994 1995 1996 1997 1998 1999 2000 2001 2002 2003 2004 2005 2006 2007 2008 2009 2010
  fishery[LL2].U_max            	0.95
  fishery[LL2].catches          	0 0 0 0 0 0 0 0 0 0 0 0 0 0 0 0 0 0 0 0 0
  fishery[LL2].future_constant_catches	200
  fishery[LL2].selectivity      	SelLL
  fishery[LL2].years            	1990 1991 1992 1993 1994 1995 1996 1997 1998 1999 2000 2001 2002 2003 2004 2005 2006 2007 2008 2009 2010
  initial                       	1990
  initialization.B0             	448262
  mature_partition              	False
  maturity_props.all            	allvalues  0 0 0 0 0 0 0 0 0 0 0 0.1667 0.3333 0.5 0.6667 0.8333 1 1 1 1 1 1 1 1 1 1 1 1 1 1
  max_age                       	30
  min_age                       	1
  n_areas                       	1
  n_stocks                      	1
  n_tags                        	5
  natural_mortality.all         	0.155
  plus_group                    	True
  randomisation_method          	lognormal
  recruitment.SR                	BH
  recruitment.YCS               	1 1 1 1 1 1 1 1 1 1 1 1 1 1 1 1 1 1 1 1 1
  recruitment.YCS_years         	1989 1990 1991 1992 1993 1994 1995 1996 1997 1998 1999 2000 2001 2002 2003 2004 2005 2006 2007 2008 2009
  recruitment.first_free        	1989
  recruitment.last_free         	2006
  recruitment.p_male            	0.5
  recruitment.rho               	0
  recruitment.sigma_r           	0.6
  recruitment.steepness         	0.7
  recruitment.year_range        	1989 2006
  selectivity[SelLL].all        	double_normal 10 2 10
  selectivity_names             	SelLL
  sex_partition                 	False
  size_at_age.Linf              	2870
  size_at_age.by_length         	True
  size_at_age.cv                	0.1
  size_at_age.k                 	0.02056
  size_at_age.t0                	-4.2897
  size_at_age_dist              	normal
  size_at_age_type              	von_Bert
  size_based                    	False
  size_weight.a                 	2.59e-12
  size_weight.b                 	3.2064
  size_weight.verify_size_weight	500 0.5 1.5
  standardise_YCS               	True
  tag[Tags2005_R1_LL1].area     	R1
  tag[Tags2005_R1_LL1].class_mins	100 150 200 250 300 350 400 450 500 550 600 650 700 750 800 850 900 950 1000 1050 1100 1150 1200 1250 1300 1350 1400 1450 1500 1550 1600 1650 1700 1750 1800 1850 1900 1950 2000 2050
  tag[Tags2005_R1_LL1].mature_only	False
  tag[Tags2005_R1_LL1].mortality	0.1
  tag[Tags2005_R1_LL1].number   	2500
  tag[Tags2005_R1_LL1].ogive    	SelLL
  tag[Tags2005_R1_LL1].plus_group	False
  tag[Tags2005_R1_LL1].props_all	0 0 0 0 0 1e-04 8e-04 0.0048 0.0184 0.0472 0.088 0.1245 0.1388 0.1298 0.1103 0.0896 0.0694 0.0511 0.0362 0.0255 0.0183 0.0135 0.01 0.0073 0.0052 0.0037 0.0025 0.0018 0.0012 8e-04 5e-04 3e-04 2e-04 1e-04 0 0 0 0 0
  tag[Tags2005_R1_LL1].release_type	deterministic
  tag[Tags2005_R1_LL1].sex      	both
  tag[Tags2005_R1_LL1].step     	1
  tag[Tags2005_R1_LL1].tag_name 	Tags2005_R1
  tag[Tags2005_R1_LL1].year     	2005
  tag[Tags2006_R1_LL1].area     	R1
  tag[Tags2006_R1_LL1].class_mins	100 150 200 250 300 350 400 450 500 550 600 650 700 750 800 850 900 950 1000 1050 1100 1150 1200 1250 1300 1350 1400 1450 1500 1550 1600 1650 1700 1750 1800 1850 1900 1950 2000 2050
  tag[Tags2006_R1_LL1].mature_only	False
  tag[Tags2006_R1_LL1].mortality	0.1
  tag[Tags2006_R1_LL1].number   	2500
  tag[Tags2006_R1_LL1].ogive    	SelLL
  tag[Tags2006_R1_LL1].plus_group	False
  tag[Tags2006_R1_LL1].props_all	0 0 0 0 0 2e-04 0.0013 0.0058 0.0198 0.0485 0.0873 0.1222 0.1397 0.1351 0.1154 0.0921 0.0705 0.0511 0.0349 0.023 0.0152 0.0104 0.0075 0.0055 0.0041 0.0031 0.0023 0.0017 0.0012 9e-04 6e-04 3e-04 2e-04 1e-04 0 0 0 0 0
  tag[Tags2006_R1_LL1].release_type	deterministic
  tag[Tags2006_R1_LL1].sex      	both
  tag[Tags2006_R1_LL1].step     	1
  tag[Tags2006_R1_LL1].tag_name 	Tags2006_R1
  tag[Tags2006_R1_LL1].year     	2006
  tag[Tags2007_R1_LL1].area     	R1
  tag[Tags2007_R1_LL1].class_mins	100 150 200 250 300 350 400 450 500 550 600 650 700 750 800 850 900 950 1000 1050 1100 1150 1200 1250 1300 1350 1400 1450 1500 1550 1600 1650 1700 1750 1800 1850 1900 1950 2000 2050
  tag[Tags2007_R1_LL1].mature_only	False
  tag[Tags2007_R1_LL1].mortality	0.1
  tag[Tags2007_R1_LL1].number   	2500
  tag[Tags2007_R1_LL1].ogive    	SelLL
  tag[Tags2007_R1_LL1].plus_group	False
  tag[Tags2007_R1_LL1].props_all	0 0 0 0 0 1e-04 0.0011 0.0056 0.0193 0.0485 0.0889 0.124 0.139 0.1322 0.1118 0.0878 0.0669 0.0504 0.0372 0.0265 0.0183 0.0125 0.0087 0.0062 0.0045 0.0032 0.0024 0.0017 0.0012 8e-04 5e-04 3e-04 2e-04 1e-04 0 0 0 0 0
  tag[Tags2007_R1_LL1].release_type	deterministic
  tag[Tags2007_R1_LL1].sex      	both
  tag[Tags2007_R1_LL1].step     	1
  tag[Tags2007_R1_LL1].tag_name 	Tags2007_R1
  tag[Tags2007_R1_LL1].year     	2007
  tag[Tags2008_R1_LL1].area     	R1
  tag[Tags2008_R1_LL1].class_mins	100 150 200 250 300 350 400 450 500 550 600 650 700 750 800 850 900 950 1000 1050 1100 1150 1200 1250 1300 1350 1400 1450 1500 1550 1600 1650 1700 1750 1800 1850 1900 1950 2000 2050
  tag[Tags2008_R1_LL1].mature_only	False
  tag[Tags2008_R1_LL1].mortality	0.1
  tag[Tags2008_R1_LL1].number   	2500
  tag[Tags2008_R1_LL1].ogive    	SelLL
  tag[Tags2008_R1_LL1].plus_group	False
  tag[Tags2008_R1_LL1].props_all	0 0 0 0 0 1e-04 0.0012 0.0062 0.0205 0.0497 0.0924 0.1328 0.1497 0.1384 0.112 0.0842 0.0614 0.0445 0.0322 0.0228 0.0157 0.0106 0.0073 0.0052 0.0038 0.0029 0.0022 0.0016 0.0011 7e-04 4e-04 3e-04 1e-04 1e-04 0 0 0 0 0
  tag[Tags2008_R1_LL1].release_type	deterministic
  tag[Tags2008_R1_LL1].sex      	both
  tag[Tags2008_R1_LL1].step     	1
  tag[Tags2008_R1_LL1].tag_name 	Tags2008_R1
  tag[Tags2008_R1_LL1].year     	2008
  tag[Tags2009_R1_LL1].area     	R1
  tag[Tags2009_R1_LL1].class_mins	100 150 200 250 300 350 400 450 500 550 600 650 700 750 800 850 900 950 1000 1050 1100 1150 1200 1250 1300 1350 1400 1450 1500 1550 1600 1650 1700 1750 1800 1850 1900 1950 2000 2050
  tag[Tags2009_R1_LL1].mature_only	False
  tag[Tags2009_R1_LL1].mortality	0.1
  tag[Tags2009_R1_LL1].number   	2500
  tag[Tags2009_R1_LL1].ogive    	SelLL
  tag[Tags2009_R1_LL1].plus_group	False
  tag[Tags2009_R1_LL1].props_all	0 0 0 0 0 1e-04 0.0012 0.0063 0.0213 0.0502 0.0897 0.1266 0.1435 0.135 0.1117 0.0864 0.065 0.0482 0.0352 0.0253 0.0178 0.0122 0.0082 0.0055 0.0037 0.0025 0.0017 0.0011 7e-04 4e-04 3e-04 1e-04 1e-04 0 0 0 0 0 0
  tag[Tags2009_R1_LL1].release_type	deterministic
  tag[Tags2009_R1_LL1].sex      	both
  tag[Tags2009_R1_LL1].step     	1
  tag[Tags2009_R1_LL1].tag_name 	Tags2009_R1
  tag[Tags2009_R1_LL1].year     	2009
  tag_growth_loss[Tags2005_R1].nogrowth_period	0
  tag_growth_loss[Tags2006_R1].nogrowth_period	0
  tag_growth_loss[Tags2007_R1].nogrowth_period	0
  tag_growth_loss[Tags2008_R1].nogrowth_period	0
  tag_growth_loss[Tags2009_R1].nogrowth_period	0
  tag_loss_props                	1
  tag_names                     	Tags2005_R1 Tags2006_R1 Tags2007_R1 Tags2008_R1 Tags2009_R1
  tag_shedding_rate             	0.0084 0.0084 0.0084 0.0084 0.0084
  y_enter                       	1
Stored as DOUBLEs: 
Stored as VECTORs: 
Stored as OGIVEs: 

Output parameters:
Stored as strings: 
  n_projections                 	100
  numbers_at[Numbers_at_age_R1].area	R1
  numbers_at[Numbers_at_age_R1].proportion_mortality	0.5
  numbers_at[Numbers_at_age_R1].step	1
  numbers_at[Numbers_at_age_R1].years	1990 1991 1992 1993 1994 1995 1996 1997 1998 1999 2000 2001 2002 2003 2004 2005 2006 2007 2008 2009 2010
  print.covariance              	true
  print.estimation_section      	true
  print.final_state             	false
  print.fits                    	true
  print.fits_every_eval         	false
  print.initial_state           	false
  print.normalised_resids       	true
  print.objective_every_eval    	false
  print.parameter_vector_every_eval	false
  print.parameters              	true
  print.parameters_every_eval   	false
  print.pearson_resids          	true
  print.requests                	false
  print.resids                  	true
  print.results                 	false
  print.state_annually          	false
  print.state_every_step        	false
  print.unused_parameters       	true
  print.yields                  	true
  quantities.B0                 	true
  quantities.R0                 	true
  quantities.SSBs               	true
  quantities.YCS                	true
  quantities.actual_catches     	false
  quantities.all_free_parameters	true
  quantities.fishing_pressures  	true
  quantities.nuisance_qs        	true
  quantities.recruitments       	true
  quantities.true_YCS           	true
Stored as DOUBLEs: 
Stored as VECTORs: 
Stored as OGIVEs: 

A fish of size 500 cm has a weight of 1.16755 kg in your model. This size-weight scale check assumes that the growth curve is in centimetres, and that the catch is in tonnes.

A fish of size 500 cm has a weight of 1.16755 kg in your model. This size-weight scale check assumes that the growth curve is in centimetres, and that the catch is in tonnes.

Estimation section :

Objective function: Bayes

Minimiser convergence threshold: 0.001


Observations:

The observations are:
LL1_catchA
Tags2005_R1_R1
Tags2006_R1_R1
Tags2007_R1_R1
Tags2008_R1_R1
Tags2009_R1_R1
Fits follow:

LL1_catchA :
catch proportions-at-age for fishery LL1  with ageing error (constrained to sum to 1):
obs (last class is a plus group):
class 1       2       3       4       5       6       7       8       9       10      11      12      13      14      15      16      17      18      19      20      21      22      23      24      25      26      27      28      29      30      
2000 0       0       0       0.01    0.01    0.03    0.05    0.15    0.19    0.1     0.11    0.06    0.07    0.06    0.02    0.01    0.04    0.03    0.01    0.01    0.01    0.03    0       0       0       0       0       0       0       0       
2001 0       0       0       0       0.02    0.02    0.08    0.17    0.14    0.14    0.07    0.08    0.08    0.05    0.01    0.03    0.05    0.02    0.01    0       0.01    0.01    0.01    0       0       0       0       0       0       0       
2002 0       0       0       0       0       0.03    0.09    0.12    0.15    0.21    0.12    0.06    0.06    0.04    0.03    0.01    0       0.02    0       0       0       0.01    0.01    0.01    0.01    0.01    0       0       0       0.01    
2003 0       0       0       0       0.01    0.01    0.07    0.08    0.17    0.19    0.11    0.08    0.05    0.1     0.01    0.03    0.02    0.01    0.02    0.01    0       0.01    0       0       0       0       0.01    0       0       0.01    
2004 0       0       0       0.01    0       0.01    0.06    0.11    0.13    0.19    0.08    0.11    0.02    0.06    0.06    0.03    0.03    0.02    0.03    0.01    0.02    0       0       0       0       0.01    0       0.01    0       0       
2005 0       0       0       0       0       0.03    0.04    0.13    0.14    0.16    0.14    0.08    0.05    0.06    0.03    0.03    0.02    0.03    0.02    0.01    0       0       0.01    0.01    0       0       0       0       0       0.01    
2006 0       0       0       0.01    0       0.03    0.06    0.14    0.16    0.17    0.1     0.08    0.08    0.06    0.04    0.02    0       0       0.02    0.01    0.01    0.01    0       0       0       0       0       0       0       0       
2007 0       0       0       0       0       0.03    0.09    0.12    0.15    0.18    0.1     0.08    0.05    0.05    0.06    0.05    0       0.01    0       0.02    0       0       0.01    0       0       0       0       0       0       0       
2008 0       0       0       0       0       0.01    0.07    0.14    0.13    0.17    0.1     0.1     0.06    0.05    0.06    0.01    0.02    0       0.04    0       0.01    0.01    0.01    0       0.01    0       0       0       0       0       
2009 0       0       0       0       0.02    0.02    0.09    0.13    0.21    0.1     0.08    0.11    0.05    0.06    0.03    0.05    0.01    0       0       0.01    0.01    0.01    0.01    0       0       0       0       0       0       0       
2010 0       0       0       0       0       0.02    0.08    0.17    0.12    0.23    0.09    0.04    0.07    0.06    0.05    0.03    0.01    0.01    0.02    0       0       0       0       0       0       0       0       0       0       0       
objective function: multinomial likelihood, with delta = 1e-011, N =
100 100 100 100 100 100 100 100 100 100 100 100 100 100 100 100 100 100 100 100 100 100 100 100 100 100 100 100 100 100 
100 100 100 100 100 100 100 100 100 100 100 100 100 100 100 100 100 100 100 100 100 100 100 100 100 100 100 100 100 100 
100 100 100 100 100 100 100 100 100 100 100 100 100 100 100 100 100 100 100 100 100 100 100 100 100 100 100 100 100 100 
100 100 100 100 100 100 100 100 100 100 100 100 100 100 100 100 100 100 100 100 100 100 100 100 100 100 100 100 100 100 
100 100 100 100 100 100 100 100 100 100 100 100 100 100 100 100 100 100 100 100 100 100 100 100 100 100 100 100 100 100 
100 100 100 100 100 100 100 100 100 100 100 100 100 100 100 100 100 100 100 100 100 100 100 100 100 100 100 100 100 100 
100 100 100 100 100 100 100 100 100 100 100 100 100 100 100 100 100 100 100 100 100 100 100 100 100 100 100 100 100 100 
100 100 100 100 100 100 100 100 100 100 100 100 100 100 100 100 100 100 100 100 100 100 100 100 100 100 100 100 100 100 
100 100 100 100 100 100 100 100 100 100 100 100 100 100 100 100 100 100 100 100 100 100 100 100 100 100 100 100 100 100 
100 100 100 100 100 100 100 100 100 100 100 100 100 100 100 100 100 100 100 100 100 100 100 100 100 100 100 100 100 100 
100 100 100 100 100 100 100 100 100 100 100 100 100 100 100 100 100 100 100 100 100 100 100 100 100 100 100 100 100 100 

Tags2005_R1_R1 :
tag-recapture data for tag Tags2005_R1 in years 2006 2007 2008 2009 2010 , step 1, after proportion 0.5 of mortality, with sampling method size, detection probability 1.
Year 2006
class scanned recaptured
100 0 0
150 0 0
200 0 0
250 2 0
300 28 0
350 320 0
400 2302 0
450 11502 0
500 39770 0
550 96806 0
600 173902 4
650 243624 10
700 277690 15
750 266092 27
800 224820 25
850 178122 23
900 136978 30
950 101584 7
1000 71958 7
1050 49292 6
1100 33518 5
1150 23134 3
1200 16316 0
1250 11662 0
1300 8346 0
1350 5944 0
1400 4222 0
1450 2988 0
1500 2086 0
1550 1406 0
1600 896 0
1650 530 0
1700 286 0
1750 140 0
1800 62 0
1850 24 0
1900 8 0
1950 2 0
2000 0 0


Year 2007
class scanned recaptured
100 0 0
150 0 0
200 0 0
250 2 0
300 28 0
350 344 0
400 2442 0
450 11568 0
500 39724 0
550 99366 0
600 181960 2
650 252416 6
700 280488 20
750 265182 25
800 224010 20
850 176300 20
900 134278 6
950 100438 20
1000 72920 9
1050 50898 6
1100 34514 5
1150 23278 0
1200 15942 2
1250 11162 0
1300 7944 0
1350 5686 0
1400 4062 0
1450 2880 0
1500 2006 0
1550 1350 0
1600 862 0
1650 512 0
1700 278 0
1750 138 0
1800 62 0
1850 24 0
1900 8 0
1950 2 0
2000 0 0


Year 2008
class scanned recaptured
100 0 0
150 0 0
200 0 0
250 2 0
300 28 0
350 344 0
400 2602 0
450 12332 0
500 40170 1
550 97884 0
600 182308 2
650 260086 3
700 291620 7
750 271378 12
800 224512 16
850 174626 16
900 131756 15
950 97934 16
1000 71728 8
1050 51120 2
1100 35200 6
1150 23658 3
1200 15864 0
1250 10828 1
1300 7580 0
1350 5410 0
1400 3886 0
1450 2772 0
1500 1934 0
1550 1300 0
1600 826 0
1650 490 0
1700 266 0
1750 132 0
1800 58 0
1850 24 0
1900 8 0
1950 2 0
2000 0 0


Year 2009
class scanned recaptured
100 0 0
150 0 0
200 0 0
250 2 0
300 28 0
350 338 0
400 2596 0
450 13080 0
500 43468 0
550 101422 1
600 180382 1
650 255904 2
700 293398 3
750 278302 10
800 229716 10
850 175798 16
900 130724 18
950 96182 7
1000 70174 6
1050 50456 3
1100 35360 6
1150 24054 2
1200 16060 2
1250 10754 1
1300 7362 2
1350 5182 0
1400 3714 0
1450 2662 0
1500 1866 0
1550 1256 0
1600 798 0
1650 470 0
1700 254 0
1750 126 0
1800 56 0
1850 22 0
1900 8 0
1950 2 0
2000 0 0


Year 2010
class scanned recaptured
100 0 0
150 0 0
200 0 0
250 2 0
300 30 0
350 342 0
400 2546 0
450 12914 0
500 45438 0
550 110634 0
600 193100 0
650 259840 2
700 288924 3
750 275666 4
800 231594 6
850 178066 10
900 131090 8
950 95240 5
1000 68874 16
1050 49434 3
1100 34952 2
1150 24134 3
1200 16262 3
1250 10830 2
1300 7284 0
1350 5028 0
1400 3564 0
1450 2550 0
1500 1794 0
1550 1212 0
1600 770 0
1650 454 0
1700 246 0
1750 120 0
1800 54 0
1850 22 0
1900 8 0
1950 2 0
2000 0 0


Tags2006_R1_R1 :
tag-recapture data for tag Tags2006_R1 in years 2007 2008 2009 2010 , step 1, after proportion 0.5 of mortality, with sampling method size, detection probability 1.
Year 2007
class scanned recaptured
100 0 0
150 0 0
200 0 0
250 2 0
300 28 0
350 344 0
400 2442 0
450 11568 0
500 39724 0
550 99366 2
600 181960 2
650 252416 17
700 280488 15
750 265182 26
800 224010 31
850 176300 24
900 134278 21
950 100438 12
1000 72920 19
1050 50898 7
1100 34514 2
1150 23278 0
1200 15942 0
1250 11162 0
1300 7944 0
1350 5686 0
1400 4062 0
1450 2880 0
1500 2006 0
1550 1350 0
1600 862 0
1650 512 0
1700 278 0
1750 138 0
1800 62 0
1850 24 0
1900 8 0
1950 2 0
2000 0 0


Year 2008
class scanned recaptured
100 0 0
150 0 0
200 0 0
250 2 0
300 28 0
350 344 0
400 2602 0
450 12332 0
500 40170 0
550 97884 0
600 182308 3
650 260086 7
700 291620 8
750 271378 19
800 224512 17
850 174626 23
900 131756 12
950 97934 12
1000 71728 7
1050 51120 2
1100 35200 1
1150 23658 1
1200 15864 2
1250 10828 0
1300 7580 0
1350 5410 0
1400 3886 0
1450 2772 0
1500 1934 0
1550 1300 0
1600 826 0
1650 490 0
1700 266 0
1750 132 0
1800 58 0
1850 24 0
1900 8 0
1950 2 0
2000 0 0


Year 2009
class scanned recaptured
100 0 0
150 0 0
200 0 0
250 2 0
300 28 0
350 338 0
400 2596 0
450 13080 0
500 43468 0
550 101422 0
600 180382 0
650 255904 1
700 293398 13
750 278302 12
800 229716 13
850 175798 13
900 130724 10
950 96182 6
1000 70174 9
1050 50456 3
1100 35360 3
1150 24054 1
1200 16060 3
1250 10754 0
1300 7362 0
1350 5182 0
1400 3714 0
1450 2662 0
1500 1866 0
1550 1256 0
1600 798 0
1650 470 1
1700 254 0
1750 126 0
1800 56 0
1850 22 0
1900 8 0
1950 2 0
2000 0 0


Year 2010
class scanned recaptured
100 0 0
150 0 0
200 0 0
250 2 0
300 30 0
350 342 0
400 2546 0
450 12914 0
500 45438 0
550 110634 0
600 193100 0
650 259840 1
700 288924 5
750 275666 6
800 231594 16
850 178066 15
900 131090 13
950 95240 7
1000 68874 11
1050 49434 6
1100 34952 4
1150 24134 2
1200 16262 3
1250 10830 2
1300 7284 0
1350 5028 1
1400 3564 0
1450 2550 0
1500 1794 0
1550 1212 0
1600 770 0
1650 454 0
1700 246 0
1750 120 0
1800 54 0
1850 22 0
1900 8 0
1950 2 0
2000 0 0


Tags2007_R1_R1 :
tag-recapture data for tag Tags2007_R1 in years 2008 2009 2010 , step 1, after proportion 0.5 of mortality, with sampling method size, detection probability 1.
Year 2008
class scanned recaptured
100 0 0
150 0 0
200 0 0
250 2 0
300 28 0
350 344 0
400 2602 0
450 12332 0
500 40170 0
550 97884 1
600 182308 7
650 260086 11
700 291620 18
750 271378 33
800 224512 23
850 174626 27
900 131756 12
950 97934 17
1000 71728 6
1050 51120 12
1100 35200 3
1150 23658 1
1200 15864 0
1250 10828 0
1300 7580 1
1350 5410 0
1400 3886 0
1450 2772 0
1500 1934 0
1550 1300 0
1600 826 1
1650 490 0
1700 266 0
1750 132 0
1800 58 0
1850 24 0
1900 8 0
1950 2 0
2000 0 0


Year 2009
class scanned recaptured
100 0 0
150 0 0
200 0 0
250 2 0
300 28 0
350 338 0
400 2596 0
450 13080 0
500 43468 0
550 101422 0
600 180382 1
650 255904 2
700 293398 13
750 278302 15
800 229716 22
850 175798 19
900 130724 23
950 96182 14
1000 70174 7
1050 50456 7
1100 35360 4
1150 24054 1
1200 16060 1
1250 10754 0
1300 7362 0
1350 5182 0
1400 3714 0
1450 2662 0
1500 1866 0
1550 1256 0
1600 798 0
1650 470 0
1700 254 0
1750 126 0
1800 56 0
1850 22 0
1900 8 0
1950 2 0
2000 0 0


Year 2010
class scanned recaptured
100 0 0
150 0 0
200 0 0
250 2 0
300 30 0
350 342 0
400 2546 0
450 12914 0
500 45438 0
550 110634 0
600 193100 0
650 259840 2
700 288924 2
750 275666 20
800 231594 16
850 178066 13
900 131090 17
950 95240 5
1000 68874 10
1050 49434 9
1100 34952 3
1150 24134 1
1200 16262 0
1250 10830 1
1300 7284 1
1350 5028 1
1400 3564 0
1450 2550 0
1500 1794 0
1550 1212 0
1600 770 0
1650 454 0
1700 246 0
1750 120 0
1800 54 0
1850 22 0
1900 8 0
1950 2 0
2000 0 0


Tags2008_R1_R1 :
tag-recapture data for tag Tags2008_R1 in years 2009 2010 , step 1, after proportion 0.5 of mortality, with sampling method size, detection probability 1.
Year 2009
class scanned recaptured
100 0 0
150 0 0
200 0 0
250 2 0
300 28 0
350 338 0
400 2596 0
450 13080 0
500 43468 1
550 101422 0
600 180382 2
650 255904 10
700 293398 19
750 278302 35
800 229716 24
850 175798 20
900 130724 16
950 96182 12
1000 70174 4
1050 50456 3
1100 35360 2
1150 24054 1
1200 16060 1
1250 10754 1
1300 7362 2
1350 5182 0
1400 3714 0
1450 2662 0
1500 1866 0
1550 1256 0
1600 798 0
1650 470 0
1700 254 0
1750 126 0
1800 56 0
1850 22 0
1900 8 0
1950 2 0
2000 0 0


Year 2010
class scanned recaptured
100 0 0
150 0 0
200 0 0
250 2 0
300 30 0
350 342 0
400 2546 0
450 12914 0
500 45438 0
550 110634 1
600 193100 0
650 259840 7
700 288924 12
750 275666 20
800 231594 27
850 178066 21
900 131090 21
950 95240 12
1000 68874 7
1050 49434 6
1100 34952 3
1150 24134 2
1200 16262 2
1250 10830 2
1300 7284 1
1350 5028 0
1400 3564 0
1450 2550 0
1500 1794 0
1550 1212 0
1600 770 0
1650 454 0
1700 246 0
1750 120 0
1800 54 0
1850 22 0
1900 8 0
1950 2 0
2000 0 0


Tags2009_R1_R1 :
tag-recapture data for tag Tags2009_R1 in years 2010 , step 1, after proportion 0.5 of mortality, with sampling method size, detection probability 1.
Year 2010
class scanned recaptured
100 0 0
150 0 0
200 0 0
250 2 0
300 30 0
350 342 0
400 2546 0
450 12914 0
500 45438 0
550 110634 0
600 193100 5
650 259840 19
700 288924 24
750 275666 31
800 231594 21
850 178066 18
900 131090 10
950 95240 16
1000 68874 7
1050 49434 4
1100 34952 2
1150 24134 0
1200 16262 0
1250 10830 1
1300 7284 0
1350 5028 0
1400 3564 0
1450 2550 0
1500 1794 0
1550 1212 0
1600 770 0
1650 454 0
1700 246 0
1750 120 0
1800 54 0
1850 22 0
1900 8 0
1950 2 0
2000 0 0



Ageing_error:
  Misclassification matrix:
1 0 0 0 0 0 0 0 0 0 0 0 0 0 0 0 0 0 0 0 0 0 0 0 0 0 0 0 0 0 
0 1 0 0 0 0 0 0 0 0 0 0 0 0 0 0 0 0 0 0 0 0 0 0 0 0 0 0 0 0 
0 0 1 0 0 0 0 0 0 0 0 0 0 0 0 0 0 0 0 0 0 0 0 0 0 0 0 0 0 0 
0 0 0 1 0 0 0 0 0 0 0 0 0 0 0 0 0 0 0 0 0 0 0 0 0 0 0 0 0 0 
0 0 0 0 1 0 0 0 0 0 0 0 0 0 0 0 0 0 0 0 0 0 0 0 0 0 0 0 0 0 
0 0 0 0 0 1 0 0 0 0 0 0 0 0 0 0 0 0 0 0 0 0 0 0 0 0 0 0 0 0 
0 0 0 0 0 0 1 0 0 0 0 0 0 0 0 0 0 0 0 0 0 0 0 0 0 0 0 0 0 0 
0 0 0 0 0 0 0 1 0 0 0 0 0 0 0 0 0 0 0 0 0 0 0 0 0 0 0 0 0 0 
0 0 0 0 0 0 0 0 1 0 0 0 0 0 0 0 0 0 0 0 0 0 0 0 0 0 0 0 0 0 
0 0 0 0 0 0 0 0 0 1 0 0 0 0 0 0 0 0 0 0 0 0 0 0 0 0 0 0 0 0 
0 0 0 0 0 0 0 0 0 0 1 0 0 0 0 0 0 0 0 0 0 0 0 0 0 0 0 0 0 0 
0 0 0 0 0 0 0 0 0 0 0 1 0 0 0 0 0 0 0 0 0 0 0 0 0 0 0 0 0 0 
0 0 0 0 0 0 0 0 0 0 0 0 1 0 0 0 0 0 0 0 0 0 0 0 0 0 0 0 0 0 
0 0 0 0 0 0 0 0 0 0 0 0 0 1 0 0 0 0 0 0 0 0 0 0 0 0 0 0 0 0 
0 0 0 0 0 0 0 0 0 0 0 0 0 0 1 0 0 0 0 0 0 0 0 0 0 0 0 0 0 0 
0 0 0 0 0 0 0 0 0 0 0 0 0 0 0 1 0 0 0 0 0 0 0 0 0 0 0 0 0 0 
0 0 0 0 0 0 0 0 0 0 0 0 0 0 0 0 1 0 0 0 0 0 0 0 0 0 0 0 0 0 
0 0 0 0 0 0 0 0 0 0 0 0 0 0 0 0 0 1 0 0 0 0 0 0 0 0 0 0 0 0 
0 0 0 0 0 0 0 0 0 0 0 0 0 0 0 0 0 0 1 0 0 0 0 0 0 0 0 0 0 0 
0 0 0 0 0 0 0 0 0 0 0 0 0 0 0 0 0 0 0 1 0 0 0 0 0 0 0 0 0 0 
0 0 0 0 0 0 0 0 0 0 0 0 0 0 0 0 0 0 0 0 1 0 0 0 0 0 0 0 0 0 
0 0 0 0 0 0 0 0 0 0 0 0 0 0 0 0 0 0 0 0 0 1 0 0 0 0 0 0 0 0 
0 0 0 0 0 0 0 0 0 0 0 0 0 0 0 0 0 0 0 0 0 0 1 0 0 0 0 0 0 0 
0 0 0 0 0 0 0 0 0 0 0 0 0 0 0 0 0 0 0 0 0 0 0 1 0 0 0 0 0 0 
0 0 0 0 0 0 0 0 0 0 0 0 0 0 0 0 0 0 0 0 0 0 0 0 1 0 0 0 0 0 
0 0 0 0 0 0 0 0 0 0 0 0 0 0 0 0 0 0 0 0 0 0 0 0 0 1 0 0 0 0 
0 0 0 0 0 0 0 0 0 0 0 0 0 0 0 0 0 0 0 0 0 0 0 0 0 0 1 0 0 0 
0 0 0 0 0 0 0 0 0 0 0 0 0 0 0 0 0 0 0 0 0 0 0 0 0 0 0 1 0 0 
0 0 0 0 0 0 0 0 0 0 0 0 0 0 0 0 0 0 0 0 0 0 0 0 0 0 0 0 1 0 
0 0 0 0 0 0 0 0 0 0 0 0 0 0 0 0 0 0 0 0 0 0 0 0 0 0 0 0 0 1 

Free parameters:

initialization.B0
uniform: bounds from 5000 to 500000
current value: 448262
lower bound: 5000
upper bound: 500000


Q's:
qs are nuisance parameters

Penalties:
LL1_Penalty :
Catch limit penalty of 1000 x the sum of squares of (log(actual catch) - log(specified catch)) for fishery LL1 to disencourage breaking exploitation rate limits
LL2_Penalty :
Catch limit penalty of 1000 x the sum of squares of (log(actual catch) - log(specified catch)) for fishery LL2 to disencourage breaking exploitation rate limits
meanYCS_1 :
Vector average penalty of 100 x square of (mean(recruitment.YCS) - 1) 
Penalty_Tags2005_R1_LL1 :
'Fish-must-be-tagged' penalty of 1 x square of (actual number of tagged fish - nominal number of tagged fish) for tagging episode Tags2005_R1_LL1
Penalty_Tags2006_R1_LL1 :
'Fish-must-be-tagged' penalty of 1 x square of (actual number of tagged fish - nominal number of tagged fish) for tagging episode Tags2006_R1_LL1
Penalty_Tags2007_R1_LL1 :
'Fish-must-be-tagged' penalty of 1 x square of (actual number of tagged fish - nominal number of tagged fish) for tagging episode Tags2007_R1_LL1
Penalty_Tags2008_R1_LL1 :
'Fish-must-be-tagged' penalty of 1 x square of (actual number of tagged fish - nominal number of tagged fish) for tagging episode Tags2008_R1_LL1
Penalty_Tags2009_R1_LL1 :
'Fish-must-be-tagged' penalty of 1 x square of (actual number of tagged fish - nominal number of tagged fish) for tagging episode Tags2009_R1_LL1

Components of the objective function are:
  LL1_catchA
  Tags2005_R1_R1
  Tags2006_R1_R1
  Tags2007_R1_R1
  Tags2008_R1_R1
  Tags2009_R1_R1
  prior_on_initialization.B0
  LL1_Penalty
  LL2_Penalty
  meanYCS_1
  Penalty_Tags2005_R1_LL1
  Penalty_Tags2006_R1_LL1
  Penalty_Tags2007_R1_LL1
  Penalty_Tags2008_R1_LL1
  Penalty_Tags2009_R1_LL1

Random number seed : 17035


Minimiser achieved convergence after 7 quasi-Newton iterations using 10 objective function evaluations



Approximate Covariance matrix (Inverse Hessian of parameters at point estimate):
1.26803e+007 

Correlation matrix:
1 

List of parameter names, in the same order as the rows & cols of the covariance/correlation matrices:
initialization.B0 



Start extracting output from here

Point estimate:
initialization.B0
current value: 192796
lower bound: 5000
upper bound: 500000


In a format suitable for -i :

initialization.B0 
192796 

Objective function : 922.748

Components :
LL1_catchA                                         391.812
Tags2005_R1_R1                                     175.594
Tags2006_R1_R1                                     138.412
Tags2007_R1_R1                                     111.768
Tags2008_R1_R1                                     71.3967
Tags2009_R1_R1                                     33.7645
prior_on_initialization.B0                         0
LL1_Penalty                                        0
LL2_Penalty                                        0
meanYCS_1                                          0
Penalty_Tags2005_R1_LL1                            8.27181e-025
Penalty_Tags2006_R1_LL1                            2.06795e-025
Penalty_Tags2007_R1_LL1                            2.06795e-025
Penalty_Tags2008_R1_LL1                            2.06795e-025
Penalty_Tags2009_R1_LL1                            8.27181e-025

Fits : 

The observations are:
LL1_catchA
Tags2005_R1_R1
Tags2006_R1_R1
Tags2007_R1_R1
Tags2008_R1_R1
Tags2009_R1_R1
Fits follow:

LL1_catchA :
catch proportions-at-age for fishery LL1  with ageing error (constrained to sum to 1):
obs (last class is a plus group):
class 1       2       3       4       5       6       7       8       9       10      11      12      13      14      15      16      17      18      19      20      21      22      23      24      25      26      27      28      29      30      
2000 0       0       0       0.01    0.01    0.03    0.05    0.15    0.19    0.1     0.11    0.06    0.07    0.06    0.02    0.01    0.04    0.03    0.01    0.01    0.01    0.03    0       0       0       0       0       0       0       0       
2001 0       0       0       0       0.02    0.02    0.08    0.17    0.14    0.14    0.07    0.08    0.08    0.05    0.01    0.03    0.05    0.02    0.01    0       0.01    0.01    0.01    0       0       0       0       0       0       0       
2002 0       0       0       0       0       0.03    0.09    0.12    0.15    0.21    0.12    0.06    0.06    0.04    0.03    0.01    0       0.02    0       0       0       0.01    0.01    0.01    0.01    0.01    0       0       0       0.01    
2003 0       0       0       0       0.01    0.01    0.07    0.08    0.17    0.19    0.11    0.08    0.05    0.1     0.01    0.03    0.02    0.01    0.02    0.01    0       0.01    0       0       0       0       0.01    0       0       0.01    
2004 0       0       0       0.01    0       0.01    0.06    0.11    0.13    0.19    0.08    0.11    0.02    0.06    0.06    0.03    0.03    0.02    0.03    0.01    0.02    0       0       0       0       0.01    0       0.01    0       0       
2005 0       0       0       0       0       0.03    0.04    0.13    0.14    0.16    0.14    0.08    0.05    0.06    0.03    0.03    0.02    0.03    0.02    0.01    0       0       0.01    0.01    0       0       0       0       0       0.01    
2006 0       0       0       0.01    0       0.03    0.06    0.14    0.16    0.17    0.1     0.08    0.08    0.06    0.04    0.02    0       0       0.02    0.01    0.01    0.01    0       0       0       0       0       0       0       0       
2007 0       0       0       0       0       0.03    0.09    0.12    0.15    0.18    0.1     0.08    0.05    0.05    0.06    0.05    0       0.01    0       0.02    0       0       0.01    0       0       0       0       0       0       0       
2008 0       0       0       0       0       0.01    0.07    0.14    0.13    0.17    0.1     0.1     0.06    0.05    0.06    0.01    0.02    0       0.04    0       0.01    0.01    0.01    0       0.01    0       0       0       0       0       
2009 0       0       0       0       0.02    0.02    0.09    0.13    0.21    0.1     0.08    0.11    0.05    0.06    0.03    0.05    0.01    0       0       0.01    0.01    0.01    0.01    0       0       0       0       0       0       0       
2010 0       0       0       0       0       0.02    0.08    0.17    0.12    0.23    0.09    0.04    0.07    0.06    0.05    0.03    0.01    0.01    0.02    0       0       0       0       0       0       0       0       0       0       0       
fits (last class is a plus group):
class 1       2       3       4       5       6       7       8       9       10      11      12      13      14      15      16      17      18      19      20      21      22      23      24      25      26      27      28      29      30      
2000 4.89734e-007 8.00694e-006 9.25615e-005 0.000756523 0.00437106 0.0178449 0.051384 0.103883 0.146485 0.143596 0.116642 0.0935588 0.0741564 0.0581248 0.0450944 0.0346931 0.0265732 0.0203745 0.0156663 0.0119922 0.00907723 0.00678914 0.0050137 0.0036532 0.00262466 0.00185825 0.00129586 0.000889771 0.000601381 0.00289897 
2001 4.91163e-007 8.03037e-006 9.28382e-005 0.000758877 0.00438543 0.0179075 0.0515753 0.104284 0.147036 0.144211 0.117138 0.093872 0.0743328 0.0582009 0.0450887 0.0345904 0.0263245 0.0199506 0.0151376 0.0115189 0.00872546 0.00653478 0.00483495 0.00353124 0.00254397 0.00180656 0.00126386 0.000870649 0.000590386 0.00288495 
2002 4.9233e-007 8.04917e-006 9.30562e-005 0.000760707 0.00439654 0.0179559 0.0517244 0.104599 0.147474 0.144597 0.1175  0.0941595 0.0744946 0.0582725 0.0450973 0.0345486 0.0262192 0.0197441 0.0148084 0.0111199 0.00837375 0.00627631 0.00465012 0.00340276 0.00245726 0.00174981 0.00122788 0.000848591 0.000577331 0.00286394 
2003 4.93328e-007 8.06498e-006 9.32359e-005 0.000762181 0.00440533 0.0179939 0.0518413 0.104846 0.14782 0.144902 0.117702 0.094361 0.0746527 0.0583457 0.0451124 0.0345253 0.0261658 0.0196495 0.0146441 0.0108703 0.00807825 0.00601948 0.0044635 0.00327081 0.00236656 0.00168928 0.00118871 0.000824036 0.000562442 0.0028361 
2004 4.94226e-007 8.07903e-006 9.33925e-005 0.000763436 0.00441261 0.0180246 0.0519347 0.105043 0.148093 0.145141 0.117859 0.0944508 0.0747559 0.0584263 0.0451367 0.0345131 0.026131 0.0195972 0.0145654 0.0107437 0.00789283 0.00580422 0.00427888 0.00313819 0.00227387 0.00162631 0.00114717 0.000797472 0.000545985 0.00280157 
2005 4.95078e-007 8.09219e-006 9.35372e-005 0.000764571 0.00441902 0.0180508 0.0520121 0.105203 0.14831 0.145328 0.11798 0.0945179 0.0747808 0.0584718 0.0451727 0.0345124 0.0261079 0.0195614 0.0145198 0.0106813 0.00779776 0.00566887 0.00412444 0.00300742 0.00218102 0.00156217 0.00110412 0.000769418 0.00052826 0.00276057 
2006 4.95923e-007 8.10518e-006 9.36785e-005 0.000765666 0.00442507 0.0180749 0.0520804 0.105339 0.148489 0.145475 0.118069 0.0945644 0.074795 0.0584617 0.0451859 0.0345239 0.0260959 0.0195361 0.0144877 0.0106442 0.00774997 0.00559895 0.00402718 0.00289817 0.00208968 0.00149808 0.00106038 0.000740415 0.000509595 0.00271342 
2007 4.96782e-007 8.1183e-006 9.38205e-005 0.000766755 0.00443101 0.0180979 0.0521439 0.10546 0.14864 0.145592 0.118134 0.0945929 0.0747983 0.0584473 0.0451592 0.0345203 0.0260949 0.0195204 0.0144644 0.0106175 0.00772096 0.00556328 0.00397664 0.00282926 0.0020134 0.00143511 0.00101672 0.000710986 0.000490324 0.00266047 
2008 4.97666e-007 8.1318e-006 9.39661e-005 0.000767865 0.00443701 0.0181209 0.0522058 0.105574 0.148776 0.145689 0.11818 0.094606 0.0747907 0.0584271 0.0451312 0.0344877 0.0260835 0.0195136 0.0144486 0.0105977 0.00769982 0.00554127 0.00395054 0.00279327 0.00196523 0.00138253 0.000973863 0.000681638 0.000470786 0.00260222 
2009 4.98582e-007 8.14579e-006 9.41167e-005 0.00076901 0.00444316 0.0181442 0.0522679 0.105686 0.148904 0.145773 0.118213 0.0946069 0.074773 0.0583999 0.0450998 0.0344549 0.0260507 0.0194994 0.0144397 0.0105836 0.00768372 0.00552502 0.00393423 0.00277451 0.00193996 0.00134929 0.00093808 0.000652835 0.000451311 0.00253928 
2010 4.99532e-007 8.16029e-006 9.42729e-005 0.000770196 0.00444952 0.0181683 0.0523312 0.105799 0.149031 0.145853 0.118238 0.0945985 0.0747466 0.0583655 0.0450635 0.0344199 0.0260181 0.0194695 0.0144255 0.0105746 0.00767186 0.00551241 0.00392201 0.00276263 0.00192666 0.00133177 0.000915421 0.000628785 0.000432202 0.00247239 
resids (last class is a plus group):
class 1       2       3       4       5       6       7       8       9       10      11      12      13      14      15      16      17      18      19      20      21      22      23      24      25      26      27      28      29      30      
2000 -4.89734e-007 -8.00694e-006 -9.25615e-005 0.00924348 0.00562894 0.0121551 -0.00138405 0.0461165 0.0435149 -0.0435959 -0.00664204 -0.0335588 -0.00415641 0.00187521 -0.0250944 -0.0246931 0.0134268 0.00962548 -0.00566635 -0.0019922 0.000922766 0.0232109 -0.0050137 -0.0036532 -0.00262466 -0.00185825 -0.00129586 -0.000889771 -0.000601381 -0.00289897 
2001 -4.91163e-007 -8.03037e-006 -9.28382e-005 -0.000758877 0.0156146 0.00209253 0.0284247 0.0657164 -0.0070364 -0.00421078 -0.0471376 -0.013872 0.00566719 -0.00820091 -0.0350887 -0.00459042 0.0236755 4.93941e-005 -0.00513758 -0.0115189 0.00127454 0.00346522 0.00516505 -0.00353124 -0.00254397 -0.00180656 -0.00126386 -0.000870649 -0.000590386 -0.00288495 
2002 -4.9233e-007 -8.04917e-006 -9.30562e-005 -0.000760707 -0.00439654 0.0120441 0.0382756 0.0154014 0.00252606 0.0654034 0.0025002 -0.0341595 -0.0144946 -0.0182725 -0.0150973 -0.0245486 -0.0262192 0.000255886 -0.0148084 -0.0111199 -0.00837375 0.00372369 0.00534988 0.00659724 0.00754274 0.00825019 -0.00122788 -0.000848591 -0.000577331 0.00713606 
2003 -4.93328e-007 -8.06498e-006 -9.32359e-005 -0.000762181 0.00559467 -0.00799388 0.0181587 -0.0248465 0.0221804 0.0450983 -0.00770182 -0.014361 -0.0246527 0.0416543 -0.0351124 -0.00452531 -0.00616579 -0.00964955 0.0053559 -0.000870314 -0.00807825 0.00398052 -0.0044635 -0.00327081 -0.00236656 -0.00168928 0.00881129 -0.000824036 -0.000562442 0.0071639 
2004 -4.94226e-007 -8.07903e-006 -9.33925e-005 0.00923656 -0.00441261 -0.00802463 0.00806529 0.00495677 -0.0180926 0.0448589 -0.0378593 0.0155492 -0.0547559 0.00157373 0.0148633 -0.00451306 0.00386905 0.000402753 0.0154346 -0.000743736 0.0121072 -0.00580422 -0.00427888 -0.00313819 -0.00227387 0.00837369 -0.00114717 0.00920253 -0.000545985 -0.00280157 
2005 -4.95078e-007 -8.09219e-006 -9.35372e-005 -0.000764571 -0.00441902 0.0119492 -0.0120121 0.024797 -0.0083104 0.0146718 0.0220203 -0.0145179 -0.0247808 0.00152821 -0.0151727 -0.00451239 -0.00610785 0.0104386 0.00548021 -0.000681304 -0.00779776 -0.00566887 0.00587556 0.00699258 -0.00218102 -0.00156217 -0.00110412 -0.000769418 -0.00052826 0.00723943 
2006 -4.95923e-007 -8.10518e-006 -9.36785e-005 0.00923433 -0.00442507 0.0119251 0.0079196 0.0346613 0.0115113 0.0245254 -0.018069 -0.0145644 0.00520498 0.00153831 -0.00518589 -0.0145239 -0.0260959 -0.0195361 0.00551227 -0.000644171 0.00225003 0.00440105 -0.00402718 -0.00289817 -0.00208968 -0.00149808 -0.00106038 -0.000740415 -0.000509595 -0.00271342 
2007 -4.96782e-007 -8.1183e-006 -9.38205e-005 -0.000766755 -0.00443101 0.0119021 0.0378561 0.0145403 0.00135975 0.0344082 -0.0181338 -0.0145929 -0.0247983 -0.00844734 0.0148408 0.0154797 -0.0260949 -0.0095204 -0.0144644 0.00938246 -0.00772096 -0.00556328 0.00602336 -0.00282926 -0.0020134 -0.00143511 -0.00101672 -0.000710986 -0.000490324 -0.00266047 
2008 -4.97666e-007 -8.1318e-006 -9.39661e-005 -0.000767865 -0.00443701 -0.00812088 0.0177942 0.0344262 -0.018776 0.0243113 -0.0181803 0.00539395 -0.0147907 -0.0084271 0.0148688 -0.0244877 -0.00608347 -0.0195136 0.0255514 -0.0105977 0.00230018 0.00445873 0.00604946 -0.00279327 0.00803477 -0.00138253 -0.000973863 -0.000681638 -0.000470786 -0.00260222 
2009 -4.98582e-007 -8.14579e-006 -9.41167e-005 -0.00076901 0.0155568 0.00185575 0.0377321 0.0243142 0.0610957 -0.0457734 -0.0382133 0.0153931 -0.024773 0.00160014 -0.0150998 0.0155451 -0.0160507 -0.0194994 -0.0144397 -0.000583555 0.00231628 0.00447498 0.00606577 -0.00277451 -0.00193996 -0.00134929 -0.00093808 -0.000652835 -0.000451311 -0.00253928 
2010 -4.99532e-007 -8.16029e-006 -9.42729e-005 -0.000770196 -0.00444952 0.00183175 0.0276688 0.0642015 -0.0290308 0.0841474 -0.0282382 -0.0545985 -0.0047466 0.00163455 0.00493646 -0.00441986 -0.0160181 -0.00946948 0.00557446 -0.0105746 -0.00767186 -0.00551241 -0.00392201 -0.00276263 -0.00192666 -0.00133177 -0.000915421 -0.000628785 -0.000432202 -0.00247239 
pearson_resids (last class is a plus group):
class 1       2       3       4       5       6       7       8       9       10      11      12      13      14      15      16      17      18      19      20      21      22      23      24      25      26      27      28      29      30      
2000 -0.0069981 -0.0282967 -0.0962133 3.36193 0.853267 0.918142 -0.062689 1.51148 1.23065 -1.24318 -0.206922 -1.15237 -0.158626 0.0801443 -1.2093 -1.34934 0.834833 0.681316 -0.456297 -0.183022 0.097296 2.82659 -0.709857 -0.605524 -0.512988 -0.431475 -0.360214 -0.298423 -0.245304 -0.539203 
2001 -0.00700831 -0.028338 -0.096357 -0.275582 2.36308 0.157789 1.28521 2.15021 -0.198688 -0.119862 -1.46579 -0.475638 0.216048 -0.350282 -1.69103 -0.2512 1.4788  0.00353243 -0.420768 -1.07949 0.137045 0.43007 0.744614 -0.595295 -0.505021 -0.425421 -0.355733 -0.295196 -0.24305 -0.537894 
2002 -0.00701663 -0.0283712 -0.0964701 -0.275914 -0.664527 0.906997 1.72825 0.503255 0.0712415 1.85967 0.0776424 -1.16964 -0.552021 -0.780016 -0.727518 -1.34414 -1.64089 0.0183932 -1.22601 -1.06042 -0.918938 0.471507 0.786365 1.13289 1.52348 1.97401 -0.350626 -0.291429 -0.240346 1.33536 
2003 -0.00702373 -0.028399 -0.0965632 -0.276182 0.84478 -0.601365 0.819042 -0.811034 0.62494 1.2812  -0.238998 -0.49126 -0.937972 1.77709 -1.69175 -0.247861 -0.38626 -0.695248 0.445866 -0.0839322 -0.902443 0.514602 -0.66959 -0.572847 -0.48705 -0.411356 2.55718 -0.287179 -0.237225 1.34712 
2004 -0.00703012 -0.0284237 -0.0966443 3.34418 -0.665745 -0.603172 0.363473 0.161664 -0.509375 1.27352 -1.17414 0.531679 -2.082  0.0670965 0.715948 -0.247233 0.242536 0.0290562 1.28832 -0.0721417 1.36819 -0.764075 -0.655536 -0.561077 -0.477394 2.07811 -0.338894 3.26004 -0.233727 -0.530042 
2005 -0.00703618 -0.0284469 -0.0967191 -0.276615 -0.666231 0.897519 -0.540962 0.808207 -0.233827 0.416303 0.682622 -0.496257 -0.942103 0.0651318 -0.730571 -0.247199 -0.383043 0.75376 0.458134 -0.0662766 -0.886513 -0.755062 0.916779 1.27701 -0.467524 -0.395553 -0.332467 -0.277491 -0.2299 1.37976 
2006 -0.00704218 -0.0284697 -0.0967922 3.33851 -0.666689 0.895132 0.356435 1.12907 0.323731 0.6956  -0.559949 -0.497737 0.197863 0.0655675 -0.249668 -0.795525 -1.63692 -1.41157 0.461317 -0.0627724 0.256583 0.589824 -0.635882 -0.539128 -0.457608 -0.387341 -0.325808 -0.272206 -0.2258 -0.521613 
2007 -0.00704828 -0.0284928 -0.0968656 -0.27701 -0.667138 0.892843 1.7028  0.473401 0.0382239 0.975577 -0.561825 -0.498643 -0.942667 -0.360094 0.714691 0.847917 -1.63689 -0.688164 -1.21147 0.915424 -0.882102 -0.747958 0.957076 -0.532662 -0.449161 -0.3791 -0.319023 -0.266738 -0.221487 -0.516484 
2008 -0.00705455 -0.0285164 -0.0969407 -0.27721 -0.667591 -0.608813 0.799951 1.12031 -0.527611 0.689108 -0.563167 0.184302 -0.562271 -0.359289 0.716251 -1.34195 -0.381687 -1.41074 2.14122 -1.03495 0.263148 0.600638 0.964378 -0.529254 1.81424 -0.372081 -0.31222 -0.261171 -0.217027 -0.510784 
2009 -0.00706104 -0.0285409 -0.0970183 -0.277417 2.33906 0.139036 1.69532 0.790874 1.7162  -1.29714 -1.18359 0.525951 -0.941851 0.068237 -0.727621 0.85228 -1.00767 -1.41022 -1.21043 -0.0570265 0.265265 0.603709 0.968975 -0.527469 -0.440878 -0.367574 -0.306425 -0.25559 -0.212489 -0.504554 
2010 -0.00706776 -0.0285663 -0.0970988 -0.277631 -0.668536 0.137148 1.24246 2.08731 -0.815199 2.38406 -0.874546 -1.8656 -0.180492 0.0697235 0.237967 -0.242443 -1.00623 -0.68536 0.467511 -1.03381 -0.879271 -0.744511 -0.627491 -0.526334 -0.439361 -0.365178 -0.302698 -0.250835 -0.20794 -0.497847 
objective function: multinomial likelihood, with delta = 1e-011, N =
100 100 100 100 100 100 100 100 100 100 100 100 100 100 100 100 100 100 100 100 100 100 100 100 100 100 100 100 100 100 
100 100 100 100 100 100 100 100 100 100 100 100 100 100 100 100 100 100 100 100 100 100 100 100 100 100 100 100 100 100 
100 100 100 100 100 100 100 100 100 100 100 100 100 100 100 100 100 100 100 100 100 100 100 100 100 100 100 100 100 100 
100 100 100 100 100 100 100 100 100 100 100 100 100 100 100 100 100 100 100 100 100 100 100 100 100 100 100 100 100 100 
100 100 100 100 100 100 100 100 100 100 100 100 100 100 100 100 100 100 100 100 100 100 100 100 100 100 100 100 100 100 
100 100 100 100 100 100 100 100 100 100 100 100 100 100 100 100 100 100 100 100 100 100 100 100 100 100 100 100 100 100 
100 100 100 100 100 100 100 100 100 100 100 100 100 100 100 100 100 100 100 100 100 100 100 100 100 100 100 100 100 100 
100 100 100 100 100 100 100 100 100 100 100 100 100 100 100 100 100 100 100 100 100 100 100 100 100 100 100 100 100 100 
100 100 100 100 100 100 100 100 100 100 100 100 100 100 100 100 100 100 100 100 100 100 100 100 100 100 100 100 100 100 
100 100 100 100 100 100 100 100 100 100 100 100 100 100 100 100 100 100 100 100 100 100 100 100 100 100 100 100 100 100 
100 100 100 100 100 100 100 100 100 100 100 100 100 100 100 100 100 100 100 100 100 100 100 100 100 100 100 100 100 100 

Tags2005_R1_R1 :
tag-recapture data for tag Tags2005_R1 in years 2006 2007 2008 2009 2010 , step 1, after proportion 0.5 of mortality, with sampling method size, detection probability 1.
Year 2006
class scanned recaptured expected_prop neg_log_likelihood
100 0 0 0 0
150 0 0 1.39802e-012 0
200 0 0 8.21884e-012 0
250 2 0 5.73954e-011 1.14791e-010
300 28 0 7.70856e-010 2.1584e-008
350 320 0 9.68686e-009 3.0998e-006
400 2302 0 9.049e-008 0.000208308
450 11502 0 6.09985e-007 0.00701605
500 39770 0 2.9065e-006 0.115592
550 96806 0 9.92485e-006 0.96079
600 173902 4 2.51125e-005 1.64875
650 243624 10 4.89985e-005 2.245
700 277690 15 7.6744e-005 3.32198
750 266092 27 0.000100474 2.5712
800 224820 25 0.000114884 2.54508
850 178122 23 0.000119848 2.55262
900 136978 30 0.000118111 7.32669
950 101584 7 0.000112282 2.89226
1000 71958 7 0.000103918 1.91934
1050 49292 6 9.39085e-005 2.01418
1100 33518 5 8.28449e-005 2.4578
1150 23134 3 7.11903e-005 1.94194
1200 16316 0 5.94392e-005 0.969839
1250 11662 0 4.8297e-005 0.563254
1300 8346 0 3.85072e-005 0.321387
1350 5944 0 3.0555e-005 0.181622
1400 4222 0 2.46265e-005 0.103974
1450 2988 0 2.04599e-005 0.0611347
1500 2086 0 1.76123e-005 0.0367396
1550 1406 0 1.5697e-005 0.0220702
1600 896 0 1.43737e-005 0.0128789
1650 530 0 1.34767e-005 0.00714268
1700 286 0 1.28861e-005 0.00368546
1750 140 0 1.25063e-005 0.0017509
1800 62 0 1.22657e-005 0.000760479
1850 24 0 1.21139e-005 0.000290736
1900 8 0 1.20149e-005 9.612e-005
1950 2 0 1.19389e-005 2.38779e-005
2000 0 0 1.18544e-005 0

total neg_log_likelihood: 36.8071


Year 2007
class scanned recaptured expected_prop neg_log_likelihood
100 0 0 0 0
150 0 0 4.67793e-015 0
200 0 0 4.69127e-013 0
250 2 0 6.93351e-012 1.38671e-011
300 28 0 1.42144e-010 3.98002e-009
350 344 0 1.9802e-009 6.8119e-007
400 2442 0 1.91156e-008 4.66803e-005
450 11568 0 1.47171e-007 0.00170247
500 39724 0 8.5378e-007 0.0339156
550 99366 0 3.6089e-006 0.358603
600 181960 2 1.12729e-005 1.30749
650 252416 6 2.68247e-005 1.87435
700 280488 20 5.0329e-005 3.50518
750 265182 25 7.70009e-005 3.01089
800 224010 20 9.95326e-005 2.54347
850 176300 20 0.000113144 2.42098
900 134278 6 0.000117693 5.82173
950 100438 20 0.000115645 4.90483
1000 72920 9 0.000109484 2.08887
1050 50898 6 0.000100743 1.89897
1100 34514 5 9.02732e-005 2.22091
1150 23278 0 7.8658e-005 1.83107
1200 15942 2 6.64955e-005 1.63651
1250 11162 0 5.46028e-005 0.609493
1300 7944 0 4.38727e-005 0.348533
1350 5686 0 3.49506e-005 0.198732
1400 4062 0 2.81671e-005 0.114416
1450 2880 0 2.33216e-005 0.0671669
1500 2006 0 1.99604e-005 0.0400409
1550 1350 0 1.76694e-005 0.0238539
1600 862 0 1.60609e-005 0.0138446
1650 512 0 1.49519e-005 0.00765544
1700 278 0 1.42101e-005 0.00395044
1750 138 0 1.37264e-005 0.00189426
1800 62 0 1.34168e-005 0.000831846
1850 24 0 1.32203e-005 0.000317289
1900 8 0 1.30928e-005 0.000104743
1950 2 0 1.29984e-005 2.5997e-005
2000 0 0 1.28992e-005 0

total neg_log_likelihood: 36.8904


Year 2008
class scanned recaptured expected_prop neg_log_likelihood
100 0 0 0 0
150 0 0 0 0
200 0 0 1.34982e-014 0
250 2 0 6.35852e-013 1.27165e-012
300 28 0 2.43283e-011 6.81193e-010
350 344 0 4.60311e-010 1.58347e-007
400 2602 0 4.56645e-009 1.18819e-005
450 12332 0 3.51782e-008 0.000433817
500 40170 1 2.31782e-007 4.6859
550 97884 0 1.17086e-006 0.114608
600 182308 2 4.44226e-006 1.92479
650 260086 3 1.28147e-005 1.51313
700 291620 7 2.88336e-005 2.02894
750 271378 12 5.20633e-005 2.33742
800 224512 16 7.76548e-005 2.37111
850 174626 16 9.88674e-005 2.3579
900 131756 15 0.000111508 2.28167
950 97934 16 0.000115465 3.17175
1000 71728 8 0.000112981 1.96968
1050 51120 2 0.000106364 2.744
1100 35200 6 9.70625e-005 2.62398
1150 23658 3 8.59101e-005 1.69643
1200 15864 0 7.364e-005 1.16827
1250 10828 1 6.11987e-005 1.07411
1300 7580 0 4.96447e-005 0.376316
1350 5410 0 3.98032e-005 0.21534
1400 3886 0 3.21729e-005 0.125026
1450 2772 0 2.66376e-005 0.0738403
1500 1934 0 2.27469e-005 0.043993
1550 1300 0 2.00666e-005 0.0260869
1600 826 0 1.81629e-005 0.0150027
1650 490 0 1.68354e-005 0.00824941
1700 266 0 1.59382e-005 0.0042396
1750 132 0 1.53482e-005 0.00202598
1800 58 0 1.4968e-005 0.00086815
1850 24 0 1.47259e-005 0.000353425
1900 8 0 1.45692e-005 0.000116555
1950 2 0 1.44551e-005 2.89105e-005
2000 0 0 1.43403e-005 0

total neg_log_likelihood: 34.9556


Year 2009
class scanned recaptured expected_prop neg_log_likelihood
100 0 0 0 0
150 0 0 0 0
200 0 0 4.56918e-017 0
250 2 0 3.89301e-014 7.79377e-014
300 28 0 3.28229e-012 9.19034e-011
350 338 0 1.04068e-010 3.5175e-008
400 2596 0 1.31363e-009 3.41017e-006
450 13080 0 9.09333e-009 0.000118941
500 43468 0 6.20311e-008 0.00269637
550 101422 1 3.53868e-007 3.36319
600 180382 1 1.5831e-006 1.53885
650 255904 2 5.45731e-006 1.42169
700 293398 3 1.46372e-005 1.71426
750 278302 10 3.11952e-005 2.17393
800 229716 10 5.41412e-005 2.33466
850 175798 16 7.85791e-005 2.4749
900 130724 18 9.83887e-005 3.28058
950 96182 7 0.000109907 2.58942
1000 70174 6 0.000113111 2.08713
1050 50456 3 0.000110022 2.20099
1100 35360 6 0.000102735 2.47208
1150 24054 2 9.2612e-005 1.31887
1200 16060 2 8.06447e-005 1.471
1250 10754 1 6.79415e-005 1.04443
1300 7362 2 5.57435e-005 2.88489
1350 5182 0 4.50764e-005 0.233591
1400 3714 0 3.66342e-005 0.136062
1450 2662 0 3.04121e-005 0.0809581
1500 1866 0 2.59821e-005 0.0484833
1550 1256 0 2.29003e-005 0.0287631
1600 798 0 2.06904e-005 0.0165111
1650 470 0 1.91363e-005 0.00899415
1700 254 0 1.80785e-005 0.00459198
1750 126 0 1.73789e-005 0.00218976
1800 56 0 1.69262e-005 0.000947874
1850 22 0 1.66374e-005 0.000366025
1900 8 0 1.64508e-005 0.000131607
1950 2 0 1.63161e-005 3.26325e-005
2000 0 0 1.61832e-005 0

total neg_log_likelihood: 34.9353


Year 2010
class scanned recaptured expected_prop neg_log_likelihood
100 0 0 0 0
150 0 0 0 0
200 0 0 0 0
250 2 0 1.16066e-015 2.22045e-015
300 30 0 3.16325e-013 9.48908e-012
350 342 0 1.95538e-011 6.6874e-009
400 2546 0 4.24391e-010 1.0805e-006
450 12914 0 2.70783e-009 3.49689e-005
500 45438 0 1.75562e-008 0.000797719
550 110634 0 1.04977e-007 0.011614
600 193100 0 5.29008e-007 0.102151
650 259840 2 2.12548e-006 2.43281
700 288924 3 6.71028e-006 1.74437
750 275666 4 1.67797e-005 1.67722
800 231594 6 3.38701e-005 2.06478
850 178066 10 5.64522e-005 2.07867
900 131090 8 7.96796e-005 2.28065
950 95240 5 9.79988e-005 2.95297
1000 68874 16 0.000108261 5.98353
1050 49434 3 0.000110521 2.16102
1100 34952 2 0.000106576 1.78805
1150 24134 3 9.83122e-005 1.57233
1200 16262 3 8.72032e-005 2.16189
1250 10830 2 7.46289e-005 1.92717
1300 7284 0 6.20469e-005 0.451964
1350 5028 0 5.07063e-005 0.254957
1400 3564 0 4.15232e-005 0.147992
1450 2550 0 3.46386e-005 0.0883299
1500 1794 0 2.96707e-005 0.0532301
1550 1212 0 2.61797e-005 0.0317302
1600 770 0 2.36539e-005 0.0182137
1650 454 0 2.18646e-005 0.00992662
1700 246 0 2.06397e-005 0.00507741
1750 120 0 1.98261e-005 0.00237915
1800 54 0 1.92981e-005 0.00104211
1850 22 0 1.89609e-005 0.000417143
1900 8 0 1.87434e-005 0.000149949
1950 2 0 1.85876e-005 3.71755e-005
2000 0 0 1.84352e-005 0

total neg_log_likelihood: 32.0055


Tags2006_R1_R1 :
tag-recapture data for tag Tags2006_R1 in years 2007 2008 2009 2010 , step 1, after proportion 0.5 of mortality, with sampling method size, detection probability 1.
Year 2007
class scanned recaptured expected_prop neg_log_likelihood
100 0 0 0 0
150 0 0 2.70722e-012 0
200 0 0 1.22318e-011 0
250 2 0 7.06443e-011 1.41289e-010
300 28 0 9.16137e-010 2.56518e-008
350 344 0 1.14372e-008 3.93439e-006
400 2442 0 1.02688e-007 0.000250763
450 11568 0 6.61705e-007 0.0076546
500 39724 0 3.05198e-006 0.121237
550 99366 2 1.0222e-005 1.67767
600 181960 2 2.56128e-005 2.27542
650 252416 17 4.98e-005 3.04264
700 280488 15 7.80279e-005 3.49759
750 265182 26 0.000102378 2.5758
800 224010 31 0.000117272 3.04091
850 176300 24 0.000122229 2.64578
900 134278 21 0.000119785 3.12967
950 100438 12 0.000112585 2.18905
1000 72920 19 0.000102428 8.60511
1050 50898 7 9.05605e-005 2.43789
1100 34514 2 7.79435e-005 1.40408
1150 23278 0 6.53411e-005 1.52106
1200 15942 0 5.33788e-005 0.850987
1250 11162 0 4.26801e-005 0.476405
1300 7944 0 3.37415e-005 0.268047
1350 5686 0 2.67695e-005 0.152213
1400 4062 0 2.17317e-005 0.0882752
1450 2880 0 1.82728e-005 0.052626
1500 2006 0 1.59491e-005 0.0319941
1550 1350 0 1.44044e-005 0.0194461
1600 862 0 1.33442e-005 0.0115028
1650 512 0 1.26272e-005 0.00646516
1700 278 0 1.2155e-005 0.0033791
1750 138 0 1.18508e-005 0.00163542
1800 62 0 1.16576e-005 0.000722777
1850 24 0 1.15355e-005 0.000276853
1900 8 0 1.14558e-005 9.16469e-005
1950 2 0 1.13956e-005 2.27914e-005
2000 0 0 1.13307e-005 0

total neg_log_likelihood: 40.1359


Year 2008
class scanned recaptured expected_prop neg_log_likelihood
100 0 0 0 0
150 0 0 9.35953e-015 0
200 0 0 8.09027e-013 0
250 2 0 8.91698e-012 1.7834e-011
300 28 0 1.63235e-010 4.57057e-009
350 344 0 2.26136e-009 7.77908e-007
400 2602 0 2.17608e-008 5.66217e-005
450 12332 0 1.62614e-007 0.00200535
500 40170 0 9.12207e-007 0.0366434
550 97884 0 3.76207e-006 0.368248
600 182308 3 1.15775e-005 1.66141
650 260086 7 2.73426e-005 1.90465
700 291620 8 5.11692e-005 3.90396
750 271378 19 7.83275e-005 2.51975
800 224512 17 0.000101431 3.1432
850 174626 23 0.000115427 2.682
900 131756 12 0.000119853 2.66504
950 97934 12 0.000117004 2.18087
1000 71728 7 0.000109431 1.95144
1050 51120 2 9.89308e-005 2.50888
1100 35200 1 8.67216e-005 1.93665
1150 23658 1 7.37567e-005 1.18821
1200 15864 2 6.08916e-005 1.72832
1250 10828 0 4.89988e-005 0.530572
1300 7580 0 3.88119e-005 0.2942
1350 5410 0 3.07125e-005 0.166157
1400 3886 0 2.47743e-005 0.0962743
1450 2772 0 2.0653e-005 0.0572506
1500 1934 0 1.78582e-005 0.034538
1550 1300 0 1.59858e-005 0.0207817
1600 826 0 1.46874e-005 0.0121319
1650 490 0 1.37989e-005 0.00676151
1700 266 0 1.32068e-005 0.00351303
1750 132 0 1.28212e-005 0.00169241
1800 58 0 1.25742e-005 0.00072931
1850 24 0 1.24172e-005 0.000298014
1900 8 0 1.23149e-005 9.85198e-005
1950 2 0 1.22393e-005 2.44787e-005
2000 0 0 1.2162e-005 0

total neg_log_likelihood: 31.6064


Year 2009
class scanned recaptured expected_prop neg_log_likelihood
100 0 0 0 0
150 0 0 0 0
200 0 0 2.61221e-014 0
250 2 0 9.23927e-013 1.84786e-012
300 28 0 2.84096e-011 7.95469e-010
350 338 0 5.09479e-010 1.72204e-007
400 2596 0 5.08681e-009 1.32054e-005
450 13080 0 3.90629e-008 0.000510943
500 43468 0 2.5113e-007 0.0109161
550 101422 0 1.23654e-006 0.125413
600 180382 0 4.60408e-006 0.830495
650 255904 1 1.31309e-005 2.14824
700 293398 13 2.93769e-005 3.16951
750 278302 12 5.29497e-005 2.43969
800 229716 13 7.90249e-005 3.02041
850 175798 13 0.000100752 2.89903
900 130724 10 0.00011367 2.97754
950 96182 6 0.000117382 3.32588
1000 70174 9 0.000114004 2.08678
1050 50456 3 0.000105945 2.10855
1100 35360 3 9.49434e-005 1.5156
1150 24054 1 8.22115e-005 1.29567
1200 16060 3 6.88281e-005 2.59659
1250 10754 0 5.59283e-005 0.601469
1300 7362 0 4.45315e-005 0.327848
1350 5182 0 3.52591e-005 0.182716
1400 3714 0 2.83457e-005 0.105277
1450 2662 0 2.34914e-005 0.0625348
1500 1866 0 2.01711e-005 0.0376396
1550 1256 0 1.79333e-005 0.0225244
1600 798 0 1.63719e-005 0.0130649
1650 470 1 1.52969e-005 4.9423
1700 254 0 1.45762e-005 0.00370238
1750 126 0 1.41044e-005 0.00177717
1800 56 0 1.3801e-005 0.000772859
1850 22 0 1.36074e-005 0.000299365
1900 8 0 1.34814e-005 0.000107852
1950 2 0 1.33889e-005 2.67779e-005
2000 0 0 1.32965e-005 0

total neg_log_likelihood: 36.8529


Year 2010
class scanned recaptured expected_prop neg_log_likelihood
100 0 0 0 0
150 0 0 0 0
200 0 0 9.13969e-017 0
250 2 0 6.67763e-014 1.33449e-013
300 30 0 4.11956e-012 1.23588e-010
350 342 0 1.14984e-010 3.93244e-008
400 2546 0 1.42015e-009 3.61571e-006
450 12914 0 9.98686e-009 0.00012897
500 45438 0 6.75515e-008 0.0030694
550 110634 0 3.77703e-007 0.0417868
600 193100 0 1.6567e-006 0.319909
650 259840 1 5.62993e-006 1.08247
700 288924 5 1.49711e-005 1.79034
750 275666 6 3.1773e-005 2.31768
800 231594 16 5.50793e-005 2.69181
850 178066 15 7.99881e-005 2.29824
900 131090 13 0.000100243 2.20853
950 95240 7 0.000111924 2.61958
1000 68874 11 0.000114759 2.66528
1050 49434 6 0.00011069 1.85334
1100 34952 4 0.000101952 1.65853
1150 24134 2 9.02257e-005 1.31425
1200 16262 3 7.6877e-005 2.37209
1250 10830 2 6.33082e-005 2.1336
1300 7284 0 5.08514e-005 0.370411
1350 5028 1 4.04241e-005 1.79652
1400 3564 0 3.24878e-005 0.115789
1450 2550 0 2.68356e-005 0.0684318
1500 1794 0 2.2931e-005 0.0411386
1550 1212 0 2.02822e-005 0.0245823
1600 770 0 1.8425e-005 0.0141873
1650 454 0 1.71411e-005 0.00778211
1700 246 0 1.62777e-005 0.00400434
1750 120 0 1.5711e-005 0.00188534
1800 54 0 1.53458e-005 0.000828678
1850 22 0 1.51125e-005 0.000332478
1900 8 0 1.49606e-005 0.000119686
1950 2 0 1.48493e-005 2.96988e-005
2000 0 0 1.47388e-005 0

total neg_log_likelihood: 29.8167


Tags2007_R1_R1 :
tag-recapture data for tag Tags2007_R1 in years 2008 2009 2010 , step 1, after proportion 0.5 of mortality, with sampling method size, detection probability 1.
Year 2008
class scanned recaptured expected_prop neg_log_likelihood
100 0 0 0 0
150 0 0 1.49798e-012 0
200 0 0 9.80512e-012 0
250 2 0 6.36889e-011 1.27378e-010
300 28 0 8.38781e-010 2.34859e-008
350 344 0 1.05975e-008 3.64553e-006
400 2602 0 9.80458e-008 0.000255115
450 12332 0 6.47989e-007 0.007991
500 40170 0 3.03277e-006 0.121827
550 97884 1 1.02283e-005 0.999996
600 182308 7 2.56817e-005 2.40109
650 260086 11 4.98801e-005 2.28374
700 291620 18 7.79076e-005 2.89691
750 271378 33 0.000101794 3.16175
800 224512 23 0.000116168 2.6799
850 174626 27 0.00012093 3.32228
900 131756 12 0.000118927 2.6361
950 97934 17 0.000112853 3.7127
1000 71728 6 0.00010428 1.98579
1050 51120 12 9.40603e-005 5.95169
1100 35200 3 8.27558e-005 1.49717
1150 23658 1 7.08475e-005 1.15962
1200 15864 0 5.88723e-005 0.933978
1250 10828 0 4.75697e-005 0.515097
1300 7580 1 3.76983e-005 1.53835
1350 5410 0 2.97465e-005 0.160931
1400 3886 0 2.38844e-005 0.0928159
1450 2772 0 1.98214e-005 0.0549454
1500 1934 0 1.70873e-005 0.0330472
1550 1300 0 1.52764e-005 0.0198594
1600 826 1 1.40424e-005 4.46842
1650 490 0 1.32147e-005 0.00647526
1700 266 0 1.26738e-005 0.00337124
1750 132 0 1.23273e-005 0.00162722
1800 58 0 1.21082e-005 0.000702281
1850 24 0 1.19697e-005 0.000287274
1900 8 0 1.18787e-005 9.50298e-005
1950 2 0 1.18087e-005 2.36175e-005
2000 0 0 1.17332e-005 0

total neg_log_likelihood: 42.6488


Year 2009
class scanned recaptured expected_prop neg_log_likelihood
100 0 0 0 0
150 0 0 4.73132e-015 0
200 0 0 5.57865e-013 0
250 2 0 7.93356e-012 1.58671e-011
300 28 0 1.53564e-010 4.29979e-009
350 338 0 2.12909e-009 7.19632e-007
400 2596 0 2.06379e-008 5.3576e-005
450 13080 0 1.57437e-007 0.00205927
500 43468 0 8.98894e-007 0.0390731
550 101422 0 3.74642e-006 0.37997
600 180382 1 1.15865e-005 1.35284
650 255904 2 2.73963e-005 3.80911
700 293398 13 5.12e-005 2.35044
750 278302 15 7.81361e-005 3.4537
800 229716 22 0.000100804 2.49757
850 175798 19 0.000114371 2.4265
900 130724 23 0.000118725 4.05773
950 96182 14 0.000116422 2.56897
1000 70174 7 0.000110023 1.93849
1050 50456 7 0.000101074 2.22053
1100 35360 4 9.03991e-005 1.72628
1150 24054 1 7.85653e-005 1.25333
1200 16060 1 6.61814e-005 1.00187
1250 10754 0 5.40912e-005 0.581713
1300 7362 0 4.32137e-005 0.318146
1350 5182 0 3.42144e-005 0.177302
1400 3714 0 2.74251e-005 0.101858
1450 2662 0 2.26276e-005 0.0602354
1500 1866 0 1.93436e-005 0.0360955
1550 1256 0 1.7137e-005 0.0215242
1600 798 0 1.56103e-005 0.0124571
1650 470 0 1.4571e-005 0.0068484
1700 254 0 1.38823e-005 0.00352613
1750 126 0 1.34362e-005 0.00169297
1800 56 0 1.31515e-005 0.00073649
1850 22 0 1.29708e-005 0.000285359
1900 8 0 1.28525e-005 0.000102821
1950 2 0 1.27634e-005 2.55269e-005
2000 0 0 1.26706e-005 0

total neg_log_likelihood: 32.4011


Year 2010
class scanned recaptured expected_prop neg_log_likelihood
100 0 0 0 0
150 0 0 0 0
200 0 0 1.44658e-014 0
250 2 0 7.61001e-013 1.52189e-012
300 30 0 2.66843e-011 8.0053e-010
350 342 0 4.89351e-010 1.67358e-007
400 2546 0 4.86529e-009 1.2387e-005
450 12914 0 3.75954e-008 0.000485507
500 45438 0 2.45418e-007 0.0111513
550 110634 0 1.22379e-006 0.135392
600 193100 0 4.59141e-006 0.886603
650 259840 2 1.31399e-005 1.65149
700 288924 2 2.94116e-005 4.91134
750 275666 20 5.29291e-005 3.31862
800 231594 16 7.87655e-005 2.45416
850 178066 13 0.000100093 2.92889
900 131090 17 0.000112679 2.5007
950 95240 5 0.000116444 3.8475
1000 68874 10 0.000113717 2.35415
1050 49434 9 0.000106872 3.10436
1100 34952 3 9.73715e-005 1.52079
1150 24134 1 8.60318e-005 1.34571
1200 16262 0 7.35685e-005 1.19641
1250 10830 1 6.09277e-005 1.07555
1300 7284 1 4.91866e-005 1.38469
1350 5028 1 3.9201e-005 1.8211
1400 3564 0 3.14892e-005 0.112229
1450 2550 0 2.59342e-005 0.066133
1500 1794 0 2.20691e-005 0.0395923
1550 1212 0 1.94377e-005 0.0235588
1600 770 0 1.75944e-005 0.0135478
1650 454 0 1.63255e-005 0.00741183
1700 246 0 1.5477e-005 0.00380736
1750 120 0 1.49233e-005 0.00179081
1800 54 0 1.45682e-005 0.000786688
1850 22 0 1.43422e-005 0.000315531
1900 8 0 1.41948e-005 0.000113559
1950 2 0 1.40851e-005 2.81704e-005
2000 0 0 1.39727e-005 0

total neg_log_likelihood: 36.7184


Tags2008_R1_R1 :
tag-recapture data for tag Tags2008_R1 in years 2009 2010 , step 1, after proportion 0.5 of mortality, with sampling method size, detection probability 1.
Year 2009
class scanned recaptured expected_prop neg_log_likelihood
100 0 0 0 0
150 0 0 1.53337e-012 0
200 0 0 1.05884e-011 0
250 2 0 6.79387e-011 1.35877e-010
300 28 0 8.92027e-010 2.49768e-008
350 338 0 1.13006e-008 3.8196e-006
400 2596 0 1.04413e-007 0.000271057
450 13080 0 6.87271e-007 0.00898951
500 43468 1 3.20494e-006 2.11035
550 101422 0 1.079e-005 1.09435
600 180382 2 2.70667e-005 2.40426
650 255904 10 5.2471e-005 2.55888
700 293398 19 8.1577e-005 2.9433
750 278302 35 0.000105636 3.20163
800 229716 24 0.000118825 2.71893
850 175798 20 0.000121269 2.46259
900 130724 16 0.000116483 2.32967
950 96182 12 0.000107838 2.28984
1000 70174 4 9.73553e-005 2.32353
1050 50456 3 8.60712e-005 1.72899
1100 35360 2 7.45403e-005 1.39054
1150 24054 1 6.31167e-005 1.10066
1200 16060 1 5.21225e-005 1.01488
1250 10754 1 4.20302e-005 1.24605
1300 7362 2 3.33436e-005 3.74781
1350 5182 0 2.63838e-005 0.136723
1400 3714 0 2.12556e-005 0.0789442
1450 2662 0 1.76954e-005 0.0471056
1500 1866 0 1.5295e-005 0.0285406
1550 1256 0 1.37024e-005 0.0172104
1600 798 0 1.26159e-005 0.0100676
1650 470 0 1.18867e-005 0.00558676
1700 254 0 1.14098e-005 0.0028981
1750 126 0 1.11043e-005 0.00139916
1800 56 0 1.09111e-005 0.000611027
1850 22 0 1.0789e-005 0.00023736
1900 8 0 1.07088e-005 8.56708e-005
1950 2 0 1.0647e-005 2.12942e-005
2000 0 0 1.05804e-005 0

total neg_log_likelihood: 37.0049


Year 2010
class scanned recaptured expected_prop neg_log_likelihood
100 0 0 0 0
150 0 0 4.75262e-015 0
200 0 0 5.92955e-013 0
250 2 0 8.54582e-012 1.70917e-011
300 30 0 1.62955e-010 4.88866e-009
350 342 0 2.26316e-009 7.74e-007
400 2546 0 2.19503e-008 5.58855e-005
450 12914 0 1.67204e-007 0.00215927
500 45438 0 9.51512e-007 0.0432348
550 110634 1 3.95545e-006 1.26404
600 193100 0 1.22159e-005 2.3589
650 259840 7 2.88484e-005 1.92056
700 288924 12 5.37768e-005 2.60562
750 275666 20 8.16295e-005 2.56556
800 231594 27 0.000104301 2.73118
850 178066 21 0.000116593 2.44648
900 131090 21 0.000118648 3.30363
950 95240 12 0.000113662 2.22984
1000 68874 7 0.000104842 1.90715
1050 49434 6 9.41553e-005 2.00671
1100 34952 3 8.25988e-005 1.49806
1150 24134 2 7.07246e-005 1.33066
1200 16262 2 5.89802e-005 1.7357
1250 10830 2 4.79455e-005 2.52315
1300 7284 1 3.82444e-005 1.55662
1350 5028 0 3.03131e-005 0.152417
1400 3564 0 2.43584e-005 0.0868142
1450 2550 0 2.01546e-005 0.0513949
1500 1794 0 1.72753e-005 0.0309922
1550 1212 0 1.53384e-005 0.0185903
1600 770 0 1.39966e-005 0.0107775
1650 454 0 1.30822e-005 0.00593934
1700 246 0 1.24758e-005 0.00306908
1750 120 0 1.20829e-005 0.00144995
1800 54 0 1.18321e-005 0.000638938
1850 22 0 1.16729e-005 0.000256805
1900 8 0 1.15688e-005 9.25513e-005
1950 2 0 1.14905e-005 2.29811e-005
2000 0 0 1.14087e-005 0

total neg_log_likelihood: 34.3917


Tags2009_R1_R1 :
tag-recapture data for tag Tags2009_R1 in years 2010 , step 1, after proportion 0.5 of mortality, with sampling method size, detection probability 1.
Year 2010
class scanned recaptured expected_prop neg_log_likelihood
100 0 0 0 0
150 0 0 1.53819e-012 0
200 0 0 1.07227e-011 0
250 2 0 6.90074e-011 1.38015e-010
300 30 0 8.96241e-010 2.68872e-008
350 342 0 1.13673e-008 3.88761e-006
400 2546 0 1.05168e-007 0.000267759
450 12914 0 6.89858e-007 0.00890883
500 45438 0 3.1949e-006 0.14517
550 110634 0 1.06751e-005 1.18104
600 193100 5 2.66213e-005 1.74223
650 259840 19 5.14544e-005 3.4427
700 288924 24 8.00422e-005 2.5277
750 275666 31 0.000104119 2.7282
800 231594 21 0.000118142 3.2497
850 178066 18 0.000122094 2.7108
900 131090 10 0.000119078 3.23537
950 95240 16 0.000112046 3.46232
1000 68874 7 0.000102721 1.90414
1050 49434 4 9.19873e-005 1.66718
1100 34952 2 8.03615e-005 1.43641
1150 24134 0 6.82467e-005 1.64712
1200 16262 0 5.61008e-005 0.912337
1250 10830 1 4.46103e-005 1.21057
1300 7284 0 3.45254e-005 0.251487
1350 5028 0 2.6367e-005 0.132575
1400 3564 0 2.03458e-005 0.0725132
1450 2550 0 1.61878e-005 0.0412792
1500 1794 0 1.34145e-005 0.0240657
1550 1212 0 1.16007e-005 0.0140601
1600 770 0 1.03861e-005 0.00799731
1650 454 0 9.58617e-006 0.00435214
1700 246 0 9.07193e-006 0.00223171
1750 120 0 8.74697e-006 0.00104964
1800 54 0 8.54324e-006 0.000461337
1850 22 0 8.41468e-006 0.000185124
1900 8 0 8.32907e-006 6.66329e-005
1950 2 0 8.26078e-006 1.65216e-005
2000 0 0 8.18508e-006 0

total neg_log_likelihood: 33.7645


Output quantities start here

* Scalar parameter values
initialization.B0 192796

* Nuisance q's

* B0
192796

* R0
1.39886e+007

* SSBs
SSB 192796 191394 188014 184299 180285 176040 171655 167227 162847 158600 154546 150721 147134 143787 140672 137779 135097 132614 130320 128200 126246 
year 1990 1991 1992 1993 1994 1995 1996 1997 1998 1999 2000 2001 2002 2003 2004 2005 2006 2007 2008 2009 2010 

* recruitments
recruitment 1.39886e+007 1.39886e+007 1.39776e+007 1.39506e+007 1.39199e+007 1.38854e+007 1.38474e+007 1.38064e+007 1.37631e+007 1.37183e+007 1.36728e+007 1.36273e+007 1.35824e+007 1.35385e+007 1.34958e+007 1.34545e+007 1.34147e+007 1.33765e+007 1.334e+007 1.33052e+007 1.32721e+007 
year 1990 1991 1992 1993 1994 1995 1996 1997 1998 1999 2000 2001 2002 2003 2004 2005 2006 2007 2008 2009 2010 

* YCS
YCS 1 1 1 1 1 1 1 1 1 1 1 1 1 1 1 1 1 1 1 1 1 
year 1989 1990 1991 1992 1993 1994 1995 1996 1997 1998 1999 2000 2001 2002 2003 2004 2005 2006 2007 2008 2009 

* true_YCS
true_YCS 1 1 0.999215 0.997282 0.995084 0.992619 0.989905 0.986976 0.983881 0.980676 0.97742 0.974167 0.970958 0.967819 0.964768 0.961815 0.958971 0.956242 0.953632 0.951144 0.948779 
year 1989 1990 1991 1992 1993 1994 1995 1996 1997 1998 1999 2000 2001 2002 2003 2004 2005 2006 2007 2008 2009 

* fishing_pressures
LL1 0 0.0384203 0.0395318 0.0406459 0.0417329 0.0427704 0.0437427 0.044639 0.0454533 0.0461849 0.0468377 0.0474189 0.0479368 0.0483998 0.0488167 0.049196 0.0495458 0.0498724 0.050181 0.0504761 0.050761 
LL2 0 0.0384203 0.0395318 0.0406459 0.0417329 0.0427704 0.0437427 0.044639 0.0454533 0.0461849 0.0468377 0.0474189 0.0479368 0.0483998 0.0488167 0.049196 0.0495458 0.0498724 0.050181 0.0504761 0.050761 
year 1990 1991 1992 1993 1994 1995 1996 1997 1998 1999 2000 2001 2002 2003 2004 2005 2006 2007 2008 2009 2010 

* Numbers_at_age_R1
1990  1.29843e+007 1.112e+007 9.52333e+006 8.15592e+006 6.98485e+006 5.98194e+006 5.12302e+006 4.38743e+006 3.75746e+006 3.21795e+006 2.7559e+006 2.36019e+006 2.02131e+006 1.73108e+006 1.48252e+006 1.26965e+006 1.08735e+006 931224 797514 683003 584934 500947 429018 367418 314662 269481 230788 197650 169271 1.00962e+006 
1991  1.29843e+007 1.112e+007 9.52329e+006 8.15564e+006 6.98323e+006 5.97531e+006 5.10393e+006 4.34855e+006 3.70146e+006 3.16091e+006 2.70739e+006 2.31951e+006 1.98765e+006 1.70362e+006 1.46043e+006 1.25212e+006 1.07363e+006 920632 789452 676950 580453 497674 426662 365744 313490 268671 230236 197280 169025 1.0085e+006 
1992  1.29742e+007 1.112e+007 9.52329e+006 8.15557e+006 6.98266e+006 5.9721e+006 5.09113e+006 4.31231e+006 3.62877e+006 3.0572e+006 2.60202e+006 2.22987e+006 1.91243e+006 1.64136e+006 1.40959e+006 1.21118e+006 1.0411e+006 895149 769760 661944 569175 489316 420553 361341 310360 266478 228720 196246 168331 1.00594e+006 
1993  1.29491e+007 1.11113e+007 9.52328e+006 8.15555e+006 6.98254e+006 5.97137e+006 5.08765e+006 4.29983e+006 3.59584e+006 2.994e+006 2.51374e+006 2.14065e+006 1.83649e+006 1.57757e+006 1.35671e+006 1.16792e+006 1.0062e+006 867356 747933 645038 556262 479590 413330 356053 306543 263761 226814 194928 167431 1.00309e+006 
1994  1.29205e+007 1.10898e+007 9.51581e+006 8.15554e+006 6.98247e+006 5.97104e+006 5.0863e+006 4.29526e+006 3.58279e+006 2.96375e+006 2.45896e+006 2.06569e+006 1.76108e+006 1.51333e+006 1.30269e+006 1.12307e+006 969436 837627 724212 626367 541769 468497 404960 349826 301978 260462 224463 193277 166289 999810 
1995  1.28885e+007 1.10653e+007 9.4974e+006 8.14913e+006 6.98241e+006 5.97076e+006 5.08531e+006 4.29254e+006 3.57643e+006 2.95002e+006 2.43142e+006 2.01847e+006 1.6976e+006 1.44971e+006 1.24844e+006 1.07738e+006 931438 806424 698923 606145 525819 456092 395447 342636 296621 256530 221619 191249 164864 995968 
1996  1.28533e+007 1.10379e+007 9.47647e+006 8.13336e+006 6.97688e+006 5.97049e+006 5.08441e+006 4.29023e+006 3.57177e+006 2.94198e+006 2.41762e+006 1.99379e+006 1.65713e+006 1.39611e+006 1.19487e+006 1.03164e+006 892850 774267 672462 584654 508597 442480 384841 334490 290455 251930 218239 188802 163118 991405 
1997  1.28152e+007 1.10077e+007 9.45299e+006 8.11542e+006 6.96332e+006 5.96557e+006 5.08358e+006 4.2881e+006 3.56762e+006 2.93554e+006 2.40868e+006 1.98056e+006 1.63533e+006 1.3616e+006 1.14971e+006 986587 854322 741702 645267 562227 490343 427823 373234 325430 283486 246648 214295 185901 161017 985959 
1998  1.27751e+007 1.09752e+007 9.42714e+006 8.09532e+006 6.94793e+006 5.9538e+006 5.07883e+006 4.28614e+006 3.56381e+006 2.92975e+006 2.40125e+006 1.97149e+006 1.62308e+006 1.34258e+006 1.12041e+006 948612 816465 709267 617793 539233 471339 412322 360762 315536 275750 240690 209774 182523 158530 979460 
1999  1.27334e+007 1.09407e+007 9.39925e+006 8.07317e+006 6.93068e+006 5.94048e+006 5.06831e+006 4.281e+006 3.56035e+006 2.92447e+006 2.39457e+006 1.96384e+006 1.61439e+006 1.33153e+006 1.10399e+006 923833 784564 677467 590489 516052 451894 396215 347597 304923 267317 234087 204681 178655 155637 971738 
2000  1.26912e+007 1.09051e+007 9.36977e+006 8.04928e+006 6.91169e+006 5.92558e+006 5.05652e+006 4.27112e+006 3.55444e+006 2.9197e+006 2.38852e+006 1.95697e+006 1.60701e+006 1.32351e+006 1.09421e+006 909752 763656 650678 563767 493054 432322 379759 333937 293736 258283 226897 199045 174303 152329 962631 
2001  1.26489e+007 1.08689e+007 9.33925e+006 8.02403e+006 6.8912e+006 5.90922e+006 5.04345e+006 4.26029e+006 3.54478e+006 2.91314e+006 2.38307e+006 1.95077e+006 1.60038e+006 1.31667e+006 1.08701e+006 901219 751654 633061 541262 470580 412932 363219 319999 282142 248770 219203 192913 169490 148609 951993 
2002  1.26073e+007 1.08327e+007 9.30824e+006 7.99789e+006 6.86956e+006 5.89159e+006 5.02916e+006 4.24848e+006 3.53449e+006 2.90371e+006 2.37635e+006 1.94522e+006 1.59443e+006 1.31055e+006 1.08084e+006 894868 744283 622868 526425 451656 394005 346849 306002 270322 238919 211107 186355 164257 144498 939702 
2003  1.25665e+007 1.0797e+007 9.27726e+006 7.97133e+006 6.84716e+006 5.873e+006 5.01385e+006 4.23574e+006 3.52354e+006 2.89393e+006 2.36743e+006 1.93874e+006 1.5891e+006 1.30505e+006 1.07533e+006 889422 738754 616546 517788 439155 378071 330883 292160 258461 228883 202728 179458 158664 140030 925669 
2004  1.25269e+007 1.07621e+007 9.2467e+006 7.9448e+006 6.8244e+006 5.85375e+006 4.99774e+006 4.22221e+006 3.51194e+006 2.88375e+006 2.35836e+006 1.93058e+006 1.58311e+006 1.30014e+006 1.07039e+006 884556 734005 611775 512389 431844 367528 317444 278669 246738 218817 194195 172323 152783 135256 909849 
2005  1.24885e+007 1.07282e+007 9.21681e+006 7.91862e+006 6.80167e+006 5.83421e+006 4.9811e+006 4.20805e+006 3.49977e+006 2.87315e+006 2.34907e+006 1.92238e+006 1.5758e+006 1.29472e+006 1.06597e+006 880189 729759 607668 508294 427245 361338 308540 267313 235316 208872 185640 165060 146702 130238 892243 
2006  1.24516e+007 1.06954e+007 9.18775e+006 7.89302e+006 6.77924e+006 5.8147e+006 4.96424e+006 4.19351e+006 3.48717e+006 2.86217e+006 2.33951e+006 1.91406e+006 1.56851e+006 1.28828e+006 1.06116e+006 876270 725943 603992 504762 423742 357426 303297 259781 225702 199185 177190 157779 140512 125050 872909 
2007  1.24162e+007 1.06637e+007 9.15963e+006 7.86813e+006 6.7573e+006 5.79546e+006 4.94743e+006 4.17883e+006 3.47433e+006 2.85095e+006 2.32974e+006 1.9056e+006 1.56119e+006 1.2819e+006 1.05555e+006 872070 722519 600690 501602 420719 354437 299971 255336 219321 191032 168961 150589 134308 119769 851956 
2008  1.23823e+007 1.06334e+007 9.13254e+006 7.84405e+006 6.73598e+006 5.77664e+006 4.93085e+006 4.16422e+006 3.46143e+006 2.83959e+006 2.31983e+006 1.89702e+006 1.55379e+006 1.27552e+006 1.05002e+006 867225 718877 597722 498759 418010 351854 297423 252508 215548 185616 162035 143589 128183 114478 829544 
2009  1.235e+007 1.06044e+007 9.10655e+006 7.82085e+006 6.71535e+006 5.75835e+006 4.91465e+006 4.14984e+006 3.44862e+006 2.82823e+006 2.30985e+006 1.88835e+006 1.54632e+006 1.26911e+006 1.04451e+006 862459 714714 594582 496200 415571 349538 295219 250337 213142 182411 157432 137696 122220 109254 805880 
2010  1.23193e+007 1.05767e+007 9.0817e+006 7.79859e+006 6.69548e+006 5.74066e+006 4.89891e+006 4.1358e+006 3.43606e+006 2.817e+006 2.29992e+006 1.87968e+006 1.53881e+006 1.26266e+006 1.03898e+006 857722 710628 591019 493504 413373 347450 293241 248456 211292 180362 154705 133779 117200 104168 781205 

Output quantities finish here

Unused parameters:
annual_cycle.fishery_areas annual_cycle.migrate_from annual_cycle.migrate_to annual_cycle.migration_names annual_cycle.migration_times annual_cycle.n_migrations annual_cycle.recruitment_areas annual_cycle.spawning_all_areas area_names recruitment.p_male recruitment.year_range tag[Tags2005_R1_LL1].area tag[Tags2005_R1_LL1].sex tag[Tags2006_R1_LL1].area tag[Tags2006_R1_LL1].sex tag[Tags2007_R1_LL1].area tag[Tags2007_R1_LL1].sex tag[Tags2008_R1_LL1].area tag[Tags2008_R1_LL1].sex tag[Tags2009_R1_LL1].area tag[Tags2009_R1_LL1].sex MCMC.adapt_at MCMC.adaptive_stepsize MCMC.burn_in MCMC.keep MCMC.length MCMC.start MCMC.stepsize profile[1].l profile[1].n profile[1].parameter profile[1].u tag_recapture[Tags2005_R1_R1].area tag_recapture[Tags2006_R1_R1].area tag_recapture[Tags2007_R1_R1].area tag_recapture[Tags2008_R1_R1].area tag_recapture[Tags2009_R1_R1].area n_projections numbers_at[Numbers_at_age_R1].area print.final_state print.initial_state print.requests print.results print.state_annually print.state_every_step print.yields 
