CASAL (C++ algorithmic stock assessment laboratory)
Call: C:/Users/bstacy/Documents/GitHub/lasac/projects/simulations/sim/dec1.5/casal -e -q -f EM 
Date: Tue Oct 15 12:11:32 2019
v2.30-2012-03-21 00:22:59 UTC (rev.4648)  (c) Copyright 2002-2012, NIWA
User name: bstacy
Machine name: DOM-IMA-HVZRNF2 (Microsoft Windows, PID=1156)

Prefix for the input parameter filenames : EM

Random number seed : 1892

Estimation parameters:
Stored as strings: 
  MCMC.adapt_at                 	1e+05 2e+05 3e+05 4e+05
  MCMC.adaptive_stepsize        	True
  MCMC.burn_in                  	500
  MCMC.keep                     	1000
  MCMC.length                   	1500000
  MCMC.start                    	0
  MCMC.stepsize                 	0.01
  ageing_error.c                	0
  ageing_error.type             	normal
  catch_at[LL1_catchA].2000     	0 0 0 0 0.01 0 0.06 0.11 0.18 0.15 0.2 0.07 0.07 0.07 0.01 0 0.02 0 0 0.01 0.01 0 0 0.02 0 0 0 0 0 0.01
  catch_at[LL1_catchA].2001     	0 0 0 0 0 0.01 0.09 0.12 0.18 0.17 0.11 0.09 0.04 0.07 0.04 0.01 0.02 0.02 0.02 0 0 0.01 0 0 0 0 0 0 0 0
  catch_at[LL1_catchA].2002     	0 0 0 0 0 0 0.04 0.12 0.19 0.2 0.11 0.1 0.02 0.03 0.06 0.03 0.02 0.03 0.01 0.01 0.02 0.01 0 0 0 0 0 0 0 0
  catch_at[LL1_catchA].2003     	0 0 0 0 0.01 0.01 0.12 0.11 0.16 0.12 0.21 0.12 0.03 0.03 0.03 0.01 0.01 0.01 0 0.01 0.01 0 0 0 0 0 0 0 0 0
  catch_at[LL1_catchA].2004     	0 0 0 0 0 0.01 0.12 0.09 0.15 0.25 0.15 0.07 0.05 0.03 0.01 0 0.02 0.03 0 0 0.01 0 0 0.01 0 0 0 0 0 0
  catch_at[LL1_catchA].2005     	0 0 0 0 0.01 0.01 0.06 0.08 0.16 0.18 0.16 0.12 0.07 0.03 0.04 0.03 0.01 0.01 0.02 0 0 0 0 0.01 0 0 0 0 0 0
  catch_at[LL1_catchA].2006     	0 0 0 0 0.01 0.01 0.09 0.08 0.14 0.15 0.08 0.14 0.11 0.04 0.04 0.02 0.01 0.02 0 0.02 0.01 0.01 0.01 0 0 0 0 0 0 0.01
  catch_at[LL1_catchA].2007     	0 0 0 0 0.01 0.01 0.11 0.1 0.15 0.14 0.13 0.05 0.11 0.09 0.04 0.01 0.02 0.02 0.01 0 0 0 0 0 0 0 0 0 0 0
  catch_at[LL1_catchA].2008     	0 0 0 0 0.01 0.01 0.07 0.18 0.11 0.16 0.15 0.12 0.05 0.03 0.02 0.04 0 0.04 0 0 0 0 0 0 0 0.01 0 0 0 0
  catch_at[LL1_catchA].2009     	0 0 0 0 0 0 0.03 0.17 0.16 0.15 0.13 0.05 0.11 0.06 0.02 0.05 0.02 0.01 0.01 0.01 0 0.02 0 0 0 0 0 0 0 0
  catch_at[LL1_catchA].2010     	0 0 0 0 0 0.01 0.12 0.15 0.17 0.11 0.12 0.12 0.04 0.06 0.05 0.02 0.02 0 0.01 0 0 0 0 0 0 0 0 0 0 0
  catch_at[LL1_catchA].N_2000   	100
  catch_at[LL1_catchA].N_2001   	100
  catch_at[LL1_catchA].N_2002   	100
  catch_at[LL1_catchA].N_2003   	100
  catch_at[LL1_catchA].N_2004   	100
  catch_at[LL1_catchA].N_2005   	100
  catch_at[LL1_catchA].N_2006   	100
  catch_at[LL1_catchA].N_2007   	100
  catch_at[LL1_catchA].N_2008   	100
  catch_at[LL1_catchA].N_2009   	100
  catch_at[LL1_catchA].N_2010   	100
  catch_at[LL1_catchA].at_size  	False
  catch_at[LL1_catchA].dist     	multinomial
  catch_at[LL1_catchA].fishery  	LL1
  catch_at[LL1_catchA].max_class	30
  catch_at[LL1_catchA].min_class	1
  catch_at[LL1_catchA].plus_group	True
  catch_at[LL1_catchA].r        	1e-11
  catch_at[LL1_catchA].sexed    	False
  catch_at[LL1_catchA].sum_to_one	True
  catch_at[LL1_catchA].years    	2000 2001 2002 2003 2004 2005 2006 2007 2008 2009 2010
  catch_limit_penalty[1].fishery	LL1
  catch_limit_penalty[1].label  	LL1_Penalty
  catch_limit_penalty[1].log_scale	True
  catch_limit_penalty[1].multiplier	1000
  catch_limit_penalty[2].fishery	LL2
  catch_limit_penalty[2].label  	LL2_Penalty
  catch_limit_penalty[2].log_scale	True
  catch_limit_penalty[2].multiplier	1000
  estimate[1].lower_bound       	5000
  estimate[1].parameter         	initialization.B0
  estimate[1].prior             	uniform
  estimate[1].upper_bound       	5e+05
  estimator                     	Bayes
  fish_tagged_penalty[1].label  	Penalty_Tags2005_R1_LL1
  fish_tagged_penalty[1].multiplier	1
  fish_tagged_penalty[1].tagging_episode	Tags2005_R1_LL1
  fish_tagged_penalty[2].label  	Penalty_Tags2006_R1_LL1
  fish_tagged_penalty[2].multiplier	1
  fish_tagged_penalty[2].tagging_episode	Tags2006_R1_LL1
  fish_tagged_penalty[3].label  	Penalty_Tags2007_R1_LL1
  fish_tagged_penalty[3].multiplier	1
  fish_tagged_penalty[3].tagging_episode	Tags2007_R1_LL1
  fish_tagged_penalty[4].label  	Penalty_Tags2008_R1_LL1
  fish_tagged_penalty[4].multiplier	1
  fish_tagged_penalty[4].tagging_episode	Tags2008_R1_LL1
  fish_tagged_penalty[5].label  	Penalty_Tags2009_R1_LL1
  fish_tagged_penalty[5].multiplier	1
  fish_tagged_penalty[5].tagging_episode	Tags2009_R1_LL1
  grad_tol                      	0.001
  max_evals                     	10000
  max_iters                     	1600
  profile[1].l                  	40000
  profile[1].n                  	11
  profile[1].parameter          	initialization.B0
  profile[1].u                  	130000
  q_method                      	nuisance
  tag_recapture[Tags2005_R1_R1].area	R1
  tag_recapture[Tags2005_R1_R1].class_mins	100 150 200 250 300 350 400 450 500 550 600 650 700 750 800 850 900 950 1000 1050 1100 1150 1200 1250 1300 1350 1400 1450 1500 1550 1600 1650 1700 1750 1800 1850 1900 1950 2000 2050
  tag_recapture[Tags2005_R1_R1].detection_probability	1
  tag_recapture[Tags2005_R1_R1].dispersion	1
  tag_recapture[Tags2005_R1_R1].do_bootstrap	True
  tag_recapture[Tags2005_R1_R1].plus_group	False
  tag_recapture[Tags2005_R1_R1].proportion_mortality	0.5
  tag_recapture[Tags2005_R1_R1].r	1e-11
  tag_recapture[Tags2005_R1_R1].recaptured_2006	0 0 0 0 0 0 0 0 0 0 3 6 17 18 17 25 20 10 6 8 5 2 2 3 0 0 0 0 0 0 0 0 0 0 0 0 0 0 0
  tag_recapture[Tags2005_R1_R1].recaptured_2007	0 0 0 0 0 0 0 0 0 0 4 3 18 25 18 21 20 10 9 3 1 5 1 1 3 0 0 0 0 0 0 0 0 0 0 0 0 0 0
  tag_recapture[Tags2005_R1_R1].recaptured_2008	0 0 0 0 0 0 0 0 0 0 1 7 8 15 18 16 11 7 7 10 3 2 1 2 0 0 1 0 0 0 0 0 0 0 0 0 0 0 0
  tag_recapture[Tags2005_R1_R1].recaptured_2009	0 0 0 0 0 0 0 0 0 0 0 3 0 4 13 12 10 15 10 6 3 5 2 0 0 0 0 0 0 0 0 0 0 0 0 0 0 0 0
  tag_recapture[Tags2005_R1_R1].recaptured_2010	0 0 0 0 0 0 0 0 0 0 0 2 1 2 5 3 15 11 8 7 7 3 1 1 0 0 0 0 0 0 0 0 0 0 0 0 0 0 0
  tag_recapture[Tags2005_R1_R1].sample	size
  tag_recapture[Tags2005_R1_R1].scanned_2006	0 0 0 2 28 320 2302 11502 39770 96806 173902 243624 277690 266092 224820 178122 136978 101584 71958 49292 33518 23134 16316 11662 8346 5944 4222 2988 2086 1406 896 530 286 140 62 24 8 2 0
  tag_recapture[Tags2005_R1_R1].scanned_2007	0 0 0 2 28 344 2442 11568 39724 99366 181960 252416 280488 265182 224010 176300 134278 100438 72920 50898 34514 23278 15942 11162 7944 5686 4062 2880 2006 1350 862 512 278 138 62 24 8 2 0
  tag_recapture[Tags2005_R1_R1].scanned_2008	0 0 0 2 28 344 2602 12332 40170 97884 182308 260086 291620 271378 224512 174626 131756 97934 71728 51120 35200 23658 15864 10828 7580 5410 3886 2772 1934 1300 826 490 266 132 58 24 8 2 0
  tag_recapture[Tags2005_R1_R1].scanned_2009	0 0 0 2 28 338 2596 13080 43468 101422 180382 255904 293398 278302 229716 175798 130724 96182 70174 50456 35360 24054 16060 10754 7362 5182 3714 2662 1866 1256 798 470 254 126 56 22 8 2 0
  tag_recapture[Tags2005_R1_R1].scanned_2010	0 0 0 2 30 342 2546 12914 45438 110634 193100 259840 288924 275666 231594 178066 131090 95240 68874 49434 34952 24134 16262 10830 7284 5028 3564 2550 1794 1212 770 454 246 120 54 22 8 2 0
  tag_recapture[Tags2005_R1_R1].step	1
  tag_recapture[Tags2005_R1_R1].tag_name	Tags2005_R1
  tag_recapture[Tags2005_R1_R1].years	2006 2007 2008 2009 2010
  tag_recapture[Tags2006_R1_R1].area	R1
  tag_recapture[Tags2006_R1_R1].class_mins	100 150 200 250 300 350 400 450 500 550 600 650 700 750 800 850 900 950 1000 1050 1100 1150 1200 1250 1300 1350 1400 1450 1500 1550 1600 1650 1700 1750 1800 1850 1900 1950 2000 2050
  tag_recapture[Tags2006_R1_R1].detection_probability	1
  tag_recapture[Tags2006_R1_R1].dispersion	1
  tag_recapture[Tags2006_R1_R1].do_bootstrap	True
  tag_recapture[Tags2006_R1_R1].plus_group	False
  tag_recapture[Tags2006_R1_R1].proportion_mortality	0.5
  tag_recapture[Tags2006_R1_R1].r	1e-11
  tag_recapture[Tags2006_R1_R1].recaptured_2007	0 0 0 0 0 0 0 0 0 0 8 8 12 23 23 21 26 14 8 7 4 1 2 0 1 0 0 0 0 0 0 0 0 0 0 0 0 0 0
  tag_recapture[Tags2006_R1_R1].recaptured_2008	0 0 0 0 0 0 0 0 0 0 0 5 17 23 18 21 15 15 8 9 4 1 1 0 1 0 0 0 0 0 0 0 0 0 0 0 0 0 0
  tag_recapture[Tags2006_R1_R1].recaptured_2009	0 0 0 0 0 0 0 0 0 0 1 3 11 9 18 19 16 12 9 6 2 0 1 0 3 1 0 0 0 0 0 0 0 0 0 0 0 0 0
  tag_recapture[Tags2006_R1_R1].recaptured_2010	0 0 0 0 0 0 0 0 1 0 0 0 4 4 9 19 12 6 11 10 4 1 2 0 1 0 0 0 0 0 0 0 0 0 0 0 0 0 0
  tag_recapture[Tags2006_R1_R1].sample	size
  tag_recapture[Tags2006_R1_R1].scanned_2007	0 0 0 2 28 344 2442 11568 39724 99366 181960 252416 280488 265182 224010 176300 134278 100438 72920 50898 34514 23278 15942 11162 7944 5686 4062 2880 2006 1350 862 512 278 138 62 24 8 2 0
  tag_recapture[Tags2006_R1_R1].scanned_2008	0 0 0 2 28 344 2602 12332 40170 97884 182308 260086 291620 271378 224512 174626 131756 97934 71728 51120 35200 23658 15864 10828 7580 5410 3886 2772 1934 1300 826 490 266 132 58 24 8 2 0
  tag_recapture[Tags2006_R1_R1].scanned_2009	0 0 0 2 28 338 2596 13080 43468 101422 180382 255904 293398 278302 229716 175798 130724 96182 70174 50456 35360 24054 16060 10754 7362 5182 3714 2662 1866 1256 798 470 254 126 56 22 8 2 0
  tag_recapture[Tags2006_R1_R1].scanned_2010	0 0 0 2 30 342 2546 12914 45438 110634 193100 259840 288924 275666 231594 178066 131090 95240 68874 49434 34952 24134 16262 10830 7284 5028 3564 2550 1794 1212 770 454 246 120 54 22 8 2 0
  tag_recapture[Tags2006_R1_R1].step	1
  tag_recapture[Tags2006_R1_R1].tag_name	Tags2006_R1
  tag_recapture[Tags2006_R1_R1].years	2007 2008 2009 2010
  tag_recapture[Tags2007_R1_R1].area	R1
  tag_recapture[Tags2007_R1_R1].class_mins	100 150 200 250 300 350 400 450 500 550 600 650 700 750 800 850 900 950 1000 1050 1100 1150 1200 1250 1300 1350 1400 1450 1500 1550 1600 1650 1700 1750 1800 1850 1900 1950 2000 2050
  tag_recapture[Tags2007_R1_R1].detection_probability	1
  tag_recapture[Tags2007_R1_R1].dispersion	1
  tag_recapture[Tags2007_R1_R1].do_bootstrap	True
  tag_recapture[Tags2007_R1_R1].plus_group	False
  tag_recapture[Tags2007_R1_R1].proportion_mortality	0.5
  tag_recapture[Tags2007_R1_R1].r	1e-11
  tag_recapture[Tags2007_R1_R1].recaptured_2008	0 0 0 0 0 0 0 0 0 1 1 12 19 26 24 17 21 18 6 5 6 3 3 2 1 0 0 0 0 0 0 0 0 0 0 0 0 0 0
  tag_recapture[Tags2007_R1_R1].recaptured_2009	0 0 0 0 0 0 0 0 0 0 3 9 11 19 22 24 13 10 5 5 1 1 2 0 0 0 0 0 1 0 0 0 0 0 0 0 0 0 0
  tag_recapture[Tags2007_R1_R1].recaptured_2010	0 0 0 0 0 0 0 0 0 0 1 4 10 10 17 19 20 11 9 5 5 6 1 1 1 0 1 0 0 0 0 0 0 0 0 0 0 0 0
  tag_recapture[Tags2007_R1_R1].sample	size
  tag_recapture[Tags2007_R1_R1].scanned_2008	0 0 0 2 28 344 2602 12332 40170 97884 182308 260086 291620 271378 224512 174626 131756 97934 71728 51120 35200 23658 15864 10828 7580 5410 3886 2772 1934 1300 826 490 266 132 58 24 8 2 0
  tag_recapture[Tags2007_R1_R1].scanned_2009	0 0 0 2 28 338 2596 13080 43468 101422 180382 255904 293398 278302 229716 175798 130724 96182 70174 50456 35360 24054 16060 10754 7362 5182 3714 2662 1866 1256 798 470 254 126 56 22 8 2 0
  tag_recapture[Tags2007_R1_R1].scanned_2010	0 0 0 2 30 342 2546 12914 45438 110634 193100 259840 288924 275666 231594 178066 131090 95240 68874 49434 34952 24134 16262 10830 7284 5028 3564 2550 1794 1212 770 454 246 120 54 22 8 2 0
  tag_recapture[Tags2007_R1_R1].step	1
  tag_recapture[Tags2007_R1_R1].tag_name	Tags2007_R1
  tag_recapture[Tags2007_R1_R1].years	2008 2009 2010
  tag_recapture[Tags2008_R1_R1].area	R1
  tag_recapture[Tags2008_R1_R1].class_mins	100 150 200 250 300 350 400 450 500 550 600 650 700 750 800 850 900 950 1000 1050 1100 1150 1200 1250 1300 1350 1400 1450 1500 1550 1600 1650 1700 1750 1800 1850 1900 1950 2000 2050
  tag_recapture[Tags2008_R1_R1].detection_probability	1
  tag_recapture[Tags2008_R1_R1].dispersion	1
  tag_recapture[Tags2008_R1_R1].do_bootstrap	True
  tag_recapture[Tags2008_R1_R1].plus_group	False
  tag_recapture[Tags2008_R1_R1].proportion_mortality	0.5
  tag_recapture[Tags2008_R1_R1].r	1e-11
  tag_recapture[Tags2008_R1_R1].recaptured_2009	0 0 0 0 0 0 0 0 0 0 9 15 22 25 21 13 14 17 8 2 0 1 0 0 1 0 0 0 0 0 0 0 0 0 0 0 0 0 0
  tag_recapture[Tags2008_R1_R1].recaptured_2010	0 0 0 0 0 0 0 0 0 0 2 3 12 26 20 16 12 11 6 3 2 2 1 1 0 0 0 0 0 0 0 0 0 0 0 0 0 0 0
  tag_recapture[Tags2008_R1_R1].sample	size
  tag_recapture[Tags2008_R1_R1].scanned_2009	0 0 0 2 28 338 2596 13080 43468 101422 180382 255904 293398 278302 229716 175798 130724 96182 70174 50456 35360 24054 16060 10754 7362 5182 3714 2662 1866 1256 798 470 254 126 56 22 8 2 0
  tag_recapture[Tags2008_R1_R1].scanned_2010	0 0 0 2 30 342 2546 12914 45438 110634 193100 259840 288924 275666 231594 178066 131090 95240 68874 49434 34952 24134 16262 10830 7284 5028 3564 2550 1794 1212 770 454 246 120 54 22 8 2 0
  tag_recapture[Tags2008_R1_R1].step	1
  tag_recapture[Tags2008_R1_R1].tag_name	Tags2008_R1
  tag_recapture[Tags2008_R1_R1].years	2009 2010
  tag_recapture[Tags2009_R1_R1].area	R1
  tag_recapture[Tags2009_R1_R1].class_mins	100 150 200 250 300 350 400 450 500 550 600 650 700 750 800 850 900 950 1000 1050 1100 1150 1200 1250 1300 1350 1400 1450 1500 1550 1600 1650 1700 1750 1800 1850 1900 1950 2000 2050
  tag_recapture[Tags2009_R1_R1].detection_probability	1
  tag_recapture[Tags2009_R1_R1].dispersion	1
  tag_recapture[Tags2009_R1_R1].do_bootstrap	True
  tag_recapture[Tags2009_R1_R1].plus_group	False
  tag_recapture[Tags2009_R1_R1].proportion_mortality	0.5
  tag_recapture[Tags2009_R1_R1].r	1e-11
  tag_recapture[Tags2009_R1_R1].recaptured_2010	0 0 0 0 0 0 0 0 0 1 5 13 13 24 19 20 12 16 11 3 1 2 1 0 0 0 0 0 0 0 0 0 1 0 0 0 0 0 0
  tag_recapture[Tags2009_R1_R1].sample	size
  tag_recapture[Tags2009_R1_R1].scanned_2010	0 0 0 2 30 342 2546 12914 45438 110634 193100 259840 288924 275666 231594 178066 131090 95240 68874 49434 34952 24134 16262 10830 7284 5028 3564 2550 1794 1212 770 454 246 120 54 22 8 2 0
  tag_recapture[Tags2009_R1_R1].step	1
  tag_recapture[Tags2009_R1_R1].tag_name	Tags2009_R1
  tag_recapture[Tags2009_R1_R1].years	2010
  vector_average_penalty[1].k   	1
  vector_average_penalty[1].label	meanYCS_1
  vector_average_penalty[1].multiplier	100
  vector_average_penalty[1].vector	recruitment.YCS
Stored as DOUBLEs: 
Stored as VECTORs: 
Stored as OGIVEs: 

Population parameters:
Stored as strings: 
  annual_cycle.M_props          	1
  annual_cycle.aging_time       	1
  annual_cycle.baranov          	False
  annual_cycle.fishery_areas    	R1
  annual_cycle.fishery_names    	LL1 LL2
  annual_cycle.fishery_times    	1 1
  annual_cycle.growth_props     	0
  annual_cycle.migrate_from     	R1
  annual_cycle.migrate_to       	R2
  annual_cycle.migration_names  	MoveRec_1_2
  annual_cycle.migration_times  	1
  annual_cycle.n_migrations     	0
  annual_cycle.recruitment_areas	R1
  annual_cycle.recruitment_time 	1
  annual_cycle.spawning_all_areas	1
  annual_cycle.spawning_p       	1
  annual_cycle.spawning_part_mort	0.5
  annual_cycle.spawning_time    	1
  annual_cycle.spawning_use_total_B	False
  annual_cycle.time_steps       	1
  area_names                    	R1
  current                       	2010
  final                         	2045
  first_random_year             	2007
  fishery[LL1].U_max            	0.95
  fishery[LL1].catches          	0 6000 6000 6000 6000 6000 6000 6000 6000 6000 6000 6000 6000 6000 6000 6000 6000 6000 6000 6000 6000
  fishery[LL1].future_constant_catches	200
  fishery[LL1].selectivity      	SelLL
  fishery[LL1].years            	1990 1991 1992 1993 1994 1995 1996 1997 1998 1999 2000 2001 2002 2003 2004 2005 2006 2007 2008 2009 2010
  fishery[LL2].U_max            	0.95
  fishery[LL2].catches          	0 0 0 0 0 0 0 0 0 0 0 0 0 0 0 0 0 0 0 0 0
  fishery[LL2].future_constant_catches	200
  fishery[LL2].selectivity      	SelLL
  fishery[LL2].years            	1990 1991 1992 1993 1994 1995 1996 1997 1998 1999 2000 2001 2002 2003 2004 2005 2006 2007 2008 2009 2010
  initial                       	1990
  initialization.B0             	448262
  mature_partition              	False
  maturity_props.all            	allvalues  0 0 0 0 0 0 0 0 0 0 0 0.1667 0.3333 0.5 0.6667 0.8333 1 1 1 1 1 1 1 1 1 1 1 1 1 1
  max_age                       	30
  min_age                       	1
  n_areas                       	1
  n_stocks                      	1
  n_tags                        	5
  natural_mortality.all         	0.155
  plus_group                    	True
  randomisation_method          	lognormal
  recruitment.SR                	BH
  recruitment.YCS               	1 1 1 1 1 1 1 1 1 1 1 1 1 1 1 1 1 1 1 1 1
  recruitment.YCS_years         	1989 1990 1991 1992 1993 1994 1995 1996 1997 1998 1999 2000 2001 2002 2003 2004 2005 2006 2007 2008 2009
  recruitment.first_free        	1989
  recruitment.last_free         	2006
  recruitment.p_male            	0.5
  recruitment.rho               	0
  recruitment.sigma_r           	0.6
  recruitment.steepness         	0.7
  recruitment.year_range        	1989 2006
  selectivity[SelLL].all        	double_normal 10 2 10
  selectivity_names             	SelLL
  sex_partition                 	False
  size_at_age.Linf              	2870
  size_at_age.by_length         	True
  size_at_age.cv                	0.1
  size_at_age.k                 	0.02056
  size_at_age.t0                	-4.2897
  size_at_age_dist              	normal
  size_at_age_type              	von_Bert
  size_based                    	False
  size_weight.a                 	2.59e-12
  size_weight.b                 	3.2064
  size_weight.verify_size_weight	500 0.5 1.5
  standardise_YCS               	True
  tag[Tags2005_R1_LL1].area     	R1
  tag[Tags2005_R1_LL1].class_mins	100 150 200 250 300 350 400 450 500 550 600 650 700 750 800 850 900 950 1000 1050 1100 1150 1200 1250 1300 1350 1400 1450 1500 1550 1600 1650 1700 1750 1800 1850 1900 1950 2000 2050
  tag[Tags2005_R1_LL1].mature_only	False
  tag[Tags2005_R1_LL1].mortality	0.1
  tag[Tags2005_R1_LL1].number   	2500
  tag[Tags2005_R1_LL1].ogive    	SelLL
  tag[Tags2005_R1_LL1].plus_group	False
  tag[Tags2005_R1_LL1].props_all	0 0 0 0 0 1e-04 8e-04 0.0048 0.0184 0.0472 0.088 0.1245 0.1388 0.1298 0.1103 0.0896 0.0694 0.0511 0.0362 0.0255 0.0183 0.0135 0.01 0.0073 0.0052 0.0037 0.0025 0.0018 0.0012 8e-04 5e-04 3e-04 2e-04 1e-04 0 0 0 0 0
  tag[Tags2005_R1_LL1].release_type	deterministic
  tag[Tags2005_R1_LL1].sex      	both
  tag[Tags2005_R1_LL1].step     	1
  tag[Tags2005_R1_LL1].tag_name 	Tags2005_R1
  tag[Tags2005_R1_LL1].year     	2005
  tag[Tags2006_R1_LL1].area     	R1
  tag[Tags2006_R1_LL1].class_mins	100 150 200 250 300 350 400 450 500 550 600 650 700 750 800 850 900 950 1000 1050 1100 1150 1200 1250 1300 1350 1400 1450 1500 1550 1600 1650 1700 1750 1800 1850 1900 1950 2000 2050
  tag[Tags2006_R1_LL1].mature_only	False
  tag[Tags2006_R1_LL1].mortality	0.1
  tag[Tags2006_R1_LL1].number   	2500
  tag[Tags2006_R1_LL1].ogive    	SelLL
  tag[Tags2006_R1_LL1].plus_group	False
  tag[Tags2006_R1_LL1].props_all	0 0 0 0 0 2e-04 0.0013 0.0058 0.0198 0.0485 0.0873 0.1222 0.1397 0.1351 0.1154 0.0921 0.0705 0.0511 0.0349 0.023 0.0152 0.0104 0.0075 0.0055 0.0041 0.0031 0.0023 0.0017 0.0012 9e-04 6e-04 3e-04 2e-04 1e-04 0 0 0 0 0
  tag[Tags2006_R1_LL1].release_type	deterministic
  tag[Tags2006_R1_LL1].sex      	both
  tag[Tags2006_R1_LL1].step     	1
  tag[Tags2006_R1_LL1].tag_name 	Tags2006_R1
  tag[Tags2006_R1_LL1].year     	2006
  tag[Tags2007_R1_LL1].area     	R1
  tag[Tags2007_R1_LL1].class_mins	100 150 200 250 300 350 400 450 500 550 600 650 700 750 800 850 900 950 1000 1050 1100 1150 1200 1250 1300 1350 1400 1450 1500 1550 1600 1650 1700 1750 1800 1850 1900 1950 2000 2050
  tag[Tags2007_R1_LL1].mature_only	False
  tag[Tags2007_R1_LL1].mortality	0.1
  tag[Tags2007_R1_LL1].number   	2500
  tag[Tags2007_R1_LL1].ogive    	SelLL
  tag[Tags2007_R1_LL1].plus_group	False
  tag[Tags2007_R1_LL1].props_all	0 0 0 0 0 1e-04 0.0011 0.0056 0.0193 0.0485 0.0889 0.124 0.139 0.1322 0.1118 0.0878 0.0669 0.0504 0.0372 0.0265 0.0183 0.0125 0.0087 0.0062 0.0045 0.0032 0.0024 0.0017 0.0012 8e-04 5e-04 3e-04 2e-04 1e-04 0 0 0 0 0
  tag[Tags2007_R1_LL1].release_type	deterministic
  tag[Tags2007_R1_LL1].sex      	both
  tag[Tags2007_R1_LL1].step     	1
  tag[Tags2007_R1_LL1].tag_name 	Tags2007_R1
  tag[Tags2007_R1_LL1].year     	2007
  tag[Tags2008_R1_LL1].area     	R1
  tag[Tags2008_R1_LL1].class_mins	100 150 200 250 300 350 400 450 500 550 600 650 700 750 800 850 900 950 1000 1050 1100 1150 1200 1250 1300 1350 1400 1450 1500 1550 1600 1650 1700 1750 1800 1850 1900 1950 2000 2050
  tag[Tags2008_R1_LL1].mature_only	False
  tag[Tags2008_R1_LL1].mortality	0.1
  tag[Tags2008_R1_LL1].number   	2500
  tag[Tags2008_R1_LL1].ogive    	SelLL
  tag[Tags2008_R1_LL1].plus_group	False
  tag[Tags2008_R1_LL1].props_all	0 0 0 0 0 1e-04 0.0012 0.0062 0.0205 0.0497 0.0924 0.1328 0.1497 0.1384 0.112 0.0842 0.0614 0.0445 0.0322 0.0228 0.0157 0.0106 0.0073 0.0052 0.0038 0.0029 0.0022 0.0016 0.0011 7e-04 4e-04 3e-04 1e-04 1e-04 0 0 0 0 0
  tag[Tags2008_R1_LL1].release_type	deterministic
  tag[Tags2008_R1_LL1].sex      	both
  tag[Tags2008_R1_LL1].step     	1
  tag[Tags2008_R1_LL1].tag_name 	Tags2008_R1
  tag[Tags2008_R1_LL1].year     	2008
  tag[Tags2009_R1_LL1].area     	R1
  tag[Tags2009_R1_LL1].class_mins	100 150 200 250 300 350 400 450 500 550 600 650 700 750 800 850 900 950 1000 1050 1100 1150 1200 1250 1300 1350 1400 1450 1500 1550 1600 1650 1700 1750 1800 1850 1900 1950 2000 2050
  tag[Tags2009_R1_LL1].mature_only	False
  tag[Tags2009_R1_LL1].mortality	0.1
  tag[Tags2009_R1_LL1].number   	2500
  tag[Tags2009_R1_LL1].ogive    	SelLL
  tag[Tags2009_R1_LL1].plus_group	False
  tag[Tags2009_R1_LL1].props_all	0 0 0 0 0 1e-04 0.0012 0.0063 0.0213 0.0502 0.0897 0.1266 0.1435 0.135 0.1117 0.0864 0.065 0.0482 0.0352 0.0253 0.0178 0.0122 0.0082 0.0055 0.0037 0.0025 0.0017 0.0011 7e-04 4e-04 3e-04 1e-04 1e-04 0 0 0 0 0 0
  tag[Tags2009_R1_LL1].release_type	deterministic
  tag[Tags2009_R1_LL1].sex      	both
  tag[Tags2009_R1_LL1].step     	1
  tag[Tags2009_R1_LL1].tag_name 	Tags2009_R1
  tag[Tags2009_R1_LL1].year     	2009
  tag_growth_loss[Tags2005_R1].nogrowth_period	0
  tag_growth_loss[Tags2006_R1].nogrowth_period	0
  tag_growth_loss[Tags2007_R1].nogrowth_period	0
  tag_growth_loss[Tags2008_R1].nogrowth_period	0
  tag_growth_loss[Tags2009_R1].nogrowth_period	0
  tag_loss_props                	1
  tag_names                     	Tags2005_R1 Tags2006_R1 Tags2007_R1 Tags2008_R1 Tags2009_R1
  tag_shedding_rate             	0.0084 0.0084 0.0084 0.0084 0.0084
  y_enter                       	1
Stored as DOUBLEs: 
Stored as VECTORs: 
Stored as OGIVEs: 

Output parameters:
Stored as strings: 
  n_projections                 	100
  numbers_at[Numbers_at_age_R1].area	R1
  numbers_at[Numbers_at_age_R1].proportion_mortality	0.5
  numbers_at[Numbers_at_age_R1].step	1
  numbers_at[Numbers_at_age_R1].years	1990 1991 1992 1993 1994 1995 1996 1997 1998 1999 2000 2001 2002 2003 2004 2005 2006 2007 2008 2009 2010
  print.covariance              	true
  print.estimation_section      	true
  print.final_state             	false
  print.fits                    	true
  print.fits_every_eval         	false
  print.initial_state           	false
  print.normalised_resids       	true
  print.objective_every_eval    	false
  print.parameter_vector_every_eval	false
  print.parameters              	true
  print.parameters_every_eval   	false
  print.pearson_resids          	true
  print.requests                	false
  print.resids                  	true
  print.results                 	false
  print.state_annually          	false
  print.state_every_step        	false
  print.unused_parameters       	true
  print.yields                  	true
  quantities.B0                 	true
  quantities.R0                 	true
  quantities.SSBs               	true
  quantities.YCS                	true
  quantities.actual_catches     	false
  quantities.all_free_parameters	true
  quantities.fishing_pressures  	true
  quantities.nuisance_qs        	true
  quantities.recruitments       	true
  quantities.true_YCS           	true
Stored as DOUBLEs: 
Stored as VECTORs: 
Stored as OGIVEs: 

A fish of size 500 cm has a weight of 1.16755 kg in your model. This size-weight scale check assumes that the growth curve is in centimetres, and that the catch is in tonnes.

A fish of size 500 cm has a weight of 1.16755 kg in your model. This size-weight scale check assumes that the growth curve is in centimetres, and that the catch is in tonnes.

Estimation section :

Objective function: Bayes

Minimiser convergence threshold: 0.001


Observations:

The observations are:
LL1_catchA
Tags2005_R1_R1
Tags2006_R1_R1
Tags2007_R1_R1
Tags2008_R1_R1
Tags2009_R1_R1
Fits follow:

LL1_catchA :
catch proportions-at-age for fishery LL1  with ageing error (constrained to sum to 1):
obs (last class is a plus group):
class 1       2       3       4       5       6       7       8       9       10      11      12      13      14      15      16      17      18      19      20      21      22      23      24      25      26      27      28      29      30      
2000 0       0       0       0       0.01    0       0.06    0.11    0.18    0.15    0.2     0.07    0.07    0.07    0.01    0       0.02    0       0       0.01    0.01    0       0       0.02    0       0       0       0       0       0.01    
2001 0       0       0       0       0       0.01    0.09    0.12    0.18    0.17    0.11    0.09    0.04    0.07    0.04    0.01    0.02    0.02    0.02    0       0       0.01    0       0       0       0       0       0       0       0       
2002 0       0       0       0       0       0       0.04    0.12    0.19    0.2     0.11    0.1     0.02    0.03    0.06    0.03    0.02    0.03    0.01    0.01    0.02    0.01    0       0       0       0       0       0       0       0       
2003 0       0       0       0       0.01    0.01    0.12    0.11    0.16    0.12    0.21    0.12    0.03    0.03    0.03    0.01    0.01    0.01    0       0.01    0.01    0       0       0       0       0       0       0       0       0       
2004 0       0       0       0       0       0.01    0.12    0.09    0.15    0.25    0.15    0.07    0.05    0.03    0.01    0       0.02    0.03    0       0       0.01    0       0       0.01    0       0       0       0       0       0       
2005 0       0       0       0       0.01    0.01    0.06    0.08    0.16    0.18    0.16    0.12    0.07    0.03    0.04    0.03    0.01    0.01    0.02    0       0       0       0       0.01    0       0       0       0       0       0       
2006 0       0       0       0       0.01    0.01    0.09    0.08    0.14    0.15    0.08    0.14    0.11    0.04    0.04    0.02    0.01    0.02    0       0.02    0.01    0.01    0.01    0       0       0       0       0       0       0.01    
2007 0       0       0       0       0.01    0.01    0.11    0.1     0.15    0.14    0.13    0.05    0.11    0.09    0.04    0.01    0.02    0.02    0.01    0       0       0       0       0       0       0       0       0       0       0       
2008 0       0       0       0       0.01    0.01    0.07    0.18    0.11    0.16    0.15    0.12    0.05    0.03    0.02    0.04    0       0.04    0       0       0       0       0       0       0       0.01    0       0       0       0       
2009 0       0       0       0       0       0       0.03    0.17    0.16    0.15    0.13    0.05    0.11    0.06    0.02    0.05    0.02    0.01    0.01    0.01    0       0.02    0       0       0       0       0       0       0       0       
2010 0       0       0       0       0       0.01    0.12    0.15    0.17    0.11    0.12    0.12    0.04    0.06    0.05    0.02    0.02    0       0.01    0       0       0       0       0       0       0       0       0       0       0       
objective function: multinomial likelihood, with delta = 1e-011, N =
100 100 100 100 100 100 100 100 100 100 100 100 100 100 100 100 100 100 100 100 100 100 100 100 100 100 100 100 100 100 
100 100 100 100 100 100 100 100 100 100 100 100 100 100 100 100 100 100 100 100 100 100 100 100 100 100 100 100 100 100 
100 100 100 100 100 100 100 100 100 100 100 100 100 100 100 100 100 100 100 100 100 100 100 100 100 100 100 100 100 100 
100 100 100 100 100 100 100 100 100 100 100 100 100 100 100 100 100 100 100 100 100 100 100 100 100 100 100 100 100 100 
100 100 100 100 100 100 100 100 100 100 100 100 100 100 100 100 100 100 100 100 100 100 100 100 100 100 100 100 100 100 
100 100 100 100 100 100 100 100 100 100 100 100 100 100 100 100 100 100 100 100 100 100 100 100 100 100 100 100 100 100 
100 100 100 100 100 100 100 100 100 100 100 100 100 100 100 100 100 100 100 100 100 100 100 100 100 100 100 100 100 100 
100 100 100 100 100 100 100 100 100 100 100 100 100 100 100 100 100 100 100 100 100 100 100 100 100 100 100 100 100 100 
100 100 100 100 100 100 100 100 100 100 100 100 100 100 100 100 100 100 100 100 100 100 100 100 100 100 100 100 100 100 
100 100 100 100 100 100 100 100 100 100 100 100 100 100 100 100 100 100 100 100 100 100 100 100 100 100 100 100 100 100 
100 100 100 100 100 100 100 100 100 100 100 100 100 100 100 100 100 100 100 100 100 100 100 100 100 100 100 100 100 100 

Tags2005_R1_R1 :
tag-recapture data for tag Tags2005_R1 in years 2006 2007 2008 2009 2010 , step 1, after proportion 0.5 of mortality, with sampling method size, detection probability 1.
Year 2006
class scanned recaptured
100 0 0
150 0 0
200 0 0
250 2 0
300 28 0
350 320 0
400 2302 0
450 11502 0
500 39770 0
550 96806 0
600 173902 3
650 243624 6
700 277690 17
750 266092 18
800 224820 17
850 178122 25
900 136978 20
950 101584 10
1000 71958 6
1050 49292 8
1100 33518 5
1150 23134 2
1200 16316 2
1250 11662 3
1300 8346 0
1350 5944 0
1400 4222 0
1450 2988 0
1500 2086 0
1550 1406 0
1600 896 0
1650 530 0
1700 286 0
1750 140 0
1800 62 0
1850 24 0
1900 8 0
1950 2 0
2000 0 0


Year 2007
class scanned recaptured
100 0 0
150 0 0
200 0 0
250 2 0
300 28 0
350 344 0
400 2442 0
450 11568 0
500 39724 0
550 99366 0
600 181960 4
650 252416 3
700 280488 18
750 265182 25
800 224010 18
850 176300 21
900 134278 20
950 100438 10
1000 72920 9
1050 50898 3
1100 34514 1
1150 23278 5
1200 15942 1
1250 11162 1
1300 7944 3
1350 5686 0
1400 4062 0
1450 2880 0
1500 2006 0
1550 1350 0
1600 862 0
1650 512 0
1700 278 0
1750 138 0
1800 62 0
1850 24 0
1900 8 0
1950 2 0
2000 0 0


Year 2008
class scanned recaptured
100 0 0
150 0 0
200 0 0
250 2 0
300 28 0
350 344 0
400 2602 0
450 12332 0
500 40170 0
550 97884 0
600 182308 1
650 260086 7
700 291620 8
750 271378 15
800 224512 18
850 174626 16
900 131756 11
950 97934 7
1000 71728 7
1050 51120 10
1100 35200 3
1150 23658 2
1200 15864 1
1250 10828 2
1300 7580 0
1350 5410 0
1400 3886 1
1450 2772 0
1500 1934 0
1550 1300 0
1600 826 0
1650 490 0
1700 266 0
1750 132 0
1800 58 0
1850 24 0
1900 8 0
1950 2 0
2000 0 0


Year 2009
class scanned recaptured
100 0 0
150 0 0
200 0 0
250 2 0
300 28 0
350 338 0
400 2596 0
450 13080 0
500 43468 0
550 101422 0
600 180382 0
650 255904 3
700 293398 0
750 278302 4
800 229716 13
850 175798 12
900 130724 10
950 96182 15
1000 70174 10
1050 50456 6
1100 35360 3
1150 24054 5
1200 16060 2
1250 10754 0
1300 7362 0
1350 5182 0
1400 3714 0
1450 2662 0
1500 1866 0
1550 1256 0
1600 798 0
1650 470 0
1700 254 0
1750 126 0
1800 56 0
1850 22 0
1900 8 0
1950 2 0
2000 0 0


Year 2010
class scanned recaptured
100 0 0
150 0 0
200 0 0
250 2 0
300 30 0
350 342 0
400 2546 0
450 12914 0
500 45438 0
550 110634 0
600 193100 0
650 259840 2
700 288924 1
750 275666 2
800 231594 5
850 178066 3
900 131090 15
950 95240 11
1000 68874 8
1050 49434 7
1100 34952 7
1150 24134 3
1200 16262 1
1250 10830 1
1300 7284 0
1350 5028 0
1400 3564 0
1450 2550 0
1500 1794 0
1550 1212 0
1600 770 0
1650 454 0
1700 246 0
1750 120 0
1800 54 0
1850 22 0
1900 8 0
1950 2 0
2000 0 0


Tags2006_R1_R1 :
tag-recapture data for tag Tags2006_R1 in years 2007 2008 2009 2010 , step 1, after proportion 0.5 of mortality, with sampling method size, detection probability 1.
Year 2007
class scanned recaptured
100 0 0
150 0 0
200 0 0
250 2 0
300 28 0
350 344 0
400 2442 0
450 11568 0
500 39724 0
550 99366 0
600 181960 8
650 252416 8
700 280488 12
750 265182 23
800 224010 23
850 176300 21
900 134278 26
950 100438 14
1000 72920 8
1050 50898 7
1100 34514 4
1150 23278 1
1200 15942 2
1250 11162 0
1300 7944 1
1350 5686 0
1400 4062 0
1450 2880 0
1500 2006 0
1550 1350 0
1600 862 0
1650 512 0
1700 278 0
1750 138 0
1800 62 0
1850 24 0
1900 8 0
1950 2 0
2000 0 0


Year 2008
class scanned recaptured
100 0 0
150 0 0
200 0 0
250 2 0
300 28 0
350 344 0
400 2602 0
450 12332 0
500 40170 0
550 97884 0
600 182308 0
650 260086 5
700 291620 17
750 271378 23
800 224512 18
850 174626 21
900 131756 15
950 97934 15
1000 71728 8
1050 51120 9
1100 35200 4
1150 23658 1
1200 15864 1
1250 10828 0
1300 7580 1
1350 5410 0
1400 3886 0
1450 2772 0
1500 1934 0
1550 1300 0
1600 826 0
1650 490 0
1700 266 0
1750 132 0
1800 58 0
1850 24 0
1900 8 0
1950 2 0
2000 0 0


Year 2009
class scanned recaptured
100 0 0
150 0 0
200 0 0
250 2 0
300 28 0
350 338 0
400 2596 0
450 13080 0
500 43468 0
550 101422 0
600 180382 1
650 255904 3
700 293398 11
750 278302 9
800 229716 18
850 175798 19
900 130724 16
950 96182 12
1000 70174 9
1050 50456 6
1100 35360 2
1150 24054 0
1200 16060 1
1250 10754 0
1300 7362 3
1350 5182 1
1400 3714 0
1450 2662 0
1500 1866 0
1550 1256 0
1600 798 0
1650 470 0
1700 254 0
1750 126 0
1800 56 0
1850 22 0
1900 8 0
1950 2 0
2000 0 0


Year 2010
class scanned recaptured
100 0 0
150 0 0
200 0 0
250 2 0
300 30 0
350 342 0
400 2546 0
450 12914 0
500 45438 1
550 110634 0
600 193100 0
650 259840 0
700 288924 4
750 275666 4
800 231594 9
850 178066 19
900 131090 12
950 95240 6
1000 68874 11
1050 49434 10
1100 34952 4
1150 24134 1
1200 16262 2
1250 10830 0
1300 7284 1
1350 5028 0
1400 3564 0
1450 2550 0
1500 1794 0
1550 1212 0
1600 770 0
1650 454 0
1700 246 0
1750 120 0
1800 54 0
1850 22 0
1900 8 0
1950 2 0
2000 0 0


Tags2007_R1_R1 :
tag-recapture data for tag Tags2007_R1 in years 2008 2009 2010 , step 1, after proportion 0.5 of mortality, with sampling method size, detection probability 1.
Year 2008
class scanned recaptured
100 0 0
150 0 0
200 0 0
250 2 0
300 28 0
350 344 0
400 2602 0
450 12332 0
500 40170 0
550 97884 1
600 182308 1
650 260086 12
700 291620 19
750 271378 26
800 224512 24
850 174626 17
900 131756 21
950 97934 18
1000 71728 6
1050 51120 5
1100 35200 6
1150 23658 3
1200 15864 3
1250 10828 2
1300 7580 1
1350 5410 0
1400 3886 0
1450 2772 0
1500 1934 0
1550 1300 0
1600 826 0
1650 490 0
1700 266 0
1750 132 0
1800 58 0
1850 24 0
1900 8 0
1950 2 0
2000 0 0


Year 2009
class scanned recaptured
100 0 0
150 0 0
200 0 0
250 2 0
300 28 0
350 338 0
400 2596 0
450 13080 0
500 43468 0
550 101422 0
600 180382 3
650 255904 9
700 293398 11
750 278302 19
800 229716 22
850 175798 24
900 130724 13
950 96182 10
1000 70174 5
1050 50456 5
1100 35360 1
1150 24054 1
1200 16060 2
1250 10754 0
1300 7362 0
1350 5182 0
1400 3714 0
1450 2662 0
1500 1866 1
1550 1256 0
1600 798 0
1650 470 0
1700 254 0
1750 126 0
1800 56 0
1850 22 0
1900 8 0
1950 2 0
2000 0 0


Year 2010
class scanned recaptured
100 0 0
150 0 0
200 0 0
250 2 0
300 30 0
350 342 0
400 2546 0
450 12914 0
500 45438 0
550 110634 0
600 193100 1
650 259840 4
700 288924 10
750 275666 10
800 231594 17
850 178066 19
900 131090 20
950 95240 11
1000 68874 9
1050 49434 5
1100 34952 5
1150 24134 6
1200 16262 1
1250 10830 1
1300 7284 1
1350 5028 0
1400 3564 1
1450 2550 0
1500 1794 0
1550 1212 0
1600 770 0
1650 454 0
1700 246 0
1750 120 0
1800 54 0
1850 22 0
1900 8 0
1950 2 0
2000 0 0


Tags2008_R1_R1 :
tag-recapture data for tag Tags2008_R1 in years 2009 2010 , step 1, after proportion 0.5 of mortality, with sampling method size, detection probability 1.
Year 2009
class scanned recaptured
100 0 0
150 0 0
200 0 0
250 2 0
300 28 0
350 338 0
400 2596 0
450 13080 0
500 43468 0
550 101422 0
600 180382 9
650 255904 15
700 293398 22
750 278302 25
800 229716 21
850 175798 13
900 130724 14
950 96182 17
1000 70174 8
1050 50456 2
1100 35360 0
1150 24054 1
1200 16060 0
1250 10754 0
1300 7362 1
1350 5182 0
1400 3714 0
1450 2662 0
1500 1866 0
1550 1256 0
1600 798 0
1650 470 0
1700 254 0
1750 126 0
1800 56 0
1850 22 0
1900 8 0
1950 2 0
2000 0 0


Year 2010
class scanned recaptured
100 0 0
150 0 0
200 0 0
250 2 0
300 30 0
350 342 0
400 2546 0
450 12914 0
500 45438 0
550 110634 0
600 193100 2
650 259840 3
700 288924 12
750 275666 26
800 231594 20
850 178066 16
900 131090 12
950 95240 11
1000 68874 6
1050 49434 3
1100 34952 2
1150 24134 2
1200 16262 1
1250 10830 1
1300 7284 0
1350 5028 0
1400 3564 0
1450 2550 0
1500 1794 0
1550 1212 0
1600 770 0
1650 454 0
1700 246 0
1750 120 0
1800 54 0
1850 22 0
1900 8 0
1950 2 0
2000 0 0


Tags2009_R1_R1 :
tag-recapture data for tag Tags2009_R1 in years 2010 , step 1, after proportion 0.5 of mortality, with sampling method size, detection probability 1.
Year 2010
class scanned recaptured
100 0 0
150 0 0
200 0 0
250 2 0
300 30 0
350 342 0
400 2546 0
450 12914 0
500 45438 0
550 110634 1
600 193100 5
650 259840 13
700 288924 13
750 275666 24
800 231594 19
850 178066 20
900 131090 12
950 95240 16
1000 68874 11
1050 49434 3
1100 34952 1
1150 24134 2
1200 16262 1
1250 10830 0
1300 7284 0
1350 5028 0
1400 3564 0
1450 2550 0
1500 1794 0
1550 1212 0
1600 770 0
1650 454 0
1700 246 1
1750 120 0
1800 54 0
1850 22 0
1900 8 0
1950 2 0
2000 0 0



Ageing_error:
  Misclassification matrix:
1 0 0 0 0 0 0 0 0 0 0 0 0 0 0 0 0 0 0 0 0 0 0 0 0 0 0 0 0 0 
0 1 0 0 0 0 0 0 0 0 0 0 0 0 0 0 0 0 0 0 0 0 0 0 0 0 0 0 0 0 
0 0 1 0 0 0 0 0 0 0 0 0 0 0 0 0 0 0 0 0 0 0 0 0 0 0 0 0 0 0 
0 0 0 1 0 0 0 0 0 0 0 0 0 0 0 0 0 0 0 0 0 0 0 0 0 0 0 0 0 0 
0 0 0 0 1 0 0 0 0 0 0 0 0 0 0 0 0 0 0 0 0 0 0 0 0 0 0 0 0 0 
0 0 0 0 0 1 0 0 0 0 0 0 0 0 0 0 0 0 0 0 0 0 0 0 0 0 0 0 0 0 
0 0 0 0 0 0 1 0 0 0 0 0 0 0 0 0 0 0 0 0 0 0 0 0 0 0 0 0 0 0 
0 0 0 0 0 0 0 1 0 0 0 0 0 0 0 0 0 0 0 0 0 0 0 0 0 0 0 0 0 0 
0 0 0 0 0 0 0 0 1 0 0 0 0 0 0 0 0 0 0 0 0 0 0 0 0 0 0 0 0 0 
0 0 0 0 0 0 0 0 0 1 0 0 0 0 0 0 0 0 0 0 0 0 0 0 0 0 0 0 0 0 
0 0 0 0 0 0 0 0 0 0 1 0 0 0 0 0 0 0 0 0 0 0 0 0 0 0 0 0 0 0 
0 0 0 0 0 0 0 0 0 0 0 1 0 0 0 0 0 0 0 0 0 0 0 0 0 0 0 0 0 0 
0 0 0 0 0 0 0 0 0 0 0 0 1 0 0 0 0 0 0 0 0 0 0 0 0 0 0 0 0 0 
0 0 0 0 0 0 0 0 0 0 0 0 0 1 0 0 0 0 0 0 0 0 0 0 0 0 0 0 0 0 
0 0 0 0 0 0 0 0 0 0 0 0 0 0 1 0 0 0 0 0 0 0 0 0 0 0 0 0 0 0 
0 0 0 0 0 0 0 0 0 0 0 0 0 0 0 1 0 0 0 0 0 0 0 0 0 0 0 0 0 0 
0 0 0 0 0 0 0 0 0 0 0 0 0 0 0 0 1 0 0 0 0 0 0 0 0 0 0 0 0 0 
0 0 0 0 0 0 0 0 0 0 0 0 0 0 0 0 0 1 0 0 0 0 0 0 0 0 0 0 0 0 
0 0 0 0 0 0 0 0 0 0 0 0 0 0 0 0 0 0 1 0 0 0 0 0 0 0 0 0 0 0 
0 0 0 0 0 0 0 0 0 0 0 0 0 0 0 0 0 0 0 1 0 0 0 0 0 0 0 0 0 0 
0 0 0 0 0 0 0 0 0 0 0 0 0 0 0 0 0 0 0 0 1 0 0 0 0 0 0 0 0 0 
0 0 0 0 0 0 0 0 0 0 0 0 0 0 0 0 0 0 0 0 0 1 0 0 0 0 0 0 0 0 
0 0 0 0 0 0 0 0 0 0 0 0 0 0 0 0 0 0 0 0 0 0 1 0 0 0 0 0 0 0 
0 0 0 0 0 0 0 0 0 0 0 0 0 0 0 0 0 0 0 0 0 0 0 1 0 0 0 0 0 0 
0 0 0 0 0 0 0 0 0 0 0 0 0 0 0 0 0 0 0 0 0 0 0 0 1 0 0 0 0 0 
0 0 0 0 0 0 0 0 0 0 0 0 0 0 0 0 0 0 0 0 0 0 0 0 0 1 0 0 0 0 
0 0 0 0 0 0 0 0 0 0 0 0 0 0 0 0 0 0 0 0 0 0 0 0 0 0 1 0 0 0 
0 0 0 0 0 0 0 0 0 0 0 0 0 0 0 0 0 0 0 0 0 0 0 0 0 0 0 1 0 0 
0 0 0 0 0 0 0 0 0 0 0 0 0 0 0 0 0 0 0 0 0 0 0 0 0 0 0 0 1 0 
0 0 0 0 0 0 0 0 0 0 0 0 0 0 0 0 0 0 0 0 0 0 0 0 0 0 0 0 0 1 

Free parameters:

initialization.B0
uniform: bounds from 5000 to 500000
current value: 448262
lower bound: 5000
upper bound: 500000


Q's:
qs are nuisance parameters

Penalties:
LL1_Penalty :
Catch limit penalty of 1000 x the sum of squares of (log(actual catch) - log(specified catch)) for fishery LL1 to disencourage breaking exploitation rate limits
LL2_Penalty :
Catch limit penalty of 1000 x the sum of squares of (log(actual catch) - log(specified catch)) for fishery LL2 to disencourage breaking exploitation rate limits
meanYCS_1 :
Vector average penalty of 100 x square of (mean(recruitment.YCS) - 1) 
Penalty_Tags2005_R1_LL1 :
'Fish-must-be-tagged' penalty of 1 x square of (actual number of tagged fish - nominal number of tagged fish) for tagging episode Tags2005_R1_LL1
Penalty_Tags2006_R1_LL1 :
'Fish-must-be-tagged' penalty of 1 x square of (actual number of tagged fish - nominal number of tagged fish) for tagging episode Tags2006_R1_LL1
Penalty_Tags2007_R1_LL1 :
'Fish-must-be-tagged' penalty of 1 x square of (actual number of tagged fish - nominal number of tagged fish) for tagging episode Tags2007_R1_LL1
Penalty_Tags2008_R1_LL1 :
'Fish-must-be-tagged' penalty of 1 x square of (actual number of tagged fish - nominal number of tagged fish) for tagging episode Tags2008_R1_LL1
Penalty_Tags2009_R1_LL1 :
'Fish-must-be-tagged' penalty of 1 x square of (actual number of tagged fish - nominal number of tagged fish) for tagging episode Tags2009_R1_LL1

Components of the objective function are:
  LL1_catchA
  Tags2005_R1_R1
  Tags2006_R1_R1
  Tags2007_R1_R1
  Tags2008_R1_R1
  Tags2009_R1_R1
  prior_on_initialization.B0
  LL1_Penalty
  LL2_Penalty
  meanYCS_1
  Penalty_Tags2005_R1_LL1
  Penalty_Tags2006_R1_LL1
  Penalty_Tags2007_R1_LL1
  Penalty_Tags2008_R1_LL1
  Penalty_Tags2009_R1_LL1

Random number seed : 1892


Minimiser achieved convergence after 5 quasi-Newton iterations using 8 objective function evaluations



Approximate Covariance matrix (Inverse Hessian of parameters at point estimate):
3.29204e+007 

Correlation matrix:
1 

List of parameter names, in the same order as the rows & cols of the covariance/correlation matrices:
initialization.B0 



Start extracting output from here

Point estimate:
initialization.B0
current value: 195707
lower bound: 5000
upper bound: 500000


In a format suitable for -i :

initialization.B0 
195707 

Objective function : 920.771

Components :
LL1_catchA                                         385.577
Tags2005_R1_R1                                     176.074
Tags2006_R1_R1                                     142.507
Tags2007_R1_R1                                     108.593
Tags2008_R1_R1                                     66.9939
Tags2009_R1_R1                                     41.0263
prior_on_initialization.B0                         0
LL1_Penalty                                        0
LL2_Penalty                                        0
meanYCS_1                                          0
Penalty_Tags2005_R1_LL1                            2.06795e-025
Penalty_Tags2006_R1_LL1                            8.27181e-025
Penalty_Tags2007_R1_LL1                            1.86116e-024
Penalty_Tags2008_R1_LL1                            0
Penalty_Tags2009_R1_LL1                            3.30872e-024

Fits : 

The observations are:
LL1_catchA
Tags2005_R1_R1
Tags2006_R1_R1
Tags2007_R1_R1
Tags2008_R1_R1
Tags2009_R1_R1
Fits follow:

LL1_catchA :
catch proportions-at-age for fishery LL1  with ageing error (constrained to sum to 1):
obs (last class is a plus group):
class 1       2       3       4       5       6       7       8       9       10      11      12      13      14      15      16      17      18      19      20      21      22      23      24      25      26      27      28      29      30      
2000 0       0       0       0       0.01    0       0.06    0.11    0.18    0.15    0.2     0.07    0.07    0.07    0.01    0       0.02    0       0       0.01    0.01    0       0       0.02    0       0       0       0       0       0.01    
2001 0       0       0       0       0       0.01    0.09    0.12    0.18    0.17    0.11    0.09    0.04    0.07    0.04    0.01    0.02    0.02    0.02    0       0       0.01    0       0       0       0       0       0       0       0       
2002 0       0       0       0       0       0       0.04    0.12    0.19    0.2     0.11    0.1     0.02    0.03    0.06    0.03    0.02    0.03    0.01    0.01    0.02    0.01    0       0       0       0       0       0       0       0       
2003 0       0       0       0       0.01    0.01    0.12    0.11    0.16    0.12    0.21    0.12    0.03    0.03    0.03    0.01    0.01    0.01    0       0.01    0.01    0       0       0       0       0       0       0       0       0       
2004 0       0       0       0       0       0.01    0.12    0.09    0.15    0.25    0.15    0.07    0.05    0.03    0.01    0       0.02    0.03    0       0       0.01    0       0       0.01    0       0       0       0       0       0       
2005 0       0       0       0       0.01    0.01    0.06    0.08    0.16    0.18    0.16    0.12    0.07    0.03    0.04    0.03    0.01    0.01    0.02    0       0       0       0       0.01    0       0       0       0       0       0       
2006 0       0       0       0       0.01    0.01    0.09    0.08    0.14    0.15    0.08    0.14    0.11    0.04    0.04    0.02    0.01    0.02    0       0.02    0.01    0.01    0.01    0       0       0       0       0       0       0.01    
2007 0       0       0       0       0.01    0.01    0.11    0.1     0.15    0.14    0.13    0.05    0.11    0.09    0.04    0.01    0.02    0.02    0.01    0       0       0       0       0       0       0       0       0       0       0       
2008 0       0       0       0       0.01    0.01    0.07    0.18    0.11    0.16    0.15    0.12    0.05    0.03    0.02    0.04    0       0.04    0       0       0       0       0       0       0       0.01    0       0       0       0       
2009 0       0       0       0       0       0       0.03    0.17    0.16    0.15    0.13    0.05    0.11    0.06    0.02    0.05    0.02    0.01    0.01    0.01    0       0.02    0       0       0       0       0       0       0       0       
2010 0       0       0       0       0       0.01    0.12    0.15    0.17    0.11    0.12    0.12    0.04    0.06    0.05    0.02    0.02    0       0.01    0       0       0       0       0       0       0       0       0       0       0       
fits (last class is a plus group):
class 1       2       3       4       5       6       7       8       9       10      11      12      13      14      15      16      17      18      19      20      21      22      23      24      25      26      27      28      29      30      
2000 4.88785e-007 7.99089e-006 9.23703e-005 0.000754917 0.00436156 0.0178055 0.0512711 0.103669 0.146239 0.143454 0.116622 0.0936152 0.0742551 0.0582407 0.0452106 0.034799 0.0266626 0.0204445 0.0157172 0.012027 0.00910009 0.00680343 0.00502211 0.00365774 0.0026268 0.001859 0.00129588 0.000889468 0.000600981 0.00289435 
2001 4.90178e-007 8.01371e-006 9.26395e-005 0.000757207 0.00437554 0.0178663 0.0514572 0.104059 0.146777 0.144056 0.11711 0.0939258 0.0744319 0.0583191 0.0452083 0.0347006 0.0264195 0.0200275 0.0151961 0.0115604 0.0087534 0.0065528 0.00484601 0.00353763 0.00254735 0.00180812 0.00126438 0.000870646 0.000590159 0.00288049 
2002 4.91314e-007 8.032e-006 9.28514e-005 0.000758983 0.00438631 0.0179133 0.0516018 0.104365 0.147203 0.144433 0.117466 0.0942105 0.0745939 0.0583927 0.0452198 0.0346622 0.0263179 0.0198255 0.0148722 0.0111671 0.00840662 0.00629802 0.00466387 0.00341105 0.00246194 0.00175223 0.00122896 0.000848934 0.000577309 0.00285976 
2003 4.92285e-007 8.04736e-006 9.30256e-005 0.00076041 0.00439482 0.01795 0.0517149 0.104605 0.147539 0.144731 0.117665 0.09441 0.0747519 0.0584675 0.0452375 0.0346419 0.0262676 0.0197341 0.0147113 0.0109215 0.00811527 0.00604474 0.00447988 0.003281 0.00237259 0.00169262 0.00119039 0.000824761 0.000562654 0.00283231 
2004 4.93159e-007 8.061e-006 9.31774e-005 0.000761624 0.00440185 0.0179797 0.051805 0.104795 0.147803 0.144964 0.117819 0.0944992 0.0748553 0.0585493 0.045264 0.0346323 0.0262354 0.0196843 0.0146351 0.0107975 0.00793275 0.00583247 0.0042978 0.00315024 0.00228122 0.00163057 0.00114948 0.000798605 0.000546454 0.00279829 
2005 4.93988e-007 8.07379e-006 9.33177e-005 0.000762722 0.00440804 0.0180049 0.0518795 0.104949 0.148013 0.145145 0.117936 0.0945657 0.0748812 0.0585961 0.0453018 0.0346338 0.0262146 0.0196507 0.0145916 0.010737 0.00783962 0.00569921 0.00414547 0.00302125 0.00218967 0.00156735 0.00110706 0.000770973 0.000529001 0.00275791 
2006 4.94812e-007 8.08642e-006 9.34549e-005 0.000763782 0.00441388 0.0180281 0.0519451 0.105079 0.148184 0.145286 0.118023 0.0946119 0.0748963 0.0585878 0.0453167 0.0346472 0.0262048 0.0196274 0.0145613 0.0107015 0.00779326 0.0056307 0.0040497 0.00291348 0.00209956 0.00150415 0.00106395 0.000742396 0.000510617 0.00271148 
2007 4.95649e-007 8.0992e-006 9.35928e-005 0.000764837 0.00441961 0.0180503 0.0520061 0.105195 0.14833 0.145399 0.118086 0.0946401 0.0749006 0.0585751 0.0452921 0.0346454 0.0262055 0.0196134 0.0145395 0.0106762 0.00776545 0.00559609 0.00400017 0.00284562 0.00202431 0.00144202 0.0010209 0.000713388 0.00049163 0.00265934 
2008 4.96512e-007 8.11235e-006 9.37344e-005 0.000765914 0.00442542 0.0180725 0.0520657 0.105305 0.14846 0.145492 0.118131 0.0946532 0.0748939 0.0585564 0.0452659 0.0346147 0.0261957 0.0196081 0.0145252 0.0106576 0.00774537 0.00557497 0.00397484 0.00281035 0.00197687 0.00139015 0.000978608 0.000684447 0.000472372 0.00260197 
2009 4.97406e-007 8.12598e-006 9.38809e-005 0.000767027 0.00443139 0.0180951 0.0521256 0.105412 0.148583 0.145573 0.118163 0.0946542 0.0748772 0.0585306 0.0452362 0.0345837 0.0261646 0.0195953 0.0145175 0.0106446 0.00773021 0.0055595 0.00395917 0.00279213 0.0019521 0.00135741 0.000943304 0.00065603 0.000453168 0.00253999 
2010 4.98332e-007 8.14012e-006 9.4033e-005 0.00076818 0.00443755 0.0181183 0.0521867 0.105521 0.148705 0.145649 0.118187 0.0946461 0.0748519 0.0584978 0.0452016 0.0345504 0.0261336 0.0195668 0.0145045 0.0106366 0.00771919 0.00554758 0.00394752 0.0027807 0.00193918 0.00134024 0.000920984 0.000632301 0.000434314 0.00247409 
resids (last class is a plus group):
class 1       2       3       4       5       6       7       8       9       10      11      12      13      14      15      16      17      18      19      20      21      22      23      24      25      26      27      28      29      30      
2000 -4.88785e-007 -7.99089e-006 -9.23703e-005 -0.000754917 0.00563844 -0.0178055 0.00872889 0.00633058 0.0337605 0.0065464 0.0833784 -0.0236152 -0.00425514 0.0117593 -0.0352106 -0.034799 -0.00666262 -0.0204445 -0.0157172 -0.002027 0.000899907 -0.00680343 -0.00502211 0.0163423 -0.0026268 -0.001859 -0.00129588 -0.000889468 -0.000600981 0.00710565 
2001 -4.90178e-007 -8.01371e-006 -9.26395e-005 -0.000757207 -0.00437554 -0.00786634 0.0385428 0.015941 0.0332227 0.0259437 -0.00710977 -0.00392577 -0.0344319 0.0116809 -0.0052083 -0.0247006 -0.00641947 -2.75485e-005 0.00480394 -0.0115604 -0.0087534 0.0034472 -0.00484601 -0.00353763 -0.00254735 -0.00180812 -0.00126438 -0.000870646 -0.000590159 -0.00288049 
2002 -4.91314e-007 -8.032e-006 -9.28514e-005 -0.000758983 -0.00438631 -0.0179133 -0.0116018 0.015635 0.0427968 0.0555666 -0.00746618 0.00578948 -0.0545939 -0.0283927 0.0147802 -0.00466219 -0.00631792 0.0101745 -0.00487217 -0.00116711 0.0115934 0.00370198 -0.00466387 -0.00341105 -0.00246194 -0.00175223 -0.00122896 -0.000848934 -0.000577309 -0.00285976 
2003 -4.92285e-007 -8.04736e-006 -9.30256e-005 -0.00076041 0.00560518 -0.00795003 0.0682851 0.00539501 0.0124614 -0.0247307 0.0923355 0.02559 -0.0447519 -0.0284675 -0.0152375 -0.0246419 -0.0162676 -0.00973405 -0.0147113 -0.000921493 0.00188473 -0.00604474 -0.00447988 -0.003281 -0.00237259 -0.00169262 -0.00119039 -0.000824761 -0.000562654 -0.00283231 
2004 -4.93159e-007 -8.061e-006 -9.31774e-005 -0.000761624 -0.00440185 -0.00797969 0.068195 -0.0147949 0.00219717 0.105036 0.0321813 -0.0244992 -0.0248553 -0.0285493 -0.035264 -0.0346323 -0.00623538 0.0103157 -0.0146351 -0.0107975 0.00206725 -0.00583247 -0.0042978 0.00684976 -0.00228122 -0.00163057 -0.00114948 -0.000798605 -0.000546454 -0.00279829 
2005 -4.93988e-007 -8.07379e-006 -9.33177e-005 -0.000762722 0.00559196 -0.00800495 0.00812052 -0.0249487 0.0119871 0.0348552 0.0420636 0.0254343 -0.00488122 -0.0285961 -0.00530178 -0.00463383 -0.0162146 -0.0096507 0.00540844 -0.010737 -0.00783962 -0.00569921 -0.00414547 0.00697875 -0.00218967 -0.00156735 -0.00110706 -0.000770973 -0.000529001 -0.00275791 
2006 -4.94812e-007 -8.08642e-006 -9.34549e-005 -0.000763782 0.00558612 -0.00802807 0.0380549 -0.0250791 -0.00818434 0.0047138 -0.0380234 0.0453881 0.0351037 -0.0185878 -0.00531672 -0.0146472 -0.0162048 0.000372596 -0.0145613 0.00929853 0.00220674 0.0043693 0.0059503 -0.00291348 -0.00209956 -0.00150415 -0.00106395 -0.000742396 -0.000510617 0.00728852 
2007 -4.95649e-007 -8.0992e-006 -9.35928e-005 -0.000764837 0.00558039 -0.00805029 0.0579939 -0.0051952 0.0016702 -0.0053989 0.0119138 -0.0446401 0.0350994 0.0314249 -0.00529205 -0.0246454 -0.00620547 0.000386573 -0.00453953 -0.0106762 -0.00776545 -0.00559609 -0.00400017 -0.00284562 -0.00202431 -0.00144202 -0.0010209 -0.000713388 -0.00049163 -0.00265934 
2008 -4.96512e-007 -8.11235e-006 -9.37344e-005 -0.000765914 0.00557458 -0.00807246 0.0179343 0.0746953 -0.0384599 0.0145081 0.031869 0.0253468 -0.0248939 -0.0285564 -0.0252659 0.0053853 -0.0261957 0.0203919 -0.0145252 -0.0106576 -0.00774537 -0.00557497 -0.00397484 -0.00281035 -0.00197687 0.00860985 -0.000978608 -0.000684447 -0.000472372 -0.00260197 
2009 -4.97406e-007 -8.12598e-006 -9.38809e-005 -0.000767027 -0.00443139 -0.0180951 -0.0221256 0.0645876 0.0114169 0.00442688 0.0118372 -0.0446542 0.0351228 0.00146935 -0.0252362 0.0154163 -0.00616462 -0.00959532 -0.00451752 -0.000644593 -0.00773021 0.0144405 -0.00395917 -0.00279213 -0.0019521 -0.00135741 -0.000943304 -0.00065603 -0.000453168 -0.00253999 
2010 -4.98332e-007 -8.14012e-006 -9.4033e-005 -0.00076818 -0.00443755 -0.00811829 0.0678133 0.0444791 0.0212954 -0.0356491 0.00181338 0.0253539 -0.0348519 0.00150224 0.00479836 -0.0145504 -0.0061336 -0.0195668 -0.00450445 -0.0106366 -0.00771919 -0.00554758 -0.00394752 -0.0027807 -0.00193918 -0.00134024 -0.000920984 -0.000632301 -0.000434314 -0.00247409 
pearson_resids (last class is a plus group):
class 1       2       3       4       5       6       7       8       9       10      11      12      13      14      15      16      17      18      19      20      21      22      23      24      25      26      27      28      29      30      
2000 -0.00699131 -0.0282683 -0.0961139 -0.274861 0.855632 -1.34641 0.395778 0.207675 0.955452 0.186755 2.59771 -0.810705 -0.162295 0.502109 -1.69473 -1.89878 -0.413582 -1.44469 -1.26365 -0.185952 0.0947676 -0.827649 -0.710454 2.70708 -0.513197 -0.431562 -0.360217 -0.298372 -0.245223 1.32269 
2001 -0.00700127 -0.0283086 -0.0962539 -0.275278 -0.66293 -0.59384 1.74459 0.522078 0.938803 0.738826 -0.221109 -0.134571 -1.31183 0.498448 -0.250687 -1.34961 -0.400269 -0.00196642 0.392697 -1.08146 -0.939718 0.427248 -0.697826 -0.595834 -0.505357 -0.425605 -0.355806 -0.295196 -0.243004 -0.537476 
2002 -0.00700938 -0.0283409 -0.0963639 -0.275601 -0.66375 -1.35056 -0.524443 0.511393 1.2079  1.58071 -0.231887 0.198187 -2.07791 -1.21085 0.711318 -0.254872 -0.394675 0.729878 -0.402522 -0.111066 1.26979 0.467955 -0.684523 -0.58504 -0.496792 -0.418964 -0.350781 -0.291488 -0.240342 -0.535533 
2003 -0.0070163 -0.028368 -0.0964543 -0.27586 0.847375 -0.598783 3.08353 0.176282 0.351379 -0.702919 2.86569 0.875174 -1.70165 -1.21332 -0.733191 -1.3475 -1.01717 -0.699864 -1.22192 -0.0886616 0.210071 -0.77984 -0.670823 -0.573742 -0.487671 -0.411763 -0.345226 -0.287305 -0.23727 -0.53295 
2004 -0.00702253 -0.028392 -0.0965329 -0.27608 -0.664929 -0.60053 3.07693 -0.483038 0.0619086 2.98345 0.998198 -0.837516 -0.944501 -1.216  -1.69634 -1.89406 -0.390115 0.7426  -1.21871 -1.04477 0.23303 -0.765943 -0.656989 1.22233 -0.478167 -0.404133 -0.339235 -0.282709 -0.233827 -0.529731 
2005 -0.00702843 -0.0284145 -0.0966056 -0.27628 0.844114 -0.602016 0.366146 -0.814022 0.337557 0.989511 1.30417 0.869208 -0.185457 -1.21754 -0.254936 -0.253422 -1.01485 -0.695311 0.451038 -1.0418 -0.888907 -0.757091 -0.645192 1.27157 -0.468452 -0.396209 -0.332909 -0.277771 -0.230061 -0.525884 
2006 -0.00703429 -0.0284368 -0.0966766 -0.276472 0.842677 -0.603375 1.71483 -0.817826 -0.230361 0.133767 -1.17852 1.55079 1.3336  -0.79147 -0.255614 -0.8009 -1.01442 0.0268603 -1.21558 0.903709 0.250952 0.583924 0.936933 -0.540554 -0.458691 -0.388126 -0.326355 -0.272571 -0.226026 1.40161 
2007 -0.00704024 -0.0284592 -0.0967479 -0.276663 0.841267 -0.604679 2.61187 -0.169332 0.0469913 -0.153159 0.369178 -1.52502 1.33341 1.33821 -0.254494 -1.34763 -0.388459 0.0278777 -0.379242 -1.03882 -0.88466 -0.750172 -0.633738 -0.534204 -0.450379 -0.380014 -0.319678 -0.267189 -0.221782 -0.516375 
2008 -0.00704636 -0.0284823 -0.096821 -0.276858 0.839843 -0.605979 0.807272 2.4335  -1.08169 0.411464 0.987379 0.86586 -0.945745 -1.21624 -1.21537 0.294598 -1.64013 1.47076 -1.21405 -1.0379 -0.883506 -0.748747 -0.63172 -0.530874 -0.44506 2.31082 -0.31298 -0.261709 -0.217393 -0.51076 
2009 -0.0070527 -0.0285062 -0.0968967 -0.277059 -0.667167 -1.35752 -0.99539 2.10326 0.320991 0.125522 0.366703 -1.52541 1.33449 0.0625938 -1.21432 0.843698 -0.386195 -0.692278 -0.377685 -0.0628123 -0.882634 1.94212 -0.630468 -0.529145 -0.442257 -0.36868 -0.307278 -0.256215 -0.212926 -0.504624 
2010 -0.00705927 -0.028531 -0.0969752 -0.277267 -0.667633 -0.608662 3.04912 1.44778 0.598527 -1.01059 0.0561714 0.866131 -1.3244 0.0640115 0.230972 -0.796678 -0.384473 -1.4127 -0.376759 -1.03687 -0.882  -0.746896 -0.629537 -0.528058 -0.440789 -0.366338 -0.303617 -0.251535 -0.208447 -0.498018 
objective function: multinomial likelihood, with delta = 1e-011, N =
100 100 100 100 100 100 100 100 100 100 100 100 100 100 100 100 100 100 100 100 100 100 100 100 100 100 100 100 100 100 
100 100 100 100 100 100 100 100 100 100 100 100 100 100 100 100 100 100 100 100 100 100 100 100 100 100 100 100 100 100 
100 100 100 100 100 100 100 100 100 100 100 100 100 100 100 100 100 100 100 100 100 100 100 100 100 100 100 100 100 100 
100 100 100 100 100 100 100 100 100 100 100 100 100 100 100 100 100 100 100 100 100 100 100 100 100 100 100 100 100 100 
100 100 100 100 100 100 100 100 100 100 100 100 100 100 100 100 100 100 100 100 100 100 100 100 100 100 100 100 100 100 
100 100 100 100 100 100 100 100 100 100 100 100 100 100 100 100 100 100 100 100 100 100 100 100 100 100 100 100 100 100 
100 100 100 100 100 100 100 100 100 100 100 100 100 100 100 100 100 100 100 100 100 100 100 100 100 100 100 100 100 100 
100 100 100 100 100 100 100 100 100 100 100 100 100 100 100 100 100 100 100 100 100 100 100 100 100 100 100 100 100 100 
100 100 100 100 100 100 100 100 100 100 100 100 100 100 100 100 100 100 100 100 100 100 100 100 100 100 100 100 100 100 
100 100 100 100 100 100 100 100 100 100 100 100 100 100 100 100 100 100 100 100 100 100 100 100 100 100 100 100 100 100 
100 100 100 100 100 100 100 100 100 100 100 100 100 100 100 100 100 100 100 100 100 100 100 100 100 100 100 100 100 100 

Tags2005_R1_R1 :
tag-recapture data for tag Tags2005_R1 in years 2006 2007 2008 2009 2010 , step 1, after proportion 0.5 of mortality, with sampling method size, detection probability 1.
Year 2006
class scanned recaptured expected_prop neg_log_likelihood
100 0 0 0 0
150 0 0 1.37621e-012 0
200 0 0 8.08902e-012 0
250 2 0 5.64738e-011 1.12948e-010
300 28 0 7.58473e-010 2.12372e-008
350 320 0 9.5324e-009 3.05037e-006
400 2302 0 8.9049e-008 0.000204991
450 11502 0 6.00269e-007 0.0069043
500 39770 0 2.86019e-006 0.11375
550 96806 0 9.76625e-006 0.945436
600 173902 3 2.47071e-005 1.71489
650 243624 6 4.81911e-005 3.54154
700 277690 17 7.54404e-005 2.73854
750 266092 18 9.87046e-005 3.83212
800 224820 17 0.000112783 3.8999
850 178122 25 0.000117575 2.90152
900 136978 20 0.000115796 2.91921
950 101584 10 0.000110014 2.14265
1000 71958 6 0.000101765 1.95606
1050 49292 8 9.19234e-005 3.04803
1100 33518 5 8.10707e-005 2.50658
1150 23134 2 6.96594e-005 1.35028
1200 16316 2 5.81686e-005 1.74673
1250 11662 3 4.72797e-005 4.12928
1300 8346 0 3.77116e-005 0.314747
1350 5944 0 2.9935e-005 0.177937
1400 4222 0 2.41328e-005 0.10189
1450 2988 0 2.00518e-005 0.0599153
1500 2086 0 1.72611e-005 0.0360069
1550 1406 0 1.53832e-005 0.021629
1600 896 0 1.40855e-005 0.0126207
1650 530 0 1.32057e-005 0.00699906
1700 286 0 1.26264e-005 0.00361118
1750 140 0 1.22539e-005 0.00171555
1800 62 0 1.20179e-005 0.000745111
1850 24 0 1.18689e-005 0.000284856
1900 8 0 1.17718e-005 9.4175e-005
1950 2 0 1.16971e-005 2.33944e-005
2000 0 0 1.16142e-005 0

total neg_log_likelihood: 40.2318


Year 2007
class scanned recaptured expected_prop neg_log_likelihood
100 0 0 0 0
150 0 0 4.60495e-015 0
200 0 0 4.61737e-013 0
250 2 0 6.82301e-012 1.3646e-011
300 28 0 1.39891e-010 3.91694e-009
350 344 0 1.94932e-009 6.70568e-007
400 2442 0 1.88186e-008 4.59551e-005
450 11568 0 1.44889e-007 0.00167607
500 39724 0 8.40595e-007 0.0333918
550 99366 0 3.55327e-006 0.353075
600 181960 4 1.1098e-005 2.38626
650 252416 3 2.64006e-005 2.76559
700 280488 18 4.95084e-005 2.92543
750 265182 25 7.56964e-005 3.09213
800 224010 18 9.77765e-005 2.7392
850 176300 21 0.000111067 2.49532
900 134278 20 0.000115453 3.01802
950 100438 10 0.00011337 2.1666
1000 72920 9 0.000107267 2.11133
1050 50898 3 9.86536e-005 1.97199
1100 34514 1 8.83683e-005 1.93487
1150 23278 5 7.69836e-005 3.6629
1200 15942 1 6.50819e-005 1.00066
1250 11162 1 5.34546e-005 1.11303
1300 7944 3 4.29657e-005 5.35814
1350 5686 0 3.42406e-005 0.194696
1400 4062 0 2.76023e-005 0.112122
1450 2880 0 2.2857e-005 0.0658289
1500 2006 0 1.95633e-005 0.0392443
1550 1350 0 1.73173e-005 0.0233786
1600 862 0 1.57399e-005 0.0135679
1650 512 0 1.46523e-005 0.00750203
1700 278 0 1.39247e-005 0.00387109
1750 138 0 1.34503e-005 0.00185615
1800 62 0 1.31465e-005 0.000815088
1850 24 0 1.29537e-005 0.000310892
1900 8 0 1.28287e-005 0.00010263
1950 2 0 1.2736e-005 2.54721e-005
2000 0 0 1.26385e-005 0

total neg_log_likelihood: 39.593


Year 2008
class scanned recaptured expected_prop neg_log_likelihood
100 0 0 0 0
150 0 0 0 0
200 0 0 1.32857e-014 0
250 2 0 6.25794e-013 1.25167e-012
300 28 0 2.39502e-011 6.70608e-010
350 344 0 4.53402e-010 1.5597e-007
400 2602 0 4.49879e-009 1.17059e-005
450 12332 0 3.46555e-008 0.000427372
500 40170 0 2.28353e-007 0.00917292
550 97884 0 1.1536e-006 0.112919
600 182308 1 4.37647e-006 1.02368
650 260086 7 1.26214e-005 3.48728
700 291620 8 2.83842e-005 1.97376
750 271378 15 5.12178e-005 2.32096
800 224512 18 7.6337e-005 2.39001
850 174626 16 9.7116e-005 2.33804
900 131756 11 0.000109453 2.56778
950 97934 7 0.000113258 2.77356
1000 71728 7 0.000110751 1.9622
1050 51120 10 0.000104206 3.70364
1100 35200 3 9.50507e-005 1.5144
1150 23658 2 8.41058e-005 1.30684
1200 15864 1 7.20882e-005 1.00939
1250 10828 2 5.99176e-005 2.20723
1300 7580 0 4.86197e-005 0.368546
1350 5410 0 3.89945e-005 0.210964
1400 3886 1 3.15277e-005 2.222
1450 2772 0 2.61071e-005 0.0723699
1500 1934 0 2.2295e-005 0.0431189
1550 1300 0 1.96676e-005 0.0255681
1600 826 0 1.78009e-005 0.0147036
1650 490 0 1.6499e-005 0.00808456
1700 266 0 1.5619e-005 0.00415469
1750 132 0 1.50403e-005 0.00198533
1800 58 0 1.46673e-005 0.000850712
1850 24 0 1.44299e-005 0.000346319
1900 8 0 1.42761e-005 0.00011421
1950 2 0 1.41641e-005 2.83284e-005
2000 0 0 1.40512e-005 0

total neg_log_likelihood: 33.6741


Year 2009
class scanned recaptured expected_prop neg_log_likelihood
100 0 0 0 0
150 0 0 0 0
200 0 0 4.49727e-017 0
250 2 0 3.83172e-014 7.66054e-014
300 28 0 3.23222e-012 9.05014e-011
350 338 0 1.0257e-010 3.46688e-008
400 2596 0 1.29544e-009 3.36296e-006
450 13080 0 8.9665e-009 0.000117282
500 43468 0 6.11651e-008 0.00265873
550 101422 0 3.48933e-007 0.0353895
600 180382 0 1.56089e-006 0.281556
650 255904 3 5.37914e-006 2.20957
700 293398 0 1.44201e-005 4.23086
750 278302 4 3.07112e-005 3.14276
800 229716 13 5.32599e-005 2.23125
850 175798 12 7.72388e-005 2.26383
900 130724 10 9.66358e-005 2.3742
950 96182 15 0.00010787 3.18325
1000 70174 10 0.000110939 2.36738
1050 50456 6 0.000107844 1.85638
1100 35360 3 0.000100649 1.54228
1150 24054 5 9.06989e-005 3.06877
1200 16060 2 7.89657e-005 1.48611
1250 10754 0 6.653e-005 0.715487
1300 7362 0 5.45969e-005 0.401953
1350 5182 0 4.41616e-005 0.228851
1400 3714 0 3.58994e-005 0.133333
1450 2662 0 2.98065e-005 0.079346
1500 1866 0 2.54662e-005 0.0475205
1550 1256 0 2.24454e-005 0.0281917
1600 798 0 2.02787e-005 0.0161825
1650 470 0 1.87547e-005 0.00881479
1700 254 0 1.77173e-005 0.00450023
1750 126 0 1.7031e-005 0.00214593
1800 56 0 1.6587e-005 0.00092888
1850 22 0 1.63037e-005 0.000358684
1900 8 0 1.61206e-005 0.000128966
1950 2 0 1.59885e-005 3.19772e-005
2000 0 0 1.58578e-005 0

total neg_log_likelihood: 31.9441


Year 2010
class scanned recaptured expected_prop neg_log_likelihood
100 0 0 0 0
150 0 0 0 0
200 0 0 0 0
250 2 0 1.14242e-015 2.22045e-015
300 30 0 3.11569e-013 9.34586e-012
350 342 0 1.92827e-011 6.59468e-009
400 2546 0 4.18926e-010 1.06659e-006
450 12914 0 2.67295e-009 3.45185e-005
500 45438 0 1.73285e-008 0.000787374
550 110634 0 1.03608e-007 0.0114625
600 193100 0 5.2203e-007 0.100804
650 259840 2 2.09675e-006 2.45257
700 288924 1 6.6159e-006 1.26361
750 275666 2 1.65318e-005 2.21696
800 231594 5 3.33427e-005 2.28912
850 178066 3 5.55271e-005 4.80556
900 131090 15 7.83105e-005 3.23287
950 95240 11 9.62408e-005 2.29776
1000 68874 8 0.000106243 1.99991
1050 49434 7 0.00010839 2.13294
1100 34952 7 0.000104461 3.11109
1150 24134 3 9.63201e-005 1.58567
1200 16262 1 8.54146e-005 1.06039
1250 10830 1 7.30945e-005 1.02525
1300 7284 0 6.07785e-005 0.442724
1350 5028 0 4.96802e-005 0.249798
1400 3564 0 4.06911e-005 0.145026
1450 2550 0 3.39488e-005 0.0865709
1500 1794 0 2.90815e-005 0.052173
1550 1212 0 2.56598e-005 0.0311001
1600 770 0 2.31836e-005 0.0178516
1650 454 0 2.14291e-005 0.00972891
1700 246 0 2.02279e-005 0.00497611
1750 120 0 1.94299e-005 0.00233161
1800 54 0 1.89121e-005 0.00102126
1850 22 0 1.85813e-005 0.000408792
1900 8 0 1.8368e-005 0.000146945
1950 2 0 1.8215e-005 3.64304e-005
2000 0 0 1.80653e-005 0

total neg_log_likelihood: 30.6307


Tags2006_R1_R1 :
tag-recapture data for tag Tags2006_R1 in years 2007 2008 2009 2010 , step 1, after proportion 0.5 of mortality, with sampling method size, detection probability 1.
Year 2007
class scanned recaptured expected_prop neg_log_likelihood
100 0 0 0 0
150 0 0 2.66479e-012 0
200 0 0 1.2038e-011 0
250 2 0 6.95085e-011 1.39017e-010
300 28 0 9.01403e-010 2.52393e-008
350 344 0 1.12544e-008 3.87152e-006
400 2442 0 1.01048e-007 0.000246759
450 11568 0 6.5113e-007 0.00753228
500 39724 0 3.00317e-006 0.119298
550 99366 0 1.00579e-005 0.999422
600 181960 8 2.51974e-005 3.00735
650 252416 8 4.89752e-005 2.84965
700 280488 12 7.66952e-005 4.67606
750 265182 23 0.000100564 2.75496
800 224010 23 0.000115115 2.6466
850 176300 21 0.000119896 2.44556
900 134278 26 0.000117422 5.323
950 100438 14 0.000110295 2.59978
1000 72920 8 0.000100291 2.0003
1050 50898 7 8.86312e-005 2.49044
1100 34514 4 7.6259e-005 1.93905
1150 23278 1 6.39204e-005 1.09053
1200 15942 2 5.22223e-005 1.89223
1250 11162 0 4.17668e-005 0.466211
1300 7944 1 3.30321e-005 1.60024
1350 5686 0 2.62162e-005 0.149067
1400 4062 0 2.12878e-005 0.0864721
1450 2880 0 1.79015e-005 0.0515567
1500 2006 0 1.56251e-005 0.0313443
1550 1350 0 1.41113e-005 0.0190504
1600 862 0 1.30719e-005 0.0112681
1650 512 0 1.23689e-005 0.0063329
1700 278 0 1.19058e-005 0.00330984
1750 138 0 1.16075e-005 0.00160184
1800 62 0 1.14181e-005 0.000707924
1850 24 0 1.12982e-005 0.000271159
1900 8 0 1.12201e-005 8.97613e-005
1950 2 0 1.11611e-005 2.23222e-005
2000 0 0 1.10973e-005 0

total neg_log_likelihood: 39.2695


Year 2008
class scanned recaptured expected_prop neg_log_likelihood
100 0 0 0 0
150 0 0 9.21285e-015 0
200 0 0 7.96231e-013 0
250 2 0 8.77452e-012 1.75491e-011
300 28 0 1.60639e-010 4.4979e-009
350 344 0 2.22593e-009 7.65719e-007
400 2602 0 2.14211e-008 5.57378e-005
450 12332 0 1.6008e-007 0.00197411
500 40170 0 8.98056e-007 0.0360749
550 97884 0 3.70382e-006 0.362545
600 182308 0 1.1397e-005 2.07778
650 260086 5 2.69082e-005 2.0575
700 291620 17 5.03306e-005 2.5152
750 271378 23 7.69932e-005 2.59299
800 224512 18 9.96311e-005 2.82616
850 174626 21 0.000113296 2.48171
900 131756 15 0.000117558 2.28626
950 97934 15 0.000114687 2.84983
1000 71728 8 0.0001072 1.97521
1050 51120 9 9.68647e-005 3.356
1100 35200 4 8.48772e-005 1.7877
1150 23658 1 7.21718e-005 1.17243
1200 15864 1 5.95821e-005 1.00153
1250 10828 0 4.7954e-005 0.519258
1300 7580 1 3.79964e-005 1.53273
1350 5410 0 3.00774e-005 0.162721
1400 3886 0 2.42683e-005 0.0943076
1450 2772 0 2.02337e-005 0.0560883
1500 1934 0 1.74962e-005 0.0338379
1550 1300 0 1.56613e-005 0.0203599
1600 826 0 1.43886e-005 0.011885
1650 490 0 1.35175e-005 0.00662361
1700 266 0 1.29369e-005 0.00344124
1750 132 0 1.25588e-005 0.00165777
1800 58 0 1.23166e-005 0.000714367
1850 24 0 1.21626e-005 0.000291903
1900 8 0 1.20622e-005 9.64985e-005
1950 2 0 1.1988e-005 2.39762e-005
2000 0 0 1.19122e-005 0

total neg_log_likelihood: 31.825


Year 2009
class scanned recaptured expected_prop neg_log_likelihood
100 0 0 0 0
150 0 0 0 0
200 0 0 2.57091e-014 0
250 2 0 9.09264e-013 1.81855e-012
300 28 0 2.79663e-011 7.83056e-010
350 338 0 5.01782e-010 1.69602e-007
400 2596 0 5.01085e-009 1.30082e-005
450 13080 0 3.84785e-008 0.000503299
500 43468 0 2.47392e-007 0.0107537
550 101422 0 1.21822e-006 0.123554
600 180382 1 4.53557e-006 1.01886
650 255904 3 1.29318e-005 1.51084
700 293398 11 2.89169e-005 2.46625
750 278302 9 5.20854e-005 3.23281
800 229716 18 7.76764e-005 2.3694
850 175798 19 9.89564e-005 2.46724
900 130724 16 0.000111562 2.37703
950 96182 12 0.000115124 2.20605
1000 70174 9 0.000111739 2.10845
1050 50456 6 0.000103782 1.88179
1100 35360 2 9.29618e-005 1.60024
1150 24054 0 8.0471e-005 1.93573
1200 16060 1 6.73635e-005 1.00315
1250 10754 0 5.47433e-005 0.588725
1300 7362 3 4.35987e-005 5.52221
1350 5182 1 3.45307e-005 1.89962
1400 3714 0 2.77668e-005 0.103127
1450 2662 0 2.30147e-005 0.0612659
1500 1866 0 1.97627e-005 0.0368775
1550 1256 0 1.75699e-005 0.022068
1600 798 0 1.60395e-005 0.0127997
1650 470 0 1.49857e-005 0.00704332
1700 254 0 1.42791e-005 0.00362692
1750 126 0 1.38165e-005 0.00174089
1800 56 0 1.35189e-005 0.000757065
1850 22 0 1.33291e-005 0.000293243
1900 8 0 1.32055e-005 0.000105645
1950 2 0 1.31147e-005 2.62296e-005
2000 0 0 1.3024e-005 0

total neg_log_likelihood: 34.573


Year 2010
class scanned recaptured expected_prop neg_log_likelihood
100 0 0 0 0
150 0 0 0 0
200 0 0 8.99522e-017 0
250 2 0 6.57209e-014 1.3145e-013
300 30 0 4.05645e-012 1.21693e-010
350 342 0 1.13318e-010 3.87548e-008
400 2546 0 1.40032e-009 3.56521e-006
450 12914 0 9.84631e-009 0.000127155
500 45438 1 6.66011e-008 5.80347
550 110634 0 3.72402e-007 0.0412003
600 193100 0 1.63333e-006 0.315396
650 259840 0 5.54891e-006 1.44183
700 288924 4 1.47479e-005 1.64103
750 275666 4 3.12776e-005 3.18291
800 231594 9 5.41781e-005 2.58359
850 178066 19 7.86162e-005 3.19822
900 131090 12 9.8447e-005 2.20082
950 95240 6 0.000109837 2.95434
1000 68874 11 0.000112541 2.72719
1050 49434 10 0.000108485 3.67244
1100 34952 4 9.98694e-005 1.6683
1150 24134 1 8.83488e-005 1.37506
1200 16262 2 7.5263e-005 1.5129
1250 10830 0 6.19793e-005 0.671256
1300 7284 1 4.9792e-005 1.37686
1350 5028 0 3.95913e-005 0.199069
1400 3564 0 3.18251e-005 0.113426
1450 2550 0 2.62914e-005 0.0670439
1500 1794 0 2.2467e-005 0.0403062
1550 1212 0 1.98717e-005 0.0240847
1600 770 0 1.80514e-005 0.0138997
1650 454 0 1.67929e-005 0.00762406
1700 246 0 1.59465e-005 0.00392287
1750 120 0 1.53909e-005 0.00184693
1800 54 0 1.50328e-005 0.000811779
1850 22 0 1.48041e-005 0.000325693
1900 8 0 1.46551e-005 0.000117242
1950 2 0 1.45459e-005 2.9092e-005
2000 0 0 1.44374e-005 0

total neg_log_likelihood: 36.8395


Tags2007_R1_R1 :
tag-recapture data for tag Tags2007_R1 in years 2008 2009 2010 , step 1, after proportion 0.5 of mortality, with sampling method size, detection probability 1.
Year 2008
class scanned recaptured expected_prop neg_log_likelihood
100 0 0 0 0
150 0 0 1.47439e-012 0
200 0 0 9.64886e-012 0
250 2 0 6.26578e-011 1.25316e-010
300 28 0 8.25196e-010 2.31055e-008
350 344 0 1.04271e-008 3.58691e-006
400 2602 0 9.64711e-008 0.000251018
450 12332 0 6.37577e-007 0.0078626
500 40170 0 2.98401e-006 0.119868
550 97884 1 1.00633e-005 1.00011
600 182308 1 2.52632e-005 3.07842
650 260086 12 4.90499e-005 2.19124
700 291620 19 7.65703e-005 2.65709
750 271378 26 9.99806e-005 2.57512
800 224512 24 0.000114018 2.56237
850 174626 17 0.000118608 2.69494
900 131756 21 0.000116563 3.37385
950 97934 18 0.000110538 4.34686
1000 71728 6 0.000102082 1.95595
1050 51120 5 9.20328e-005 1.74933
1100 35200 6 8.09428e-005 3.14629
1150 23658 3 6.92826e-005 1.9484
1200 15864 3 5.75737e-005 2.97706
1250 10828 2 4.65315e-005 2.56798
1300 7580 1 3.68891e-005 1.55391
1350 5410 0 2.91188e-005 0.157535
1400 3886 0 2.33865e-005 0.0908811
1450 2772 0 1.94104e-005 0.0538061
1500 1934 0 1.6733e-005 0.032362
1550 1300 0 1.49587e-005 0.0194464
1600 826 0 1.37492e-005 0.0113569
1650 490 0 1.29379e-005 0.00633959
1700 266 0 1.24075e-005 0.00330041
1750 132 0 1.20678e-005 0.00159296
1800 58 0 1.18529e-005 0.000687473
1850 24 0 1.1717e-005 0.000281211
1900 8 0 1.16277e-005 9.30225e-005
1950 2 0 1.15591e-005 2.31183e-005
2000 0 0 1.14849e-005 0

total neg_log_likelihood: 40.8846


Year 2009
class scanned recaptured expected_prop neg_log_likelihood
100 0 0 0 0
150 0 0 4.65684e-015 0
200 0 0 5.48997e-013 0
250 2 0 7.80609e-012 1.56122e-011
300 28 0 1.5111e-010 4.23107e-009
350 338 0 2.09558e-009 7.08307e-007
400 2596 0 2.03143e-008 5.27359e-005
450 13080 0 1.54973e-007 0.00202704
500 43468 0 8.84885e-007 0.0384642
550 101422 0 3.68814e-006 0.374059
600 180382 3 1.14051e-005 1.68488
650 255904 9 2.69591e-005 2.31845
700 293398 11 5.03569e-005 2.65491
750 278302 19 7.67984e-005 2.53244
800 229716 22 9.90058e-005 2.48048
850 175798 24 0.000112246 2.94276
900 130724 13 0.000116435 2.37833
950 96182 10 0.000114099 2.1231
1000 70174 5 0.00010776 2.2338
1050 50456 5 9.89399e-005 1.74026
1100 35360 1 8.84521e-005 1.98743
1150 24054 1 7.68521e-005 1.23417
1200 16060 2 6.47338e-005 1.65502
1250 10754 0 5.29156e-005 0.56907
1300 7362 0 4.2287e-005 0.311324
1350 5182 0 3.34921e-005 0.173559
1400 3714 0 2.68533e-005 0.0997343
1450 2662 0 2.21589e-005 0.0589876
1500 1866 1 1.89435e-005 3.37783
1550 1256 0 1.67819e-005 0.0210782
1600 798 0 1.52859e-005 0.0121982
1650 470 0 1.42671e-005 0.0067056
1700 254 0 1.3592e-005 0.0034524
1750 126 0 1.31546e-005 0.00165749
1800 56 0 1.28755e-005 0.000721034
1850 22 0 1.26983e-005 0.000279364
1900 8 0 1.25823e-005 0.000100659
1950 2 0 1.24948e-005 2.49898e-005
2000 0 0 1.24038e-005 0

total neg_log_likelihood: 33.0173


Year 2010
class scanned recaptured expected_prop neg_log_likelihood
100 0 0 0 0
150 0 0 0 0
200 0 0 1.42361e-014 0
250 2 0 7.48863e-013 1.49769e-012
300 30 0 2.62662e-011 7.87986e-010
350 342 0 4.8194e-010 1.64823e-007
400 2546 0 4.79249e-009 1.22017e-005
450 12914 0 3.70314e-008 0.000478224
500 45438 0 2.41753e-007 0.0109848
550 110634 0 1.20559e-006 0.133379
600 193100 1 4.52282e-006 1.00877
650 259840 4 1.29399e-005 1.68984
700 288924 10 2.8949e-005 2.22902
750 275666 10 5.20611e-005 2.81738
800 231594 17 7.74146e-005 2.36489
850 178066 19 9.83e-005 2.45769
900 131090 20 0.000110576 3.35444
950 95240 11 0.000114188 2.12611
1000 68874 9 0.00011144 2.13501
1050 49434 5 0.000104668 1.74322
1100 34952 5 9.53155e-005 2.10186
1150 24134 6 8.41853e-005 4.35786
1200 16262 1 7.19777e-005 1.01304
1250 10830 1 5.96129e-005 1.08313
1300 7284 1 4.81353e-005 1.39864
1350 5028 0 3.83741e-005 0.192949
1400 3564 1 3.08326e-005 2.31816
1450 2550 0 2.53971e-005 0.0647634
1500 1794 0 2.16131e-005 0.0387744
1550 1212 0 1.90359e-005 0.0230717
1600 770 0 1.72299e-005 0.0132671
1650 454 0 1.59864e-005 0.00725786
1700 246 0 1.51547e-005 0.00372808
1750 120 0 1.46119e-005 0.00175344
1800 54 0 1.42638e-005 0.000770252
1850 22 0 1.40423e-005 0.000308932
1900 8 0 1.38977e-005 0.000111183
1950 2 0 1.37901e-005 2.75804e-005
2000 0 0 1.36798e-005 0

total neg_log_likelihood: 34.6907


Tags2008_R1_R1 :
tag-recapture data for tag Tags2008_R1 in years 2009 2010 , step 1, after proportion 0.5 of mortality, with sampling method size, detection probability 1.
Year 2009
class scanned recaptured expected_prop neg_log_likelihood
100 0 0 0 0
150 0 0 1.50911e-012 0
200 0 0 1.04188e-011 0
250 2 0 6.6834e-011 1.33668e-010
300 28 0 8.77513e-010 2.45704e-008
350 338 0 1.1118e-008 3.7579e-006
400 2596 0 1.02729e-007 0.000266683
450 13080 0 6.76176e-007 0.00884439
500 43468 0 3.15316e-006 0.137062
550 101422 0 1.06151e-005 1.07661
600 180382 9 2.66234e-005 3.48223
650 255904 15 5.15934e-005 2.39559
700 293398 22 8.01698e-005 2.51853
750 278302 25 0.000103745 2.80385
800 229716 21 0.000116616 3.12124
850 175798 13 0.00011893 3.93847
900 130724 14 0.000114157 2.27353
950 96182 17 0.000105616 4.25253
1000 70174 8 9.52926e-005 2.09022
1050 50456 2 8.42042e-005 2.0486
1100 35360 0 7.28945e-005 2.57764
1150 24054 1 6.17088e-005 1.08935
1200 16060 0 5.09584e-005 0.818413
1250 10754 0 4.10988e-005 0.441986
1300 7362 1 3.2615e-005 1.66673
1350 5182 0 2.58161e-005 0.133781
1400 3714 0 2.08034e-005 0.0772647
1450 2662 0 1.73209e-005 0.0461086
1500 1866 0 1.49712e-005 0.0279365
1550 1256 0 1.34115e-005 0.016845
1600 798 0 1.2347e-005 0.00985299
1650 470 0 1.16323e-005 0.00546722
1700 254 0 1.11649e-005 0.00283589
1750 126 0 1.08654e-005 0.00136905
1800 56 0 1.0676e-005 0.000597859
1850 22 0 1.05563e-005 0.000232239
1900 8 0 1.04776e-005 8.38212e-005
1950 2 0 1.0417e-005 2.08341e-005
2000 0 0 1.03516e-005 0

total neg_log_likelihood: 37.0641


Year 2010
class scanned recaptured expected_prop neg_log_likelihood
100 0 0 0 0
150 0 0 4.67746e-015 0
200 0 0 5.83487e-013 0
250 2 0 8.40791e-012 1.68159e-011
300 30 0 1.60339e-010 4.81017e-009
350 342 0 2.22738e-009 7.61764e-007
400 2546 0 2.16046e-008 5.50052e-005
450 12914 0 1.64575e-007 0.00212533
500 45438 0 9.36615e-007 0.042558
550 110634 0 3.89364e-006 0.43077
600 193100 2 1.20237e-005 1.33025
650 259840 3 2.83858e-005 3.17296
700 288924 12 5.28871e-005 2.54875
750 275666 26 8.02254e-005 2.87395
800 231594 20 0.000102431 2.72961
850 178066 16 0.000114418 2.81771
900 131090 12 0.000116351 2.54277
950 95240 11 0.000111385 2.13255
1000 68874 6 0.000102676 1.91431
1050 49434 3 9.21573e-005 1.79832
1100 34952 2 8.08083e-005 1.44094
1150 24134 2 6.91695e-005 1.33759
1200 16262 1 5.76762e-005 1.00198
1250 10830 1 4.68893e-005 1.18542
1300 7284 0 3.74107e-005 0.272505
1350 5028 0 2.96611e-005 0.149138
1400 3564 0 2.38402e-005 0.0849674
1450 2550 0 1.97285e-005 0.0503081
1500 1794 0 1.69105e-005 0.0303378
1550 1212 0 1.5014e-005 0.0181971
1600 770 0 1.36997e-005 0.0105488
1650 454 0 1.28037e-005 0.00581292
1700 246 0 1.22095e-005 0.00300356
1750 120 0 1.18244e-005 0.00141893
1800 54 0 1.15786e-005 0.000625246
1850 22 0 1.14225e-005 0.000251296
1900 8 0 1.13205e-005 9.05643e-005
1950 2 0 1.12436e-005 2.24874e-005
2000 0 0 1.11633e-005 0

total neg_log_likelihood: 29.9298


Tags2009_R1_R1 :
tag-recapture data for tag Tags2009_R1 in years 2010 , step 1, after proportion 0.5 of mortality, with sampling method size, detection probability 1.
Year 2010
class scanned recaptured expected_prop neg_log_likelihood
100 0 0 0 0
150 0 0 1.51375e-012 0
200 0 0 1.05502e-011 0
250 2 0 6.78804e-011 1.35761e-010
300 30 0 8.81596e-010 2.64479e-008
350 342 0 1.11828e-008 3.82453e-006
400 2546 0 1.03464e-007 0.000263419
450 12914 0 6.78671e-007 0.00876436
500 45438 0 3.14305e-006 0.142814
550 110634 1 1.05013e-005 1.01182
600 193100 5 2.61831e-005 1.7406
650 259840 13 5.05892e-005 2.2086
700 288924 13 7.86535e-005 4.6722
750 275666 24 0.000102244 2.83879
800 231594 19 0.00011593 3.67456
850 178066 20 0.000119721 2.46254
900 131090 12 0.000116681 2.55205
950 95240 16 0.000109717 3.57662
1000 68874 11 0.000100524 3.14172
1050 49434 3 8.99717e-005 1.76228
1100 34952 1 7.85677e-005 1.73595
1150 24134 2 6.6706e-005 1.35067
1200 16262 1 5.4831e-005 1.0063
1250 10830 0 4.36071e-005 0.472275
1300 7284 0 3.3759e-005 0.245905
1350 5028 0 2.57906e-005 0.129677
1400 3564 0 1.99063e-005 0.0709468
1450 2550 0 1.58399e-005 0.0403921
1500 1794 0 1.31259e-005 0.023548
1550 1212 0 1.13499e-005 0.0137562
1600 770 0 1.01601e-005 0.00782334
1650 454 0 9.37637e-006 0.00425689
1700 246 1 8.87239e-006 6.12941
1750 120 0 8.55386e-006 0.00102647
1800 54 0 8.35415e-006 0.000451126
1850 22 0 8.22811e-006 0.000181019
1900 8 0 8.14417e-006 6.51536e-005
1950 2 0 8.07718e-006 1.61544e-005
2000 0 0 8.0029e-006 0

total neg_log_likelihood: 41.0263


Output quantities start here

* Scalar parameter values
initialization.B0 195707

* Nuisance q's

* B0
195707

* R0
1.41998e+007

* SSBs
SSB 195707 194304 190924 187209 183195 178949 174563 170132 165750 161500 157445 153617 150029 146681 143565 140671 137990 135508 133215 131097 129144 
year 1990 1991 1992 1993 1994 1995 1996 1997 1998 1999 2000 2001 2002 2003 2004 2005 2006 2007 2008 2009 2010 

* recruitments
recruitment 1.41998e+007 1.41998e+007 1.41888e+007 1.41618e+007 1.4131e+007 1.40966e+007 1.40587e+007 1.40179e+007 1.39747e+007 1.393e+007 1.38847e+007 1.38394e+007 1.37948e+007 1.37512e+007 1.37088e+007 1.36679e+007 1.36285e+007 1.35907e+007 1.35546e+007 1.35202e+007 1.34876e+007 
year 1990 1991 1992 1993 1994 1995 1996 1997 1998 1999 2000 2001 2002 2003 2004 2005 2006 2007 2008 2009 2010 

* YCS
YCS 1 1 1 1 1 1 1 1 1 1 1 1 1 1 1 1 1 1 1 1 1 
year 1989 1990 1991 1992 1993 1994 1995 1996 1997 1998 1999 2000 2001 2002 2003 2004 2005 2006 2007 2008 2009 

* true_YCS
true_YCS 1 1 0.999227 0.997323 0.99516 0.992736 0.990067 0.987189 0.98415 0.981004 0.97781 0.974623 0.971481 0.96841 0.965427 0.962544 0.959769 0.957108 0.954565 0.952144 0.949844 
year 1989 1990 1991 1992 1993 1994 1995 1996 1997 1998 1999 2000 2001 2002 2003 2004 2005 2006 2007 2008 2009 

* fishing_pressures
LL1 0 0.037849 0.0389272 0.0400071 0.0410598 0.0420637 0.0430038 0.0438696 0.0446554 0.0453608 0.0459895 0.0465488 0.0470465 0.047491 0.0478908 0.0482542 0.048589 0.0489011 0.049196 0.0494777 0.0497495 
LL2 0 0.037849 0.0389272 0.0400071 0.0410598 0.0420637 0.0430038 0.0438696 0.0446554 0.0453608 0.0459895 0.0465488 0.0470465 0.047491 0.0478908 0.0482542 0.048589 0.0489011 0.049196 0.0494777 0.0497495 
year 1990 1991 1992 1993 1994 1995 1996 1997 1998 1999 2000 2001 2002 2003 2004 2005 2006 2007 2008 2009 2010 

* Numbers_at_age_R1
1990  1.31803e+007 1.12878e+007 9.66707e+006 8.27903e+006 7.09029e+006 6.07223e+006 5.20035e+006 4.45366e+006 3.81418e+006 3.26652e+006 2.7975e+006 2.39582e+006 2.05182e+006 1.75721e+006 1.5049e+006 1.28882e+006 1.10376e+006 945280 809552 693313 593763 508508 435494 372964 319412 273549 234272 200634 171826 1.02486e+006 
1991  1.31803e+007 1.12878e+007 9.66704e+006 8.27875e+006 7.08866e+006 6.0656e+006 5.18126e+006 4.41478e+006 3.75818e+006 3.20949e+006 2.74899e+006 2.35513e+006 2.01816e+006 1.72975e+006 1.4828e+006 1.27128e+006 1.09004e+006 934688 801489 687260 589282 505236 433137 371290 318239 272739 233720 200263 171580 1.02374e+006 
1992  1.31701e+007 1.12878e+007 9.66703e+006 8.27867e+006 7.08809e+006 6.0624e+006 5.16846e+006 4.37855e+006 3.68549e+006 3.10576e+006 2.64361e+006 2.26549e+006 1.94294e+006 1.66748e+006 1.43196e+006 1.23034e+006 1.05752e+006 909205 781799 672254 578005 496878 427029 366887 315110 270546 232204 199230 170886 1.02118e+006 
1993  1.31451e+007 1.12791e+007 9.66703e+006 8.27866e+006 7.08797e+006 6.06167e+006 5.165e+006 4.3661e+006 3.6526e+006 3.04259e+006 2.55532e+006 2.17625e+006 1.86698e+006 1.60368e+006 1.37908e+006 1.18708e+006 1.0226e+006 881411 759972 655349 565093 487154 419808 361600 311294 267830 230299 197912 169987 1.01833e+006 
1994  1.31165e+007 1.12576e+007 9.65956e+006 8.27865e+006 7.08791e+006 6.06134e+006 5.16366e+006 4.36156e+006 3.63961e+006 3.0124e+006 2.50057e+006 2.10126e+006 1.79153e+006 1.53942e+006 1.32503e+006 1.14221e+006 985835 851677 736248 636678 550602 476063 411439 355376 306730 264532 227949 196262 168845 1.01505e+006 
1995  1.30846e+007 1.12332e+007 9.64115e+006 8.27224e+006 7.08785e+006 6.06107e+006 5.1627e+006 4.35889e+006 3.63333e+006 2.99877e+006 2.47311e+006 2.05407e+006 1.72802e+006 1.47575e+006 1.27075e+006 1.0965e+006 947817 820461 710952 616453 534651 463658 401929 348188 301376 260602 225106 194235 167421 1.01122e+006 
1996  1.30494e+007 1.12058e+007 9.62024e+006 8.25647e+006 7.08231e+006 6.06081e+006 5.16181e+006 4.35662e+006 3.62875e+006 2.99083e+006 2.45942e+006 2.02948e+006 1.68757e+006 1.42211e+006 1.21712e+006 1.05072e+006 909197 788281 684475 594952 517424 450045 391323 340043 295212 256005 221728 191790 165677 1.00666e+006 
1997  1.30115e+007 1.11757e+007 9.5968e+006 8.23856e+006 7.06877e+006 6.05588e+006 5.16099e+006 4.35452e+006 3.62467e+006 2.9845e+006 2.4506e+006 2.01636e+006 1.66585e+006 1.38761e+006 1.17192e+006 1.0056e+006 870622 755680 657255 572509 499160 435382 379714 330983 288244 250724 217786 188891 163576 1.00122e+006 
1998  1.29714e+007 1.11432e+007 9.571e+006 8.21848e+006 7.05339e+006 6.04413e+006 5.15625e+006 4.3526e+006 3.62093e+006 2.97881e+006 2.4433e+006 2.00742e+006 1.65372e+006 1.36866e+006 1.14263e+006 967575 832704 723197 629745 549489 480139 419870 367236 321087 280508 244767 213266 185513 161091 994725 
1999  1.293e+007 1.11089e+007 9.54318e+006 8.19637e+006 7.03616e+006 6.03082e+006 5.14575e+006 4.3475e+006 3.61754e+006 2.97363e+006 2.43673e+006 1.99989e+006 1.64515e+006 1.35771e+006 1.12626e+006 942795 800750 691334 602391 526271 460667 403746 354060 310468 272072 238163 208174 181647 158200 987012 
2000  1.28879e+007 1.10734e+007 9.5138e+006 8.17254e+006 7.01721e+006 6.01595e+006 5.13399e+006 4.33766e+006 3.61169e+006 2.96896e+006 2.43079e+006 1.99314e+006 1.63788e+006 1.34981e+006 1.11657e+006 928763 779835 664491 575608 503224 441059 387265 340383 299270 263032 230971 202537 177295 154892 977914 
2001  1.28459e+007 1.10374e+007 9.48339e+006 8.14738e+006 6.99678e+006 5.99962e+006 5.12094e+006 4.32686e+006 3.60209e+006 2.96249e+006 2.42545e+006 1.98706e+006 1.63137e+006 1.34307e+006 1.10946e+006 920305 767872 646863 553050 480691 421623 370690 326420 287659 253509 223270 196402 172481 151173 967284 
2002  1.28044e+007 1.10014e+007 9.45252e+006 8.12133e+006 6.97521e+006 5.98205e+006 5.1067e+006 4.31509e+006 3.59186e+006 2.95312e+006 2.41882e+006 1.98161e+006 1.62552e+006 1.33705e+006 1.10339e+006 914036 760565 636701 538199 461717 402641 354277 312392 275817 243643 215164 189839 167246 147061 955000 
2003  1.2764e+007 1.09659e+007 9.4217e+006 8.09489e+006 6.95289e+006 5.96351e+006 5.09143e+006 4.30239e+006 3.58096e+006 2.94342e+006 2.40998e+006 1.97522e+006 1.62029e+006 1.33165e+006 1.09797e+006 908670 755105 630431 529586 449200 386659 338260 298511 263927 233586 206771 182933 161647 142591 940972 
2004  1.27247e+007 1.09312e+007 9.39133e+006 8.0685e+006 6.93023e+006 5.94434e+006 5.07538e+006 4.28891e+006 3.56942e+006 2.9333e+006 2.40099e+006 1.96714e+006 1.61438e+006 1.32682e+006 1.09312e+006 903882 750424 625719 524231 441907 376100 324778 284973 252168 223493 198220 175786 155759 137812 925154 
2005  1.26866e+007 1.08976e+007 9.36164e+006 8.04248e+006 6.90762e+006 5.92488e+006 5.05881e+006 4.27482e+006 3.5573e+006 2.92277e+006 2.39177e+006 1.95902e+006 1.60715e+006 1.32149e+006 1.08877e+006 899586 746243 621669 520184 437344 369925 315857 273577 240705 213516 189641 168505 149666 132787 907546 
2006  1.26501e+007 1.0865e+007 9.33281e+006 8.01706e+006 6.88533e+006 5.90548e+006 5.04203e+006 4.26035e+006 3.54477e+006 2.91186e+006 2.38228e+006 1.95077e+006 1.59993e+006 1.31511e+006 1.08404e+006 895735 742489 618049 516701 433882 366042 310625 266030 231055 203792 181163 161204 143462 127588 888203 
2007  1.2615e+007 1.08337e+007 9.30493e+006 7.99236e+006 6.86354e+006 5.88636e+006 5.0253e+006 4.24574e+006 3.532e+006 2.90071e+006 2.37258e+006 1.94237e+006 1.59267e+006 1.30879e+006 1.07848e+006 891594 739123 614798 513586 430899 363087 307323 261593 224659 195607 172901 153989 137240 122295 867232 
2008  1.25815e+007 1.08037e+007 9.2781e+006 7.96849e+006 6.84239e+006 5.86767e+006 5.00883e+006 4.23121e+006 3.51917e+006 2.88942e+006 2.36274e+006 1.93385e+006 1.58533e+006 1.30247e+006 1.07301e+006 886799 735531 611879 510787 428229 360537 304804 258785 220893 190179 165947 146960 131092 116987 844794 
2009  1.25496e+007 1.0775e+007 9.25238e+006 7.94551e+006 6.82194e+006 5.84952e+006 4.99275e+006 4.21693e+006 3.50645e+006 2.87813e+006 2.35283e+006 1.92525e+006 1.57792e+006 1.29611e+006 1.06754e+006 882077 731410 608781 508269 425827 358254 302628 256638 218503 186978 161333 141042 125104 111744 821092 
2010  1.25193e+007 1.07476e+007 9.2278e+006 7.92348e+006 6.80225e+006 5.83198e+006 4.97713e+006 4.20299e+006 3.49398e+006 2.86699e+006 2.34297e+006 1.91664e+006 1.57047e+006 1.28971e+006 1.06206e+006 877381 727361 605254 505609 423663 356197 300677 254781 216673 184943 158609 137115 120062 106637 796368 

Output quantities finish here

Unused parameters:
annual_cycle.fishery_areas annual_cycle.migrate_from annual_cycle.migrate_to annual_cycle.migration_names annual_cycle.migration_times annual_cycle.n_migrations annual_cycle.recruitment_areas annual_cycle.spawning_all_areas area_names recruitment.p_male recruitment.year_range tag[Tags2005_R1_LL1].area tag[Tags2005_R1_LL1].sex tag[Tags2006_R1_LL1].area tag[Tags2006_R1_LL1].sex tag[Tags2007_R1_LL1].area tag[Tags2007_R1_LL1].sex tag[Tags2008_R1_LL1].area tag[Tags2008_R1_LL1].sex tag[Tags2009_R1_LL1].area tag[Tags2009_R1_LL1].sex MCMC.adapt_at MCMC.adaptive_stepsize MCMC.burn_in MCMC.keep MCMC.length MCMC.start MCMC.stepsize profile[1].l profile[1].n profile[1].parameter profile[1].u tag_recapture[Tags2005_R1_R1].area tag_recapture[Tags2006_R1_R1].area tag_recapture[Tags2007_R1_R1].area tag_recapture[Tags2008_R1_R1].area tag_recapture[Tags2009_R1_R1].area n_projections numbers_at[Numbers_at_age_R1].area print.final_state print.initial_state print.requests print.results print.state_annually print.state_every_step print.yields 
