CASAL (C++ algorithmic stock assessment laboratory)
Call: C:/Users/bstacy/Documents/GitHub/lasac/projects/simulations/sim/dec1.5/casal -e -q -f TR 
Date: Mon Oct 14 13:37:36 2019
v2.30-2012-03-21 00:22:59 UTC (rev.4648)  (c) Copyright 2002-2012, NIWA
User name: bstacy
Machine name: DOM-IMA-HVZRNF2 (Microsoft Windows, PID=2344)

Prefix for the input parameter filenames : TR

Random number seed : 20656

Estimation parameters:
Stored as strings: 
  MCMC.adapt_at                 	1e+05 2e+05 3e+05 4e+05
  MCMC.adaptive_stepsize        	True
  MCMC.burn_in                  	500
  MCMC.keep                     	1000
  MCMC.length                   	1500000
  MCMC.start                    	0
  MCMC.stepsize                 	0.01
  ageing_error.c                	0
  ageing_error.type             	normal
  catch_at[LL1_catchA].2000     	0 0 0 0 0 0.03 0.1 0.15 0.19 0.12 0.11 0.1 0.02 0.01 0.01 0.01 0.03 0.01 0.03 0.01 0.02 0.01 0.03 0 0 0 0 0 0 0.01
  catch_at[LL1_catchA].2001     	0 0 0 0 0.02 0.04 0.13 0.13 0.13 0.12 0.11 0.13 0.04 0.02 0.02 0.02 0.02 0.03 0.01 0.01 0.01 0 0.01 0 0 0 0 0 0 0
  catch_at[LL1_catchA].2002     	0 0 0 0 0 0.02 0.06 0.09 0.14 0.2 0.12 0.1 0.1 0.04 0.03 0.01 0.01 0.02 0.02 0 0.01 0 0.01 0.01 0 0 0 0 0 0.01
  catch_at[LL1_catchA].2003     	0 0 0 0 0 0.01 0.1 0.11 0.17 0.17 0.14 0.05 0.12 0.03 0.04 0.01 0 0.01 0.02 0 0 0 0 0.01 0 0 0 0 0 0.01
  catch_at[LL1_catchA].2004     	0 0 0 0 0.02 0.02 0.07 0.08 0.17 0.18 0.15 0.09 0.05 0.03 0.03 0.05 0.01 0 0 0.01 0.01 0 0.01 0.01 0 0.01 0 0 0 0
  catch_at[LL1_catchA].2005     	0 0 0 0 0 0.01 0.06 0.15 0.17 0.11 0.16 0.12 0.06 0.1 0.01 0.02 0.01 0 0.01 0.01 0 0 0 0 0 0 0 0 0 0
  catch_at[LL1_catchA].2006     	0 0 0 0 0 0.03 0.14 0.17 0.19 0.11 0.06 0.06 0.06 0.06 0.03 0.02 0.04 0.01 0.01 0 0 0 0 0.01 0 0 0 0 0 0
  catch_at[LL1_catchA].2007     	0 0 0 0 0 0.01 0.07 0.12 0.13 0.17 0.1 0.17 0.08 0.05 0.03 0.01 0.02 0.01 0.01 0 0 0 0.01 0 0.01 0 0 0 0 0
  catch_at[LL1_catchA].2008     	0 0 0 0 0 0 0.06 0.14 0.14 0.17 0.17 0.11 0.06 0.02 0.08 0.02 0.03 0 0 0 0 0 0 0 0 0 0 0 0 0
  catch_at[LL1_catchA].2009     	0 0 0 0 0 0 0.03 0.09 0.14 0.17 0.15 0.07 0.14 0.08 0.05 0.05 0 0.02 0 0.01 0 0 0 0 0 0 0 0 0 0
  catch_at[LL1_catchA].2010     	0 0 0.01 0 0.02 0.02 0.09 0.11 0.09 0.2 0.1 0.16 0.07 0.04 0.04 0.04 0 0.01 0 0 0 0 0 0 0 0 0 0 0 0
  catch_at[LL1_catchA].N_2000   	100
  catch_at[LL1_catchA].N_2001   	100
  catch_at[LL1_catchA].N_2002   	100
  catch_at[LL1_catchA].N_2003   	100
  catch_at[LL1_catchA].N_2004   	100
  catch_at[LL1_catchA].N_2005   	100
  catch_at[LL1_catchA].N_2006   	100
  catch_at[LL1_catchA].N_2007   	100
  catch_at[LL1_catchA].N_2008   	100
  catch_at[LL1_catchA].N_2009   	100
  catch_at[LL1_catchA].N_2010   	100
  catch_at[LL1_catchA].at_size  	False
  catch_at[LL1_catchA].dist     	multinomial
  catch_at[LL1_catchA].fishery  	LL1
  catch_at[LL1_catchA].max_class	30
  catch_at[LL1_catchA].min_class	1
  catch_at[LL1_catchA].plus_group	True
  catch_at[LL1_catchA].r        	1e-11
  catch_at[LL1_catchA].sexed    	False
  catch_at[LL1_catchA].sum_to_one	True
  catch_at[LL1_catchA].years    	2000 2001 2002 2003 2004 2005 2006 2007 2008 2009 2010
  catch_limit_penalty[1].fishery	LL1
  catch_limit_penalty[1].label  	LL1_Penalty
  catch_limit_penalty[1].log_scale	True
  catch_limit_penalty[1].multiplier	1000
  catch_limit_penalty[2].fishery	LL2
  catch_limit_penalty[2].label  	LL2_Penalty
  catch_limit_penalty[2].log_scale	True
  catch_limit_penalty[2].multiplier	1000
  estimate[1].lower_bound       	5000
  estimate[1].parameter         	initialization.B0
  estimate[1].prior             	uniform
  estimate[1].upper_bound       	5e+05
  estimator                     	Bayes
  fish_tagged_penalty[1].label  	Penalty_Tags2005_R1_LL1
  fish_tagged_penalty[1].multiplier	1
  fish_tagged_penalty[1].tagging_episode	Tags2005_R1_LL1
  fish_tagged_penalty[2].label  	Penalty_Tags2006_R1_LL1
  fish_tagged_penalty[2].multiplier	1
  fish_tagged_penalty[2].tagging_episode	Tags2006_R1_LL1
  fish_tagged_penalty[3].label  	Penalty_Tags2007_R1_LL1
  fish_tagged_penalty[3].multiplier	1
  fish_tagged_penalty[3].tagging_episode	Tags2007_R1_LL1
  fish_tagged_penalty[4].label  	Penalty_Tags2008_R1_LL1
  fish_tagged_penalty[4].multiplier	1
  fish_tagged_penalty[4].tagging_episode	Tags2008_R1_LL1
  fish_tagged_penalty[5].label  	Penalty_Tags2009_R1_LL1
  fish_tagged_penalty[5].multiplier	1
  fish_tagged_penalty[5].tagging_episode	Tags2009_R1_LL1
  grad_tol                      	0.001
  max_evals                     	10000
  max_iters                     	1600
  profile[1].l                  	40000
  profile[1].n                  	11
  profile[1].parameter          	initialization.B0
  profile[1].u                  	130000
  q_method                      	nuisance
  tag_recapture[Tags2005_R1_R1].area	R1
  tag_recapture[Tags2005_R1_R1].class_mins	100 150 200 250 300 350 400 450 500 550 600 650 700 750 800 850 900 950 1000 1050 1100 1150 1200 1250 1300 1350 1400 1450 1500 1550 1600 1650 1700 1750 1800 1850 1900 1950 2000 2050
  tag_recapture[Tags2005_R1_R1].detection_probability	1
  tag_recapture[Tags2005_R1_R1].dispersion	1
  tag_recapture[Tags2005_R1_R1].do_bootstrap	True
  tag_recapture[Tags2005_R1_R1].plus_group	False
  tag_recapture[Tags2005_R1_R1].proportion_mortality	0.5
  tag_recapture[Tags2005_R1_R1].r	1e-11
  tag_recapture[Tags2005_R1_R1].recaptured_2006	0 0 0 0 0 0 0 0 0 1 3 10 12 19 33 29 20 17 7 3 4 1 0 1 0 0 0 0 0 0 0 0 1 0 0 0 0 0 0
  tag_recapture[Tags2005_R1_R1].recaptured_2007	0 0 0 0 0 0 0 0 0 0 1 6 7 13 18 19 12 18 18 5 8 2 3 2 0 1 0 0 0 0 0 0 0 0 0 0 0 0 0
  tag_recapture[Tags2005_R1_R1].recaptured_2008	0 0 0 0 0 0 0 0 0 0 1 4 5 11 15 17 16 9 10 8 4 2 2 1 0 1 0 0 0 0 1 0 0 0 0 0 0 0 0
  tag_recapture[Tags2005_R1_R1].recaptured_2009	0 0 0 0 0 0 0 0 0 0 1 1 5 4 13 13 13 10 7 7 5 4 0 1 1 0 0 0 0 0 0 0 0 0 0 0 0 0 0
  tag_recapture[Tags2005_R1_R1].recaptured_2010	0 0 0 0 0 0 0 0 0 0 0 0 1 5 8 11 12 9 9 4 3 3 1 0 0 1 0 0 0 0 0 0 0 0 0 0 0 0 0
  tag_recapture[Tags2005_R1_R1].sample	size
  tag_recapture[Tags2005_R1_R1].scanned_2006	0 0 0 2 28 320 2302 11502 39770 96806 173902 243624 277690 266092 224820 178122 136978 101584 71958 49292 33518 23134 16316 11662 8346 5944 4222 2988 2086 1406 896 530 286 140 62 24 8 2 0
  tag_recapture[Tags2005_R1_R1].scanned_2007	0 0 0 2 28 344 2442 11568 39724 99366 181960 252416 280488 265182 224010 176300 134278 100438 72920 50898 34514 23278 15942 11162 7944 5686 4062 2880 2006 1350 862 512 278 138 62 24 8 2 0
  tag_recapture[Tags2005_R1_R1].scanned_2008	0 0 0 2 28 344 2602 12332 40170 97884 182308 260086 291620 271378 224512 174626 131756 97934 71728 51120 35200 23658 15864 10828 7580 5410 3886 2772 1934 1300 826 490 266 132 58 24 8 2 0
  tag_recapture[Tags2005_R1_R1].scanned_2009	0 0 0 2 28 338 2596 13080 43468 101422 180382 255904 293398 278302 229716 175798 130724 96182 70174 50456 35360 24054 16060 10754 7362 5182 3714 2662 1866 1256 798 470 254 126 56 22 8 2 0
  tag_recapture[Tags2005_R1_R1].scanned_2010	0 0 0 2 30 342 2546 12914 45438 110634 193100 259840 288924 275666 231594 178066 131090 95240 68874 49434 34952 24134 16262 10830 7284 5028 3564 2550 1794 1212 770 454 246 120 54 22 8 2 0
  tag_recapture[Tags2005_R1_R1].step	1
  tag_recapture[Tags2005_R1_R1].tag_name	Tags2005_R1
  tag_recapture[Tags2005_R1_R1].years	2006 2007 2008 2009 2010
  tag_recapture[Tags2006_R1_R1].area	R1
  tag_recapture[Tags2006_R1_R1].class_mins	100 150 200 250 300 350 400 450 500 550 600 650 700 750 800 850 900 950 1000 1050 1100 1150 1200 1250 1300 1350 1400 1450 1500 1550 1600 1650 1700 1750 1800 1850 1900 1950 2000 2050
  tag_recapture[Tags2006_R1_R1].detection_probability	1
  tag_recapture[Tags2006_R1_R1].dispersion	1
  tag_recapture[Tags2006_R1_R1].do_bootstrap	True
  tag_recapture[Tags2006_R1_R1].plus_group	False
  tag_recapture[Tags2006_R1_R1].proportion_mortality	0.5
  tag_recapture[Tags2006_R1_R1].r	1e-11
  tag_recapture[Tags2006_R1_R1].recaptured_2007	0 0 0 0 0 0 0 0 1 0 5 5 19 23 22 28 15 14 6 4 6 4 3 1 0 0 0 0 0 0 0 0 0 0 0 0 0 0 0
  tag_recapture[Tags2006_R1_R1].recaptured_2008	0 0 0 0 0 0 0 0 0 1 3 7 15 13 21 19 16 16 10 4 6 2 1 0 0 1 0 1 0 0 0 0 0 0 0 0 0 0 0
  tag_recapture[Tags2006_R1_R1].recaptured_2009	0 0 0 0 0 0 0 0 0 0 0 3 5 9 24 14 10 10 8 4 3 2 5 1 1 0 0 0 0 0 0 0 0 0 0 0 0 0 0
  tag_recapture[Tags2006_R1_R1].recaptured_2010	0 0 0 0 0 0 0 0 0 0 0 1 7 10 12 9 12 10 3 2 5 1 0 0 1 0 0 0 0 0 0 0 0 0 0 0 0 0 0
  tag_recapture[Tags2006_R1_R1].sample	size
  tag_recapture[Tags2006_R1_R1].scanned_2007	0 0 0 2 28 344 2442 11568 39724 99366 181960 252416 280488 265182 224010 176300 134278 100438 72920 50898 34514 23278 15942 11162 7944 5686 4062 2880 2006 1350 862 512 278 138 62 24 8 2 0
  tag_recapture[Tags2006_R1_R1].scanned_2008	0 0 0 2 28 344 2602 12332 40170 97884 182308 260086 291620 271378 224512 174626 131756 97934 71728 51120 35200 23658 15864 10828 7580 5410 3886 2772 1934 1300 826 490 266 132 58 24 8 2 0
  tag_recapture[Tags2006_R1_R1].scanned_2009	0 0 0 2 28 338 2596 13080 43468 101422 180382 255904 293398 278302 229716 175798 130724 96182 70174 50456 35360 24054 16060 10754 7362 5182 3714 2662 1866 1256 798 470 254 126 56 22 8 2 0
  tag_recapture[Tags2006_R1_R1].scanned_2010	0 0 0 2 30 342 2546 12914 45438 110634 193100 259840 288924 275666 231594 178066 131090 95240 68874 49434 34952 24134 16262 10830 7284 5028 3564 2550 1794 1212 770 454 246 120 54 22 8 2 0
  tag_recapture[Tags2006_R1_R1].step	1
  tag_recapture[Tags2006_R1_R1].tag_name	Tags2006_R1
  tag_recapture[Tags2006_R1_R1].years	2007 2008 2009 2010
  tag_recapture[Tags2007_R1_R1].area	R1
  tag_recapture[Tags2007_R1_R1].class_mins	100 150 200 250 300 350 400 450 500 550 600 650 700 750 800 850 900 950 1000 1050 1100 1150 1200 1250 1300 1350 1400 1450 1500 1550 1600 1650 1700 1750 1800 1850 1900 1950 2000 2050
  tag_recapture[Tags2007_R1_R1].detection_probability	1
  tag_recapture[Tags2007_R1_R1].dispersion	1
  tag_recapture[Tags2007_R1_R1].do_bootstrap	True
  tag_recapture[Tags2007_R1_R1].plus_group	False
  tag_recapture[Tags2007_R1_R1].proportion_mortality	0.5
  tag_recapture[Tags2007_R1_R1].r	1e-11
  tag_recapture[Tags2007_R1_R1].recaptured_2008	0 0 0 0 0 0 0 0 0 1 5 13 23 26 25 22 15 17 12 6 3 3 1 2 0 0 0 0 1 0 0 0 0 0 0 0 0 0 0
  tag_recapture[Tags2007_R1_R1].recaptured_2009	0 0 0 0 0 0 0 0 0 1 1 10 14 14 32 21 17 10 5 4 13 3 3 0 1 0 1 0 0 0 0 0 0 0 0 0 0 0 0
  tag_recapture[Tags2007_R1_R1].recaptured_2010	0 0 0 0 0 0 0 0 0 0 0 1 11 17 15 15 8 14 10 3 1 1 1 2 1 1 0 0 0 0 0 0 0 0 0 0 0 0 0
  tag_recapture[Tags2007_R1_R1].sample	size
  tag_recapture[Tags2007_R1_R1].scanned_2008	0 0 0 2 28 344 2602 12332 40170 97884 182308 260086 291620 271378 224512 174626 131756 97934 71728 51120 35200 23658 15864 10828 7580 5410 3886 2772 1934 1300 826 490 266 132 58 24 8 2 0
  tag_recapture[Tags2007_R1_R1].scanned_2009	0 0 0 2 28 338 2596 13080 43468 101422 180382 255904 293398 278302 229716 175798 130724 96182 70174 50456 35360 24054 16060 10754 7362 5182 3714 2662 1866 1256 798 470 254 126 56 22 8 2 0
  tag_recapture[Tags2007_R1_R1].scanned_2010	0 0 0 2 30 342 2546 12914 45438 110634 193100 259840 288924 275666 231594 178066 131090 95240 68874 49434 34952 24134 16262 10830 7284 5028 3564 2550 1794 1212 770 454 246 120 54 22 8 2 0
  tag_recapture[Tags2007_R1_R1].step	1
  tag_recapture[Tags2007_R1_R1].tag_name	Tags2007_R1
  tag_recapture[Tags2007_R1_R1].years	2008 2009 2010
  tag_recapture[Tags2008_R1_R1].area	R1
  tag_recapture[Tags2008_R1_R1].class_mins	100 150 200 250 300 350 400 450 500 550 600 650 700 750 800 850 900 950 1000 1050 1100 1150 1200 1250 1300 1350 1400 1450 1500 1550 1600 1650 1700 1750 1800 1850 1900 1950 2000 2050
  tag_recapture[Tags2008_R1_R1].detection_probability	1
  tag_recapture[Tags2008_R1_R1].dispersion	1
  tag_recapture[Tags2008_R1_R1].do_bootstrap	True
  tag_recapture[Tags2008_R1_R1].plus_group	False
  tag_recapture[Tags2008_R1_R1].proportion_mortality	0.5
  tag_recapture[Tags2008_R1_R1].r	1e-11
  tag_recapture[Tags2008_R1_R1].recaptured_2009	0 0 0 0 0 0 0 0 0 0 8 8 17 27 30 12 8 13 4 5 3 2 2 1 0 0 0 0 0 0 0 0 0 0 0 0 0 0 0
  tag_recapture[Tags2008_R1_R1].recaptured_2010	0 0 0 0 0 0 0 0 0 0 1 6 14 16 18 17 8 10 13 6 6 4 0 1 0 0 0 0 0 0 0 0 0 0 0 0 0 0 0
  tag_recapture[Tags2008_R1_R1].sample	size
  tag_recapture[Tags2008_R1_R1].scanned_2009	0 0 0 2 28 338 2596 13080 43468 101422 180382 255904 293398 278302 229716 175798 130724 96182 70174 50456 35360 24054 16060 10754 7362 5182 3714 2662 1866 1256 798 470 254 126 56 22 8 2 0
  tag_recapture[Tags2008_R1_R1].scanned_2010	0 0 0 2 30 342 2546 12914 45438 110634 193100 259840 288924 275666 231594 178066 131090 95240 68874 49434 34952 24134 16262 10830 7284 5028 3564 2550 1794 1212 770 454 246 120 54 22 8 2 0
  tag_recapture[Tags2008_R1_R1].step	1
  tag_recapture[Tags2008_R1_R1].tag_name	Tags2008_R1
  tag_recapture[Tags2008_R1_R1].years	2009 2010
  tag_recapture[Tags2009_R1_R1].area	R1
  tag_recapture[Tags2009_R1_R1].class_mins	100 150 200 250 300 350 400 450 500 550 600 650 700 750 800 850 900 950 1000 1050 1100 1150 1200 1250 1300 1350 1400 1450 1500 1550 1600 1650 1700 1750 1800 1850 1900 1950 2000 2050
  tag_recapture[Tags2009_R1_R1].detection_probability	1
  tag_recapture[Tags2009_R1_R1].dispersion	1
  tag_recapture[Tags2009_R1_R1].do_bootstrap	True
  tag_recapture[Tags2009_R1_R1].plus_group	False
  tag_recapture[Tags2009_R1_R1].proportion_mortality	0.5
  tag_recapture[Tags2009_R1_R1].r	1e-11
  tag_recapture[Tags2009_R1_R1].recaptured_2010	0 0 0 0 0 0 0 0 1 1 2 6 19 25 29 22 14 12 9 4 1 0 0 1 0 1 1 0 0 0 0 0 0 0 0 0 0 0 0
  tag_recapture[Tags2009_R1_R1].sample	size
  tag_recapture[Tags2009_R1_R1].scanned_2010	0 0 0 2 30 342 2546 12914 45438 110634 193100 259840 288924 275666 231594 178066 131090 95240 68874 49434 34952 24134 16262 10830 7284 5028 3564 2550 1794 1212 770 454 246 120 54 22 8 2 0
  tag_recapture[Tags2009_R1_R1].step	1
  tag_recapture[Tags2009_R1_R1].tag_name	Tags2009_R1
  tag_recapture[Tags2009_R1_R1].years	2010
  vector_average_penalty[1].k   	1
  vector_average_penalty[1].label	meanYCS_1
  vector_average_penalty[1].multiplier	100
  vector_average_penalty[1].vector	recruitment.YCS
Stored as DOUBLEs: 
Stored as VECTORs: 
Stored as OGIVEs: 

Population parameters:
Stored as strings: 
  annual_cycle.M_props          	1
  annual_cycle.aging_time       	1
  annual_cycle.baranov          	False
  annual_cycle.fishery_areas    	R1
  annual_cycle.fishery_names    	LL1 LL2
  annual_cycle.fishery_times    	1 1
  annual_cycle.growth_props     	0
  annual_cycle.migrate_from     	R1
  annual_cycle.migrate_to       	R2
  annual_cycle.migration_names  	MoveRec_1_2
  annual_cycle.migration_times  	1
  annual_cycle.n_migrations     	0
  annual_cycle.recruitment_areas	R1
  annual_cycle.recruitment_time 	1
  annual_cycle.spawning_all_areas	1
  annual_cycle.spawning_p       	1
  annual_cycle.spawning_part_mort	0.5
  annual_cycle.spawning_time    	1
  annual_cycle.spawning_use_total_B	False
  annual_cycle.time_steps       	1
  area_names                    	R1
  current                       	2010
  final                         	2045
  first_random_year             	2007
  fishery[LL1].U_max            	0.95
  fishery[LL1].catches          	0 6000 6000 6000 6000 6000 6000 6000 6000 6000 6000 6000 6000 6000 6000 6000 6000 6000 6000 6000 6000
  fishery[LL1].future_constant_catches	200
  fishery[LL1].selectivity      	SelLL
  fishery[LL1].years            	1990 1991 1992 1993 1994 1995 1996 1997 1998 1999 2000 2001 2002 2003 2004 2005 2006 2007 2008 2009 2010
  fishery[LL2].U_max            	0.95
  fishery[LL2].catches          	0 6000 6000 6000 6000 6000 6000 6000 6000 6000 6000 6000 6000 6000 6000 6000 6000 6000 6000 6000 6000
  fishery[LL2].future_constant_catches	200
  fishery[LL2].selectivity      	SelLL
  fishery[LL2].years            	1990 1991 1992 1993 1994 1995 1996 1997 1998 1999 2000 2001 2002 2003 2004 2005 2006 2007 2008 2009 2010
  initial                       	1990
  initialization.B0             	448262
  mature_partition              	False
  maturity_props.all            	allvalues  0 0 0 0 0 0 0 0 0 0 0 0.1667 0.3333 0.5 0.6667 0.8333 1 1 1 1 1 1 1 1 1 1 1 1 1 1
  max_age                       	30
  min_age                       	1
  n_areas                       	1
  n_stocks                      	1
  n_tags                        	5
  natural_mortality.all         	0.155
  plus_group                    	True
  randomisation_method          	lognormal
  recruitment.SR                	BH
  recruitment.YCS               	1 1 1 1 1 1 1 1 1 1 1 1 1 1 1 1 1 1 1 1 1
  recruitment.YCS_years         	1989 1990 1991 1992 1993 1994 1995 1996 1997 1998 1999 2000 2001 2002 2003 2004 2005 2006 2007 2008 2009
  recruitment.first_free        	1989
  recruitment.last_free         	2006
  recruitment.p_male            	0.5
  recruitment.rho               	0
  recruitment.sigma_r           	0.6
  recruitment.steepness         	0.7
  recruitment.year_range        	1989 2006
  selectivity[SelLL].all        	double_normal 10 2 10
  selectivity_names             	SelLL
  sex_partition                 	False
  size_at_age.Linf              	2870
  size_at_age.by_length         	True
  size_at_age.cv                	0.1
  size_at_age.k                 	0.02056
  size_at_age.t0                	-4.2897
  size_at_age_dist              	normal
  size_at_age_type              	von_Bert
  size_based                    	False
  size_weight.a                 	2.59e-12
  size_weight.b                 	3.2064
  size_weight.verify_size_weight	500 0.5 1.5
  standardise_YCS               	True
  tag[Tags2005_R1_LL1].area     	R1
  tag[Tags2005_R1_LL1].class_mins	100 150 200 250 300 350 400 450 500 550 600 650 700 750 800 850 900 950 1000 1050 1100 1150 1200 1250 1300 1350 1400 1450 1500 1550 1600 1650 1700 1750 1800 1850 1900 1950 2000 2050
  tag[Tags2005_R1_LL1].mature_only	False
  tag[Tags2005_R1_LL1].mortality	0.1
  tag[Tags2005_R1_LL1].number   	2500
  tag[Tags2005_R1_LL1].ogive    	SelLL
  tag[Tags2005_R1_LL1].plus_group	False
  tag[Tags2005_R1_LL1].props_all	0 0 0 0 0 1e-04 8e-04 0.0048 0.0184 0.0472 0.088 0.1245 0.1388 0.1298 0.1103 0.0896 0.0694 0.0511 0.0362 0.0255 0.0183 0.0135 0.01 0.0073 0.0052 0.0037 0.0025 0.0018 0.0012 8e-04 5e-04 3e-04 2e-04 1e-04 0 0 0 0 0
  tag[Tags2005_R1_LL1].release_type	deterministic
  tag[Tags2005_R1_LL1].sex      	both
  tag[Tags2005_R1_LL1].step     	1
  tag[Tags2005_R1_LL1].tag_name 	Tags2005_R1
  tag[Tags2005_R1_LL1].year     	2005
  tag[Tags2006_R1_LL1].area     	R1
  tag[Tags2006_R1_LL1].class_mins	100 150 200 250 300 350 400 450 500 550 600 650 700 750 800 850 900 950 1000 1050 1100 1150 1200 1250 1300 1350 1400 1450 1500 1550 1600 1650 1700 1750 1800 1850 1900 1950 2000 2050
  tag[Tags2006_R1_LL1].mature_only	False
  tag[Tags2006_R1_LL1].mortality	0.1
  tag[Tags2006_R1_LL1].number   	2500
  tag[Tags2006_R1_LL1].ogive    	SelLL
  tag[Tags2006_R1_LL1].plus_group	False
  tag[Tags2006_R1_LL1].props_all	0 0 0 0 0 2e-04 0.0013 0.0058 0.0198 0.0485 0.0873 0.1222 0.1397 0.1351 0.1154 0.0921 0.0705 0.0511 0.0349 0.023 0.0152 0.0104 0.0075 0.0055 0.0041 0.0031 0.0023 0.0017 0.0012 9e-04 6e-04 3e-04 2e-04 1e-04 0 0 0 0 0
  tag[Tags2006_R1_LL1].release_type	deterministic
  tag[Tags2006_R1_LL1].sex      	both
  tag[Tags2006_R1_LL1].step     	1
  tag[Tags2006_R1_LL1].tag_name 	Tags2006_R1
  tag[Tags2006_R1_LL1].year     	2006
  tag[Tags2007_R1_LL1].area     	R1
  tag[Tags2007_R1_LL1].class_mins	100 150 200 250 300 350 400 450 500 550 600 650 700 750 800 850 900 950 1000 1050 1100 1150 1200 1250 1300 1350 1400 1450 1500 1550 1600 1650 1700 1750 1800 1850 1900 1950 2000 2050
  tag[Tags2007_R1_LL1].mature_only	False
  tag[Tags2007_R1_LL1].mortality	0.1
  tag[Tags2007_R1_LL1].number   	2500
  tag[Tags2007_R1_LL1].ogive    	SelLL
  tag[Tags2007_R1_LL1].plus_group	False
  tag[Tags2007_R1_LL1].props_all	0 0 0 0 0 1e-04 0.0011 0.0056 0.0193 0.0485 0.0889 0.124 0.139 0.1322 0.1118 0.0878 0.0669 0.0504 0.0372 0.0265 0.0183 0.0125 0.0087 0.0062 0.0045 0.0032 0.0024 0.0017 0.0012 8e-04 5e-04 3e-04 2e-04 1e-04 0 0 0 0 0
  tag[Tags2007_R1_LL1].release_type	deterministic
  tag[Tags2007_R1_LL1].sex      	both
  tag[Tags2007_R1_LL1].step     	1
  tag[Tags2007_R1_LL1].tag_name 	Tags2007_R1
  tag[Tags2007_R1_LL1].year     	2007
  tag[Tags2008_R1_LL1].area     	R1
  tag[Tags2008_R1_LL1].class_mins	100 150 200 250 300 350 400 450 500 550 600 650 700 750 800 850 900 950 1000 1050 1100 1150 1200 1250 1300 1350 1400 1450 1500 1550 1600 1650 1700 1750 1800 1850 1900 1950 2000 2050
  tag[Tags2008_R1_LL1].mature_only	False
  tag[Tags2008_R1_LL1].mortality	0.1
  tag[Tags2008_R1_LL1].number   	2500
  tag[Tags2008_R1_LL1].ogive    	SelLL
  tag[Tags2008_R1_LL1].plus_group	False
  tag[Tags2008_R1_LL1].props_all	0 0 0 0 0 1e-04 0.0012 0.0062 0.0205 0.0497 0.0924 0.1328 0.1497 0.1384 0.112 0.0842 0.0614 0.0445 0.0322 0.0228 0.0157 0.0106 0.0073 0.0052 0.0038 0.0029 0.0022 0.0016 0.0011 7e-04 4e-04 3e-04 1e-04 1e-04 0 0 0 0 0
  tag[Tags2008_R1_LL1].release_type	deterministic
  tag[Tags2008_R1_LL1].sex      	both
  tag[Tags2008_R1_LL1].step     	1
  tag[Tags2008_R1_LL1].tag_name 	Tags2008_R1
  tag[Tags2008_R1_LL1].year     	2008
  tag[Tags2009_R1_LL1].area     	R1
  tag[Tags2009_R1_LL1].class_mins	100 150 200 250 300 350 400 450 500 550 600 650 700 750 800 850 900 950 1000 1050 1100 1150 1200 1250 1300 1350 1400 1450 1500 1550 1600 1650 1700 1750 1800 1850 1900 1950 2000 2050
  tag[Tags2009_R1_LL1].mature_only	False
  tag[Tags2009_R1_LL1].mortality	0.1
  tag[Tags2009_R1_LL1].number   	2500
  tag[Tags2009_R1_LL1].ogive    	SelLL
  tag[Tags2009_R1_LL1].plus_group	False
  tag[Tags2009_R1_LL1].props_all	0 0 0 0 0 1e-04 0.0012 0.0063 0.0213 0.0502 0.0897 0.1266 0.1435 0.135 0.1117 0.0864 0.065 0.0482 0.0352 0.0253 0.0178 0.0122 0.0082 0.0055 0.0037 0.0025 0.0017 0.0011 7e-04 4e-04 3e-04 1e-04 1e-04 0 0 0 0 0 0
  tag[Tags2009_R1_LL1].release_type	deterministic
  tag[Tags2009_R1_LL1].sex      	both
  tag[Tags2009_R1_LL1].step     	1
  tag[Tags2009_R1_LL1].tag_name 	Tags2009_R1
  tag[Tags2009_R1_LL1].year     	2009
  tag_growth_loss[Tags2005_R1].nogrowth_period	0
  tag_growth_loss[Tags2006_R1].nogrowth_period	0
  tag_growth_loss[Tags2007_R1].nogrowth_period	0
  tag_growth_loss[Tags2008_R1].nogrowth_period	0
  tag_growth_loss[Tags2009_R1].nogrowth_period	0
  tag_loss_props                	1
  tag_names                     	Tags2005_R1 Tags2006_R1 Tags2007_R1 Tags2008_R1 Tags2009_R1
  tag_shedding_rate             	0.0084 0.0084 0.0084 0.0084 0.0084
  y_enter                       	1
Stored as DOUBLEs: 
Stored as VECTORs: 
Stored as OGIVEs: 

Output parameters:
Stored as strings: 
  n_projections                 	100
  numbers_at[Numbers_at_age_R1].area	R1
  numbers_at[Numbers_at_age_R1].proportion_mortality	0.5
  numbers_at[Numbers_at_age_R1].step	1
  numbers_at[Numbers_at_age_R1].years	1990 1991 1992 1993 1994 1995 1996 1997 1998 1999 2000 2001 2002 2003 2004 2005 2006 2007 2008 2009 2010
  print.covariance              	true
  print.estimation_section      	true
  print.final_state             	false
  print.fits                    	true
  print.fits_every_eval         	false
  print.initial_state           	false
  print.normalised_resids       	true
  print.objective_every_eval    	false
  print.parameter_vector_every_eval	false
  print.parameters              	true
  print.parameters_every_eval   	false
  print.pearson_resids          	true
  print.requests                	false
  print.resids                  	true
  print.results                 	false
  print.state_annually          	false
  print.state_every_step        	false
  print.unused_parameters       	true
  print.yields                  	true
  quantities.B0                 	true
  quantities.R0                 	true
  quantities.SSBs               	true
  quantities.YCS                	true
  quantities.actual_catches     	false
  quantities.all_free_parameters	true
  quantities.fishing_pressures  	true
  quantities.nuisance_qs        	true
  quantities.recruitments       	true
  quantities.true_YCS           	true
Stored as DOUBLEs: 
Stored as VECTORs: 
Stored as OGIVEs: 

A fish of size 500 cm has a weight of 1.16755 kg in your model. This size-weight scale check assumes that the growth curve is in centimetres, and that the catch is in tonnes.

A fish of size 500 cm has a weight of 1.16755 kg in your model. This size-weight scale check assumes that the growth curve is in centimetres, and that the catch is in tonnes.

Estimation section :

Objective function: Bayes

Minimiser convergence threshold: 0.001


Observations:

The observations are:
LL1_catchA
Tags2005_R1_R1
Tags2006_R1_R1
Tags2007_R1_R1
Tags2008_R1_R1
Tags2009_R1_R1
Fits follow:

LL1_catchA :
catch proportions-at-age for fishery LL1  with ageing error (constrained to sum to 1):
obs (last class is a plus group):
class 1       2       3       4       5       6       7       8       9       10      11      12      13      14      15      16      17      18      19      20      21      22      23      24      25      26      27      28      29      30      
2000 0       0       0       0       0       0.03    0.1     0.15    0.19    0.12    0.11    0.1     0.02    0.01    0.01    0.01    0.03    0.01    0.03    0.01    0.02    0.01    0.03    0       0       0       0       0       0       0.01    
2001 0       0       0       0       0.02    0.04    0.13    0.13    0.13    0.12    0.11    0.13    0.04    0.02    0.02    0.02    0.02    0.03    0.01    0.01    0.01    0       0.01    0       0       0       0       0       0       0       
2002 0       0       0       0       0       0.02    0.06    0.09    0.14    0.2     0.12    0.1     0.1     0.04    0.03    0.01    0.01    0.02    0.02    0       0.01    0       0.01    0.01    0       0       0       0       0       0.01    
2003 0       0       0       0       0       0.01    0.1     0.11    0.17    0.17    0.14    0.05    0.12    0.03    0.04    0.01    0       0.01    0.02    0       0       0       0       0.01    0       0       0       0       0       0.01    
2004 0       0       0       0       0.02    0.02    0.07    0.08    0.17    0.18    0.15    0.09    0.05    0.03    0.03    0.05    0.01    0       0       0.01    0.01    0       0.01    0.01    0       0.01    0       0       0       0       
2005 0       0       0       0       0       0.01    0.06    0.15    0.17    0.11    0.16    0.12    0.06    0.1     0.01    0.02    0.01    0       0.01    0.01    0       0       0       0       0       0       0       0       0       0       
2006 0       0       0       0       0       0.03    0.14    0.17    0.19    0.11    0.06    0.06    0.06    0.06    0.03    0.02    0.04    0.01    0.01    0       0       0       0       0.01    0       0       0       0       0       0       
2007 0       0       0       0       0       0.01    0.07    0.12    0.13    0.17    0.1     0.17    0.08    0.05    0.03    0.01    0.02    0.01    0.01    0       0       0       0.01    0       0.01    0       0       0       0       0       
2008 0       0       0       0       0       0       0.06    0.14    0.14    0.17    0.17    0.11    0.06    0.02    0.08    0.02    0.03    0       0       0       0       0       0       0       0       0       0       0       0       0       
2009 0       0       0       0       0       0       0.03    0.09    0.14    0.17    0.15    0.07    0.14    0.08    0.05    0.05    0       0.02    0       0.01    0       0       0       0       0       0       0       0       0       0       
2010 0       0       0.01    0       0.02    0.02    0.09    0.11    0.09    0.2     0.1     0.16    0.07    0.04    0.04    0.04    0       0.01    0       0       0       0       0       0       0       0       0       0       0       0       
objective function: multinomial likelihood, with delta = 1e-011, N =
100 100 100 100 100 100 100 100 100 100 100 100 100 100 100 100 100 100 100 100 100 100 100 100 100 100 100 100 100 100 
100 100 100 100 100 100 100 100 100 100 100 100 100 100 100 100 100 100 100 100 100 100 100 100 100 100 100 100 100 100 
100 100 100 100 100 100 100 100 100 100 100 100 100 100 100 100 100 100 100 100 100 100 100 100 100 100 100 100 100 100 
100 100 100 100 100 100 100 100 100 100 100 100 100 100 100 100 100 100 100 100 100 100 100 100 100 100 100 100 100 100 
100 100 100 100 100 100 100 100 100 100 100 100 100 100 100 100 100 100 100 100 100 100 100 100 100 100 100 100 100 100 
100 100 100 100 100 100 100 100 100 100 100 100 100 100 100 100 100 100 100 100 100 100 100 100 100 100 100 100 100 100 
100 100 100 100 100 100 100 100 100 100 100 100 100 100 100 100 100 100 100 100 100 100 100 100 100 100 100 100 100 100 
100 100 100 100 100 100 100 100 100 100 100 100 100 100 100 100 100 100 100 100 100 100 100 100 100 100 100 100 100 100 
100 100 100 100 100 100 100 100 100 100 100 100 100 100 100 100 100 100 100 100 100 100 100 100 100 100 100 100 100 100 
100 100 100 100 100 100 100 100 100 100 100 100 100 100 100 100 100 100 100 100 100 100 100 100 100 100 100 100 100 100 
100 100 100 100 100 100 100 100 100 100 100 100 100 100 100 100 100 100 100 100 100 100 100 100 100 100 100 100 100 100 

Tags2005_R1_R1 :
tag-recapture data for tag Tags2005_R1 in years 2006 2007 2008 2009 2010 , step 1, after proportion 0.5 of mortality, with sampling method size, detection probability 1.
Year 2006
class scanned recaptured
100 0 0
150 0 0
200 0 0
250 2 0
300 28 0
350 320 0
400 2302 0
450 11502 0
500 39770 0
550 96806 1
600 173902 3
650 243624 10
700 277690 12
750 266092 19
800 224820 33
850 178122 29
900 136978 20
950 101584 17
1000 71958 7
1050 49292 3
1100 33518 4
1150 23134 1
1200 16316 0
1250 11662 1
1300 8346 0
1350 5944 0
1400 4222 0
1450 2988 0
1500 2086 0
1550 1406 0
1600 896 0
1650 530 0
1700 286 1
1750 140 0
1800 62 0
1850 24 0
1900 8 0
1950 2 0
2000 0 0


Year 2007
class scanned recaptured
100 0 0
150 0 0
200 0 0
250 2 0
300 28 0
350 344 0
400 2442 0
450 11568 0
500 39724 0
550 99366 0
600 181960 1
650 252416 6
700 280488 7
750 265182 13
800 224010 18
850 176300 19
900 134278 12
950 100438 18
1000 72920 18
1050 50898 5
1100 34514 8
1150 23278 2
1200 15942 3
1250 11162 2
1300 7944 0
1350 5686 1
1400 4062 0
1450 2880 0
1500 2006 0
1550 1350 0
1600 862 0
1650 512 0
1700 278 0
1750 138 0
1800 62 0
1850 24 0
1900 8 0
1950 2 0
2000 0 0


Year 2008
class scanned recaptured
100 0 0
150 0 0
200 0 0
250 2 0
300 28 0
350 344 0
400 2602 0
450 12332 0
500 40170 0
550 97884 0
600 182308 1
650 260086 4
700 291620 5
750 271378 11
800 224512 15
850 174626 17
900 131756 16
950 97934 9
1000 71728 10
1050 51120 8
1100 35200 4
1150 23658 2
1200 15864 2
1250 10828 1
1300 7580 0
1350 5410 1
1400 3886 0
1450 2772 0
1500 1934 0
1550 1300 0
1600 826 1
1650 490 0
1700 266 0
1750 132 0
1800 58 0
1850 24 0
1900 8 0
1950 2 0
2000 0 0


Year 2009
class scanned recaptured
100 0 0
150 0 0
200 0 0
250 2 0
300 28 0
350 338 0
400 2596 0
450 13080 0
500 43468 0
550 101422 0
600 180382 1
650 255904 1
700 293398 5
750 278302 4
800 229716 13
850 175798 13
900 130724 13
950 96182 10
1000 70174 7
1050 50456 7
1100 35360 5
1150 24054 4
1200 16060 0
1250 10754 1
1300 7362 1
1350 5182 0
1400 3714 0
1450 2662 0
1500 1866 0
1550 1256 0
1600 798 0
1650 470 0
1700 254 0
1750 126 0
1800 56 0
1850 22 0
1900 8 0
1950 2 0
2000 0 0


Year 2010
class scanned recaptured
100 0 0
150 0 0
200 0 0
250 2 0
300 30 0
350 342 0
400 2546 0
450 12914 0
500 45438 0
550 110634 0
600 193100 0
650 259840 0
700 288924 1
750 275666 5
800 231594 8
850 178066 11
900 131090 12
950 95240 9
1000 68874 9
1050 49434 4
1100 34952 3
1150 24134 3
1200 16262 1
1250 10830 0
1300 7284 0
1350 5028 1
1400 3564 0
1450 2550 0
1500 1794 0
1550 1212 0
1600 770 0
1650 454 0
1700 246 0
1750 120 0
1800 54 0
1850 22 0
1900 8 0
1950 2 0
2000 0 0


Tags2006_R1_R1 :
tag-recapture data for tag Tags2006_R1 in years 2007 2008 2009 2010 , step 1, after proportion 0.5 of mortality, with sampling method size, detection probability 1.
Year 2007
class scanned recaptured
100 0 0
150 0 0
200 0 0
250 2 0
300 28 0
350 344 0
400 2442 0
450 11568 0
500 39724 1
550 99366 0
600 181960 5
650 252416 5
700 280488 19
750 265182 23
800 224010 22
850 176300 28
900 134278 15
950 100438 14
1000 72920 6
1050 50898 4
1100 34514 6
1150 23278 4
1200 15942 3
1250 11162 1
1300 7944 0
1350 5686 0
1400 4062 0
1450 2880 0
1500 2006 0
1550 1350 0
1600 862 0
1650 512 0
1700 278 0
1750 138 0
1800 62 0
1850 24 0
1900 8 0
1950 2 0
2000 0 0


Year 2008
class scanned recaptured
100 0 0
150 0 0
200 0 0
250 2 0
300 28 0
350 344 0
400 2602 0
450 12332 0
500 40170 0
550 97884 1
600 182308 3
650 260086 7
700 291620 15
750 271378 13
800 224512 21
850 174626 19
900 131756 16
950 97934 16
1000 71728 10
1050 51120 4
1100 35200 6
1150 23658 2
1200 15864 1
1250 10828 0
1300 7580 0
1350 5410 1
1400 3886 0
1450 2772 1
1500 1934 0
1550 1300 0
1600 826 0
1650 490 0
1700 266 0
1750 132 0
1800 58 0
1850 24 0
1900 8 0
1950 2 0
2000 0 0


Year 2009
class scanned recaptured
100 0 0
150 0 0
200 0 0
250 2 0
300 28 0
350 338 0
400 2596 0
450 13080 0
500 43468 0
550 101422 0
600 180382 0
650 255904 3
700 293398 5
750 278302 9
800 229716 24
850 175798 14
900 130724 10
950 96182 10
1000 70174 8
1050 50456 4
1100 35360 3
1150 24054 2
1200 16060 5
1250 10754 1
1300 7362 1
1350 5182 0
1400 3714 0
1450 2662 0
1500 1866 0
1550 1256 0
1600 798 0
1650 470 0
1700 254 0
1750 126 0
1800 56 0
1850 22 0
1900 8 0
1950 2 0
2000 0 0


Year 2010
class scanned recaptured
100 0 0
150 0 0
200 0 0
250 2 0
300 30 0
350 342 0
400 2546 0
450 12914 0
500 45438 0
550 110634 0
600 193100 0
650 259840 1
700 288924 7
750 275666 10
800 231594 12
850 178066 9
900 131090 12
950 95240 10
1000 68874 3
1050 49434 2
1100 34952 5
1150 24134 1
1200 16262 0
1250 10830 0
1300 7284 1
1350 5028 0
1400 3564 0
1450 2550 0
1500 1794 0
1550 1212 0
1600 770 0
1650 454 0
1700 246 0
1750 120 0
1800 54 0
1850 22 0
1900 8 0
1950 2 0
2000 0 0


Tags2007_R1_R1 :
tag-recapture data for tag Tags2007_R1 in years 2008 2009 2010 , step 1, after proportion 0.5 of mortality, with sampling method size, detection probability 1.
Year 2008
class scanned recaptured
100 0 0
150 0 0
200 0 0
250 2 0
300 28 0
350 344 0
400 2602 0
450 12332 0
500 40170 0
550 97884 1
600 182308 5
650 260086 13
700 291620 23
750 271378 26
800 224512 25
850 174626 22
900 131756 15
950 97934 17
1000 71728 12
1050 51120 6
1100 35200 3
1150 23658 3
1200 15864 1
1250 10828 2
1300 7580 0
1350 5410 0
1400 3886 0
1450 2772 0
1500 1934 1
1550 1300 0
1600 826 0
1650 490 0
1700 266 0
1750 132 0
1800 58 0
1850 24 0
1900 8 0
1950 2 0
2000 0 0


Year 2009
class scanned recaptured
100 0 0
150 0 0
200 0 0
250 2 0
300 28 0
350 338 0
400 2596 0
450 13080 0
500 43468 0
550 101422 1
600 180382 1
650 255904 10
700 293398 14
750 278302 14
800 229716 32
850 175798 21
900 130724 17
950 96182 10
1000 70174 5
1050 50456 4
1100 35360 13
1150 24054 3
1200 16060 3
1250 10754 0
1300 7362 1
1350 5182 0
1400 3714 1
1450 2662 0
1500 1866 0
1550 1256 0
1600 798 0
1650 470 0
1700 254 0
1750 126 0
1800 56 0
1850 22 0
1900 8 0
1950 2 0
2000 0 0


Year 2010
class scanned recaptured
100 0 0
150 0 0
200 0 0
250 2 0
300 30 0
350 342 0
400 2546 0
450 12914 0
500 45438 0
550 110634 0
600 193100 0
650 259840 1
700 288924 11
750 275666 17
800 231594 15
850 178066 15
900 131090 8
950 95240 14
1000 68874 10
1050 49434 3
1100 34952 1
1150 24134 1
1200 16262 1
1250 10830 2
1300 7284 1
1350 5028 1
1400 3564 0
1450 2550 0
1500 1794 0
1550 1212 0
1600 770 0
1650 454 0
1700 246 0
1750 120 0
1800 54 0
1850 22 0
1900 8 0
1950 2 0
2000 0 0


Tags2008_R1_R1 :
tag-recapture data for tag Tags2008_R1 in years 2009 2010 , step 1, after proportion 0.5 of mortality, with sampling method size, detection probability 1.
Year 2009
class scanned recaptured
100 0 0
150 0 0
200 0 0
250 2 0
300 28 0
350 338 0
400 2596 0
450 13080 0
500 43468 0
550 101422 0
600 180382 8
650 255904 8
700 293398 17
750 278302 27
800 229716 30
850 175798 12
900 130724 8
950 96182 13
1000 70174 4
1050 50456 5
1100 35360 3
1150 24054 2
1200 16060 2
1250 10754 1
1300 7362 0
1350 5182 0
1400 3714 0
1450 2662 0
1500 1866 0
1550 1256 0
1600 798 0
1650 470 0
1700 254 0
1750 126 0
1800 56 0
1850 22 0
1900 8 0
1950 2 0
2000 0 0


Year 2010
class scanned recaptured
100 0 0
150 0 0
200 0 0
250 2 0
300 30 0
350 342 0
400 2546 0
450 12914 0
500 45438 0
550 110634 0
600 193100 1
650 259840 6
700 288924 14
750 275666 16
800 231594 18
850 178066 17
900 131090 8
950 95240 10
1000 68874 13
1050 49434 6
1100 34952 6
1150 24134 4
1200 16262 0
1250 10830 1
1300 7284 0
1350 5028 0
1400 3564 0
1450 2550 0
1500 1794 0
1550 1212 0
1600 770 0
1650 454 0
1700 246 0
1750 120 0
1800 54 0
1850 22 0
1900 8 0
1950 2 0
2000 0 0


Tags2009_R1_R1 :
tag-recapture data for tag Tags2009_R1 in years 2010 , step 1, after proportion 0.5 of mortality, with sampling method size, detection probability 1.
Year 2010
class scanned recaptured
100 0 0
150 0 0
200 0 0
250 2 0
300 30 0
350 342 0
400 2546 0
450 12914 0
500 45438 1
550 110634 1
600 193100 2
650 259840 6
700 288924 19
750 275666 25
800 231594 29
850 178066 22
900 131090 14
950 95240 12
1000 68874 9
1050 49434 4
1100 34952 1
1150 24134 0
1200 16262 0
1250 10830 1
1300 7284 0
1350 5028 1
1400 3564 1
1450 2550 0
1500 1794 0
1550 1212 0
1600 770 0
1650 454 0
1700 246 0
1750 120 0
1800 54 0
1850 22 0
1900 8 0
1950 2 0
2000 0 0



Ageing_error:
  Misclassification matrix:
1 0 0 0 0 0 0 0 0 0 0 0 0 0 0 0 0 0 0 0 0 0 0 0 0 0 0 0 0 0 
0 1 0 0 0 0 0 0 0 0 0 0 0 0 0 0 0 0 0 0 0 0 0 0 0 0 0 0 0 0 
0 0 1 0 0 0 0 0 0 0 0 0 0 0 0 0 0 0 0 0 0 0 0 0 0 0 0 0 0 0 
0 0 0 1 0 0 0 0 0 0 0 0 0 0 0 0 0 0 0 0 0 0 0 0 0 0 0 0 0 0 
0 0 0 0 1 0 0 0 0 0 0 0 0 0 0 0 0 0 0 0 0 0 0 0 0 0 0 0 0 0 
0 0 0 0 0 1 0 0 0 0 0 0 0 0 0 0 0 0 0 0 0 0 0 0 0 0 0 0 0 0 
0 0 0 0 0 0 1 0 0 0 0 0 0 0 0 0 0 0 0 0 0 0 0 0 0 0 0 0 0 0 
0 0 0 0 0 0 0 1 0 0 0 0 0 0 0 0 0 0 0 0 0 0 0 0 0 0 0 0 0 0 
0 0 0 0 0 0 0 0 1 0 0 0 0 0 0 0 0 0 0 0 0 0 0 0 0 0 0 0 0 0 
0 0 0 0 0 0 0 0 0 1 0 0 0 0 0 0 0 0 0 0 0 0 0 0 0 0 0 0 0 0 
0 0 0 0 0 0 0 0 0 0 1 0 0 0 0 0 0 0 0 0 0 0 0 0 0 0 0 0 0 0 
0 0 0 0 0 0 0 0 0 0 0 1 0 0 0 0 0 0 0 0 0 0 0 0 0 0 0 0 0 0 
0 0 0 0 0 0 0 0 0 0 0 0 1 0 0 0 0 0 0 0 0 0 0 0 0 0 0 0 0 0 
0 0 0 0 0 0 0 0 0 0 0 0 0 1 0 0 0 0 0 0 0 0 0 0 0 0 0 0 0 0 
0 0 0 0 0 0 0 0 0 0 0 0 0 0 1 0 0 0 0 0 0 0 0 0 0 0 0 0 0 0 
0 0 0 0 0 0 0 0 0 0 0 0 0 0 0 1 0 0 0 0 0 0 0 0 0 0 0 0 0 0 
0 0 0 0 0 0 0 0 0 0 0 0 0 0 0 0 1 0 0 0 0 0 0 0 0 0 0 0 0 0 
0 0 0 0 0 0 0 0 0 0 0 0 0 0 0 0 0 1 0 0 0 0 0 0 0 0 0 0 0 0 
0 0 0 0 0 0 0 0 0 0 0 0 0 0 0 0 0 0 1 0 0 0 0 0 0 0 0 0 0 0 
0 0 0 0 0 0 0 0 0 0 0 0 0 0 0 0 0 0 0 1 0 0 0 0 0 0 0 0 0 0 
0 0 0 0 0 0 0 0 0 0 0 0 0 0 0 0 0 0 0 0 1 0 0 0 0 0 0 0 0 0 
0 0 0 0 0 0 0 0 0 0 0 0 0 0 0 0 0 0 0 0 0 1 0 0 0 0 0 0 0 0 
0 0 0 0 0 0 0 0 0 0 0 0 0 0 0 0 0 0 0 0 0 0 1 0 0 0 0 0 0 0 
0 0 0 0 0 0 0 0 0 0 0 0 0 0 0 0 0 0 0 0 0 0 0 1 0 0 0 0 0 0 
0 0 0 0 0 0 0 0 0 0 0 0 0 0 0 0 0 0 0 0 0 0 0 0 1 0 0 0 0 0 
0 0 0 0 0 0 0 0 0 0 0 0 0 0 0 0 0 0 0 0 0 0 0 0 0 1 0 0 0 0 
0 0 0 0 0 0 0 0 0 0 0 0 0 0 0 0 0 0 0 0 0 0 0 0 0 0 1 0 0 0 
0 0 0 0 0 0 0 0 0 0 0 0 0 0 0 0 0 0 0 0 0 0 0 0 0 0 0 1 0 0 
0 0 0 0 0 0 0 0 0 0 0 0 0 0 0 0 0 0 0 0 0 0 0 0 0 0 0 0 1 0 
0 0 0 0 0 0 0 0 0 0 0 0 0 0 0 0 0 0 0 0 0 0 0 0 0 0 0 0 0 1 

Free parameters:

initialization.B0
uniform: bounds from 5000 to 500000
current value: 448262
lower bound: 5000
upper bound: 500000


Q's:
qs are nuisance parameters

Penalties:
LL1_Penalty :
Catch limit penalty of 1000 x the sum of squares of (log(actual catch) - log(specified catch)) for fishery LL1 to disencourage breaking exploitation rate limits
LL2_Penalty :
Catch limit penalty of 1000 x the sum of squares of (log(actual catch) - log(specified catch)) for fishery LL2 to disencourage breaking exploitation rate limits
meanYCS_1 :
Vector average penalty of 100 x square of (mean(recruitment.YCS) - 1) 
Penalty_Tags2005_R1_LL1 :
'Fish-must-be-tagged' penalty of 1 x square of (actual number of tagged fish - nominal number of tagged fish) for tagging episode Tags2005_R1_LL1
Penalty_Tags2006_R1_LL1 :
'Fish-must-be-tagged' penalty of 1 x square of (actual number of tagged fish - nominal number of tagged fish) for tagging episode Tags2006_R1_LL1
Penalty_Tags2007_R1_LL1 :
'Fish-must-be-tagged' penalty of 1 x square of (actual number of tagged fish - nominal number of tagged fish) for tagging episode Tags2007_R1_LL1
Penalty_Tags2008_R1_LL1 :
'Fish-must-be-tagged' penalty of 1 x square of (actual number of tagged fish - nominal number of tagged fish) for tagging episode Tags2008_R1_LL1
Penalty_Tags2009_R1_LL1 :
'Fish-must-be-tagged' penalty of 1 x square of (actual number of tagged fish - nominal number of tagged fish) for tagging episode Tags2009_R1_LL1

Components of the objective function are:
  LL1_catchA
  Tags2005_R1_R1
  Tags2006_R1_R1
  Tags2007_R1_R1
  Tags2008_R1_R1
  Tags2009_R1_R1
  prior_on_initialization.B0
  LL1_Penalty
  LL2_Penalty
  meanYCS_1
  Penalty_Tags2005_R1_LL1
  Penalty_Tags2006_R1_LL1
  Penalty_Tags2007_R1_LL1
  Penalty_Tags2008_R1_LL1
  Penalty_Tags2009_R1_LL1

Random number seed : 20656


Minimiser achieved convergence after 8 quasi-Newton iterations using 10 objective function evaluations



Approximate Covariance matrix (Inverse Hessian of parameters at point estimate):
1.146e+007 

Correlation matrix:
1 

List of parameter names, in the same order as the rows & cols of the covariance/correlation matrices:
initialization.B0 



Start extracting output from here

Point estimate:
initialization.B0
current value: 237347
lower bound: 5000
upper bound: 500000


In a format suitable for -i :

initialization.B0 
237347 

Objective function : 920.065

Components :
LL1_catchA                                         384.512
Tags2005_R1_R1                                     168.391
Tags2006_R1_R1                                     138.796
Tags2007_R1_R1                                     116.607
Tags2008_R1_R1                                     72.3306
Tags2009_R1_R1                                     39.4276
prior_on_initialization.B0                         0
LL1_Penalty                                        0
LL2_Penalty                                        0
meanYCS_1                                          0
Penalty_Tags2005_R1_LL1                            8.27181e-025
Penalty_Tags2006_R1_LL1                            1.86116e-024
Penalty_Tags2007_R1_LL1                            2.06795e-025
Penalty_Tags2008_R1_LL1                            2.06795e-025
Penalty_Tags2009_R1_LL1                            2.06795e-025

Fits : 

The observations are:
LL1_catchA
Tags2005_R1_R1
Tags2006_R1_R1
Tags2007_R1_R1
Tags2008_R1_R1
Tags2009_R1_R1
Fits follow:

LL1_catchA :
catch proportions-at-age for fishery LL1  with ageing error (constrained to sum to 1):
obs (last class is a plus group):
class 1       2       3       4       5       6       7       8       9       10      11      12      13      14      15      16      17      18      19      20      21      22      23      24      25      26      27      28      29      30      
2000 0       0       0       0       0       0.03    0.1     0.15    0.19    0.12    0.11    0.1     0.02    0.01    0.01    0.01    0.03    0.01    0.03    0.01    0.02    0.01    0.03    0       0       0       0       0       0       0.01    
2001 0       0       0       0       0.02    0.04    0.13    0.13    0.13    0.12    0.11    0.13    0.04    0.02    0.02    0.02    0.02    0.03    0.01    0.01    0.01    0       0.01    0       0       0       0       0       0       0       
2002 0       0       0       0       0       0.02    0.06    0.09    0.14    0.2     0.12    0.1     0.1     0.04    0.03    0.01    0.01    0.02    0.02    0       0.01    0       0.01    0.01    0       0       0       0       0       0.01    
2003 0       0       0       0       0       0.01    0.1     0.11    0.17    0.17    0.14    0.05    0.12    0.03    0.04    0.01    0       0.01    0.02    0       0       0       0       0.01    0       0       0       0       0       0.01    
2004 0       0       0       0       0.02    0.02    0.07    0.08    0.17    0.18    0.15    0.09    0.05    0.03    0.03    0.05    0.01    0       0       0.01    0.01    0       0.01    0.01    0       0.01    0       0       0       0       
2005 0       0       0       0       0       0.01    0.06    0.15    0.17    0.11    0.16    0.12    0.06    0.1     0.01    0.02    0.01    0       0.01    0.01    0       0       0       0       0       0       0       0       0       0       
2006 0       0       0       0       0       0.03    0.14    0.17    0.19    0.11    0.06    0.06    0.06    0.06    0.03    0.02    0.04    0.01    0.01    0       0       0       0       0.01    0       0       0       0       0       0       
2007 0       0       0       0       0       0.01    0.07    0.12    0.13    0.17    0.1     0.17    0.08    0.05    0.03    0.01    0.02    0.01    0.01    0       0       0       0.01    0       0.01    0       0       0       0       0       
2008 0       0       0       0       0       0       0.06    0.14    0.14    0.17    0.17    0.11    0.06    0.02    0.08    0.02    0.03    0       0       0       0       0       0       0       0       0       0       0       0       0       
2009 0       0       0       0       0       0       0.03    0.09    0.14    0.17    0.15    0.07    0.14    0.08    0.05    0.05    0       0.02    0       0.01    0       0       0       0       0       0       0       0       0       0       
2010 0       0       0.01    0       0.02    0.02    0.09    0.11    0.09    0.2     0.1     0.16    0.07    0.04    0.04    0.04    0       0.01    0       0       0       0       0       0       0       0       0       0       0       0       
fits (last class is a plus group):
class 1       2       3       4       5       6       7       8       9       10      11      12      13      14      15      16      17      18      19      20      21      22      23      24      25      26      27      28      29      30      
2000 5.34869e-007 8.77434e-006 0.000101745 0.000833876 0.00482943 0.0197481 0.0568273 0.114108 0.157909 0.149705 0.116911 0.090381 0.0692629 0.0526858 0.0398405 0.0300385 0.0227222 0.0173911 0.0135033 0.0105052 0.00809658 0.00617376 0.00465122 0.00345779 0.0025336 0.0018279 0.00129745 0.000905478 0.000621068 0.00312124 
2001 5.38496e-007 8.8363e-006 0.000102499 0.000840421 0.00486972 0.019923 0.0573542 0.11517 0.159254 0.150919 0.117666 0.0906865 0.0692791 0.0525286 0.0395756 0.0296681 0.022191 0.0166606 0.0126596 0.00975902 0.00753684 0.00576473 0.00436057 0.00325734 0.0023997 0.00174146 0.00124364 0.000873294 0.000602639 0.00310357 
2002 5.41612e-007 8.88939e-006 0.000103144 0.000846004 0.00490416 0.0200731 0.0578094 0.116092 0.160422 0.151774 0.118235 0.0909768 0.0692924 0.0523786 0.0393404 0.0293877 0.0218591 0.0162306 0.0120998 0.0091298 0.00698782 0.00535662 0.00406503 0.00304924 0.00225751 0.00164736 0.00118346 0.000836179 0.000580632 0.00307337 
2003 5.44362e-007 8.93612e-006 0.000103709 0.000850876 0.00493412 0.0202039 0.0582068 0.116898 0.161441 0.152511 0.118564 0.0911563 0.06932 0.0522466 0.0391262 0.0291411 0.0216025 0.0159536 0.0117643 0.00871036 0.00652656 0.00495906 0.0037722 0.00283916 0.00211099 0.00154822 0.00111851 0.000795062 0.000555536 0.00303084 
2004 5.46863e-007 8.97849e-006 0.000104219 0.00085525 0.00496085 0.02032 0.0585589 0.117612 0.162337 0.153148 0.118836 0.0911789 0.0692845 0.0521421 0.0389381 0.0289197 0.0213779 0.0157369 0.0115438 0.00845577 0.00621808 0.00462598 0.00348839 0.00263206 0.00196385 0.00144663 0.00105048 0.00075097 0.000527929 0.00297631 
2005 5.49204e-007 9.01802e-006 0.000104694 0.000859296 0.00498539 0.0204257 0.0588771 0.118253 0.163134 0.153701 0.119059 0.0911802 0.0691472 0.0520032 0.0387805 0.0287252 0.0211775 0.0155477 0.01137 0.00828616 0.00602916 0.00440272 0.00325111 0.00243209 0.00181935 0.001345 0.000981045 0.000704981 0.000498456 0.00291029 
2006 5.51464e-007 9.05601e-006 0.000105148 0.000863148 0.00500862 0.0205248 0.0591726 0.11884 0.163853 0.154185 0.119238 0.0911602 0.0690068 0.0517978 0.0386048 0.0285587 0.021001 0.0153792 0.0112184 0.0081518 0.00590211 0.00426511 0.00309181 0.00226517 0.00168019 0.00124545 0.000911767 0.000658171 0.000467806 0.00283354 
2007 5.53694e-007 9.09329e-006 0.000105591 0.000866891 0.00503106 0.02062 0.0594534 0.119392 0.164515 0.154614 0.119378 0.0911193 0.0688605 0.051598 0.0383856 0.0283832 0.0208481 0.0152304 0.0110834 0.00803453 0.00580101 0.0041719 0.00299315 0.00215297 0.00156415 0.00114975 0.000844029 0.000611547 0.000436662 0.00274702 
2008 5.55936e-007 9.13058e-006 0.000106031 0.000870592 0.00505314 0.0207131 0.0597259 0.11992 0.165136 0.155   0.119487 0.0910579 0.068705 0.0513991 0.0381746 0.0281788 0.0206908 0.0151003 0.0109637 0.00792996 0.00571266 0.00409746 0.00292596 0.00208323 0.00148607 0.00107001 0.000778988 0.00056601 0.000405677 0.00265194 
2009 5.58224e-007 9.16842e-006 0.000106476 0.000874308 0.00507518 0.0208055 0.0599947 0.120437 0.165734 0.155356 0.119569 0.0909771 0.0685384 0.0511968 0.0379669 0.0279825 0.020514 0.0149681 0.0108583 0.00783695 0.00563377 0.00403232 0.00287215 0.00203554 0.00143742 0.00101632 0.000724811 0.00052232 0.000375437 0.00254969 
2010 5.60581e-007 9.20724e-006 0.00010693 0.000878079 0.00509743 0.0208983 0.060263 0.120949 0.166319 0.155692 0.11963 0.0908786 0.0683596 0.0509882 0.0377584 0.0277899 0.0203441 0.0148225 0.010752 0.00775452 0.00556335 0.00397403 0.00282498 0.00199725 0.00140406 0.000982806 0.000688324 0.000485939 0.000346435 0.00244184 
resids (last class is a plus group):
class 1       2       3       4       5       6       7       8       9       10      11      12      13      14      15      16      17      18      19      20      21      22      23      24      25      26      27      28      29      30      
2000 -5.34869e-007 -8.77434e-006 -0.000101745 -0.000833876 -0.00482943 0.0102519 0.0431727 0.035892 0.0320906 -0.029705 -0.00691142 0.00961896 -0.0492629 -0.0426858 -0.0298405 -0.0200385 0.00727784 -0.00739108 0.0164967 -0.000505203 0.0119034 0.00382624 0.0253488 -0.00345779 -0.0025336 -0.0018279 -0.00129745 -0.000905478 -0.000621068 0.00687876 
2001 -5.38496e-007 -8.8363e-006 -0.000102499 -0.000840421 0.0151303 0.020077 0.0726458 0.0148303 -0.0292537 -0.0309192 -0.00766616 0.0393135 -0.0292791 -0.0325286 -0.0195756 -0.00966814 -0.00219104 0.0133394 -0.00265958 0.000240984 0.00246316 -0.00576473 0.00563943 -0.00325734 -0.0023997 -0.00174146 -0.00124364 -0.000873294 -0.000602639 -0.00310357 
2002 -5.41612e-007 -8.88939e-006 -0.000103144 -0.000846004 -0.00490416 -7.31343e-005 0.00219059 -0.0260919 -0.0204216 0.0482259 0.00176522 0.00902317 0.0307076 -0.0123786 -0.00934038 -0.0193877 -0.0118591 0.00376936 0.00790019 -0.0091298 0.00301218 -0.00535662 0.00593497 0.00695076 -0.00225751 -0.00164736 -0.00118346 -0.000836179 -0.000580632 0.00692663 
2003 -5.44362e-007 -8.93612e-006 -0.000103709 -0.000850876 -0.00493412 -0.0102039 0.0417932 -0.00689848 0.008559 0.0174892 0.0214361 -0.0411563 0.05068 -0.0222466 0.000873827 -0.0191411 -0.0216025 -0.00595356 0.0082357 -0.00871036 -0.00652656 -0.00495906 -0.0037722 0.00716084 -0.00211099 -0.00154822 -0.00111851 -0.000795062 -0.000555536 0.00696916 
2004 -5.46863e-007 -8.97849e-006 -0.000104219 -0.00085525 0.0150392 -0.000319961 0.0114411 -0.0376119 0.00766276 0.0268522 0.0311638 -0.00117889 -0.0192845 -0.0221421 -0.00893815 0.0210803 -0.0113779 -0.0157369 -0.0115438 0.00154423 0.00378192 -0.00462598 0.00651161 0.00736794 -0.00196385 0.00855337 -0.00105048 -0.00075097 -0.000527929 -0.00297631 
2005 -5.49204e-007 -9.01802e-006 -0.000104694 -0.000859296 -0.00498539 -0.0104257 0.00112285 0.0317473 0.00686611 -0.0437009 0.0409411 0.0288198 -0.0091472 0.0479968 -0.0287805 -0.00872518 -0.0111775 -0.0155477 -0.00137001 0.00171384 -0.00602916 -0.00440272 -0.00325111 -0.00243209 -0.00181935 -0.001345 -0.000981045 -0.000704981 -0.000498456 -0.00291029 
2006 -5.51464e-007 -9.05601e-006 -0.000105148 -0.000863148 -0.00500862 0.00947515 0.0808274 0.0511595 0.0261468 -0.0441848 -0.0592376 -0.0311602 -0.00900684 0.00820215 -0.00860478 -0.00855869 0.018999 -0.00537922 -0.00121842 -0.0081518 -0.00590211 -0.00426511 -0.00309181 0.00773483 -0.00168019 -0.00124545 -0.000911767 -0.000658171 -0.000467806 -0.00283354 
2007 -5.53694e-007 -9.09329e-006 -0.000105591 -0.000866891 -0.00503106 -0.01062 0.0105466 0.000608393 -0.0345147 0.0153863 -0.0193783 0.0788807 0.0111395 -0.00159803 -0.00838558 -0.0183832 -0.000848119 -0.00523039 -0.0010834 -0.00803453 -0.00580101 -0.0041719 0.00700685 -0.00215297 0.00843585 -0.00114975 -0.000844029 -0.000611547 -0.000436662 -0.00274702 
2008 -5.55936e-007 -9.13058e-006 -0.000106031 -0.000870592 -0.00505314 -0.0207131 0.000274138 0.0200797 -0.0251364 0.0150001 0.0505131 0.0189421 -0.00870502 -0.0313991 0.0418254 -0.00817876 0.00930916 -0.0151003 -0.0109637 -0.00792996 -0.00571266 -0.00409746 -0.00292596 -0.00208323 -0.00148607 -0.00107001 -0.000778988 -0.00056601 -0.000405677 -0.00265194 
2009 -5.58224e-007 -9.16842e-006 -0.000106476 -0.000874308 -0.00507518 -0.0208055 -0.0299947 -0.0304371 -0.0257339 0.0146443 0.0304314 -0.0209771 0.0714616 0.0288032 0.0120331 0.0220175 -0.020514 0.00503187 -0.0108583 0.00216305 -0.00563377 -0.00403232 -0.00287215 -0.00203554 -0.00143742 -0.00101632 -0.000724811 -0.00052232 -0.000375437 -0.00254969 
2010 -5.60581e-007 -9.20724e-006 0.00989307 -0.000878079 0.0149026 -0.000898256 0.029737 -0.0109493 -0.0763186 0.044308 -0.0196298 0.0691214 0.00164036 -0.0109882 0.00224156 0.0122101 -0.0203441 -0.00482254 -0.010752 -0.00775452 -0.00556335 -0.00397403 -0.00282498 -0.00199725 -0.00140406 -0.000982806 -0.000688324 -0.000485939 -0.000346435 -0.00244184 
pearson_resids (last class is a plus group):
class 1       2       3       4       5       6       7       8       9       10      11      12      13      14      15      16      17      18      19      20      21      22      23      24      25      26      27      28      29      30      
2000 -0.00731348 -0.0296216 -0.100874 -0.28889 -0.696625 0.736842 1.86481 1.12888 0.880025 -0.83258 -0.215098 0.335475 -1.94024 -1.91069 -1.52571 -1.17395 0.488392 -0.565398 1.42932 -0.0495515 1.32827 0.488475 3.72551 -0.589049 -0.503988 -0.427931 -0.360435 -0.301048 -0.24929 1.23318 
2001 -0.00733823 -0.029726 -0.101247 -0.290022 2.17348 1.43679 3.12431 0.464569 -0.799473 -0.863738 -0.237923 1.36903 -1.15305 -1.45809 -1.00409 -0.56982 -0.148742 1.04218 -0.237886 0.024514 0.284801 -0.761456 0.855879 -0.571663 -0.490456 -0.417672 -0.352873 -0.295645 -0.245561 -0.557963 
2002 -0.00735943 -0.0298152 -0.101565 -0.290985 -0.70202 -0.00521455 0.0938624 -0.814519 -0.556452 1.34408 0.0546701 0.313766 1.2092  -0.555618 -0.480464 -1.14794 -0.811025 0.2983  0.722589 -0.959892 0.361603 -0.733857 0.932761 1.26066 -0.47567 -0.406211 -0.344218 -0.289289 -0.241033 1.25136 
2003 -0.00737809 -0.0298935 -0.101843 -0.291822 -0.704172 -0.725237 1.78501 -0.214706 0.232621 0.486466 0.663091 -1.42988 1.9953  -0.999741 0.045067 -1.13798 -1.48591 -0.47516 0.763813 -0.937384 -0.810521 -0.705958 -0.615344 1.34582 -0.459941 -0.393779 -0.334628 -0.282081 -0.235764 1.26782 
2004 -0.00739502 -0.0299643 -0.102093 -0.292572 2.14055 -0.0226774 0.487278 -1.16753 0.207798 0.745627 0.963049 -0.0409532 -0.75942 -0.995984 -0.462045 1.25792 -0.786634 -1.26446 -1.08067 0.168648 0.481103 -0.681724 1.10442 1.43804 -0.44359 2.25047 -0.324282 -0.274141 -0.229828 -0.546369 
2005 -0.00741083 -0.0300302 -0.102325 -0.293264 -0.70784 -0.73705 0.0477008 0.983172 0.185828 -1.21169 1.26417 1.00116 -0.360546 2.16169 -1.49067 -0.522363 -0.776346 -1.25671 -0.129219 0.18906 -0.778828 -0.664995 -0.571114 -0.493763 -0.426927 -0.366989 -0.31337 -0.265608 -0.223317 -0.540257 
2006 -0.00742607 -0.0300933 -0.102547 -0.293921 -0.709495 0.668266 3.42565 1.58095 0.706398 -1.22353 -1.82794 -1.08257 -0.355348 0.370102 -0.446651 -0.513842 1.32501 -0.437137 -0.115686 -0.906576 -0.770529 -0.654475 -0.556902 1.62702 -0.410246 -0.353129 -0.302093 -0.256633 -0.216339 -0.533066 
2007 -0.00744106 -0.0301552 -0.102763 -0.294558 -0.71109 -0.747317 0.446001 0.0187632 -0.930963 0.425583 -0.597666 2.74102 0.439921 -0.0722392 -0.436464 -1.10699 -0.0593606 -0.427082 -0.103484 -0.899978 -0.763863 -0.647254 1.28265 -0.464501 2.13467 -0.339275 -0.290644 -0.24737 -0.20901 -0.524842 
2008 -0.00745612 -0.030217 -0.102977 -0.295187 -0.712657 -1.45434 0.0115681 0.618087 -0.676977 0.414475 1.55731 0.658419 -0.344137 -1.42199 2.18276 -0.494235 0.653975 -1.23822 -1.05287 -0.894055 -0.75799 -0.641429 -0.541715 -0.4569 -0.385783 -0.327285 -0.279212 -0.237977 -0.201455 -0.515654 
2009 -0.00747144 -0.0302795 -0.103193 -0.295816 -0.714217 -1.45765 -1.26306 -0.935167 -0.692066 0.404267 0.937919 -0.729443 2.82828 1.30687 0.62962 1.33502 -1.44719 0.414401 -1.04774 0.245302 -0.752707 -0.63629 -0.536695 -0.45163 -0.379407 -0.31896 -0.269321 -0.228603 -0.193798 -0.50559 
2010 -0.0074872 -0.0303436 9.56763 -0.296454 2.09264 -0.0627959 1.24959 -0.335798 -2.04956 1.22208 -0.604872 2.40475 0.0650001 -0.499522 0.117598 0.742843 -1.44106 -0.399078 -1.04254 -0.884032 -0.747962 -0.631656 -0.532257 -0.447353 -0.374971 -0.313651 -0.26245 -0.220494 -0.18616 -0.494754 
objective function: multinomial likelihood, with delta = 1e-011, N =
100 100 100 100 100 100 100 100 100 100 100 100 100 100 100 100 100 100 100 100 100 100 100 100 100 100 100 100 100 100 
100 100 100 100 100 100 100 100 100 100 100 100 100 100 100 100 100 100 100 100 100 100 100 100 100 100 100 100 100 100 
100 100 100 100 100 100 100 100 100 100 100 100 100 100 100 100 100 100 100 100 100 100 100 100 100 100 100 100 100 100 
100 100 100 100 100 100 100 100 100 100 100 100 100 100 100 100 100 100 100 100 100 100 100 100 100 100 100 100 100 100 
100 100 100 100 100 100 100 100 100 100 100 100 100 100 100 100 100 100 100 100 100 100 100 100 100 100 100 100 100 100 
100 100 100 100 100 100 100 100 100 100 100 100 100 100 100 100 100 100 100 100 100 100 100 100 100 100 100 100 100 100 
100 100 100 100 100 100 100 100 100 100 100 100 100 100 100 100 100 100 100 100 100 100 100 100 100 100 100 100 100 100 
100 100 100 100 100 100 100 100 100 100 100 100 100 100 100 100 100 100 100 100 100 100 100 100 100 100 100 100 100 100 
100 100 100 100 100 100 100 100 100 100 100 100 100 100 100 100 100 100 100 100 100 100 100 100 100 100 100 100 100 100 
100 100 100 100 100 100 100 100 100 100 100 100 100 100 100 100 100 100 100 100 100 100 100 100 100 100 100 100 100 100 
100 100 100 100 100 100 100 100 100 100 100 100 100 100 100 100 100 100 100 100 100 100 100 100 100 100 100 100 100 100 

Tags2005_R1_R1 :
tag-recapture data for tag Tags2005_R1 in years 2006 2007 2008 2009 2010 , step 1, after proportion 0.5 of mortality, with sampling method size, detection probability 1.
Year 2006
class scanned recaptured expected_prop neg_log_likelihood
100 0 0 0 0
150 0 0 1.18024e-012 0
200 0 0 7.01478e-012 0
250 2 0 4.96808e-011 9.93616e-011
300 28 0 6.67112e-010 1.86791e-008
350 320 0 8.32389e-009 2.66364e-006
400 2302 0 7.76297e-008 0.000178704
450 11502 0 5.23155e-007 0.00601733
500 39770 0 2.49248e-006 0.0991261
550 96806 1 8.52916e-006 1.01722
600 173902 3 2.17581e-005 1.58336
650 243624 10 4.3191e-005 2.09173
700 277690 12 6.94515e-005 3.76073
750 266092 19 9.39442e-005 3.18075
800 224820 33 0.00011127 3.82661
850 178122 29 0.000120203 3.81498
900 136978 20 0.000122434 2.71362
950 101584 17 0.000119926 3.18759
1000 71958 7 0.000113872 1.9953
1050 49292 3 0.000104944 2.03437
1100 33518 4 9.3651e-005 1.74139
1150 23134 1 8.05523e-005 1.24104
1200 16316 0 6.65471e-005 1.08582
1250 11662 1 5.30217e-005 1.09902
1300 8346 0 4.13273e-005 0.344925
1350 5944 0 3.21654e-005 0.191194
1400 4222 0 2.56208e-005 0.108172
1450 2988 0 2.11923e-005 0.0633231
1500 2086 0 1.8249e-005 0.0380677
1550 1406 0 1.63063e-005 0.0229269
1600 896 0 1.49769e-005 0.0134194
1650 530 0 1.40804e-005 0.00746268
1700 286 1 1.34918e-005 5.56128
1750 140 0 1.31138e-005 0.00183595
1800 62 0 1.28747e-005 0.000798233
1850 24 0 1.27243e-005 0.000305385
1900 8 0 1.26275e-005 0.000101021
1950 2 0 1.2555e-005 2.51101e-005
2000 0 0 1.24756e-005 0

total neg_log_likelihood: 40.8327


Year 2007
class scanned recaptured expected_prop neg_log_likelihood
100 0 0 0 0
150 0 0 3.95068e-015 0
200 0 0 3.99827e-013 0
250 2 0 5.96842e-012 1.19369e-011
300 28 0 1.21662e-010 3.40653e-009
350 344 0 1.66975e-009 5.74393e-007
400 2442 0 1.60598e-008 3.9218e-005
450 11568 0 1.23389e-007 0.00142736
500 39724 0 7.12943e-007 0.0283209
550 99366 0 3.00715e-006 0.298809
600 181960 1 9.43668e-006 1.17646
650 252416 6 2.27965e-005 1.83386
700 280488 7 4.38889e-005 3.26245
750 265182 13 6.9439e-005 3.09574
800 224010 18 9.31523e-005 2.57539
850 176300 19 0.000109914 2.3992
900 134278 12 0.00011847 2.69335
950 100438 18 0.000120284 3.62708
1000 72920 18 0.00011722 6.3217
1050 50898 5 0.000110442 1.77593
1100 34514 8 0.000100577 4.11985
1150 23278 2 8.81629e-005 1.30748
1200 15942 3 7.4097e-005 2.47329
1250 11162 2 5.98719e-005 2.16749
1300 7944 0 4.71048e-005 0.37421
1350 5686 1 3.68015e-005 1.77343
1400 4062 0 2.92784e-005 0.118931
1450 2880 0 2.41053e-005 0.0694242
1500 2006 0 2.06197e-005 0.0413636
1550 1350 0 1.82923e-005 0.0246949
1600 862 0 1.66757e-005 0.0143746
1650 512 0 1.55677e-005 0.00797074
1700 278 0 1.48289e-005 0.00412247
1750 138 0 1.43479e-005 0.00198003
1800 62 0 1.40404e-005 0.000870509
1850 24 0 1.38458e-005 0.000332301
1900 8 0 1.37209e-005 0.000109768
1950 2 0 1.3631e-005 2.72623e-005
2000 0 0 1.35393e-005 0

total neg_log_likelihood: 41.5897


Year 2008
class scanned recaptured expected_prop neg_log_likelihood
100 0 0 0 0
150 0 0 0 0
200 0 0 1.15072e-014 0
250 2 0 5.44441e-013 1.08891e-012
300 28 0 2.04928e-011 5.73796e-010
350 344 0 3.75956e-010 1.29329e-007
400 2602 0 3.68848e-009 9.59742e-006
450 12332 0 2.84626e-008 0.000351001
500 40170 0 1.86766e-007 0.00750241
550 97884 0 9.39883e-007 0.0919996
600 182308 1 3.57618e-006 1.07973
650 260086 4 1.04637e-005 1.89484
700 291620 5 2.4166e-005 2.07156
750 271378 11 4.51841e-005 2.19273
800 224512 15 7.00859e-005 2.29593
850 174626 17 9.28482e-005 2.35916
900 131756 16 0.000108792 2.40367
950 97934 9 0.000116717 2.30575
1000 71728 10 0.000117912 2.2113
1050 51120 8 0.000114064 2.33008
1100 35200 4 0.000106232 1.6417
1150 23658 2 9.50447e-005 1.32109
1200 15864 2 8.13921e-005 1.47315
1250 10828 1 6.68366e-005 1.04703
1300 7580 0 5.32306e-005 0.403498
1350 5410 1 4.18941e-005 1.71097
1400 3886 0 3.34187e-005 0.129867
1450 2772 0 2.74913e-005 0.0762068
1500 1934 0 2.34443e-005 0.0453417
1550 1300 0 2.07156e-005 0.0269305
1600 826 1 1.88001e-005 4.18056
1650 490 0 1.74735e-005 0.0085621
1700 266 0 1.65804e-005 0.00441043
1750 132 0 1.59943e-005 0.00211126
1800 58 0 1.56171e-005 0.000905799
1850 24 0 1.53776e-005 0.000369065
1900 8 0 1.5224e-005 0.000121793
1950 2 0 1.51151e-005 3.02305e-005
2000 0 0 1.50098e-005 0

total neg_log_likelihood: 33.3175


Year 2009
class scanned recaptured expected_prop neg_log_likelihood
100 0 0 0 0
150 0 0 0 0
200 0 0 3.89766e-017 0
250 2 0 3.32366e-014 6.63913e-014
300 28 0 2.72403e-012 7.62732e-011
350 338 0 8.21457e-011 2.77652e-008
400 2596 0 1.00487e-009 2.60864e-006
450 13080 0 6.99296e-009 9.14679e-005
500 43468 0 4.77004e-008 0.00207344
550 101422 0 2.71652e-007 0.0275514
600 180382 1 1.21982e-006 1.73401
650 255904 1 4.26811e-006 1.00401
700 293398 5 1.17643e-005 2.04489
750 278302 4 2.60088e-005 2.49882
800 229716 13 4.70473e-005 2.41652
850 175798 13 7.12275e-005 2.21681
900 130724 13 9.28925e-005 2.23731
950 96182 10 0.000107795 2.08512
1000 70174 7 0.000114853 1.97668
1050 50456 7 0.000115152 2.01802
1100 35360 5 0.000110149 1.88401
1150 24054 4 0.000100813 2.05972
1200 16060 0 8.81223e-005 1.41531
1250 10754 1 7.36891e-005 1.02503
1300 7362 1 5.95627e-005 1.26285
1350 5182 0 4.73718e-005 0.245486
1400 3714 0 3.80173e-005 0.141199
1450 2662 0 3.13513e-005 0.0834585
1500 1866 0 2.67348e-005 0.0498879
1550 1256 0 2.35908e-005 0.0296304
1600 798 0 2.13634e-005 0.0170482
1650 470 0 1.98088e-005 0.00931022
1700 254 0 1.87555e-005 0.00476393
1750 126 0 1.80606e-005 0.00227566
1800 56 0 1.76119e-005 0.000986275
1850 22 0 1.73265e-005 0.000381186
1900 8 0 1.71437e-005 0.000137151
1950 2 0 1.7015e-005 3.40302e-005
2000 0 0 1.68927e-005 0

total neg_log_likelihood: 28.4934


Year 2010
class scanned recaptured expected_prop neg_log_likelihood
100 0 0 0 0
150 0 0 0 0
200 0 0 0 0
250 2 0 9.90363e-016 1.9984e-015
300 30 0 2.59552e-013 7.7871e-012
350 342 0 1.49847e-011 5.12476e-009
400 2546 0 3.07185e-010 7.82093e-007
450 12914 0 1.95974e-009 2.53081e-005
500 45438 0 1.27602e-008 0.0005798
550 110634 0 7.6542e-008 0.00846814
600 193100 0 3.88474e-007 0.0750143
650 259840 0 1.58807e-006 0.412643
700 288924 1 5.16305e-006 1.09179
750 275666 5 1.34228e-005 1.94575
800 231594 8 2.83079e-005 2.11756
850 178066 11 4.9341e-005 2.38355
900 131090 12 7.27253e-005 2.46293
950 95240 9 9.31547e-005 2.02768
1000 68874 9 0.000106814 2.19798
1050 49434 4 0.000112705 1.87887
1100 34952 3 0.000111694 1.60971
1150 24134 3 0.00010502 1.5362
1200 16262 1 9.39319e-005 1.10385
1250 10830 0 8.01563e-005 0.868128
1300 7284 0 6.59142e-005 0.480135
1350 5028 1 5.31259e-005 1.58714
1400 3564 0 4.30222e-005 0.153334
1450 2550 0 3.56687e-005 0.0909569
1500 1794 0 3.0494e-005 0.0547071
1550 1212 0 2.69291e-005 0.0326385
1600 770 0 2.4379e-005 0.0187721
1650 454 0 2.25859e-005 0.0102541
1700 246 0 2.13644e-005 0.0052557
1750 120 0 2.05557e-005 0.0024667
1800 54 0 2.00321e-005 0.00108174
1850 22 0 1.96988e-005 0.000433378
1900 8 0 1.9486e-005 0.000155889
1950 2 0 1.9337e-005 3.86744e-005
2000 0 0 1.91963e-005 0

total neg_log_likelihood: 24.1581


Tags2006_R1_R1 :
tag-recapture data for tag Tags2006_R1 in years 2007 2008 2009 2010 , step 1, after proportion 0.5 of mortality, with sampling method size, detection probability 1.
Year 2007
class scanned recaptured expected_prop neg_log_likelihood
100 0 0 0 0
150 0 0 2.2955e-012 0
200 0 0 1.04759e-011 0
250 2 0 6.12799e-011 1.2256e-010
300 28 0 7.94496e-010 2.22459e-008
350 344 0 9.85382e-009 3.38971e-006
400 2442 0 8.83579e-008 0.00021577
450 11568 0 5.69478e-007 0.00658773
500 39724 1 2.62745e-006 2.36416
550 99366 0 8.8221e-006 0.876621
600 181960 5 2.22959e-005 1.84227
650 252416 5 4.41295e-005 3.87429
700 280488 19 7.10431e-005 2.4174
750 265182 23 9.63987e-005 2.62331
800 224010 22 0.000114497 2.741
850 176300 28 0.000123694 3.39421
900 134278 15 0.000125395 2.38263
950 100438 14 0.000121539 2.37001
1000 72920 6 0.000113552 2.17624
1050 50898 4 0.000102514 1.78752
1100 34514 6 8.94018e-005 2.9044
1150 23278 4 7.51707e-005 2.68984
1200 15942 3 6.08831e-005 2.85192
1250 11162 1 4.77997e-005 1.16173
1300 7944 0 3.69593e-005 0.29361
1350 5686 0 2.87554e-005 0.163506
1400 4062 0 2.30604e-005 0.0936726
1450 2880 0 1.92959e-005 0.0555729
1500 2006 0 1.68405e-005 0.0337823
1550 1350 0 1.52426e-005 0.0205777
1600 862 0 1.41588e-005 0.012205
1650 512 0 1.34311e-005 0.00687676
1700 278 0 1.29539e-005 0.0036012
1750 138 0 1.26472e-005 0.00174533
1800 62 0 1.24529e-005 0.000772083
1850 24 0 1.23304e-005 0.000295931
1900 8 0 1.22513e-005 9.80112e-005
1950 2 0 1.21932e-005 2.43865e-005
2000 0 0 1.21318e-005 0

total neg_log_likelihood: 39.1507


Year 2008
class scanned recaptured expected_prop neg_log_likelihood
100 0 0 0 0
150 0 0 7.93921e-015 0
200 0 0 6.92521e-013 0
250 2 0 7.70106e-012 1.54021e-011
300 28 0 1.4025e-010 3.92699e-009
350 344 0 1.91618e-009 6.59167e-007
400 2602 0 1.83681e-008 4.77937e-005
450 12332 0 1.3692e-007 0.0016885
500 40170 0 7.64835e-007 0.0307234
550 97884 1 3.14719e-006 1.48552
600 182308 3 9.73058e-006 1.84607
650 260086 7 2.33378e-005 1.97166
700 291620 15 4.48459e-005 2.41328
750 271378 13 7.10567e-005 3.36538
800 224512 21 9.55965e-005 2.45014
850 174626 19 0.000113038 2.40952
900 131756 16 0.000121734 2.31043
950 97934 16 0.000122896 2.90152
1000 71728 10 0.000118411 2.20487
1050 51120 4 0.000109713 1.88941
1100 35200 6 9.78658e-005 2.60281
1150 23658 2 8.38805e-005 1.30687
1200 15864 1 6.8984e-005 1.00416
1250 10828 0 5.47206e-005 0.592531
1300 7580 0 4.24903e-005 0.322083
1350 5410 1 3.29898e-005 1.90175
1400 3886 0 2.62707e-005 0.102089
1450 2772 1 2.17725e-005 2.86787
1500 1934 0 1.88089e-005 0.0363768
1550 1300 0 1.68657e-005 0.0219256
1600 826 0 1.55348e-005 0.0128318
1650 490 0 1.4631e-005 0.00716922
1700 266 0 1.40314e-005 0.00373238
1750 132 0 1.36421e-005 0.00180076
1800 58 0 1.33932e-005 0.000776809
1850 24 0 1.32354e-005 0.000317652
1900 8 0 1.31336e-005 0.000105069
1950 2 0 1.30601e-005 2.61205e-005
2000 0 0 1.29876e-005 0

total neg_log_likelihood: 36.0655


Year 2009
class scanned recaptured expected_prop neg_log_likelihood
100 0 0 0 0
150 0 0 0 0
200 0 0 2.23737e-014 0
250 2 0 7.94258e-013 1.58851e-012
300 28 0 2.40367e-011 6.73027e-010
350 338 0 4.18608e-010 1.4149e-007
400 2596 0 4.13646e-009 1.07383e-005
450 13080 0 3.17908e-008 0.000415823
500 43468 0 2.03339e-007 0.00883873
550 101422 0 9.96622e-007 0.101079
600 180382 0 3.71974e-006 0.670976
650 255904 3 1.07603e-005 1.50662
700 293398 5 2.47214e-005 2.13349
750 278302 9 4.61793e-005 2.67228
800 229716 24 7.17489e-005 4.0124
850 175798 14 9.52888e-005 2.48389
900 130724 10 0.000111802 2.89904
950 96182 10 0.000119724 2.18291
1000 70174 8 0.000120142 1.98021
1050 50456 4 0.000114809 1.94438
1100 35360 3 0.000105103 1.56987
1150 24054 2 9.21194e-005 1.31768
1200 16060 5 7.71857e-005 4.95343
1250 10754 1 6.20906e-005 1.07156
1300 7362 1 4.86148e-005 1.38536
1350 5182 0 3.78252e-005 0.196014
1400 3714 0 3.00269e-005 0.111522
1450 2662 0 2.47295e-005 0.0658308
1500 1866 0 2.1203e-005 0.0395653
1550 1256 0 1.88752e-005 0.0237074
1600 798 0 1.72705e-005 0.013782
1650 470 0 1.61742e-005 0.00760195
1700 254 0 1.5443e-005 0.00392255
1750 126 0 1.49658e-005 0.0018857
1800 56 0 1.46595e-005 0.000820938
1850 22 0 1.44649e-005 0.00031823
1900 8 0 1.43393e-005 0.000114715
1950 2 0 1.42491e-005 2.84984e-005
2000 0 0 1.41619e-005 0

total neg_log_likelihood: 33.3596


Year 2010
class scanned recaptured expected_prop neg_log_likelihood
100 0 0 0 0
150 0 0 0 0
200 0 0 7.83289e-017 0
250 2 0 5.72687e-014 1.14575e-013
300 30 0 3.43427e-012 1.03028e-010
350 342 0 9.12531e-011 3.12086e-008
400 2546 0 1.09357e-009 2.78423e-006
450 12914 0 7.73238e-009 9.98559e-005
500 45438 0 5.224e-008 0.00237368
550 110634 0 2.91196e-007 0.0322162
600 193100 0 1.28076e-006 0.247316
650 259840 1 4.41613e-006 1.00991
700 288924 7 1.20711e-005 3.26824
750 275666 10 2.65946e-005 2.5142
800 231594 12 4.80995e-005 2.20072
850 178066 9 7.2946e-005 2.71399
900 131090 12 9.53247e-005 2.17827
950 95240 10 0.00011067 2.0926
1000 68874 3 0.000117571 3.61481
1050 49434 2 0.000116966 2.96584
1100 34952 5 0.00011044 1.89408
1150 24134 1 9.93287e-005 1.52292
1200 16262 0 8.50782e-005 1.3836
1250 10830 0 6.96623e-005 0.754469
1300 7284 1 5.52222e-005 1.3129
1350 5028 0 4.32398e-005 0.217414
1400 3564 0 3.43526e-005 0.122435
1450 2550 0 2.82072e-005 0.0719293
1500 1794 0 2.40647e-005 0.0431726
1550 1212 0 2.13079e-005 0.0258255
1600 770 0 1.93958e-005 0.0149349
1650 454 0 1.80836e-005 0.00821003
1700 246 0 1.72054e-005 0.00423257
1750 120 0 1.6631e-005 0.00199573
1800 54 0 1.62617e-005 0.000878138
1850 22 0 1.60268e-005 0.000352593
1900 8 0 1.58754e-005 0.000127004
1950 2 0 1.57669e-005 3.1534e-005
2000 0 0 1.56622e-005 0

total neg_log_likelihood: 30.2201


Tags2007_R1_R1 :
tag-recapture data for tag Tags2007_R1 in years 2008 2009 2010 , step 1, after proportion 0.5 of mortality, with sampling method size, detection probability 1.
Year 2008
class scanned recaptured expected_prop neg_log_likelihood
100 0 0 0 0
150 0 0 1.27612e-012 0
200 0 0 8.44809e-012 0
250 2 0 5.56516e-011 1.11303e-010
300 28 0 7.32767e-010 2.05175e-008
350 344 0 9.18975e-009 3.16127e-006
400 2602 0 8.48665e-008 0.000220823
450 12332 0 5.6075e-007 0.00691517
500 40170 0 2.6244e-006 0.105422
550 97884 1 8.87119e-006 1.00951
600 182308 5 2.2466e-005 1.83348
650 260086 13 4.44301e-005 2.29453
700 291620 23 7.13429e-005 2.6022
750 271378 26 9.64846e-005 2.55179
800 224512 25 0.000114301 2.54027
850 174626 22 0.000123506 2.4725
900 131756 15 0.000125858 2.3565
950 97934 17 0.000123408 3.22634
1000 71728 12 0.000117366 2.84058
1050 51120 6 0.000108352 1.84732
1100 35200 3 9.68289e-005 1.52139
1150 23658 3 8.33416e-005 1.72673
1200 15864 1 6.87985e-005 1.00391
1250 10828 2 5.46414e-005 2.33446
1300 7580 0 4.23425e-005 0.320963
1350 5410 0 3.27289e-005 0.177066
1400 3886 0 2.59338e-005 0.10078
1450 2772 0 2.14136e-005 0.0593591
1500 1934 1 1.84704e-005 3.3677
1550 1300 0 1.65682e-005 0.0215388
1600 826 0 1.52911e-005 0.0126306
1650 490 0 1.44426e-005 0.00707695
1700 266 0 1.38913e-005 0.0036951
1750 132 0 1.35394e-005 0.00178721
1800 58 0 1.33173e-005 0.00077241
1850 24 0 1.31774e-005 0.00031626
1900 8 0 1.30863e-005 0.000104691
1950 2 0 1.3018e-005 2.60362e-005
2000 0 0 1.29463e-005 0

total neg_log_likelihood: 36.3479


Year 2009
class scanned recaptured expected_prop neg_log_likelihood
100 0 0 0 0
150 0 0 4.03183e-015 0
200 0 0 4.8009e-013 0
250 2 0 6.89461e-012 1.37892e-011
300 28 0 1.32695e-010 3.71547e-009
350 338 0 1.81229e-009 6.12555e-007
400 2596 0 1.74978e-008 4.54242e-005
450 13080 0 1.33149e-007 0.00174159
500 43468 0 7.56869e-007 0.0328996
550 101422 1 3.14684e-006 1.46122
600 180382 1 9.7777e-006 1.19629
650 255904 10 2.34845e-005 3.18032
700 293398 14 4.5091e-005 2.2664
750 278302 14 7.12852e-005 3.2031
800 229716 32 9.56432e-005 4.65806
850 175798 21 0.000112897 2.47797
900 130724 17 0.000121735 2.37665
950 96182 10 0.000123679 2.23831
1000 70174 5 0.000120672 2.57408
1050 50456 4 0.000113887 1.93012
1100 35360 13 0.000103915 9.30944
1150 24054 3 9.12427e-005 1.62826
1200 16060 3 7.67377e-005 2.39726
1250 10754 0 6.19178e-005 0.665885
1300 7362 1 4.85065e-005 1.38679
1350 5182 0 3.76526e-005 0.195119
1400 3714 1 2.97621e-005 2.31292
1450 2662 0 2.43968e-005 0.064945
1500 1866 0 2.08387e-005 0.0388854
1550 1256 0 1.85058e-005 0.0232435
1600 798 0 1.69162e-005 0.0134992
1650 470 0 1.5845e-005 0.00744719
1700 254 0 1.51398e-005 0.00384555
1750 126 0 1.46849e-005 0.00185031
1800 56 0 1.43955e-005 0.000806152
1850 22 0 1.42123e-005 0.000312674
1900 8 0 1.40935e-005 0.000112749
1950 2 0 1.40059e-005 2.80119e-005
2000 0 0 1.39172e-005 0

total neg_log_likelihood: 45.6479


Year 2010
class scanned recaptured expected_prop neg_log_likelihood
100 0 0 0 0
150 0 0 0 0
200 0 0 1.24515e-014 0
250 2 0 6.57879e-013 1.31584e-012
300 30 0 2.26792e-011 6.80376e-010
350 342 0 4.0308e-010 1.37853e-007
400 2546 0 3.96345e-009 1.00909e-005
450 12914 0 3.06677e-008 0.000396042
500 45438 0 1.99232e-007 0.00905271
550 110634 0 9.89037e-007 0.109421
600 193100 0 3.72022e-006 0.718376
650 259840 1 1.08026e-005 1.77485
700 288924 11 2.48457e-005 2.99882
750 275666 17 4.63771e-005 2.96957
800 231594 15 7.19202e-005 2.36371
850 178066 15 9.53158e-005 2.39782
900 131090 8 0.000111741 3.77838
950 95240 14 0.000119949 2.51517
1000 68874 10 0.000121279 2.23115
1050 49434 3 0.000117483 2.32194
1100 34952 1 0.000109633 2.48863
1150 24134 1 9.83119e-005 1.50867
1200 16262 1 8.43501e-005 1.05562
1250 10830 2 6.92876e-005 2.01785
1300 7284 1 5.5049e-005 1.31478
1350 5028 1 4.30984e-005 1.74591
1400 3564 0 3.41514e-005 0.121718
1450 2550 0 2.79261e-005 0.0712126
1500 1794 0 2.372e-005 0.0425541
1550 1212 0 2.09223e-005 0.0253581
1600 770 0 1.89909e-005 0.0146231
1650 454 0 1.76749e-005 0.00802446
1700 246 0 1.6801e-005 0.00413308
1750 120 0 1.62334e-005 0.00194802
1800 54 0 1.58706e-005 0.00085702
1850 22 0 1.56407e-005 0.000344098
1900 8 0 1.54921e-005 0.000123938
1950 2 0 1.53837e-005 3.07675e-005
2000 0 0 1.52753e-005 0

total neg_log_likelihood: 34.6111


Tags2008_R1_R1 :
tag-recapture data for tag Tags2008_R1 in years 2009 2010 , step 1, after proportion 0.5 of mortality, with sampling method size, detection probability 1.
Year 2009
class scanned recaptured expected_prop neg_log_likelihood
100 0 0 0 0
150 0 0 1.31257e-012 0
200 0 0 9.17019e-012 0
250 2 0 5.96791e-011 1.19358e-010
300 28 0 7.83535e-010 2.1939e-008
350 338 0 9.84987e-009 3.32926e-006
400 2596 0 9.08328e-008 0.000235802
450 13080 0 5.97733e-007 0.00781835
500 43468 0 2.7874e-006 0.121163
550 101422 0 9.40584e-006 0.953964
600 180382 8 2.37996e-005 3.24172
650 255904 8 4.69888e-005 2.73359
700 293398 17 7.51326e-005 2.96734
750 278302 27 0.00010075 2.58939
800 229716 30 0.000117703 2.77885
850 175798 12 0.000124753 4.86376
900 130724 8 0.000124246 4.54602
950 96182 13 0.000118964 2.3093
1000 70174 4 0.000110677 2.74542
1050 50456 5 0.000100316 1.74063
1100 35360 3 8.84279e-005 1.49849
1150 24054 2 7.54661e-005 1.31591
1200 16060 2 6.20748e-005 1.69621
1250 10754 1 4.93168e-005 1.16453
1300 7362 0 3.8316e-005 0.282088
1350 5182 0 2.97178e-005 0.154
1400 3714 0 2.36276e-005 0.0877538
1450 2662 0 1.95687e-005 0.0520924
1500 1866 0 1.6924e-005 0.0315805
1550 1256 0 1.52158e-005 0.0191112
1600 798 0 1.40707e-005 0.0112285
1650 470 0 1.33114e-005 0.00625642
1700 254 0 1.2819e-005 0.00325605
1750 126 0 1.25052e-005 0.00157567
1800 56 0 1.23075e-005 0.000689222
1850 22 0 1.21829e-005 0.000268026
1900 8 0 1.21018e-005 9.68148e-005
1950 2 0 1.20405e-005 2.40811e-005
2000 0 0 1.19759e-005 0

total neg_log_likelihood: 37.9244


Year 2010
class scanned recaptured expected_prop neg_log_likelihood
100 0 0 0 0
150 0 0 4.06943e-015 0
200 0 0 5.12917e-013 0
250 2 0 7.46534e-012 1.49307e-011
300 30 0 1.41547e-010 4.24641e-009
350 342 0 1.93591e-009 6.62083e-007
400 2546 0 1.8699e-008 4.76078e-005
450 12914 0 1.42065e-007 0.00183463
500 45438 0 8.04753e-007 0.0365664
550 110634 0 3.33682e-006 0.369166
600 193100 1 1.03533e-005 1.30647
650 259840 6 2.48412e-005 1.84509
700 288924 14 4.75955e-005 2.24663
750 275666 16 7.48847e-005 2.87689
800 231594 18 9.95672e-005 2.96949
850 178066 17 0.000115858 2.68045
900 131090 8 0.000122531 4.45545
950 95240 10 0.000121691 2.19292
1000 68874 13 0.000115994 3.52641
1050 49434 6 0.000107163 1.87329
1100 34952 6 9.60832e-005 2.66896
1150 24134 4 8.33127e-005 2.39485
1200 16262 0 6.95541e-005 1.13113
1250 10830 1 5.59672e-005 1.10676
1300 7284 0 4.38689e-005 0.319548
1350 5028 0 3.41322e-005 0.17162
1400 3564 0 2.7059e-005 0.0964395
1450 2550 0 2.2245e-005 0.0567253
1500 1794 0 1.90497e-005 0.0341755
1550 1212 0 1.69539e-005 0.0205482
1600 770 0 1.55262e-005 0.0119553
1650 454 0 1.45651e-005 0.00661259
1700 246 0 1.39332e-005 0.0034276
1750 120 0 1.35261e-005 0.00162315
1800 54 0 1.32674e-005 0.000716445
1850 22 0 1.31039e-005 0.000288287
1900 8 0 1.29979e-005 0.000103984
1950 2 0 1.29194e-005 2.58389e-005
2000 0 0 1.28391e-005 0

total neg_log_likelihood: 34.4062


Tags2009_R1_R1 :
tag-recapture data for tag Tags2009_R1 in years 2010 , step 1, after proportion 0.5 of mortality, with sampling method size, detection probability 1.
Year 2010
class scanned recaptured expected_prop neg_log_likelihood
100 0 0 0 0
150 0 0 1.32329e-012 0
200 0 0 9.33646e-012 0
250 2 0 6.09535e-011 1.21907e-010
300 30 0 7.91426e-010 2.37428e-008
350 342 0 9.96039e-009 3.40645e-006
400 2546 0 9.19619e-008 0.000234135
450 12914 0 6.03e-007 0.00778714
500 45438 1 2.79245e-006 2.19137
550 110634 1 9.3526e-006 1.00058
600 193100 2 2.35328e-005 2.20964
650 259840 6 4.6351e-005 3.69183
700 288924 19 7.42212e-005 2.54044
750 275666 25 0.000100097 2.65756
800 231594 29 0.000118124 2.65379
850 178066 22 0.000126968 2.47645
900 131090 14 0.000128593 2.50151
950 95240 12 0.000125327 2.16844
1000 68874 9 0.000118566 2.06794
1050 49434 4 0.000108998 1.82939
1100 34952 1 9.70556e-005 2.17085
1150 24134 0 8.31979e-005 2.00798
1200 16262 0 6.82221e-005 1.10947
1250 10830 1 5.35031e-005 1.1251
1300 7284 0 4.05557e-005 0.295414
1350 5028 1 3.03333e-005 2.03297
1400 3564 1 2.30797e-005 2.58015
1450 2550 0 1.82723e-005 0.0465948
1500 1794 0 1.51755e-005 0.027225
1550 1212 0 1.3205e-005 0.0160046
1600 770 0 1.19097e-005 0.00917053
1650 454 0 1.10679e-005 0.00502484
1700 246 0 1.05316e-005 0.00259079
1750 120 0 1.01948e-005 0.00122338
1800 54 0 9.98452e-006 0.000539167
1850 22 0 9.85246e-006 0.000216755
1900 8 0 9.7653e-006 7.81228e-005
1950 2 0 9.69692e-006 1.93939e-005
2000 0 0 9.62239e-006 0

total neg_log_likelihood: 39.4276


Output quantities start here

* Scalar parameter values
initialization.B0 237347

* Nuisance q's

* B0
237347

* R0
1.72211e+007

* SSBs
SSB 237347 234542 227778 220348 212345 203925 195277 186594 178048 169786 161906 154458 147456 140892 134750 129011 123653 118655 113994 109646 105590 
year 1990 1991 1992 1993 1994 1995 1996 1997 1998 1999 2000 2001 2002 2003 2004 2005 2006 2007 2008 2009 2010 

* recruitments
recruitment 1.72211e+007 1.72211e+007 1.7199e+007 1.71439e+007 1.70799e+007 1.70065e+007 1.69239e+007 1.68325e+007 1.67334e+007 1.66277e+007 1.65169e+007 1.64022e+007 1.62847e+007 1.61652e+007 1.60442e+007 1.59222e+007 1.57995e+007 1.56767e+007 1.55541e+007 1.54319e+007 1.53105e+007 
year 1990 1991 1992 1993 1994 1995 1996 1997 1998 1999 2000 2001 2002 2003 2004 2005 2006 2007 2008 2009 2010 

* YCS
YCS 1 1 1 1 1 1 1 1 1 1 1 1 1 1 1 1 1 1 1 1 1 
year 1989 1990 1991 1992 1993 1994 1995 1996 1997 1998 1999 2000 2001 2002 2003 2004 2005 2006 2007 2008 2009 

* true_YCS
true_YCS 1 1 0.99872 0.995519 0.991802 0.987542 0.982743 0.977438 0.971683 0.965546 0.959109 0.95245 0.945628 0.938688 0.931662 0.924576 0.917454 0.910321 0.903199 0.896105 0.889057 
year 1989 1990 1991 1992 1993 1994 1995 1996 1997 1998 1999 2000 2001 2002 2003 2004 2005 2006 2007 2008 2009 

* fishing_pressures
LL1 0 0.0624173 0.0654048 0.0685065 0.071644 0.074753 0.0777812 0.0806872 0.0834414 0.0860289 0.0884502 0.0907166 0.0928436 0.0948493 0.0967544 0.0985801 0.100349 0.102078 0.103787 0.105489 0.107198 
LL2 0 0.0624173 0.0654048 0.0685065 0.071644 0.074753 0.0777812 0.0806872 0.0834414 0.0860289 0.0884502 0.0907166 0.0928436 0.0948493 0.0967544 0.0985801 0.100349 0.102078 0.103787 0.105489 0.107198 
year 1990 1991 1992 1993 1994 1995 1996 1997 1998 1999 2000 2001 2002 2003 2004 2005 2006 2007 2008 2009 2010 

* Numbers_at_age_R1
1990  1.59847e+007 1.36896e+007 1.1724e+007 1.00406e+007 8.5989e+006 7.36423e+006 6.30684e+006 5.40127e+006 4.62573e+006 3.96154e+006 3.39273e+006 2.90558e+006 2.48839e+006 2.13109e+006 1.8251e+006 1.56304e+006 1.33861e+006 1.14641e+006 981802 840830 720099 616704 528155 452320 387373 331753 284118 243323 208385 1.24292e+006 
1991  1.59847e+007 1.36896e+007 1.17239e+007 1.004e+007 8.59564e+006 7.35097e+006 6.26866e+006 5.32351e+006 4.51372e+006 3.84747e+006 3.29571e+006 2.8242e+006 2.42107e+006 2.07617e+006 1.78091e+006 1.52797e+006 1.31117e+006 1.12523e+006 965676 828724 711136 610159 523441 448972 385029 330133 283014 242581 207894 1.24068e+006 
1992  1.59643e+007 1.36896e+007 1.17239e+007 1.00399e+007 8.59444e+006 7.34431e+006 6.24238e+006 5.24998e+006 4.36766e+006 3.64036e+006 3.08565e+006 2.64549e+006 2.27106e+006 1.95194e+006 1.67942e+006 1.44619e+006 1.24615e+006 1.07425e+006 926256 798661 688527 593392 511179 440130 378741 325724 279966 240503 206497 1.23552e+006 
1993  1.59131e+007 1.3672e+007 1.17239e+007 1.00398e+007 8.59412e+006 7.34247e+006 6.23421e+006 5.22237e+006 4.29839e+006 3.51221e+006 2.91011e+006 2.46897e+006 2.12075e+006 1.82557e+006 1.57451e+006 1.36022e+006 1.17663e+006 1.01877e+006 882590 764761 662575 573803 496604 429439 371012 320217 276098 237825 204669 1.22969e+006 
1994  1.58537e+007 1.36282e+007 1.17089e+007 1.00398e+007 8.59389e+006 7.34137e+006 6.23008e+006 5.20983e+006 4.2667e+006 3.44607e+006 2.79832e+006 2.32088e+006 1.97294e+006 1.69954e+006 1.46833e+006 1.27183e+006 1.10397e+006 959799 835354 727438 633492 551462 479687 416816 361730 313492 271298 234449 202330 1.22291e+006 
1995  1.57856e+007 1.35773e+007 1.16713e+007 1.00269e+007 8.59367e+006 7.34035e+006 6.22659e+006 5.2007e+006 4.24739e+006 3.41029e+006 2.73644e+006 2.22436e+006 1.84864e+006 1.57622e+006 1.363e+006 1.18286e+006 1.02968e+006 898513 785429 687300 601661 526572 460505 402249 350834 305464 265472 230285 199398 1.21489e+006 
1996  1.57089e+007 1.3519e+007 1.16277e+007 9.99471e+006 8.58245e+006 7.33936e+006 6.22323e+006 5.19222e+006 4.23107e+006 3.38471e+006 2.69908e+006 2.16808e+006 1.76615e+006 1.47245e+006 1.26049e+006 1.09509e+006 955310 836202 733833 645109 567613 499473 439245 385817 338324 296085 258549 225254 195799 1.20532e+006 
1997  1.56241e+007 1.34533e+007 1.15778e+007 9.95736e+006 8.55474e+006 7.32901e+006 6.21998e+006 5.18405e+006 4.21562e+006 3.36193e+006 2.67024e+006 2.13172e+006 1.71618e+006 1.4026e+006 1.17423e+006 1.01011e+006 882331 774151 681642 601721 531995 470623 416204 367685 324270 285361 250495 219300 191467 1.19387e+006 
1998  1.55321e+007 1.33807e+007 1.15215e+007 9.91456e+006 8.5226e+006 7.3046e+006 6.20893e+006 5.17625e+006 4.20086e+006 3.34037e+006 2.64413e+006 2.10256e+006 1.68243e+006 1.35907e+006 1.11555e+006 938659 812020 713547 629909 558031 495527 440568 391772 348107 308819 273356 241315 212394 186355 1.18021e+006 
1999  1.5434e+007 1.33019e+007 1.14593e+007 9.86635e+006 8.48581e+006 7.27648e+006 6.18611e+006 5.16225e+006 4.18688e+006 3.31995e+006 2.61954e+006 2.07602e+006 1.65478e+006 1.32879e+006 1.07821e+006 889670 752961 655414 579596 514898 458944 409907 366406 327414 292188 260195 231067 204544 180440 1.16401e+006 
2000  1.53311e+007 1.32179e+007 1.13918e+007 9.81307e+006 8.4444e+006 7.24443e+006 6.16029e+006 5.13881e+006 4.16841e+006 3.30074e+006 2.59639e+006 2.05116e+006 1.62961e+006 1.30367e+006 1.05169e+006 857996 712226 606639 531513 473097 422948 379245 340603 305989 274652 246061 219855 195796 173729 1.145e+006 
2001  1.52247e+007 1.31298e+007 1.13199e+007 9.75526e+006 8.39866e+006 7.20848e+006 6.13129e+006 5.11319e+006 4.14281e+006 3.27858e+006 2.57474e+006 2.02788e+006 1.60613e+006 1.28082e+006 1.02952e+006 835162 685570 572840 491211 433271 388163 349155 314863 284244 256534 231187 207836 186242 166261 1.12293e+006 
2002  1.51156e+007 1.30386e+007 1.12444e+007 9.69362e+006 8.34905e+006 7.16888e+006 6.09913e+006 5.08522e+006 4.11595e+006 3.25137e+006 2.55128e+006 2.00619e+006 1.58424e+006 1.25957e+006 1.00936e+006 815972 666140 550517 463182 399917 355101 320142 289655 262593 238176 215843 195206 176012 158115 1.09762e+006 
2003  1.50047e+007 1.29452e+007 1.11664e+007 9.62898e+006 8.29618e+006 7.12601e+006 6.06399e+006 5.0549e+006 4.08763e+006 3.22367e+006 2.52435e+006 1.98345e+006 1.56387e+006 1.23981e+006 990661 798532 649745 534108 444534 376652 327430 292619 265391 241422 219924 200316 182190 165273 149401 1.06899e+006 
2004  1.48924e+007 1.28502e+007 1.10864e+007 9.5621e+006 8.24074e+006 7.0804e+006 6.0262e+006 5.02235e+006 4.05779e+006 3.19527e+006 2.49745e+006 1.95834e+006 1.54295e+006 1.22145e+006 973299 782383 634851 520217 430735 361084 308084 269594 242406 221071 202097 184894 169032 154217 140259 1.03708e+006 
2005  1.47791e+007 1.2754e+007 1.1005e+007 9.4936e+006 8.1834e+006 7.03261e+006 5.98616e+006 4.98778e+006 4.02645e+006 3.16604e+006 2.47033e+006 1.93351e+006 1.5204e+006 1.20282e+006 957173 767396 621067 507595 419021 349501 295077 253465 223184 201813 184977 169845 155973 143046 130852 1.00202e+006 
2006  1.46653e+007 1.2657e+007 1.09226e+007 9.42391e+006 8.12468e+006 6.98323e+006 5.94436e+006 4.95151e+006 3.99375e+006 3.13595e+006 2.44284e+006 1.90875e+006 1.49825e+006 1.18307e+006 940950 753471 608276 495917 408373 339646 285357 242579 209697 185710 168789 155401 143237 131965 121353 964064 
2007  1.45512e+007 1.25595e+007 1.08396e+007 9.35335e+006 8.06493e+006 6.93269e+006 5.90127e+006 4.91391e+006 3.95991e+006 3.10505e+006 2.41493e+006 1.8839e+006 1.47632e+006 1.16377e+006 923949 739549 596389 485081 398523 330684 277070 234414 200565 174397 155255 141753 131020 121163 111933 923580 
2008  1.44374e+007 1.24619e+007 1.07561e+007 9.28219e+006 8.00445e+006 6.88128e+006 5.85723e+006 4.87533e+006 3.92516e+006 3.07345e+006 2.38658e+006 1.85887e+006 1.45444e+006 1.14472e+006 907376 725077 584551 475002 389377 322390 269530 227442 193696 166718 145737 130343 119481 110805 102754 881024 
2009  1.4324e+007 1.23644e+007 1.06724e+007 9.21068e+006 7.94346e+006 6.82926e+006 5.81249e+006 4.83604e+006 3.88973e+006 3.04128e+006 2.35782e+006 1.83362e+006 1.43251e+006 1.1258e+006 891070 710991 572316 464990 380863 314684 262548 221093 187821 160927 139263 122311 109835 101025 93954.8 836919 
2010  1.42113e+007 1.22673e+007 1.05889e+007 9.13905e+006 7.88216e+006 6.7768e+006 5.76726e+006 4.79622e+006 3.85382e+006 3.0087e+006 2.32872e+006 1.80814e+006 1.41049e+006 1.10691e+006 874910 697157 560420 454689 372421 307503 256057 215211 182468 155968 134370 116839 103039 92849.4 85647.9 791829 

Output quantities finish here

Unused parameters:
annual_cycle.fishery_areas annual_cycle.migrate_from annual_cycle.migrate_to annual_cycle.migration_names annual_cycle.migration_times annual_cycle.n_migrations annual_cycle.recruitment_areas annual_cycle.spawning_all_areas area_names recruitment.p_male recruitment.year_range tag[Tags2005_R1_LL1].area tag[Tags2005_R1_LL1].sex tag[Tags2006_R1_LL1].area tag[Tags2006_R1_LL1].sex tag[Tags2007_R1_LL1].area tag[Tags2007_R1_LL1].sex tag[Tags2008_R1_LL1].area tag[Tags2008_R1_LL1].sex tag[Tags2009_R1_LL1].area tag[Tags2009_R1_LL1].sex MCMC.adapt_at MCMC.adaptive_stepsize MCMC.burn_in MCMC.keep MCMC.length MCMC.start MCMC.stepsize profile[1].l profile[1].n profile[1].parameter profile[1].u tag_recapture[Tags2005_R1_R1].area tag_recapture[Tags2006_R1_R1].area tag_recapture[Tags2007_R1_R1].area tag_recapture[Tags2008_R1_R1].area tag_recapture[Tags2009_R1_R1].area n_projections numbers_at[Numbers_at_age_R1].area print.final_state print.initial_state print.requests print.results print.state_annually print.state_every_step print.yields 
