CASAL (C++ algorithmic stock assessment laboratory)
Call: C:/Users/bstacy/Documents/GitHub/lasac/projects/simulations/sim/dec0.1/casal -e -q -f EM 
Date: Tue Oct 15 06:09:01 2019
v2.30-2012-03-21 00:22:59 UTC (rev.4648)  (c) Copyright 2002-2012, NIWA
User name: bstacy
Machine name: DOM-IMA-HVZRNF2 (Microsoft Windows, PID=4832)

Prefix for the input parameter filenames : EM

Random number seed : 80141

Estimation parameters:
Stored as strings: 
  MCMC.adapt_at                 	1e+05 2e+05 3e+05 4e+05
  MCMC.adaptive_stepsize        	True
  MCMC.burn_in                  	500
  MCMC.keep                     	1000
  MCMC.length                   	1500000
  MCMC.start                    	0
  MCMC.stepsize                 	0.01
  ageing_error.c                	0
  ageing_error.type             	normal
  catch_at[LL1_catchA].2000     	0 0 0 0 0 0.01 0.04 0.09 0.17 0.19 0.16 0.08 0.06 0.08 0.01 0.02 0.02 0.01 0.03 0 0 0.01 0.01 0.01 0 0 0 0 0 0
  catch_at[LL1_catchA].2001     	0 0 0 0 0.01 0.04 0.03 0.1 0.15 0.15 0.13 0.09 0.09 0.06 0.03 0.02 0.03 0.03 0.01 0.01 0.01 0.01 0 0 0 0 0 0 0 0
  catch_at[LL1_catchA].2002     	0 0 0 0 0 0.02 0.05 0.07 0.16 0.19 0.12 0.05 0.1 0.05 0.08 0.03 0.01 0.02 0 0.01 0 0 0 0 0.01 0 0 0.01 0 0.02
  catch_at[LL1_catchA].2003     	0 0 0 0 0 0.01 0.07 0.09 0.15 0.13 0.09 0.14 0.07 0.07 0.04 0.01 0.03 0.02 0.02 0 0.02 0 0.01 0 0 0.01 0 0 0 0.02
  catch_at[LL1_catchA].2004     	0 0 0 0 0.01 0.02 0.04 0.09 0.09 0.13 0.14 0.11 0.11 0.06 0.04 0.02 0.03 0.03 0.01 0.03 0.01 0.03 0 0 0 0 0 0 0 0
  catch_at[LL1_catchA].2005     	0 0 0 0 0.01 0.02 0.06 0.12 0.13 0.12 0.15 0.09 0.03 0.08 0.03 0.09 0.02 0 0.04 0.01 0 0 0 0 0 0 0 0 0 0
  catch_at[LL1_catchA].2006     	0 0 0 0 0 0.01 0.08 0.1 0.19 0.17 0.07 0.07 0.08 0.09 0.06 0.04 0.03 0 0.01 0 0 0 0 0 0 0 0 0 0 0
  catch_at[LL1_catchA].2007     	0 0 0 0.01 0.01 0.02 0.06 0.16 0.1 0.13 0.1 0.1 0.07 0.04 0.05 0.01 0.06 0.02 0.04 0 0 0 0.01 0.01 0 0 0 0 0 0
  catch_at[LL1_catchA].2008     	0 0 0 0 0.01 0.01 0.05 0.08 0.1 0.21 0.22 0.07 0.05 0.06 0.01 0.03 0 0.02 0.01 0.03 0 0.01 0.01 0.01 0 0 0 0.01 0 0
  catch_at[LL1_catchA].2009     	0 0 0 0 0 0 0.08 0.14 0.16 0.09 0.15 0.09 0.08 0.04 0.02 0.05 0.04 0.01 0.01 0.02 0.01 0 0 0 0 0 0 0 0 0.01
  catch_at[LL1_catchA].2010     	0 0 0 0 0.01 0.03 0.08 0.15 0.1 0.17 0.13 0.1 0.05 0.02 0.04 0.02 0.01 0.05 0.01 0 0.01 0.01 0.01 0 0 0 0 0 0 0
  catch_at[LL1_catchA].N_2000   	100
  catch_at[LL1_catchA].N_2001   	100
  catch_at[LL1_catchA].N_2002   	100
  catch_at[LL1_catchA].N_2003   	100
  catch_at[LL1_catchA].N_2004   	100
  catch_at[LL1_catchA].N_2005   	100
  catch_at[LL1_catchA].N_2006   	100
  catch_at[LL1_catchA].N_2007   	100
  catch_at[LL1_catchA].N_2008   	100
  catch_at[LL1_catchA].N_2009   	100
  catch_at[LL1_catchA].N_2010   	100
  catch_at[LL1_catchA].at_size  	False
  catch_at[LL1_catchA].dist     	multinomial
  catch_at[LL1_catchA].fishery  	LL1
  catch_at[LL1_catchA].max_class	30
  catch_at[LL1_catchA].min_class	1
  catch_at[LL1_catchA].plus_group	True
  catch_at[LL1_catchA].r        	1e-11
  catch_at[LL1_catchA].sexed    	False
  catch_at[LL1_catchA].sum_to_one	True
  catch_at[LL1_catchA].years    	2000 2001 2002 2003 2004 2005 2006 2007 2008 2009 2010
  catch_limit_penalty[1].fishery	LL1
  catch_limit_penalty[1].label  	LL1_Penalty
  catch_limit_penalty[1].log_scale	True
  catch_limit_penalty[1].multiplier	1000
  catch_limit_penalty[2].fishery	LL2
  catch_limit_penalty[2].label  	LL2_Penalty
  catch_limit_penalty[2].log_scale	True
  catch_limit_penalty[2].multiplier	1000
  estimate[1].lower_bound       	5000
  estimate[1].parameter         	initialization.B0
  estimate[1].prior             	uniform
  estimate[1].upper_bound       	5e+05
  estimator                     	Bayes
  fish_tagged_penalty[1].label  	Penalty_Tags2005_R1_LL1
  fish_tagged_penalty[1].multiplier	1
  fish_tagged_penalty[1].tagging_episode	Tags2005_R1_LL1
  fish_tagged_penalty[2].label  	Penalty_Tags2006_R1_LL1
  fish_tagged_penalty[2].multiplier	1
  fish_tagged_penalty[2].tagging_episode	Tags2006_R1_LL1
  fish_tagged_penalty[3].label  	Penalty_Tags2007_R1_LL1
  fish_tagged_penalty[3].multiplier	1
  fish_tagged_penalty[3].tagging_episode	Tags2007_R1_LL1
  fish_tagged_penalty[4].label  	Penalty_Tags2008_R1_LL1
  fish_tagged_penalty[4].multiplier	1
  fish_tagged_penalty[4].tagging_episode	Tags2008_R1_LL1
  fish_tagged_penalty[5].label  	Penalty_Tags2009_R1_LL1
  fish_tagged_penalty[5].multiplier	1
  fish_tagged_penalty[5].tagging_episode	Tags2009_R1_LL1
  grad_tol                      	0.001
  max_evals                     	10000
  max_iters                     	1600
  profile[1].l                  	40000
  profile[1].n                  	11
  profile[1].parameter          	initialization.B0
  profile[1].u                  	130000
  q_method                      	nuisance
  tag_recapture[Tags2005_R1_R1].area	R1
  tag_recapture[Tags2005_R1_R1].class_mins	100 150 200 250 300 350 400 450 500 550 600 650 700 750 800 850 900 950 1000 1050 1100 1150 1200 1250 1300 1350 1400 1450 1500 1550 1600 1650 1700 1750 1800 1850 1900 1950 2000 2050
  tag_recapture[Tags2005_R1_R1].detection_probability	1
  tag_recapture[Tags2005_R1_R1].dispersion	1
  tag_recapture[Tags2005_R1_R1].do_bootstrap	True
  tag_recapture[Tags2005_R1_R1].plus_group	False
  tag_recapture[Tags2005_R1_R1].proportion_mortality	0.5
  tag_recapture[Tags2005_R1_R1].r	1e-11
  tag_recapture[Tags2005_R1_R1].recaptured_2006	0 0 0 0 0 0 0 0 0 1 4 11 26 26 37 23 13 15 9 4 2 5 2 1 0 0 0 0 0 0 0 0 0 0 0 0 0 0 0
  tag_recapture[Tags2005_R1_R1].recaptured_2007	0 0 0 0 0 0 0 0 0 0 3 7 13 16 17 15 18 14 5 7 3 2 0 0 0 0 0 0 0 0 0 0 0 0 0 0 0 0 0
  tag_recapture[Tags2005_R1_R1].recaptured_2008	0 0 0 0 0 0 0 0 0 1 0 2 10 18 23 13 16 15 8 7 3 1 0 0 1 1 1 1 0 0 0 0 0 0 0 0 0 0 0
  tag_recapture[Tags2005_R1_R1].recaptured_2009	0 0 0 0 0 0 0 0 0 1 0 0 5 7 11 16 14 18 11 5 3 3 1 1 0 0 0 0 0 0 0 0 0 0 0 0 0 0 0
  tag_recapture[Tags2005_R1_R1].recaptured_2010	0 0 0 0 0 0 0 0 0 0 0 1 0 6 3 10 10 3 5 8 2 2 1 0 0 0 0 0 0 0 0 0 0 0 0 0 0 0 0
  tag_recapture[Tags2005_R1_R1].sample	size
  tag_recapture[Tags2005_R1_R1].scanned_2006	0 0 0 2 28 320 2302 11502 39770 96806 173902 243624 277690 266092 224820 178122 136978 101584 71958 49292 33518 23134 16316 11662 8346 5944 4222 2988 2086 1406 896 530 286 140 62 24 8 2 0
  tag_recapture[Tags2005_R1_R1].scanned_2007	0 0 0 2 28 344 2442 11568 39724 99366 181960 252416 280488 265182 224010 176300 134278 100438 72920 50898 34514 23278 15942 11162 7944 5686 4062 2880 2006 1350 862 512 278 138 62 24 8 2 0
  tag_recapture[Tags2005_R1_R1].scanned_2008	0 0 0 2 28 344 2602 12332 40170 97884 182308 260086 291620 271378 224512 174626 131756 97934 71728 51120 35200 23658 15864 10828 7580 5410 3886 2772 1934 1300 826 490 266 132 58 24 8 2 0
  tag_recapture[Tags2005_R1_R1].scanned_2009	0 0 0 2 28 338 2596 13080 43468 101422 180382 255904 293398 278302 229716 175798 130724 96182 70174 50456 35360 24054 16060 10754 7362 5182 3714 2662 1866 1256 798 470 254 126 56 22 8 2 0
  tag_recapture[Tags2005_R1_R1].scanned_2010	0 0 0 2 30 342 2546 12914 45438 110634 193100 259840 288924 275666 231594 178066 131090 95240 68874 49434 34952 24134 16262 10830 7284 5028 3564 2550 1794 1212 770 454 246 120 54 22 8 2 0
  tag_recapture[Tags2005_R1_R1].step	1
  tag_recapture[Tags2005_R1_R1].tag_name	Tags2005_R1
  tag_recapture[Tags2005_R1_R1].years	2006 2007 2008 2009 2010
  tag_recapture[Tags2006_R1_R1].area	R1
  tag_recapture[Tags2006_R1_R1].class_mins	100 150 200 250 300 350 400 450 500 550 600 650 700 750 800 850 900 950 1000 1050 1100 1150 1200 1250 1300 1350 1400 1450 1500 1550 1600 1650 1700 1750 1800 1850 1900 1950 2000 2050
  tag_recapture[Tags2006_R1_R1].detection_probability	1
  tag_recapture[Tags2006_R1_R1].dispersion	1
  tag_recapture[Tags2006_R1_R1].do_bootstrap	True
  tag_recapture[Tags2006_R1_R1].plus_group	False
  tag_recapture[Tags2006_R1_R1].proportion_mortality	0.5
  tag_recapture[Tags2006_R1_R1].r	1e-11
  tag_recapture[Tags2006_R1_R1].recaptured_2007	0 0 0 0 0 0 0 0 0 0 4 9 18 25 24 21 17 13 8 2 2 1 0 0 0 0 0 0 0 0 0 0 0 0 0 0 0 0 0
  tag_recapture[Tags2006_R1_R1].recaptured_2008	0 0 0 0 0 0 0 0 0 0 1 9 18 21 23 18 13 14 7 5 3 4 0 6 2 0 0 1 0 0 0 0 0 0 0 0 0 0 0
  tag_recapture[Tags2006_R1_R1].recaptured_2009	0 0 0 0 0 0 0 0 0 0 0 1 12 13 23 21 12 19 8 4 3 0 0 1 1 0 0 0 0 0 0 0 0 0 0 0 0 0 0
  tag_recapture[Tags2006_R1_R1].recaptured_2010	0 0 0 0 0 0 0 0 0 0 0 1 4 17 9 10 14 11 9 5 5 1 0 0 0 0 0 0 0 0 0 0 0 0 0 0 0 0 0
  tag_recapture[Tags2006_R1_R1].sample	size
  tag_recapture[Tags2006_R1_R1].scanned_2007	0 0 0 2 28 344 2442 11568 39724 99366 181960 252416 280488 265182 224010 176300 134278 100438 72920 50898 34514 23278 15942 11162 7944 5686 4062 2880 2006 1350 862 512 278 138 62 24 8 2 0
  tag_recapture[Tags2006_R1_R1].scanned_2008	0 0 0 2 28 344 2602 12332 40170 97884 182308 260086 291620 271378 224512 174626 131756 97934 71728 51120 35200 23658 15864 10828 7580 5410 3886 2772 1934 1300 826 490 266 132 58 24 8 2 0
  tag_recapture[Tags2006_R1_R1].scanned_2009	0 0 0 2 28 338 2596 13080 43468 101422 180382 255904 293398 278302 229716 175798 130724 96182 70174 50456 35360 24054 16060 10754 7362 5182 3714 2662 1866 1256 798 470 254 126 56 22 8 2 0
  tag_recapture[Tags2006_R1_R1].scanned_2010	0 0 0 2 30 342 2546 12914 45438 110634 193100 259840 288924 275666 231594 178066 131090 95240 68874 49434 34952 24134 16262 10830 7284 5028 3564 2550 1794 1212 770 454 246 120 54 22 8 2 0
  tag_recapture[Tags2006_R1_R1].step	1
  tag_recapture[Tags2006_R1_R1].tag_name	Tags2006_R1
  tag_recapture[Tags2006_R1_R1].years	2007 2008 2009 2010
  tag_recapture[Tags2007_R1_R1].area	R1
  tag_recapture[Tags2007_R1_R1].class_mins	100 150 200 250 300 350 400 450 500 550 600 650 700 750 800 850 900 950 1000 1050 1100 1150 1200 1250 1300 1350 1400 1450 1500 1550 1600 1650 1700 1750 1800 1850 1900 1950 2000 2050
  tag_recapture[Tags2007_R1_R1].detection_probability	1
  tag_recapture[Tags2007_R1_R1].dispersion	1
  tag_recapture[Tags2007_R1_R1].do_bootstrap	True
  tag_recapture[Tags2007_R1_R1].plus_group	False
  tag_recapture[Tags2007_R1_R1].proportion_mortality	0.5
  tag_recapture[Tags2007_R1_R1].r	1e-11
  tag_recapture[Tags2007_R1_R1].recaptured_2008	0 0 0 0 0 0 0 0 0 0 3 10 15 27 32 23 17 9 3 4 3 1 3 0 1 0 0 0 0 0 0 0 0 0 0 0 0 0 0
  tag_recapture[Tags2007_R1_R1].recaptured_2009	0 0 0 0 0 0 0 0 0 1 3 8 17 22 25 10 12 11 3 11 3 4 3 2 0 0 0 0 0 0 0 0 0 0 0 0 0 0 0
  tag_recapture[Tags2007_R1_R1].recaptured_2010	0 0 0 0 0 0 0 0 0 0 0 1 10 24 18 15 19 6 8 10 1 4 2 1 0 0 1 0 0 0 0 0 0 0 0 0 0 0 0
  tag_recapture[Tags2007_R1_R1].sample	size
  tag_recapture[Tags2007_R1_R1].scanned_2008	0 0 0 2 28 344 2602 12332 40170 97884 182308 260086 291620 271378 224512 174626 131756 97934 71728 51120 35200 23658 15864 10828 7580 5410 3886 2772 1934 1300 826 490 266 132 58 24 8 2 0
  tag_recapture[Tags2007_R1_R1].scanned_2009	0 0 0 2 28 338 2596 13080 43468 101422 180382 255904 293398 278302 229716 175798 130724 96182 70174 50456 35360 24054 16060 10754 7362 5182 3714 2662 1866 1256 798 470 254 126 56 22 8 2 0
  tag_recapture[Tags2007_R1_R1].scanned_2010	0 0 0 2 30 342 2546 12914 45438 110634 193100 259840 288924 275666 231594 178066 131090 95240 68874 49434 34952 24134 16262 10830 7284 5028 3564 2550 1794 1212 770 454 246 120 54 22 8 2 0
  tag_recapture[Tags2007_R1_R1].step	1
  tag_recapture[Tags2007_R1_R1].tag_name	Tags2007_R1
  tag_recapture[Tags2007_R1_R1].years	2008 2009 2010
  tag_recapture[Tags2008_R1_R1].area	R1
  tag_recapture[Tags2008_R1_R1].class_mins	100 150 200 250 300 350 400 450 500 550 600 650 700 750 800 850 900 950 1000 1050 1100 1150 1200 1250 1300 1350 1400 1450 1500 1550 1600 1650 1700 1750 1800 1850 1900 1950 2000 2050
  tag_recapture[Tags2008_R1_R1].detection_probability	1
  tag_recapture[Tags2008_R1_R1].dispersion	1
  tag_recapture[Tags2008_R1_R1].do_bootstrap	True
  tag_recapture[Tags2008_R1_R1].plus_group	False
  tag_recapture[Tags2008_R1_R1].proportion_mortality	0.5
  tag_recapture[Tags2008_R1_R1].r	1e-11
  tag_recapture[Tags2008_R1_R1].recaptured_2009	0 0 0 0 0 0 0 0 0 1 1 20 29 31 32 23 13 9 3 4 3 0 0 0 1 0 1 1 0 0 0 0 0 0 0 0 0 0 0
  tag_recapture[Tags2008_R1_R1].recaptured_2010	0 0 0 0 0 0 0 0 0 1 3 5 15 26 16 23 17 13 4 5 3 1 0 0 0 0 0 1 0 0 0 0 0 0 0 0 0 0 0
  tag_recapture[Tags2008_R1_R1].sample	size
  tag_recapture[Tags2008_R1_R1].scanned_2009	0 0 0 2 28 338 2596 13080 43468 101422 180382 255904 293398 278302 229716 175798 130724 96182 70174 50456 35360 24054 16060 10754 7362 5182 3714 2662 1866 1256 798 470 254 126 56 22 8 2 0
  tag_recapture[Tags2008_R1_R1].scanned_2010	0 0 0 2 30 342 2546 12914 45438 110634 193100 259840 288924 275666 231594 178066 131090 95240 68874 49434 34952 24134 16262 10830 7284 5028 3564 2550 1794 1212 770 454 246 120 54 22 8 2 0
  tag_recapture[Tags2008_R1_R1].step	1
  tag_recapture[Tags2008_R1_R1].tag_name	Tags2008_R1
  tag_recapture[Tags2008_R1_R1].years	2009 2010
  tag_recapture[Tags2009_R1_R1].area	R1
  tag_recapture[Tags2009_R1_R1].class_mins	100 150 200 250 300 350 400 450 500 550 600 650 700 750 800 850 900 950 1000 1050 1100 1150 1200 1250 1300 1350 1400 1450 1500 1550 1600 1650 1700 1750 1800 1850 1900 1950 2000 2050
  tag_recapture[Tags2009_R1_R1].detection_probability	1
  tag_recapture[Tags2009_R1_R1].dispersion	1
  tag_recapture[Tags2009_R1_R1].do_bootstrap	True
  tag_recapture[Tags2009_R1_R1].plus_group	False
  tag_recapture[Tags2009_R1_R1].proportion_mortality	0.5
  tag_recapture[Tags2009_R1_R1].r	1e-11
  tag_recapture[Tags2009_R1_R1].recaptured_2010	0 0 0 0 0 0 0 0 1 0 7 7 23 30 27 21 18 9 9 3 2 4 0 1 0 0 0 0 0 0 0 0 0 0 0 0 0 0 0
  tag_recapture[Tags2009_R1_R1].sample	size
  tag_recapture[Tags2009_R1_R1].scanned_2010	0 0 0 2 30 342 2546 12914 45438 110634 193100 259840 288924 275666 231594 178066 131090 95240 68874 49434 34952 24134 16262 10830 7284 5028 3564 2550 1794 1212 770 454 246 120 54 22 8 2 0
  tag_recapture[Tags2009_R1_R1].step	1
  tag_recapture[Tags2009_R1_R1].tag_name	Tags2009_R1
  tag_recapture[Tags2009_R1_R1].years	2010
  vector_average_penalty[1].k   	1
  vector_average_penalty[1].label	meanYCS_1
  vector_average_penalty[1].multiplier	100
  vector_average_penalty[1].vector	recruitment.YCS
Stored as DOUBLEs: 
Stored as VECTORs: 
Stored as OGIVEs: 

Population parameters:
Stored as strings: 
  annual_cycle.M_props          	1
  annual_cycle.aging_time       	1
  annual_cycle.baranov          	False
  annual_cycle.fishery_areas    	R1
  annual_cycle.fishery_names    	LL1 LL2
  annual_cycle.fishery_times    	1 1
  annual_cycle.growth_props     	0
  annual_cycle.migrate_from     	R1
  annual_cycle.migrate_to       	R2
  annual_cycle.migration_names  	MoveRec_1_2
  annual_cycle.migration_times  	1
  annual_cycle.n_migrations     	0
  annual_cycle.recruitment_areas	R1
  annual_cycle.recruitment_time 	1
  annual_cycle.spawning_all_areas	1
  annual_cycle.spawning_p       	1
  annual_cycle.spawning_part_mort	0.5
  annual_cycle.spawning_time    	1
  annual_cycle.spawning_use_total_B	False
  annual_cycle.time_steps       	1
  area_names                    	R1
  current                       	2010
  final                         	2045
  first_random_year             	2007
  fishery[LL1].U_max            	0.95
  fishery[LL1].catches          	0 6000 6000 6000 6000 6000 6000 6000 6000 6000 6000 6000 6000 6000 6000 6000 6000 6000 6000 6000 6000
  fishery[LL1].future_constant_catches	200
  fishery[LL1].selectivity      	SelLL
  fishery[LL1].years            	1990 1991 1992 1993 1994 1995 1996 1997 1998 1999 2000 2001 2002 2003 2004 2005 2006 2007 2008 2009 2010
  fishery[LL2].U_max            	0.95
  fishery[LL2].catches          	0 0 0 0 0 0 0 0 0 0 0 0 0 0 0 0 0 0 0 0 0
  fishery[LL2].future_constant_catches	200
  fishery[LL2].selectivity      	SelLL
  fishery[LL2].years            	1990 1991 1992 1993 1994 1995 1996 1997 1998 1999 2000 2001 2002 2003 2004 2005 2006 2007 2008 2009 2010
  initial                       	1990
  initialization.B0             	448262
  mature_partition              	False
  maturity_props.all            	allvalues  0 0 0 0 0 0 0 0 0 0 0 0.1667 0.3333 0.5 0.6667 0.8333 1 1 1 1 1 1 1 1 1 1 1 1 1 1
  max_age                       	30
  min_age                       	1
  n_areas                       	1
  n_stocks                      	1
  n_tags                        	5
  natural_mortality.all         	0.155
  plus_group                    	True
  randomisation_method          	lognormal
  recruitment.SR                	BH
  recruitment.YCS               	1 1 1 1 1 1 1 1 1 1 1 1 1 1 1 1 1 1 1 1 1
  recruitment.YCS_years         	1989 1990 1991 1992 1993 1994 1995 1996 1997 1998 1999 2000 2001 2002 2003 2004 2005 2006 2007 2008 2009
  recruitment.first_free        	1989
  recruitment.last_free         	2006
  recruitment.p_male            	0.5
  recruitment.rho               	0
  recruitment.sigma_r           	0.6
  recruitment.steepness         	0.7
  recruitment.year_range        	1989 2006
  selectivity[SelLL].all        	double_normal 10 2 10
  selectivity_names             	SelLL
  sex_partition                 	False
  size_at_age.Linf              	2870
  size_at_age.by_length         	True
  size_at_age.cv                	0.1
  size_at_age.k                 	0.02056
  size_at_age.t0                	-4.2897
  size_at_age_dist              	normal
  size_at_age_type              	von_Bert
  size_based                    	False
  size_weight.a                 	2.59e-12
  size_weight.b                 	3.2064
  size_weight.verify_size_weight	500 0.5 1.5
  standardise_YCS               	True
  tag[Tags2005_R1_LL1].area     	R1
  tag[Tags2005_R1_LL1].class_mins	100 150 200 250 300 350 400 450 500 550 600 650 700 750 800 850 900 950 1000 1050 1100 1150 1200 1250 1300 1350 1400 1450 1500 1550 1600 1650 1700 1750 1800 1850 1900 1950 2000 2050
  tag[Tags2005_R1_LL1].mature_only	False
  tag[Tags2005_R1_LL1].mortality	0.1
  tag[Tags2005_R1_LL1].number   	2500
  tag[Tags2005_R1_LL1].ogive    	SelLL
  tag[Tags2005_R1_LL1].plus_group	False
  tag[Tags2005_R1_LL1].props_all	0 0 0 0 0 1e-04 8e-04 0.0048 0.0184 0.0472 0.088 0.1245 0.1388 0.1298 0.1103 0.0896 0.0694 0.0511 0.0362 0.0255 0.0183 0.0135 0.01 0.0073 0.0052 0.0037 0.0025 0.0018 0.0012 8e-04 5e-04 3e-04 2e-04 1e-04 0 0 0 0 0
  tag[Tags2005_R1_LL1].release_type	deterministic
  tag[Tags2005_R1_LL1].sex      	both
  tag[Tags2005_R1_LL1].step     	1
  tag[Tags2005_R1_LL1].tag_name 	Tags2005_R1
  tag[Tags2005_R1_LL1].year     	2005
  tag[Tags2006_R1_LL1].area     	R1
  tag[Tags2006_R1_LL1].class_mins	100 150 200 250 300 350 400 450 500 550 600 650 700 750 800 850 900 950 1000 1050 1100 1150 1200 1250 1300 1350 1400 1450 1500 1550 1600 1650 1700 1750 1800 1850 1900 1950 2000 2050
  tag[Tags2006_R1_LL1].mature_only	False
  tag[Tags2006_R1_LL1].mortality	0.1
  tag[Tags2006_R1_LL1].number   	2500
  tag[Tags2006_R1_LL1].ogive    	SelLL
  tag[Tags2006_R1_LL1].plus_group	False
  tag[Tags2006_R1_LL1].props_all	0 0 0 0 0 2e-04 0.0013 0.0058 0.0198 0.0485 0.0873 0.1222 0.1397 0.1351 0.1154 0.0921 0.0705 0.0511 0.0349 0.023 0.0152 0.0104 0.0075 0.0055 0.0041 0.0031 0.0023 0.0017 0.0012 9e-04 6e-04 3e-04 2e-04 1e-04 0 0 0 0 0
  tag[Tags2006_R1_LL1].release_type	deterministic
  tag[Tags2006_R1_LL1].sex      	both
  tag[Tags2006_R1_LL1].step     	1
  tag[Tags2006_R1_LL1].tag_name 	Tags2006_R1
  tag[Tags2006_R1_LL1].year     	2006
  tag[Tags2007_R1_LL1].area     	R1
  tag[Tags2007_R1_LL1].class_mins	100 150 200 250 300 350 400 450 500 550 600 650 700 750 800 850 900 950 1000 1050 1100 1150 1200 1250 1300 1350 1400 1450 1500 1550 1600 1650 1700 1750 1800 1850 1900 1950 2000 2050
  tag[Tags2007_R1_LL1].mature_only	False
  tag[Tags2007_R1_LL1].mortality	0.1
  tag[Tags2007_R1_LL1].number   	2500
  tag[Tags2007_R1_LL1].ogive    	SelLL
  tag[Tags2007_R1_LL1].plus_group	False
  tag[Tags2007_R1_LL1].props_all	0 0 0 0 0 1e-04 0.0011 0.0056 0.0193 0.0485 0.0889 0.124 0.139 0.1322 0.1118 0.0878 0.0669 0.0504 0.0372 0.0265 0.0183 0.0125 0.0087 0.0062 0.0045 0.0032 0.0024 0.0017 0.0012 8e-04 5e-04 3e-04 2e-04 1e-04 0 0 0 0 0
  tag[Tags2007_R1_LL1].release_type	deterministic
  tag[Tags2007_R1_LL1].sex      	both
  tag[Tags2007_R1_LL1].step     	1
  tag[Tags2007_R1_LL1].tag_name 	Tags2007_R1
  tag[Tags2007_R1_LL1].year     	2007
  tag[Tags2008_R1_LL1].area     	R1
  tag[Tags2008_R1_LL1].class_mins	100 150 200 250 300 350 400 450 500 550 600 650 700 750 800 850 900 950 1000 1050 1100 1150 1200 1250 1300 1350 1400 1450 1500 1550 1600 1650 1700 1750 1800 1850 1900 1950 2000 2050
  tag[Tags2008_R1_LL1].mature_only	False
  tag[Tags2008_R1_LL1].mortality	0.1
  tag[Tags2008_R1_LL1].number   	2500
  tag[Tags2008_R1_LL1].ogive    	SelLL
  tag[Tags2008_R1_LL1].plus_group	False
  tag[Tags2008_R1_LL1].props_all	0 0 0 0 0 1e-04 0.0012 0.0062 0.0205 0.0497 0.0924 0.1328 0.1497 0.1384 0.112 0.0842 0.0614 0.0445 0.0322 0.0228 0.0157 0.0106 0.0073 0.0052 0.0038 0.0029 0.0022 0.0016 0.0011 7e-04 4e-04 3e-04 1e-04 1e-04 0 0 0 0 0
  tag[Tags2008_R1_LL1].release_type	deterministic
  tag[Tags2008_R1_LL1].sex      	both
  tag[Tags2008_R1_LL1].step     	1
  tag[Tags2008_R1_LL1].tag_name 	Tags2008_R1
  tag[Tags2008_R1_LL1].year     	2008
  tag[Tags2009_R1_LL1].area     	R1
  tag[Tags2009_R1_LL1].class_mins	100 150 200 250 300 350 400 450 500 550 600 650 700 750 800 850 900 950 1000 1050 1100 1150 1200 1250 1300 1350 1400 1450 1500 1550 1600 1650 1700 1750 1800 1850 1900 1950 2000 2050
  tag[Tags2009_R1_LL1].mature_only	False
  tag[Tags2009_R1_LL1].mortality	0.1
  tag[Tags2009_R1_LL1].number   	2500
  tag[Tags2009_R1_LL1].ogive    	SelLL
  tag[Tags2009_R1_LL1].plus_group	False
  tag[Tags2009_R1_LL1].props_all	0 0 0 0 0 1e-04 0.0012 0.0063 0.0213 0.0502 0.0897 0.1266 0.1435 0.135 0.1117 0.0864 0.065 0.0482 0.0352 0.0253 0.0178 0.0122 0.0082 0.0055 0.0037 0.0025 0.0017 0.0011 7e-04 4e-04 3e-04 1e-04 1e-04 0 0 0 0 0 0
  tag[Tags2009_R1_LL1].release_type	deterministic
  tag[Tags2009_R1_LL1].sex      	both
  tag[Tags2009_R1_LL1].step     	1
  tag[Tags2009_R1_LL1].tag_name 	Tags2009_R1
  tag[Tags2009_R1_LL1].year     	2009
  tag_growth_loss[Tags2005_R1].nogrowth_period	0
  tag_growth_loss[Tags2006_R1].nogrowth_period	0
  tag_growth_loss[Tags2007_R1].nogrowth_period	0
  tag_growth_loss[Tags2008_R1].nogrowth_period	0
  tag_growth_loss[Tags2009_R1].nogrowth_period	0
  tag_loss_props                	1
  tag_names                     	Tags2005_R1 Tags2006_R1 Tags2007_R1 Tags2008_R1 Tags2009_R1
  tag_shedding_rate             	0.0084 0.0084 0.0084 0.0084 0.0084
  y_enter                       	1
Stored as DOUBLEs: 
Stored as VECTORs: 
Stored as OGIVEs: 

Output parameters:
Stored as strings: 
  n_projections                 	100
  numbers_at[Numbers_at_age_R1].area	R1
  numbers_at[Numbers_at_age_R1].proportion_mortality	0.5
  numbers_at[Numbers_at_age_R1].step	1
  numbers_at[Numbers_at_age_R1].years	1990 1991 1992 1993 1994 1995 1996 1997 1998 1999 2000 2001 2002 2003 2004 2005 2006 2007 2008 2009 2010
  print.covariance              	true
  print.estimation_section      	true
  print.final_state             	false
  print.fits                    	true
  print.fits_every_eval         	false
  print.initial_state           	false
  print.normalised_resids       	true
  print.objective_every_eval    	false
  print.parameter_vector_every_eval	false
  print.parameters              	true
  print.parameters_every_eval   	false
  print.pearson_resids          	true
  print.requests                	false
  print.resids                  	true
  print.results                 	false
  print.state_annually          	false
  print.state_every_step        	false
  print.unused_parameters       	true
  print.yields                  	true
  quantities.B0                 	true
  quantities.R0                 	true
  quantities.SSBs               	true
  quantities.YCS                	true
  quantities.actual_catches     	false
  quantities.all_free_parameters	true
  quantities.fishing_pressures  	true
  quantities.nuisance_qs        	true
  quantities.recruitments       	true
  quantities.true_YCS           	true
Stored as DOUBLEs: 
Stored as VECTORs: 
Stored as OGIVEs: 

A fish of size 500 cm has a weight of 1.16755 kg in your model. This size-weight scale check assumes that the growth curve is in centimetres, and that the catch is in tonnes.

A fish of size 500 cm has a weight of 1.16755 kg in your model. This size-weight scale check assumes that the growth curve is in centimetres, and that the catch is in tonnes.

Estimation section :

Objective function: Bayes

Minimiser convergence threshold: 0.001


Observations:

The observations are:
LL1_catchA
Tags2005_R1_R1
Tags2006_R1_R1
Tags2007_R1_R1
Tags2008_R1_R1
Tags2009_R1_R1
Fits follow:

LL1_catchA :
catch proportions-at-age for fishery LL1  with ageing error (constrained to sum to 1):
obs (last class is a plus group):
class 1       2       3       4       5       6       7       8       9       10      11      12      13      14      15      16      17      18      19      20      21      22      23      24      25      26      27      28      29      30      
2000 0       0       0       0       0       0.01    0.04    0.09    0.17    0.19    0.16    0.08    0.06    0.08    0.01    0.02    0.02    0.01    0.03    0       0       0.01    0.01    0.01    0       0       0       0       0       0       
2001 0       0       0       0       0.01    0.04    0.03    0.1     0.15    0.15    0.13    0.09    0.09    0.06    0.03    0.02    0.03    0.03    0.01    0.01    0.01    0.01    0       0       0       0       0       0       0       0       
2002 0       0       0       0       0       0.02    0.05    0.07    0.16    0.19    0.12    0.05    0.1     0.05    0.08    0.03    0.01    0.02    0       0.01    0       0       0       0       0.01    0       0       0.01    0       0.02    
2003 0       0       0       0       0       0.01    0.07    0.09    0.15    0.13    0.09    0.14    0.07    0.07    0.04    0.01    0.03    0.02    0.02    0       0.02    0       0.01    0       0       0.01    0       0       0       0.02    
2004 0       0       0       0       0.01    0.02    0.04    0.09    0.09    0.13    0.14    0.11    0.11    0.06    0.04    0.02    0.03    0.03    0.01    0.03    0.01    0.03    0       0       0       0       0       0       0       0       
2005 0       0       0       0       0.01    0.02    0.06    0.12    0.13    0.12    0.15    0.09    0.03    0.08    0.03    0.09    0.02    0       0.04    0.01    0       0       0       0       0       0       0       0       0       0       
2006 0       0       0       0       0       0.01    0.08    0.1     0.19    0.17    0.07    0.07    0.08    0.09    0.06    0.04    0.03    0       0.01    0       0       0       0       0       0       0       0       0       0       0       
2007 0       0       0       0.01    0.01    0.02    0.06    0.16    0.1     0.13    0.1     0.1     0.07    0.04    0.05    0.01    0.06    0.02    0.04    0       0       0       0.01    0.01    0       0       0       0       0       0       
2008 0       0       0       0       0.01    0.01    0.05    0.08    0.1     0.21    0.22    0.07    0.05    0.06    0.01    0.03    0       0.02    0.01    0.03    0       0.01    0.01    0.01    0       0       0       0.01    0       0       
2009 0       0       0       0       0       0       0.08    0.14    0.16    0.09    0.15    0.09    0.08    0.04    0.02    0.05    0.04    0.01    0.01    0.02    0.01    0       0       0       0       0       0       0       0       0.01    
2010 0       0       0       0       0.01    0.03    0.08    0.15    0.1     0.17    0.13    0.1     0.05    0.02    0.04    0.02    0.01    0.05    0.01    0       0.01    0.01    0.01    0       0       0       0       0       0       0       
objective function: multinomial likelihood, with delta = 1e-011, N =
100 100 100 100 100 100 100 100 100 100 100 100 100 100 100 100 100 100 100 100 100 100 100 100 100 100 100 100 100 100 
100 100 100 100 100 100 100 100 100 100 100 100 100 100 100 100 100 100 100 100 100 100 100 100 100 100 100 100 100 100 
100 100 100 100 100 100 100 100 100 100 100 100 100 100 100 100 100 100 100 100 100 100 100 100 100 100 100 100 100 100 
100 100 100 100 100 100 100 100 100 100 100 100 100 100 100 100 100 100 100 100 100 100 100 100 100 100 100 100 100 100 
100 100 100 100 100 100 100 100 100 100 100 100 100 100 100 100 100 100 100 100 100 100 100 100 100 100 100 100 100 100 
100 100 100 100 100 100 100 100 100 100 100 100 100 100 100 100 100 100 100 100 100 100 100 100 100 100 100 100 100 100 
100 100 100 100 100 100 100 100 100 100 100 100 100 100 100 100 100 100 100 100 100 100 100 100 100 100 100 100 100 100 
100 100 100 100 100 100 100 100 100 100 100 100 100 100 100 100 100 100 100 100 100 100 100 100 100 100 100 100 100 100 
100 100 100 100 100 100 100 100 100 100 100 100 100 100 100 100 100 100 100 100 100 100 100 100 100 100 100 100 100 100 
100 100 100 100 100 100 100 100 100 100 100 100 100 100 100 100 100 100 100 100 100 100 100 100 100 100 100 100 100 100 
100 100 100 100 100 100 100 100 100 100 100 100 100 100 100 100 100 100 100 100 100 100 100 100 100 100 100 100 100 100 

Tags2005_R1_R1 :
tag-recapture data for tag Tags2005_R1 in years 2006 2007 2008 2009 2010 , step 1, after proportion 0.5 of mortality, with sampling method size, detection probability 1.
Year 2006
class scanned recaptured
100 0 0
150 0 0
200 0 0
250 2 0
300 28 0
350 320 0
400 2302 0
450 11502 0
500 39770 0
550 96806 1
600 173902 4
650 243624 11
700 277690 26
750 266092 26
800 224820 37
850 178122 23
900 136978 13
950 101584 15
1000 71958 9
1050 49292 4
1100 33518 2
1150 23134 5
1200 16316 2
1250 11662 1
1300 8346 0
1350 5944 0
1400 4222 0
1450 2988 0
1500 2086 0
1550 1406 0
1600 896 0
1650 530 0
1700 286 0
1750 140 0
1800 62 0
1850 24 0
1900 8 0
1950 2 0
2000 0 0


Year 2007
class scanned recaptured
100 0 0
150 0 0
200 0 0
250 2 0
300 28 0
350 344 0
400 2442 0
450 11568 0
500 39724 0
550 99366 0
600 181960 3
650 252416 7
700 280488 13
750 265182 16
800 224010 17
850 176300 15
900 134278 18
950 100438 14
1000 72920 5
1050 50898 7
1100 34514 3
1150 23278 2
1200 15942 0
1250 11162 0
1300 7944 0
1350 5686 0
1400 4062 0
1450 2880 0
1500 2006 0
1550 1350 0
1600 862 0
1650 512 0
1700 278 0
1750 138 0
1800 62 0
1850 24 0
1900 8 0
1950 2 0
2000 0 0


Year 2008
class scanned recaptured
100 0 0
150 0 0
200 0 0
250 2 0
300 28 0
350 344 0
400 2602 0
450 12332 0
500 40170 0
550 97884 1
600 182308 0
650 260086 2
700 291620 10
750 271378 18
800 224512 23
850 174626 13
900 131756 16
950 97934 15
1000 71728 8
1050 51120 7
1100 35200 3
1150 23658 1
1200 15864 0
1250 10828 0
1300 7580 1
1350 5410 1
1400 3886 1
1450 2772 1
1500 1934 0
1550 1300 0
1600 826 0
1650 490 0
1700 266 0
1750 132 0
1800 58 0
1850 24 0
1900 8 0
1950 2 0
2000 0 0


Year 2009
class scanned recaptured
100 0 0
150 0 0
200 0 0
250 2 0
300 28 0
350 338 0
400 2596 0
450 13080 0
500 43468 0
550 101422 1
600 180382 0
650 255904 0
700 293398 5
750 278302 7
800 229716 11
850 175798 16
900 130724 14
950 96182 18
1000 70174 11
1050 50456 5
1100 35360 3
1150 24054 3
1200 16060 1
1250 10754 1
1300 7362 0
1350 5182 0
1400 3714 0
1450 2662 0
1500 1866 0
1550 1256 0
1600 798 0
1650 470 0
1700 254 0
1750 126 0
1800 56 0
1850 22 0
1900 8 0
1950 2 0
2000 0 0


Year 2010
class scanned recaptured
100 0 0
150 0 0
200 0 0
250 2 0
300 30 0
350 342 0
400 2546 0
450 12914 0
500 45438 0
550 110634 0
600 193100 0
650 259840 1
700 288924 0
750 275666 6
800 231594 3
850 178066 10
900 131090 10
950 95240 3
1000 68874 5
1050 49434 8
1100 34952 2
1150 24134 2
1200 16262 1
1250 10830 0
1300 7284 0
1350 5028 0
1400 3564 0
1450 2550 0
1500 1794 0
1550 1212 0
1600 770 0
1650 454 0
1700 246 0
1750 120 0
1800 54 0
1850 22 0
1900 8 0
1950 2 0
2000 0 0


Tags2006_R1_R1 :
tag-recapture data for tag Tags2006_R1 in years 2007 2008 2009 2010 , step 1, after proportion 0.5 of mortality, with sampling method size, detection probability 1.
Year 2007
class scanned recaptured
100 0 0
150 0 0
200 0 0
250 2 0
300 28 0
350 344 0
400 2442 0
450 11568 0
500 39724 0
550 99366 0
600 181960 4
650 252416 9
700 280488 18
750 265182 25
800 224010 24
850 176300 21
900 134278 17
950 100438 13
1000 72920 8
1050 50898 2
1100 34514 2
1150 23278 1
1200 15942 0
1250 11162 0
1300 7944 0
1350 5686 0
1400 4062 0
1450 2880 0
1500 2006 0
1550 1350 0
1600 862 0
1650 512 0
1700 278 0
1750 138 0
1800 62 0
1850 24 0
1900 8 0
1950 2 0
2000 0 0


Year 2008
class scanned recaptured
100 0 0
150 0 0
200 0 0
250 2 0
300 28 0
350 344 0
400 2602 0
450 12332 0
500 40170 0
550 97884 0
600 182308 1
650 260086 9
700 291620 18
750 271378 21
800 224512 23
850 174626 18
900 131756 13
950 97934 14
1000 71728 7
1050 51120 5
1100 35200 3
1150 23658 4
1200 15864 0
1250 10828 6
1300 7580 2
1350 5410 0
1400 3886 0
1450 2772 1
1500 1934 0
1550 1300 0
1600 826 0
1650 490 0
1700 266 0
1750 132 0
1800 58 0
1850 24 0
1900 8 0
1950 2 0
2000 0 0


Year 2009
class scanned recaptured
100 0 0
150 0 0
200 0 0
250 2 0
300 28 0
350 338 0
400 2596 0
450 13080 0
500 43468 0
550 101422 0
600 180382 0
650 255904 1
700 293398 12
750 278302 13
800 229716 23
850 175798 21
900 130724 12
950 96182 19
1000 70174 8
1050 50456 4
1100 35360 3
1150 24054 0
1200 16060 0
1250 10754 1
1300 7362 1
1350 5182 0
1400 3714 0
1450 2662 0
1500 1866 0
1550 1256 0
1600 798 0
1650 470 0
1700 254 0
1750 126 0
1800 56 0
1850 22 0
1900 8 0
1950 2 0
2000 0 0


Year 2010
class scanned recaptured
100 0 0
150 0 0
200 0 0
250 2 0
300 30 0
350 342 0
400 2546 0
450 12914 0
500 45438 0
550 110634 0
600 193100 0
650 259840 1
700 288924 4
750 275666 17
800 231594 9
850 178066 10
900 131090 14
950 95240 11
1000 68874 9
1050 49434 5
1100 34952 5
1150 24134 1
1200 16262 0
1250 10830 0
1300 7284 0
1350 5028 0
1400 3564 0
1450 2550 0
1500 1794 0
1550 1212 0
1600 770 0
1650 454 0
1700 246 0
1750 120 0
1800 54 0
1850 22 0
1900 8 0
1950 2 0
2000 0 0


Tags2007_R1_R1 :
tag-recapture data for tag Tags2007_R1 in years 2008 2009 2010 , step 1, after proportion 0.5 of mortality, with sampling method size, detection probability 1.
Year 2008
class scanned recaptured
100 0 0
150 0 0
200 0 0
250 2 0
300 28 0
350 344 0
400 2602 0
450 12332 0
500 40170 0
550 97884 0
600 182308 3
650 260086 10
700 291620 15
750 271378 27
800 224512 32
850 174626 23
900 131756 17
950 97934 9
1000 71728 3
1050 51120 4
1100 35200 3
1150 23658 1
1200 15864 3
1250 10828 0
1300 7580 1
1350 5410 0
1400 3886 0
1450 2772 0
1500 1934 0
1550 1300 0
1600 826 0
1650 490 0
1700 266 0
1750 132 0
1800 58 0
1850 24 0
1900 8 0
1950 2 0
2000 0 0


Year 2009
class scanned recaptured
100 0 0
150 0 0
200 0 0
250 2 0
300 28 0
350 338 0
400 2596 0
450 13080 0
500 43468 0
550 101422 1
600 180382 3
650 255904 8
700 293398 17
750 278302 22
800 229716 25
850 175798 10
900 130724 12
950 96182 11
1000 70174 3
1050 50456 11
1100 35360 3
1150 24054 4
1200 16060 3
1250 10754 2
1300 7362 0
1350 5182 0
1400 3714 0
1450 2662 0
1500 1866 0
1550 1256 0
1600 798 0
1650 470 0
1700 254 0
1750 126 0
1800 56 0
1850 22 0
1900 8 0
1950 2 0
2000 0 0


Year 2010
class scanned recaptured
100 0 0
150 0 0
200 0 0
250 2 0
300 30 0
350 342 0
400 2546 0
450 12914 0
500 45438 0
550 110634 0
600 193100 0
650 259840 1
700 288924 10
750 275666 24
800 231594 18
850 178066 15
900 131090 19
950 95240 6
1000 68874 8
1050 49434 10
1100 34952 1
1150 24134 4
1200 16262 2
1250 10830 1
1300 7284 0
1350 5028 0
1400 3564 1
1450 2550 0
1500 1794 0
1550 1212 0
1600 770 0
1650 454 0
1700 246 0
1750 120 0
1800 54 0
1850 22 0
1900 8 0
1950 2 0
2000 0 0


Tags2008_R1_R1 :
tag-recapture data for tag Tags2008_R1 in years 2009 2010 , step 1, after proportion 0.5 of mortality, with sampling method size, detection probability 1.
Year 2009
class scanned recaptured
100 0 0
150 0 0
200 0 0
250 2 0
300 28 0
350 338 0
400 2596 0
450 13080 0
500 43468 0
550 101422 1
600 180382 1
650 255904 20
700 293398 29
750 278302 31
800 229716 32
850 175798 23
900 130724 13
950 96182 9
1000 70174 3
1050 50456 4
1100 35360 3
1150 24054 0
1200 16060 0
1250 10754 0
1300 7362 1
1350 5182 0
1400 3714 1
1450 2662 1
1500 1866 0
1550 1256 0
1600 798 0
1650 470 0
1700 254 0
1750 126 0
1800 56 0
1850 22 0
1900 8 0
1950 2 0
2000 0 0


Year 2010
class scanned recaptured
100 0 0
150 0 0
200 0 0
250 2 0
300 30 0
350 342 0
400 2546 0
450 12914 0
500 45438 0
550 110634 1
600 193100 3
650 259840 5
700 288924 15
750 275666 26
800 231594 16
850 178066 23
900 131090 17
950 95240 13
1000 68874 4
1050 49434 5
1100 34952 3
1150 24134 1
1200 16262 0
1250 10830 0
1300 7284 0
1350 5028 0
1400 3564 0
1450 2550 1
1500 1794 0
1550 1212 0
1600 770 0
1650 454 0
1700 246 0
1750 120 0
1800 54 0
1850 22 0
1900 8 0
1950 2 0
2000 0 0


Tags2009_R1_R1 :
tag-recapture data for tag Tags2009_R1 in years 2010 , step 1, after proportion 0.5 of mortality, with sampling method size, detection probability 1.
Year 2010
class scanned recaptured
100 0 0
150 0 0
200 0 0
250 2 0
300 30 0
350 342 0
400 2546 0
450 12914 0
500 45438 1
550 110634 0
600 193100 7
650 259840 7
700 288924 23
750 275666 30
800 231594 27
850 178066 21
900 131090 18
950 95240 9
1000 68874 9
1050 49434 3
1100 34952 2
1150 24134 4
1200 16262 0
1250 10830 1
1300 7284 0
1350 5028 0
1400 3564 0
1450 2550 0
1500 1794 0
1550 1212 0
1600 770 0
1650 454 0
1700 246 0
1750 120 0
1800 54 0
1850 22 0
1900 8 0
1950 2 0
2000 0 0



Ageing_error:
  Misclassification matrix:
1 0 0 0 0 0 0 0 0 0 0 0 0 0 0 0 0 0 0 0 0 0 0 0 0 0 0 0 0 0 
0 1 0 0 0 0 0 0 0 0 0 0 0 0 0 0 0 0 0 0 0 0 0 0 0 0 0 0 0 0 
0 0 1 0 0 0 0 0 0 0 0 0 0 0 0 0 0 0 0 0 0 0 0 0 0 0 0 0 0 0 
0 0 0 1 0 0 0 0 0 0 0 0 0 0 0 0 0 0 0 0 0 0 0 0 0 0 0 0 0 0 
0 0 0 0 1 0 0 0 0 0 0 0 0 0 0 0 0 0 0 0 0 0 0 0 0 0 0 0 0 0 
0 0 0 0 0 1 0 0 0 0 0 0 0 0 0 0 0 0 0 0 0 0 0 0 0 0 0 0 0 0 
0 0 0 0 0 0 1 0 0 0 0 0 0 0 0 0 0 0 0 0 0 0 0 0 0 0 0 0 0 0 
0 0 0 0 0 0 0 1 0 0 0 0 0 0 0 0 0 0 0 0 0 0 0 0 0 0 0 0 0 0 
0 0 0 0 0 0 0 0 1 0 0 0 0 0 0 0 0 0 0 0 0 0 0 0 0 0 0 0 0 0 
0 0 0 0 0 0 0 0 0 1 0 0 0 0 0 0 0 0 0 0 0 0 0 0 0 0 0 0 0 0 
0 0 0 0 0 0 0 0 0 0 1 0 0 0 0 0 0 0 0 0 0 0 0 0 0 0 0 0 0 0 
0 0 0 0 0 0 0 0 0 0 0 1 0 0 0 0 0 0 0 0 0 0 0 0 0 0 0 0 0 0 
0 0 0 0 0 0 0 0 0 0 0 0 1 0 0 0 0 0 0 0 0 0 0 0 0 0 0 0 0 0 
0 0 0 0 0 0 0 0 0 0 0 0 0 1 0 0 0 0 0 0 0 0 0 0 0 0 0 0 0 0 
0 0 0 0 0 0 0 0 0 0 0 0 0 0 1 0 0 0 0 0 0 0 0 0 0 0 0 0 0 0 
0 0 0 0 0 0 0 0 0 0 0 0 0 0 0 1 0 0 0 0 0 0 0 0 0 0 0 0 0 0 
0 0 0 0 0 0 0 0 0 0 0 0 0 0 0 0 1 0 0 0 0 0 0 0 0 0 0 0 0 0 
0 0 0 0 0 0 0 0 0 0 0 0 0 0 0 0 0 1 0 0 0 0 0 0 0 0 0 0 0 0 
0 0 0 0 0 0 0 0 0 0 0 0 0 0 0 0 0 0 1 0 0 0 0 0 0 0 0 0 0 0 
0 0 0 0 0 0 0 0 0 0 0 0 0 0 0 0 0 0 0 1 0 0 0 0 0 0 0 0 0 0 
0 0 0 0 0 0 0 0 0 0 0 0 0 0 0 0 0 0 0 0 1 0 0 0 0 0 0 0 0 0 
0 0 0 0 0 0 0 0 0 0 0 0 0 0 0 0 0 0 0 0 0 1 0 0 0 0 0 0 0 0 
0 0 0 0 0 0 0 0 0 0 0 0 0 0 0 0 0 0 0 0 0 0 1 0 0 0 0 0 0 0 
0 0 0 0 0 0 0 0 0 0 0 0 0 0 0 0 0 0 0 0 0 0 0 1 0 0 0 0 0 0 
0 0 0 0 0 0 0 0 0 0 0 0 0 0 0 0 0 0 0 0 0 0 0 0 1 0 0 0 0 0 
0 0 0 0 0 0 0 0 0 0 0 0 0 0 0 0 0 0 0 0 0 0 0 0 0 1 0 0 0 0 
0 0 0 0 0 0 0 0 0 0 0 0 0 0 0 0 0 0 0 0 0 0 0 0 0 0 1 0 0 0 
0 0 0 0 0 0 0 0 0 0 0 0 0 0 0 0 0 0 0 0 0 0 0 0 0 0 0 1 0 0 
0 0 0 0 0 0 0 0 0 0 0 0 0 0 0 0 0 0 0 0 0 0 0 0 0 0 0 0 1 0 
0 0 0 0 0 0 0 0 0 0 0 0 0 0 0 0 0 0 0 0 0 0 0 0 0 0 0 0 0 1 

Free parameters:

initialization.B0
uniform: bounds from 5000 to 500000
current value: 448262
lower bound: 5000
upper bound: 500000


Q's:
qs are nuisance parameters

Penalties:
LL1_Penalty :
Catch limit penalty of 1000 x the sum of squares of (log(actual catch) - log(specified catch)) for fishery LL1 to disencourage breaking exploitation rate limits
LL2_Penalty :
Catch limit penalty of 1000 x the sum of squares of (log(actual catch) - log(specified catch)) for fishery LL2 to disencourage breaking exploitation rate limits
meanYCS_1 :
Vector average penalty of 100 x square of (mean(recruitment.YCS) - 1) 
Penalty_Tags2005_R1_LL1 :
'Fish-must-be-tagged' penalty of 1 x square of (actual number of tagged fish - nominal number of tagged fish) for tagging episode Tags2005_R1_LL1
Penalty_Tags2006_R1_LL1 :
'Fish-must-be-tagged' penalty of 1 x square of (actual number of tagged fish - nominal number of tagged fish) for tagging episode Tags2006_R1_LL1
Penalty_Tags2007_R1_LL1 :
'Fish-must-be-tagged' penalty of 1 x square of (actual number of tagged fish - nominal number of tagged fish) for tagging episode Tags2007_R1_LL1
Penalty_Tags2008_R1_LL1 :
'Fish-must-be-tagged' penalty of 1 x square of (actual number of tagged fish - nominal number of tagged fish) for tagging episode Tags2008_R1_LL1
Penalty_Tags2009_R1_LL1 :
'Fish-must-be-tagged' penalty of 1 x square of (actual number of tagged fish - nominal number of tagged fish) for tagging episode Tags2009_R1_LL1

Components of the objective function are:
  LL1_catchA
  Tags2005_R1_R1
  Tags2006_R1_R1
  Tags2007_R1_R1
  Tags2008_R1_R1
  Tags2009_R1_R1
  prior_on_initialization.B0
  LL1_Penalty
  LL2_Penalty
  meanYCS_1
  Penalty_Tags2005_R1_LL1
  Penalty_Tags2006_R1_LL1
  Penalty_Tags2007_R1_LL1
  Penalty_Tags2008_R1_LL1
  Penalty_Tags2009_R1_LL1

Random number seed : 80141


Minimiser achieved convergence after 6 quasi-Newton iterations using 9 objective function evaluations



Approximate Covariance matrix (Inverse Hessian of parameters at point estimate):
1.28007e+007 

Correlation matrix:
1 

List of parameter names, in the same order as the rows & cols of the covariance/correlation matrices:
initialization.B0 



Start extracting output from here

Point estimate:
initialization.B0
current value: 191962
lower bound: 5000
upper bound: 500000


In a format suitable for -i :

initialization.B0 
191962 

Objective function : 912.123

Components :
LL1_catchA                                         391.369
Tags2005_R1_R1                                     162.973
Tags2006_R1_R1                                     135.578
Tags2007_R1_R1                                     113.035
Tags2008_R1_R1                                     74.0544
Tags2009_R1_R1                                     35.1153
prior_on_initialization.B0                         0
LL1_Penalty                                        0
LL2_Penalty                                        0
meanYCS_1                                          0
Penalty_Tags2005_R1_LL1                            8.27181e-025
Penalty_Tags2006_R1_LL1                            2.06795e-025
Penalty_Tags2007_R1_LL1                            1.86116e-024
Penalty_Tags2008_R1_LL1                            1.86116e-024
Penalty_Tags2009_R1_LL1                            2.06795e-025

Fits : 

The observations are:
LL1_catchA
Tags2005_R1_R1
Tags2006_R1_R1
Tags2007_R1_R1
Tags2008_R1_R1
Tags2009_R1_R1
Fits follow:

LL1_catchA :
catch proportions-at-age for fishery LL1  with ageing error (constrained to sum to 1):
obs (last class is a plus group):
class 1       2       3       4       5       6       7       8       9       10      11      12      13      14      15      16      17      18      19      20      21      22      23      24      25      26      27      28      29      30      
2000 0       0       0       0       0       0.01    0.04    0.09    0.17    0.19    0.16    0.08    0.06    0.08    0.01    0.02    0.02    0.01    0.03    0       0       0.01    0.01    0.01    0       0       0       0       0       0       
2001 0       0       0       0       0.01    0.04    0.03    0.1     0.15    0.15    0.13    0.09    0.09    0.06    0.03    0.02    0.03    0.03    0.01    0.01    0.01    0.01    0       0       0       0       0       0       0       0       
2002 0       0       0       0       0       0.02    0.05    0.07    0.16    0.19    0.12    0.05    0.1     0.05    0.08    0.03    0.01    0.02    0       0.01    0       0       0       0       0.01    0       0       0.01    0       0.02    
2003 0       0       0       0       0       0.01    0.07    0.09    0.15    0.13    0.09    0.14    0.07    0.07    0.04    0.01    0.03    0.02    0.02    0       0.02    0       0.01    0       0       0.01    0       0       0       0.02    
2004 0       0       0       0       0.01    0.02    0.04    0.09    0.09    0.13    0.14    0.11    0.11    0.06    0.04    0.02    0.03    0.03    0.01    0.03    0.01    0.03    0       0       0       0       0       0       0       0       
2005 0       0       0       0       0.01    0.02    0.06    0.12    0.13    0.12    0.15    0.09    0.03    0.08    0.03    0.09    0.02    0       0.04    0.01    0       0       0       0       0       0       0       0       0       0       
2006 0       0       0       0       0       0.01    0.08    0.1     0.19    0.17    0.07    0.07    0.08    0.09    0.06    0.04    0.03    0       0.01    0       0       0       0       0       0       0       0       0       0       0       
2007 0       0       0       0.01    0.01    0.02    0.06    0.16    0.1     0.13    0.1     0.1     0.07    0.04    0.05    0.01    0.06    0.02    0.04    0       0       0       0.01    0.01    0       0       0       0       0       0       
2008 0       0       0       0       0.01    0.01    0.05    0.08    0.1     0.21    0.22    0.07    0.05    0.06    0.01    0.03    0       0.02    0.01    0.03    0       0.01    0.01    0.01    0       0       0       0.01    0       0       
2009 0       0       0       0       0       0       0.08    0.14    0.16    0.09    0.15    0.09    0.08    0.04    0.02    0.05    0.04    0.01    0.01    0.02    0.01    0       0       0       0       0       0       0       0       0.01    
2010 0       0       0       0       0.01    0.03    0.08    0.15    0.1     0.17    0.13    0.1     0.05    0.02    0.04    0.02    0.01    0.05    0.01    0       0.01    0.01    0.01    0       0       0       0       0       0       0       
fits (last class is a plus group):
class 1       2       3       4       5       6       7       8       9       10      11      12      13      14      15      16      17      18      19      20      21      22      23      24      25      26      27      28      29      30      
2000 4.90013e-007 8.01165e-006 9.26176e-005 0.000756994 0.00437384 0.0178565 0.0514172 0.103946 0.146557 0.143638 0.116648 0.0935421 0.0741274 0.0580908 0.0450603 0.0346621 0.026547 0.0203541 0.0156515 0.011982 0.00907055 0.00678496 0.00501125 0.00365188 0.00262403 0.00185803 0.00129586 0.00088986 0.000601498 0.00290033 
2001 4.91452e-007 8.03526e-006 9.28964e-005 0.000759367 0.00438833 0.0179195 0.05161 0.104349 0.147112 0.144256 0.117146 0.0938561 0.0743037 0.0581662 0.0450536 0.0345582 0.0262968 0.0199281 0.0151205 0.0115067 0.0087173 0.00652951 0.00483171 0.00352938 0.00254299 0.00180611 0.0012637 0.00087065 0.000590453 0.00288626 
2002 4.92628e-007 8.05421e-006 9.31163e-005 0.000761213 0.00439955 0.0179684 0.0517604 0.104667 0.147553 0.144644 0.11751 0.0941445 0.0744654 0.0582372 0.0450613 0.0345153 0.0261903 0.0197203 0.0147898 0.0111061 0.00836414 0.00626997 0.0046461 0.00340034 0.00245589 0.0017491 0.00122756 0.000848491 0.000577338 0.00286517 
2003 4.93633e-007 8.07016e-006 9.32976e-005 0.000762701 0.00440842 0.0180068 0.0518784 0.104917 0.147902 0.144952 0.117713 0.0943465 0.0746236 0.0583099 0.0450757 0.0344911 0.026136 0.0196248 0.0146244 0.0108554 0.00806744 0.0060121 0.00445871 0.00326783 0.0023648 0.00168831 0.00118822 0.000823825 0.00056238 0.00283721 
2004 4.94539e-007 8.08432e-006 9.34556e-005 0.000763968 0.00441577 0.0180378 0.0519728 0.105116 0.148178 0.145193 0.117871 0.0944364 0.0747266 0.0583901 0.0450993 0.0344781 0.0261004 0.0195718 0.014545 0.010728 0.00788117 0.00579597 0.00427336 0.00313467 0.00227172 0.00162507 0.0011465 0.000797142 0.000545849 0.00280253 
2005 4.95397e-007 8.09759e-006 9.36016e-005 0.000765114 0.00442225 0.0180643 0.0520511 0.105278 0.148398 0.145382 0.117992 0.0945037 0.0747513 0.0584352 0.0451348 0.0344768 0.0260766 0.0195352 0.0144988 0.010665 0.00778553 0.00566001 0.00411829 0.00300338 0.00217849 0.00156066 0.00110326 0.000768964 0.000528044 0.00276136 
2006 4.9625e-007 8.11069e-006 9.37442e-005 0.000766219 0.00442836 0.0180886 0.0521202 0.105415 0.148578 0.14553 0.118082 0.0945503 0.0747652 0.0584246 0.0451475 0.0344878 0.026064 0.0195094 0.0144662 0.0106274 0.00773731 0.00558967 0.0040206 0.00289369 0.00208679 0.00149631 0.00105934 0.000739836 0.000509296 0.00271399 
2007 4.97114e-007 8.12391e-006 9.38874e-005 0.000767318 0.00443436 0.0181119 0.0521844 0.105537 0.148731 0.145648 0.118148 0.0945788 0.0747682 0.0584098 0.0451202 0.0344836 0.0260625 0.0194931 0.0144424 0.0106004 0.00770795 0.00555369 0.00396976 0.00282449 0.00201021 0.00143309 0.00101551 0.000710284 0.000489942 0.0026608 
2008 4.98005e-007 8.13752e-006 9.40342e-005 0.000768438 0.00444041 0.0181351 0.0522469 0.105653 0.148869 0.145746 0.118195 0.094592 0.0747603 0.0583891 0.0450916 0.0344504 0.0260506 0.0194859 0.0144262 0.0105801 0.00768649 0.00553142 0.00394344 0.00278829 0.00196183 0.00138031 0.000972477 0.000680817 0.000470323 0.00260229 
2009 4.98928e-007 8.15161e-006 9.4186e-005 0.000769593 0.00444663 0.0181587 0.0523097 0.105766 0.148999 0.145832 0.118228 0.0945929 0.0747423 0.0583614 0.0450597 0.034417 0.0260173 0.0194713 0.014417 0.0105657 0.00767011 0.00551493 0.00392693 0.00276936 0.00193641 0.00134691 0.000936554 0.000651903 0.000450769 0.00253908 
2010 4.99884e-007 8.16622e-006 9.43434e-005 0.000770788 0.00445304 0.0181829 0.0523737 0.10588 0.149127 0.145912 0.118253 0.0945844 0.0747155 0.0583265 0.0450229 0.0343815 0.0259842 0.0194409 0.0144024 0.0105564 0.00765801 0.00550211 0.00391455 0.00275734 0.00192301 0.0013293 0.000913796 0.000627758 0.000431585 0.0024719 
resids (last class is a plus group):
class 1       2       3       4       5       6       7       8       9       10      11      12      13      14      15      16      17      18      19      20      21      22      23      24      25      26      27      28      29      30      
2000 -4.90013e-007 -8.01165e-006 -9.26176e-005 -0.000756994 -0.00437384 -0.00785649 -0.0114172 -0.0139462 0.0234429 0.0463625 0.0433521 -0.0135421 -0.0141274 0.0219092 -0.0350603 -0.0146621 -0.00654703 -0.0103541 0.0143485 -0.011982 -0.00907055 0.00321504 0.00498875 0.00634812 -0.00262403 -0.00185803 -0.00129586 -0.00088986 -0.000601498 -0.00290033 
2001 -4.91452e-007 -8.03526e-006 -9.28964e-005 -0.000759367 0.00561167 0.0220805 -0.02161 -0.00434946 0.00288765 0.00574403 0.0128544 -0.00385612 0.0156963 0.00183376 -0.0150536 -0.0145582 0.00370322 0.0100719 -0.00512048 -0.00150672 0.0012827 0.00347049 -0.00483171 -0.00352938 -0.00254299 -0.00180611 -0.0012637 -0.00087065 -0.000590453 -0.00288626 
2002 -4.92628e-007 -8.05421e-006 -9.31163e-005 -0.000761213 -0.00439955 0.00203161 -0.00176039 -0.0346672 0.0124467 0.0453556 0.00249048 -0.0441445 0.0255346 -0.00823723 0.0349387 -0.0045153 -0.0161903 0.000279682 -0.0147898 -0.00110608 -0.00836414 -0.00626997 -0.0046461 -0.00340034 0.00754411 -0.0017491 -0.00122756 0.00915151 -0.000577338 0.0171348 
2003 -4.93633e-007 -8.07016e-006 -9.32976e-005 -0.000762701 -0.00440842 -0.00800675 0.0181216 -0.0149174 0.00209804 -0.0149517 -0.0277126 0.0456535 -0.00462356 0.0116901 -0.00507567 -0.0244911 0.003864 0.000375174 0.00537555 -0.0108554 0.0119326 -0.0060121 0.00554129 -0.00326783 -0.0023648 0.00831169 -0.00118822 -0.000823825 -0.00056238 0.0171628 
2004 -4.94539e-007 -8.08432e-006 -9.34556e-005 -0.000763968 0.00558423 0.00196217 -0.0119728 -0.0151161 -0.0581776 -0.0151931 0.022129 0.0155636 0.0352734 0.00160987 -0.00509929 -0.0144781 0.00389964 0.0104282 -0.00454497 0.019272 0.00211883 0.024204 -0.00427336 -0.00313467 -0.00227172 -0.00162507 -0.0011465 -0.000797142 -0.000545849 -0.00280253 
2005 -4.95397e-007 -8.09759e-006 -9.36016e-005 -0.000765114 0.00557775 0.00193566 0.00794889 0.0147223 -0.0183977 -0.0253819 0.0320078 -0.00450369 -0.0447513 0.0215648 -0.0151348 0.0555232 -0.00607656 -0.0195352 0.0255012 -0.000665014 -0.00778553 -0.00566001 -0.00411829 -0.00300338 -0.00217849 -0.00156066 -0.00110326 -0.000768964 -0.000528044 -0.00276136 
2006 -4.9625e-007 -8.11069e-006 -9.37442e-005 -0.000766219 -0.00442836 -0.00808861 0.0278798 -0.005415 0.041422 0.0244701 -0.0480822 -0.0245503 0.00523484 0.0315754 0.0148525 0.00551223 0.00393596 -0.0195094 -0.00446619 -0.0106274 -0.00773731 -0.00558967 -0.0040206 -0.00289369 -0.00208679 -0.00149631 -0.00105934 -0.000739836 -0.000509296 -0.00271399 
2007 -4.97114e-007 -8.12391e-006 -9.38874e-005 0.00923268 0.00556564 0.00188809 0.00781562 0.0544625 -0.0487314 -0.0156483 -0.0181477 0.00542116 -0.00476818 -0.0184098 0.00487982 -0.0244836 0.0339375 0.000506853 0.0255576 -0.0106004 -0.00770795 -0.00555369 0.00603024 0.00717551 -0.00201021 -0.00143309 -0.00101551 -0.000710284 -0.000489942 -0.0026608 
2008 -4.98005e-007 -8.13752e-006 -9.40342e-005 -0.000768438 0.00555959 -0.00813511 -0.00224695 -0.0256529 -0.0488688 0.0642536 0.101805 -0.024592 -0.0247603 0.00161094 -0.0350916 -0.00445037 -0.0260506 0.000514109 -0.00442618 0.0194199 -0.00768649 0.00446858 0.00605656 0.00721171 -0.00196183 -0.00138031 -0.000972477 0.00931918 -0.000470323 -0.00260229 
2009 -4.98928e-007 -8.15161e-006 -9.4186e-005 -0.000769593 -0.00444663 -0.0181587 0.0276903 0.0342338 0.0110013 -0.0558321 0.031772 -0.00459288 0.00525774 -0.0183614 -0.0250597 0.015583 0.0139827 -0.0094713 -0.00441696 0.00943432 0.00232989 -0.00551493 -0.00392693 -0.00276936 -0.00193641 -0.00134691 -0.000936554 -0.000651903 -0.000450769 0.00746092 
2010 -4.99884e-007 -8.16622e-006 -9.43434e-005 -0.000770788 0.00554696 0.0118171 0.0276263 0.0441198 -0.0491267 0.0240877 0.0117468 0.00541563 -0.0247155 -0.0383265 -0.00502293 -0.0143815 -0.0159842 0.0305591 -0.00440241 -0.0105564 0.00234199 0.00449789 0.00608545 -0.00275734 -0.00192301 -0.0013293 -0.000913796 -0.000627758 -0.000431585 -0.0024719 
pearson_resids (last class is a plus group):
class 1       2       3       4       5       6       7       8       9       10      11      12      13      14      15      16      17      18      19      20      21      22      23      24      25      26      27      28      29      30      
2000 -0.00700009 -0.028305 -0.0962425 -0.275239 -0.662802 -0.593257 -0.516972 -0.456968 0.662857 1.32192 1.35053 -0.46506 -0.539259 0.93663 -1.69017 -0.801547 -0.407267 -0.733247 1.15599 -1.10124 -0.956743 0.391644 0.706497 1.0524  -0.512926 -0.43145 -0.360214 -0.298438 -0.245328 -0.539329 
2001 -0.00701037 -0.0283466 -0.0963873 -0.275671 0.848979 1.66445 -0.976773 -0.142272 0.0815219 0.163485 0.39971 -0.132227 0.598492 0.0783465 -0.72575 -0.797018 0.231427 0.720691 -0.419601 -0.141276 0.137987 0.430896 -0.696791 -0.595137 -0.504923 -0.425368 -0.355711 -0.295196 -0.243064 -0.538016 
2002 -0.00701875 -0.0283801 -0.0965013 -0.276006 -0.664755 0.152941 -0.0794603 -1.13246 0.35095 1.28946 0.0773378 -1.51164 0.972646 -0.35173 1.68429 -0.247348 -1.01379 0.0201156 -1.22523 -0.105544 -0.918406 -0.794326 -0.683212 -0.584118 1.52418 -0.418588 -0.350581 3.14307 -0.240348 3.20573 
2003 -0.00702591 -0.0284081 -0.0965952 -0.276276 -0.665428 -0.602122 0.817092 -0.486784 0.0590991 -0.424701 -0.859926 1.56182 -0.175946 0.498876 -0.244646 -1.34208 0.242197 0.0270479 0.447798 -1.04759 1.33391 -0.777718 0.83172 -0.572586 -0.486869 2.02456 -0.34491 -0.287142 -0.237212 3.2267  
2004 -0.00703235 -0.028433 -0.096677 -0.276505 0.84221 0.147434 -0.539384 -0.492859 -1.63753 -0.43126 0.686265 0.532206 1.34145 0.0686572 -0.245723 -0.793522 0.244593 0.752814 -0.379626 1.87072 0.239618 3.1885  -0.65511 -0.560761 -0.477168 -0.403449 -0.338794 -0.28245 -0.233698 -0.530133 
2005 -0.00703845 -0.0284564 -0.0967525 -0.276713 0.840619 0.145337 0.357848 0.479692 -0.517526 -0.720084 0.992184 -0.153958 -1.70164 0.919352 -0.729038 3.0432  -0.381303 -1.41154 2.13337 -0.0647408 -0.885812 -0.754468 -0.643065 -0.548856 -0.467253 -0.395361 -0.332337 -0.277409 -0.229853 -0.526213 
2006 -0.0070445 -0.0284794 -0.0968262 -0.276913 -0.666938 -0.606925 1.25433 -0.176334 1.16461 0.693924 -1.48997 -0.839061 0.199034 1.34624 0.715346 0.302076 0.247039 -1.41059 -0.374046 -1.03642 -0.883043 -0.749739 -0.635361 -0.538711 -0.457291 -0.387111 -0.325647 -0.2721 -0.225733 -0.521668 
2007 -0.00705063 -0.0285026 -0.0969001 3.33432 0.837654 0.141583 0.351424 1.77261 -1.36954 -0.443604 -0.562225 0.185255 -0.181288 -0.785009 0.235095 -1.3418 2.13013 0.036662 2.1422  -1.03508 -0.881352 -0.747309 0.958995 1.35206 -0.448805 -0.378833 -0.318832 -0.266606 -0.221401 -0.516517 
2008 -0.00705695 -0.0285264 -0.0969758 -0.277314 0.836175 -0.609646 -0.100975 -0.834531 -1.37288 1.82098 3.15345 -0.84032 -0.941441 0.0687034 -1.69112 -0.244012 -1.63546 0.0371936 -0.371201 1.89807 -0.880115 0.602498 0.966376 1.36765 -0.443361 -0.371781 -0.311997 3.57281 -0.21692 -0.510792 
2009 -0.00706348 -0.0285511 -0.097054 -0.277522 -0.668318 -1.35995 1.24366 1.11316 0.308949 -1.58192 0.984025 -0.15694 0.199933 -0.783249 -1.20807 0.854807 0.878383 -0.68546 -0.370544 0.922716 0.267058 -0.744682 -0.627887 -0.526978 -0.440474 -0.367251 -0.306175 -0.255407 -0.212361 1.48254 
2010 -0.00707025 -0.0285767 -0.0971351 -0.277738 0.833098 0.884427 1.24008 1.43393 -1.37914 0.682336 0.363782 0.185061 -0.939998 -1.63537 -0.242239 -0.789296 -1.00474 2.21332 -0.369507 -1.03291 0.268656 0.608053 0.974549 -0.52583 -0.438943 -0.364838 -0.302429 -0.25063 -0.207791 -0.497797 
objective function: multinomial likelihood, with delta = 1e-011, N =
100 100 100 100 100 100 100 100 100 100 100 100 100 100 100 100 100 100 100 100 100 100 100 100 100 100 100 100 100 100 
100 100 100 100 100 100 100 100 100 100 100 100 100 100 100 100 100 100 100 100 100 100 100 100 100 100 100 100 100 100 
100 100 100 100 100 100 100 100 100 100 100 100 100 100 100 100 100 100 100 100 100 100 100 100 100 100 100 100 100 100 
100 100 100 100 100 100 100 100 100 100 100 100 100 100 100 100 100 100 100 100 100 100 100 100 100 100 100 100 100 100 
100 100 100 100 100 100 100 100 100 100 100 100 100 100 100 100 100 100 100 100 100 100 100 100 100 100 100 100 100 100 
100 100 100 100 100 100 100 100 100 100 100 100 100 100 100 100 100 100 100 100 100 100 100 100 100 100 100 100 100 100 
100 100 100 100 100 100 100 100 100 100 100 100 100 100 100 100 100 100 100 100 100 100 100 100 100 100 100 100 100 100 
100 100 100 100 100 100 100 100 100 100 100 100 100 100 100 100 100 100 100 100 100 100 100 100 100 100 100 100 100 100 
100 100 100 100 100 100 100 100 100 100 100 100 100 100 100 100 100 100 100 100 100 100 100 100 100 100 100 100 100 100 
100 100 100 100 100 100 100 100 100 100 100 100 100 100 100 100 100 100 100 100 100 100 100 100 100 100 100 100 100 100 
100 100 100 100 100 100 100 100 100 100 100 100 100 100 100 100 100 100 100 100 100 100 100 100 100 100 100 100 100 100 

Tags2005_R1_R1 :
tag-recapture data for tag Tags2005_R1 in years 2006 2007 2008 2009 2010 , step 1, after proportion 0.5 of mortality, with sampling method size, detection probability 1.
Year 2006
class scanned recaptured expected_prop neg_log_likelihood
100 0 0 0 0
150 0 0 1.40441e-012 0
200 0 0 8.25683e-012 0
250 2 0 5.76652e-011 1.1533e-010
300 28 0 7.74481e-010 2.16855e-008
350 320 0 9.73207e-009 3.11426e-006
400 2302 0 9.09118e-008 0.000209279
450 11502 0 6.12828e-007 0.00704875
500 39770 0 2.92006e-006 0.116131
550 96806 1 9.97127e-006 1.00061
600 173902 4 2.52312e-005 1.65053
650 243624 11 4.9235e-005 2.16788
700 277690 26 7.71261e-005 3.00985
750 266092 26 0.000100993 2.5655
800 224820 37 0.000115501 4.79525
850 178122 23 0.000120515 2.54377
900 136978 13 0.000118792 2.56135
950 101584 15 0.000112949 2.77205
1000 71958 9 0.000104552 2.16302
1050 49292 4 9.44935e-005 1.68164
1100 33518 2 8.33678e-005 1.43227
1150 23134 5 7.16415e-005 3.91887
1200 16316 2 5.98137e-005 1.71779
1250 11662 1 4.85967e-005 1.13456
1300 8346 0 3.87414e-005 0.323342
1350 5944 0 3.07375e-005 0.182706
1400 4222 0 2.47718e-005 0.104588
1450 2988 0 2.05799e-005 0.0614933
1500 2086 0 1.77156e-005 0.0369551
1550 1406 0 1.57893e-005 0.0222
1600 896 0 1.44585e-005 0.0129549
1650 530 0 1.35564e-005 0.00718494
1700 286 0 1.29625e-005 0.00370731
1750 140 0 1.25806e-005 0.0017613
1800 62 0 1.23386e-005 0.000765001
1850 24 0 1.2186e-005 0.000292466
1900 8 0 1.20865e-005 9.66924e-005
1950 2 0 1.201e-005 2.40202e-005
2000 0 0 1.19251e-005 0

total neg_log_likelihood: 35.9964


Year 2007
class scanned recaptured expected_prop neg_log_likelihood
100 0 0 0 0
150 0 0 4.69928e-015 0
200 0 0 4.71289e-013 0
250 2 0 6.96585e-012 1.39317e-011
300 28 0 1.42803e-010 3.99848e-009
350 344 0 1.98924e-009 6.84297e-007
400 2442 0 1.92025e-008 4.68924e-005
450 11568 0 1.47838e-007 0.00171019
500 39724 0 8.57636e-007 0.0340688
550 99366 0 3.62517e-006 0.360219
600 181960 3 1.1324e-005 1.6834
650 252416 7 2.69488e-005 1.90662
700 280488 13 5.05693e-005 2.25866
750 265182 16 7.73833e-005 2.84961
800 224010 17 0.000100048 3.05389
850 176300 15 0.000113753 2.97706
900 134278 18 0.000118351 2.50271
950 100438 14 0.000116314 2.46042
1000 72920 5 0.000110137 2.40204
1050 50898 7 0.000101358 2.19895
1100 34514 3 9.08345e-005 1.49883
1150 23278 2 7.91515e-005 1.31336
1200 15942 0 6.69121e-005 1.06675
1250 11162 0 5.4941e-005 0.613268
1300 7944 0 4.41398e-005 0.350654
1350 5686 0 3.51595e-005 0.19992
1400 4062 0 2.83332e-005 0.115091
1450 2880 0 2.34582e-005 0.0675605
1500 2006 0 2.00772e-005 0.0402752
1550 1350 0 1.7773e-005 0.0239938
1600 862 0 1.61553e-005 0.013926
1650 512 0 1.50401e-005 0.00770057
1700 278 0 1.42941e-005 0.00397378
1750 138 0 1.38077e-005 0.00190548
1800 62 0 1.34963e-005 0.000836776
1850 24 0 1.32987e-005 0.000319171
1900 8 0 1.31706e-005 0.000105365
1950 2 0 1.30756e-005 2.61515e-005
2000 0 0 1.29759e-005 0

total neg_log_likelihood: 30.0079


Year 2008
class scanned recaptured expected_prop neg_log_likelihood
100 0 0 0 0
150 0 0 0 0
200 0 0 1.35604e-014 0
250 2 0 6.38796e-013 1.27764e-012
300 28 0 2.44389e-011 6.84289e-010
350 344 0 4.6233e-010 1.59042e-007
400 2602 0 4.58622e-009 1.19333e-005
450 12332 0 3.53309e-008 0.000435701
500 40170 0 2.32784e-007 0.00935092
550 97884 1 1.1759e-006 2.27704
600 182308 0 4.46148e-006 0.813365
650 260086 2 1.28712e-005 1.62427
700 291620 10 2.8965e-005 2.21333
750 271378 18 5.23108e-005 2.83815
800 224512 23 7.80411e-005 3.26944
850 174626 13 9.93813e-005 2.80662
900 131756 16 0.000112112 2.36011
950 97934 15 0.000116114 2.80411
1000 71728 8 0.000113638 1.97042
1050 51120 7 0.000106999 2.10022
1100 35200 3 9.76551e-005 1.52498
1150 23658 1 8.64416e-005 1.32962
1200 15864 0 7.40971e-005 1.17552
1250 10828 0 6.15759e-005 0.666765
1300 7580 1 4.99464e-005 1.34984
1350 5410 1 4.00411e-005 1.74619
1400 3886 1 3.23628e-005 2.1991
1450 2772 1 2.67936e-005 2.67427
1500 1934 0 2.28798e-005 0.04425
1550 1300 0 2.0184e-005 0.0262395
1600 826 0 1.82694e-005 0.0150906
1650 490 0 1.69343e-005 0.0082979
1700 266 0 1.60321e-005 0.00426458
1750 132 0 1.54388e-005 0.00203793
1800 58 0 1.50564e-005 0.00087328
1850 24 0 1.4813e-005 0.000355515
1900 8 0 1.46555e-005 0.000117245
1950 2 0 1.45407e-005 2.90817e-005
2000 0 0 1.44253e-005 0

total neg_log_likelihood: 37.8547


Year 2009
class scanned recaptured expected_prop neg_log_likelihood
100 0 0 0 0
150 0 0 0 0
200 0 0 4.59023e-017 0
250 2 0 3.91095e-014 7.81597e-014
300 28 0 3.29693e-012 9.23137e-011
350 338 0 1.04505e-010 3.53228e-008
400 2596 0 1.31893e-009 3.42394e-006
450 13080 0 9.13032e-009 0.000119425
500 43468 0 6.22836e-008 0.00270734
550 101422 1 3.55307e-007 3.35927
600 180382 0 1.58958e-006 0.286732
650 255904 0 5.48012e-006 1.40239
700 293398 5 1.47007e-005 1.79229
750 278302 7 3.13368e-005 2.08603
800 229716 11 5.43992e-005 2.21884
850 175798 16 7.8972e-005 2.46417
900 130724 14 9.89031e-005 2.28755
950 96182 18 0.000110506 4.48033
1000 70174 11 0.000113749 2.63512
1050 50456 5 0.000110663 1.77188
1100 35360 3 0.000103349 1.55833
1150 24054 3 9.31754e-005 1.61186
1200 16060 1 8.11392e-005 1.03832
1250 10754 1 6.83571e-005 1.0428
1300 7362 0 5.60811e-005 0.41288
1350 5182 0 4.53456e-005 0.234986
1400 3714 0 3.68503e-005 0.136865
1450 2662 0 3.05902e-005 0.0814323
1500 1866 0 2.61339e-005 0.0487665
1550 1256 0 2.30341e-005 0.0289311
1600 798 0 2.08115e-005 0.0166077
1650 470 0 1.92486e-005 0.00904691
1700 254 0 1.81848e-005 0.00461897
1750 126 0 1.74812e-005 0.00220265
1800 56 0 1.7026e-005 0.000953462
1850 22 0 1.67355e-005 0.000368185
1900 8 0 1.65479e-005 0.000132384
1950 2 0 1.64125e-005 3.28253e-005
2000 0 0 1.62789e-005 0

total neg_log_likelihood: 31.0166


Year 2010
class scanned recaptured expected_prop neg_log_likelihood
100 0 0 0 0
150 0 0 0 0
200 0 0 0 0
250 2 0 1.16599e-015 2.44249e-015
300 30 0 3.17715e-013 9.53237e-012
350 342 0 1.96329e-011 6.71444e-009
400 2546 0 4.25982e-010 1.08455e-006
450 12914 0 2.71798e-009 3.51e-005
500 45438 0 1.76225e-008 0.000800731
550 110634 0 1.05375e-007 0.0116581
600 193100 0 5.31039e-007 0.102544
650 259840 1 2.13386e-006 1.14422
700 288924 0 6.73781e-006 1.94672
750 275666 6 1.68521e-005 2.00933
800 231594 3 3.40244e-005 3.47872
850 178066 10 5.67231e-005 2.07903
900 131090 10 8.0081e-005 2.09052
950 95240 3 9.85148e-005 4.45796
1000 68874 5 0.000108854 2.21206
1050 49434 8 0.000111148 2.46911
1100 34952 2 0.000107198 1.79815
1150 24134 2 9.88986e-005 1.34
1200 16262 1 8.77298e-005 1.0713
1250 10830 0 7.50806e-005 0.813153
1300 7284 0 6.24202e-005 0.454683
1350 5028 0 5.10081e-005 0.256476
1400 3564 0 4.1768e-005 0.148864
1450 2550 0 3.48414e-005 0.0888472
1500 1794 0 2.9844e-005 0.0535409
1550 1212 0 2.63325e-005 0.0319155
1600 770 0 2.37922e-005 0.0183202
1650 454 0 2.19927e-005 0.00998477
1700 246 0 2.07608e-005 0.00510721
1750 120 0 1.99426e-005 0.00239314
1800 54 0 1.94117e-005 0.00104824
1850 22 0 1.90725e-005 0.000419599
1900 8 0 1.88539e-005 0.000150832
1950 2 0 1.86972e-005 3.73947e-005
2000 0 0 1.8544e-005 0

total neg_log_likelihood: 28.0971


Tags2006_R1_R1 :
tag-recapture data for tag Tags2006_R1 in years 2007 2008 2009 2010 , step 1, after proportion 0.5 of mortality, with sampling method size, detection probability 1.
Year 2007
class scanned recaptured expected_prop neg_log_likelihood
100 0 0 0 0
150 0 0 2.71964e-012 0
200 0 0 1.22886e-011 0
250 2 0 7.09768e-011 1.41954e-010
300 28 0 9.20451e-010 2.57726e-008
350 344 0 1.14907e-008 3.95279e-006
400 2442 0 1.03168e-007 0.000251935
450 11568 0 6.648e-007 0.00769041
500 39724 0 3.06627e-006 0.121805
550 99366 0 1.027e-005 1.0205
600 181960 4 2.57345e-005 1.68524
650 252416 9 5.00417e-005 2.60754
700 280488 18 7.84187e-005 2.75586
750 265182 25 0.00010291 2.63056
800 224010 24 0.000117906 2.62506
850 176300 21 0.000122914 2.45557
900 134278 17 0.000120481 2.36093
950 100438 13 0.000113259 2.31861
1000 72920 8 0.000103058 1.98434
1050 50898 2 9.11292e-005 2.2628
1100 34514 2 7.84402e-005 1.40852
1150 23278 1 6.576e-005 1.10498
1200 15942 0 5.37197e-005 0.856423
1250 11162 0 4.29492e-005 0.479409
1300 7944 0 3.39504e-005 0.269707
1350 5686 0 2.69323e-005 0.153139
1400 4062 0 2.18624e-005 0.0888058
1450 2880 0 1.8382e-005 0.0529407
1500 2006 0 1.60444e-005 0.0321853
1550 1350 0 1.44907e-005 0.0195626
1600 862 0 1.34244e-005 0.0115719
1650 512 0 1.27032e-005 0.00650408
1700 278 0 1.22283e-005 0.00339949
1750 138 0 1.19224e-005 0.0016453
1800 62 0 1.17281e-005 0.000727149
1850 24 0 1.16053e-005 0.000278528
1900 8 0 1.15252e-005 9.2202e-005
1950 2 0 1.14647e-005 2.29295e-005
2000 0 0 1.13994e-005 0

total neg_log_likelihood: 29.3267


Year 2008
class scanned recaptured expected_prop neg_log_likelihood
100 0 0 0 0
150 0 0 9.40245e-015 0
200 0 0 8.12772e-013 0
250 2 0 8.95869e-012 1.79174e-011
300 28 0 1.63994e-010 4.59184e-009
350 344 0 2.27173e-009 7.81474e-007
400 2602 0 2.18602e-008 5.68803e-005
450 12332 0 1.63355e-007 0.00201449
500 40170 0 9.16346e-007 0.0368096
550 97884 0 3.77911e-006 0.369915
600 182308 1 1.16303e-005 1.36874
650 260086 9 2.74697e-005 2.24924
700 291620 18 5.14148e-005 2.65181
750 271378 21 7.87186e-005 2.44822
800 224512 23 0.000101959 2.49052
850 174626 18 0.000116053 2.5004
900 131756 13 0.000120528 2.48642
950 97934 14 0.000117686 2.49283
1000 71728 7 0.000110087 1.95666
1050 51120 5 9.95395e-005 1.74103
1100 35200 3 8.72652e-005 1.49672
1150 23658 4 7.42239e-005 2.68194
1200 15864 0 6.12776e-005 0.972138
1250 10828 6 4.93067e-005 10.8796
1300 7580 2 3.90521e-005 3.42391
1350 5410 0 3.08994e-005 0.167168
1400 3886 0 2.49233e-005 0.0968531
1450 2772 1 2.07763e-005 2.91194
1500 1934 0 1.79647e-005 0.034744
1550 1300 0 1.60813e-005 0.0209058
1600 826 0 1.47753e-005 0.0122045
1650 490 0 1.38817e-005 0.00680209
1700 266 0 1.32862e-005 0.00353416
1750 132 0 1.28984e-005 0.00170261
1800 58 0 1.26501e-005 0.000733708
1850 24 0 1.24921e-005 0.000299812
1900 8 0 1.23893e-005 9.91147e-005
1950 2 0 1.23132e-005 2.46266e-005
2000 0 0 1.22356e-005 0

total neg_log_likelihood: 45.506


Year 2009
class scanned recaptured expected_prop neg_log_likelihood
100 0 0 0 0
150 0 0 0 0
200 0 0 2.6243e-014 0
250 2 0 9.28219e-013 1.85651e-012
300 28 0 2.85393e-011 7.991e-010
350 338 0 5.11729e-010 1.72964e-007
400 2596 0 5.10901e-009 1.3263e-005
450 13080 0 3.92337e-008 0.000513177
500 43468 0 2.52222e-007 0.0109636
550 101422 0 1.2419e-006 0.125956
600 180382 0 4.6241e-006 0.834106
650 255904 1 1.31891e-005 2.15871
700 293398 12 2.95115e-005 2.74317
750 278302 13 5.32028e-005 2.32278
800 229716 23 7.94202e-005 3.06242
850 175798 21 0.000101279 2.71612
900 130724 12 0.000114289 2.47877
950 96182 19 0.000118046 4.53233
1000 70174 8 0.000114671 1.96915
1050 50456 4 0.000106582 1.82669
1100 35360 3 9.55271e-005 1.51785
1150 24054 0 8.27244e-005 1.98993
1200 16060 0 6.92598e-005 1.11235
1250 10754 1 5.62774e-005 1.10735
1300 7362 1 4.48063e-005 1.4389
1350 5182 0 3.54735e-005 0.183827
1400 3714 0 2.85161e-005 0.10591
1450 2662 0 2.36317e-005 0.0629082
1500 1866 0 2.02913e-005 0.0378639
1550 1256 0 1.80402e-005 0.0226587
1600 798 0 1.64697e-005 0.0131429
1650 470 0 1.53885e-005 0.00723263
1700 254 0 1.46636e-005 0.00372459
1750 126 0 1.41892e-005 0.00178785
1800 56 0 1.3884e-005 0.000777507
1850 22 0 1.36893e-005 0.000301167
1900 8 0 1.35626e-005 0.000108501
1950 2 0 1.34695e-005 2.69392e-005
2000 0 0 1.33767e-005 0

total neg_log_likelihood: 32.3883


Year 2010
class scanned recaptured expected_prop neg_log_likelihood
100 0 0 0 0
150 0 0 0 0
200 0 0 9.18197e-017 0
250 2 0 6.70852e-014 1.34115e-013
300 30 0 4.13802e-012 1.24141e-010
350 342 0 1.1547e-010 3.94908e-008
400 2546 0 1.42594e-009 3.63044e-006
450 12914 0 1.00279e-008 0.0001295
500 45438 0 6.78287e-008 0.003082
550 110634 0 3.79249e-007 0.0419579
600 193100 0 1.66352e-006 0.321225
650 259840 1 5.65357e-006 1.08442
700 288924 4 1.50363e-005 1.64689
750 275666 17 3.19178e-005 5.33563
800 231594 9 5.53432e-005 2.66193
850 178066 10 8.03903e-005 2.80629
900 131090 14 0.000100771 2.26753
950 95240 11 0.000112537 2.12908
1000 68874 9 0.000115411 2.09338
1050 49434 5 0.000111339 1.76406
1100 34952 5 0.000102566 1.9887
1150 24134 1 9.07786e-005 1.40657
1200 16262 0 7.73525e-005 1.25795
1250 10830 0 6.36997e-005 0.689889
1300 7284 0 5.11634e-005 0.372684
1350 5028 0 4.06693e-005 0.204489
1400 3564 0 3.26829e-005 0.116484
1450 2550 0 2.69958e-005 0.0688401
1500 1794 0 2.30675e-005 0.0413836
1550 1212 0 2.0403e-005 0.0247287
1600 770 0 1.85349e-005 0.014272
1650 454 0 1.72435e-005 0.00782862
1700 246 0 1.63751e-005 0.00402831
1750 120 0 1.58052e-005 0.00189664
1800 54 0 1.54379e-005 0.000833651
1850 22 0 1.52033e-005 0.000334475
1900 8 0 1.50505e-005 0.000120405
1950 2 0 1.49386e-005 2.98774e-005
2000 0 0 1.48275e-005 0

total neg_log_likelihood: 28.3567


Tags2007_R1_R1 :
tag-recapture data for tag Tags2007_R1 in years 2008 2009 2010 , step 1, after proportion 0.5 of mortality, with sampling method size, detection probability 1.
Year 2008
class scanned recaptured expected_prop neg_log_likelihood
100 0 0 0 0
150 0 0 1.50488e-012 0
200 0 0 9.85086e-012 0
250 2 0 6.39908e-011 1.27982e-010
300 28 0 8.42759e-010 2.35973e-008
350 344 0 1.06474e-008 3.6627e-006
400 2602 0 9.85068e-008 0.000256315
450 12332 0 6.51037e-007 0.00802859
500 40170 0 3.04705e-006 0.1224
550 97884 0 1.02766e-005 1.00592
600 182308 3 2.58043e-005 1.85064
650 260086 10 5.01234e-005 2.46336
700 291620 15 7.82998e-005 3.80952
750 271378 27 0.000102326 2.58064
800 224512 32 0.0001168 3.2486
850 174626 23 0.000121613 2.5615
900 131756 17 0.000119623 2.38785
950 97934 9 0.000113535 2.24289
1000 71728 3 0.000104928 3.26296
1050 51120 4 9.46581e-005 1.71018
1100 35200 3 8.32906e-005 1.49667
1150 23658 1 7.13091e-005 1.16405
1200 15864 3 5.92553e-005 2.91737
1250 10828 0 4.78758e-005 0.518411
1300 7580 1 3.79368e-005 1.53385
1350 5410 0 2.99314e-005 0.161931
1400 3886 0 2.4031e-005 0.0933857
1450 2772 0 1.99424e-005 0.0552809
1500 1934 0 1.71916e-005 0.0332489
1550 1300 0 1.53699e-005 0.019981
1600 826 0 1.41287e-005 0.0116704
1650 490 0 1.32963e-005 0.00651521
1700 266 0 1.27522e-005 0.00339211
1750 132 0 1.24038e-005 0.00163731
1800 58 0 1.21834e-005 0.000706643
1850 24 0 1.20441e-005 0.00028906
1900 8 0 1.19526e-005 9.56211e-005
1950 2 0 1.18822e-005 2.37646e-005
2000 0 0 1.18063e-005 0

total neg_log_likelihood: 35.2732


Year 2009
class scanned recaptured expected_prop neg_log_likelihood
100 0 0 0 0
150 0 0 4.75312e-015 0
200 0 0 5.60461e-013 0
250 2 0 7.97089e-012 1.59417e-011
300 28 0 1.54283e-010 4.31991e-009
350 338 0 2.13889e-009 7.22946e-007
400 2596 0 2.07326e-008 5.38218e-005
450 13080 0 1.58157e-007 0.0020687
500 43468 0 9.02992e-007 0.0392513
550 101422 1 3.76346e-006 1.34482
600 180382 3 1.16396e-005 1.66612
650 255904 8 2.75243e-005 2.03124
700 293398 17 5.14469e-005 2.45594
750 278302 22 7.85283e-005 2.46869
800 229716 25 0.000101332 2.59386
850 175798 10 0.000114995 5.25588
900 130724 12 0.000119398 2.62186
950 96182 11 0.000117106 2.12851
1000 70174 3 0.00011069 3.40958
1050 50456 11 0.000101702 4.64467
1100 35360 3 9.09731e-005 1.50336
1150 24054 4 7.90705e-005 2.50848
1200 16060 3 6.66083e-005 2.6593
1250 10754 2 5.44378e-005 2.34941
1300 7362 0 4.34868e-005 0.320157
1350 5182 0 3.44272e-005 0.178405
1400 3714 0 2.75935e-005 0.102484
1450 2662 0 2.27656e-005 0.0606027
1500 1866 0 1.94614e-005 0.0363153
1550 1256 0 1.72415e-005 0.0216555
1600 798 0 1.57058e-005 0.0125334
1650 470 0 1.46604e-005 0.00689046
1700 254 0 1.39678e-005 0.00354785
1750 126 0 1.35191e-005 0.00170342
1800 56 0 1.32328e-005 0.000741042
1850 22 0 1.3051e-005 0.000287124
1900 8 0 1.29321e-005 0.000103457
1950 2 0 1.28425e-005 2.56851e-005
2000 0 0 1.27492e-005 0

total neg_log_likelihood: 40.4285


Year 2010
class scanned recaptured expected_prop neg_log_likelihood
100 0 0 0 0
150 0 0 0 0
200 0 0 1.45331e-014 0
250 2 0 7.64554e-013 1.529e-012
300 30 0 2.68066e-011 8.04197e-010
350 342 0 4.91518e-010 1.68099e-007
400 2546 0 4.88656e-009 1.24412e-005
450 12914 0 3.77602e-008 0.000487636
500 45438 0 2.46488e-007 0.0111999
550 110634 0 1.2291e-006 0.135981
600 193100 0 4.61145e-006 0.890473
650 259840 1 1.31984e-005 2.19707
700 288924 10 2.95469e-005 2.19733
750 275666 24 5.31834e-005 5.00136
800 231594 18 7.91616e-005 2.37176
850 178066 15 0.00010062 2.53
900 131090 19 0.000113297 2.92731
950 95240 6 0.000117107 3.26224
1000 68874 8 0.000114388 1.96995
1050 49434 10 0.000107521 3.71404
1100 34952 1 9.79774e-005 2.19362
1150 24134 4 8.65762e-005 2.31991
1200 16262 2 7.40375e-005 1.52581
1250 10830 1 6.13152e-005 1.07341
1300 7284 0 4.94964e-005 0.36054
1350 5028 0 3.94446e-005 0.198331
1400 3564 1 3.16826e-005 2.29399
1450 2550 0 2.60923e-005 0.0665362
1500 1794 0 2.22033e-005 0.0398331
1550 1212 0 1.9556e-005 0.0237021
1600 770 0 1.77017e-005 0.0136304
1650 454 0 1.64253e-005 0.00745716
1700 246 0 1.55719e-005 0.00383071
1750 120 0 1.5015e-005 0.00180181
1800 54 0 1.46578e-005 0.000791528
1850 22 0 1.44306e-005 0.000317475
1900 8 0 1.42823e-005 0.000114259
1950 2 0 1.4172e-005 2.83441e-005
2000 0 0 1.4059e-005 0

total neg_log_likelihood: 37.3329


Tags2008_R1_R1 :
tag-recapture data for tag Tags2008_R1 in years 2009 2010 , step 1, after proportion 0.5 of mortality, with sampling method size, detection probability 1.
Year 2009
class scanned recaptured expected_prop neg_log_likelihood
100 0 0 0 0
150 0 0 1.54047e-012 0
200 0 0 1.0638e-011 0
250 2 0 6.82622e-011 1.36524e-010
300 28 0 8.96278e-010 2.50958e-008
350 338 0 1.1354e-008 3.83766e-006
400 2596 0 1.04907e-007 0.000272337
450 13080 0 6.9052e-007 0.00903201
500 43468 0 3.2201e-006 0.139972
550 101422 1 1.08412e-005 1.00464
600 180382 1 2.71965e-005 3.3154
650 255904 20 5.27282e-005 3.78507
700 293398 29 8.19897e-005 3.08196
750 278302 31 0.00010619 2.67343
800 229716 32 0.000119474 3.01303
850 175798 23 0.000121957 2.54568
900 130724 13 0.000117167 2.39255
950 96182 9 0.000108493 2.13031
1000 70174 3 9.79633e-005 2.88288
1050 50456 4 8.66218e-005 1.64901
1100 35360 3 7.50259e-005 1.51766
1150 24054 0 6.35322e-005 1.52825
1200 16060 0 5.2466e-005 0.842626
1250 10754 0 4.2305e-005 0.454957
1300 7362 1 3.35585e-005 1.64516
1350 5182 0 2.65511e-005 0.13759
1400 3714 1 2.13889e-005 2.61219
1450 2662 1 1.78058e-005 3.09654
1500 1866 0 1.53903e-005 0.0287186
1550 1256 0 1.37882e-005 0.017318
1600 798 0 1.26952e-005 0.0101308
1650 470 0 1.19616e-005 0.00562199
1700 254 0 1.1482e-005 0.00291644
1750 126 0 1.11748e-005 0.00140803
1800 56 0 1.09804e-005 0.000614908
1850 22 0 1.08576e-005 0.000238869
1900 8 0 1.07769e-005 8.6216e-005
1950 2 0 1.07148e-005 2.14298e-005
2000 0 0 1.06478e-005 0

total neg_log_likelihood: 40.5253


Year 2010
class scanned recaptured expected_prop neg_log_likelihood
100 0 0 0 0
150 0 0 4.77461e-015 0
200 0 0 5.95727e-013 0
250 2 0 8.5862e-012 1.71725e-011
300 30 0 1.63721e-010 4.91163e-009
350 342 0 2.27363e-009 7.77581e-007
400 2546 0 2.20515e-008 5.61431e-005
450 12914 0 1.67973e-007 0.00216921
500 45438 0 9.55871e-007 0.0434329
550 110634 1 3.97354e-006 1.26148
600 193100 3 1.22721e-005 1.57315
650 259840 5 2.89838e-005 2.2234
700 288924 15 5.40375e-005 2.29068
750 275666 26 8.20413e-005 2.79258
800 231594 16 0.00010485 3.91839
850 178066 23 0.000117233 2.59491
900 131090 17 0.000119324 2.39768
950 95240 13 0.000114333 2.40032
1000 68874 4 0.00010548 2.51076
1050 49434 5 9.47442e-005 1.75071
1100 34952 3 8.31269e-005 1.4974
1150 24134 1 7.11833e-005 1.1768
1200 16262 0 5.93649e-005 0.96542
1250 10830 0 4.82571e-005 0.522637
1300 7284 0 3.84902e-005 0.280368
1350 5028 0 3.05053e-005 0.153383
1400 3564 0 2.4511e-005 0.0873583
1450 2550 1 2.02802e-005 3.01371
1500 1794 0 1.73828e-005 0.031185
1550 1212 0 1.5434e-005 0.0187062
1600 770 0 1.40841e-005 0.0108448
1650 454 0 1.31642e-005 0.00597659
1700 246 0 1.25543e-005 0.00308838
1750 120 0 1.21591e-005 0.0014591
1800 54 0 1.19068e-005 0.000642972
1850 22 0 1.17467e-005 0.000258429
1900 8 0 1.1642e-005 9.31368e-005
1950 2 0 1.15632e-005 2.31266e-005
2000 0 0 1.1481e-005 0

total neg_log_likelihood: 33.5291


Tags2009_R1_R1 :
tag-recapture data for tag Tags2009_R1 in years 2010 , step 1, after proportion 0.5 of mortality, with sampling method size, detection probability 1.
Year 2010
class scanned recaptured expected_prop neg_log_likelihood
100 0 0 0 0
150 0 0 1.54534e-012 0
200 0 0 1.07732e-011 0
250 2 0 6.93376e-011 1.38675e-010
300 30 0 9.00531e-010 2.70159e-008
350 342 0 1.14213e-008 3.90608e-006
400 2546 0 1.05668e-007 0.000269029
450 12914 0 6.93134e-007 0.00895114
500 45438 1 3.21009e-006 2.07097
550 110634 0 1.0726e-005 1.18667
600 193100 7 2.67497e-005 2.19669
650 259840 7 5.17079e-005 3.77556
700 288924 23 8.04495e-005 2.49155
750 275666 30 0.00010467 2.64473
800 231594 27 0.000118792 2.57467
850 178066 21 0.000122792 2.46246
900 131090 18 0.000119784 2.52914
950 95240 9 0.000112732 2.17548
1000 68874 9 0.000103369 2.25576
1050 49434 3 9.2582e-005 1.80552
1100 34952 2 8.08909e-005 1.44178
1150 24134 4 6.87016e-005 2.81358
1200 16262 0 5.64757e-005 0.918433
1250 10830 1 4.49064e-005 1.20716
1300 7284 0 3.47514e-005 0.253134
1350 5028 0 2.65369e-005 0.133429
1400 3564 0 2.04754e-005 0.072975
1450 2550 0 1.62903e-005 0.0415407
1500 1794 0 1.34995e-005 0.0242183
1550 1212 0 1.16746e-005 0.0141497
1600 770 0 1.04527e-005 0.0080486
1650 454 0 9.64804e-006 0.00438023
1700 246 0 9.13078e-006 0.00224618
1750 120 0 8.80392e-006 0.00105647
1800 54 0 8.59902e-006 0.000464349
1850 22 0 8.46971e-006 0.000186334
1900 8 0 8.38362e-006 6.70692e-005
1950 2 0 8.31494e-006 1.663e-005
2000 0 0 8.23882e-006 0

total neg_log_likelihood: 35.1153


Output quantities start here

* Scalar parameter values
initialization.B0 191962

* Nuisance q's

* B0
191962

* R0
1.39281e+007

* SSBs
SSB 191962 190560 187180 183465 179451 175207 170822 166394 162015 157768 153716 149891 146305 142958 139843 136950 134267 131785 129490 127370 125415 
year 1990 1991 1992 1993 1994 1995 1996 1997 1998 1999 2000 2001 2002 2003 2004 2005 2006 2007 2008 2009 2010 

* recruitments
recruitment 1.39281e+007 1.39281e+007 1.39171e+007 1.38901e+007 1.38593e+007 1.38248e+007 1.37868e+007 1.37458e+007 1.37025e+007 1.36576e+007 1.3612e+007 1.35664e+007 1.35215e+007 1.34775e+007 1.34347e+007 1.33933e+007 1.33534e+007 1.33151e+007 1.32785e+007 1.32435e+007 1.32103e+007 
year 1990 1991 1992 1993 1994 1995 1996 1997 1998 1999 2000 2001 2002 2003 2004 2005 2006 2007 2008 2009 2010 

* YCS
YCS 1 1 1 1 1 1 1 1 1 1 1 1 1 1 1 1 1 1 1 1 1 
year 1989 1990 1991 1992 1993 1994 1995 1996 1997 1998 1999 2000 2001 2002 2003 2004 2005 2006 2007 2008 2009 

* true_YCS
true_YCS 1 1 0.999212 0.99727 0.995062 0.992585 0.989857 0.986914 0.983803 0.98058 0.977305 0.974034 0.970805 0.967646 0.964574 0.961601 0.958737 0.955987 0.953357 0.950849 0.948465 
year 1989 1990 1991 1992 1993 1994 1995 1996 1997 1998 1999 2000 2001 2002 2003 2004 2005 2006 2007 2008 2009 

* fishing_pressures
LL1 0 0.0385872 0.0397085 0.0408328 0.0419299 0.0429774 0.0439592 0.0448645 0.0456873 0.0464266 0.0470866 0.0476744 0.0481982 0.0486667 0.0490888 0.0494728 0.0498272 0.050158 0.0504707 0.0507698 0.0510587 
LL2 0 0.0385872 0.0397085 0.0408328 0.0419299 0.0429774 0.0439592 0.0448645 0.0456873 0.0464266 0.0470866 0.0476744 0.0481982 0.0486667 0.0490888 0.0494728 0.0498272 0.050158 0.0504707 0.0507698 0.0510587 
year 1990 1991 1992 1993 1994 1995 1996 1997 1998 1999 2000 2001 2002 2003 2004 2005 2006 2007 2008 2009 2010 

* Numbers_at_age_R1
1990  1.29282e+007 1.10719e+007 9.48213e+006 8.12064e+006 6.95464e+006 5.95606e+006 5.10086e+006 4.36845e+006 3.74121e+006 3.20403e+006 2.74398e+006 2.34998e+006 2.01256e+006 1.72359e+006 1.47611e+006 1.26416e+006 1.08265e+006 927195 794064 680048 582404 498779 427162 365828 313301 268316 229790 196795 168538 1.00525e+006 
1991  1.29282e+007 1.10719e+007 9.48209e+006 8.12036e+006 6.95301e+006 5.94943e+006 5.08177e+006 4.32957e+006 3.68521e+006 3.14699e+006 2.69547e+006 2.3093e+006 1.9789e+006 1.69613e+006 1.45401e+006 1.24663e+006 1.06892e+006 916603 786001 673996 577922 495507 424806 364154 312128 267506 229238 196424 168293 1.00413e+006 
1992  1.2918e+007 1.10719e+007 9.48209e+006 8.12028e+006 6.95244e+006 5.94622e+006 5.06896e+006 4.29333e+006 3.61251e+006 3.04328e+006 2.5901e+006 2.21966e+006 1.90369e+006 1.63387e+006 1.40318e+006 1.20568e+006 1.0364e+006 891120 766310 658989 566644 487148 418697 359751 308999 265312 227722 195391 167598 1.00157e+006 
1993  1.28929e+007 1.10632e+007 9.48209e+006 8.12027e+006 6.95232e+006 5.94549e+006 5.06548e+006 4.28084e+006 3.57957e+006 2.98008e+006 2.50182e+006 2.13045e+006 1.82776e+006 1.57009e+006 1.3503e+006 1.16243e+006 1.00149e+006 863328 744483 642083 553731 477422 411473 354463 305181 262595 225815 194073 166699 998718 
1994  1.28643e+007 1.10417e+007 9.47461e+006 8.12026e+006 6.95226e+006 5.94516e+006 5.06413e+006 4.27625e+006 3.5665e+006 2.9498e+006 2.44704e+006 2.05549e+006 1.75235e+006 1.50586e+006 1.29629e+006 1.11758e+006 964736 833601 720762 623412 539238 466329 403103 348236 300615 259295 223464 192422 165556 995441 
1995  1.28323e+007 1.10172e+007 9.4562e+006 8.11385e+006 6.95219e+006 5.94487e+006 5.06313e+006 4.27353e+006 3.56012e+006 2.93604e+006 2.41947e+006 2.00826e+006 1.68888e+006 1.44225e+006 1.24205e+006 1.07191e+006 926744 802401 695476 603191 523288 453923 393589 341045 295259 255363 220619 190393 164131 991598 
1996  1.2797e+007 1.09898e+007 9.43526e+006 8.09807e+006 6.94666e+006 5.94461e+006 5.06223e+006 4.2712e+006 3.55544e+006 2.92798e+006 2.40564e+006 1.98356e+006 1.6484e+006 1.38866e+006 1.18849e+006 1.02618e+006 888165 770251 669019 581702 506067 440312 382983 332898 289092 250763 217239 187946 162385 987034 
1997  1.2759e+007 1.09596e+007 9.41178e+006 8.08013e+006 6.9331e+006 5.93968e+006 5.06139e+006 4.26906e+006 3.55127e+006 2.92151e+006 2.39666e+006 1.9703e+006 1.62658e+006 1.35414e+006 1.14334e+006 981138 849651 737696 641831 559281 487816 425656 371377 323838 282122 245480 213295 185045 160283 981586 
1998  1.27188e+007 1.0927e+007 9.38591e+006 8.06002e+006 6.91771e+006 5.92791e+006 5.05663e+006 4.26709e+006 3.54744e+006 2.91568e+006 2.3892e+006 1.96119e+006 1.6143e+006 1.3351e+006 1.11405e+006 943178 811811 705275 614368 536295 468817 410158 358906 313945 274387 239521 208773 181665 157796 975084 
1999  1.26771e+007 1.08925e+007 9.35799e+006 8.03786e+006 6.90045e+006 5.91458e+006 5.04611e+006 4.26194e+006 3.54395e+006 2.91037e+006 2.38248e+006 1.95351e+006 1.60558e+006 1.32402e+006 1.0976e+006 918399 779926 673493 587078 513124 449380 394056 345744 303334 265954 232919 203680 177797 154903 967360 
2000  1.26348e+007 1.08569e+007 9.3285e+006 8.01395e+006 6.88144e+006 5.89968e+006 5.03432e+006 4.25205e+006 3.53802e+006 2.90558e+006 2.37639e+006 1.9466e+006 1.59816e+006 1.31598e+006 1.0878e+006 904305 759021 646720 560374 490140 429819 377609 332090 292150 256922 225730 198044 173445 151594 958251 
2001  1.25925e+007 1.08206e+007 9.29794e+006 7.98868e+006 6.86094e+006 5.88331e+006 5.02123e+006 4.24121e+006 3.52835e+006 2.899e+006 2.37092e+006 1.94037e+006 1.5915e+006 1.3091e+006 1.08057e+006 895750 747007 629107 537885 467683 410442 361078 318159 280561 247412 218037 191913 168632 147874 947611 
2002  1.25507e+007 1.07844e+007 9.26688e+006 7.96251e+006 6.83929e+006 5.86567e+006 5.00694e+006 4.22939e+006 3.51805e+006 2.88954e+006 2.36417e+006 1.93478e+006 1.58552e+006 1.30295e+006 1.07438e+006 889375 739618 618905 523052 448774 391531 344721 304171 268747 237566 209944 185356 163400 143764 935317 
2003  1.25099e+007 1.07486e+007 9.23586e+006 7.93591e+006 6.81685e+006 5.84705e+006 4.99161e+006 4.21663e+006 3.50708e+006 2.87974e+006 2.35522e+006 1.92828e+006 1.58016e+006 1.29743e+006 1.06884e+006 883905 734069 612568 514408 436278 375611 328770 290341 256895 227536 201569 178462 157808 139297 921283 
2004  1.24702e+007 1.07137e+007 9.20525e+006 7.90934e+006 6.79406e+006 5.82779e+006 4.97549e+006 4.20309e+006 3.49546e+006 2.86954e+006 2.34614e+006 1.92009e+006 1.57414e+006 1.29249e+006 1.06388e+006 879017 729299 607780 508997 428961 365073 315343 276863 245183 217478 193042 171331 151930 134524 905462 
2005  1.24317e+007 1.06796e+007 9.17529e+006 7.88312e+006 6.7713e+006 5.80822e+006 4.95883e+006 4.18892e+006 3.48327e+006 2.85892e+006 2.33682e+006 1.91187e+006 1.56681e+006 1.28705e+006 1.05943e+006 874628 725034 603655 504888 424352 358879 306444 265519 233773 207542 184494 164073 145852 129508 887857 
2006  1.23947e+007 1.06467e+007 9.14616e+006 7.85746e+006 6.74883e+006 5.78868e+006 4.94194e+006 4.17436e+006 3.47066e+006 2.84792e+006 2.32724e+006 1.90353e+006 1.5595e+006 1.28058e+006 1.05461e+006 870690 721201 599964 501342 420837 354958 301198 257991 224169 197866 176052 156798 139667 124322 868525 
2007  1.23592e+007 1.0615e+007 9.11797e+006 7.83251e+006 6.72685e+006 5.7694e+006 4.9251e+006 4.15965e+006 3.4578e+006 2.83668e+006 2.31745e+006 1.89505e+006 1.55216e+006 1.27419e+006 1.04898e+006 866472 717760 596647 498168 417802 351960 297865 253544 217792 189721 167833 149616 133469 119046 847577 
2008  1.23252e+007 1.05846e+007 9.09081e+006 7.80837e+006 6.70548e+006 5.75055e+006 4.9085e+006 4.14501e+006 3.44487e+006 2.8253e+006 2.30752e+006 1.88645e+006 1.54474e+006 1.26779e+006 1.04343e+006 861613 714103 593664 495312 415082 349367 295309 250710 214018 184310 160914 142623 127350 113759 825173 
2009  1.22927e+007 1.05555e+007 9.06474e+006 7.78511e+006 6.6848e+006 5.73222e+006 4.89226e+006 4.1306e+006 3.43204e+006 2.81391e+006 2.29752e+006 1.87777e+006 1.53725e+006 1.26136e+006 1.0379e+006 856833 709928 590511 492741 412632 347041 293096 248532 211607 181103 156315 136738 121393 108541 801520 
2010  1.22619e+007 1.05277e+007 9.0398e+006 7.76278e+006 6.66487e+006 5.71448e+006 4.87648e+006 4.11653e+006 3.41945e+006 2.80267e+006 2.28757e+006 1.86907e+006 1.52973e+006 1.2549e+006 1.03237e+006 852084 705830 586939 490034 410424 344944 291110 246645 209751 179050 153587 132824 116380 103461 776860 

Output quantities finish here

Unused parameters:
annual_cycle.fishery_areas annual_cycle.migrate_from annual_cycle.migrate_to annual_cycle.migration_names annual_cycle.migration_times annual_cycle.n_migrations annual_cycle.recruitment_areas annual_cycle.spawning_all_areas area_names recruitment.p_male recruitment.year_range tag[Tags2005_R1_LL1].area tag[Tags2005_R1_LL1].sex tag[Tags2006_R1_LL1].area tag[Tags2006_R1_LL1].sex tag[Tags2007_R1_LL1].area tag[Tags2007_R1_LL1].sex tag[Tags2008_R1_LL1].area tag[Tags2008_R1_LL1].sex tag[Tags2009_R1_LL1].area tag[Tags2009_R1_LL1].sex MCMC.adapt_at MCMC.adaptive_stepsize MCMC.burn_in MCMC.keep MCMC.length MCMC.start MCMC.stepsize profile[1].l profile[1].n profile[1].parameter profile[1].u tag_recapture[Tags2005_R1_R1].area tag_recapture[Tags2006_R1_R1].area tag_recapture[Tags2007_R1_R1].area tag_recapture[Tags2008_R1_R1].area tag_recapture[Tags2009_R1_R1].area n_projections numbers_at[Numbers_at_age_R1].area print.final_state print.initial_state print.requests print.results print.state_annually print.state_every_step print.yields 
