CASAL (C++ algorithmic stock assessment laboratory)
Call: C:/Users/bstacy/Documents/GitHub/lasac/projects/simulations/sim/dec0.1/casal -e -q -f TR 
Date: Mon Oct 14 13:36:49 2019
v2.30-2012-03-21 00:22:59 UTC (rev.4648)  (c) Copyright 2002-2012, NIWA
User name: bstacy
Machine name: DOM-IMA-HVZRNF2 (Microsoft Windows, PID=16872)

Prefix for the input parameter filenames : TR

Random number seed : 20609

Estimation parameters:
Stored as strings: 
  MCMC.adapt_at                 	1e+05 2e+05 3e+05 4e+05
  MCMC.adaptive_stepsize        	True
  MCMC.burn_in                  	500
  MCMC.keep                     	1000
  MCMC.length                   	1500000
  MCMC.start                    	0
  MCMC.stepsize                 	0.01
  ageing_error.c                	0
  ageing_error.type             	normal
  catch_at[LL1_catchA].2000     	0 0 0 0 0 0.02 0.05 0.13 0.12 0.09 0.09 0.08 0.13 0.07 0.04 0.05 0.04 0 0.03 0.01 0 0.04 0.01 0 0 0 0 0 0 0
  catch_at[LL1_catchA].2001     	0 0 0 0 0.01 0.02 0.07 0.09 0.15 0.11 0.11 0.15 0.07 0.03 0.05 0.02 0.03 0.02 0.02 0.03 0.01 0.01 0 0 0 0 0 0 0 0
  catch_at[LL1_catchA].2002     	0 0 0 0 0.01 0.05 0.03 0.11 0.12 0.15 0.12 0.08 0.06 0.05 0.03 0.05 0.07 0.02 0 0.01 0 0.01 0 0.01 0 0.01 0 0 0 0.01
  catch_at[LL1_catchA].2003     	0 0 0 0.01 0 0 0.05 0.08 0.17 0.17 0.13 0.08 0.09 0.09 0.03 0.02 0.01 0.01 0.03 0 0.01 0 0 0.01 0 0 0.01 0 0 0
  catch_at[LL1_catchA].2004     	0 0 0 0 0 0.01 0.08 0.08 0.13 0.13 0.14 0.11 0.01 0.1 0.02 0.06 0.04 0.02 0.02 0.01 0.01 0 0 0.01 0.01 0 0 0 0 0.01
  catch_at[LL1_catchA].2005     	0 0 0 0 0 0.03 0.01 0.1 0.24 0.13 0.1 0.1 0.06 0.08 0.02 0.02 0.04 0.01 0.03 0 0.01 0.01 0.01 0 0 0 0 0 0 0
  catch_at[LL1_catchA].2006     	0 0 0 0 0.01 0.03 0.05 0.08 0.18 0.11 0.19 0.08 0.03 0.07 0.05 0.03 0.02 0.02 0.02 0.01 0.01 0 0.01 0 0 0 0 0 0 0
  catch_at[LL1_catchA].2007     	0 0 0 0 0 0.02 0.07 0.1 0.16 0.15 0.1 0.11 0.12 0.04 0.03 0.01 0.04 0.03 0.02 0 0 0 0 0 0 0 0 0 0 0
  catch_at[LL1_catchA].2008     	0 0 0 0 0.02 0.03 0.07 0.1 0.12 0.2 0.14 0.06 0.07 0.05 0.05 0.01 0.01 0.01 0 0.03 0.01 0 0.01 0.01 0 0 0 0 0 0
  catch_at[LL1_catchA].2009     	0 0 0 0 0.01 0.04 0.03 0.11 0.14 0.17 0.06 0.2 0.08 0.07 0.02 0.04 0.01 0 0.01 0 0 0 0 0.01 0 0 0 0 0 0
  catch_at[LL1_catchA].2010     	0 0 0 0 0 0.03 0.04 0.08 0.1 0.19 0.1 0.07 0.12 0.1 0.05 0.03 0 0.01 0.03 0 0.01 0.01 0 0 0.02 0 0 0 0 0.01
  catch_at[LL1_catchA].N_2000   	100
  catch_at[LL1_catchA].N_2001   	100
  catch_at[LL1_catchA].N_2002   	100
  catch_at[LL1_catchA].N_2003   	100
  catch_at[LL1_catchA].N_2004   	100
  catch_at[LL1_catchA].N_2005   	100
  catch_at[LL1_catchA].N_2006   	100
  catch_at[LL1_catchA].N_2007   	100
  catch_at[LL1_catchA].N_2008   	100
  catch_at[LL1_catchA].N_2009   	100
  catch_at[LL1_catchA].N_2010   	100
  catch_at[LL1_catchA].at_size  	False
  catch_at[LL1_catchA].dist     	multinomial
  catch_at[LL1_catchA].fishery  	LL1
  catch_at[LL1_catchA].max_class	30
  catch_at[LL1_catchA].min_class	1
  catch_at[LL1_catchA].plus_group	True
  catch_at[LL1_catchA].r        	1e-11
  catch_at[LL1_catchA].sexed    	False
  catch_at[LL1_catchA].sum_to_one	True
  catch_at[LL1_catchA].years    	2000 2001 2002 2003 2004 2005 2006 2007 2008 2009 2010
  catch_limit_penalty[1].fishery	LL1
  catch_limit_penalty[1].label  	LL1_Penalty
  catch_limit_penalty[1].log_scale	True
  catch_limit_penalty[1].multiplier	1000
  catch_limit_penalty[2].fishery	LL2
  catch_limit_penalty[2].label  	LL2_Penalty
  catch_limit_penalty[2].log_scale	True
  catch_limit_penalty[2].multiplier	1000
  estimate[1].lower_bound       	5000
  estimate[1].parameter         	initialization.B0
  estimate[1].prior             	uniform
  estimate[1].upper_bound       	5e+05
  estimator                     	Bayes
  fish_tagged_penalty[1].label  	Penalty_Tags2005_R1_LL1
  fish_tagged_penalty[1].multiplier	1
  fish_tagged_penalty[1].tagging_episode	Tags2005_R1_LL1
  fish_tagged_penalty[2].label  	Penalty_Tags2006_R1_LL1
  fish_tagged_penalty[2].multiplier	1
  fish_tagged_penalty[2].tagging_episode	Tags2006_R1_LL1
  fish_tagged_penalty[3].label  	Penalty_Tags2007_R1_LL1
  fish_tagged_penalty[3].multiplier	1
  fish_tagged_penalty[3].tagging_episode	Tags2007_R1_LL1
  fish_tagged_penalty[4].label  	Penalty_Tags2008_R1_LL1
  fish_tagged_penalty[4].multiplier	1
  fish_tagged_penalty[4].tagging_episode	Tags2008_R1_LL1
  fish_tagged_penalty[5].label  	Penalty_Tags2009_R1_LL1
  fish_tagged_penalty[5].multiplier	1
  fish_tagged_penalty[5].tagging_episode	Tags2009_R1_LL1
  grad_tol                      	0.001
  max_evals                     	10000
  max_iters                     	1600
  profile[1].l                  	40000
  profile[1].n                  	11
  profile[1].parameter          	initialization.B0
  profile[1].u                  	130000
  q_method                      	nuisance
  tag_recapture[Tags2005_R1_R1].area	R1
  tag_recapture[Tags2005_R1_R1].class_mins	100 150 200 250 300 350 400 450 500 550 600 650 700 750 800 850 900 950 1000 1050 1100 1150 1200 1250 1300 1350 1400 1450 1500 1550 1600 1650 1700 1750 1800 1850 1900 1950 2000 2050
  tag_recapture[Tags2005_R1_R1].detection_probability	1
  tag_recapture[Tags2005_R1_R1].dispersion	1
  tag_recapture[Tags2005_R1_R1].do_bootstrap	True
  tag_recapture[Tags2005_R1_R1].plus_group	False
  tag_recapture[Tags2005_R1_R1].proportion_mortality	0.5
  tag_recapture[Tags2005_R1_R1].r	1e-11
  tag_recapture[Tags2005_R1_R1].recaptured_2006	0 0 0 0 0 0 0 0 0 2 6 11 19 28 14 21 19 21 8 2 3 2 2 0 0 0 0 0 0 0 0 0 0 0 0 0 0 0 0
  tag_recapture[Tags2005_R1_R1].recaptured_2007	0 0 0 0 0 0 0 0 0 0 1 7 9 28 20 18 12 13 7 3 4 2 1 1 1 0 0 0 0 0 0 0 0 0 0 0 0 0 0
  tag_recapture[Tags2005_R1_R1].recaptured_2008	0 0 0 0 0 0 0 0 0 0 2 4 10 19 16 15 22 8 7 7 4 0 2 0 0 0 0 1 0 0 0 0 0 0 0 0 0 0 0
  tag_recapture[Tags2005_R1_R1].recaptured_2009	0 0 0 0 0 0 0 0 0 0 1 0 7 11 12 13 14 5 12 7 5 2 4 0 0 1 1 0 1 0 0 0 0 0 0 0 0 0 0
  tag_recapture[Tags2005_R1_R1].recaptured_2010	0 0 0 0 0 0 0 0 0 0 0 0 2 2 8 5 11 12 5 3 6 2 1 1 1 1 0 0 0 0 0 0 0 0 0 0 0 0 0
  tag_recapture[Tags2005_R1_R1].sample	size
  tag_recapture[Tags2005_R1_R1].scanned_2006	0 0 0 2 28 320 2302 11502 39770 96806 173902 243624 277690 266092 224820 178122 136978 101584 71958 49292 33518 23134 16316 11662 8346 5944 4222 2988 2086 1406 896 530 286 140 62 24 8 2 0
  tag_recapture[Tags2005_R1_R1].scanned_2007	0 0 0 2 28 344 2442 11568 39724 99366 181960 252416 280488 265182 224010 176300 134278 100438 72920 50898 34514 23278 15942 11162 7944 5686 4062 2880 2006 1350 862 512 278 138 62 24 8 2 0
  tag_recapture[Tags2005_R1_R1].scanned_2008	0 0 0 2 28 344 2602 12332 40170 97884 182308 260086 291620 271378 224512 174626 131756 97934 71728 51120 35200 23658 15864 10828 7580 5410 3886 2772 1934 1300 826 490 266 132 58 24 8 2 0
  tag_recapture[Tags2005_R1_R1].scanned_2009	0 0 0 2 28 338 2596 13080 43468 101422 180382 255904 293398 278302 229716 175798 130724 96182 70174 50456 35360 24054 16060 10754 7362 5182 3714 2662 1866 1256 798 470 254 126 56 22 8 2 0
  tag_recapture[Tags2005_R1_R1].scanned_2010	0 0 0 2 30 342 2546 12914 45438 110634 193100 259840 288924 275666 231594 178066 131090 95240 68874 49434 34952 24134 16262 10830 7284 5028 3564 2550 1794 1212 770 454 246 120 54 22 8 2 0
  tag_recapture[Tags2005_R1_R1].step	1
  tag_recapture[Tags2005_R1_R1].tag_name	Tags2005_R1
  tag_recapture[Tags2005_R1_R1].years	2006 2007 2008 2009 2010
  tag_recapture[Tags2006_R1_R1].area	R1
  tag_recapture[Tags2006_R1_R1].class_mins	100 150 200 250 300 350 400 450 500 550 600 650 700 750 800 850 900 950 1000 1050 1100 1150 1200 1250 1300 1350 1400 1450 1500 1550 1600 1650 1700 1750 1800 1850 1900 1950 2000 2050
  tag_recapture[Tags2006_R1_R1].detection_probability	1
  tag_recapture[Tags2006_R1_R1].dispersion	1
  tag_recapture[Tags2006_R1_R1].do_bootstrap	True
  tag_recapture[Tags2006_R1_R1].plus_group	False
  tag_recapture[Tags2006_R1_R1].proportion_mortality	0.5
  tag_recapture[Tags2006_R1_R1].r	1e-11
  tag_recapture[Tags2006_R1_R1].recaptured_2007	0 0 0 0 0 0 0 0 0 0 0 13 32 29 23 19 16 10 6 6 1 0 1 0 1 0 1 0 0 0 0 0 0 0 0 0 0 0 0
  tag_recapture[Tags2006_R1_R1].recaptured_2008	0 0 0 0 0 0 0 0 0 0 2 4 21 21 25 22 16 15 9 6 2 3 2 1 0 0 0 0 0 0 0 0 0 0 0 0 0 0 0
  tag_recapture[Tags2006_R1_R1].recaptured_2009	0 0 0 0 0 0 0 0 0 0 0 3 8 17 16 20 26 10 7 4 3 1 1 0 0 0 0 0 1 0 0 0 0 0 0 0 0 0 0
  tag_recapture[Tags2006_R1_R1].recaptured_2010	0 0 0 0 0 0 0 0 0 0 0 1 4 3 11 15 15 15 9 8 3 1 3 1 0 0 0 0 0 0 0 0 0 0 0 0 0 0 0
  tag_recapture[Tags2006_R1_R1].sample	size
  tag_recapture[Tags2006_R1_R1].scanned_2007	0 0 0 2 28 344 2442 11568 39724 99366 181960 252416 280488 265182 224010 176300 134278 100438 72920 50898 34514 23278 15942 11162 7944 5686 4062 2880 2006 1350 862 512 278 138 62 24 8 2 0
  tag_recapture[Tags2006_R1_R1].scanned_2008	0 0 0 2 28 344 2602 12332 40170 97884 182308 260086 291620 271378 224512 174626 131756 97934 71728 51120 35200 23658 15864 10828 7580 5410 3886 2772 1934 1300 826 490 266 132 58 24 8 2 0
  tag_recapture[Tags2006_R1_R1].scanned_2009	0 0 0 2 28 338 2596 13080 43468 101422 180382 255904 293398 278302 229716 175798 130724 96182 70174 50456 35360 24054 16060 10754 7362 5182 3714 2662 1866 1256 798 470 254 126 56 22 8 2 0
  tag_recapture[Tags2006_R1_R1].scanned_2010	0 0 0 2 30 342 2546 12914 45438 110634 193100 259840 288924 275666 231594 178066 131090 95240 68874 49434 34952 24134 16262 10830 7284 5028 3564 2550 1794 1212 770 454 246 120 54 22 8 2 0
  tag_recapture[Tags2006_R1_R1].step	1
  tag_recapture[Tags2006_R1_R1].tag_name	Tags2006_R1
  tag_recapture[Tags2006_R1_R1].years	2007 2008 2009 2010
  tag_recapture[Tags2007_R1_R1].area	R1
  tag_recapture[Tags2007_R1_R1].class_mins	100 150 200 250 300 350 400 450 500 550 600 650 700 750 800 850 900 950 1000 1050 1100 1150 1200 1250 1300 1350 1400 1450 1500 1550 1600 1650 1700 1750 1800 1850 1900 1950 2000 2050
  tag_recapture[Tags2007_R1_R1].detection_probability	1
  tag_recapture[Tags2007_R1_R1].dispersion	1
  tag_recapture[Tags2007_R1_R1].do_bootstrap	True
  tag_recapture[Tags2007_R1_R1].plus_group	False
  tag_recapture[Tags2007_R1_R1].proportion_mortality	0.5
  tag_recapture[Tags2007_R1_R1].r	1e-11
  tag_recapture[Tags2007_R1_R1].recaptured_2008	0 0 0 0 0 0 0 0 0 2 3 15 22 27 22 20 16 10 4 16 5 1 2 0 1 1 0 0 0 0 0 0 0 0 0 0 0 0 0
  tag_recapture[Tags2007_R1_R1].recaptured_2009	0 0 0 0 0 0 0 0 0 1 2 8 12 19 30 15 12 14 14 6 1 2 1 0 0 0 0 0 0 0 0 0 0 0 0 0 0 0 0
  tag_recapture[Tags2007_R1_R1].recaptured_2010	0 0 0 0 0 0 0 0 0 0 2 0 8 18 15 11 18 12 8 6 6 2 1 2 0 0 0 0 0 0 0 0 0 0 0 0 0 0 0
  tag_recapture[Tags2007_R1_R1].sample	size
  tag_recapture[Tags2007_R1_R1].scanned_2008	0 0 0 2 28 344 2602 12332 40170 97884 182308 260086 291620 271378 224512 174626 131756 97934 71728 51120 35200 23658 15864 10828 7580 5410 3886 2772 1934 1300 826 490 266 132 58 24 8 2 0
  tag_recapture[Tags2007_R1_R1].scanned_2009	0 0 0 2 28 338 2596 13080 43468 101422 180382 255904 293398 278302 229716 175798 130724 96182 70174 50456 35360 24054 16060 10754 7362 5182 3714 2662 1866 1256 798 470 254 126 56 22 8 2 0
  tag_recapture[Tags2007_R1_R1].scanned_2010	0 0 0 2 30 342 2546 12914 45438 110634 193100 259840 288924 275666 231594 178066 131090 95240 68874 49434 34952 24134 16262 10830 7284 5028 3564 2550 1794 1212 770 454 246 120 54 22 8 2 0
  tag_recapture[Tags2007_R1_R1].step	1
  tag_recapture[Tags2007_R1_R1].tag_name	Tags2007_R1
  tag_recapture[Tags2007_R1_R1].years	2008 2009 2010
  tag_recapture[Tags2008_R1_R1].area	R1
  tag_recapture[Tags2008_R1_R1].class_mins	100 150 200 250 300 350 400 450 500 550 600 650 700 750 800 850 900 950 1000 1050 1100 1150 1200 1250 1300 1350 1400 1450 1500 1550 1600 1650 1700 1750 1800 1850 1900 1950 2000 2050
  tag_recapture[Tags2008_R1_R1].detection_probability	1
  tag_recapture[Tags2008_R1_R1].dispersion	1
  tag_recapture[Tags2008_R1_R1].do_bootstrap	True
  tag_recapture[Tags2008_R1_R1].plus_group	False
  tag_recapture[Tags2008_R1_R1].proportion_mortality	0.5
  tag_recapture[Tags2008_R1_R1].r	1e-11
  tag_recapture[Tags2008_R1_R1].recaptured_2009	0 0 0 0 0 0 0 0 0 0 5 19 20 35 25 23 12 9 10 6 1 1 1 1 0 0 0 0 0 0 0 0 0 0 0 0 0 0 0
  tag_recapture[Tags2008_R1_R1].recaptured_2010	0 0 0 0 0 0 0 0 0 0 0 7 14 17 22 28 20 13 7 4 3 2 0 0 0 0 0 0 0 0 0 0 0 0 0 0 0 0 0
  tag_recapture[Tags2008_R1_R1].sample	size
  tag_recapture[Tags2008_R1_R1].scanned_2009	0 0 0 2 28 338 2596 13080 43468 101422 180382 255904 293398 278302 229716 175798 130724 96182 70174 50456 35360 24054 16060 10754 7362 5182 3714 2662 1866 1256 798 470 254 126 56 22 8 2 0
  tag_recapture[Tags2008_R1_R1].scanned_2010	0 0 0 2 30 342 2546 12914 45438 110634 193100 259840 288924 275666 231594 178066 131090 95240 68874 49434 34952 24134 16262 10830 7284 5028 3564 2550 1794 1212 770 454 246 120 54 22 8 2 0
  tag_recapture[Tags2008_R1_R1].step	1
  tag_recapture[Tags2008_R1_R1].tag_name	Tags2008_R1
  tag_recapture[Tags2008_R1_R1].years	2009 2010
  tag_recapture[Tags2009_R1_R1].area	R1
  tag_recapture[Tags2009_R1_R1].class_mins	100 150 200 250 300 350 400 450 500 550 600 650 700 750 800 850 900 950 1000 1050 1100 1150 1200 1250 1300 1350 1400 1450 1500 1550 1600 1650 1700 1750 1800 1850 1900 1950 2000 2050
  tag_recapture[Tags2009_R1_R1].detection_probability	1
  tag_recapture[Tags2009_R1_R1].dispersion	1
  tag_recapture[Tags2009_R1_R1].do_bootstrap	True
  tag_recapture[Tags2009_R1_R1].plus_group	False
  tag_recapture[Tags2009_R1_R1].proportion_mortality	0.5
  tag_recapture[Tags2009_R1_R1].r	1e-11
  tag_recapture[Tags2009_R1_R1].recaptured_2010	0 0 0 0 0 0 0 0 0 0 4 17 26 41 28 20 9 7 8 6 3 1 1 0 0 0 0 0 0 0 0 0 0 0 0 0 0 0 0
  tag_recapture[Tags2009_R1_R1].sample	size
  tag_recapture[Tags2009_R1_R1].scanned_2010	0 0 0 2 30 342 2546 12914 45438 110634 193100 259840 288924 275666 231594 178066 131090 95240 68874 49434 34952 24134 16262 10830 7284 5028 3564 2550 1794 1212 770 454 246 120 54 22 8 2 0
  tag_recapture[Tags2009_R1_R1].step	1
  tag_recapture[Tags2009_R1_R1].tag_name	Tags2009_R1
  tag_recapture[Tags2009_R1_R1].years	2010
  vector_average_penalty[1].k   	1
  vector_average_penalty[1].label	meanYCS_1
  vector_average_penalty[1].multiplier	100
  vector_average_penalty[1].vector	recruitment.YCS
Stored as DOUBLEs: 
Stored as VECTORs: 
Stored as OGIVEs: 

Population parameters:
Stored as strings: 
  annual_cycle.M_props          	1
  annual_cycle.aging_time       	1
  annual_cycle.baranov          	False
  annual_cycle.fishery_areas    	R1
  annual_cycle.fishery_names    	LL1 LL2
  annual_cycle.fishery_times    	1 1
  annual_cycle.growth_props     	0
  annual_cycle.migrate_from     	R1
  annual_cycle.migrate_to       	R2
  annual_cycle.migration_names  	MoveRec_1_2
  annual_cycle.migration_times  	1
  annual_cycle.n_migrations     	0
  annual_cycle.recruitment_areas	R1
  annual_cycle.recruitment_time 	1
  annual_cycle.spawning_all_areas	1
  annual_cycle.spawning_p       	1
  annual_cycle.spawning_part_mort	0.5
  annual_cycle.spawning_time    	1
  annual_cycle.spawning_use_total_B	False
  annual_cycle.time_steps       	1
  area_names                    	R1
  current                       	2010
  final                         	2045
  first_random_year             	2007
  fishery[LL1].U_max            	0.95
  fishery[LL1].catches          	0 6000 6000 6000 6000 6000 6000 6000 6000 6000 6000 6000 6000 6000 6000 6000 6000 6000 6000 6000 6000
  fishery[LL1].future_constant_catches	200
  fishery[LL1].selectivity      	SelLL
  fishery[LL1].years            	1990 1991 1992 1993 1994 1995 1996 1997 1998 1999 2000 2001 2002 2003 2004 2005 2006 2007 2008 2009 2010
  fishery[LL2].U_max            	0.95
  fishery[LL2].catches          	0 6000 6000 6000 6000 6000 6000 6000 6000 6000 6000 6000 6000 6000 6000 6000 6000 6000 6000 6000 6000
  fishery[LL2].future_constant_catches	200
  fishery[LL2].selectivity      	SelLL
  fishery[LL2].years            	1990 1991 1992 1993 1994 1995 1996 1997 1998 1999 2000 2001 2002 2003 2004 2005 2006 2007 2008 2009 2010
  initial                       	1990
  initialization.B0             	448262
  mature_partition              	False
  maturity_props.all            	allvalues  0 0 0 0 0 0 0 0 0 0 0 0.1667 0.3333 0.5 0.6667 0.8333 1 1 1 1 1 1 1 1 1 1 1 1 1 1
  max_age                       	30
  min_age                       	1
  n_areas                       	1
  n_stocks                      	1
  n_tags                        	5
  natural_mortality.all         	0.155
  plus_group                    	True
  randomisation_method          	lognormal
  recruitment.SR                	BH
  recruitment.YCS               	1 1 1 1 1 1 1 1 1 1 1 1 1 1 1 1 1 1 1 1 1
  recruitment.YCS_years         	1989 1990 1991 1992 1993 1994 1995 1996 1997 1998 1999 2000 2001 2002 2003 2004 2005 2006 2007 2008 2009
  recruitment.first_free        	1989
  recruitment.last_free         	2006
  recruitment.p_male            	0.5
  recruitment.rho               	0
  recruitment.sigma_r           	0.6
  recruitment.steepness         	0.7
  recruitment.year_range        	1989 2006
  selectivity[SelLL].all        	double_normal 10 2 10
  selectivity_names             	SelLL
  sex_partition                 	False
  size_at_age.Linf              	2870
  size_at_age.by_length         	True
  size_at_age.cv                	0.1
  size_at_age.k                 	0.02056
  size_at_age.t0                	-4.2897
  size_at_age_dist              	normal
  size_at_age_type              	von_Bert
  size_based                    	False
  size_weight.a                 	2.59e-12
  size_weight.b                 	3.2064
  size_weight.verify_size_weight	500 0.5 1.5
  standardise_YCS               	True
  tag[Tags2005_R1_LL1].area     	R1
  tag[Tags2005_R1_LL1].class_mins	100 150 200 250 300 350 400 450 500 550 600 650 700 750 800 850 900 950 1000 1050 1100 1150 1200 1250 1300 1350 1400 1450 1500 1550 1600 1650 1700 1750 1800 1850 1900 1950 2000 2050
  tag[Tags2005_R1_LL1].mature_only	False
  tag[Tags2005_R1_LL1].mortality	0.1
  tag[Tags2005_R1_LL1].number   	2500
  tag[Tags2005_R1_LL1].ogive    	SelLL
  tag[Tags2005_R1_LL1].plus_group	False
  tag[Tags2005_R1_LL1].props_all	0 0 0 0 0 1e-04 8e-04 0.0048 0.0184 0.0472 0.088 0.1245 0.1388 0.1298 0.1103 0.0896 0.0694 0.0511 0.0362 0.0255 0.0183 0.0135 0.01 0.0073 0.0052 0.0037 0.0025 0.0018 0.0012 8e-04 5e-04 3e-04 2e-04 1e-04 0 0 0 0 0
  tag[Tags2005_R1_LL1].release_type	deterministic
  tag[Tags2005_R1_LL1].sex      	both
  tag[Tags2005_R1_LL1].step     	1
  tag[Tags2005_R1_LL1].tag_name 	Tags2005_R1
  tag[Tags2005_R1_LL1].year     	2005
  tag[Tags2006_R1_LL1].area     	R1
  tag[Tags2006_R1_LL1].class_mins	100 150 200 250 300 350 400 450 500 550 600 650 700 750 800 850 900 950 1000 1050 1100 1150 1200 1250 1300 1350 1400 1450 1500 1550 1600 1650 1700 1750 1800 1850 1900 1950 2000 2050
  tag[Tags2006_R1_LL1].mature_only	False
  tag[Tags2006_R1_LL1].mortality	0.1
  tag[Tags2006_R1_LL1].number   	2500
  tag[Tags2006_R1_LL1].ogive    	SelLL
  tag[Tags2006_R1_LL1].plus_group	False
  tag[Tags2006_R1_LL1].props_all	0 0 0 0 0 2e-04 0.0013 0.0058 0.0198 0.0485 0.0873 0.1222 0.1397 0.1351 0.1154 0.0921 0.0705 0.0511 0.0349 0.023 0.0152 0.0104 0.0075 0.0055 0.0041 0.0031 0.0023 0.0017 0.0012 9e-04 6e-04 3e-04 2e-04 1e-04 0 0 0 0 0
  tag[Tags2006_R1_LL1].release_type	deterministic
  tag[Tags2006_R1_LL1].sex      	both
  tag[Tags2006_R1_LL1].step     	1
  tag[Tags2006_R1_LL1].tag_name 	Tags2006_R1
  tag[Tags2006_R1_LL1].year     	2006
  tag[Tags2007_R1_LL1].area     	R1
  tag[Tags2007_R1_LL1].class_mins	100 150 200 250 300 350 400 450 500 550 600 650 700 750 800 850 900 950 1000 1050 1100 1150 1200 1250 1300 1350 1400 1450 1500 1550 1600 1650 1700 1750 1800 1850 1900 1950 2000 2050
  tag[Tags2007_R1_LL1].mature_only	False
  tag[Tags2007_R1_LL1].mortality	0.1
  tag[Tags2007_R1_LL1].number   	2500
  tag[Tags2007_R1_LL1].ogive    	SelLL
  tag[Tags2007_R1_LL1].plus_group	False
  tag[Tags2007_R1_LL1].props_all	0 0 0 0 0 1e-04 0.0011 0.0056 0.0193 0.0485 0.0889 0.124 0.139 0.1322 0.1118 0.0878 0.0669 0.0504 0.0372 0.0265 0.0183 0.0125 0.0087 0.0062 0.0045 0.0032 0.0024 0.0017 0.0012 8e-04 5e-04 3e-04 2e-04 1e-04 0 0 0 0 0
  tag[Tags2007_R1_LL1].release_type	deterministic
  tag[Tags2007_R1_LL1].sex      	both
  tag[Tags2007_R1_LL1].step     	1
  tag[Tags2007_R1_LL1].tag_name 	Tags2007_R1
  tag[Tags2007_R1_LL1].year     	2007
  tag[Tags2008_R1_LL1].area     	R1
  tag[Tags2008_R1_LL1].class_mins	100 150 200 250 300 350 400 450 500 550 600 650 700 750 800 850 900 950 1000 1050 1100 1150 1200 1250 1300 1350 1400 1450 1500 1550 1600 1650 1700 1750 1800 1850 1900 1950 2000 2050
  tag[Tags2008_R1_LL1].mature_only	False
  tag[Tags2008_R1_LL1].mortality	0.1
  tag[Tags2008_R1_LL1].number   	2500
  tag[Tags2008_R1_LL1].ogive    	SelLL
  tag[Tags2008_R1_LL1].plus_group	False
  tag[Tags2008_R1_LL1].props_all	0 0 0 0 0 1e-04 0.0012 0.0062 0.0205 0.0497 0.0924 0.1328 0.1497 0.1384 0.112 0.0842 0.0614 0.0445 0.0322 0.0228 0.0157 0.0106 0.0073 0.0052 0.0038 0.0029 0.0022 0.0016 0.0011 7e-04 4e-04 3e-04 1e-04 1e-04 0 0 0 0 0
  tag[Tags2008_R1_LL1].release_type	deterministic
  tag[Tags2008_R1_LL1].sex      	both
  tag[Tags2008_R1_LL1].step     	1
  tag[Tags2008_R1_LL1].tag_name 	Tags2008_R1
  tag[Tags2008_R1_LL1].year     	2008
  tag[Tags2009_R1_LL1].area     	R1
  tag[Tags2009_R1_LL1].class_mins	100 150 200 250 300 350 400 450 500 550 600 650 700 750 800 850 900 950 1000 1050 1100 1150 1200 1250 1300 1350 1400 1450 1500 1550 1600 1650 1700 1750 1800 1850 1900 1950 2000 2050
  tag[Tags2009_R1_LL1].mature_only	False
  tag[Tags2009_R1_LL1].mortality	0.1
  tag[Tags2009_R1_LL1].number   	2500
  tag[Tags2009_R1_LL1].ogive    	SelLL
  tag[Tags2009_R1_LL1].plus_group	False
  tag[Tags2009_R1_LL1].props_all	0 0 0 0 0 1e-04 0.0012 0.0063 0.0213 0.0502 0.0897 0.1266 0.1435 0.135 0.1117 0.0864 0.065 0.0482 0.0352 0.0253 0.0178 0.0122 0.0082 0.0055 0.0037 0.0025 0.0017 0.0011 7e-04 4e-04 3e-04 1e-04 1e-04 0 0 0 0 0 0
  tag[Tags2009_R1_LL1].release_type	deterministic
  tag[Tags2009_R1_LL1].sex      	both
  tag[Tags2009_R1_LL1].step     	1
  tag[Tags2009_R1_LL1].tag_name 	Tags2009_R1
  tag[Tags2009_R1_LL1].year     	2009
  tag_growth_loss[Tags2005_R1].nogrowth_period	0
  tag_growth_loss[Tags2006_R1].nogrowth_period	0
  tag_growth_loss[Tags2007_R1].nogrowth_period	0
  tag_growth_loss[Tags2008_R1].nogrowth_period	0
  tag_growth_loss[Tags2009_R1].nogrowth_period	0
  tag_loss_props                	1
  tag_names                     	Tags2005_R1 Tags2006_R1 Tags2007_R1 Tags2008_R1 Tags2009_R1
  tag_shedding_rate             	0.0084 0.0084 0.0084 0.0084 0.0084
  y_enter                       	1
Stored as DOUBLEs: 
Stored as VECTORs: 
Stored as OGIVEs: 

Output parameters:
Stored as strings: 
  n_projections                 	100
  numbers_at[Numbers_at_age_R1].area	R1
  numbers_at[Numbers_at_age_R1].proportion_mortality	0.5
  numbers_at[Numbers_at_age_R1].step	1
  numbers_at[Numbers_at_age_R1].years	1990 1991 1992 1993 1994 1995 1996 1997 1998 1999 2000 2001 2002 2003 2004 2005 2006 2007 2008 2009 2010
  print.covariance              	true
  print.estimation_section      	true
  print.final_state             	false
  print.fits                    	true
  print.fits_every_eval         	false
  print.initial_state           	false
  print.normalised_resids       	true
  print.objective_every_eval    	false
  print.parameter_vector_every_eval	false
  print.parameters              	true
  print.parameters_every_eval   	false
  print.pearson_resids          	true
  print.requests                	false
  print.resids                  	true
  print.results                 	false
  print.state_annually          	false
  print.state_every_step        	false
  print.unused_parameters       	true
  print.yields                  	true
  quantities.B0                 	true
  quantities.R0                 	true
  quantities.SSBs               	true
  quantities.YCS                	true
  quantities.actual_catches     	false
  quantities.all_free_parameters	true
  quantities.fishing_pressures  	true
  quantities.nuisance_qs        	true
  quantities.recruitments       	true
  quantities.true_YCS           	true
Stored as DOUBLEs: 
Stored as VECTORs: 
Stored as OGIVEs: 

A fish of size 500 cm has a weight of 1.16755 kg in your model. This size-weight scale check assumes that the growth curve is in centimetres, and that the catch is in tonnes.

A fish of size 500 cm has a weight of 1.16755 kg in your model. This size-weight scale check assumes that the growth curve is in centimetres, and that the catch is in tonnes.

Estimation section :

Objective function: Bayes

Minimiser convergence threshold: 0.001


Observations:

The observations are:
LL1_catchA
Tags2005_R1_R1
Tags2006_R1_R1
Tags2007_R1_R1
Tags2008_R1_R1
Tags2009_R1_R1
Fits follow:

LL1_catchA :
catch proportions-at-age for fishery LL1  with ageing error (constrained to sum to 1):
obs (last class is a plus group):
class 1       2       3       4       5       6       7       8       9       10      11      12      13      14      15      16      17      18      19      20      21      22      23      24      25      26      27      28      29      30      
2000 0       0       0       0       0       0.02    0.05    0.13    0.12    0.09    0.09    0.08    0.13    0.07    0.04    0.05    0.04    0       0.03    0.01    0       0.04    0.01    0       0       0       0       0       0       0       
2001 0       0       0       0       0.01    0.02    0.07    0.09    0.15    0.11    0.11    0.15    0.07    0.03    0.05    0.02    0.03    0.02    0.02    0.03    0.01    0.01    0       0       0       0       0       0       0       0       
2002 0       0       0       0       0.01    0.05    0.03    0.11    0.12    0.15    0.12    0.08    0.06    0.05    0.03    0.05    0.07    0.02    0       0.01    0       0.01    0       0.01    0       0.01    0       0       0       0.01    
2003 0       0       0       0.01    0       0       0.05    0.08    0.17    0.17    0.13    0.08    0.09    0.09    0.03    0.02    0.01    0.01    0.03    0       0.01    0       0       0.01    0       0       0.01    0       0       0       
2004 0       0       0       0       0       0.01    0.08    0.08    0.13    0.13    0.14    0.11    0.01    0.1     0.02    0.06    0.04    0.02    0.02    0.01    0.01    0       0       0.01    0.01    0       0       0       0       0.01    
2005 0       0       0       0       0       0.03    0.01    0.1     0.24    0.13    0.1     0.1     0.06    0.08    0.02    0.02    0.04    0.01    0.03    0       0.01    0.01    0.01    0       0       0       0       0       0       0       
2006 0       0       0       0       0.01    0.03    0.05    0.08    0.18    0.11    0.19    0.08    0.03    0.07    0.05    0.03    0.02    0.02    0.02    0.01    0.01    0       0.01    0       0       0       0       0       0       0       
2007 0       0       0       0       0       0.02    0.07    0.1     0.16    0.15    0.1     0.11    0.12    0.04    0.03    0.01    0.04    0.03    0.02    0       0       0       0       0       0       0       0       0       0       0       
2008 0       0       0       0       0.02    0.03    0.07    0.1     0.12    0.2     0.14    0.06    0.07    0.05    0.05    0.01    0.01    0.01    0       0.03    0.01    0       0.01    0.01    0       0       0       0       0       0       
2009 0       0       0       0       0.01    0.04    0.03    0.11    0.14    0.17    0.06    0.2     0.08    0.07    0.02    0.04    0.01    0       0.01    0       0       0       0       0.01    0       0       0       0       0       0       
2010 0       0       0       0       0       0.03    0.04    0.08    0.1     0.19    0.1     0.07    0.12    0.1     0.05    0.03    0       0.01    0.03    0       0.01    0.01    0       0       0.02    0       0       0       0       0.01    
objective function: multinomial likelihood, with delta = 1e-011, N =
100 100 100 100 100 100 100 100 100 100 100 100 100 100 100 100 100 100 100 100 100 100 100 100 100 100 100 100 100 100 
100 100 100 100 100 100 100 100 100 100 100 100 100 100 100 100 100 100 100 100 100 100 100 100 100 100 100 100 100 100 
100 100 100 100 100 100 100 100 100 100 100 100 100 100 100 100 100 100 100 100 100 100 100 100 100 100 100 100 100 100 
100 100 100 100 100 100 100 100 100 100 100 100 100 100 100 100 100 100 100 100 100 100 100 100 100 100 100 100 100 100 
100 100 100 100 100 100 100 100 100 100 100 100 100 100 100 100 100 100 100 100 100 100 100 100 100 100 100 100 100 100 
100 100 100 100 100 100 100 100 100 100 100 100 100 100 100 100 100 100 100 100 100 100 100 100 100 100 100 100 100 100 
100 100 100 100 100 100 100 100 100 100 100 100 100 100 100 100 100 100 100 100 100 100 100 100 100 100 100 100 100 100 
100 100 100 100 100 100 100 100 100 100 100 100 100 100 100 100 100 100 100 100 100 100 100 100 100 100 100 100 100 100 
100 100 100 100 100 100 100 100 100 100 100 100 100 100 100 100 100 100 100 100 100 100 100 100 100 100 100 100 100 100 
100 100 100 100 100 100 100 100 100 100 100 100 100 100 100 100 100 100 100 100 100 100 100 100 100 100 100 100 100 100 
100 100 100 100 100 100 100 100 100 100 100 100 100 100 100 100 100 100 100 100 100 100 100 100 100 100 100 100 100 100 

Tags2005_R1_R1 :
tag-recapture data for tag Tags2005_R1 in years 2006 2007 2008 2009 2010 , step 1, after proportion 0.5 of mortality, with sampling method size, detection probability 1.
Year 2006
class scanned recaptured
100 0 0
150 0 0
200 0 0
250 2 0
300 28 0
350 320 0
400 2302 0
450 11502 0
500 39770 0
550 96806 2
600 173902 6
650 243624 11
700 277690 19
750 266092 28
800 224820 14
850 178122 21
900 136978 19
950 101584 21
1000 71958 8
1050 49292 2
1100 33518 3
1150 23134 2
1200 16316 2
1250 11662 0
1300 8346 0
1350 5944 0
1400 4222 0
1450 2988 0
1500 2086 0
1550 1406 0
1600 896 0
1650 530 0
1700 286 0
1750 140 0
1800 62 0
1850 24 0
1900 8 0
1950 2 0
2000 0 0


Year 2007
class scanned recaptured
100 0 0
150 0 0
200 0 0
250 2 0
300 28 0
350 344 0
400 2442 0
450 11568 0
500 39724 0
550 99366 0
600 181960 1
650 252416 7
700 280488 9
750 265182 28
800 224010 20
850 176300 18
900 134278 12
950 100438 13
1000 72920 7
1050 50898 3
1100 34514 4
1150 23278 2
1200 15942 1
1250 11162 1
1300 7944 1
1350 5686 0
1400 4062 0
1450 2880 0
1500 2006 0
1550 1350 0
1600 862 0
1650 512 0
1700 278 0
1750 138 0
1800 62 0
1850 24 0
1900 8 0
1950 2 0
2000 0 0


Year 2008
class scanned recaptured
100 0 0
150 0 0
200 0 0
250 2 0
300 28 0
350 344 0
400 2602 0
450 12332 0
500 40170 0
550 97884 0
600 182308 2
650 260086 4
700 291620 10
750 271378 19
800 224512 16
850 174626 15
900 131756 22
950 97934 8
1000 71728 7
1050 51120 7
1100 35200 4
1150 23658 0
1200 15864 2
1250 10828 0
1300 7580 0
1350 5410 0
1400 3886 0
1450 2772 1
1500 1934 0
1550 1300 0
1600 826 0
1650 490 0
1700 266 0
1750 132 0
1800 58 0
1850 24 0
1900 8 0
1950 2 0
2000 0 0


Year 2009
class scanned recaptured
100 0 0
150 0 0
200 0 0
250 2 0
300 28 0
350 338 0
400 2596 0
450 13080 0
500 43468 0
550 101422 0
600 180382 1
650 255904 0
700 293398 7
750 278302 11
800 229716 12
850 175798 13
900 130724 14
950 96182 5
1000 70174 12
1050 50456 7
1100 35360 5
1150 24054 2
1200 16060 4
1250 10754 0
1300 7362 0
1350 5182 1
1400 3714 1
1450 2662 0
1500 1866 1
1550 1256 0
1600 798 0
1650 470 0
1700 254 0
1750 126 0
1800 56 0
1850 22 0
1900 8 0
1950 2 0
2000 0 0


Year 2010
class scanned recaptured
100 0 0
150 0 0
200 0 0
250 2 0
300 30 0
350 342 0
400 2546 0
450 12914 0
500 45438 0
550 110634 0
600 193100 0
650 259840 0
700 288924 2
750 275666 2
800 231594 8
850 178066 5
900 131090 11
950 95240 12
1000 68874 5
1050 49434 3
1100 34952 6
1150 24134 2
1200 16262 1
1250 10830 1
1300 7284 1
1350 5028 1
1400 3564 0
1450 2550 0
1500 1794 0
1550 1212 0
1600 770 0
1650 454 0
1700 246 0
1750 120 0
1800 54 0
1850 22 0
1900 8 0
1950 2 0
2000 0 0


Tags2006_R1_R1 :
tag-recapture data for tag Tags2006_R1 in years 2007 2008 2009 2010 , step 1, after proportion 0.5 of mortality, with sampling method size, detection probability 1.
Year 2007
class scanned recaptured
100 0 0
150 0 0
200 0 0
250 2 0
300 28 0
350 344 0
400 2442 0
450 11568 0
500 39724 0
550 99366 0
600 181960 0
650 252416 13
700 280488 32
750 265182 29
800 224010 23
850 176300 19
900 134278 16
950 100438 10
1000 72920 6
1050 50898 6
1100 34514 1
1150 23278 0
1200 15942 1
1250 11162 0
1300 7944 1
1350 5686 0
1400 4062 1
1450 2880 0
1500 2006 0
1550 1350 0
1600 862 0
1650 512 0
1700 278 0
1750 138 0
1800 62 0
1850 24 0
1900 8 0
1950 2 0
2000 0 0


Year 2008
class scanned recaptured
100 0 0
150 0 0
200 0 0
250 2 0
300 28 0
350 344 0
400 2602 0
450 12332 0
500 40170 0
550 97884 0
600 182308 2
650 260086 4
700 291620 21
750 271378 21
800 224512 25
850 174626 22
900 131756 16
950 97934 15
1000 71728 9
1050 51120 6
1100 35200 2
1150 23658 3
1200 15864 2
1250 10828 1
1300 7580 0
1350 5410 0
1400 3886 0
1450 2772 0
1500 1934 0
1550 1300 0
1600 826 0
1650 490 0
1700 266 0
1750 132 0
1800 58 0
1850 24 0
1900 8 0
1950 2 0
2000 0 0


Year 2009
class scanned recaptured
100 0 0
150 0 0
200 0 0
250 2 0
300 28 0
350 338 0
400 2596 0
450 13080 0
500 43468 0
550 101422 0
600 180382 0
650 255904 3
700 293398 8
750 278302 17
800 229716 16
850 175798 20
900 130724 26
950 96182 10
1000 70174 7
1050 50456 4
1100 35360 3
1150 24054 1
1200 16060 1
1250 10754 0
1300 7362 0
1350 5182 0
1400 3714 0
1450 2662 0
1500 1866 1
1550 1256 0
1600 798 0
1650 470 0
1700 254 0
1750 126 0
1800 56 0
1850 22 0
1900 8 0
1950 2 0
2000 0 0


Year 2010
class scanned recaptured
100 0 0
150 0 0
200 0 0
250 2 0
300 30 0
350 342 0
400 2546 0
450 12914 0
500 45438 0
550 110634 0
600 193100 0
650 259840 1
700 288924 4
750 275666 3
800 231594 11
850 178066 15
900 131090 15
950 95240 15
1000 68874 9
1050 49434 8
1100 34952 3
1150 24134 1
1200 16262 3
1250 10830 1
1300 7284 0
1350 5028 0
1400 3564 0
1450 2550 0
1500 1794 0
1550 1212 0
1600 770 0
1650 454 0
1700 246 0
1750 120 0
1800 54 0
1850 22 0
1900 8 0
1950 2 0
2000 0 0


Tags2007_R1_R1 :
tag-recapture data for tag Tags2007_R1 in years 2008 2009 2010 , step 1, after proportion 0.5 of mortality, with sampling method size, detection probability 1.
Year 2008
class scanned recaptured
100 0 0
150 0 0
200 0 0
250 2 0
300 28 0
350 344 0
400 2602 0
450 12332 0
500 40170 0
550 97884 2
600 182308 3
650 260086 15
700 291620 22
750 271378 27
800 224512 22
850 174626 20
900 131756 16
950 97934 10
1000 71728 4
1050 51120 16
1100 35200 5
1150 23658 1
1200 15864 2
1250 10828 0
1300 7580 1
1350 5410 1
1400 3886 0
1450 2772 0
1500 1934 0
1550 1300 0
1600 826 0
1650 490 0
1700 266 0
1750 132 0
1800 58 0
1850 24 0
1900 8 0
1950 2 0
2000 0 0


Year 2009
class scanned recaptured
100 0 0
150 0 0
200 0 0
250 2 0
300 28 0
350 338 0
400 2596 0
450 13080 0
500 43468 0
550 101422 1
600 180382 2
650 255904 8
700 293398 12
750 278302 19
800 229716 30
850 175798 15
900 130724 12
950 96182 14
1000 70174 14
1050 50456 6
1100 35360 1
1150 24054 2
1200 16060 1
1250 10754 0
1300 7362 0
1350 5182 0
1400 3714 0
1450 2662 0
1500 1866 0
1550 1256 0
1600 798 0
1650 470 0
1700 254 0
1750 126 0
1800 56 0
1850 22 0
1900 8 0
1950 2 0
2000 0 0


Year 2010
class scanned recaptured
100 0 0
150 0 0
200 0 0
250 2 0
300 30 0
350 342 0
400 2546 0
450 12914 0
500 45438 0
550 110634 0
600 193100 2
650 259840 0
700 288924 8
750 275666 18
800 231594 15
850 178066 11
900 131090 18
950 95240 12
1000 68874 8
1050 49434 6
1100 34952 6
1150 24134 2
1200 16262 1
1250 10830 2
1300 7284 0
1350 5028 0
1400 3564 0
1450 2550 0
1500 1794 0
1550 1212 0
1600 770 0
1650 454 0
1700 246 0
1750 120 0
1800 54 0
1850 22 0
1900 8 0
1950 2 0
2000 0 0


Tags2008_R1_R1 :
tag-recapture data for tag Tags2008_R1 in years 2009 2010 , step 1, after proportion 0.5 of mortality, with sampling method size, detection probability 1.
Year 2009
class scanned recaptured
100 0 0
150 0 0
200 0 0
250 2 0
300 28 0
350 338 0
400 2596 0
450 13080 0
500 43468 0
550 101422 0
600 180382 5
650 255904 19
700 293398 20
750 278302 35
800 229716 25
850 175798 23
900 130724 12
950 96182 9
1000 70174 10
1050 50456 6
1100 35360 1
1150 24054 1
1200 16060 1
1250 10754 1
1300 7362 0
1350 5182 0
1400 3714 0
1450 2662 0
1500 1866 0
1550 1256 0
1600 798 0
1650 470 0
1700 254 0
1750 126 0
1800 56 0
1850 22 0
1900 8 0
1950 2 0
2000 0 0


Year 2010
class scanned recaptured
100 0 0
150 0 0
200 0 0
250 2 0
300 30 0
350 342 0
400 2546 0
450 12914 0
500 45438 0
550 110634 0
600 193100 0
650 259840 7
700 288924 14
750 275666 17
800 231594 22
850 178066 28
900 131090 20
950 95240 13
1000 68874 7
1050 49434 4
1100 34952 3
1150 24134 2
1200 16262 0
1250 10830 0
1300 7284 0
1350 5028 0
1400 3564 0
1450 2550 0
1500 1794 0
1550 1212 0
1600 770 0
1650 454 0
1700 246 0
1750 120 0
1800 54 0
1850 22 0
1900 8 0
1950 2 0
2000 0 0


Tags2009_R1_R1 :
tag-recapture data for tag Tags2009_R1 in years 2010 , step 1, after proportion 0.5 of mortality, with sampling method size, detection probability 1.
Year 2010
class scanned recaptured
100 0 0
150 0 0
200 0 0
250 2 0
300 30 0
350 342 0
400 2546 0
450 12914 0
500 45438 0
550 110634 0
600 193100 4
650 259840 17
700 288924 26
750 275666 41
800 231594 28
850 178066 20
900 131090 9
950 95240 7
1000 68874 8
1050 49434 6
1100 34952 3
1150 24134 1
1200 16262 1
1250 10830 0
1300 7284 0
1350 5028 0
1400 3564 0
1450 2550 0
1500 1794 0
1550 1212 0
1600 770 0
1650 454 0
1700 246 0
1750 120 0
1800 54 0
1850 22 0
1900 8 0
1950 2 0
2000 0 0



Ageing_error:
  Misclassification matrix:
1 0 0 0 0 0 0 0 0 0 0 0 0 0 0 0 0 0 0 0 0 0 0 0 0 0 0 0 0 0 
0 1 0 0 0 0 0 0 0 0 0 0 0 0 0 0 0 0 0 0 0 0 0 0 0 0 0 0 0 0 
0 0 1 0 0 0 0 0 0 0 0 0 0 0 0 0 0 0 0 0 0 0 0 0 0 0 0 0 0 0 
0 0 0 1 0 0 0 0 0 0 0 0 0 0 0 0 0 0 0 0 0 0 0 0 0 0 0 0 0 0 
0 0 0 0 1 0 0 0 0 0 0 0 0 0 0 0 0 0 0 0 0 0 0 0 0 0 0 0 0 0 
0 0 0 0 0 1 0 0 0 0 0 0 0 0 0 0 0 0 0 0 0 0 0 0 0 0 0 0 0 0 
0 0 0 0 0 0 1 0 0 0 0 0 0 0 0 0 0 0 0 0 0 0 0 0 0 0 0 0 0 0 
0 0 0 0 0 0 0 1 0 0 0 0 0 0 0 0 0 0 0 0 0 0 0 0 0 0 0 0 0 0 
0 0 0 0 0 0 0 0 1 0 0 0 0 0 0 0 0 0 0 0 0 0 0 0 0 0 0 0 0 0 
0 0 0 0 0 0 0 0 0 1 0 0 0 0 0 0 0 0 0 0 0 0 0 0 0 0 0 0 0 0 
0 0 0 0 0 0 0 0 0 0 1 0 0 0 0 0 0 0 0 0 0 0 0 0 0 0 0 0 0 0 
0 0 0 0 0 0 0 0 0 0 0 1 0 0 0 0 0 0 0 0 0 0 0 0 0 0 0 0 0 0 
0 0 0 0 0 0 0 0 0 0 0 0 1 0 0 0 0 0 0 0 0 0 0 0 0 0 0 0 0 0 
0 0 0 0 0 0 0 0 0 0 0 0 0 1 0 0 0 0 0 0 0 0 0 0 0 0 0 0 0 0 
0 0 0 0 0 0 0 0 0 0 0 0 0 0 1 0 0 0 0 0 0 0 0 0 0 0 0 0 0 0 
0 0 0 0 0 0 0 0 0 0 0 0 0 0 0 1 0 0 0 0 0 0 0 0 0 0 0 0 0 0 
0 0 0 0 0 0 0 0 0 0 0 0 0 0 0 0 1 0 0 0 0 0 0 0 0 0 0 0 0 0 
0 0 0 0 0 0 0 0 0 0 0 0 0 0 0 0 0 1 0 0 0 0 0 0 0 0 0 0 0 0 
0 0 0 0 0 0 0 0 0 0 0 0 0 0 0 0 0 0 1 0 0 0 0 0 0 0 0 0 0 0 
0 0 0 0 0 0 0 0 0 0 0 0 0 0 0 0 0 0 0 1 0 0 0 0 0 0 0 0 0 0 
0 0 0 0 0 0 0 0 0 0 0 0 0 0 0 0 0 0 0 0 1 0 0 0 0 0 0 0 0 0 
0 0 0 0 0 0 0 0 0 0 0 0 0 0 0 0 0 0 0 0 0 1 0 0 0 0 0 0 0 0 
0 0 0 0 0 0 0 0 0 0 0 0 0 0 0 0 0 0 0 0 0 0 1 0 0 0 0 0 0 0 
0 0 0 0 0 0 0 0 0 0 0 0 0 0 0 0 0 0 0 0 0 0 0 1 0 0 0 0 0 0 
0 0 0 0 0 0 0 0 0 0 0 0 0 0 0 0 0 0 0 0 0 0 0 0 1 0 0 0 0 0 
0 0 0 0 0 0 0 0 0 0 0 0 0 0 0 0 0 0 0 0 0 0 0 0 0 1 0 0 0 0 
0 0 0 0 0 0 0 0 0 0 0 0 0 0 0 0 0 0 0 0 0 0 0 0 0 0 1 0 0 0 
0 0 0 0 0 0 0 0 0 0 0 0 0 0 0 0 0 0 0 0 0 0 0 0 0 0 0 1 0 0 
0 0 0 0 0 0 0 0 0 0 0 0 0 0 0 0 0 0 0 0 0 0 0 0 0 0 0 0 1 0 
0 0 0 0 0 0 0 0 0 0 0 0 0 0 0 0 0 0 0 0 0 0 0 0 0 0 0 0 0 1 

Free parameters:

initialization.B0
uniform: bounds from 5000 to 500000
current value: 448262
lower bound: 5000
upper bound: 500000


Q's:
qs are nuisance parameters

Penalties:
LL1_Penalty :
Catch limit penalty of 1000 x the sum of squares of (log(actual catch) - log(specified catch)) for fishery LL1 to disencourage breaking exploitation rate limits
LL2_Penalty :
Catch limit penalty of 1000 x the sum of squares of (log(actual catch) - log(specified catch)) for fishery LL2 to disencourage breaking exploitation rate limits
meanYCS_1 :
Vector average penalty of 100 x square of (mean(recruitment.YCS) - 1) 
Penalty_Tags2005_R1_LL1 :
'Fish-must-be-tagged' penalty of 1 x square of (actual number of tagged fish - nominal number of tagged fish) for tagging episode Tags2005_R1_LL1
Penalty_Tags2006_R1_LL1 :
'Fish-must-be-tagged' penalty of 1 x square of (actual number of tagged fish - nominal number of tagged fish) for tagging episode Tags2006_R1_LL1
Penalty_Tags2007_R1_LL1 :
'Fish-must-be-tagged' penalty of 1 x square of (actual number of tagged fish - nominal number of tagged fish) for tagging episode Tags2007_R1_LL1
Penalty_Tags2008_R1_LL1 :
'Fish-must-be-tagged' penalty of 1 x square of (actual number of tagged fish - nominal number of tagged fish) for tagging episode Tags2008_R1_LL1
Penalty_Tags2009_R1_LL1 :
'Fish-must-be-tagged' penalty of 1 x square of (actual number of tagged fish - nominal number of tagged fish) for tagging episode Tags2009_R1_LL1

Components of the objective function are:
  LL1_catchA
  Tags2005_R1_R1
  Tags2006_R1_R1
  Tags2007_R1_R1
  Tags2008_R1_R1
  Tags2009_R1_R1
  prior_on_initialization.B0
  LL1_Penalty
  LL2_Penalty
  meanYCS_1
  Penalty_Tags2005_R1_LL1
  Penalty_Tags2006_R1_LL1
  Penalty_Tags2007_R1_LL1
  Penalty_Tags2008_R1_LL1
  Penalty_Tags2009_R1_LL1

Random number seed : 20609


Minimiser achieved convergence after 7 quasi-Newton iterations using 9 objective function evaluations



Approximate Covariance matrix (Inverse Hessian of parameters at point estimate):
9.89687e+006 

Correlation matrix:
1 

List of parameter names, in the same order as the rows & cols of the covariance/correlation matrices:
initialization.B0 



Start extracting output from here

Point estimate:
initialization.B0
current value: 234650
lower bound: 5000
upper bound: 500000


In a format suitable for -i :

initialization.B0 
234650 

Objective function : 913.658

Components :
LL1_catchA                                         403.751
Tags2005_R1_R1                                     170.419
Tags2006_R1_R1                                     131.997
Tags2007_R1_R1                                     108.068
Tags2008_R1_R1                                     63.2695
Tags2009_R1_R1                                     36.1535
prior_on_initialization.B0                         0
LL1_Penalty                                        0
LL2_Penalty                                        0
meanYCS_1                                          0
Penalty_Tags2005_R1_LL1                            8.27181e-025
Penalty_Tags2006_R1_LL1                            0
Penalty_Tags2007_R1_LL1                            1.86116e-024
Penalty_Tags2008_R1_LL1                            8.27181e-025
Penalty_Tags2009_R1_LL1                            2.06795e-025

Fits : 

The observations are:
LL1_catchA
Tags2005_R1_R1
Tags2006_R1_R1
Tags2007_R1_R1
Tags2008_R1_R1
Tags2009_R1_R1
Fits follow:

LL1_catchA :
catch proportions-at-age for fishery LL1  with ageing error (constrained to sum to 1):
obs (last class is a plus group):
class 1       2       3       4       5       6       7       8       9       10      11      12      13      14      15      16      17      18      19      20      21      22      23      24      25      26      27      28      29      30      
2000 0       0       0       0       0       0.02    0.05    0.13    0.12    0.09    0.09    0.08    0.13    0.07    0.04    0.05    0.04    0       0.03    0.01    0       0.04    0.01    0       0       0       0       0       0       0       
2001 0       0       0       0       0.01    0.02    0.07    0.09    0.15    0.11    0.11    0.15    0.07    0.03    0.05    0.02    0.03    0.02    0.02    0.03    0.01    0.01    0       0       0       0       0       0       0       0       
2002 0       0       0       0       0.01    0.05    0.03    0.11    0.12    0.15    0.12    0.08    0.06    0.05    0.03    0.05    0.07    0.02    0       0.01    0       0.01    0       0.01    0       0.01    0       0       0       0.01    
2003 0       0       0       0.01    0       0       0.05    0.08    0.17    0.17    0.13    0.08    0.09    0.09    0.03    0.02    0.01    0.01    0.03    0       0.01    0       0       0.01    0       0       0.01    0       0       0       
2004 0       0       0       0       0       0.01    0.08    0.08    0.13    0.13    0.14    0.11    0.01    0.1     0.02    0.06    0.04    0.02    0.02    0.01    0.01    0       0       0.01    0.01    0       0       0       0       0.01    
2005 0       0       0       0       0       0.03    0.01    0.1     0.24    0.13    0.1     0.1     0.06    0.08    0.02    0.02    0.04    0.01    0.03    0       0.01    0.01    0.01    0       0       0       0       0       0       0       
2006 0       0       0       0       0.01    0.03    0.05    0.08    0.18    0.11    0.19    0.08    0.03    0.07    0.05    0.03    0.02    0.02    0.02    0.01    0.01    0       0.01    0       0       0       0       0       0       0       
2007 0       0       0       0       0       0.02    0.07    0.1     0.16    0.15    0.1     0.11    0.12    0.04    0.03    0.01    0.04    0.03    0.02    0       0       0       0       0       0       0       0       0       0       0       
2008 0       0       0       0       0.02    0.03    0.07    0.1     0.12    0.2     0.14    0.06    0.07    0.05    0.05    0.01    0.01    0.01    0       0.03    0.01    0       0.01    0.01    0       0       0       0       0       0       
2009 0       0       0       0       0.01    0.04    0.03    0.11    0.14    0.17    0.06    0.2     0.08    0.07    0.02    0.04    0.01    0       0.01    0       0       0       0       0.01    0       0       0       0       0       0       
2010 0       0       0       0       0       0.03    0.04    0.08    0.1     0.19    0.1     0.07    0.12    0.1     0.05    0.03    0       0.01    0.03    0       0.01    0.01    0       0       0.02    0       0       0       0       0.01    
fits (last class is a plus group):
class 1       2       3       4       5       6       7       8       9       10      11      12      13      14      15      16      17      18      19      20      21      22      23      24      25      26      27      28      29      30      
2000 5.36401e-007 8.80054e-006 0.00010206 0.000836536 0.00484522 0.0198137 0.0570145 0.114457 0.158288 0.14989 0.116898 0.0902579 0.0690915 0.0525046 0.0396716 0.029893 0.0226042 0.0173006 0.0134377 0.01046 0.00806661 0.00615488 0.00464008 0.00345179 0.00253085 0.00182705 0.00129758 0.000906053 0.000621758 0.00312886 
2001 5.40121e-007 8.86417e-006 0.000102835 0.000843266 0.00488666 0.0199935 0.0575561 0.115547 0.159665 0.151125 0.117657 0.0905581 0.0690974 0.0523355 0.0393951 0.0295118 0.022063 0.0165605 0.0125849 0.00970594 0.00750082 0.00574129 0.00434609 0.00324897 0.00239532 0.00173953 0.00124311 0.000873466 0.000603102 0.00311121 
2002 5.43323e-007 8.9188e-006 0.000103499 0.000849022 0.00492217 0.0201484 0.0580253 0.116496 0.160863 0.151997 0.11823 0.0908435 0.0691007 0.0521738 0.0391484 0.0292211 0.0217221 0.0161228 0.012018 0.00907015 0.00694623 0.00532887 0.0040473 0.0030385 0.00225145 0.00164428 0.00118217 0.000835884 0.000580819 0.00308085 
2003 5.46151e-007 8.96696e-006 0.000104083 0.000854057 0.00495315 0.0202836 0.0584361 0.117329 0.161913 0.15275 0.11856 0.0910174 0.0691187 0.0520305 0.0389229 0.0289645 0.021457 0.0158387 0.0116766 0.00864555 0.00648031 0.00492738 0.00375144 0.00282614 0.00210327 0.00154398 0.00111643 0.000794256 0.000555407 0.00303798 
2004 5.48724e-007 9.01066e-006 0.00010461 0.000858586 0.00498085 0.020404 0.0588011 0.118067 0.162838 0.153402 0.118834 0.0910333 0.0690735 0.0519149 0.0387241 0.0287333 0.0212243 0.0156153 0.0114507 0.00838663 0.00616815 0.00459104 0.00346489 0.00261693 0.00195455 0.00144124 0.00104761 0.000749627 0.000527455 0.00298293 
2005 5.51133e-007 9.05146e-006 0.000105101 0.00086278 0.00500634 0.0205138 0.0591319 0.118733 0.163662 0.15397 0.119058 0.0910279 0.0689258 0.0517652 0.038556 0.0285294 0.0210159 0.0154197 0.0112719 0.00821304 0.00597609 0.00436518 0.00322534 0.00241507 0.00180859 0.00133852 0.000977389 0.000703095 0.000497621 0.00291623 
2006 5.53457e-007 9.09065e-006 0.00010557 0.000866775 0.00503047 0.020617 0.0594395 0.119344 0.164409 0.154469 0.119237 0.0910013 0.0687753 0.0515487 0.0383699 0.0283538 0.0208316 0.0152449 0.0111153 0.00807487 0.00584613 0.00422533 0.00306422 0.00224658 0.00166814 0.00123798 0.000907371 0.000655756 0.000466608 0.00283865 
2007 5.55747e-007 9.12909e-006 0.000106029 0.000870657 0.00505381 0.0207161 0.0597323 0.119919 0.165097 0.154911 0.119379 0.0909535 0.0686188 0.0513379 0.0381404 0.0281693 0.0206713 0.0150899 0.0109755 0.00795391 0.00574225 0.00413004 0.00296399 0.00213312 0.00155102 0.0011414 0.000838956 0.000608633 0.00043511 0.00275118 
2008 5.58049e-007 9.16751e-006 0.000106484 0.000874497 0.00507677 0.0208132 0.0600168 0.120471 0.165744 0.155311 0.119487 0.090885 0.0684532 0.0511281 0.0379192 0.027956 0.0205067 0.0149539 0.0108512 0.00784576 0.0056512 0.0040536 0.00289533 0.00206229 0.00147208 0.00106092 0.000773314 0.000562641 0.000403792 0.00265504 
2009 5.60396e-007 9.20648e-006 0.000106944 0.000878349 0.00509969 0.0209095 0.0602976 0.121011 0.166368 0.155679 0.119569 0.0907968 0.0682763 0.050915 0.0377015 0.027751 0.0203226 0.014816 0.0107413 0.00774929 0.0055697 0.00398652 0.0028401 0.00201358 0.00142268 0.00100665 0.000718644 0.000518547 0.000373248 0.00255167 
2010 5.62813e-007 9.24644e-006 0.000107413 0.00088226 0.00512284 0.0210063 0.0605781 0.121547 0.166979 0.156028 0.119629 0.0906906 0.0680869 0.0506954 0.0374829 0.0275498 0.0201456 0.0146648 0.0106305 0.00766351 0.00549676 0.00392637 0.00279156 0.0019743 0.00138861 0.000972621 0.000681763 0.000481836 0.000343977 0.00244265 
resids (last class is a plus group):
class 1       2       3       4       5       6       7       8       9       10      11      12      13      14      15      16      17      18      19      20      21      22      23      24      25      26      27      28      29      30      
2000 -5.36401e-007 -8.80054e-006 -0.00010206 -0.000836536 -0.00484522 0.00018633 -0.00701452 0.0155434 -0.0382881 -0.0598899 -0.0268975 -0.0102579 0.0609085 0.0174954 0.000328402 0.020107 0.0173958 -0.0173006 0.0165623 -0.000459953 -0.00806661 0.0338451 0.00535992 -0.00345179 -0.00253085 -0.00182705 -0.00129758 -0.000906053 -0.000621758 -0.00312886 
2001 -5.40121e-007 -8.86417e-006 -0.000102835 -0.000843266 0.00511334 6.49955e-006 0.0124439 -0.0255465 -0.0096646 -0.0411247 -0.00765728 0.0594419 0.000902557 -0.0223355 0.0106049 -0.00951182 0.00793699 0.00343951 0.00741513 0.0202941 0.00249918 0.00425871 -0.00434609 -0.00324897 -0.00239532 -0.00173953 -0.00124311 -0.000873466 -0.000603102 -0.00311121 
2002 -5.43323e-007 -8.9188e-006 -0.000103499 -0.000849022 0.00507783 0.0298516 -0.0280253 -0.00649589 -0.0408634 -0.00199651 0.00177039 -0.0108435 -0.00910067 -0.00217377 -0.00914835 0.0207789 0.0482779 0.00387723 -0.012018 0.000929852 -0.00694623 0.00467113 -0.0040473 0.0069615 -0.00225145 0.00835572 -0.00118217 -0.000835884 -0.000580819 0.00691915 
2003 -5.46151e-007 -8.96696e-006 -0.000104083 0.00914594 -0.00495315 -0.0202836 -0.00843607 -0.0373286 0.00808742 0.0172505 0.0114396 -0.0110174 0.0208813 0.0379695 -0.00892294 -0.00896446 -0.011457 -0.00583868 0.0183234 -0.00864555 0.00351969 -0.00492738 -0.00375144 0.00717386 -0.00210327 -0.00154398 0.00888357 -0.000794256 -0.000555407 -0.00303798 
2004 -5.48724e-007 -9.01066e-006 -0.00010461 -0.000858586 -0.00498085 -0.010404 0.0211989 -0.0380673 -0.0328376 -0.0234021 0.021166 0.0189667 -0.0590735 0.0480851 -0.0187241 0.0312667 0.0187757 0.0043847 0.00854927 0.00161337 0.00383185 -0.00459104 -0.00346489 0.00738307 0.00804545 -0.00144124 -0.00104761 -0.000749627 -0.000527455 0.00701707 
2005 -5.51133e-007 -9.05146e-006 -0.000105101 -0.00086278 -0.00500634 0.0094862 -0.0491319 -0.0187325 0.0763379 -0.0239703 -0.0190579 0.0089721 -0.0089258 0.0282348 -0.018556 -0.00852938 0.0189841 -0.00541966 0.0187281 -0.00821304 0.00402391 0.00563482 0.00677466 -0.00241507 -0.00180859 -0.00133852 -0.000977389 -0.000703095 -0.000497621 -0.00291623 
2006 -5.53457e-007 -9.09065e-006 -0.00010557 -0.000866775 0.00496953 0.00938299 -0.0094395 -0.0393442 0.0155915 -0.0444686 0.0707626 -0.0110013 -0.0387753 0.0184513 0.0116301 0.00164622 -0.000831616 0.00475514 0.00888469 0.00192513 0.00415387 -0.00422533 0.00693578 -0.00224658 -0.00166814 -0.00123798 -0.000907371 -0.000655756 -0.000466608 -0.00283865 
2007 -5.55747e-007 -9.12909e-006 -0.000106029 -0.000870657 -0.00505381 -0.000716139 0.0102677 -0.0199189 -0.00509657 -0.00491122 -0.0193786 0.0190465 0.0513812 -0.0113379 -0.00814035 -0.0181693 0.0193287 0.0149101 0.00902451 -0.00795391 -0.00574225 -0.00413004 -0.00296399 -0.00213312 -0.00155102 -0.0011414 -0.000838956 -0.000608633 -0.00043511 -0.00275118 
2008 -5.58049e-007 -9.16751e-006 -0.000106484 -0.000874497 0.0149232 0.00918684 0.00998324 -0.0204709 -0.0457445 0.0446892 0.0205128 -0.030885 0.00154685 -0.00112811 0.0120808 -0.017956 -0.0105067 -0.00495394 -0.0108512 0.0221542 0.0043488 -0.0040536 0.00710467 0.00793771 -0.00147208 -0.00106092 -0.000773314 -0.000562641 -0.000403792 -0.00265504 
2009 -5.60396e-007 -9.20648e-006 -0.000106944 -0.000878349 0.00490031 0.0190905 -0.0302976 -0.0110111 -0.026368 0.0143205 -0.0595686 0.109203 0.0117237 0.019085 -0.0177015 0.012249 -0.0103226 -0.014816 -0.000741277 -0.00774929 -0.0055697 -0.00398652 -0.0028401 0.00798642 -0.00142268 -0.00100665 -0.000718644 -0.000518547 -0.000373248 -0.00255167 
2010 -5.62813e-007 -9.24644e-006 -0.000107413 -0.00088226 -0.00512284 0.00899373 -0.0205781 -0.041547 -0.0669788 0.0339717 -0.0196288 -0.0206906 0.0519131 0.0493046 0.0125171 0.00245024 -0.0201456 -0.00466479 0.0193695 -0.00766351 0.00450324 0.00607363 -0.00279156 -0.0019743 0.0186114 -0.000972621 -0.000681763 -0.000481836 -0.000343977 0.00755735 
pearson_resids (last class is a plus group):
class 1       2       3       4       5       6       7       8       9       10      11      12      13      14      15      16      17      18      19      20      21      22      23      24      25      26      27      28      29      30      
2000 -0.00732394 -0.0296658 -0.10103 -0.28935 -0.697769 0.0133705 -0.302519 0.488227 -1.04896 -1.67776 -0.837152 -0.357978 2.40166 0.784398 0.016825 1.18074 1.17035 -1.32685 1.43845 -0.0452097 -0.901787 4.3274  0.788688 -0.588536 -0.503713 -0.427831 -0.360454 -0.301144 -0.249428 -0.56024 
2001 -0.0073493 -0.0297729 -0.101413 -0.290513 0.733268 0.000464327 0.534299 -0.799128 -0.263848 -1.14819 -0.237655 2.07129 0.035587 -1.00293 0.545147 -0.562044 0.540341 0.269517 0.665188 2.06999 0.289653 0.563668 -0.660686 -0.570925 -0.490007 -0.41744 -0.352796 -0.295674 -0.245655 -0.558652 
2002 -0.00737104 -0.0298645 -0.10174 -0.291504 0.725557 2.12455 -1.19873 -0.202478 -1.11222 -0.0556103 0.0548313 -0.377314 -0.358823 -0.0977512 -0.471692 1.23371 3.31181 0.307845 -1.10291 0.0980811 -0.83635 0.6416  -0.637476 1.26484 -0.475029 2.06231 -0.344031 -0.289238 -0.241072 1.2485  
2003 -0.00739021 -0.029945 -0.102026 3.13091 -0.705536 -1.43887 -0.359646 -1.15995 0.219546 0.479518 0.353872 -0.383035 0.823213 1.70966 -0.461345 -0.534532 -0.790674 -0.467651 1.70568 -0.93386 0.438651 -0.703689 -0.613642 1.35136 -0.459098 -0.393239 2.66019 -0.281937 -0.235736 -0.552018 
2004 -0.00740759 -0.0300179 -0.102284 -0.293142 -0.707516 -0.735898 0.901116 -1.17969 -0.889384 -0.649383 0.654094 0.659353 -2.32959 2.16741 -0.970478 1.87163 1.30268 0.353657 0.803551 0.176917 0.489413 -0.679133 -0.589656 1.44514 1.82159 -0.379911 -0.323837 -0.273896 -0.229724 1.28672 
2005 -0.00742383 -0.0300858 -0.102524 -0.293858 -0.709333 0.669222 -2.08299 -0.579105 2.06336 -0.664143 -0.588466 0.311912 -0.352342 1.27441 -0.963775 -0.512338 1.32352 -0.439854 1.77402 -0.910003 0.522085 0.854731 1.19482 -0.492028 -0.425661 -0.366103 -0.312785 -0.265253 -0.22313 -0.54081 
2006 -0.00743947 -0.0301508 -0.102753 -0.294538 0.702434 0.660316 -0.399225 -1.2136 0.420657 -1.23046 2.18358 -0.382505 -1.53219 0.834471 0.605457 0.0991807 -0.0582281 0.388094 0.847439 0.215106 0.544869 -0.651403 1.25488 -0.474514 -0.408769 -0.352067 -0.301363 -0.256161 -0.216062 -0.533548 
2007 -0.00745485 -0.0302145 -0.102976 -0.295197 -0.712704 -0.0502792 0.433255 -0.61314 -0.137275 -0.135737 -0.597674 0.662389 2.03245 -0.513758 -0.425006 -1.09813 1.35849 1.22303 0.86618 -0.895415 -0.759961 -0.643985 -0.545234 -0.462351 -0.394135 -0.338038 -0.289769 -0.24678 -0.208638 -0.52524 
2008 -0.00747027 -0.030278 -0.103197 -0.295848 2.09978 0.643524 0.420315 -0.628885 -1.23018 1.23382 0.632406 -1.07446 0.061256 -0.0512175 0.632501 -1.08925 -0.741338 -0.408174 -1.04739 2.51102 0.580135 -0.637973 1.32228 1.74972 -0.38396 -0.32589 -0.278193 -0.237267 -0.200986 -0.515956 
2009 -0.00748596 -0.0303423 -0.103419 -0.2965 0.687957 1.33424 -1.27281 -0.337618 -0.708035 0.394993 -1.83595 3.80075 0.464823 0.868195 -0.929341 0.745716 -0.731575 -1.22633 -0.0719113 -0.883731 -0.748391 -0.632652 -0.533684 1.78158 -0.377453 -0.317437 -0.268172 -0.227775 -0.193232 -0.505786 
2010 -0.00750209 -0.0304081 -0.103646 -0.29716 -0.71758 0.627156 -0.862614 -1.27148 -1.79589 0.936164 -0.604845 -0.720503 2.0609  2.2475  0.658995 0.149698 -1.43387 -0.388063 1.88869 -0.878788 0.609073 0.971196 -0.529091 -0.44477 4.99794 -0.31202 -0.261195 -0.219561 -0.185498 1.53098 
objective function: multinomial likelihood, with delta = 1e-011, N =
100 100 100 100 100 100 100 100 100 100 100 100 100 100 100 100 100 100 100 100 100 100 100 100 100 100 100 100 100 100 
100 100 100 100 100 100 100 100 100 100 100 100 100 100 100 100 100 100 100 100 100 100 100 100 100 100 100 100 100 100 
100 100 100 100 100 100 100 100 100 100 100 100 100 100 100 100 100 100 100 100 100 100 100 100 100 100 100 100 100 100 
100 100 100 100 100 100 100 100 100 100 100 100 100 100 100 100 100 100 100 100 100 100 100 100 100 100 100 100 100 100 
100 100 100 100 100 100 100 100 100 100 100 100 100 100 100 100 100 100 100 100 100 100 100 100 100 100 100 100 100 100 
100 100 100 100 100 100 100 100 100 100 100 100 100 100 100 100 100 100 100 100 100 100 100 100 100 100 100 100 100 100 
100 100 100 100 100 100 100 100 100 100 100 100 100 100 100 100 100 100 100 100 100 100 100 100 100 100 100 100 100 100 
100 100 100 100 100 100 100 100 100 100 100 100 100 100 100 100 100 100 100 100 100 100 100 100 100 100 100 100 100 100 
100 100 100 100 100 100 100 100 100 100 100 100 100 100 100 100 100 100 100 100 100 100 100 100 100 100 100 100 100 100 
100 100 100 100 100 100 100 100 100 100 100 100 100 100 100 100 100 100 100 100 100 100 100 100 100 100 100 100 100 100 
100 100 100 100 100 100 100 100 100 100 100 100 100 100 100 100 100 100 100 100 100 100 100 100 100 100 100 100 100 100 

Tags2005_R1_R1 :
tag-recapture data for tag Tags2005_R1 in years 2006 2007 2008 2009 2010 , step 1, after proportion 0.5 of mortality, with sampling method size, detection probability 1.
Year 2006
class scanned recaptured expected_prop neg_log_likelihood
100 0 0 0 0
150 0 0 1.19551e-012 0
200 0 0 7.10862e-012 0
250 2 0 5.03722e-011 1.00744e-010
300 28 0 6.76376e-010 1.89385e-008
350 320 0 8.43699e-009 2.69984e-006
400 2302 0 7.86783e-008 0.000181117
450 11502 0 5.30209e-007 0.00609846
500 39770 0 2.52605e-006 0.100461
550 96806 2 8.6446e-006 1.88622
600 173902 6 2.20591e-005 2.3486
650 243624 11 4.38157e-005 2.13035
700 277690 19 7.05238e-005 2.4043
750 266092 28 9.55094e-005 2.71527
800 224820 14 0.000113271 5.33444
850 178122 21 0.00012252 2.46085
900 136978 19 0.000124943 2.49574
950 101584 21 0.000122514 4.87741
1000 71958 8 0.000116431 1.97768
1050 49292 2 0.000107371 2.65318
1100 33518 3 9.5847e-005 1.50307
1150 23134 2 8.24328e-005 1.30904
1200 16316 2 6.80645e-005 1.59396
1250 11662 0 5.41857e-005 0.631931
1300 8346 0 4.21975e-005 0.352188
1350 5944 0 3.28199e-005 0.195085
1400 4222 0 2.61319e-005 0.11033
1450 2988 0 2.16123e-005 0.0645782
1500 2086 0 1.86112e-005 0.0388234
1550 1406 0 1.66316e-005 0.0233842
1600 896 0 1.52773e-005 0.0136886
1650 530 0 1.43641e-005 0.00761304
1700 286 0 1.37646e-005 0.00393671
1750 140 0 1.33796e-005 0.00187316
1800 62 0 1.3136e-005 0.000814439
1850 24 0 1.29829e-005 0.000311592
1900 8 0 1.28844e-005 0.000103076
1950 2 0 1.28106e-005 2.56214e-005
2000 0 0 1.27299e-005 0

total neg_log_likelihood: 37.2415


Year 2007
class scanned recaptured expected_prop neg_log_likelihood
100 0 0 0 0
150 0 0 4.00193e-015 0
200 0 0 4.05167e-013 0
250 2 0 6.05042e-012 1.21008e-011
300 28 0 1.23301e-010 3.45244e-009
350 344 0 1.69121e-009 5.81777e-007
400 2442 0 1.62637e-008 3.9716e-005
450 11568 0 1.24943e-007 0.00144534
500 39724 0 7.21801e-007 0.0286728
550 99366 0 3.0442e-006 0.302491
600 181960 1 9.5544e-006 1.18548
650 252416 7 2.30934e-005 2.0142
700 280488 9 4.45029e-005 2.56539
750 265182 28 7.04986e-005 4.5937
800 224010 20 9.47051e-005 2.4564
850 176300 18 0.000111901 2.44672
900 134278 12 0.00012077 2.77145
950 100438 13 0.000122764 2.22563
1000 72920 7 0.000119759 2.08834
1050 50898 3 0.000112924 2.29305
1100 34514 4 0.000102887 1.66008
1150 23278 2 9.01954e-005 1.30921
1200 15942 1 7.57767e-005 1.01901
1250 11162 1 6.11843e-005 1.06425
1300 7944 1 4.80964e-005 1.34417
1350 5686 0 3.75492e-005 0.213509
1400 4062 0 2.98603e-005 0.121295
1450 2880 0 2.45804e-005 0.0707925
1500 2006 0 2.10263e-005 0.0421793
1550 1350 0 1.86547e-005 0.0251841
1600 862 0 1.70079e-005 0.0146609
1650 512 0 1.58794e-005 0.00813033
1700 278 0 1.5127e-005 0.00420534
1750 138 0 1.46372e-005 0.00201995
1800 62 0 1.43239e-005 0.000888091
1850 24 0 1.41258e-005 0.000339021
1900 8 0 1.39987e-005 0.00011199
1950 2 0 1.39073e-005 2.78148e-005
2000 0 0 1.38141e-005 0

total neg_log_likelihood: 31.8731


Year 2008
class scanned recaptured expected_prop neg_log_likelihood
100 0 0 0 0
150 0 0 0 0
200 0 0 1.16615e-014 0
250 2 0 5.51833e-013 1.10356e-012
300 28 0 2.07567e-011 5.81188e-010
350 344 0 3.80317e-010 1.30829e-007
400 2602 0 3.72959e-009 9.70439e-006
450 12332 0 2.87812e-008 0.00035493
500 40170 0 1.88823e-007 0.00758501
550 97884 0 9.50065e-007 0.0929962
600 182308 2 3.61521e-006 2.18605
650 260086 4 1.05833e-005 1.88048
700 291620 10 2.4466e-005 2.58938
750 271378 19 4.58054e-005 3.88747
800 224512 16 7.11555e-005 2.31042
850 174626 15 9.44068e-005 2.34755
900 131756 22 0.000110776 4.09118
950 97934 8 0.000119001 2.6135
1000 71728 7 0.000120358 2.06899
1050 51120 7 0.000116539 1.99005
1100 35200 4 0.000108608 1.63685
1150 23658 0 9.71957e-005 2.29957
1200 15864 2 8.32166e-005 1.45776
1250 10828 0 6.82932e-005 0.739504
1300 7580 0 5.43479e-005 0.411968
1350 5410 0 4.27431e-005 0.231245
1400 3886 0 3.40804e-005 0.132439
1450 2772 1 2.80303e-005 2.63257
1500 1934 0 2.39037e-005 0.0462304
1550 1300 0 2.11233e-005 0.0274606
1600 826 0 1.91722e-005 0.0158364
1650 490 0 1.78212e-005 0.00873247
1700 266 0 1.69117e-005 0.00449856
1750 132 0 1.63149e-005 0.00215358
1800 58 0 1.59308e-005 0.000923995
1850 24 0 1.56869e-005 0.00037649
1900 8 0 1.55306e-005 0.000124246
1950 2 0 1.54199e-005 3.08401e-005
2000 0 0 1.5313e-005 0

total neg_log_likelihood: 35.7143


Year 2009
class scanned recaptured expected_prop neg_log_likelihood
100 0 0 0 0
150 0 0 0 0
200 0 0 3.95014e-017 0
250 2 0 3.36857e-014 6.72795e-014
300 28 0 2.75761e-012 7.7212e-011
350 338 0 8.29861e-011 2.80493e-008
400 2596 0 1.01386e-009 2.63199e-006
450 13080 0 7.05695e-009 9.23049e-005
500 43468 0 4.81356e-008 0.00209236
550 101422 0 2.74103e-007 0.0278
600 180382 1 1.23096e-006 1.72693
650 255904 0 4.30944e-006 1.1028
700 293398 7 1.18904e-005 3.26723
750 278302 11 2.63249e-005 2.92245
800 229716 12 4.76952e-005 2.21651
850 175798 13 7.23256e-005 2.21096
900 130724 14 9.44709e-005 2.35005
950 96182 5 0.000109783 3.56183
1000 70174 12 0.00011712 2.92896
1050 50456 7 0.000117551 1.99472
1100 35360 5 0.000112534 1.86123
1150 24054 2 0.00010304 1.35631
1200 16060 4 9.00651e-005 3.14814
1250 10754 0 7.52784e-005 0.809575
1300 7362 0 6.08052e-005 0.447661
1350 5182 1 4.83276e-005 1.63495
1400 3714 1 3.87669e-005 2.08202
1450 2662 0 3.19632e-005 0.0850873
1500 1866 1 2.7256e-005 3.02952
1550 1256 0 2.40524e-005 0.0302102
1600 798 0 2.17837e-005 0.0173836
1650 470 0 2.02006e-005 0.00949437
1700 254 0 1.91281e-005 0.00485857
1750 126 0 1.84206e-005 0.00232102
1800 56 0 1.79637e-005 0.00100598
1850 22 0 1.76732e-005 0.000388813
1900 8 0 1.74872e-005 0.000139899
1950 2 0 1.73562e-005 3.47128e-005
2000 0 0 1.72321e-005 0

total neg_log_likelihood: 38.8328


Year 2010
class scanned recaptured expected_prop neg_log_likelihood
100 0 0 0 0
150 0 0 0 0
200 0 0 0 0
250 2 0 1.00377e-015 1.9984e-015
300 30 0 2.62641e-013 7.88036e-012
350 342 0 1.51199e-011 5.17101e-009
400 2546 0 3.09233e-010 7.87306e-007
450 12914 0 1.97279e-009 2.54766e-005
500 45438 0 1.28471e-008 0.000583746
550 110634 0 7.70702e-008 0.00852659
600 193100 0 3.91251e-007 0.0755505
650 259840 0 1.60046e-006 0.415863
700 288924 2 5.20923e-006 1.38053
750 275666 2 1.35635e-005 1.79451
800 231594 8 2.86539e-005 2.1005
850 178066 5 5.00314e-005 2.76116
900 131090 11 7.38665e-005 2.21116
950 95240 12 9.4763e-005 2.61214
1000 68874 5 0.000108809 2.21103
1050 49434 3 0.000114948 2.26205
1100 34952 6 0.000114024 2.26882
1150 24134 2 0.000107272 1.37955
1200 16262 1 9.59581e-005 1.11546
1250 10830 1 8.18594e-005 1.00692
1300 7284 1 6.72758e-005 1.20326
1350 5028 1 5.41908e-005 1.57265
1400 3564 0 4.38661e-005 0.156342
1450 2550 0 3.63615e-005 0.0927235
1500 1794 0 3.10854e-005 0.0557681
1550 1212 0 2.74533e-005 0.0332739
1600 770 0 2.4856e-005 0.0191394
1650 454 0 2.30301e-005 0.0104558
1700 246 0 2.17865e-005 0.00535954
1750 120 0 2.09631e-005 0.0025156
1800 54 0 2.04301e-005 0.00110324
1850 22 0 2.00909e-005 0.000442003
1900 8 0 1.98743e-005 0.000158996
1950 2 0 1.97228e-005 3.94461e-005
2000 0 0 1.95799e-005 0

total neg_log_likelihood: 26.7576


Tags2006_R1_R1 :
tag-recapture data for tag Tags2006_R1 in years 2007 2008 2009 2010 , step 1, after proportion 0.5 of mortality, with sampling method size, detection probability 1.
Year 2007
class scanned recaptured expected_prop neg_log_likelihood
100 0 0 0 0
150 0 0 2.32564e-012 0
200 0 0 1.06178e-011 0
250 2 0 6.21404e-011 1.24281e-010
300 28 0 8.05627e-010 2.25576e-008
350 344 0 9.98904e-009 3.43623e-006
400 2442 0 8.95641e-008 0.000218716
450 11568 0 5.77246e-007 0.00667759
500 39724 0 2.66328e-006 0.105796
550 99366 0 8.94313e-006 0.888647
600 181960 0 2.26088e-005 4.11394
650 252416 13 4.4778e-005 2.32931
700 280488 32 7.21595e-005 5.55308
750 265182 29 9.80363e-005 2.77249
800 224010 23 0.0001166 2.68447
850 176300 19 0.000126134 2.64354
900 134278 16 0.000128027 2.35265
950 100438 10 0.000124228 2.34257
1000 72920 6 0.000116172 2.23044
1050 50898 6 0.000104952 1.86761
1100 34514 1 9.15621e-005 2.0096
1150 23278 0 7.69842e-005 1.79211
1200 15942 1 6.23217e-005 0.99999
1250 11162 0 4.88891e-005 0.545713
1300 7944 1 3.77676e-005 1.50388
1350 5686 0 2.93628e-005 0.166959
1400 4062 1 2.35375e-005 2.44307
1450 2880 0 1.96922e-005 0.0567141
1500 2006 0 1.71865e-005 0.0344765
1550 1350 0 1.55571e-005 0.0210022
1600 862 0 1.44523e-005 0.012458
1650 512 0 1.37106e-005 0.00701988
1700 278 0 1.32243e-005 0.00367638
1750 138 0 1.29118e-005 0.00178184
1800 62 0 1.27138e-005 0.00078826
1850 24 0 1.2589e-005 0.000302137
1900 8 0 1.25085e-005 0.000100068
1950 2 0 1.24493e-005 2.48988e-005
2000 0 0 1.23869e-005 0

total neg_log_likelihood: 39.4911


Year 2008
class scanned recaptured expected_prop neg_log_likelihood
100 0 0 0 0
150 0 0 8.04373e-015 0
200 0 0 7.01914e-013 0
250 2 0 7.8082e-012 1.56164e-011
300 28 0 1.42167e-010 3.98067e-009
350 344 0 1.94124e-009 6.67786e-007
400 2602 0 1.8605e-008 4.84103e-005
450 12332 0 1.3867e-007 0.00171008
500 40170 0 7.74465e-007 0.0311103
550 97884 0 3.18646e-006 0.311904
600 182308 2 9.85349e-006 1.31798
650 260086 4 2.36459e-005 2.06223
700 291620 21 4.54828e-005 4.35825
750 271378 21 7.21598e-005 2.49524
800 224512 25 9.72212e-005 2.75183
850 174626 22 0.000115126 2.55492
900 131756 16 0.000124151 2.31432
950 97934 15 0.000125491 2.55748
1000 71728 9 0.00012104 2.0325
1050 51120 6 0.000112243 1.83454
1100 35200 2 0.000100177 1.69892
1150 23658 3 8.58732e-005 1.69685
1200 15864 2 7.06e-005 1.58645
1250 10828 1 5.59631e-005 1.10686
1300 7580 0 4.34183e-005 0.329117
1350 5410 0 3.36855e-005 0.182242
1400 3886 0 2.68126e-005 0.104195
1450 2772 0 2.22176e-005 0.0615877
1500 1934 0 1.91933e-005 0.0371201
1550 1300 0 1.72117e-005 0.0223754
1600 826 0 1.58549e-005 0.0130963
1650 490 0 1.49338e-005 0.0073176
1700 266 0 1.43228e-005 0.00380989
1750 132 0 1.39261e-005 0.00183825
1800 58 0 1.36725e-005 0.000793008
1850 24 0 1.35117e-005 0.000324283
1900 8 0 1.3408e-005 0.000107265
1950 2 0 1.33333e-005 2.66668e-005
2000 0 0 1.32595e-005 0

total neg_log_likelihood: 31.4771


Year 2009
class scanned recaptured expected_prop neg_log_likelihood
100 0 0 0 0
150 0 0 0 0
200 0 0 2.26785e-014 0
250 2 0 8.05202e-013 1.61049e-012
300 28 0 2.43514e-011 6.81839e-010
350 338 0 4.23569e-010 1.43166e-007
400 2596 0 4.18368e-009 1.08608e-005
450 13080 0 3.21539e-008 0.000420573
500 43468 0 2.05614e-007 0.00893765
550 101422 0 1.00756e-006 0.102189
600 180382 0 3.76078e-006 0.678378
650 255904 3 1.08847e-005 1.50398
700 293398 8 2.50321e-005 1.99749
750 278302 17 4.68236e-005 2.89141
800 229716 16 7.28628e-005 2.32691
850 175798 20 9.69198e-005 2.66461
900 130724 26 0.000113885 5.93601
950 96182 10 0.00012212 2.21522
1000 70174 7 0.000122693 2.06463
1050 50456 4 0.000117362 1.98522
1100 35360 3 0.000107516 1.58709
1150 24054 1 9.42622e-005 1.44877
1200 16060 1 7.89684e-005 1.03058
1250 10754 0 6.34886e-005 0.682778
1300 7362 0 4.96714e-005 0.36569
1350 5182 0 3.862e-005 0.200133
1400 3714 0 3.06438e-005 0.113813
1450 2662 0 2.52327e-005 0.0671704
1500 1866 1 2.16341e-005 3.25004
1550 1256 0 1.92602e-005 0.024191
1600 798 0 1.76245e-005 0.0140644
1650 470 0 1.65072e-005 0.00775844
1700 254 0 1.5762e-005 0.00400359
1750 126 0 1.52758e-005 0.00192476
1800 56 0 1.49637e-005 0.000837975
1850 22 0 1.47655e-005 0.000324843
1900 8 0 1.46376e-005 0.000117101
1950 2 0 1.45458e-005 2.90918e-005
2000 0 0 1.44571e-005 0

total neg_log_likelihood: 33.1747


Year 2010
class scanned recaptured expected_prop neg_log_likelihood
100 0 0 0 0
150 0 0 0 0
200 0 0 7.94013e-017 0
250 2 0 5.80556e-014 1.16129e-013
300 30 0 3.47732e-012 1.0432e-010
350 342 0 9.22065e-011 3.15346e-008
400 2546 0 1.10362e-009 2.80982e-006
450 12914 0 7.80504e-009 0.000100794
500 45438 0 5.27267e-008 0.0023958
550 110634 0 2.93862e-007 0.0325111
600 193100 0 1.29257e-006 0.249596
650 259840 1 4.45921e-006 1.0114
700 288924 4 1.22017e-005 1.66348
750 275666 3 2.69215e-005 3.20005
800 231594 11 4.87715e-005 2.12933
850 178066 15 7.40903e-005 2.39695
900 131090 15 9.69765e-005 2.47292
950 95240 15 0.000112755 3.03013
1000 68874 9 0.000119944 2.05885
1050 49434 8 0.00011946 2.30303
1100 34952 3 0.00011289 1.61955
1150 24134 1 0.000101579 1.55483
1200 16262 3 8.70057e-005 2.16548
1250 10830 1 7.12102e-005 1.03096
1300 7284 0 5.64119e-005 0.410916
1350 5028 0 4.41427e-005 0.221955
1400 3564 0 3.50547e-005 0.124937
1450 2550 0 2.87782e-005 0.0733855
1500 1794 0 2.45514e-005 0.0440457
1550 1212 0 2.17404e-005 0.0263496
1600 770 0 1.97913e-005 0.0152395
1650 454 0 1.8454e-005 0.00837819
1700 246 0 1.75591e-005 0.00431959
1750 120 0 1.69738e-005 0.00203688
1800 54 0 1.65976e-005 0.000896278
1850 22 0 1.63584e-005 0.000359887
1900 8 0 1.62042e-005 0.000129634
1950 2 0 1.60937e-005 3.21877e-005
2000 0 0 1.59873e-005 0

total neg_log_likelihood: 27.8545


Tags2007_R1_R1 :
tag-recapture data for tag Tags2007_R1 in years 2008 2009 2010 , step 1, after proportion 0.5 of mortality, with sampling method size, detection probability 1.
Year 2008
class scanned recaptured expected_prop neg_log_likelihood
100 0 0 0 0
150 0 0 1.29314e-012 0
200 0 0 8.56483e-012 0
250 2 0 5.64518e-011 1.12904e-010
300 28 0 7.43278e-010 2.08118e-008
350 344 0 9.31852e-009 3.20557e-006
400 2602 0 8.60474e-008 0.000223895
450 12332 0 5.68535e-007 0.00701117
500 40170 0 2.66078e-006 0.106884
550 97884 2 8.99479e-006 1.82824
600 182308 3 2.27861e-005 1.67357
650 260086 15 4.50933e-005 2.69754
700 291620 22 7.24831e-005 2.48557
750 271378 27 9.81545e-005 2.57236
800 224512 22 0.000116444 2.81539
850 174626 20 0.000125998 2.51496
900 131756 16 0.000128568 2.33694
950 97934 10 0.000126218 2.31993
1000 71728 4 0.00012016 3.18123
1050 51120 16 0.000111019 8.57007
1100 35200 5 9.92586e-005 2.02626
1150 23658 1 8.54362e-005 1.31753
1200 15864 2 7.04968e-005 1.58774
1250 10828 0 5.59445e-005 0.605784
1300 7580 1 4.33112e-005 1.44209
1350 5410 1 3.34511e-005 1.89036
1400 3886 0 2.64937e-005 0.102956
1450 2772 0 2.18725e-005 0.0606313
1500 1934 0 1.8867e-005 0.0364891
1550 1300 0 1.69261e-005 0.0220042
1600 826 0 1.56237e-005 0.0129053
1650 490 0 1.47586e-005 0.00723177
1700 266 0 1.41965e-005 0.0037763
1750 132 0 1.38378e-005 0.00182661
1800 58 0 1.36115e-005 0.000789472
1850 24 0 1.34689e-005 0.000323256
1900 8 0 1.33761e-005 0.00010701
1950 2 0 1.33066e-005 2.66133e-005
2000 0 0 1.32336e-005 0

total neg_log_likelihood: 42.2288


Year 2009
class scanned recaptured expected_prop neg_log_likelihood
100 0 0 0 0
150 0 0 4.08576e-015 0
200 0 0 4.86723e-013 0
250 2 0 6.99258e-012 1.39853e-011
300 28 0 1.34545e-010 3.76726e-009
350 338 0 1.83637e-009 6.20692e-007
400 2596 0 1.77269e-008 4.60191e-005
450 13080 0 1.34876e-007 0.00176418
500 43468 0 7.66531e-007 0.0333196
550 101422 1 3.18662e-006 1.45269
600 180382 2 9.90279e-006 1.31915
650 255904 8 2.37986e-005 2.24136
700 293398 12 4.57408e-005 2.24627
750 278302 19 7.24103e-005 2.42908
800 229716 30 9.72994e-005 3.80309
850 175798 15 0.000115026 3.01956
900 130724 12 0.00012421 2.77678
950 96182 14 0.00012636 2.37801
1000 70174 14 0.000123431 3.62829
1050 50456 6 0.000116602 1.82979
1100 35360 1 0.00010646 2.43892
1150 24054 2 9.34981e-005 1.32114
1200 16060 1 7.86141e-005 1.02939
1250 10754 0 6.33886e-005 0.681703
1300 7362 0 4.96152e-005 0.365276
1350 5182 0 3.84826e-005 0.19942
1400 3714 0 3.04027e-005 0.112918
1450 2662 0 2.49168e-005 0.0663294
1500 1866 0 2.1283e-005 0.0397145
1550 1256 0 1.89023e-005 0.0237416
1600 798 0 1.7281e-005 0.0137904
1650 470 0 1.61887e-005 0.00760875
1700 254 0 1.54698e-005 0.00392937
1750 126 0 1.50061e-005 0.00189078
1800 56 0 1.47111e-005 0.000823826
1850 22 0 1.45244e-005 0.00031954
1900 8 0 1.44034e-005 0.000115228
1950 2 0 1.43141e-005 2.86285e-005
2000 0 0 1.4224e-005 0

total neg_log_likelihood: 33.4663


Year 2010
class scanned recaptured expected_prop neg_log_likelihood
100 0 0 0 0
150 0 0 0 0
200 0 0 1.26242e-014 0
250 2 0 6.67125e-013 1.33427e-012
300 30 0 2.2981e-011 6.89429e-010
350 342 0 4.07902e-010 1.39502e-007
400 2546 0 4.00897e-009 1.02068e-005
450 12914 0 3.10207e-008 0.000400601
500 45438 0 2.0148e-007 0.00915484
550 110634 0 9.99979e-007 0.110632
600 193100 2 3.7616e-006 2.05892
650 259840 0 1.09286e-005 2.83969
700 288924 8 2.51615e-005 2.00456
750 275666 18 4.70333e-005 3.23971
800 231594 15 7.30552e-005 2.39171
850 178066 11 9.69785e-005 3.43319
900 131090 18 0.000113868 2.66533
950 95240 12 0.000122408 2.17324
1000 68874 8 0.000123926 1.98616
1050 49434 6 0.000120178 1.82893
1100 34952 6 0.000112238 2.30112
1150 24134 2 0.000100689 1.34733
1200 16262 1 8.63822e-005 1.06486
1250 10830 2 7.09193e-005 1.98897
1300 7284 0 5.63018e-005 0.410114
1350 5028 0 4.4046e-005 0.221468
1400 3564 0 3.48843e-005 0.12433
1450 2550 0 2.85188e-005 0.0727239
1500 1794 0 2.42227e-005 0.043456
1550 1212 0 2.13675e-005 0.0258976
1600 770 0 1.93973e-005 0.014936
1650 454 0 1.80552e-005 0.00819715
1700 246 0 1.71642e-005 0.00422244
1750 120 0 1.65856e-005 0.00199029
1800 54 0 1.62158e-005 0.000875661
1850 22 0 1.59815e-005 0.000351596
1900 8 0 1.58301e-005 0.000126642
1950 2 0 1.57197e-005 3.14396e-005
2000 0 0 1.56095e-005 0

total neg_log_likelihood: 32.3726


Tags2008_R1_R1 :
tag-recapture data for tag Tags2008_R1 in years 2009 2010 , step 1, after proportion 0.5 of mortality, with sampling method size, detection probability 1.
Year 2009
class scanned recaptured expected_prop neg_log_likelihood
100 0 0 0 0
150 0 0 1.33038e-012 0
200 0 0 9.2992e-012 0
250 2 0 6.05531e-011 1.21106e-010
300 28 0 7.94985e-010 2.22596e-008
350 338 0 9.99032e-009 3.37673e-006
400 2596 0 9.2118e-008 0.000239138
450 13080 0 6.06169e-007 0.00792869
500 43468 0 2.82667e-006 0.12287
550 101422 0 9.53902e-006 0.967471
600 180382 5 2.41441e-005 1.78583
650 255904 19 4.77018e-005 4.00871
700 293398 20 7.6354e-005 2.5546
750 278302 35 0.000102526 3.38203
800 229716 25 0.000119952 2.65396
850 175798 23 0.00012732 2.49868
900 130724 12 0.000126977 2.87413
950 96182 9 0.000121732 2.36746
1000 70174 10 0.000113375 2.32112
1050 50456 6 0.00010285 1.88889
1100 35360 1 9.07107e-005 2.04208
1150 24054 1 7.74239e-005 1.24051
1200 16060 1 6.36624e-005 1.00022
1250 10754 1 5.05393e-005 1.15319
1300 7362 0 3.92293e-005 0.288812
1350 5182 0 3.04014e-005 0.157543
1400 3714 0 2.41593e-005 0.0897288
1450 2662 0 2.00058e-005 0.0532561
1500 1866 0 1.73028e-005 0.0322874
1550 1256 0 1.55586e-005 0.0195417
1600 798 0 1.43899e-005 0.0114833
1650 470 0 1.36154e-005 0.00639926
1700 254 0 1.31131e-005 0.00333075
1750 126 0 1.27931e-005 0.00161194
1800 56 0 1.25915e-005 0.000705126
1850 22 0 1.24645e-005 0.000274221
1900 8 0 1.23818e-005 9.9055e-005
1950 2 0 1.23193e-005 2.46388e-005
2000 0 0 1.22536e-005 0

total neg_log_likelihood: 33.535


Year 2010
class scanned recaptured expected_prop neg_log_likelihood
100 0 0 0 0
150 0 0 4.12477e-015 0
200 0 0 5.20133e-013 0
250 2 0 7.5734e-012 1.51468e-011
300 30 0 1.43557e-010 4.3067e-009
350 342 0 1.96208e-009 6.71031e-007
400 2546 0 1.8948e-008 4.82416e-005
450 12914 0 1.43937e-007 0.0018588
500 45438 0 8.1518e-007 0.0370402
550 110634 0 3.3796e-006 0.373899
600 193100 0 1.04876e-005 2.02517
650 259840 7 2.51782e-005 1.91943
700 288924 14 4.82918e-005 2.24447
750 275666 17 7.60861e-005 2.74332
800 231594 22 0.000101322 2.51495
850 178066 28 0.000118084 3.63429
900 131090 20 0.00012507 2.79097
950 95240 13 0.000124382 2.26221
1000 68874 7 0.000118704 1.99264
1050 49434 4 0.000109777 1.83941
1100 34952 3 9.84978e-005 1.52565
1150 24134 2 8.5433e-005 1.30775
1200 16262 0 7.13118e-005 1.15971
1250 10830 0 5.73464e-005 0.621079
1300 7284 0 4.49122e-005 0.327148
1350 5028 0 3.49164e-005 0.175563
1400 3564 0 2.76664e-005 0.0986043
1450 2550 0 2.27394e-005 0.0579862
1500 1794 0 1.9473e-005 0.034935
1550 1212 0 1.73325e-005 0.0210072
1600 770 0 1.58752e-005 0.012224
1650 454 0 1.48945e-005 0.00676214
1700 246 0 1.42499e-005 0.0035055
1750 120 0 1.38347e-005 0.00166017
1800 54 0 1.35708e-005 0.00073283
1850 22 0 1.34041e-005 0.000294892
1900 8 0 1.3296e-005 0.000106369
1950 2 0 1.32161e-005 2.64323e-005
2000 0 0 1.31344e-005 0

total neg_log_likelihood: 29.7345


Tags2009_R1_R1 :
tag-recapture data for tag Tags2009_R1 in years 2010 , step 1, after proportion 0.5 of mortality, with sampling method size, detection probability 1.
Year 2010
class scanned recaptured expected_prop neg_log_likelihood
100 0 0 0 0
150 0 0 1.34155e-012 0
200 0 0 9.47031e-012 0
250 2 0 6.18636e-011 1.23727e-010
300 30 0 8.03209e-010 2.40963e-008
350 342 0 1.0105e-008 3.45592e-006
400 2546 0 9.3286e-008 0.000237506
450 12914 0 6.11654e-007 0.0078989
500 45438 0 2.83245e-006 0.128701
550 110634 0 9.4872e-006 1.04961
600 193100 4 2.38792e-005 1.67528
650 259840 17 4.7067e-005 3.16896
700 288924 26 7.54518e-005 2.93206
750 275666 41 0.0001019 5.37232
800 231594 28 0.000120436 2.58816
850 178066 20 0.00012965 2.63709
900 131090 9 0.0001315 4.41615
950 95240 7 0.00012833 3.22467
1000 68874 8 0.000121548 1.97738
1050 49434 6 0.000111842 1.84817
1100 34952 3 9.96485e-005 1.53103
1150 24134 1 8.54358e-005 1.33828
1200 16262 1 7.0035e-005 1.00881
1250 10830 0 5.48834e-005 0.594404
1300 7284 0 4.15619e-005 0.302744
1350 5028 0 3.1059e-005 0.156167
1400 3564 0 2.36195e-005 0.084181
1450 2550 0 1.86971e-005 0.0476781
1500 1794 0 1.55302e-005 0.0278615
1550 1212 0 1.35172e-005 0.0163829
1600 770 0 1.21946e-005 0.0093899
1650 454 0 1.13354e-005 0.0051463
1700 246 0 1.07882e-005 0.00265392
1750 120 0 1.04446e-005 0.00125336
1800 54 0 1.02301e-005 0.00055243
1850 22 0 1.00954e-005 0.000222101
1900 8 0 1.00066e-005 8.00529e-005
1950 2 0 9.93689e-006 1.98739e-005
2000 0 0 9.86099e-006 0

total neg_log_likelihood: 36.1535


Output quantities start here

* Scalar parameter values
initialization.B0 234650

* Nuisance q's

* B0
234650

* R0
1.70254e+007

* SSBs
SSB 234650 231845 225081 217651 209649 201231 192587 183909 175370 167115 159243 151802 144806 138247 132110 126373 121017 116020 111357 107007 102948 
year 1990 1991 1992 1993 1994 1995 1996 1997 1998 1999 2000 2001 2002 2003 2004 2005 2006 2007 2008 2009 2010 

* recruitments
recruitment 1.70254e+007 1.70254e+007 1.70033e+007 1.69482e+007 1.68841e+007 1.68106e+007 1.67277e+007 1.66361e+007 1.65365e+007 1.64303e+007 1.63188e+007 1.62033e+007 1.60848e+007 1.59641e+007 1.58418e+007 1.57182e+007 1.55939e+007 1.54691e+007 1.53444e+007 1.52199e+007 1.5096e+007 
year 1990 1991 1992 1993 1994 1995 1996 1997 1998 1999 2000 2001 2002 2003 2004 2005 2006 2007 2008 2009 2010 

* YCS
YCS 1 1 1 1 1 1 1 1 1 1 1 1 1 1 1 1 1 1 1 1 1 
year 1989 1990 1991 1992 1993 1994 1995 1996 1997 1998 1999 2000 2001 2002 2003 2004 2005 2006 2007 2008 2009 

* true_YCS
true_YCS 1 1 0.998705 0.995465 0.991701 0.987384 0.982517 0.977134 0.971288 0.965049 0.958498 0.951714 0.944756 0.937667 0.930481 0.923223 0.915919 0.908591 0.901263 0.893953 0.886678 
year 1989 1990 1991 1992 1993 1994 1995 1996 1997 1998 1999 2000 2001 2002 2003 2004 2005 2006 2007 2008 2009 

* fishing_pressures
LL1 0 0.0631347 0.066193 0.0693715 0.0725904 0.0757837 0.078898 0.0818904 0.0847306 0.0874028 0.0899073 0.0922556 0.0944634 0.0965491 0.0985337 0.100439 0.102288 0.1041 0.105892 0.107681 0.10948 
LL2 0 0.0631347 0.066193 0.0693715 0.0725904 0.0757837 0.078898 0.0818904 0.0847306 0.0874028 0.0899073 0.0922556 0.0944634 0.0965491 0.0985337 0.100439 0.102288 0.1041 0.105892 0.107681 0.10948 
year 1990 1991 1992 1993 1994 1995 1996 1997 1998 1999 2000 2001 2002 2003 2004 2005 2006 2007 2008 2009 2010 

* Numbers_at_age_R1
1990  1.58031e+007 1.3534e+007 1.15907e+007 9.92648e+006 8.50118e+006 7.28054e+006 6.23517e+006 5.33989e+006 4.57316e+006 3.91653e+006 3.35417e+006 2.87257e+006 2.46011e+006 2.10687e+006 1.80436e+006 1.54528e+006 1.3234e+006 1.13338e+006 970645 831275 711917 609696 522153 447180 382972 327983 280889 240558 206017 1.2288e+006 
1991  1.58031e+007 1.3534e+007 1.15907e+007 9.92591e+006 8.49793e+006 7.26729e+006 6.19699e+006 5.26213e+006 4.46116e+006 3.80246e+006 3.25716e+006 2.79119e+006 2.39279e+006 2.05195e+006 1.76017e+006 1.51021e+006 1.29596e+006 1.1122e+006 954520 819169 702953 603151 517440 443832 380627 326363 279786 239816 205526 1.22656e+006 
1992  1.57826e+007 1.3534e+007 1.15906e+007 9.92575e+006 8.49673e+006 7.26062e+006 6.17069e+006 5.18857e+006 4.31508e+006 3.59535e+006 3.04711e+006 2.61249e+006 2.24279e+006 1.92773e+006 1.65869e+006 1.42843e+006 1.23094e+006 1.06122e+006 915099 789105 680343 586382 505176 434989 374338 321954 276737 237738 204129 1.2214e+006 
1993  1.57314e+007 1.35165e+007 1.15906e+007 9.92571e+006 8.4964e+006 7.25877e+006 6.16248e+006 5.16088e+006 4.2457e+006 3.46715e+006 2.8716e+006 2.43603e+006 2.09254e+006 1.80139e+006 1.5538e+006 1.34248e+006 1.16143e+006 1.00575e+006 871432 755202 654387 566790 490597 424295 366607 316444 272867 235058 202300 1.21556e+006 
1994  1.56719e+007 1.34726e+007 1.15756e+007 9.92567e+006 8.49617e+006 7.25765e+006 6.15831e+006 5.14823e+006 4.21383e+006 3.40084e+006 2.75975e+006 2.28799e+006 1.94481e+006 1.67544e+006 1.44767e+006 1.25413e+006 1.08879e+006 946790 824202 717880 625301 544443 473674 411666 357320 309715 268064 231680 199959 1.20877e+006 
1995  1.56037e+007 1.34217e+007 1.15381e+007 9.91279e+006 8.49594e+006 7.25662e+006 6.15477e+006 5.13898e+006 4.19431e+006 3.36479e+006 2.69766e+006 2.19141e+006 1.8206e+006 1.55225e+006 1.34244e+006 1.16523e+006 1.01455e+006 885538 774298 677751 593472 519551 454487 397094 346418 301682 262233 227513 197025 1.20074e+006 
1996  1.55268e+007 1.33633e+007 1.14944e+007 9.88059e+006 8.48473e+006 7.25561e+006 6.15135e+006 5.13037e+006 4.17776e+006 3.33891e+006 2.66001e+006 2.13493e+006 1.73808e+006 1.44858e+006 1.24008e+006 1.07758e+006 940276 823290 722743 635584 559436 492455 433226 380656 333902 292297 255306 222478 193422 1.19116e+006 
1997  1.54417e+007 1.32974e+007 1.14444e+007 9.8432e+006 8.45699e+006 7.24524e+006 6.14805e+006 5.12207e+006 4.16207e+006 3.31581e+006 2.63083e+006 2.09827e+006 1.68792e+006 1.37873e+006 1.15395e+006 992760 867423 761334 670620 592243 523846 463620 410191 362524 319845 281568 247246 216519 189086 1.17969e+006 
1998  1.53493e+007 1.32245e+007 1.1388e+007 9.80032e+006 8.42481e+006 7.22081e+006 6.13694e+006 5.11412e+006 4.14706e+006 3.29391e+006 2.60435e+006 2.06877e+006 1.65389e+006 1.33504e+006 1.09529e+006 921451 797281 700864 618988 548624 487426 433595 385774 342953 304394 269561 238062 209608 183970 1.16601e+006 
1999  1.52507e+007 1.31454e+007 1.13256e+007 9.75198e+006 8.38795e+006 7.19263e+006 6.11406e+006 5.09999e+006 4.13282e+006 3.27314e+006 2.57937e+006 2.04187e+006 1.62594e+006 1.30453e+006 1.05783e+006 872495 738374 642901 568808 505592 450915 402982 360438 322277 287770 256401 227811 201753 178051 1.14979e+006 
2000  1.51472e+007 1.3061e+007 1.12578e+007 9.69852e+006 8.34643e+006 7.16051e+006 6.08816e+006 5.0764e+006 4.1141e+006 3.25358e+006 2.55584e+006 2.01664e+006 1.60045e+006 1.27914e+006 1.03111e+006 840735 697686 594279 520892 463922 415017 372391 334683 300881 270251 242274 216601 193004 171336 1.13075e+006 
2001  1.504e+007 1.29723e+007 1.11855e+007 9.64047e+006 8.30053e+006 7.12445e+006 6.05906e+006 5.05062e+006 4.08825e+006 3.23107e+006 2.53381e+006 1.993e+006 1.57664e+006 1.25601e+006 1.00872e+006 817750 670973 560539 480740 424254 380356 342394 309009 279181 252161 227416 204590 183452 163867 1.10864e+006 
2002  1.49301e+007 1.28805e+007 1.11096e+007 9.57852e+006 8.25072e+006 7.08471e+006 6.02677e+006 5.02249e+006 4.06113e+006 3.20353e+006 2.50997e+006 1.97093e+006 1.55441e+006 1.23448e+006 988334 798382 651425 538179 452774 391042 347442 313497 283888 257592 233845 212099 191974 173230 155723 1.08331e+006 
2003  1.4818e+007 1.27863e+007 1.10309e+007 9.51348e+006 8.19757e+006 7.04165e+006 5.99147e+006 4.99199e+006 4.03255e+006 3.1755e+006 2.48269e+006 1.94783e+006 1.53371e+006 1.21444e+006 969405 780759 634890 521681 434106 367843 319904 286109 259730 236501 215649 196610 178983 162505 147015 1.05467e+006 
2004  1.47045e+007 1.26904e+007 1.09503e+007 9.44612e+006 8.14179e+006 6.9958e+006 5.95348e+006 4.95922e+006 4.00244e+006 3.14677e+006 2.45543e+006 1.92239e+006 1.51247e+006 1.1958e+006 951811 764423 619851 507681 420240 352266 300622 263205 236868 216245 197894 181239 165860 151470 137887 1.02274e+006 
2005  1.45898e+007 1.25931e+007 1.08681e+007 9.37704e+006 8.08404e+006 6.94771e+006 5.9132e+006 4.9244e+006 3.97081e+006 3.1172e+006 2.42796e+006 1.89723e+006 1.48962e+006 1.1769e+006 935452 749249 605919 494946 408442 340634 287614 247137 217755 197097 180860 166254 152846 140330 128499 987681 
2006  1.44743e+007 1.24949e+007 1.07848e+007 9.30667e+006 8.02481e+006 6.89796e+006 5.87111e+006 4.88786e+006 3.9378e+006 3.08675e+006 2.40012e+006 1.87214e+006 1.46719e+006 1.1569e+006 919007 735136 592980 483152 397706 330713 277857 236255 204324 181092 164769 151886 140167 129289 119027 949745 
2007  1.43585e+007 1.2396e+007 1.07007e+007 9.23532e+006 7.96448e+006 6.84698e+006 5.82767e+006 4.84994e+006 3.90361e+006 3.05549e+006 2.37185e+006 1.84696e+006 1.44496e+006 1.13735e+006 901804 721036 580943 472199 387766 321683 269520 228063 195200 169830 151322 138324 128017 118537 109643 909303 
2008  1.42427e+007 1.22969e+007 1.0616e+007 9.16327e+006 7.90333e+006 6.79506e+006 5.78322e+006 4.811e+006 3.86848e+006 3.0235e+006 2.34312e+006 1.82159e+006 1.42279e+006 1.11807e+006 885033 706404 568964 462002 378529 313319 261927 221052 188311 162160 141850 126990 116553 108238 100507 866814 
2009  1.41272e+007 1.21977e+007 1.05311e+007 9.09075e+006 7.84156e+006 6.74245e+006 5.73802e+006 4.77128e+006 3.83264e+006 2.99092e+006 2.31397e+006 1.79599e+006 1.40057e+006 1.0989e+006 868530 692160 556604 451879 369921 305542 254890 214662 182406 156354 135385 118999 106973 98523.5 91759.1 822807 
2010  1.40123e+007 1.20988e+007 1.04462e+007 9.018e+006 7.77941e+006 6.68933e+006 5.69225e+006 4.731e+006 3.79627e+006 2.95789e+006 2.28446e+006 1.77016e+006 1.37825e+006 1.07977e+006 852175 678169 544584 441481 361393 298288 248343 208737 177020 151371 130481 113535 100214 90405.5 83509.2 777846 

Output quantities finish here

Unused parameters:
annual_cycle.fishery_areas annual_cycle.migrate_from annual_cycle.migrate_to annual_cycle.migration_names annual_cycle.migration_times annual_cycle.n_migrations annual_cycle.recruitment_areas annual_cycle.spawning_all_areas area_names recruitment.p_male recruitment.year_range tag[Tags2005_R1_LL1].area tag[Tags2005_R1_LL1].sex tag[Tags2006_R1_LL1].area tag[Tags2006_R1_LL1].sex tag[Tags2007_R1_LL1].area tag[Tags2007_R1_LL1].sex tag[Tags2008_R1_LL1].area tag[Tags2008_R1_LL1].sex tag[Tags2009_R1_LL1].area tag[Tags2009_R1_LL1].sex MCMC.adapt_at MCMC.adaptive_stepsize MCMC.burn_in MCMC.keep MCMC.length MCMC.start MCMC.stepsize profile[1].l profile[1].n profile[1].parameter profile[1].u tag_recapture[Tags2005_R1_R1].area tag_recapture[Tags2006_R1_R1].area tag_recapture[Tags2007_R1_R1].area tag_recapture[Tags2008_R1_R1].area tag_recapture[Tags2009_R1_R1].area n_projections numbers_at[Numbers_at_age_R1].area print.final_state print.initial_state print.requests print.results print.state_annually print.state_every_step print.yields 
