CASAL (C++ algorithmic stock assessment laboratory)
Call: C:/Users/bstacy/Documents/GitHub/lasac/projects/simulations/sim/inc1.0/casal -e -q -f EM 
Date: Mon Oct 14 13:38:26 2019
v2.30-2012-03-21 00:22:59 UTC (rev.4648)  (c) Copyright 2002-2012, NIWA
User name: bstacy
Machine name: DOM-IMA-HVZRNF2 (Microsoft Windows, PID=19184)

Prefix for the input parameter filenames : EM

Random number seed : 20706

Estimation parameters:
Stored as strings: 
  MCMC.adapt_at                 	1e+05 2e+05 3e+05 4e+05
  MCMC.adaptive_stepsize        	True
  MCMC.burn_in                  	500
  MCMC.keep                     	1000
  MCMC.length                   	1500000
  MCMC.start                    	0
  MCMC.stepsize                 	0.01
  ageing_error.c                	0
  ageing_error.type             	normal
  catch_at[LL1_catchA].2000     	0 0 0 0 0 0.02 0.04 0.09 0.15 0.21 0.05 0.06 0.07 0.09 0.05 0.05 0.07 0 0.02 0 0.02 0 0 0 0.01 0 0 0 0 0
  catch_at[LL1_catchA].2001     	0 0 0 0 0 0.01 0.08 0.11 0.17 0.12 0.13 0.06 0.08 0.08 0.04 0.01 0.01 0.01 0.02 0.01 0.02 0.01 0.01 0 0.01 0 0 0 0.01 0
  catch_at[LL1_catchA].2002     	0 0 0 0.01 0 0.04 0.03 0.07 0.14 0.18 0.12 0.09 0.04 0.05 0.05 0 0.07 0.02 0.03 0.03 0 0 0.01 0 0.01 0 0 0.01 0 0
  catch_at[LL1_catchA].2003     	0 0 0 0 0 0 0.08 0.09 0.23 0.12 0.12 0.06 0.06 0.06 0.05 0.04 0.04 0.02 0.01 0.01 0 0 0 0 0 0 0.01 0 0 0
  catch_at[LL1_catchA].2004     	0 0 0 0 0.01 0.03 0.05 0.07 0.08 0.17 0.19 0.07 0.07 0.02 0.08 0.05 0.03 0.02 0.01 0.01 0 0 0.02 0.01 0 0 0.01 0 0 0
  catch_at[LL1_catchA].2005     	0 0 0 0 0 0.02 0.08 0.16 0.1 0.11 0.09 0.13 0.03 0.07 0.07 0.01 0.04 0.03 0.01 0 0 0.02 0.02 0 0.01 0 0 0 0 0
  catch_at[LL1_catchA].2006     	0 0 0 0 0 0.02 0.05 0.17 0.16 0.07 0.15 0.08 0.08 0.06 0.03 0.07 0.02 0.01 0 0.01 0 0.01 0 0 0 0 0 0 0 0.01
  catch_at[LL1_catchA].2007     	0 0 0 0 0 0.04 0.07 0.16 0.12 0.17 0.13 0.1 0.05 0.03 0.02 0.02 0.02 0.01 0.02 0.01 0 0 0.01 0.02 0 0 0 0 0 0
  catch_at[LL1_catchA].2008     	0 0 0 0 0 0.06 0.08 0.17 0.17 0.18 0.13 0.05 0.04 0.05 0.01 0.02 0 0.01 0 0.01 0 0 0 0.02 0 0 0 0 0 0
  catch_at[LL1_catchA].2009     	0 0 0 0 0.01 0.03 0.08 0.11 0.14 0.15 0.08 0.12 0.06 0.05 0.02 0.04 0.02 0 0 0.01 0.04 0 0 0.01 0.01 0 0 0 0.01 0.01
  catch_at[LL1_catchA].2010     	0 0 0 0.01 0 0.02 0.08 0.19 0.16 0.13 0.08 0.1 0.06 0.04 0.04 0.01 0.01 0.03 0.01 0.01 0.01 0 0 0.01 0 0 0 0 0 0
  catch_at[LL1_catchA].N_2000   	100
  catch_at[LL1_catchA].N_2001   	100
  catch_at[LL1_catchA].N_2002   	100
  catch_at[LL1_catchA].N_2003   	100
  catch_at[LL1_catchA].N_2004   	100
  catch_at[LL1_catchA].N_2005   	100
  catch_at[LL1_catchA].N_2006   	100
  catch_at[LL1_catchA].N_2007   	100
  catch_at[LL1_catchA].N_2008   	100
  catch_at[LL1_catchA].N_2009   	100
  catch_at[LL1_catchA].N_2010   	100
  catch_at[LL1_catchA].at_size  	False
  catch_at[LL1_catchA].dist     	multinomial
  catch_at[LL1_catchA].fishery  	LL1
  catch_at[LL1_catchA].max_class	30
  catch_at[LL1_catchA].min_class	1
  catch_at[LL1_catchA].plus_group	True
  catch_at[LL1_catchA].r        	1e-11
  catch_at[LL1_catchA].sexed    	False
  catch_at[LL1_catchA].sum_to_one	True
  catch_at[LL1_catchA].years    	2000 2001 2002 2003 2004 2005 2006 2007 2008 2009 2010
  catch_limit_penalty[1].fishery	LL1
  catch_limit_penalty[1].label  	LL1_Penalty
  catch_limit_penalty[1].log_scale	True
  catch_limit_penalty[1].multiplier	1000
  catch_limit_penalty[2].fishery	LL2
  catch_limit_penalty[2].label  	LL2_Penalty
  catch_limit_penalty[2].log_scale	True
  catch_limit_penalty[2].multiplier	1000
  estimate[1].lower_bound       	5000
  estimate[1].parameter         	initialization.B0
  estimate[1].prior             	uniform
  estimate[1].upper_bound       	5e+05
  estimator                     	Bayes
  fish_tagged_penalty[1].label  	Penalty_Tags2005_R1_LL1
  fish_tagged_penalty[1].multiplier	1
  fish_tagged_penalty[1].tagging_episode	Tags2005_R1_LL1
  fish_tagged_penalty[2].label  	Penalty_Tags2006_R1_LL1
  fish_tagged_penalty[2].multiplier	1
  fish_tagged_penalty[2].tagging_episode	Tags2006_R1_LL1
  fish_tagged_penalty[3].label  	Penalty_Tags2007_R1_LL1
  fish_tagged_penalty[3].multiplier	1
  fish_tagged_penalty[3].tagging_episode	Tags2007_R1_LL1
  fish_tagged_penalty[4].label  	Penalty_Tags2008_R1_LL1
  fish_tagged_penalty[4].multiplier	1
  fish_tagged_penalty[4].tagging_episode	Tags2008_R1_LL1
  fish_tagged_penalty[5].label  	Penalty_Tags2009_R1_LL1
  fish_tagged_penalty[5].multiplier	1
  fish_tagged_penalty[5].tagging_episode	Tags2009_R1_LL1
  grad_tol                      	0.001
  max_evals                     	10000
  max_iters                     	1600
  profile[1].l                  	40000
  profile[1].n                  	11
  profile[1].parameter          	initialization.B0
  profile[1].u                  	130000
  q_method                      	nuisance
  tag_recapture[Tags2005_R1_R1].area	R1
  tag_recapture[Tags2005_R1_R1].class_mins	100 150 200 250 300 350 400 450 500 550 600 650 700 750 800 850 900 950 1000 1050 1100 1150 1200 1250 1300 1350 1400 1450 1500 1550 1600 1650 1700 1750 1800 1850 1900 1950 2000 2050
  tag_recapture[Tags2005_R1_R1].detection_probability	1
  tag_recapture[Tags2005_R1_R1].dispersion	1
  tag_recapture[Tags2005_R1_R1].do_bootstrap	True
  tag_recapture[Tags2005_R1_R1].plus_group	False
  tag_recapture[Tags2005_R1_R1].proportion_mortality	0.5
  tag_recapture[Tags2005_R1_R1].r	1e-11
  tag_recapture[Tags2005_R1_R1].recaptured_2006	0 0 0 0 0 0 0 0 0 1 3 9 18 22 21 23 9 11 9 1 3 3 0 1 0 0 1 0 0 0 0 0 0 0 0 0 0 0 0
  tag_recapture[Tags2005_R1_R1].recaptured_2007	0 0 0 0 0 0 0 0 0 0 2 7 16 22 27 24 17 12 2 5 1 1 0 0 0 0 0 0 0 0 0 0 0 0 0 0 0 0 0
  tag_recapture[Tags2005_R1_R1].recaptured_2008	0 0 0 0 0 0 0 0 0 0 2 1 8 13 20 15 18 11 10 6 4 2 1 0 0 2 0 0 0 0 0 0 0 0 0 0 0 0 0
  tag_recapture[Tags2005_R1_R1].recaptured_2009	0 0 0 0 0 0 0 0 0 0 0 0 2 14 11 17 22 10 4 5 5 2 1 0 0 0 0 0 0 0 0 0 0 0 0 0 0 0 0
  tag_recapture[Tags2005_R1_R1].recaptured_2010	0 0 0 0 0 0 0 0 0 0 0 0 4 4 9 8 12 11 8 7 2 4 0 1 0 1 0 0 0 0 0 0 0 0 0 0 0 0 0
  tag_recapture[Tags2005_R1_R1].sample	size
  tag_recapture[Tags2005_R1_R1].scanned_2006	0 0 0 2 28 320 2302 11502 39770 96806 173902 243624 277690 266092 224820 178122 136978 101584 71958 49292 33518 23134 16316 11662 8346 5944 4222 2988 2086 1406 896 530 286 140 62 24 8 2 0
  tag_recapture[Tags2005_R1_R1].scanned_2007	0 0 0 2 28 344 2442 11568 39724 99366 181960 252416 280488 265182 224010 176300 134278 100438 72920 50898 34514 23278 15942 11162 7944 5686 4062 2880 2006 1350 862 512 278 138 62 24 8 2 0
  tag_recapture[Tags2005_R1_R1].scanned_2008	0 0 0 2 28 344 2602 12332 40170 97884 182308 260086 291620 271378 224512 174626 131756 97934 71728 51120 35200 23658 15864 10828 7580 5410 3886 2772 1934 1300 826 490 266 132 58 24 8 2 0
  tag_recapture[Tags2005_R1_R1].scanned_2009	0 0 0 2 28 338 2596 13080 43468 101422 180382 255904 293398 278302 229716 175798 130724 96182 70174 50456 35360 24054 16060 10754 7362 5182 3714 2662 1866 1256 798 470 254 126 56 22 8 2 0
  tag_recapture[Tags2005_R1_R1].scanned_2010	0 0 0 2 30 342 2546 12914 45438 110634 193100 259840 288924 275666 231594 178066 131090 95240 68874 49434 34952 24134 16262 10830 7284 5028 3564 2550 1794 1212 770 454 246 120 54 22 8 2 0
  tag_recapture[Tags2005_R1_R1].step	1
  tag_recapture[Tags2005_R1_R1].tag_name	Tags2005_R1
  tag_recapture[Tags2005_R1_R1].years	2006 2007 2008 2009 2010
  tag_recapture[Tags2006_R1_R1].area	R1
  tag_recapture[Tags2006_R1_R1].class_mins	100 150 200 250 300 350 400 450 500 550 600 650 700 750 800 850 900 950 1000 1050 1100 1150 1200 1250 1300 1350 1400 1450 1500 1550 1600 1650 1700 1750 1800 1850 1900 1950 2000 2050
  tag_recapture[Tags2006_R1_R1].detection_probability	1
  tag_recapture[Tags2006_R1_R1].dispersion	1
  tag_recapture[Tags2006_R1_R1].do_bootstrap	True
  tag_recapture[Tags2006_R1_R1].plus_group	False
  tag_recapture[Tags2006_R1_R1].proportion_mortality	0.5
  tag_recapture[Tags2006_R1_R1].r	1e-11
  tag_recapture[Tags2006_R1_R1].recaptured_2007	0 0 0 0 0 0 0 0 0 1 1 9 22 26 29 21 23 10 9 9 1 2 2 0 0 0 0 0 0 0 0 0 0 0 0 0 0 0 0
  tag_recapture[Tags2006_R1_R1].recaptured_2008	0 0 0 0 0 0 0 0 0 0 1 7 17 23 16 20 12 12 7 8 2 2 0 0 1 1 0 0 0 0 0 0 0 0 0 0 0 0 0
  tag_recapture[Tags2006_R1_R1].recaptured_2009	0 0 0 0 0 0 0 0 0 0 0 0 8 15 14 18 18 9 5 4 6 2 1 2 1 0 0 0 0 0 0 0 0 0 0 0 0 0 0
  tag_recapture[Tags2006_R1_R1].recaptured_2010	0 0 0 0 0 0 0 0 0 0 0 0 2 8 14 18 16 13 10 3 5 2 2 0 1 0 0 0 0 0 0 0 0 0 0 0 0 0 0
  tag_recapture[Tags2006_R1_R1].sample	size
  tag_recapture[Tags2006_R1_R1].scanned_2007	0 0 0 2 28 344 2442 11568 39724 99366 181960 252416 280488 265182 224010 176300 134278 100438 72920 50898 34514 23278 15942 11162 7944 5686 4062 2880 2006 1350 862 512 278 138 62 24 8 2 0
  tag_recapture[Tags2006_R1_R1].scanned_2008	0 0 0 2 28 344 2602 12332 40170 97884 182308 260086 291620 271378 224512 174626 131756 97934 71728 51120 35200 23658 15864 10828 7580 5410 3886 2772 1934 1300 826 490 266 132 58 24 8 2 0
  tag_recapture[Tags2006_R1_R1].scanned_2009	0 0 0 2 28 338 2596 13080 43468 101422 180382 255904 293398 278302 229716 175798 130724 96182 70174 50456 35360 24054 16060 10754 7362 5182 3714 2662 1866 1256 798 470 254 126 56 22 8 2 0
  tag_recapture[Tags2006_R1_R1].scanned_2010	0 0 0 2 30 342 2546 12914 45438 110634 193100 259840 288924 275666 231594 178066 131090 95240 68874 49434 34952 24134 16262 10830 7284 5028 3564 2550 1794 1212 770 454 246 120 54 22 8 2 0
  tag_recapture[Tags2006_R1_R1].step	1
  tag_recapture[Tags2006_R1_R1].tag_name	Tags2006_R1
  tag_recapture[Tags2006_R1_R1].years	2007 2008 2009 2010
  tag_recapture[Tags2007_R1_R1].area	R1
  tag_recapture[Tags2007_R1_R1].class_mins	100 150 200 250 300 350 400 450 500 550 600 650 700 750 800 850 900 950 1000 1050 1100 1150 1200 1250 1300 1350 1400 1450 1500 1550 1600 1650 1700 1750 1800 1850 1900 1950 2000 2050
  tag_recapture[Tags2007_R1_R1].detection_probability	1
  tag_recapture[Tags2007_R1_R1].dispersion	1
  tag_recapture[Tags2007_R1_R1].do_bootstrap	True
  tag_recapture[Tags2007_R1_R1].plus_group	False
  tag_recapture[Tags2007_R1_R1].proportion_mortality	0.5
  tag_recapture[Tags2007_R1_R1].r	1e-11
  tag_recapture[Tags2007_R1_R1].recaptured_2008	0 0 0 0 0 0 0 0 0 0 3 13 18 20 23 23 20 11 3 3 3 0 5 1 1 0 0 0 0 0 0 0 0 0 0 0 0 0 0
  tag_recapture[Tags2007_R1_R1].recaptured_2009	0 0 0 0 0 0 0 0 0 0 0 5 14 25 19 20 16 10 11 4 3 2 2 1 1 0 0 0 0 0 0 0 0 0 0 0 0 0 0
  tag_recapture[Tags2007_R1_R1].recaptured_2010	0 0 0 0 0 0 0 0 0 0 1 1 13 12 20 17 17 13 6 9 3 2 2 1 0 0 0 0 0 0 0 0 0 0 0 0 0 0 0
  tag_recapture[Tags2007_R1_R1].sample	size
  tag_recapture[Tags2007_R1_R1].scanned_2008	0 0 0 2 28 344 2602 12332 40170 97884 182308 260086 291620 271378 224512 174626 131756 97934 71728 51120 35200 23658 15864 10828 7580 5410 3886 2772 1934 1300 826 490 266 132 58 24 8 2 0
  tag_recapture[Tags2007_R1_R1].scanned_2009	0 0 0 2 28 338 2596 13080 43468 101422 180382 255904 293398 278302 229716 175798 130724 96182 70174 50456 35360 24054 16060 10754 7362 5182 3714 2662 1866 1256 798 470 254 126 56 22 8 2 0
  tag_recapture[Tags2007_R1_R1].scanned_2010	0 0 0 2 30 342 2546 12914 45438 110634 193100 259840 288924 275666 231594 178066 131090 95240 68874 49434 34952 24134 16262 10830 7284 5028 3564 2550 1794 1212 770 454 246 120 54 22 8 2 0
  tag_recapture[Tags2007_R1_R1].step	1
  tag_recapture[Tags2007_R1_R1].tag_name	Tags2007_R1
  tag_recapture[Tags2007_R1_R1].years	2008 2009 2010
  tag_recapture[Tags2008_R1_R1].area	R1
  tag_recapture[Tags2008_R1_R1].class_mins	100 150 200 250 300 350 400 450 500 550 600 650 700 750 800 850 900 950 1000 1050 1100 1150 1200 1250 1300 1350 1400 1450 1500 1550 1600 1650 1700 1750 1800 1850 1900 1950 2000 2050
  tag_recapture[Tags2008_R1_R1].detection_probability	1
  tag_recapture[Tags2008_R1_R1].dispersion	1
  tag_recapture[Tags2008_R1_R1].do_bootstrap	True
  tag_recapture[Tags2008_R1_R1].plus_group	False
  tag_recapture[Tags2008_R1_R1].proportion_mortality	0.5
  tag_recapture[Tags2008_R1_R1].r	1e-11
  tag_recapture[Tags2008_R1_R1].recaptured_2009	0 0 0 0 0 0 0 0 1 0 3 15 23 34 27 31 15 14 8 2 5 2 0 0 0 0 0 0 0 0 0 0 0 0 0 0 0 0 0
  tag_recapture[Tags2008_R1_R1].recaptured_2010	0 0 0 0 0 0 0 0 0 0 2 4 11 19 19 22 15 10 13 9 4 2 3 0 2 0 0 0 0 0 0 0 0 0 0 0 0 0 0
  tag_recapture[Tags2008_R1_R1].sample	size
  tag_recapture[Tags2008_R1_R1].scanned_2009	0 0 0 2 28 338 2596 13080 43468 101422 180382 255904 293398 278302 229716 175798 130724 96182 70174 50456 35360 24054 16060 10754 7362 5182 3714 2662 1866 1256 798 470 254 126 56 22 8 2 0
  tag_recapture[Tags2008_R1_R1].scanned_2010	0 0 0 2 30 342 2546 12914 45438 110634 193100 259840 288924 275666 231594 178066 131090 95240 68874 49434 34952 24134 16262 10830 7284 5028 3564 2550 1794 1212 770 454 246 120 54 22 8 2 0
  tag_recapture[Tags2008_R1_R1].step	1
  tag_recapture[Tags2008_R1_R1].tag_name	Tags2008_R1
  tag_recapture[Tags2008_R1_R1].years	2009 2010
  tag_recapture[Tags2009_R1_R1].area	R1
  tag_recapture[Tags2009_R1_R1].class_mins	100 150 200 250 300 350 400 450 500 550 600 650 700 750 800 850 900 950 1000 1050 1100 1150 1200 1250 1300 1350 1400 1450 1500 1550 1600 1650 1700 1750 1800 1850 1900 1950 2000 2050
  tag_recapture[Tags2009_R1_R1].detection_probability	1
  tag_recapture[Tags2009_R1_R1].dispersion	1
  tag_recapture[Tags2009_R1_R1].do_bootstrap	True
  tag_recapture[Tags2009_R1_R1].plus_group	False
  tag_recapture[Tags2009_R1_R1].proportion_mortality	0.5
  tag_recapture[Tags2009_R1_R1].r	1e-11
  tag_recapture[Tags2009_R1_R1].recaptured_2010	0 0 0 0 0 0 0 0 0 1 2 12 18 29 32 27 19 12 10 5 6 2 1 1 0 0 0 0 0 0 0 0 0 0 0 0 0 0 0
  tag_recapture[Tags2009_R1_R1].sample	size
  tag_recapture[Tags2009_R1_R1].scanned_2010	0 0 0 2 30 342 2546 12914 45438 110634 193100 259840 288924 275666 231594 178066 131090 95240 68874 49434 34952 24134 16262 10830 7284 5028 3564 2550 1794 1212 770 454 246 120 54 22 8 2 0
  tag_recapture[Tags2009_R1_R1].step	1
  tag_recapture[Tags2009_R1_R1].tag_name	Tags2009_R1
  tag_recapture[Tags2009_R1_R1].years	2010
  vector_average_penalty[1].k   	1
  vector_average_penalty[1].label	meanYCS_1
  vector_average_penalty[1].multiplier	100
  vector_average_penalty[1].vector	recruitment.YCS
Stored as DOUBLEs: 
Stored as VECTORs: 
Stored as OGIVEs: 

Population parameters:
Stored as strings: 
  annual_cycle.M_props          	1
  annual_cycle.aging_time       	1
  annual_cycle.baranov          	False
  annual_cycle.fishery_areas    	R1
  annual_cycle.fishery_names    	LL1 LL2
  annual_cycle.fishery_times    	1 1
  annual_cycle.growth_props     	0
  annual_cycle.migrate_from     	R1
  annual_cycle.migrate_to       	R2
  annual_cycle.migration_names  	MoveRec_1_2
  annual_cycle.migration_times  	1
  annual_cycle.n_migrations     	0
  annual_cycle.recruitment_areas	R1
  annual_cycle.recruitment_time 	1
  annual_cycle.spawning_all_areas	1
  annual_cycle.spawning_p       	1
  annual_cycle.spawning_part_mort	0.5
  annual_cycle.spawning_time    	1
  annual_cycle.spawning_use_total_B	False
  annual_cycle.time_steps       	1
  area_names                    	R1
  current                       	2010
  final                         	2045
  first_random_year             	2007
  fishery[LL1].U_max            	0.95
  fishery[LL1].catches          	0 6000 6000 6000 6000 6000 6000 6000 6000 6000 6000 6000 6000 6000 6000 6000 6000 6000 6000 6000 6000
  fishery[LL1].future_constant_catches	200
  fishery[LL1].selectivity      	SelLL
  fishery[LL1].years            	1990 1991 1992 1993 1994 1995 1996 1997 1998 1999 2000 2001 2002 2003 2004 2005 2006 2007 2008 2009 2010
  fishery[LL2].U_max            	0.95
  fishery[LL2].catches          	0 0 0 0 0 0 0 0 0 0 0 0 0 0 0 0 0 0 0 0 0
  fishery[LL2].future_constant_catches	200
  fishery[LL2].selectivity      	SelLL
  fishery[LL2].years            	1990 1991 1992 1993 1994 1995 1996 1997 1998 1999 2000 2001 2002 2003 2004 2005 2006 2007 2008 2009 2010
  initial                       	1990
  initialization.B0             	448262
  mature_partition              	False
  maturity_props.all            	allvalues  0 0 0 0 0 0 0 0 0 0 0 0.1667 0.3333 0.5 0.6667 0.8333 1 1 1 1 1 1 1 1 1 1 1 1 1 1
  max_age                       	30
  min_age                       	1
  n_areas                       	1
  n_stocks                      	1
  n_tags                        	5
  natural_mortality.all         	0.155
  plus_group                    	True
  randomisation_method          	lognormal
  recruitment.SR                	BH
  recruitment.YCS               	1 1 1 1 1 1 1 1 1 1 1 1 1 1 1 1 1 1 1 1 1
  recruitment.YCS_years         	1989 1990 1991 1992 1993 1994 1995 1996 1997 1998 1999 2000 2001 2002 2003 2004 2005 2006 2007 2008 2009
  recruitment.first_free        	1989
  recruitment.last_free         	2006
  recruitment.p_male            	0.5
  recruitment.rho               	0
  recruitment.sigma_r           	0.6
  recruitment.steepness         	0.7
  recruitment.year_range        	1989 2006
  selectivity[SelLL].all        	double_normal 10 2 10
  selectivity_names             	SelLL
  sex_partition                 	False
  size_at_age.Linf              	2870
  size_at_age.by_length         	True
  size_at_age.cv                	0.1
  size_at_age.k                 	0.02056
  size_at_age.t0                	-4.2897
  size_at_age_dist              	normal
  size_at_age_type              	von_Bert
  size_based                    	False
  size_weight.a                 	2.59e-12
  size_weight.b                 	3.2064
  size_weight.verify_size_weight	500 0.5 1.5
  standardise_YCS               	True
  tag[Tags2005_R1_LL1].area     	R1
  tag[Tags2005_R1_LL1].class_mins	100 150 200 250 300 350 400 450 500 550 600 650 700 750 800 850 900 950 1000 1050 1100 1150 1200 1250 1300 1350 1400 1450 1500 1550 1600 1650 1700 1750 1800 1850 1900 1950 2000 2050
  tag[Tags2005_R1_LL1].mature_only	False
  tag[Tags2005_R1_LL1].mortality	0.1
  tag[Tags2005_R1_LL1].number   	2500
  tag[Tags2005_R1_LL1].ogive    	SelLL
  tag[Tags2005_R1_LL1].plus_group	False
  tag[Tags2005_R1_LL1].props_all	0 0 0 0 0 1e-04 8e-04 0.0048 0.0184 0.0472 0.088 0.1245 0.1388 0.1298 0.1103 0.0896 0.0694 0.0511 0.0362 0.0255 0.0183 0.0135 0.01 0.0073 0.0052 0.0037 0.0025 0.0018 0.0012 8e-04 5e-04 3e-04 2e-04 1e-04 0 0 0 0 0
  tag[Tags2005_R1_LL1].release_type	deterministic
  tag[Tags2005_R1_LL1].sex      	both
  tag[Tags2005_R1_LL1].step     	1
  tag[Tags2005_R1_LL1].tag_name 	Tags2005_R1
  tag[Tags2005_R1_LL1].year     	2005
  tag[Tags2006_R1_LL1].area     	R1
  tag[Tags2006_R1_LL1].class_mins	100 150 200 250 300 350 400 450 500 550 600 650 700 750 800 850 900 950 1000 1050 1100 1150 1200 1250 1300 1350 1400 1450 1500 1550 1600 1650 1700 1750 1800 1850 1900 1950 2000 2050
  tag[Tags2006_R1_LL1].mature_only	False
  tag[Tags2006_R1_LL1].mortality	0.1
  tag[Tags2006_R1_LL1].number   	2500
  tag[Tags2006_R1_LL1].ogive    	SelLL
  tag[Tags2006_R1_LL1].plus_group	False
  tag[Tags2006_R1_LL1].props_all	0 0 0 0 0 2e-04 0.0013 0.0058 0.0198 0.0485 0.0873 0.1222 0.1397 0.1351 0.1154 0.0921 0.0705 0.0511 0.0349 0.023 0.0152 0.0104 0.0075 0.0055 0.0041 0.0031 0.0023 0.0017 0.0012 9e-04 6e-04 3e-04 2e-04 1e-04 0 0 0 0 0
  tag[Tags2006_R1_LL1].release_type	deterministic
  tag[Tags2006_R1_LL1].sex      	both
  tag[Tags2006_R1_LL1].step     	1
  tag[Tags2006_R1_LL1].tag_name 	Tags2006_R1
  tag[Tags2006_R1_LL1].year     	2006
  tag[Tags2007_R1_LL1].area     	R1
  tag[Tags2007_R1_LL1].class_mins	100 150 200 250 300 350 400 450 500 550 600 650 700 750 800 850 900 950 1000 1050 1100 1150 1200 1250 1300 1350 1400 1450 1500 1550 1600 1650 1700 1750 1800 1850 1900 1950 2000 2050
  tag[Tags2007_R1_LL1].mature_only	False
  tag[Tags2007_R1_LL1].mortality	0.1
  tag[Tags2007_R1_LL1].number   	2500
  tag[Tags2007_R1_LL1].ogive    	SelLL
  tag[Tags2007_R1_LL1].plus_group	False
  tag[Tags2007_R1_LL1].props_all	0 0 0 0 0 1e-04 0.0011 0.0056 0.0193 0.0485 0.0889 0.124 0.139 0.1322 0.1118 0.0878 0.0669 0.0504 0.0372 0.0265 0.0183 0.0125 0.0087 0.0062 0.0045 0.0032 0.0024 0.0017 0.0012 8e-04 5e-04 3e-04 2e-04 1e-04 0 0 0 0 0
  tag[Tags2007_R1_LL1].release_type	deterministic
  tag[Tags2007_R1_LL1].sex      	both
  tag[Tags2007_R1_LL1].step     	1
  tag[Tags2007_R1_LL1].tag_name 	Tags2007_R1
  tag[Tags2007_R1_LL1].year     	2007
  tag[Tags2008_R1_LL1].area     	R1
  tag[Tags2008_R1_LL1].class_mins	100 150 200 250 300 350 400 450 500 550 600 650 700 750 800 850 900 950 1000 1050 1100 1150 1200 1250 1300 1350 1400 1450 1500 1550 1600 1650 1700 1750 1800 1850 1900 1950 2000 2050
  tag[Tags2008_R1_LL1].mature_only	False
  tag[Tags2008_R1_LL1].mortality	0.1
  tag[Tags2008_R1_LL1].number   	2500
  tag[Tags2008_R1_LL1].ogive    	SelLL
  tag[Tags2008_R1_LL1].plus_group	False
  tag[Tags2008_R1_LL1].props_all	0 0 0 0 0 1e-04 0.0012 0.0062 0.0205 0.0497 0.0924 0.1328 0.1497 0.1384 0.112 0.0842 0.0614 0.0445 0.0322 0.0228 0.0157 0.0106 0.0073 0.0052 0.0038 0.0029 0.0022 0.0016 0.0011 7e-04 4e-04 3e-04 1e-04 1e-04 0 0 0 0 0
  tag[Tags2008_R1_LL1].release_type	deterministic
  tag[Tags2008_R1_LL1].sex      	both
  tag[Tags2008_R1_LL1].step     	1
  tag[Tags2008_R1_LL1].tag_name 	Tags2008_R1
  tag[Tags2008_R1_LL1].year     	2008
  tag[Tags2009_R1_LL1].area     	R1
  tag[Tags2009_R1_LL1].class_mins	100 150 200 250 300 350 400 450 500 550 600 650 700 750 800 850 900 950 1000 1050 1100 1150 1200 1250 1300 1350 1400 1450 1500 1550 1600 1650 1700 1750 1800 1850 1900 1950 2000 2050
  tag[Tags2009_R1_LL1].mature_only	False
  tag[Tags2009_R1_LL1].mortality	0.1
  tag[Tags2009_R1_LL1].number   	2500
  tag[Tags2009_R1_LL1].ogive    	SelLL
  tag[Tags2009_R1_LL1].plus_group	False
  tag[Tags2009_R1_LL1].props_all	0 0 0 0 0 1e-04 0.0012 0.0063 0.0213 0.0502 0.0897 0.1266 0.1435 0.135 0.1117 0.0864 0.065 0.0482 0.0352 0.0253 0.0178 0.0122 0.0082 0.0055 0.0037 0.0025 0.0017 0.0011 7e-04 4e-04 3e-04 1e-04 1e-04 0 0 0 0 0 0
  tag[Tags2009_R1_LL1].release_type	deterministic
  tag[Tags2009_R1_LL1].sex      	both
  tag[Tags2009_R1_LL1].step     	1
  tag[Tags2009_R1_LL1].tag_name 	Tags2009_R1
  tag[Tags2009_R1_LL1].year     	2009
  tag_growth_loss[Tags2005_R1].nogrowth_period	0
  tag_growth_loss[Tags2006_R1].nogrowth_period	0
  tag_growth_loss[Tags2007_R1].nogrowth_period	0
  tag_growth_loss[Tags2008_R1].nogrowth_period	0
  tag_growth_loss[Tags2009_R1].nogrowth_period	0
  tag_loss_props                	1
  tag_names                     	Tags2005_R1 Tags2006_R1 Tags2007_R1 Tags2008_R1 Tags2009_R1
  tag_shedding_rate             	0.0084 0.0084 0.0084 0.0084 0.0084
  y_enter                       	1
Stored as DOUBLEs: 
Stored as VECTORs: 
Stored as OGIVEs: 

Output parameters:
Stored as strings: 
  n_projections                 	100
  numbers_at[Numbers_at_age_R1].area	R1
  numbers_at[Numbers_at_age_R1].proportion_mortality	0.5
  numbers_at[Numbers_at_age_R1].step	1
  numbers_at[Numbers_at_age_R1].years	1990 1991 1992 1993 1994 1995 1996 1997 1998 1999 2000 2001 2002 2003 2004 2005 2006 2007 2008 2009 2010
  print.covariance              	true
  print.estimation_section      	true
  print.final_state             	false
  print.fits                    	true
  print.fits_every_eval         	false
  print.initial_state           	false
  print.normalised_resids       	true
  print.objective_every_eval    	false
  print.parameter_vector_every_eval	false
  print.parameters              	true
  print.parameters_every_eval   	false
  print.pearson_resids          	true
  print.requests                	false
  print.resids                  	true
  print.results                 	false
  print.state_annually          	false
  print.state_every_step        	false
  print.unused_parameters       	true
  print.yields                  	true
  quantities.B0                 	true
  quantities.R0                 	true
  quantities.SSBs               	true
  quantities.YCS                	true
  quantities.actual_catches     	false
  quantities.all_free_parameters	true
  quantities.fishing_pressures  	true
  quantities.nuisance_qs        	true
  quantities.recruitments       	true
  quantities.true_YCS           	true
Stored as DOUBLEs: 
Stored as VECTORs: 
Stored as OGIVEs: 

A fish of size 500 cm has a weight of 1.16755 kg in your model. This size-weight scale check assumes that the growth curve is in centimetres, and that the catch is in tonnes.

A fish of size 500 cm has a weight of 1.16755 kg in your model. This size-weight scale check assumes that the growth curve is in centimetres, and that the catch is in tonnes.

Estimation section :

Objective function: Bayes

Minimiser convergence threshold: 0.001


Observations:

The observations are:
LL1_catchA
Tags2005_R1_R1
Tags2006_R1_R1
Tags2007_R1_R1
Tags2008_R1_R1
Tags2009_R1_R1
Fits follow:

LL1_catchA :
catch proportions-at-age for fishery LL1  with ageing error (constrained to sum to 1):
obs (last class is a plus group):
class 1       2       3       4       5       6       7       8       9       10      11      12      13      14      15      16      17      18      19      20      21      22      23      24      25      26      27      28      29      30      
2000 0       0       0       0       0       0.02    0.04    0.09    0.15    0.21    0.05    0.06    0.07    0.09    0.05    0.05    0.07    0       0.02    0       0.02    0       0       0       0.01    0       0       0       0       0       
2001 0       0       0       0       0       0.01    0.08    0.11    0.17    0.12    0.13    0.06    0.08    0.08    0.04    0.01    0.01    0.01    0.02    0.01    0.02    0.01    0.01    0       0.01    0       0       0       0.01    0       
2002 0       0       0       0.01    0       0.04    0.03    0.07    0.14    0.18    0.12    0.09    0.04    0.05    0.05    0       0.07    0.02    0.03    0.03    0       0       0.01    0       0.01    0       0       0.01    0       0       
2003 0       0       0       0       0       0       0.08    0.09    0.23    0.12    0.12    0.06    0.06    0.06    0.05    0.04    0.04    0.02    0.01    0.01    0       0       0       0       0       0       0.01    0       0       0       
2004 0       0       0       0       0.01    0.03    0.05    0.07    0.08    0.17    0.19    0.07    0.07    0.02    0.08    0.05    0.03    0.02    0.01    0.01    0       0       0.02    0.01    0       0       0.01    0       0       0       
2005 0       0       0       0       0       0.02    0.08    0.16    0.1     0.11    0.09    0.13    0.03    0.07    0.07    0.01    0.04    0.03    0.01    0       0       0.02    0.02    0       0.01    0       0       0       0       0       
2006 0       0       0       0       0       0.02    0.05    0.17    0.16    0.07    0.15    0.08    0.08    0.06    0.03    0.07    0.02    0.01    0       0.01    0       0.01    0       0       0       0       0       0       0       0.01    
2007 0       0       0       0       0       0.04    0.07    0.16    0.12    0.17    0.13    0.1     0.05    0.03    0.02    0.02    0.02    0.01    0.02    0.01    0       0       0.01    0.02    0       0       0       0       0       0       
2008 0       0       0       0       0       0.06    0.08    0.17    0.17    0.18    0.13    0.05    0.04    0.05    0.01    0.02    0       0.01    0       0.01    0       0       0       0.02    0       0       0       0       0       0       
2009 0       0       0       0       0.01    0.03    0.08    0.11    0.14    0.15    0.08    0.12    0.06    0.05    0.02    0.04    0.02    0       0       0.01    0.04    0       0       0.01    0.01    0       0       0       0.01    0.01    
2010 0       0       0       0.01    0       0.02    0.08    0.19    0.16    0.13    0.08    0.1     0.06    0.04    0.04    0.01    0.01    0.03    0.01    0.01    0.01    0       0       0.01    0       0       0       0       0       0       
objective function: multinomial likelihood, with delta = 1e-011, N =
100 100 100 100 100 100 100 100 100 100 100 100 100 100 100 100 100 100 100 100 100 100 100 100 100 100 100 100 100 100 
100 100 100 100 100 100 100 100 100 100 100 100 100 100 100 100 100 100 100 100 100 100 100 100 100 100 100 100 100 100 
100 100 100 100 100 100 100 100 100 100 100 100 100 100 100 100 100 100 100 100 100 100 100 100 100 100 100 100 100 100 
100 100 100 100 100 100 100 100 100 100 100 100 100 100 100 100 100 100 100 100 100 100 100 100 100 100 100 100 100 100 
100 100 100 100 100 100 100 100 100 100 100 100 100 100 100 100 100 100 100 100 100 100 100 100 100 100 100 100 100 100 
100 100 100 100 100 100 100 100 100 100 100 100 100 100 100 100 100 100 100 100 100 100 100 100 100 100 100 100 100 100 
100 100 100 100 100 100 100 100 100 100 100 100 100 100 100 100 100 100 100 100 100 100 100 100 100 100 100 100 100 100 
100 100 100 100 100 100 100 100 100 100 100 100 100 100 100 100 100 100 100 100 100 100 100 100 100 100 100 100 100 100 
100 100 100 100 100 100 100 100 100 100 100 100 100 100 100 100 100 100 100 100 100 100 100 100 100 100 100 100 100 100 
100 100 100 100 100 100 100 100 100 100 100 100 100 100 100 100 100 100 100 100 100 100 100 100 100 100 100 100 100 100 
100 100 100 100 100 100 100 100 100 100 100 100 100 100 100 100 100 100 100 100 100 100 100 100 100 100 100 100 100 100 

Tags2005_R1_R1 :
tag-recapture data for tag Tags2005_R1 in years 2006 2007 2008 2009 2010 , step 1, after proportion 0.5 of mortality, with sampling method size, detection probability 1.
Year 2006
class scanned recaptured
100 0 0
150 0 0
200 0 0
250 2 0
300 28 0
350 320 0
400 2302 0
450 11502 0
500 39770 0
550 96806 1
600 173902 3
650 243624 9
700 277690 18
750 266092 22
800 224820 21
850 178122 23
900 136978 9
950 101584 11
1000 71958 9
1050 49292 1
1100 33518 3
1150 23134 3
1200 16316 0
1250 11662 1
1300 8346 0
1350 5944 0
1400 4222 1
1450 2988 0
1500 2086 0
1550 1406 0
1600 896 0
1650 530 0
1700 286 0
1750 140 0
1800 62 0
1850 24 0
1900 8 0
1950 2 0
2000 0 0


Year 2007
class scanned recaptured
100 0 0
150 0 0
200 0 0
250 2 0
300 28 0
350 344 0
400 2442 0
450 11568 0
500 39724 0
550 99366 0
600 181960 2
650 252416 7
700 280488 16
750 265182 22
800 224010 27
850 176300 24
900 134278 17
950 100438 12
1000 72920 2
1050 50898 5
1100 34514 1
1150 23278 1
1200 15942 0
1250 11162 0
1300 7944 0
1350 5686 0
1400 4062 0
1450 2880 0
1500 2006 0
1550 1350 0
1600 862 0
1650 512 0
1700 278 0
1750 138 0
1800 62 0
1850 24 0
1900 8 0
1950 2 0
2000 0 0


Year 2008
class scanned recaptured
100 0 0
150 0 0
200 0 0
250 2 0
300 28 0
350 344 0
400 2602 0
450 12332 0
500 40170 0
550 97884 0
600 182308 2
650 260086 1
700 291620 8
750 271378 13
800 224512 20
850 174626 15
900 131756 18
950 97934 11
1000 71728 10
1050 51120 6
1100 35200 4
1150 23658 2
1200 15864 1
1250 10828 0
1300 7580 0
1350 5410 2
1400 3886 0
1450 2772 0
1500 1934 0
1550 1300 0
1600 826 0
1650 490 0
1700 266 0
1750 132 0
1800 58 0
1850 24 0
1900 8 0
1950 2 0
2000 0 0


Year 2009
class scanned recaptured
100 0 0
150 0 0
200 0 0
250 2 0
300 28 0
350 338 0
400 2596 0
450 13080 0
500 43468 0
550 101422 0
600 180382 0
650 255904 0
700 293398 2
750 278302 14
800 229716 11
850 175798 17
900 130724 22
950 96182 10
1000 70174 4
1050 50456 5
1100 35360 5
1150 24054 2
1200 16060 1
1250 10754 0
1300 7362 0
1350 5182 0
1400 3714 0
1450 2662 0
1500 1866 0
1550 1256 0
1600 798 0
1650 470 0
1700 254 0
1750 126 0
1800 56 0
1850 22 0
1900 8 0
1950 2 0
2000 0 0


Year 2010
class scanned recaptured
100 0 0
150 0 0
200 0 0
250 2 0
300 30 0
350 342 0
400 2546 0
450 12914 0
500 45438 0
550 110634 0
600 193100 0
650 259840 0
700 288924 4
750 275666 4
800 231594 9
850 178066 8
900 131090 12
950 95240 11
1000 68874 8
1050 49434 7
1100 34952 2
1150 24134 4
1200 16262 0
1250 10830 1
1300 7284 0
1350 5028 1
1400 3564 0
1450 2550 0
1500 1794 0
1550 1212 0
1600 770 0
1650 454 0
1700 246 0
1750 120 0
1800 54 0
1850 22 0
1900 8 0
1950 2 0
2000 0 0


Tags2006_R1_R1 :
tag-recapture data for tag Tags2006_R1 in years 2007 2008 2009 2010 , step 1, after proportion 0.5 of mortality, with sampling method size, detection probability 1.
Year 2007
class scanned recaptured
100 0 0
150 0 0
200 0 0
250 2 0
300 28 0
350 344 0
400 2442 0
450 11568 0
500 39724 0
550 99366 1
600 181960 1
650 252416 9
700 280488 22
750 265182 26
800 224010 29
850 176300 21
900 134278 23
950 100438 10
1000 72920 9
1050 50898 9
1100 34514 1
1150 23278 2
1200 15942 2
1250 11162 0
1300 7944 0
1350 5686 0
1400 4062 0
1450 2880 0
1500 2006 0
1550 1350 0
1600 862 0
1650 512 0
1700 278 0
1750 138 0
1800 62 0
1850 24 0
1900 8 0
1950 2 0
2000 0 0


Year 2008
class scanned recaptured
100 0 0
150 0 0
200 0 0
250 2 0
300 28 0
350 344 0
400 2602 0
450 12332 0
500 40170 0
550 97884 0
600 182308 1
650 260086 7
700 291620 17
750 271378 23
800 224512 16
850 174626 20
900 131756 12
950 97934 12
1000 71728 7
1050 51120 8
1100 35200 2
1150 23658 2
1200 15864 0
1250 10828 0
1300 7580 1
1350 5410 1
1400 3886 0
1450 2772 0
1500 1934 0
1550 1300 0
1600 826 0
1650 490 0
1700 266 0
1750 132 0
1800 58 0
1850 24 0
1900 8 0
1950 2 0
2000 0 0


Year 2009
class scanned recaptured
100 0 0
150 0 0
200 0 0
250 2 0
300 28 0
350 338 0
400 2596 0
450 13080 0
500 43468 0
550 101422 0
600 180382 0
650 255904 0
700 293398 8
750 278302 15
800 229716 14
850 175798 18
900 130724 18
950 96182 9
1000 70174 5
1050 50456 4
1100 35360 6
1150 24054 2
1200 16060 1
1250 10754 2
1300 7362 1
1350 5182 0
1400 3714 0
1450 2662 0
1500 1866 0
1550 1256 0
1600 798 0
1650 470 0
1700 254 0
1750 126 0
1800 56 0
1850 22 0
1900 8 0
1950 2 0
2000 0 0


Year 2010
class scanned recaptured
100 0 0
150 0 0
200 0 0
250 2 0
300 30 0
350 342 0
400 2546 0
450 12914 0
500 45438 0
550 110634 0
600 193100 0
650 259840 0
700 288924 2
750 275666 8
800 231594 14
850 178066 18
900 131090 16
950 95240 13
1000 68874 10
1050 49434 3
1100 34952 5
1150 24134 2
1200 16262 2
1250 10830 0
1300 7284 1
1350 5028 0
1400 3564 0
1450 2550 0
1500 1794 0
1550 1212 0
1600 770 0
1650 454 0
1700 246 0
1750 120 0
1800 54 0
1850 22 0
1900 8 0
1950 2 0
2000 0 0


Tags2007_R1_R1 :
tag-recapture data for tag Tags2007_R1 in years 2008 2009 2010 , step 1, after proportion 0.5 of mortality, with sampling method size, detection probability 1.
Year 2008
class scanned recaptured
100 0 0
150 0 0
200 0 0
250 2 0
300 28 0
350 344 0
400 2602 0
450 12332 0
500 40170 0
550 97884 0
600 182308 3
650 260086 13
700 291620 18
750 271378 20
800 224512 23
850 174626 23
900 131756 20
950 97934 11
1000 71728 3
1050 51120 3
1100 35200 3
1150 23658 0
1200 15864 5
1250 10828 1
1300 7580 1
1350 5410 0
1400 3886 0
1450 2772 0
1500 1934 0
1550 1300 0
1600 826 0
1650 490 0
1700 266 0
1750 132 0
1800 58 0
1850 24 0
1900 8 0
1950 2 0
2000 0 0


Year 2009
class scanned recaptured
100 0 0
150 0 0
200 0 0
250 2 0
300 28 0
350 338 0
400 2596 0
450 13080 0
500 43468 0
550 101422 0
600 180382 0
650 255904 5
700 293398 14
750 278302 25
800 229716 19
850 175798 20
900 130724 16
950 96182 10
1000 70174 11
1050 50456 4
1100 35360 3
1150 24054 2
1200 16060 2
1250 10754 1
1300 7362 1
1350 5182 0
1400 3714 0
1450 2662 0
1500 1866 0
1550 1256 0
1600 798 0
1650 470 0
1700 254 0
1750 126 0
1800 56 0
1850 22 0
1900 8 0
1950 2 0
2000 0 0


Year 2010
class scanned recaptured
100 0 0
150 0 0
200 0 0
250 2 0
300 30 0
350 342 0
400 2546 0
450 12914 0
500 45438 0
550 110634 0
600 193100 1
650 259840 1
700 288924 13
750 275666 12
800 231594 20
850 178066 17
900 131090 17
950 95240 13
1000 68874 6
1050 49434 9
1100 34952 3
1150 24134 2
1200 16262 2
1250 10830 1
1300 7284 0
1350 5028 0
1400 3564 0
1450 2550 0
1500 1794 0
1550 1212 0
1600 770 0
1650 454 0
1700 246 0
1750 120 0
1800 54 0
1850 22 0
1900 8 0
1950 2 0
2000 0 0


Tags2008_R1_R1 :
tag-recapture data for tag Tags2008_R1 in years 2009 2010 , step 1, after proportion 0.5 of mortality, with sampling method size, detection probability 1.
Year 2009
class scanned recaptured
100 0 0
150 0 0
200 0 0
250 2 0
300 28 0
350 338 0
400 2596 0
450 13080 0
500 43468 1
550 101422 0
600 180382 3
650 255904 15
700 293398 23
750 278302 34
800 229716 27
850 175798 31
900 130724 15
950 96182 14
1000 70174 8
1050 50456 2
1100 35360 5
1150 24054 2
1200 16060 0
1250 10754 0
1300 7362 0
1350 5182 0
1400 3714 0
1450 2662 0
1500 1866 0
1550 1256 0
1600 798 0
1650 470 0
1700 254 0
1750 126 0
1800 56 0
1850 22 0
1900 8 0
1950 2 0
2000 0 0


Year 2010
class scanned recaptured
100 0 0
150 0 0
200 0 0
250 2 0
300 30 0
350 342 0
400 2546 0
450 12914 0
500 45438 0
550 110634 0
600 193100 2
650 259840 4
700 288924 11
750 275666 19
800 231594 19
850 178066 22
900 131090 15
950 95240 10
1000 68874 13
1050 49434 9
1100 34952 4
1150 24134 2
1200 16262 3
1250 10830 0
1300 7284 2
1350 5028 0
1400 3564 0
1450 2550 0
1500 1794 0
1550 1212 0
1600 770 0
1650 454 0
1700 246 0
1750 120 0
1800 54 0
1850 22 0
1900 8 0
1950 2 0
2000 0 0


Tags2009_R1_R1 :
tag-recapture data for tag Tags2009_R1 in years 2010 , step 1, after proportion 0.5 of mortality, with sampling method size, detection probability 1.
Year 2010
class scanned recaptured
100 0 0
150 0 0
200 0 0
250 2 0
300 30 0
350 342 0
400 2546 0
450 12914 0
500 45438 0
550 110634 1
600 193100 2
650 259840 12
700 288924 18
750 275666 29
800 231594 32
850 178066 27
900 131090 19
950 95240 12
1000 68874 10
1050 49434 5
1100 34952 6
1150 24134 2
1200 16262 1
1250 10830 1
1300 7284 0
1350 5028 0
1400 3564 0
1450 2550 0
1500 1794 0
1550 1212 0
1600 770 0
1650 454 0
1700 246 0
1750 120 0
1800 54 0
1850 22 0
1900 8 0
1950 2 0
2000 0 0



Ageing_error:
  Misclassification matrix:
1 0 0 0 0 0 0 0 0 0 0 0 0 0 0 0 0 0 0 0 0 0 0 0 0 0 0 0 0 0 
0 1 0 0 0 0 0 0 0 0 0 0 0 0 0 0 0 0 0 0 0 0 0 0 0 0 0 0 0 0 
0 0 1 0 0 0 0 0 0 0 0 0 0 0 0 0 0 0 0 0 0 0 0 0 0 0 0 0 0 0 
0 0 0 1 0 0 0 0 0 0 0 0 0 0 0 0 0 0 0 0 0 0 0 0 0 0 0 0 0 0 
0 0 0 0 1 0 0 0 0 0 0 0 0 0 0 0 0 0 0 0 0 0 0 0 0 0 0 0 0 0 
0 0 0 0 0 1 0 0 0 0 0 0 0 0 0 0 0 0 0 0 0 0 0 0 0 0 0 0 0 0 
0 0 0 0 0 0 1 0 0 0 0 0 0 0 0 0 0 0 0 0 0 0 0 0 0 0 0 0 0 0 
0 0 0 0 0 0 0 1 0 0 0 0 0 0 0 0 0 0 0 0 0 0 0 0 0 0 0 0 0 0 
0 0 0 0 0 0 0 0 1 0 0 0 0 0 0 0 0 0 0 0 0 0 0 0 0 0 0 0 0 0 
0 0 0 0 0 0 0 0 0 1 0 0 0 0 0 0 0 0 0 0 0 0 0 0 0 0 0 0 0 0 
0 0 0 0 0 0 0 0 0 0 1 0 0 0 0 0 0 0 0 0 0 0 0 0 0 0 0 0 0 0 
0 0 0 0 0 0 0 0 0 0 0 1 0 0 0 0 0 0 0 0 0 0 0 0 0 0 0 0 0 0 
0 0 0 0 0 0 0 0 0 0 0 0 1 0 0 0 0 0 0 0 0 0 0 0 0 0 0 0 0 0 
0 0 0 0 0 0 0 0 0 0 0 0 0 1 0 0 0 0 0 0 0 0 0 0 0 0 0 0 0 0 
0 0 0 0 0 0 0 0 0 0 0 0 0 0 1 0 0 0 0 0 0 0 0 0 0 0 0 0 0 0 
0 0 0 0 0 0 0 0 0 0 0 0 0 0 0 1 0 0 0 0 0 0 0 0 0 0 0 0 0 0 
0 0 0 0 0 0 0 0 0 0 0 0 0 0 0 0 1 0 0 0 0 0 0 0 0 0 0 0 0 0 
0 0 0 0 0 0 0 0 0 0 0 0 0 0 0 0 0 1 0 0 0 0 0 0 0 0 0 0 0 0 
0 0 0 0 0 0 0 0 0 0 0 0 0 0 0 0 0 0 1 0 0 0 0 0 0 0 0 0 0 0 
0 0 0 0 0 0 0 0 0 0 0 0 0 0 0 0 0 0 0 1 0 0 0 0 0 0 0 0 0 0 
0 0 0 0 0 0 0 0 0 0 0 0 0 0 0 0 0 0 0 0 1 0 0 0 0 0 0 0 0 0 
0 0 0 0 0 0 0 0 0 0 0 0 0 0 0 0 0 0 0 0 0 1 0 0 0 0 0 0 0 0 
0 0 0 0 0 0 0 0 0 0 0 0 0 0 0 0 0 0 0 0 0 0 1 0 0 0 0 0 0 0 
0 0 0 0 0 0 0 0 0 0 0 0 0 0 0 0 0 0 0 0 0 0 0 1 0 0 0 0 0 0 
0 0 0 0 0 0 0 0 0 0 0 0 0 0 0 0 0 0 0 0 0 0 0 0 1 0 0 0 0 0 
0 0 0 0 0 0 0 0 0 0 0 0 0 0 0 0 0 0 0 0 0 0 0 0 0 1 0 0 0 0 
0 0 0 0 0 0 0 0 0 0 0 0 0 0 0 0 0 0 0 0 0 0 0 0 0 0 1 0 0 0 
0 0 0 0 0 0 0 0 0 0 0 0 0 0 0 0 0 0 0 0 0 0 0 0 0 0 0 1 0 0 
0 0 0 0 0 0 0 0 0 0 0 0 0 0 0 0 0 0 0 0 0 0 0 0 0 0 0 0 1 0 
0 0 0 0 0 0 0 0 0 0 0 0 0 0 0 0 0 0 0 0 0 0 0 0 0 0 0 0 0 1 

Free parameters:

initialization.B0
uniform: bounds from 5000 to 500000
current value: 448262
lower bound: 5000
upper bound: 500000


Q's:
qs are nuisance parameters

Penalties:
LL1_Penalty :
Catch limit penalty of 1000 x the sum of squares of (log(actual catch) - log(specified catch)) for fishery LL1 to disencourage breaking exploitation rate limits
LL2_Penalty :
Catch limit penalty of 1000 x the sum of squares of (log(actual catch) - log(specified catch)) for fishery LL2 to disencourage breaking exploitation rate limits
meanYCS_1 :
Vector average penalty of 100 x square of (mean(recruitment.YCS) - 1) 
Penalty_Tags2005_R1_LL1 :
'Fish-must-be-tagged' penalty of 1 x square of (actual number of tagged fish - nominal number of tagged fish) for tagging episode Tags2005_R1_LL1
Penalty_Tags2006_R1_LL1 :
'Fish-must-be-tagged' penalty of 1 x square of (actual number of tagged fish - nominal number of tagged fish) for tagging episode Tags2006_R1_LL1
Penalty_Tags2007_R1_LL1 :
'Fish-must-be-tagged' penalty of 1 x square of (actual number of tagged fish - nominal number of tagged fish) for tagging episode Tags2007_R1_LL1
Penalty_Tags2008_R1_LL1 :
'Fish-must-be-tagged' penalty of 1 x square of (actual number of tagged fish - nominal number of tagged fish) for tagging episode Tags2008_R1_LL1
Penalty_Tags2009_R1_LL1 :
'Fish-must-be-tagged' penalty of 1 x square of (actual number of tagged fish - nominal number of tagged fish) for tagging episode Tags2009_R1_LL1

Components of the objective function are:
  LL1_catchA
  Tags2005_R1_R1
  Tags2006_R1_R1
  Tags2007_R1_R1
  Tags2008_R1_R1
  Tags2009_R1_R1
  prior_on_initialization.B0
  LL1_Penalty
  LL2_Penalty
  meanYCS_1
  Penalty_Tags2005_R1_LL1
  Penalty_Tags2006_R1_LL1
  Penalty_Tags2007_R1_LL1
  Penalty_Tags2008_R1_LL1
  Penalty_Tags2009_R1_LL1

Random number seed : 20706


Minimiser achieved convergence after 6 quasi-Newton iterations using 9 objective function evaluations



Approximate Covariance matrix (Inverse Hessian of parameters at point estimate):
1.1335e+007 

Correlation matrix:
1 

List of parameter names, in the same order as the rows & cols of the covariance/correlation matrices:
initialization.B0 



Start extracting output from here

Point estimate:
initialization.B0
current value: 191007
lower bound: 5000
upper bound: 500000


In a format suitable for -i :

initialization.B0 
191007 

Objective function : 913.029

Components :
LL1_catchA                                         421.804
Tags2005_R1_R1                                     155.812
Tags2006_R1_R1                                     127.081
Tags2007_R1_R1                                     101.008
Tags2008_R1_R1                                     73.0753
Tags2009_R1_R1                                     34.2497
prior_on_initialization.B0                         0
LL1_Penalty                                        0
LL2_Penalty                                        0
meanYCS_1                                          0
Penalty_Tags2005_R1_LL1                            1.86116e-024
Penalty_Tags2006_R1_LL1                            2.06795e-025
Penalty_Tags2007_R1_LL1                            2.06795e-025
Penalty_Tags2008_R1_LL1                            0
Penalty_Tags2009_R1_LL1                            2.06795e-025

Fits : 

The observations are:
LL1_catchA
Tags2005_R1_R1
Tags2006_R1_R1
Tags2007_R1_R1
Tags2008_R1_R1
Tags2009_R1_R1
Fits follow:

LL1_catchA :
catch proportions-at-age for fishery LL1  with ageing error (constrained to sum to 1):
obs (last class is a plus group):
class 1       2       3       4       5       6       7       8       9       10      11      12      13      14      15      16      17      18      19      20      21      22      23      24      25      26      27      28      29      30      
2000 0       0       0       0       0       0.02    0.04    0.09    0.15    0.21    0.05    0.06    0.07    0.09    0.05    0.05    0.07    0       0.02    0       0.02    0       0       0       0.01    0       0       0       0       0       
2001 0       0       0       0       0       0.01    0.08    0.11    0.17    0.12    0.13    0.06    0.08    0.08    0.04    0.01    0.01    0.01    0.02    0.01    0.02    0.01    0.01    0       0.01    0       0       0       0.01    0       
2002 0       0       0       0.01    0       0.04    0.03    0.07    0.14    0.18    0.12    0.09    0.04    0.05    0.05    0       0.07    0.02    0.03    0.03    0       0       0.01    0       0.01    0       0       0.01    0       0       
2003 0       0       0       0       0       0       0.08    0.09    0.23    0.12    0.12    0.06    0.06    0.06    0.05    0.04    0.04    0.02    0.01    0.01    0       0       0       0       0       0       0.01    0       0       0       
2004 0       0       0       0       0.01    0.03    0.05    0.07    0.08    0.17    0.19    0.07    0.07    0.02    0.08    0.05    0.03    0.02    0.01    0.01    0       0       0.02    0.01    0       0       0.01    0       0       0       
2005 0       0       0       0       0       0.02    0.08    0.16    0.1     0.11    0.09    0.13    0.03    0.07    0.07    0.01    0.04    0.03    0.01    0       0       0.02    0.02    0       0.01    0       0       0       0       0       
2006 0       0       0       0       0       0.02    0.05    0.17    0.16    0.07    0.15    0.08    0.08    0.06    0.03    0.07    0.02    0.01    0       0.01    0       0.01    0       0       0       0       0       0       0       0.01    
2007 0       0       0       0       0       0.04    0.07    0.16    0.12    0.17    0.13    0.1     0.05    0.03    0.02    0.02    0.02    0.01    0.02    0.01    0       0       0.01    0.02    0       0       0       0       0       0       
2008 0       0       0       0       0       0.06    0.08    0.17    0.17    0.18    0.13    0.05    0.04    0.05    0.01    0.02    0       0.01    0       0.01    0       0       0       0.02    0       0       0       0       0       0       
2009 0       0       0       0       0.01    0.03    0.08    0.11    0.14    0.15    0.08    0.12    0.06    0.05    0.02    0.04    0.02    0       0       0.01    0.04    0       0       0.01    0.01    0       0       0       0.01    0.01    
2010 0       0       0       0.01    0       0.02    0.08    0.19    0.16    0.13    0.08    0.1     0.06    0.04    0.04    0.01    0.01    0.03    0.01    0.01    0.01    0       0       0.01    0       0       0       0       0       0       
fits (last class is a plus group):
class 1       2       3       4       5       6       7       8       9       10      11      12      13      14      15      16      17      18      19      20      21      22      23      24      25      26      27      28      29      30      
2000 4.90335e-007 8.0171e-006 9.26825e-005 0.000757539 0.00437707 0.0178699 0.0514555 0.104019 0.14664 0.143686 0.116655 0.0935228 0.0740938 0.0580515 0.045021 0.0346262 0.0265168 0.0203304 0.0156343 0.0119703 0.00906282 0.00678012 0.0050084 0.00365034 0.00262331 0.00185777 0.00129585 0.000889963 0.000601634 0.0029019 
2001 4.91787e-007 8.04091e-006 9.29639e-005 0.000759935 0.0043917 0.0179335 0.0516501 0.104426 0.1472  0.144308 0.117155 0.0938377 0.0742699 0.0581261 0.0450131 0.0345208 0.0262647 0.0199021 0.0151007 0.0114927 0.00870785 0.00652342 0.00482797 0.00352722 0.00254184 0.00180559 0.00126353 0.000870652 0.000590531 0.00288778 
2002 4.92973e-007 8.06005e-006 9.3186e-005 0.0007618 0.00440302 0.0179829 0.0518021 0.104747 0.147645 0.1447  0.117521 0.0941269 0.0744316 0.0581964 0.0450197 0.0344768 0.0261569 0.0196928 0.0147682 0.0110901 0.00835304 0.00626263 0.00464145 0.00339754 0.00245431 0.00174828 0.0012272 0.000848375 0.000577346 0.0028666 
2003 4.93988e-007 8.07615e-006 9.33691e-005 0.000763303 0.004412 0.0180217 0.0519214 0.104999 0.147997 0.14501 0.117725 0.0943296 0.0745897 0.0582685 0.0450332 0.0344516 0.0261015 0.0195962 0.0146017 0.0108381 0.00805493 0.00600356 0.00445317 0.00326438 0.00236277 0.00168718 0.00118765 0.00082358 0.000562309 0.0028385 
2004 4.94902e-007 8.09045e-006 9.35288e-005 0.000764584 0.00441944 0.0180531 0.052017 0.105201 0.148276 0.145253 0.117885 0.0944197 0.0746927 0.0583482 0.045056 0.0344376 0.026065 0.0195423 0.0145214 0.0107098 0.00786769 0.00578643 0.00426697 0.0031306 0.00226924 0.00162363 0.00114572 0.000796759 0.000545691 0.00280365 
2005 4.95768e-007 8.10385e-006 9.36763e-005 0.000765744 0.004426 0.01808 0.0520963 0.105364 0.148499 0.145444 0.118007 0.0944872 0.0747169 0.0583929 0.0450909 0.0344355 0.0260403 0.019505 0.0144745 0.0106462 0.00777139 0.00564976 0.00411119 0.00299872 0.00217557 0.00155891 0.00110227 0.000768439 0.000527794 0.00276226 
2006 4.96627e-007 8.11707e-006 9.38204e-005 0.000766861 0.00443218 0.0181046 0.0521663 0.105503 0.148682 0.145594 0.118097 0.0945339 0.0747305 0.0583816 0.0451029 0.0344459 0.0260271 0.0194784 0.0144413 0.010608 0.00772268 0.00557895 0.004013 0.00288853 0.00208345 0.00149426 0.00105814 0.000739167 0.000508951 0.00271466 
2007 4.975e-007 8.13042e-006 9.3965e-005 0.000767971 0.00443824 0.0181281 0.0522313 0.105628 0.148837 0.145714 0.118164 0.0945625 0.0747332 0.0583662 0.0450749 0.0344411 0.026025 0.0194616 0.0144169 0.0105805 0.0076929 0.0055426 0.00396181 0.00281897 0.00200653 0.00143075 0.0010141 0.000709473 0.000489501 0.00266119 
2008 4.98398e-007 8.14414e-006 9.41131e-005 0.000769102 0.00444436 0.0181516 0.0522947 0.105745 0.148976 0.145813 0.118211 0.0945757 0.0747249 0.0583449 0.0450457 0.0344071 0.0260124 0.0194538 0.0144002 0.0105598 0.00767107 0.00552003 0.00393523 0.00278252 0.0019579 0.00137773 0.000970876 0.000679869 0.000469788 0.00260239 
2009 4.99328e-007 8.15835e-006 9.42663e-005 0.000770268 0.00445064 0.0181755 0.0523583 0.105859 0.149108 0.1459  0.118245 0.0945765 0.0747066 0.0583167 0.0450132 0.0343732 0.0259786 0.0194387 0.0143906 0.010545 0.00765437 0.00550327 0.0039185 0.00276341 0.00193232 0.00134417 0.000934792 0.000650825 0.000450143 0.00253886 
2010 5.00292e-007 8.17309e-006 9.44251e-005 0.000771476 0.00445712 0.0182  0.052423 0.105975 0.149238 0.145981 0.11827 0.0945679 0.0746794 0.0582813 0.0449758 0.0343371 0.025945 0.0194079 0.0143756 0.0105354 0.00764198 0.00549021 0.00390592 0.00275123 0.00191878 0.00132644 0.000911919 0.000626572 0.000430873 0.00247133 
resids (last class is a plus group):
class 1       2       3       4       5       6       7       8       9       10      11      12      13      14      15      16      17      18      19      20      21      22      23      24      25      26      27      28      29      30      
2000 -4.90335e-007 -8.0171e-006 -9.26825e-005 -0.000757539 -0.00437707 0.00213012 -0.0114555 -0.0140189 0.00335953 0.0663143 -0.0666546 -0.0335228 -0.00409382 0.0319485 0.00497905 0.0153738 0.0434832 -0.0203304 0.00436568 -0.0119703 0.0109372 -0.00678012 -0.0050084 -0.00365034 0.00737669 -0.00185777 -0.00129585 -0.000889963 -0.000601634 -0.0029019 
2001 -4.91787e-007 -8.04091e-006 -9.29639e-005 -0.000759935 -0.0043917 -0.00793352 0.0283499 0.00557423 0.0227997 -0.0243082 0.0128452 -0.0338377 0.00573007 0.0218739 -0.00501308 -0.0245208 -0.0162647 -0.0099021 0.00489928 -0.00149268 0.0112921 0.00347658 0.00517203 -0.00352722 0.00745816 -0.00180559 -0.00126353 -0.000870652 0.00940947 -0.00288778 
2002 -4.92973e-007 -8.06005e-006 -9.3186e-005 0.0092382 -0.00440302 0.0220171 -0.0218021 -0.0347466 -0.00764531 0.0353003 0.00247931 -0.00412692 -0.0344316 -0.00819636 0.00498025 -0.0344768 0.0438431 0.000307205 0.0152318 0.0189099 -0.00835304 -0.00626263 0.00535855 -0.00339754 0.00754569 -0.00174828 -0.0012272 0.00915162 -0.000577346 -0.0028666 
2003 -4.93988e-007 -8.07615e-006 -9.33691e-005 -0.000763303 -0.004412 -0.0180217 0.0280786 -0.0149995 0.0820026 -0.0250096 0.00227496 -0.0343296 -0.0145897 0.00173154 0.00496684 0.0055484 0.0138985 0.000403772 -0.00460172 -0.000838065 -0.00805493 -0.00600356 -0.00445317 -0.00326438 -0.00236277 -0.00168718 0.00881235 -0.00082358 -0.000562309 -0.0028385 
2004 -4.94902e-007 -8.09045e-006 -9.35288e-005 -0.000764584 0.00558056 0.0119469 -0.00201698 -0.0352007 -0.0682761 0.0247467 0.0721155 -0.0244197 -0.00469268 -0.0383482 0.034944 0.0155624 0.00393504 0.00045772 -0.00452138 -0.000709828 -0.00786769 -0.00578643 0.015733 0.0068694 -0.00226924 -0.00162363 0.00885428 -0.000796759 -0.000545691 -0.00280365 
2005 -4.95768e-007 -8.10385e-006 -9.36763e-005 -0.000765744 -0.004426 0.00192003 0.0279037 0.0546357 -0.0484989 -0.0354441 -0.0280067 0.0355128 -0.0447169 0.0116071 0.0249091 -0.0244355 0.0139597 0.010495 -0.0044745 -0.0106462 -0.00777139 0.0143502 0.0158888 -0.00299872 0.00782443 -0.00155891 -0.00110227 -0.000768439 -0.000527794 -0.00276226 
2006 -4.96627e-007 -8.11707e-006 -9.38204e-005 -0.000766861 -0.00443218 0.00189545 -0.00216627 0.0644965 0.0113184 -0.0755938 0.0319025 -0.0145339 0.00526951 0.0016184 -0.0151029 0.0355541 -0.0060271 -0.00947841 -0.0144413 -0.000608021 -0.00772268 0.00442105 -0.004013 -0.00288853 -0.00208345 -0.00149426 -0.00105814 -0.000739167 -0.000508951 0.00728534 
2007 -4.975e-007 -8.13042e-006 -9.3965e-005 -0.000767971 -0.00443824 0.0218719 0.0177687 0.0543724 -0.0288371 0.0242862 0.0118364 0.00543751 -0.0247332 -0.0283662 -0.0250749 -0.0144411 -0.00602498 -0.00946159 0.00558312 -0.000580491 -0.0076929 -0.0055426 0.00603819 0.017181 -0.00200653 -0.00143075 -0.0010141 -0.000709473 -0.000489501 -0.00266119 
2008 -4.98398e-007 -8.14414e-006 -9.41131e-005 -0.000769102 -0.00444436 0.0418484 0.0277053 0.0642554 0.0210235 0.0341868 0.011789 -0.0445757 -0.0347249 -0.00834492 -0.0350457 -0.0144071 -0.0260124 -0.00945382 -0.0144002 -0.0005598 -0.00767107 -0.00552003 -0.00393523 0.0172175 -0.0019579 -0.00137773 -0.000970876 -0.000679869 -0.000469788 -0.00260239 
2009 -4.99328e-007 -8.15835e-006 -9.42663e-005 -0.000770268 0.00554936 0.0118245 0.0276417 0.00414057 -0.00910817 0.00409986 -0.0382449 0.0254235 -0.0147066 -0.00831669 -0.0250132 0.00562679 -0.00597859 -0.0194387 -0.0143906 -0.000545 0.0323456 -0.00550327 -0.0039185 0.00723659 0.00806768 -0.00134417 -0.000934792 -0.000650825 0.00954986 0.00746114 
2010 -5.00292e-007 -8.17309e-006 -9.44251e-005 0.00922852 -0.00445712 0.00180001 0.027577 0.0840251 0.0107621 -0.0159814 -0.0382705 0.00543213 -0.0146794 -0.0182813 -0.00497585 -0.0243371 -0.015945 0.0105921 -0.00437563 -0.000535408 0.00235802 -0.00549021 -0.00390592 0.00724877 -0.00191878 -0.00132644 -0.000911919 -0.000626572 -0.000430873 -0.00247133 
pearson_resids (last class is a plus group):
class 1       2       3       4       5       6       7       8       9       10      11      12      13      14      15      16      17      18      19      20      21      22      23      24      25      26      27      28      29      30      
2000 -0.0070024 -0.0283146 -0.0962762 -0.275339 -0.663047 0.16079 -0.518526 -0.459208 0.0949697 1.89053 -2.07641 -1.15134 -0.156298 1.36625 0.240127 0.840872 2.70643 -1.44057 0.351912 -1.10069 1.15412 -0.826221 -0.70948 -0.605286 1.44214 -0.43142 -0.360213 -0.298455 -0.245356 -0.539476 
2001 -0.00701276 -0.0283566 -0.0964223 -0.275774 -0.664159 -0.59781 1.28095 0.182276 0.643504 -0.69175 0.39941 -1.1604 0.21853 0.934856 -0.241789 -1.34315 -1.01704 -0.708995 0.401733 -0.140045 1.2154  0.431853 0.746155 -0.594954 1.48119 -0.425306 -0.355686 -0.295197 3.87322 -0.538158 
2002 -0.00702121 -0.0283903 -0.0965374 3.34836 -0.665019 1.6568  -0.983727 -1.13467 -0.215514 1.00343 0.0769876 -0.14133 -1.31182 -0.350101 0.240189 -1.88965 2.74703 0.0221102 1.26275 1.80569 -0.917791 -0.793858 0.788371 -0.583877 1.525   -0.41849 -0.350529 3.14332 -0.24035 -0.536175 
2003 -0.00702843 -0.0284187 -0.0966322 -0.276385 -0.665699 -1.35471 1.26555 -0.489296 2.3093  -0.710277 0.0705889 -1.17452 -0.555316 0.0739184 0.239508 0.304212 0.87172 0.0291305 -0.38363 -0.0809409 -0.901129 -0.777163 -0.668812 -0.572283 -0.486658 -0.4111 2.55862 -0.287099 -0.237197 -0.533533 
2004 -0.00703493 -0.0284438 -0.0967148 -0.276617 0.84131 0.897293 -0.0908298 -1.1473 -1.92125 0.702321 2.23634 -0.835115 -0.1785 -1.63601 1.68464 0.853431 0.246977 0.0330673 -0.377958 -0.0689604 -0.89051 -0.762896 2.41369 1.22966 -0.476907 -0.40327 2.61735 -0.282382 -0.233664 -0.530239 
2005 -0.00704108 -0.0284674 -0.0967911 -0.276827 -0.666759 0.144102 1.25567 1.77954 -1.36389 -1.00537 -0.868112 1.21409 -1.70069 0.495006 1.20042 -1.34007 0.876559 0.758907 -0.374636 -1.03734 -0.885  1.91458 2.48315 -0.548428 1.67934 -0.395139 -0.332188 -0.277314 -0.229798 -0.5263 
2006 -0.00704718 -0.0284906 -0.0968655 -0.277029 -0.667226 0.142163 -0.0974209 2.09949 0.318135 -2.1433 0.98854 -0.496767 0.200395 0.0690257 -0.727747 1.94955 -0.378549 -0.685852 -1.21049 -0.0593495 -0.882201 0.59356 -0.634757 -0.538228 -0.456925 -0.386846 -0.325462 -0.271977 -0.225657 1.40018 
2007 -0.00705337 -0.028514 -0.0969401 -0.277229 -0.667685 1.63939 0.798616 1.76901 -0.810196 0.688349 0.366678 0.185828 -0.940567 -1.20998 -1.20861 -0.791902 -0.378431 -0.684925 0.468376 -0.0567352 -0.880485 -0.746558 0.961218 3.24054 -0.448393 -0.378524 -0.318611 -0.266454 -0.221301 -0.516555 
2008 -0.00705973 -0.0285381 -0.0970165 -0.277434 -0.668147 3.13472 1.24451 2.08953 0.590441 0.968687 0.365145 -1.52329 -1.32061 -0.35602 -1.68973 -0.790418 -1.63423 -0.684496 -1.20874 -0.0547659 -0.879225 -0.745028 -0.628552 3.26855 -0.442916 -0.371434 -0.31174 -0.260832 -0.216797 -0.510801 
2009 -0.00706632 -0.0285629 -0.0970954 -0.277644 0.833681 0.885163 1.24094 0.134584 -0.255707 0.116141 -1.18443 0.868797 -0.559361 -0.354897 -1.20643 0.308849 -0.375843 -1.40798 -1.20833 -0.053355 3.71133 -0.74389 -0.627209 1.37852 1.83709 -0.366876 -0.305887 -0.255196 4.50214 1.48265 
2010 -0.00707314 -0.0285887 -0.0971772 3.32383 -0.669109 0.134656 1.23731 2.72981 0.302034 -0.45262 -1.18511 0.18564 -0.558422 -0.780336 -0.240088 -1.33652 -1.00301 0.767803 -0.367597 -0.0524396 0.270776 -0.743002 -0.626198 1.38388 -0.438459 -0.364445 -0.302118 -0.250393 -0.207619 -0.497741 
objective function: multinomial likelihood, with delta = 1e-011, N =
100 100 100 100 100 100 100 100 100 100 100 100 100 100 100 100 100 100 100 100 100 100 100 100 100 100 100 100 100 100 
100 100 100 100 100 100 100 100 100 100 100 100 100 100 100 100 100 100 100 100 100 100 100 100 100 100 100 100 100 100 
100 100 100 100 100 100 100 100 100 100 100 100 100 100 100 100 100 100 100 100 100 100 100 100 100 100 100 100 100 100 
100 100 100 100 100 100 100 100 100 100 100 100 100 100 100 100 100 100 100 100 100 100 100 100 100 100 100 100 100 100 
100 100 100 100 100 100 100 100 100 100 100 100 100 100 100 100 100 100 100 100 100 100 100 100 100 100 100 100 100 100 
100 100 100 100 100 100 100 100 100 100 100 100 100 100 100 100 100 100 100 100 100 100 100 100 100 100 100 100 100 100 
100 100 100 100 100 100 100 100 100 100 100 100 100 100 100 100 100 100 100 100 100 100 100 100 100 100 100 100 100 100 
100 100 100 100 100 100 100 100 100 100 100 100 100 100 100 100 100 100 100 100 100 100 100 100 100 100 100 100 100 100 
100 100 100 100 100 100 100 100 100 100 100 100 100 100 100 100 100 100 100 100 100 100 100 100 100 100 100 100 100 100 
100 100 100 100 100 100 100 100 100 100 100 100 100 100 100 100 100 100 100 100 100 100 100 100 100 100 100 100 100 100 
100 100 100 100 100 100 100 100 100 100 100 100 100 100 100 100 100 100 100 100 100 100 100 100 100 100 100 100 100 100 

Tags2005_R1_R1 :
tag-recapture data for tag Tags2005_R1 in years 2006 2007 2008 2009 2010 , step 1, after proportion 0.5 of mortality, with sampling method size, detection probability 1.
Year 2006
class scanned recaptured expected_prop neg_log_likelihood
100 0 0 0 0
150 0 0 1.41179e-012 0
200 0 0 8.30079e-012 0
250 2 0 5.79774e-011 1.15955e-010
300 28 0 7.78677e-010 2.18029e-008
350 320 0 9.78439e-009 3.131e-006
400 2302 0 9.13998e-008 0.000210402
450 11502 0 6.16119e-007 0.0070866
500 39770 0 2.93574e-006 0.116754
550 96806 1 1.0025e-005 1.00044
600 173902 3 2.53685e-005 1.75066
650 243624 9 4.95087e-005 2.45316
700 277690 18 7.75686e-005 2.67703
750 266092 22 0.000101595 2.96901
800 224820 21 0.000116216 2.98493
850 178122 23 0.00012129 2.53439
900 136978 9 0.000119582 4.01752
950 101584 11 0.000113724 2.13884
1000 71958 9 0.000105288 2.15285
1050 49292 1 9.51725e-005 3.14567
1100 33518 3 8.39749e-005 1.50185
1150 23134 3 7.21654e-005 1.92368
1200 16316 0 6.02483e-005 0.983041
1250 11662 1 4.89444e-005 1.13149
1300 8346 0 3.90132e-005 0.325611
1350 5944 0 3.09491e-005 0.183964
1400 4222 1 2.49402e-005 2.35624
1450 2988 0 2.07191e-005 0.0619093
1500 2086 0 1.78354e-005 0.0372051
1550 1406 0 1.58964e-005 0.0223505
1600 896 0 1.45568e-005 0.013043
1650 530 0 1.36489e-005 0.00723395
1700 286 0 1.30512e-005 0.00373266
1750 140 0 1.26668e-005 0.00177336
1800 62 0 1.24232e-005 0.000770246
1850 24 0 1.22696e-005 0.000294473
1900 8 0 1.21695e-005 9.73563e-005
1950 2 0 1.20925e-005 2.41852e-005
2000 0 0 1.20071e-005 0

total neg_log_likelihood: 36.5029


Year 2007
class scanned recaptured expected_prop neg_log_likelihood
100 0 0 0 0
150 0 0 4.72398e-015 0
200 0 0 4.73791e-013 0
250 2 0 7.00328e-012 1.40066e-011
300 28 0 1.43566e-010 4.01984e-009
350 344 0 1.99969e-009 6.87892e-007
400 2442 0 1.93029e-008 4.71378e-005
450 11568 0 1.4861e-007 0.00171913
500 39724 0 8.62096e-007 0.0342459
550 99366 0 3.64398e-006 0.362089
600 181960 2 1.13832e-005 1.30809
650 252416 7 2.70924e-005 1.90567
700 280488 16 5.08474e-005 2.41225
750 265182 22 7.7826e-005 2.51219
800 224010 27 0.000100645 2.98358
850 176300 24 0.00011446 2.85222
900 134278 17 0.000119115 2.37135
950 100438 12 0.00011709 2.1707
1000 72920 2 0.000110894 4.59941
1050 50898 5 0.000102073 1.74397
1100 34514 1 9.1486e-005 2.00781
1150 23278 1 7.97243e-005 1.23749
1200 15942 0 6.73956e-005 1.07446
1250 11162 0 5.53335e-005 0.61765
1300 7944 0 4.44496e-005 0.353115
1350 5686 0 3.54018e-005 0.201298
1400 4062 0 2.85259e-005 0.115874
1450 2880 0 2.36167e-005 0.0680169
1500 2006 0 2.02126e-005 0.040547
1550 1350 0 1.78931e-005 0.024156
1600 862 0 1.62648e-005 0.0140204
1650 512 0 1.51423e-005 0.00775292
1700 278 0 1.43915e-005 0.00400086
1750 138 0 1.3902e-005 0.00191848
1800 62 0 1.35885e-005 0.000842495
1850 24 0 1.33897e-005 0.000321355
1900 8 0 1.32607e-005 0.000106086
1950 2 0 1.31652e-005 2.63306e-005
2000 0 0 1.30649e-005 0

total neg_log_likelihood: 31.0269


Year 2008
class scanned recaptured expected_prop neg_log_likelihood
100 0 0 0 0
150 0 0 0 0
200 0 0 1.36323e-014 0
250 2 0 6.42202e-013 1.28431e-012
300 28 0 2.45669e-011 6.87873e-010
350 344 0 4.64665e-010 1.59845e-007
400 2602 0 4.60907e-009 1.19928e-005
450 12332 0 3.55074e-008 0.000437878
500 40170 0 2.33942e-007 0.00939744
550 97884 0 1.18173e-006 0.115672
600 182308 2 4.48369e-006 1.91378
650 260086 1 1.29366e-005 2.15132
700 291620 8 2.91171e-005 1.98354
750 271378 13 5.25973e-005 2.2664
800 224512 20 7.84884e-005 2.57468
850 174626 15 9.99767e-005 2.46035
900 131756 18 0.000112812 2.67852
950 97934 11 0.000116866 2.13418
1000 71728 10 0.000114399 2.2618
1050 51120 6 0.000107737 1.85003
1100 35200 4 9.83428e-005 1.67267
1150 23658 2 8.70586e-005 1.30768
1200 15864 1 7.46278e-005 1.01505
1250 10828 0 6.20138e-005 0.671506
1300 7580 0 5.02965e-005 0.381257
1350 5410 2 4.03172e-005 3.95683
1400 3886 0 3.25829e-005 0.126619
1450 2772 0 2.69745e-005 0.0747743
1500 1934 0 2.30339e-005 0.0445481
1550 1300 0 2.03201e-005 0.0264164
1600 826 0 1.83929e-005 0.0151926
1650 490 0 1.70491e-005 0.00835414
1700 266 0 1.6141e-005 0.00429355
1750 132 0 1.55438e-005 0.0020518
1800 58 0 1.5159e-005 0.000879231
1850 24 0 1.4914e-005 0.00035794
1900 8 0 1.47555e-005 0.000118045
1950 2 0 1.46401e-005 2.92803e-005
2000 0 0 1.45239e-005 0

total neg_log_likelihood: 31.7088


Year 2009
class scanned recaptured expected_prop neg_log_likelihood
100 0 0 0 0
150 0 0 0 0
200 0 0 4.61457e-017 0
250 2 0 3.9317e-014 7.86038e-014
300 28 0 3.31386e-012 9.27893e-011
350 338 0 1.05011e-010 3.54936e-008
400 2596 0 1.32505e-009 3.43984e-006
450 13080 0 9.17305e-009 0.000119983
500 43468 0 6.25753e-008 0.00272003
550 101422 0 3.56969e-007 0.0362045
600 180382 0 1.59707e-006 0.288082
650 255904 0 5.50647e-006 1.40913
700 293398 2 1.4774e-005 2.09453
750 278302 14 3.15005e-005 3.56453
800 229716 11 5.46978e-005 2.22722
850 175798 17 7.9427e-005 2.64904
900 130724 22 9.94991e-005 5.03773
950 96182 10 0.000111199 2.10162
1000 70174 4 0.00011449 2.87752
1050 50456 5 0.000111407 1.77591
1100 35360 5 0.000104061 1.95302
1150 24054 2 9.38293e-005 1.32203
1200 16060 1 8.17131e-005 1.04049
1250 10754 0 6.88395e-005 0.740325
1300 7362 0 5.64727e-005 0.415764
1350 5182 0 4.56579e-005 0.236605
1400 3714 0 3.7101e-005 0.137796
1450 2662 0 3.07968e-005 0.0819822
1500 1866 0 2.63099e-005 0.0490948
1550 1256 0 2.31892e-005 0.029126
1600 798 0 2.09519e-005 0.0167198
1650 470 0 1.93787e-005 0.00910809
1700 254 0 1.8308e-005 0.00465028
1750 126 0 1.75999e-005 0.0022176
1800 56 0 1.71417e-005 0.000959943
1850 22 0 1.68494e-005 0.000370689
1900 8 0 1.66606e-005 0.000133286
1950 2 0 1.65243e-005 3.3049e-005
2000 0 0 1.63899e-005 0

total neg_log_likelihood: 30.1048


Year 2010
class scanned recaptured expected_prop neg_log_likelihood
100 0 0 0 0
150 0 0 0 0
200 0 0 0 0
250 2 0 1.17217e-015 2.44249e-015
300 30 0 3.19322e-013 9.579e-012
350 342 0 1.97242e-011 6.74568e-009
400 2546 0 4.27817e-010 1.08922e-006
450 12914 0 2.72969e-009 3.52512e-005
500 45438 0 1.7699e-008 0.000804205
550 110634 0 1.05835e-007 0.011709
600 193100 0 5.33384e-007 0.102997
650 259840 0 2.14352e-006 0.556974
700 288924 4 6.76961e-006 2.45055
750 275666 4 1.69358e-005 1.68321
800 231594 9 3.42028e-005 2.09713
850 178066 8 5.70366e-005 2.21614
900 131090 12 8.05459e-005 2.26247
950 95240 11 9.91128e-005 2.24783
1000 68874 8 0.000109542 1.98249
1050 49434 7 0.000111875 2.08369
1100 34952 2 0.00010792 1.80996
1150 24134 4 9.95791e-005 2.07399
1200 16262 0 8.83409e-005 1.43666
1250 10830 1 7.56047e-005 1.01867
1300 7284 0 6.28534e-005 0.457838
1350 5028 1 5.13584e-005 1.61209
1400 3564 0 4.20518e-005 0.149876
1450 2550 0 3.50767e-005 0.0894472
1500 1794 0 3.0045e-005 0.0539015
1550 1212 0 2.65099e-005 0.0321304
1600 770 0 2.39526e-005 0.0184437
1650 454 0 2.21412e-005 0.0100522
1700 246 0 2.09013e-005 0.00514177
1750 120 0 2.00778e-005 0.00240935
1800 54 0 1.95434e-005 0.00105535
1850 22 0 1.9202e-005 0.000422448
1900 8 0 1.8982e-005 0.000151857
1950 2 0 1.88243e-005 3.7649e-005
2000 0 0 1.86702e-005 0

total neg_log_likelihood: 26.4683


Tags2006_R1_R1 :
tag-recapture data for tag Tags2006_R1 in years 2007 2008 2009 2010 , step 1, after proportion 0.5 of mortality, with sampling method size, detection probability 1.
Year 2007
class scanned recaptured expected_prop neg_log_likelihood
100 0 0 0 0
150 0 0 2.734e-012 0
200 0 0 1.23542e-011 0
250 2 0 7.13616e-011 1.42723e-010
300 28 0 9.25444e-010 2.59124e-008
350 344 0 1.15526e-008 3.97409e-006
400 2442 0 1.03723e-007 0.000253291
450 11568 0 6.68381e-007 0.00773184
500 39724 0 3.08281e-006 0.122462
550 99366 1 1.03256e-005 1.00033
600 181960 1 2.58752e-005 3.15898
650 252416 9 5.03214e-005 2.62798
700 280488 22 7.88711e-005 2.46855
750 265182 26 0.000103527 2.59032
800 224010 29 0.000118641 2.71267
850 176300 21 0.000123709 2.46034
900 134278 23 0.000121287 3.71564
950 100438 10 0.000114041 2.17499
1000 72920 9 0.000103789 2.15437
1050 50898 9 9.17894e-005 3.59973
1100 34514 1 7.90169e-005 1.72395
1150 23278 2 6.62465e-005 1.36892
1200 15942 2 5.41156e-005 1.85119
1250 11162 0 4.32616e-005 0.482896
1300 7944 0 3.41929e-005 0.271633
1350 5686 0 2.71213e-005 0.154214
1400 4062 0 2.20139e-005 0.0894215
1450 2880 0 1.85088e-005 0.0533058
1500 2006 0 1.6155e-005 0.0324071
1550 1350 0 1.45908e-005 0.0196977
1600 862 0 1.35173e-005 0.011652
1650 512 0 1.27914e-005 0.00654925
1700 278 0 1.23134e-005 0.00342315
1750 138 0 1.20055e-005 0.00165677
1800 62 0 1.181e-005 0.000732221
1850 24 0 1.16863e-005 0.000280473
1900 8 0 1.16057e-005 9.2846e-005
1950 2 0 1.15448e-005 2.30898e-005
2000 0 0 1.14792e-005 0

total neg_log_likelihood: 34.8664


Year 2008
class scanned recaptured expected_prop neg_log_likelihood
100 0 0 0 0
150 0 0 9.4521e-015 0
200 0 0 8.17105e-013 0
250 2 0 9.00695e-012 1.80138e-011
300 28 0 1.64873e-010 4.61645e-009
350 344 0 2.28372e-009 7.856e-007
400 2602 0 2.19752e-008 5.71794e-005
450 12332 0 1.64212e-007 0.00202506
500 40170 0 9.21134e-007 0.037002
550 97884 0 3.79882e-006 0.371844
600 182308 1 1.16913e-005 1.37463
650 260086 7 2.76168e-005 1.90612
700 291620 17 5.16991e-005 2.45822
750 271378 23 7.91716e-005 2.54244
800 224512 16 0.000102571 3.51272
850 174626 20 0.000116779 2.42472
900 131756 12 0.000121311 2.71204
950 97934 12 0.000118476 2.17499
1000 71728 7 0.00011085 1.96304
1050 51120 8 0.000100246 2.6568
1100 35200 2 8.78963e-005 1.52819
1150 23658 2 7.47664e-005 1.3213
1200 15864 0 6.17258e-005 0.979248
1250 10828 0 4.96641e-005 0.537776
1300 7580 1 3.93308e-005 1.50833
1350 5410 1 3.11163e-005 1.95008
1400 3886 0 2.50961e-005 0.0975246
1450 2772 0 2.09195e-005 0.0579894
1500 1934 0 1.80883e-005 0.034983
1550 1300 0 1.61921e-005 0.0210498
1600 826 0 1.48773e-005 0.0122888
1650 490 0 1.39778e-005 0.00684917
1700 266 0 1.33784e-005 0.00355867
1750 132 0 1.2988e-005 0.00171443
1800 58 0 1.2738e-005 0.000738811
1850 24 0 1.25791e-005 0.000301899
1900 8 0 1.24755e-005 9.9805e-005
1950 2 0 1.2399e-005 2.47982e-005
2000 0 0 1.23209e-005 0

total neg_log_likelihood: 32.1987


Year 2009
class scanned recaptured expected_prop neg_log_likelihood
100 0 0 0 0
150 0 0 0 0
200 0 0 2.63829e-014 0
250 2 0 9.33185e-013 1.86628e-012
300 28 0 2.86893e-011 8.033e-010
350 338 0 5.1433e-010 1.73844e-007
400 2596 0 5.13467e-009 1.33296e-005
450 13080 0 3.94311e-008 0.000515759
500 43468 0 2.53485e-007 0.0110185
550 101422 0 1.24808e-006 0.126583
600 180382 0 4.64724e-006 0.83828
650 255904 0 1.32563e-005 3.39237
700 293398 8 2.96672e-005 1.99835
750 278302 15 5.34957e-005 2.27891
800 229716 14 7.9878e-005 2.80624
850 175798 18 0.000101889 2.36892
900 130724 18 0.000115008 2.6437
950 96182 9 0.000118816 2.3052
1000 70174 5 0.000115444 2.42864
1050 50456 4 0.000107322 1.83635
1100 35360 6 9.62048e-005 2.63523
1150 24054 2 8.33198e-005 1.30682
1200 16060 1 6.97608e-005 1.00668
1250 10754 2 5.66826e-005 2.29273
1300 7362 1 4.51251e-005 1.43416
1350 5182 0 3.57223e-005 0.185116
1400 3714 0 2.87137e-005 0.106644
1450 2662 0 2.37944e-005 0.0633414
1500 1866 0 2.04307e-005 0.038124
1550 1256 0 1.81642e-005 0.0228145
1600 798 0 1.65832e-005 0.0132335
1650 470 0 1.54947e-005 0.00728257
1700 254 0 1.47651e-005 0.00375036
1750 126 0 1.42875e-005 0.00180023
1800 56 0 1.39803e-005 0.000782899
1850 22 0 1.37843e-005 0.000303258
1900 8 0 1.36568e-005 0.000109255
1950 2 0 1.35631e-005 2.71265e-005
2000 0 0 1.34697e-005 0

total neg_log_likelihood: 32.1541


Year 2010
class scanned recaptured expected_prop neg_log_likelihood
100 0 0 0 0
150 0 0 0 0
200 0 0 9.23089e-017 0
250 2 0 6.74426e-014 1.34781e-013
300 30 0 4.15937e-012 1.2478e-010
350 342 0 1.16032e-010 3.9683e-008
400 2546 0 1.43262e-009 3.64746e-006
450 12914 0 1.00752e-008 0.000130112
500 45438 0 6.8149e-008 0.00309656
550 110634 0 3.81035e-007 0.0421555
600 193100 0 1.67139e-006 0.322746
650 259840 0 5.68089e-006 1.47613
700 288924 2 1.51116e-005 2.11152
750 275666 8 3.20854e-005 2.01076
800 231594 14 5.56486e-005 2.29105
850 178066 18 8.08562e-005 2.78589
900 131090 16 0.000101382 2.56961
950 95240 13 0.000113248 2.42094
1000 68874 10 0.000116167 2.30973
1050 49434 3 0.000112092 2.19634
1100 34952 5 0.000103278 1.979
1150 24134 2 9.14203e-005 1.31678
1200 16262 2 7.79044e-005 1.48687
1250 10830 0 6.4154e-005 0.69481
1300 7284 1 5.15254e-005 1.35527
1350 5028 0 4.09538e-005 0.20592
1400 3564 0 3.29092e-005 0.11729
1450 2550 0 2.71815e-005 0.0693138
1500 1794 0 2.32259e-005 0.0416677
1550 1212 0 2.05432e-005 0.0248986
1600 770 0 1.86624e-005 0.0143702
1650 454 0 1.73624e-005 0.00788258
1700 246 0 1.64882e-005 0.00405612
1750 120 0 1.59145e-005 0.00190975
1800 54 0 1.55447e-005 0.000839421
1850 22 0 1.53086e-005 0.000336792
1900 8 0 1.51549e-005 0.00012124
1950 2 0 1.50422e-005 3.00846e-005
2000 0 0 1.49304e-005 0

total neg_log_likelihood: 27.8615


Tags2007_R1_R1 :
tag-recapture data for tag Tags2007_R1 in years 2008 2009 2010 , step 1, after proportion 0.5 of mortality, with sampling method size, detection probability 1.
Year 2008
class scanned recaptured expected_prop neg_log_likelihood
100 0 0 0 0
150 0 0 1.51287e-012 0
200 0 0 9.90379e-012 0
250 2 0 6.43402e-011 1.2868e-010
300 28 0 8.47363e-010 2.37262e-008
350 344 0 1.07051e-008 3.68256e-006
400 2602 0 9.90403e-008 0.000257703
450 12332 0 6.54565e-007 0.00807209
500 40170 0 3.06357e-006 0.123064
550 97884 0 1.03325e-005 1.01139
600 182308 3 2.59462e-005 1.86006
650 260086 13 5.0405e-005 2.20826
700 291620 18 7.8754e-005 2.94924
750 271378 20 0.000102942 3.67345
800 224512 23 0.000117532 2.71765
850 174626 23 0.000122405 2.5505
900 131756 20 0.00012043 2.91767
950 97934 11 0.000114326 2.12714
1000 71728 3 0.00010568 3.29548
1050 51120 3 9.53524e-005 1.91418
1100 35200 3 8.39117e-005 1.49624
1150 23658 0 7.18453e-005 1.69978
1200 15864 5 5.97002e-005 6.00678
1250 10828 1 4.82312e-005 1.17183
1300 7580 1 3.82137e-005 1.52868
1350 5410 0 3.0146e-005 0.163092
1400 3886 0 2.42012e-005 0.0940469
1450 2772 0 2.00828e-005 0.0556701
1500 1934 0 1.73127e-005 0.0334831
1550 1300 0 1.54785e-005 0.0201222
1600 826 0 1.42289e-005 0.0117531
1650 490 0 1.33909e-005 0.00656158
1700 266 0 1.28432e-005 0.00341632
1750 132 0 1.24925e-005 0.00164902
1800 58 0 1.22707e-005 0.000711706
1850 24 0 1.21305e-005 0.000291133
1900 8 0 1.20383e-005 9.63073e-005
1950 2 0 1.19676e-005 2.39353e-005
2000 0 0 1.18912e-005 0

total neg_log_likelihood: 39.6506


Year 2009
class scanned recaptured expected_prop neg_log_likelihood
100 0 0 0 0
150 0 0 4.77833e-015 0
200 0 0 5.63465e-013 0
250 2 0 8.01408e-012 1.60281e-011
300 28 0 1.55114e-010 4.34319e-009
350 338 0 2.15024e-009 7.2678e-007
400 2596 0 2.08421e-008 5.41062e-005
450 13080 0 1.58991e-007 0.00207961
500 43468 0 9.07732e-007 0.0394573
550 101422 0 3.78318e-006 0.383698
600 180382 0 1.1701e-005 2.11066
650 255904 5 2.76724e-005 2.08155
700 293398 14 5.17328e-005 2.29136
750 278302 25 7.89826e-005 2.73011
800 229716 19 0.000101944 2.84133
850 175798 20 0.000115719 2.42382
900 130724 16 0.000120179 2.31303
950 96182 10 0.000117899 2.16098
1000 70174 11 0.000111463 2.69802
1050 50456 4 0.000102432 1.77616
1100 35360 3 9.16397e-005 1.50503
1150 24054 2 7.96573e-005 1.30862
1200 16060 2 6.71041e-005 1.62116
1250 10754 1 5.48403e-005 1.11777
1300 7362 1 4.38038e-005 1.45415
1350 5182 0 3.46741e-005 0.179684
1400 3714 0 2.77889e-005 0.103209
1450 2662 0 2.29257e-005 0.061029
1500 1866 0 1.95981e-005 0.0365704
1550 1256 0 1.73628e-005 0.0218079
1600 798 0 1.58167e-005 0.0126218
1650 470 0 1.47643e-005 0.00693926
1700 254 0 1.4067e-005 0.00357305
1750 126 0 1.36153e-005 0.00171554
1800 56 0 1.33272e-005 0.000746326
1850 22 0 1.31442e-005 0.000289174
1900 8 0 1.30244e-005 0.000104196
1950 2 0 1.29343e-005 2.58687e-005
2000 0 0 1.28404e-005 0

total neg_log_likelihood: 31.2874


Year 2010
class scanned recaptured expected_prop neg_log_likelihood
100 0 0 0 0
150 0 0 0 0
200 0 0 1.46109e-014 0
250 2 0 7.68666e-013 1.53744e-012
300 30 0 2.69481e-011 8.08443e-010
350 342 0 4.94023e-010 1.68956e-007
400 2546 0 4.91116e-009 1.25038e-005
450 12914 0 3.79508e-008 0.000490097
500 45438 0 2.47726e-007 0.0112562
550 110634 0 1.23525e-006 0.136661
600 193100 1 4.63462e-006 1.00594
650 259840 1 1.3266e-005 2.20953
700 288924 13 2.97035e-005 3.18848
750 275666 12 5.34776e-005 2.44079
800 231594 20 7.96203e-005 2.48517
850 178066 17 0.00010123 2.37015
900 131090 17 0.000114013 2.47549
950 95240 13 0.000117877 2.341
1000 68874 6 0.000115166 2.08579
1050 49434 9 0.000108274 3.05634
1100 34952 3 9.86809e-005 1.52648
1150 24134 2 8.72084e-005 1.30946
1200 16262 2 7.45821e-005 1.52001
1250 10830 1 6.17652e-005 1.07097
1300 7284 0 4.9856e-005 0.36316
1350 5028 0 3.97273e-005 0.199753
1400 3564 0 3.1907e-005 0.113718
1450 2550 0 2.62758e-005 0.067004
1500 1794 0 2.2359e-005 0.0401125
1550 1212 0 1.96933e-005 0.0238685
1600 770 0 1.78262e-005 0.0137263
1650 454 0 1.65412e-005 0.00750977
1700 246 0 1.5682e-005 0.0038578
1750 120 0 1.51214e-005 0.00181458
1800 54 0 1.47618e-005 0.000797146
1850 22 0 1.45331e-005 0.00031973
1900 8 0 1.43839e-005 0.000115072
1950 2 0 1.42728e-005 2.85458e-005
2000 0 0 1.41591e-005 0

total neg_log_likelihood: 30.0698


Tags2008_R1_R1 :
tag-recapture data for tag Tags2008_R1 in years 2009 2010 , step 1, after proportion 0.5 of mortality, with sampling method size, detection probability 1.
Year 2009
class scanned recaptured expected_prop neg_log_likelihood
100 0 0 0 0
150 0 0 1.54868e-012 0
200 0 0 1.06954e-011 0
250 2 0 6.86367e-011 1.37273e-010
300 28 0 9.01199e-010 2.52336e-008
350 338 0 1.14159e-008 3.85858e-006
400 2596 0 1.05477e-007 0.000273819
450 13080 0 6.9428e-007 0.00908118
500 43468 1 3.23765e-006 2.10161
550 101422 0 1.09005e-005 1.10555
600 180382 3 2.73468e-005 1.93687
650 255904 15 5.30259e-005 2.35137
700 293398 23 8.24676e-005 2.52032
750 278302 34 0.000106833 2.97719
800 229716 27 0.000120227 2.57685
850 175798 31 0.000122755 4.44755
900 130724 15 0.000117962 2.28425
950 96182 14 0.000109252 2.76926
1000 70174 8 9.86693e-005 2.0486
1050 50456 2 8.72613e-005 2.13153
1100 35360 5 7.55899e-005 2.54461
1150 24054 2 6.40148e-005 1.3696
1200 16060 0 5.2865e-005 0.849034
1250 10754 0 4.26241e-005 0.458389
1300 7362 0 3.38079e-005 0.248898
1350 5182 0 2.67454e-005 0.138596
1400 3714 0 2.15435e-005 0.0800134
1450 2662 0 1.79338e-005 0.0477403
1500 1866 0 1.5501e-005 0.0289252
1550 1256 0 1.38876e-005 0.017443
1600 798 0 1.27872e-005 0.0102042
1650 470 0 1.20486e-005 0.00566289
1700 254 0 1.15658e-005 0.00293772
1750 126 0 1.12565e-005 0.00141833
1800 56 0 1.10609e-005 0.000619413
1850 22 0 1.09373e-005 0.000240621
1900 8 0 1.08561e-005 8.68489e-005
1950 2 0 1.07936e-005 2.15872e-005
2000 0 0 1.07261e-005 0

total neg_log_likelihood: 35.0648


Year 2010
class scanned recaptured expected_prop neg_log_likelihood
100 0 0 0 0
150 0 0 4.80007e-015 0
200 0 0 5.98935e-013 0
250 2 0 8.63294e-012 1.7266e-011
300 30 0 1.64608e-010 4.93823e-009
350 342 0 2.28574e-009 7.81724e-007
400 2546 0 2.21685e-008 5.64411e-005
450 12914 0 1.68863e-007 0.0021807
500 45438 0 9.60913e-007 0.043662
550 110634 0 3.99446e-006 0.441923
600 193100 2 1.23371e-005 1.33931
650 259840 4 2.91404e-005 2.65217
700 288924 11 5.43392e-005 2.91203
750 275666 19 8.25181e-005 2.72272
800 231594 19 0.000105486 3.04944
850 178066 22 0.000117974 2.49129
900 131090 15 0.000120108 2.29637
950 95240 10 0.000115111 2.12212
1000 68874 13 0.000106221 3.99758
1050 49434 9 9.54281e-005 3.55801
1100 34952 4 8.37401e-005 1.80914
1150 24134 2 7.17162e-005 1.32674
1200 16262 3 5.98117e-005 2.84762
1250 10830 0 4.86189e-005 0.526556
1300 7284 2 3.87757e-005 3.50422
1350 5028 0 3.07283e-005 0.154504
1400 3564 0 2.46882e-005 0.0879899
1450 2550 0 2.04259e-005 0.0520866
1500 1794 0 1.75075e-005 0.0314087
1550 1212 0 1.55449e-005 0.0188406
1600 770 0 1.41857e-005 0.010923
1650 454 0 1.32594e-005 0.00601983
1700 246 0 1.26454e-005 0.00311079
1750 120 0 1.22475e-005 0.00146971
1800 54 0 1.19936e-005 0.000647656
1850 22 0 1.18324e-005 0.000260313
1900 8 0 1.1727e-005 9.38166e-005
1950 2 0 1.16477e-005 2.32955e-005
2000 0 0 1.15649e-005 0

total neg_log_likelihood: 38.0105


Tags2009_R1_R1 :
tag-recapture data for tag Tags2009_R1 in years 2010 , step 1, after proportion 0.5 of mortality, with sampling method size, detection probability 1.
Year 2010
class scanned recaptured expected_prop neg_log_likelihood
100 0 0 0 0
150 0 0 1.55362e-012 0
200 0 0 1.08316e-011 0
250 2 0 6.97198e-011 1.3944e-010
300 30 0 9.05496e-010 2.71649e-008
350 342 0 1.14838e-008 3.92746e-006
400 2546 0 1.06245e-007 0.0002705
450 12914 0 6.96926e-007 0.0090001
500 45438 0 3.22766e-006 0.146659
550 110634 1 1.0785e-005 1.01655
600 193100 2 2.68982e-005 2.59219
650 259840 12 5.20016e-005 2.25627
700 288924 18 8.09214e-005 3.04164
750 275666 29 0.000105308 2.60542
800 231594 32 0.000119546 2.97425
850 178066 27 0.000123602 3.09727
900 131090 19 0.000120603 2.69766
950 95240 12 0.000113529 2.23122
1000 68874 10 0.000104122 2.57484
1050 49434 5 9.32728e-005 1.75623
1100 34952 6 8.15061e-005 3.14672
1150 24134 2 6.92301e-005 1.3373
1200 16262 1 5.69112e-005 1.00289
1250 10830 1 4.52504e-005 1.20325
1300 7284 0 3.5014e-005 0.255046
1350 5028 0 2.67342e-005 0.134422
1400 3564 0 2.06258e-005 0.0735111
1450 2550 0 1.64094e-005 0.0418443
1500 1794 0 1.35983e-005 0.0243955
1550 1212 0 1.17604e-005 0.0142537
1600 770 0 1.053e-005 0.00810815
1650 454 0 9.71988e-006 0.00441285
1700 246 0 9.19912e-006 0.00226299
1750 120 0 8.87006e-006 0.00106441
1800 54 0 8.66379e-006 0.000467847
1850 22 0 8.53363e-006 0.000187741
1900 8 0 8.44696e-006 6.7576e-005
1950 2 0 8.37785e-006 1.67558e-005
2000 0 0 8.30124e-006 0

total neg_log_likelihood: 34.2497


Output quantities start here

* Scalar parameter values
initialization.B0 191007

* Nuisance q's

* B0
191007

* R0
1.38588e+007

* SSBs
SSB 191007 189604 186224 182510 178496 174252 169867 165440 161062 156816 152764 148940 145355 142008 138893 136000 133318 130835 128540 126419 124463 
year 1990 1991 1992 1993 1994 1995 1996 1997 1998 1999 2000 2001 2002 2003 2004 2005 2006 2007 2008 2009 2010 

* recruitments
recruitment 1.38588e+007 1.38588e+007 1.38478e+007 1.38208e+007 1.379e+007 1.37555e+007 1.37175e+007 1.36764e+007 1.36331e+007 1.35881e+007 1.35424e+007 1.34968e+007 1.34517e+007 1.34076e+007 1.33647e+007 1.33232e+007 1.32832e+007 1.32447e+007 1.3208e+007 1.31729e+007 1.31395e+007 
year 1990 1991 1992 1993 1994 1995 1996 1997 1998 1999 2000 2001 2002 2003 2004 2005 2006 2007 2008 2009 2010 

* YCS
YCS 1 1 1 1 1 1 1 1 1 1 1 1 1 1 1 1 1 1 1 1 1 
year 1989 1990 1991 1992 1993 1994 1995 1996 1997 1998 1999 2000 2001 2002 2003 2004 2005 2006 2007 2008 2009 

* true_YCS
true_YCS 1 1 0.999208 0.997256 0.995036 0.992546 0.989803 0.986842 0.983712 0.980469 0.977173 0.973879 0.970627 0.967445 0.964349 0.961353 0.958465 0.955692 0.953038 0.950508 0.948101 
year 1989 1990 1991 1992 1993 1994 1995 1996 1997 1998 1999 2000 2001 2002 2003 2004 2005 2006 2007 2008 2009 

* fishing_pressures
LL1 0 0.0387802 0.0399129 0.041049 0.0421578 0.0432168 0.0442098 0.0451257 0.0459582 0.0467066 0.0473749 0.0479703 0.0485012 0.0489761 0.0494041 0.0497937 0.0501534 0.0504892 0.0508068 0.0511106 0.051404 
LL2 0 0.0387802 0.0399129 0.041049 0.0421578 0.0432168 0.0442098 0.0451257 0.0459582 0.0467066 0.0473749 0.0479703 0.0485012 0.0489761 0.0494041 0.0497937 0.0501534 0.0504892 0.0508068 0.0511106 0.051404 
year 1990 1991 1992 1993 1994 1995 1996 1997 1998 1999 2000 2001 2002 2003 2004 2005 2006 2007 2008 2009 2010 

* Numbers_at_age_R1
1990  1.28638e+007 1.10168e+007 9.43494e+006 8.08023e+006 6.92003e+006 5.92642e+006 5.07547e+006 4.34671e+006 3.72259e+006 3.18808e+006 2.73032e+006 2.33829e+006 2.00255e+006 1.71501e+006 1.46876e+006 1.25787e+006 1.07726e+006 922581 790112 676664 579505 496297 425036 364008 311742 266980 228646 195816 167700 1.00025e+006 
1991  1.28638e+007 1.10168e+007 9.4349e+006 8.07994e+006 6.9184e+006 5.91979e+006 5.05638e+006 4.30783e+006 3.66659e+006 3.13105e+006 2.68181e+006 2.2976e+006 1.96889e+006 1.68755e+006 1.44667e+006 1.24034e+006 1.06354e+006 911989 782050 670611 575024 493025 422680 362334 310569 266170 228094 195445 167454 999131 
1992  1.28536e+007 1.10168e+007 9.4349e+006 8.07987e+006 6.91783e+006 5.91658e+006 5.04357e+006 4.27158e+006 3.59389e+006 3.02733e+006 2.57645e+006 2.20797e+006 1.89368e+006 1.62529e+006 1.39583e+006 1.19939e+006 1.03101e+006 886506 762358 655605 563746 484666 416571 357931 307440 263977 226578 194412 166760 996569 
1993  1.28285e+007 1.10081e+007 9.4349e+006 8.07986e+006 6.91771e+006 5.91585e+006 5.04009e+006 4.25908e+006 3.56094e+006 2.96412e+006 2.48817e+006 2.11876e+006 1.81775e+006 1.56151e+006 1.34296e+006 1.15614e+006 996106 858714 740531 638698 550832 474939 409347 352642 303622 261260 224672 193093 165860 993714 
1994  1.28e+007 1.09865e+007 9.42742e+006 8.07985e+006 6.91764e+006 5.91551e+006 5.03873e+006 4.25448e+006 3.54784e+006 2.93383e+006 2.43338e+006 2.04381e+006 1.74235e+006 1.4973e+006 1.28895e+006 1.1113e+006 959353 828989 716811 620028 536338 463846 400975 346414 299055 257959 222320 191442 164717 990436 
1995  1.27679e+007 1.09621e+007 9.409e+006 8.07344e+006 6.91758e+006 5.91523e+006 5.03773e+006 4.25175e+006 3.54144e+006 2.92004e+006 2.40579e+006 1.99658e+006 1.6789e+006 1.4337e+006 1.23473e+006 1.06563e+006 921367 797794 691527 599808 520389 451439 391462 339223 293698 254026 219475 189413 163292 986592 
1996  1.27327e+007 1.09347e+007 9.38806e+006 8.05765e+006 6.91205e+006 5.91496e+006 5.03682e+006 4.24941e+006 3.53674e+006 2.91193e+006 2.39191e+006 1.97185e+006 1.63841e+006 1.38012e+006 1.18118e+006 1.01992e+006 882799 765651 665076 578322 503169 437829 380855 331075 287530 249425 216094 186965 161545 982027 
1997  1.26946e+007 1.09044e+007 9.36457e+006 8.03971e+006 6.89849e+006 5.91003e+006 5.03598e+006 4.24725e+006 3.53254e+006 2.90543e+006 2.38289e+006 1.95855e+006 1.61657e+006 1.3456e+006 1.13605e+006 974898 844301 733108 637896 555906 484922 423174 369249 322015 280560 244142 212149 184063 159443 976576 
1998  1.26543e+007 1.08718e+007 9.33868e+006 8.01958e+006 6.88309e+006 5.89826e+006 5.03121e+006 4.24526e+006 3.52868e+006 2.89957e+006 2.37539e+006 1.9494e+006 1.60425e+006 1.32654e+006 1.10676e+006 936955 806482 700704 610446 532929 465929 407680 356781 312123 272825 238183 207626 180683 156955 970072 
1999  1.26126e+007 1.08373e+007 9.31074e+006 7.99741e+006 6.86582e+006 5.88493e+006 5.02068e+006 4.2401e+006 3.52517e+006 2.89423e+006 2.36863e+006 1.94167e+006 1.59548e+006 1.31543e+006 1.09029e+006 912177 774615 668943 583172 509771 446500 391585 343623 301514 264393 231580 202534 176815 154061 962346 
2000  1.25702e+007 1.08016e+007 9.28121e+006 7.97348e+006 6.8468e+006 5.87002e+006 5.00888e+006 4.23021e+006 3.51922e+006 2.8894e+006 2.36251e+006 1.93472e+006 1.58802e+006 1.30734e+006 1.08046e+006 898066 753712 642188 556489 486803 426952 375145 329974 290333 255363 224393 196898 172463 150752 953234 
2001  1.25278e+007 1.07653e+007 9.25061e+006 7.94819e+006 6.82628e+006 5.85363e+006 4.99579e+006 4.21936e+006 3.50953e+006 2.88279e+006 2.357e+006 1.92845e+006 1.58133e+006 1.30043e+006 1.0732e+006 889485 741685 624579 534018 464365 407590 358627 316051 278750 245857 216702 190767 167650 147033 942591 
2002  1.2486e+007 1.0729e+007 9.21952e+006 7.92198e+006 6.8046e+006 5.83598e+006 4.98149e+006 4.20752e+006 3.49921e+006 2.87331e+006 2.35022e+006 1.92283e+006 1.57531e+006 1.29425e+006 1.06697e+006 883083 734275 614367 519189 445474 388698 342283 302075 266944 236015 208612 184213 162419 142922 930295 
2003  1.2445e+007 1.06932e+007 9.18844e+006 7.89534e+006 6.78214e+006 5.81734e+006 4.96614e+006 4.19475e+006 3.48822e+006 2.86348e+006 2.34124e+006 1.91629e+006 1.56992e+006 1.28869e+006 1.06141e+006 877586 728702 608011 510538 432983 372794 326350 288258 255102 225992 200242 177322 156829 138456 916258 
2004  1.24052e+007 1.06581e+007 9.15776e+006 7.86872e+006 6.75932e+006 5.79805e+006 4.95e+006 4.18118e+006 3.47659e+006 2.85326e+006 2.33213e+006 1.90808e+006 1.56386e+006 1.28372e+006 1.05641e+006 872672 723910 603204 505112 425660 362261 312938 274796 243401 215943 191721 170195 150954 133685 900437 
2005  1.23667e+007 1.0624e+007 9.12773e+006 7.84245e+006 6.73651e+006 5.77845e+006 4.93332e+006 4.16699e+006 3.46438e+006 2.84262e+006 2.32279e+006 1.89983e+006 1.55651e+006 1.27825e+006 1.05194e+006 868259 719622 599060 500986 421039 356063 304044 263464 232006 206018 183181 162942 144879 128671 882833 
2006  1.23295e+007 1.0591e+007 9.09853e+006 7.81673e+006 6.714e+006 5.75887e+006 4.9164e+006 4.15241e+006 3.45174e+006 2.8316e+006 2.31319e+006 1.89147e+006 1.54918e+006 1.27177e+006 1.04709e+006 864297 715768 595350 497424 417511 352132 298795 255942 222414 196355 174749 155675 138699 123489 863504 
2007  1.22939e+007 1.05592e+007 9.07026e+006 7.79172e+006 6.69197e+006 5.73956e+006 4.89953e+006 4.13768e+006 3.43885e+006 2.82033e+006 2.30338e+006 1.88297e+006 1.54181e+006 1.26535e+006 1.04145e+006 860059 712308 592015 494235 414462 349122 295454 251492 216042 188221 166540 148500 132507 118217 842562 
2008  1.22597e+007 1.05286e+007 9.04301e+006 7.76751e+006 6.67054e+006 5.72066e+006 4.88289e+006 4.12301e+006 3.4259e+006 2.80893e+006 2.29342e+006 1.87434e+006 1.53438e+006 1.25894e+006 1.03588e+006 855184 708634 589016 491364 411729 346518 292888 248651 212266 182814 159632 141518 126395 112936 820167 
2009  1.22272e+007 1.04994e+007 9.01684e+006 7.74417e+006 6.64979e+006 5.70228e+006 4.86661e+006 4.10857e+006 3.41304e+006 2.79751e+006 2.2834e+006 1.86564e+006 1.52687e+006 1.25249e+006 1.03034e+006 850389 704445 585849 488779 409267 344181 290666 246466 209849 179605 155037 135641 120448 107724 796526 
2010  1.21962e+007 1.04715e+007 8.99181e+006 7.72176e+006 6.6298e+006 5.68449e+006 4.85079e+006 4.09446e+006 3.40042e+006 2.78624e+006 2.27342e+006 1.85692e+006 1.51933e+006 1.24601e+006 1.02478e+006 845625 700334 582265 486060 407047 342075 288671 244571 207986 177548 152307 131730 115441 102652 771883 

Output quantities finish here

Unused parameters:
annual_cycle.fishery_areas annual_cycle.migrate_from annual_cycle.migrate_to annual_cycle.migration_names annual_cycle.migration_times annual_cycle.n_migrations annual_cycle.recruitment_areas annual_cycle.spawning_all_areas area_names recruitment.p_male recruitment.year_range tag[Tags2005_R1_LL1].area tag[Tags2005_R1_LL1].sex tag[Tags2006_R1_LL1].area tag[Tags2006_R1_LL1].sex tag[Tags2007_R1_LL1].area tag[Tags2007_R1_LL1].sex tag[Tags2008_R1_LL1].area tag[Tags2008_R1_LL1].sex tag[Tags2009_R1_LL1].area tag[Tags2009_R1_LL1].sex MCMC.adapt_at MCMC.adaptive_stepsize MCMC.burn_in MCMC.keep MCMC.length MCMC.start MCMC.stepsize profile[1].l profile[1].n profile[1].parameter profile[1].u tag_recapture[Tags2005_R1_R1].area tag_recapture[Tags2006_R1_R1].area tag_recapture[Tags2007_R1_R1].area tag_recapture[Tags2008_R1_R1].area tag_recapture[Tags2009_R1_R1].area n_projections numbers_at[Numbers_at_age_R1].area print.final_state print.initial_state print.requests print.results print.state_annually print.state_every_step print.yields 
