CASAL (C++ algorithmic stock assessment laboratory)
Call: C:/Users/bstacy/Documents/GitHub/lasac/projects/simulations/sim/inc1.0/casal -e -q -f TR 
Date: Tue Oct 15 18:12:40 2019
v2.30-2012-03-21 00:22:59 UTC (rev.4648)  (c) Copyright 2002-2012, NIWA
User name: bstacy
Machine name: DOM-IMA-HVZRNF2 (Microsoft Windows, PID=15048)

Prefix for the input parameter filenames : TR

Random number seed : 23560

Estimation parameters:
Stored as strings: 
  MCMC.adapt_at                 	1e+05 2e+05 3e+05 4e+05
  MCMC.adaptive_stepsize        	True
  MCMC.burn_in                  	500
  MCMC.keep                     	1000
  MCMC.length                   	1500000
  MCMC.start                    	0
  MCMC.stepsize                 	0.01
  ageing_error.c                	0
  ageing_error.type             	normal
  catch_at[LL1_catchA].2000     	0 0 0 0 0.01 0.03 0.05 0.1 0.18 0.12 0.08 0.11 0.1 0.01 0.06 0.06 0.03 0.03 0.01 0 0 0 0.02 0 0 0 0 0 0 0
  catch_at[LL1_catchA].2001     	0 0 0 0.01 0 0.02 0.04 0.12 0.13 0.18 0.08 0.05 0.05 0.06 0.05 0.06 0.03 0.02 0.01 0.02 0 0.03 0 0.02 0 0 0 0 0.01 0.01
  catch_at[LL1_catchA].2002     	0 0 0 0 0.01 0.01 0.05 0.13 0.16 0.1 0.14 0.04 0.07 0.04 0.04 0.04 0.04 0.05 0.03 0.01 0 0.01 0.01 0 0.02 0 0 0 0 0
  catch_at[LL1_catchA].2003     	0 0 0 0 0 0.02 0.11 0.06 0.14 0.12 0.13 0.08 0.08 0.08 0.06 0.06 0.01 0.04 0 0 0.01 0 0 0 0 0 0 0 0 0
  catch_at[LL1_catchA].2004     	0 0 0 0 0.01 0.01 0.07 0.1 0.17 0.18 0.09 0.02 0.09 0.07 0.06 0.04 0.02 0.02 0.01 0.02 0.01 0 0 0 0 0 0 0 0 0.01
  catch_at[LL1_catchA].2005     	0 0 0 0 0.02 0.02 0.05 0.09 0.16 0.07 0.15 0.1 0.04 0.06 0.06 0.03 0.02 0.06 0.01 0.02 0.01 0.01 0 0 0.01 0 0 0 0 0.01
  catch_at[LL1_catchA].2006     	0 0 0 0 0 0.01 0.07 0.14 0.18 0.17 0.12 0.12 0.02 0.03 0.03 0.05 0.02 0 0 0.01 0 0.02 0 0 0.01 0 0 0 0 0
  catch_at[LL1_catchA].2007     	0 0 0 0 0.01 0.01 0.04 0.14 0.14 0.18 0.23 0.08 0.01 0.03 0.03 0.04 0.02 0 0.01 0.02 0 0 0 0.01 0 0 0 0 0 0
  catch_at[LL1_catchA].2008     	0 0 0 0 0.01 0.04 0.07 0.17 0.14 0.09 0.12 0.06 0.05 0.07 0.02 0.05 0 0.02 0.04 0 0.01 0 0.04 0 0 0 0 0 0 0
  catch_at[LL1_catchA].2009     	0 0 0 0 0 0.04 0.15 0.13 0.13 0.11 0.12 0.06 0.09 0.05 0.01 0.01 0.02 0.03 0.01 0 0 0.02 0.01 0 0 0 0.01 0 0 0
  catch_at[LL1_catchA].2010     	0 0 0 0 0 0.02 0.07 0.09 0.22 0.18 0.14 0.1 0.06 0.05 0.02 0.01 0 0.01 0.01 0 0 0 0.01 0 0 0 0 0 0 0.01
  catch_at[LL1_catchA].N_2000   	100
  catch_at[LL1_catchA].N_2001   	100
  catch_at[LL1_catchA].N_2002   	100
  catch_at[LL1_catchA].N_2003   	100
  catch_at[LL1_catchA].N_2004   	100
  catch_at[LL1_catchA].N_2005   	100
  catch_at[LL1_catchA].N_2006   	100
  catch_at[LL1_catchA].N_2007   	100
  catch_at[LL1_catchA].N_2008   	100
  catch_at[LL1_catchA].N_2009   	100
  catch_at[LL1_catchA].N_2010   	100
  catch_at[LL1_catchA].at_size  	False
  catch_at[LL1_catchA].dist     	multinomial
  catch_at[LL1_catchA].fishery  	LL1
  catch_at[LL1_catchA].max_class	30
  catch_at[LL1_catchA].min_class	1
  catch_at[LL1_catchA].plus_group	True
  catch_at[LL1_catchA].r        	1e-11
  catch_at[LL1_catchA].sexed    	False
  catch_at[LL1_catchA].sum_to_one	True
  catch_at[LL1_catchA].years    	2000 2001 2002 2003 2004 2005 2006 2007 2008 2009 2010
  catch_limit_penalty[1].fishery	LL1
  catch_limit_penalty[1].label  	LL1_Penalty
  catch_limit_penalty[1].log_scale	True
  catch_limit_penalty[1].multiplier	1000
  catch_limit_penalty[2].fishery	LL2
  catch_limit_penalty[2].label  	LL2_Penalty
  catch_limit_penalty[2].log_scale	True
  catch_limit_penalty[2].multiplier	1000
  estimate[1].lower_bound       	5000
  estimate[1].parameter         	initialization.B0
  estimate[1].prior             	uniform
  estimate[1].upper_bound       	5e+05
  estimator                     	Bayes
  fish_tagged_penalty[1].label  	Penalty_Tags2005_R1_LL1
  fish_tagged_penalty[1].multiplier	1
  fish_tagged_penalty[1].tagging_episode	Tags2005_R1_LL1
  fish_tagged_penalty[2].label  	Penalty_Tags2006_R1_LL1
  fish_tagged_penalty[2].multiplier	1
  fish_tagged_penalty[2].tagging_episode	Tags2006_R1_LL1
  fish_tagged_penalty[3].label  	Penalty_Tags2007_R1_LL1
  fish_tagged_penalty[3].multiplier	1
  fish_tagged_penalty[3].tagging_episode	Tags2007_R1_LL1
  fish_tagged_penalty[4].label  	Penalty_Tags2008_R1_LL1
  fish_tagged_penalty[4].multiplier	1
  fish_tagged_penalty[4].tagging_episode	Tags2008_R1_LL1
  fish_tagged_penalty[5].label  	Penalty_Tags2009_R1_LL1
  fish_tagged_penalty[5].multiplier	1
  fish_tagged_penalty[5].tagging_episode	Tags2009_R1_LL1
  grad_tol                      	0.001
  max_evals                     	10000
  max_iters                     	1600
  profile[1].l                  	40000
  profile[1].n                  	11
  profile[1].parameter          	initialization.B0
  profile[1].u                  	130000
  q_method                      	nuisance
  tag_recapture[Tags2005_R1_R1].area	R1
  tag_recapture[Tags2005_R1_R1].class_mins	100 150 200 250 300 350 400 450 500 550 600 650 700 750 800 850 900 950 1000 1050 1100 1150 1200 1250 1300 1350 1400 1450 1500 1550 1600 1650 1700 1750 1800 1850 1900 1950 2000 2050
  tag_recapture[Tags2005_R1_R1].detection_probability	1
  tag_recapture[Tags2005_R1_R1].dispersion	1
  tag_recapture[Tags2005_R1_R1].do_bootstrap	True
  tag_recapture[Tags2005_R1_R1].plus_group	False
  tag_recapture[Tags2005_R1_R1].proportion_mortality	0.5
  tag_recapture[Tags2005_R1_R1].r	1e-11
  tag_recapture[Tags2005_R1_R1].recaptured_2006	0 0 0 0 0 0 0 0 0 0 4 13 23 18 22 20 13 12 3 7 2 1 2 0 2 0 0 0 0 0 0 0 0 0 0 0 0 0 0
  tag_recapture[Tags2005_R1_R1].recaptured_2007	0 0 0 0 0 0 0 0 0 1 1 5 13 11 22 25 14 15 7 2 4 1 1 1 1 1 0 0 0 0 0 0 0 0 0 0 0 0 0
  tag_recapture[Tags2005_R1_R1].recaptured_2008	0 0 0 0 0 0 0 0 0 0 0 2 7 11 19 13 16 12 5 5 4 1 2 0 0 0 0 0 0 0 0 0 0 0 0 0 0 0 0
  tag_recapture[Tags2005_R1_R1].recaptured_2009	0 0 0 0 0 0 0 0 0 0 1 1 0 10 12 9 17 9 7 5 7 4 1 2 0 0 0 1 0 0 0 0 0 0 0 0 0 0 0
  tag_recapture[Tags2005_R1_R1].recaptured_2010	0 0 0 0 0 0 0 0 0 0 0 2 0 0 4 9 7 11 4 7 5 5 2 0 0 1 0 0 0 0 0 0 0 0 0 0 0 0 0
  tag_recapture[Tags2005_R1_R1].sample	size
  tag_recapture[Tags2005_R1_R1].scanned_2006	0 0 0 2 28 320 2302 11502 39770 96806 173902 243624 277690 266092 224820 178122 136978 101584 71958 49292 33518 23134 16316 11662 8346 5944 4222 2988 2086 1406 896 530 286 140 62 24 8 2 0
  tag_recapture[Tags2005_R1_R1].scanned_2007	0 0 0 2 28 344 2442 11568 39724 99366 181960 252416 280488 265182 224010 176300 134278 100438 72920 50898 34514 23278 15942 11162 7944 5686 4062 2880 2006 1350 862 512 278 138 62 24 8 2 0
  tag_recapture[Tags2005_R1_R1].scanned_2008	0 0 0 2 28 344 2602 12332 40170 97884 182308 260086 291620 271378 224512 174626 131756 97934 71728 51120 35200 23658 15864 10828 7580 5410 3886 2772 1934 1300 826 490 266 132 58 24 8 2 0
  tag_recapture[Tags2005_R1_R1].scanned_2009	0 0 0 2 28 338 2596 13080 43468 101422 180382 255904 293398 278302 229716 175798 130724 96182 70174 50456 35360 24054 16060 10754 7362 5182 3714 2662 1866 1256 798 470 254 126 56 22 8 2 0
  tag_recapture[Tags2005_R1_R1].scanned_2010	0 0 0 2 30 342 2546 12914 45438 110634 193100 259840 288924 275666 231594 178066 131090 95240 68874 49434 34952 24134 16262 10830 7284 5028 3564 2550 1794 1212 770 454 246 120 54 22 8 2 0
  tag_recapture[Tags2005_R1_R1].step	1
  tag_recapture[Tags2005_R1_R1].tag_name	Tags2005_R1
  tag_recapture[Tags2005_R1_R1].years	2006 2007 2008 2009 2010
  tag_recapture[Tags2006_R1_R1].area	R1
  tag_recapture[Tags2006_R1_R1].class_mins	100 150 200 250 300 350 400 450 500 550 600 650 700 750 800 850 900 950 1000 1050 1100 1150 1200 1250 1300 1350 1400 1450 1500 1550 1600 1650 1700 1750 1800 1850 1900 1950 2000 2050
  tag_recapture[Tags2006_R1_R1].detection_probability	1
  tag_recapture[Tags2006_R1_R1].dispersion	1
  tag_recapture[Tags2006_R1_R1].do_bootstrap	True
  tag_recapture[Tags2006_R1_R1].plus_group	False
  tag_recapture[Tags2006_R1_R1].proportion_mortality	0.5
  tag_recapture[Tags2006_R1_R1].r	1e-11
  tag_recapture[Tags2006_R1_R1].recaptured_2007	0 0 0 0 0 0 0 0 0 0 8 6 22 26 27 24 13 13 12 4 5 3 0 1 0 0 0 0 0 0 0 0 0 0 0 0 0 0 0
  tag_recapture[Tags2006_R1_R1].recaptured_2008	0 0 0 0 0 0 0 0 0 0 1 8 8 22 17 21 15 12 5 9 4 4 1 0 0 0 0 0 0 0 0 0 0 0 0 0 0 0 0
  tag_recapture[Tags2006_R1_R1].recaptured_2009	0 0 0 0 0 0 0 0 0 0 3 4 3 13 16 12 19 14 9 5 5 5 1 1 0 0 1 0 0 0 0 0 0 0 0 0 0 0 0
  tag_recapture[Tags2006_R1_R1].recaptured_2010	0 0 0 0 0 0 0 0 0 0 0 0 2 6 9 14 9 4 4 4 3 2 2 2 0 0 1 0 0 0 0 0 0 0 0 0 0 0 0
  tag_recapture[Tags2006_R1_R1].sample	size
  tag_recapture[Tags2006_R1_R1].scanned_2007	0 0 0 2 28 344 2442 11568 39724 99366 181960 252416 280488 265182 224010 176300 134278 100438 72920 50898 34514 23278 15942 11162 7944 5686 4062 2880 2006 1350 862 512 278 138 62 24 8 2 0
  tag_recapture[Tags2006_R1_R1].scanned_2008	0 0 0 2 28 344 2602 12332 40170 97884 182308 260086 291620 271378 224512 174626 131756 97934 71728 51120 35200 23658 15864 10828 7580 5410 3886 2772 1934 1300 826 490 266 132 58 24 8 2 0
  tag_recapture[Tags2006_R1_R1].scanned_2009	0 0 0 2 28 338 2596 13080 43468 101422 180382 255904 293398 278302 229716 175798 130724 96182 70174 50456 35360 24054 16060 10754 7362 5182 3714 2662 1866 1256 798 470 254 126 56 22 8 2 0
  tag_recapture[Tags2006_R1_R1].scanned_2010	0 0 0 2 30 342 2546 12914 45438 110634 193100 259840 288924 275666 231594 178066 131090 95240 68874 49434 34952 24134 16262 10830 7284 5028 3564 2550 1794 1212 770 454 246 120 54 22 8 2 0
  tag_recapture[Tags2006_R1_R1].step	1
  tag_recapture[Tags2006_R1_R1].tag_name	Tags2006_R1
  tag_recapture[Tags2006_R1_R1].years	2007 2008 2009 2010
  tag_recapture[Tags2007_R1_R1].area	R1
  tag_recapture[Tags2007_R1_R1].class_mins	100 150 200 250 300 350 400 450 500 550 600 650 700 750 800 850 900 950 1000 1050 1100 1150 1200 1250 1300 1350 1400 1450 1500 1550 1600 1650 1700 1750 1800 1850 1900 1950 2000 2050
  tag_recapture[Tags2007_R1_R1].detection_probability	1
  tag_recapture[Tags2007_R1_R1].dispersion	1
  tag_recapture[Tags2007_R1_R1].do_bootstrap	True
  tag_recapture[Tags2007_R1_R1].plus_group	False
  tag_recapture[Tags2007_R1_R1].proportion_mortality	0.5
  tag_recapture[Tags2007_R1_R1].r	1e-11
  tag_recapture[Tags2007_R1_R1].recaptured_2008	0 0 0 0 0 0 0 0 0 0 8 9 24 34 25 33 22 11 5 6 6 1 1 2 0 0 0 0 0 0 0 0 0 0 0 0 0 0 0
  tag_recapture[Tags2007_R1_R1].recaptured_2009	0 0 0 0 0 0 0 0 0 1 0 2 19 12 23 21 13 12 11 7 3 2 0 1 0 0 0 0 0 0 0 0 0 0 0 0 0 0 0
  tag_recapture[Tags2007_R1_R1].recaptured_2010	0 0 0 0 0 0 0 0 0 0 0 5 12 12 17 16 8 12 9 5 4 3 2 0 0 0 1 0 0 0 0 0 0 0 0 0 0 0 0
  tag_recapture[Tags2007_R1_R1].sample	size
  tag_recapture[Tags2007_R1_R1].scanned_2008	0 0 0 2 28 344 2602 12332 40170 97884 182308 260086 291620 271378 224512 174626 131756 97934 71728 51120 35200 23658 15864 10828 7580 5410 3886 2772 1934 1300 826 490 266 132 58 24 8 2 0
  tag_recapture[Tags2007_R1_R1].scanned_2009	0 0 0 2 28 338 2596 13080 43468 101422 180382 255904 293398 278302 229716 175798 130724 96182 70174 50456 35360 24054 16060 10754 7362 5182 3714 2662 1866 1256 798 470 254 126 56 22 8 2 0
  tag_recapture[Tags2007_R1_R1].scanned_2010	0 0 0 2 30 342 2546 12914 45438 110634 193100 259840 288924 275666 231594 178066 131090 95240 68874 49434 34952 24134 16262 10830 7284 5028 3564 2550 1794 1212 770 454 246 120 54 22 8 2 0
  tag_recapture[Tags2007_R1_R1].step	1
  tag_recapture[Tags2007_R1_R1].tag_name	Tags2007_R1
  tag_recapture[Tags2007_R1_R1].years	2008 2009 2010
  tag_recapture[Tags2008_R1_R1].area	R1
  tag_recapture[Tags2008_R1_R1].class_mins	100 150 200 250 300 350 400 450 500 550 600 650 700 750 800 850 900 950 1000 1050 1100 1150 1200 1250 1300 1350 1400 1450 1500 1550 1600 1650 1700 1750 1800 1850 1900 1950 2000 2050
  tag_recapture[Tags2008_R1_R1].detection_probability	1
  tag_recapture[Tags2008_R1_R1].dispersion	1
  tag_recapture[Tags2008_R1_R1].do_bootstrap	True
  tag_recapture[Tags2008_R1_R1].plus_group	False
  tag_recapture[Tags2008_R1_R1].proportion_mortality	0.5
  tag_recapture[Tags2008_R1_R1].r	1e-11
  tag_recapture[Tags2008_R1_R1].recaptured_2009	0 0 0 0 0 0 0 0 0 2 5 13 20 28 35 23 15 19 10 1 6 1 0 0 0 0 0 0 0 0 0 0 1 0 0 0 0 0 0
  tag_recapture[Tags2008_R1_R1].recaptured_2010	0 0 0 0 0 0 0 0 0 0 3 9 12 27 29 15 19 10 4 1 1 1 1 1 0 0 0 0 0 0 0 0 0 0 0 0 0 0 0
  tag_recapture[Tags2008_R1_R1].sample	size
  tag_recapture[Tags2008_R1_R1].scanned_2009	0 0 0 2 28 338 2596 13080 43468 101422 180382 255904 293398 278302 229716 175798 130724 96182 70174 50456 35360 24054 16060 10754 7362 5182 3714 2662 1866 1256 798 470 254 126 56 22 8 2 0
  tag_recapture[Tags2008_R1_R1].scanned_2010	0 0 0 2 30 342 2546 12914 45438 110634 193100 259840 288924 275666 231594 178066 131090 95240 68874 49434 34952 24134 16262 10830 7284 5028 3564 2550 1794 1212 770 454 246 120 54 22 8 2 0
  tag_recapture[Tags2008_R1_R1].step	1
  tag_recapture[Tags2008_R1_R1].tag_name	Tags2008_R1
  tag_recapture[Tags2008_R1_R1].years	2009 2010
  tag_recapture[Tags2009_R1_R1].area	R1
  tag_recapture[Tags2009_R1_R1].class_mins	100 150 200 250 300 350 400 450 500 550 600 650 700 750 800 850 900 950 1000 1050 1100 1150 1200 1250 1300 1350 1400 1450 1500 1550 1600 1650 1700 1750 1800 1850 1900 1950 2000 2050
  tag_recapture[Tags2009_R1_R1].detection_probability	1
  tag_recapture[Tags2009_R1_R1].dispersion	1
  tag_recapture[Tags2009_R1_R1].do_bootstrap	True
  tag_recapture[Tags2009_R1_R1].plus_group	False
  tag_recapture[Tags2009_R1_R1].proportion_mortality	0.5
  tag_recapture[Tags2009_R1_R1].r	1e-11
  tag_recapture[Tags2009_R1_R1].recaptured_2010	0 0 0 0 0 0 0 0 0 0 2 8 15 28 30 35 18 14 4 10 1 1 2 1 1 1 0 0 0 0 0 0 0 0 0 0 0 0 0
  tag_recapture[Tags2009_R1_R1].sample	size
  tag_recapture[Tags2009_R1_R1].scanned_2010	0 0 0 2 30 342 2546 12914 45438 110634 193100 259840 288924 275666 231594 178066 131090 95240 68874 49434 34952 24134 16262 10830 7284 5028 3564 2550 1794 1212 770 454 246 120 54 22 8 2 0
  tag_recapture[Tags2009_R1_R1].step	1
  tag_recapture[Tags2009_R1_R1].tag_name	Tags2009_R1
  tag_recapture[Tags2009_R1_R1].years	2010
  vector_average_penalty[1].k   	1
  vector_average_penalty[1].label	meanYCS_1
  vector_average_penalty[1].multiplier	100
  vector_average_penalty[1].vector	recruitment.YCS
Stored as DOUBLEs: 
Stored as VECTORs: 
Stored as OGIVEs: 

Population parameters:
Stored as strings: 
  annual_cycle.M_props          	1
  annual_cycle.aging_time       	1
  annual_cycle.baranov          	False
  annual_cycle.fishery_areas    	R1
  annual_cycle.fishery_names    	LL1 LL2
  annual_cycle.fishery_times    	1 1
  annual_cycle.growth_props     	0
  annual_cycle.migrate_from     	R1
  annual_cycle.migrate_to       	R2
  annual_cycle.migration_names  	MoveRec_1_2
  annual_cycle.migration_times  	1
  annual_cycle.n_migrations     	0
  annual_cycle.recruitment_areas	R1
  annual_cycle.recruitment_time 	1
  annual_cycle.spawning_all_areas	1
  annual_cycle.spawning_p       	1
  annual_cycle.spawning_part_mort	0.5
  annual_cycle.spawning_time    	1
  annual_cycle.spawning_use_total_B	False
  annual_cycle.time_steps       	1
  area_names                    	R1
  current                       	2010
  final                         	2045
  first_random_year             	2007
  fishery[LL1].U_max            	0.95
  fishery[LL1].catches          	0 6000 6000 6000 6000 6000 6000 6000 6000 6000 6000 6000 6000 6000 6000 6000 6000 6000 6000 6000 6000
  fishery[LL1].future_constant_catches	200
  fishery[LL1].selectivity      	SelLL
  fishery[LL1].years            	1990 1991 1992 1993 1994 1995 1996 1997 1998 1999 2000 2001 2002 2003 2004 2005 2006 2007 2008 2009 2010
  fishery[LL2].U_max            	0.95
  fishery[LL2].catches          	0 0 631.578947368421 1263.15789473684 1894.73684210526 2526.31578947368 3157.8947368421 3789.47368421053 4421.05263157895 5052.63157894737 5684.21052631579 6315.78947368421 6947.36842105263 7578.94736842105 8210.52631578947 8842.1052631579 9473.68421052631 10105.2631578947 10736.8421052632 11368.4210526316 12000
  fishery[LL2].future_constant_catches	200
  fishery[LL2].selectivity      	SelLL
  fishery[LL2].years            	1990 1991 1992 1993 1994 1995 1996 1997 1998 1999 2000 2001 2002 2003 2004 2005 2006 2007 2008 2009 2010
  initial                       	1990
  initialization.B0             	448262
  mature_partition              	False
  maturity_props.all            	allvalues 0 0 0 0 0 0 0 0 0 0 0 0.1667 0.3333 0.5 0.6667 0.8333 1 1 1 1 1 1 1 1 1 1 1 1 1 1
  max_age                       	30
  min_age                       	1
  n_areas                       	1
  n_stocks                      	1
  n_tags                        	5
  natural_mortality.all         	0.155
  plus_group                    	True
  randomisation_method          	lognormal
  recruitment.SR                	BH
  recruitment.YCS               	1 1 1 1 1 1 1 1 1 1 1 1 1 1 1 1 1 1 1 1 1
  recruitment.YCS_years         	1989 1990 1991 1992 1993 1994 1995 1996 1997 1998 1999 2000 2001 2002 2003 2004 2005 2006 2007 2008 2009
  recruitment.first_free        	1989
  recruitment.last_free         	2006
  recruitment.p_male            	0.5
  recruitment.rho               	0
  recruitment.sigma_r           	0.6
  recruitment.steepness         	0.7
  recruitment.year_range        	1989 2006
  selectivity[SelLL].all        	double_normal 10 2 10
  selectivity_names             	SelLL
  sex_partition                 	False
  size_at_age.Linf              	2870
  size_at_age.by_length         	True
  size_at_age.cv                	0.1
  size_at_age.k                 	0.02056
  size_at_age.t0                	-4.2897
  size_at_age_dist              	normal
  size_at_age_type              	von_Bert
  size_based                    	False
  size_weight.a                 	2.59e-12
  size_weight.b                 	3.2064
  size_weight.verify_size_weight	500 0.5 1.5
  standardise_YCS               	True
  tag[Tags2005_R1_LL1].area     	R1
  tag[Tags2005_R1_LL1].class_mins	100 150 200 250 300 350 400 450 500 550 600 650 700 750 800 850 900 950 1000 1050 1100 1150 1200 1250 1300 1350 1400 1450 1500 1550 1600 1650 1700 1750 1800 1850 1900 1950 2000 2050
  tag[Tags2005_R1_LL1].mature_only	False
  tag[Tags2005_R1_LL1].mortality	0.1
  tag[Tags2005_R1_LL1].number   	2500
  tag[Tags2005_R1_LL1].ogive    	SelLL
  tag[Tags2005_R1_LL1].plus_group	False
  tag[Tags2005_R1_LL1].props_all	0 0 0 0 0 1e-04 8e-04 0.0048 0.0184 0.0472 0.088 0.1245 0.1388 0.1298 0.1103 0.0896 0.0694 0.0511 0.0362 0.0255 0.0183 0.0135 0.01 0.0073 0.0052 0.0037 0.0025 0.0018 0.0012 8e-04 5e-04 3e-04 2e-04 1e-04 0 0 0 0 0
  tag[Tags2005_R1_LL1].release_type	deterministic
  tag[Tags2005_R1_LL1].sex      	both
  tag[Tags2005_R1_LL1].step     	1
  tag[Tags2005_R1_LL1].tag_name 	Tags2005_R1
  tag[Tags2005_R1_LL1].year     	2005
  tag[Tags2006_R1_LL1].area     	R1
  tag[Tags2006_R1_LL1].class_mins	100 150 200 250 300 350 400 450 500 550 600 650 700 750 800 850 900 950 1000 1050 1100 1150 1200 1250 1300 1350 1400 1450 1500 1550 1600 1650 1700 1750 1800 1850 1900 1950 2000 2050
  tag[Tags2006_R1_LL1].mature_only	False
  tag[Tags2006_R1_LL1].mortality	0.1
  tag[Tags2006_R1_LL1].number   	2500
  tag[Tags2006_R1_LL1].ogive    	SelLL
  tag[Tags2006_R1_LL1].plus_group	False
  tag[Tags2006_R1_LL1].props_all	0 0 0 0 0 2e-04 0.0013 0.0058 0.0198 0.0485 0.0873 0.1222 0.1397 0.1351 0.1154 0.0921 0.0705 0.0511 0.0349 0.023 0.0152 0.0104 0.0075 0.0055 0.0041 0.0031 0.0023 0.0017 0.0012 9e-04 6e-04 3e-04 2e-04 1e-04 0 0 0 0 0
  tag[Tags2006_R1_LL1].release_type	deterministic
  tag[Tags2006_R1_LL1].sex      	both
  tag[Tags2006_R1_LL1].step     	1
  tag[Tags2006_R1_LL1].tag_name 	Tags2006_R1
  tag[Tags2006_R1_LL1].year     	2006
  tag[Tags2007_R1_LL1].area     	R1
  tag[Tags2007_R1_LL1].class_mins	100 150 200 250 300 350 400 450 500 550 600 650 700 750 800 850 900 950 1000 1050 1100 1150 1200 1250 1300 1350 1400 1450 1500 1550 1600 1650 1700 1750 1800 1850 1900 1950 2000 2050
  tag[Tags2007_R1_LL1].mature_only	False
  tag[Tags2007_R1_LL1].mortality	0.1
  tag[Tags2007_R1_LL1].number   	2500
  tag[Tags2007_R1_LL1].ogive    	SelLL
  tag[Tags2007_R1_LL1].plus_group	False
  tag[Tags2007_R1_LL1].props_all	0 0 0 0 0 1e-04 0.0011 0.0056 0.0193 0.0485 0.0889 0.124 0.139 0.1322 0.1118 0.0878 0.0669 0.0504 0.0372 0.0265 0.0183 0.0125 0.0087 0.0062 0.0045 0.0032 0.0024 0.0017 0.0012 8e-04 5e-04 3e-04 2e-04 1e-04 0 0 0 0 0
  tag[Tags2007_R1_LL1].release_type	deterministic
  tag[Tags2007_R1_LL1].sex      	both
  tag[Tags2007_R1_LL1].step     	1
  tag[Tags2007_R1_LL1].tag_name 	Tags2007_R1
  tag[Tags2007_R1_LL1].year     	2007
  tag[Tags2008_R1_LL1].area     	R1
  tag[Tags2008_R1_LL1].class_mins	100 150 200 250 300 350 400 450 500 550 600 650 700 750 800 850 900 950 1000 1050 1100 1150 1200 1250 1300 1350 1400 1450 1500 1550 1600 1650 1700 1750 1800 1850 1900 1950 2000 2050
  tag[Tags2008_R1_LL1].mature_only	False
  tag[Tags2008_R1_LL1].mortality	0.1
  tag[Tags2008_R1_LL1].number   	2500
  tag[Tags2008_R1_LL1].ogive    	SelLL
  tag[Tags2008_R1_LL1].plus_group	False
  tag[Tags2008_R1_LL1].props_all	0 0 0 0 0 1e-04 0.0012 0.0062 0.0205 0.0497 0.0924 0.1328 0.1497 0.1384 0.112 0.0842 0.0614 0.0445 0.0322 0.0228 0.0157 0.0106 0.0073 0.0052 0.0038 0.0029 0.0022 0.0016 0.0011 7e-04 4e-04 3e-04 1e-04 1e-04 0 0 0 0 0
  tag[Tags2008_R1_LL1].release_type	deterministic
  tag[Tags2008_R1_LL1].sex      	both
  tag[Tags2008_R1_LL1].step     	1
  tag[Tags2008_R1_LL1].tag_name 	Tags2008_R1
  tag[Tags2008_R1_LL1].year     	2008
  tag[Tags2009_R1_LL1].area     	R1
  tag[Tags2009_R1_LL1].class_mins	100 150 200 250 300 350 400 450 500 550 600 650 700 750 800 850 900 950 1000 1050 1100 1150 1200 1250 1300 1350 1400 1450 1500 1550 1600 1650 1700 1750 1800 1850 1900 1950 2000 2050
  tag[Tags2009_R1_LL1].mature_only	False
  tag[Tags2009_R1_LL1].mortality	0.1
  tag[Tags2009_R1_LL1].number   	2500
  tag[Tags2009_R1_LL1].ogive    	SelLL
  tag[Tags2009_R1_LL1].plus_group	False
  tag[Tags2009_R1_LL1].props_all	0 0 0 0 0 1e-04 0.0012 0.0063 0.0213 0.0502 0.0897 0.1266 0.1435 0.135 0.1117 0.0864 0.065 0.0482 0.0352 0.0253 0.0178 0.0122 0.0082 0.0055 0.0037 0.0025 0.0017 0.0011 7e-04 4e-04 3e-04 1e-04 1e-04 0 0 0 0 0 0
  tag[Tags2009_R1_LL1].release_type	deterministic
  tag[Tags2009_R1_LL1].sex      	both
  tag[Tags2009_R1_LL1].step     	1
  tag[Tags2009_R1_LL1].tag_name 	Tags2009_R1
  tag[Tags2009_R1_LL1].year     	2009
  tag_growth_loss[Tags2005_R1].nogrowth_period	0
  tag_growth_loss[Tags2006_R1].nogrowth_period	0
  tag_growth_loss[Tags2007_R1].nogrowth_period	0
  tag_growth_loss[Tags2008_R1].nogrowth_period	0
  tag_growth_loss[Tags2009_R1].nogrowth_period	0
  tag_loss_props                	1
  tag_names                     	Tags2005_R1 Tags2006_R1 Tags2007_R1 Tags2008_R1 Tags2009_R1
  tag_shedding_rate             	0.0084 0.0084 0.0084 0.0084 0.0084
  y_enter                       	1
Stored as DOUBLEs: 
Stored as VECTORs: 
Stored as OGIVEs: 

Output parameters:
Stored as strings: 
  n_projections                 	100
  numbers_at[Numbers_at_age_R1].area	R1
  numbers_at[Numbers_at_age_R1].proportion_mortality	0.5
  numbers_at[Numbers_at_age_R1].step	1
  numbers_at[Numbers_at_age_R1].years	1990 1991 1992 1993 1994 1995 1996 1997 1998 1999 2000 2001 2002 2003 2004 2005 2006 2007 2008 2009 2010
  print.covariance              	true
  print.estimation_section      	true
  print.final_state             	false
  print.fits                    	true
  print.fits_every_eval         	false
  print.initial_state           	false
  print.normalised_resids       	true
  print.objective_every_eval    	false
  print.parameter_vector_every_eval	false
  print.parameters              	true
  print.parameters_every_eval   	false
  print.pearson_resids          	true
  print.requests                	false
  print.resids                  	true
  print.results                 	false
  print.state_annually          	false
  print.state_every_step        	false
  print.unused_parameters       	true
  print.yields                  	true
  quantities.B0                 	true
  quantities.R0                 	true
  quantities.SSBs               	true
  quantities.YCS                	true
  quantities.actual_catches     	false
  quantities.all_free_parameters	true
  quantities.fishing_pressures  	true
  quantities.nuisance_qs        	true
  quantities.recruitments       	true
  quantities.true_YCS           	true
Stored as DOUBLEs: 
Stored as VECTORs: 
Stored as OGIVEs: 

A fish of size 500 cm has a weight of 1.16755 kg in your model. This size-weight scale check assumes that the growth curve is in centimetres, and that the catch is in tonnes.

A fish of size 500 cm has a weight of 1.16755 kg in your model. This size-weight scale check assumes that the growth curve is in centimetres, and that the catch is in tonnes.

Estimation section :

Objective function: Bayes

Minimiser convergence threshold: 0.001


Observations:

The observations are:
LL1_catchA
Tags2005_R1_R1
Tags2006_R1_R1
Tags2007_R1_R1
Tags2008_R1_R1
Tags2009_R1_R1
Fits follow:

LL1_catchA :
catch proportions-at-age for fishery LL1  with ageing error (constrained to sum to 1):
obs (last class is a plus group):
class 1       2       3       4       5       6       7       8       9       10      11      12      13      14      15      16      17      18      19      20      21      22      23      24      25      26      27      28      29      30      
2000 0       0       0       0       0.01    0.03    0.05    0.1     0.18    0.12    0.08    0.11    0.1     0.01    0.06    0.06    0.03    0.03    0.01    0       0       0       0.02    0       0       0       0       0       0       0       
2001 0       0       0       0.01    0       0.02    0.04    0.12    0.13    0.18    0.08    0.05    0.05    0.06    0.05    0.06    0.03    0.02    0.01    0.02    0       0.03    0       0.02    0       0       0       0       0.01    0.01    
2002 0       0       0       0       0.01    0.01    0.05    0.13    0.16    0.1     0.14    0.04    0.07    0.04    0.04    0.04    0.04    0.05    0.03    0.01    0       0.01    0.01    0       0.02    0       0       0       0       0       
2003 0       0       0       0       0       0.02    0.11    0.06    0.14    0.12    0.13    0.08    0.08    0.08    0.06    0.06    0.01    0.04    0       0       0.01    0       0       0       0       0       0       0       0       0       
2004 0       0       0       0       0.01    0.01    0.07    0.1     0.17    0.18    0.09    0.02    0.09    0.07    0.06    0.04    0.02    0.02    0.01    0.02    0.01    0       0       0       0       0       0       0       0       0.01    
2005 0       0       0       0       0.02    0.02    0.05    0.09    0.16    0.07    0.15    0.1     0.04    0.06    0.06    0.03    0.02    0.06    0.01    0.02    0.01    0.01    0       0       0.01    0       0       0       0       0.01    
2006 0       0       0       0       0       0.01    0.07    0.14    0.18    0.17    0.12    0.12    0.02    0.03    0.03    0.05    0.02    0       0       0.01    0       0.02    0       0       0.01    0       0       0       0       0       
2007 0       0       0       0       0.01    0.01    0.04    0.14    0.14    0.18    0.23    0.08    0.01    0.03    0.03    0.04    0.02    0       0.01    0.02    0       0       0       0.01    0       0       0       0       0       0       
2008 0       0       0       0       0.01    0.04    0.07    0.17    0.14    0.09    0.12    0.06    0.05    0.07    0.02    0.05    0       0.02    0.04    0       0.01    0       0.04    0       0       0       0       0       0       0       
2009 0       0       0       0       0       0.04    0.15    0.13    0.13    0.11    0.12    0.06    0.09    0.05    0.01    0.01    0.02    0.03    0.01    0       0       0.02    0.01    0       0       0       0.01    0       0       0       
2010 0       0       0       0       0       0.02    0.07    0.09    0.22    0.18    0.14    0.1     0.06    0.05    0.02    0.01    0       0.01    0.01    0       0       0       0.01    0       0       0       0       0       0       0.01    
objective function: multinomial likelihood, with delta = 1e-011, N =
100 100 100 100 100 100 100 100 100 100 100 100 100 100 100 100 100 100 100 100 100 100 100 100 100 100 100 100 100 100 
100 100 100 100 100 100 100 100 100 100 100 100 100 100 100 100 100 100 100 100 100 100 100 100 100 100 100 100 100 100 
100 100 100 100 100 100 100 100 100 100 100 100 100 100 100 100 100 100 100 100 100 100 100 100 100 100 100 100 100 100 
100 100 100 100 100 100 100 100 100 100 100 100 100 100 100 100 100 100 100 100 100 100 100 100 100 100 100 100 100 100 
100 100 100 100 100 100 100 100 100 100 100 100 100 100 100 100 100 100 100 100 100 100 100 100 100 100 100 100 100 100 
100 100 100 100 100 100 100 100 100 100 100 100 100 100 100 100 100 100 100 100 100 100 100 100 100 100 100 100 100 100 
100 100 100 100 100 100 100 100 100 100 100 100 100 100 100 100 100 100 100 100 100 100 100 100 100 100 100 100 100 100 
100 100 100 100 100 100 100 100 100 100 100 100 100 100 100 100 100 100 100 100 100 100 100 100 100 100 100 100 100 100 
100 100 100 100 100 100 100 100 100 100 100 100 100 100 100 100 100 100 100 100 100 100 100 100 100 100 100 100 100 100 
100 100 100 100 100 100 100 100 100 100 100 100 100 100 100 100 100 100 100 100 100 100 100 100 100 100 100 100 100 100 
100 100 100 100 100 100 100 100 100 100 100 100 100 100 100 100 100 100 100 100 100 100 100 100 100 100 100 100 100 100 

Tags2005_R1_R1 :
tag-recapture data for tag Tags2005_R1 in years 2006 2007 2008 2009 2010 , step 1, after proportion 0.5 of mortality, with sampling method size, detection probability 1.
Year 2006
class scanned recaptured
100 0 0
150 0 0
200 0 0
250 2 0
300 28 0
350 320 0
400 2302 0
450 11502 0
500 39770 0
550 96806 0
600 173902 4
650 243624 13
700 277690 23
750 266092 18
800 224820 22
850 178122 20
900 136978 13
950 101584 12
1000 71958 3
1050 49292 7
1100 33518 2
1150 23134 1
1200 16316 2
1250 11662 0
1300 8346 2
1350 5944 0
1400 4222 0
1450 2988 0
1500 2086 0
1550 1406 0
1600 896 0
1650 530 0
1700 286 0
1750 140 0
1800 62 0
1850 24 0
1900 8 0
1950 2 0
2000 0 0


Year 2007
class scanned recaptured
100 0 0
150 0 0
200 0 0
250 2 0
300 28 0
350 344 0
400 2442 0
450 11568 0
500 39724 0
550 99366 1
600 181960 1
650 252416 5
700 280488 13
750 265182 11
800 224010 22
850 176300 25
900 134278 14
950 100438 15
1000 72920 7
1050 50898 2
1100 34514 4
1150 23278 1
1200 15942 1
1250 11162 1
1300 7944 1
1350 5686 1
1400 4062 0
1450 2880 0
1500 2006 0
1550 1350 0
1600 862 0
1650 512 0
1700 278 0
1750 138 0
1800 62 0
1850 24 0
1900 8 0
1950 2 0
2000 0 0


Year 2008
class scanned recaptured
100 0 0
150 0 0
200 0 0
250 2 0
300 28 0
350 344 0
400 2602 0
450 12332 0
500 40170 0
550 97884 0
600 182308 0
650 260086 2
700 291620 7
750 271378 11
800 224512 19
850 174626 13
900 131756 16
950 97934 12
1000 71728 5
1050 51120 5
1100 35200 4
1150 23658 1
1200 15864 2
1250 10828 0
1300 7580 0
1350 5410 0
1400 3886 0
1450 2772 0
1500 1934 0
1550 1300 0
1600 826 0
1650 490 0
1700 266 0
1750 132 0
1800 58 0
1850 24 0
1900 8 0
1950 2 0
2000 0 0


Year 2009
class scanned recaptured
100 0 0
150 0 0
200 0 0
250 2 0
300 28 0
350 338 0
400 2596 0
450 13080 0
500 43468 0
550 101422 0
600 180382 1
650 255904 1
700 293398 0
750 278302 10
800 229716 12
850 175798 9
900 130724 17
950 96182 9
1000 70174 7
1050 50456 5
1100 35360 7
1150 24054 4
1200 16060 1
1250 10754 2
1300 7362 0
1350 5182 0
1400 3714 0
1450 2662 1
1500 1866 0
1550 1256 0
1600 798 0
1650 470 0
1700 254 0
1750 126 0
1800 56 0
1850 22 0
1900 8 0
1950 2 0
2000 0 0


Year 2010
class scanned recaptured
100 0 0
150 0 0
200 0 0
250 2 0
300 30 0
350 342 0
400 2546 0
450 12914 0
500 45438 0
550 110634 0
600 193100 0
650 259840 2
700 288924 0
750 275666 0
800 231594 4
850 178066 9
900 131090 7
950 95240 11
1000 68874 4
1050 49434 7
1100 34952 5
1150 24134 5
1200 16262 2
1250 10830 0
1300 7284 0
1350 5028 1
1400 3564 0
1450 2550 0
1500 1794 0
1550 1212 0
1600 770 0
1650 454 0
1700 246 0
1750 120 0
1800 54 0
1850 22 0
1900 8 0
1950 2 0
2000 0 0


Tags2006_R1_R1 :
tag-recapture data for tag Tags2006_R1 in years 2007 2008 2009 2010 , step 1, after proportion 0.5 of mortality, with sampling method size, detection probability 1.
Year 2007
class scanned recaptured
100 0 0
150 0 0
200 0 0
250 2 0
300 28 0
350 344 0
400 2442 0
450 11568 0
500 39724 0
550 99366 0
600 181960 8
650 252416 6
700 280488 22
750 265182 26
800 224010 27
850 176300 24
900 134278 13
950 100438 13
1000 72920 12
1050 50898 4
1100 34514 5
1150 23278 3
1200 15942 0
1250 11162 1
1300 7944 0
1350 5686 0
1400 4062 0
1450 2880 0
1500 2006 0
1550 1350 0
1600 862 0
1650 512 0
1700 278 0
1750 138 0
1800 62 0
1850 24 0
1900 8 0
1950 2 0
2000 0 0


Year 2008
class scanned recaptured
100 0 0
150 0 0
200 0 0
250 2 0
300 28 0
350 344 0
400 2602 0
450 12332 0
500 40170 0
550 97884 0
600 182308 1
650 260086 8
700 291620 8
750 271378 22
800 224512 17
850 174626 21
900 131756 15
950 97934 12
1000 71728 5
1050 51120 9
1100 35200 4
1150 23658 4
1200 15864 1
1250 10828 0
1300 7580 0
1350 5410 0
1400 3886 0
1450 2772 0
1500 1934 0
1550 1300 0
1600 826 0
1650 490 0
1700 266 0
1750 132 0
1800 58 0
1850 24 0
1900 8 0
1950 2 0
2000 0 0


Year 2009
class scanned recaptured
100 0 0
150 0 0
200 0 0
250 2 0
300 28 0
350 338 0
400 2596 0
450 13080 0
500 43468 0
550 101422 0
600 180382 3
650 255904 4
700 293398 3
750 278302 13
800 229716 16
850 175798 12
900 130724 19
950 96182 14
1000 70174 9
1050 50456 5
1100 35360 5
1150 24054 5
1200 16060 1
1250 10754 1
1300 7362 0
1350 5182 0
1400 3714 1
1450 2662 0
1500 1866 0
1550 1256 0
1600 798 0
1650 470 0
1700 254 0
1750 126 0
1800 56 0
1850 22 0
1900 8 0
1950 2 0
2000 0 0


Year 2010
class scanned recaptured
100 0 0
150 0 0
200 0 0
250 2 0
300 30 0
350 342 0
400 2546 0
450 12914 0
500 45438 0
550 110634 0
600 193100 0
650 259840 0
700 288924 2
750 275666 6
800 231594 9
850 178066 14
900 131090 9
950 95240 4
1000 68874 4
1050 49434 4
1100 34952 3
1150 24134 2
1200 16262 2
1250 10830 2
1300 7284 0
1350 5028 0
1400 3564 1
1450 2550 0
1500 1794 0
1550 1212 0
1600 770 0
1650 454 0
1700 246 0
1750 120 0
1800 54 0
1850 22 0
1900 8 0
1950 2 0
2000 0 0


Tags2007_R1_R1 :
tag-recapture data for tag Tags2007_R1 in years 2008 2009 2010 , step 1, after proportion 0.5 of mortality, with sampling method size, detection probability 1.
Year 2008
class scanned recaptured
100 0 0
150 0 0
200 0 0
250 2 0
300 28 0
350 344 0
400 2602 0
450 12332 0
500 40170 0
550 97884 0
600 182308 8
650 260086 9
700 291620 24
750 271378 34
800 224512 25
850 174626 33
900 131756 22
950 97934 11
1000 71728 5
1050 51120 6
1100 35200 6
1150 23658 1
1200 15864 1
1250 10828 2
1300 7580 0
1350 5410 0
1400 3886 0
1450 2772 0
1500 1934 0
1550 1300 0
1600 826 0
1650 490 0
1700 266 0
1750 132 0
1800 58 0
1850 24 0
1900 8 0
1950 2 0
2000 0 0


Year 2009
class scanned recaptured
100 0 0
150 0 0
200 0 0
250 2 0
300 28 0
350 338 0
400 2596 0
450 13080 0
500 43468 0
550 101422 1
600 180382 0
650 255904 2
700 293398 19
750 278302 12
800 229716 23
850 175798 21
900 130724 13
950 96182 12
1000 70174 11
1050 50456 7
1100 35360 3
1150 24054 2
1200 16060 0
1250 10754 1
1300 7362 0
1350 5182 0
1400 3714 0
1450 2662 0
1500 1866 0
1550 1256 0
1600 798 0
1650 470 0
1700 254 0
1750 126 0
1800 56 0
1850 22 0
1900 8 0
1950 2 0
2000 0 0


Year 2010
class scanned recaptured
100 0 0
150 0 0
200 0 0
250 2 0
300 30 0
350 342 0
400 2546 0
450 12914 0
500 45438 0
550 110634 0
600 193100 0
650 259840 5
700 288924 12
750 275666 12
800 231594 17
850 178066 16
900 131090 8
950 95240 12
1000 68874 9
1050 49434 5
1100 34952 4
1150 24134 3
1200 16262 2
1250 10830 0
1300 7284 0
1350 5028 0
1400 3564 1
1450 2550 0
1500 1794 0
1550 1212 0
1600 770 0
1650 454 0
1700 246 0
1750 120 0
1800 54 0
1850 22 0
1900 8 0
1950 2 0
2000 0 0


Tags2008_R1_R1 :
tag-recapture data for tag Tags2008_R1 in years 2009 2010 , step 1, after proportion 0.5 of mortality, with sampling method size, detection probability 1.
Year 2009
class scanned recaptured
100 0 0
150 0 0
200 0 0
250 2 0
300 28 0
350 338 0
400 2596 0
450 13080 0
500 43468 0
550 101422 2
600 180382 5
650 255904 13
700 293398 20
750 278302 28
800 229716 35
850 175798 23
900 130724 15
950 96182 19
1000 70174 10
1050 50456 1
1100 35360 6
1150 24054 1
1200 16060 0
1250 10754 0
1300 7362 0
1350 5182 0
1400 3714 0
1450 2662 0
1500 1866 0
1550 1256 0
1600 798 0
1650 470 0
1700 254 1
1750 126 0
1800 56 0
1850 22 0
1900 8 0
1950 2 0
2000 0 0


Year 2010
class scanned recaptured
100 0 0
150 0 0
200 0 0
250 2 0
300 30 0
350 342 0
400 2546 0
450 12914 0
500 45438 0
550 110634 0
600 193100 3
650 259840 9
700 288924 12
750 275666 27
800 231594 29
850 178066 15
900 131090 19
950 95240 10
1000 68874 4
1050 49434 1
1100 34952 1
1150 24134 1
1200 16262 1
1250 10830 1
1300 7284 0
1350 5028 0
1400 3564 0
1450 2550 0
1500 1794 0
1550 1212 0
1600 770 0
1650 454 0
1700 246 0
1750 120 0
1800 54 0
1850 22 0
1900 8 0
1950 2 0
2000 0 0


Tags2009_R1_R1 :
tag-recapture data for tag Tags2009_R1 in years 2010 , step 1, after proportion 0.5 of mortality, with sampling method size, detection probability 1.
Year 2010
class scanned recaptured
100 0 0
150 0 0
200 0 0
250 2 0
300 30 0
350 342 0
400 2546 0
450 12914 0
500 45438 0
550 110634 0
600 193100 2
650 259840 8
700 288924 15
750 275666 28
800 231594 30
850 178066 35
900 131090 18
950 95240 14
1000 68874 4
1050 49434 10
1100 34952 1
1150 24134 1
1200 16262 2
1250 10830 1
1300 7284 1
1350 5028 1
1400 3564 0
1450 2550 0
1500 1794 0
1550 1212 0
1600 770 0
1650 454 0
1700 246 0
1750 120 0
1800 54 0
1850 22 0
1900 8 0
1950 2 0
2000 0 0



Ageing_error:
  Misclassification matrix:
1 0 0 0 0 0 0 0 0 0 0 0 0 0 0 0 0 0 0 0 0 0 0 0 0 0 0 0 0 0 
0 1 0 0 0 0 0 0 0 0 0 0 0 0 0 0 0 0 0 0 0 0 0 0 0 0 0 0 0 0 
0 0 1 0 0 0 0 0 0 0 0 0 0 0 0 0 0 0 0 0 0 0 0 0 0 0 0 0 0 0 
0 0 0 1 0 0 0 0 0 0 0 0 0 0 0 0 0 0 0 0 0 0 0 0 0 0 0 0 0 0 
0 0 0 0 1 0 0 0 0 0 0 0 0 0 0 0 0 0 0 0 0 0 0 0 0 0 0 0 0 0 
0 0 0 0 0 1 0 0 0 0 0 0 0 0 0 0 0 0 0 0 0 0 0 0 0 0 0 0 0 0 
0 0 0 0 0 0 1 0 0 0 0 0 0 0 0 0 0 0 0 0 0 0 0 0 0 0 0 0 0 0 
0 0 0 0 0 0 0 1 0 0 0 0 0 0 0 0 0 0 0 0 0 0 0 0 0 0 0 0 0 0 
0 0 0 0 0 0 0 0 1 0 0 0 0 0 0 0 0 0 0 0 0 0 0 0 0 0 0 0 0 0 
0 0 0 0 0 0 0 0 0 1 0 0 0 0 0 0 0 0 0 0 0 0 0 0 0 0 0 0 0 0 
0 0 0 0 0 0 0 0 0 0 1 0 0 0 0 0 0 0 0 0 0 0 0 0 0 0 0 0 0 0 
0 0 0 0 0 0 0 0 0 0 0 1 0 0 0 0 0 0 0 0 0 0 0 0 0 0 0 0 0 0 
0 0 0 0 0 0 0 0 0 0 0 0 1 0 0 0 0 0 0 0 0 0 0 0 0 0 0 0 0 0 
0 0 0 0 0 0 0 0 0 0 0 0 0 1 0 0 0 0 0 0 0 0 0 0 0 0 0 0 0 0 
0 0 0 0 0 0 0 0 0 0 0 0 0 0 1 0 0 0 0 0 0 0 0 0 0 0 0 0 0 0 
0 0 0 0 0 0 0 0 0 0 0 0 0 0 0 1 0 0 0 0 0 0 0 0 0 0 0 0 0 0 
0 0 0 0 0 0 0 0 0 0 0 0 0 0 0 0 1 0 0 0 0 0 0 0 0 0 0 0 0 0 
0 0 0 0 0 0 0 0 0 0 0 0 0 0 0 0 0 1 0 0 0 0 0 0 0 0 0 0 0 0 
0 0 0 0 0 0 0 0 0 0 0 0 0 0 0 0 0 0 1 0 0 0 0 0 0 0 0 0 0 0 
0 0 0 0 0 0 0 0 0 0 0 0 0 0 0 0 0 0 0 1 0 0 0 0 0 0 0 0 0 0 
0 0 0 0 0 0 0 0 0 0 0 0 0 0 0 0 0 0 0 0 1 0 0 0 0 0 0 0 0 0 
0 0 0 0 0 0 0 0 0 0 0 0 0 0 0 0 0 0 0 0 0 1 0 0 0 0 0 0 0 0 
0 0 0 0 0 0 0 0 0 0 0 0 0 0 0 0 0 0 0 0 0 0 1 0 0 0 0 0 0 0 
0 0 0 0 0 0 0 0 0 0 0 0 0 0 0 0 0 0 0 0 0 0 0 1 0 0 0 0 0 0 
0 0 0 0 0 0 0 0 0 0 0 0 0 0 0 0 0 0 0 0 0 0 0 0 1 0 0 0 0 0 
0 0 0 0 0 0 0 0 0 0 0 0 0 0 0 0 0 0 0 0 0 0 0 0 0 1 0 0 0 0 
0 0 0 0 0 0 0 0 0 0 0 0 0 0 0 0 0 0 0 0 0 0 0 0 0 0 1 0 0 0 
0 0 0 0 0 0 0 0 0 0 0 0 0 0 0 0 0 0 0 0 0 0 0 0 0 0 0 1 0 0 
0 0 0 0 0 0 0 0 0 0 0 0 0 0 0 0 0 0 0 0 0 0 0 0 0 0 0 0 1 0 
0 0 0 0 0 0 0 0 0 0 0 0 0 0 0 0 0 0 0 0 0 0 0 0 0 0 0 0 0 1 

Free parameters:

initialization.B0
uniform: bounds from 5000 to 500000
current value: 448262
lower bound: 5000
upper bound: 500000


Q's:
qs are nuisance parameters

Penalties:
LL1_Penalty :
Catch limit penalty of 1000 x the sum of squares of (log(actual catch) - log(specified catch)) for fishery LL1 to disencourage breaking exploitation rate limits
LL2_Penalty :
Catch limit penalty of 1000 x the sum of squares of (log(actual catch) - log(specified catch)) for fishery LL2 to disencourage breaking exploitation rate limits
meanYCS_1 :
Vector average penalty of 100 x square of (mean(recruitment.YCS) - 1) 
Penalty_Tags2005_R1_LL1 :
'Fish-must-be-tagged' penalty of 1 x square of (actual number of tagged fish - nominal number of tagged fish) for tagging episode Tags2005_R1_LL1
Penalty_Tags2006_R1_LL1 :
'Fish-must-be-tagged' penalty of 1 x square of (actual number of tagged fish - nominal number of tagged fish) for tagging episode Tags2006_R1_LL1
Penalty_Tags2007_R1_LL1 :
'Fish-must-be-tagged' penalty of 1 x square of (actual number of tagged fish - nominal number of tagged fish) for tagging episode Tags2007_R1_LL1
Penalty_Tags2008_R1_LL1 :
'Fish-must-be-tagged' penalty of 1 x square of (actual number of tagged fish - nominal number of tagged fish) for tagging episode Tags2008_R1_LL1
Penalty_Tags2009_R1_LL1 :
'Fish-must-be-tagged' penalty of 1 x square of (actual number of tagged fish - nominal number of tagged fish) for tagging episode Tags2009_R1_LL1

Components of the objective function are:
  LL1_catchA
  Tags2005_R1_R1
  Tags2006_R1_R1
  Tags2007_R1_R1
  Tags2008_R1_R1
  Tags2009_R1_R1
  prior_on_initialization.B0
  LL1_Penalty
  LL2_Penalty
  meanYCS_1
  Penalty_Tags2005_R1_LL1
  Penalty_Tags2006_R1_LL1
  Penalty_Tags2007_R1_LL1
  Penalty_Tags2008_R1_LL1
  Penalty_Tags2009_R1_LL1

Random number seed : 23560


Minimiser achieved convergence after 7 quasi-Newton iterations using 9 objective function evaluations



Approximate Covariance matrix (Inverse Hessian of parameters at point estimate):
1.11256e+007 

Correlation matrix:
1 

List of parameter names, in the same order as the rows & cols of the covariance/correlation matrices:
initialization.B0 



Start extracting output from here

Point estimate:
initialization.B0
current value: 241363
lower bound: 5000
upper bound: 500000


In a format suitable for -i :

initialization.B0 
241363 

Objective function : 927.597

Components :
LL1_catchA                                         411.412
Tags2005_R1_R1                                     161.769
Tags2006_R1_R1                                     132.488
Tags2007_R1_R1                                     104.683
Tags2008_R1_R1                                     76.232
Tags2009_R1_R1                                     41.0129
prior_on_initialization.B0                         0
LL1_Penalty                                        0
LL2_Penalty                                        0
meanYCS_1                                          0
Penalty_Tags2005_R1_LL1                            0
Penalty_Tags2006_R1_LL1                            0
Penalty_Tags2007_R1_LL1                            2.06795e-025
Penalty_Tags2008_R1_LL1                            2.06795e-025
Penalty_Tags2009_R1_LL1                            2.06795e-025

Fits : 

The observations are:
LL1_catchA
Tags2005_R1_R1
Tags2006_R1_R1
Tags2007_R1_R1
Tags2008_R1_R1
Tags2009_R1_R1
Fits follow:

LL1_catchA :
catch proportions-at-age for fishery LL1  with ageing error (constrained to sum to 1):
obs (last class is a plus group):
class 1       2       3       4       5       6       7       8       9       10      11      12      13      14      15      16      17      18      19      20      21      22      23      24      25      26      27      28      29      30      
2000 0       0       0       0       0.01    0.03    0.05    0.1     0.18    0.12    0.08    0.11    0.1     0.01    0.06    0.06    0.03    0.03    0.01    0       0       0       0.02    0       0       0       0       0       0       0       
2001 0       0       0       0.01    0       0.02    0.04    0.12    0.13    0.18    0.08    0.05    0.05    0.06    0.05    0.06    0.03    0.02    0.01    0.02    0       0.03    0       0.02    0       0       0       0       0.01    0.01    
2002 0       0       0       0       0.01    0.01    0.05    0.13    0.16    0.1     0.14    0.04    0.07    0.04    0.04    0.04    0.04    0.05    0.03    0.01    0       0.01    0.01    0       0.02    0       0       0       0       0       
2003 0       0       0       0       0       0.02    0.11    0.06    0.14    0.12    0.13    0.08    0.08    0.08    0.06    0.06    0.01    0.04    0       0       0.01    0       0       0       0       0       0       0       0       0       
2004 0       0       0       0       0.01    0.01    0.07    0.1     0.17    0.18    0.09    0.02    0.09    0.07    0.06    0.04    0.02    0.02    0.01    0.02    0.01    0       0       0       0       0       0       0       0       0.01    
2005 0       0       0       0       0.02    0.02    0.05    0.09    0.16    0.07    0.15    0.1     0.04    0.06    0.06    0.03    0.02    0.06    0.01    0.02    0.01    0.01    0       0       0.01    0       0       0       0       0.01    
2006 0       0       0       0       0       0.01    0.07    0.14    0.18    0.17    0.12    0.12    0.02    0.03    0.03    0.05    0.02    0       0       0.01    0       0.02    0       0       0.01    0       0       0       0       0       
2007 0       0       0       0       0.01    0.01    0.04    0.14    0.14    0.18    0.23    0.08    0.01    0.03    0.03    0.04    0.02    0       0.01    0.02    0       0       0       0.01    0       0       0       0       0       0       
2008 0       0       0       0       0.01    0.04    0.07    0.17    0.14    0.09    0.12    0.06    0.05    0.07    0.02    0.05    0       0.02    0.04    0       0.01    0       0.04    0       0       0       0       0       0       0       
2009 0       0       0       0       0       0.04    0.15    0.13    0.13    0.11    0.12    0.06    0.09    0.05    0.01    0.01    0.02    0.03    0.01    0       0       0.02    0.01    0       0       0       0.01    0       0       0       
2010 0       0       0       0       0       0.02    0.07    0.09    0.22    0.18    0.14    0.1     0.06    0.05    0.02    0.01    0       0.01    0.01    0       0       0       0.01    0       0       0       0       0       0       0.01    
fits (last class is a plus group):
class 1       2       3       4       5       6       7       8       9       10      11      12      13      14      15      16      17      18      19      20      21      22      23      24      25      26      27      28      29      30      
2000 5.07701e-007 8.31205e-006 9.61801e-005 0.00078657 0.00454591 0.0185549 0.0533482 0.107329 0.149673 0.144228 0.115191 0.0913059 0.071873 0.0562153 0.0437137 0.0338337 0.0261284 0.0201962 0.0156261 0.0120218 0.00914494 0.00687234 0.00509767 0.00372936 0.00268897 0.00190969 0.00133524 0.00091881 0.000622104 0.00300453 
2001 5.15191e-007 8.43885e-006 9.7694e-005 0.000799325 0.00462171 0.0188713 0.0542607 0.109067 0.151679 0.14553 0.115593 0.0911019 0.0713374 0.0555323 0.0429928 0.0331174 0.0254064 0.0194554 0.0149152 0.0114462 0.00873351 0.00658722 0.00490658 0.00360592 0.00261244 0.00186446 0.00131001 0.000905757 0.000616066 0.00302431 
2002 5.2297e-007 8.57079e-006 9.92705e-005 0.000812612 0.00470068 0.019201 0.0552111 0.110873 0.15374 0.146732 0.115903 0.0908495 0.0707453 0.0547974 0.0422376 0.032406 0.0247539 0.0188401 0.0143165 0.0108919 0.00829399 0.00627774 0.00469531 0.00346648 0.00252379 0.00181042 0.00127864 0.000888613 0.000607413 0.00303883 
2003 5.31125e-007 8.70947e-006 0.00010093 0.000826603 0.00478384 0.019548 0.0562106 0.112765 0.155876 0.147937 0.116087 0.0904955 0.0700986 0.0540104 0.0414392 0.0316679 0.0241058 0.0182779 0.0138123 0.0104217 0.00787174 0.00594932 0.00446749 0.00331332 0.00242429 0.00174821 0.0012414 0.000867426 0.000596103 0.00304757 
2004 5.39734e-007 8.85639e-006 0.000102692 0.000841476 0.00487225 0.0199169 0.0572715 0.114765 0.15811 0.149154 0.116218 0.0900083 0.0693525 0.0531702 0.0405958 0.0308954 0.0234376 0.0177197 0.0133482 0.0100218 0.0075117 0.0056344 0.00422694 0.00314894 0.00231549 0.00167868 0.00119869 0.000842351 0.000582152 0.00305 
2005 5.48878e-007 9.01304e-006 0.000104576 0.00085741 0.00496705 0.0203123 0.0584072 0.116898 0.160464 0.150389 0.116293 0.0894391 0.0684793 0.0522402 0.0397051 0.0300862 0.022743 0.0171469 0.0128876 0.00965177 0.00720318 0.00536486 0.00399661 0.00297601 0.00219912 0.00160289 0.00115109 0.000813654 0.000565656 0.00304568 
2006 5.5864e-007 9.18107e-006 0.000106604 0.0008746 0.00506949 0.0207398 0.0596337 0.119191 0.162964 0.151649 0.116304 0.0887766 0.0675138 0.0511973 0.038738 0.0292373 0.0220196 0.0165542 0.0124166 0.00928477 0.00691674 0.0051327 0.003799 0.00281065 0.00207702 0.00152201 0.00109929 0.000781712 0.000546787 0.00303429 
2007 5.691e-007 9.36208e-006 0.000108797 0.000893248 0.00518084 0.021205 0.0609677 0.121675 0.165637 0.15294 0.116241 0.0880067 0.0664429 0.0500656 0.0376764 0.0283267 0.0212647 0.0159399 0.0119312 0.00891047 0.00663279 0.00491662 0.00362818 0.00266858 0.00196039 0.00143728 0.00104409 0.00074698 0.000525782 0.00301565 
2008 5.80354e-007 9.55802e-006 0.000111182 0.000913597 0.00530265 0.0217147 0.0624292 0.124386 0.168517 0.154266 0.116091 0.0871121 0.0652506 0.0488324 0.036537 0.0273407 0.0204619 0.0153015 0.0114298 0.00852592 0.00634382 0.00470254 0.00346898 0.00254555 0.00186017 0.00135646 0.000986317 0.000709988 0.000502947 0.00298982 
2009 5.9251e-007 9.77124e-006 0.000113791 0.000935943 0.0054368 0.0222771 0.0640424 0.127368 0.171639 0.155628 0.115834 0.0860703 0.0639175 0.0474829 0.0353091 0.0262909 0.0196013 0.0146272 0.0109108 0.00812996 0.00604774 0.00448513 0.0033114 0.00243085 0.00177339 0.00128712 0.000931311 0.000671311 0.000478638 0.00295711 
2010 6.05702e-007 1.00046e-005 0.000116664 0.00096066 0.00558567 0.0229026 0.0658371 0.130673 0.175047 0.157026 0.115445 0.0848525 0.06242 0.0459994 0.0339803 0.0251692 0.0186911 0.01391 0.0103656 0.00772138 0.00574369 0.00426288 0.00315166 0.00231747 0.00169258 0.0012272 0.000884279 0.000634582 0.000453244 0.00291817 
resids (last class is a plus group):
class 1       2       3       4       5       6       7       8       9       10      11      12      13      14      15      16      17      18      19      20      21      22      23      24      25      26      27      28      29      30      
2000 -5.07701e-007 -8.31205e-006 -9.61801e-005 -0.00078657 0.00545409 0.0114451 -0.00334823 -0.00732888 0.0303268 -0.0242283 -0.0351913 0.0186941 0.028127 -0.0462153 0.0162863 0.0261663 0.00387162 0.00980383 -0.00562605 -0.0120218 -0.00914494 -0.00687234 0.0149023 -0.00372936 -0.00268897 -0.00190969 -0.00133524 -0.00091881 -0.000622104 -0.00300453 
2001 -5.15191e-007 -8.43885e-006 -9.7694e-005 0.00920067 -0.00462171 0.00112873 -0.0142607 0.0109326 -0.0216786 0.0344699 -0.035593 -0.0411019 -0.0213374 0.00446775 0.00700717 0.0268826 0.00459357 0.000544603 -0.00491517 0.00855379 -0.00873351 0.0234128 -0.00490658 0.0163941 -0.00261244 -0.00186446 -0.00131001 -0.000905757 0.00938393 0.00697569 
2002 -5.2297e-007 -8.57079e-006 -9.92705e-005 -0.000812612 0.00529932 -0.00920096 -0.00521109 0.0191273 0.00626039 -0.0467319 0.0240972 -0.0508495 -0.000745304 -0.0147974 -0.00223755 0.007594 0.0152461 0.0311599 0.0156835 -0.000891898 -0.00829399 0.00372226 0.00530469 -0.00346648 0.0174762 -0.00181042 -0.00127864 -0.000888613 -0.000607413 -0.00303883 
2003 -5.31125e-007 -8.70947e-006 -0.00010093 -0.000826603 -0.00478384 0.000451962 0.0537894 -0.0527646 -0.0158764 -0.0279369 0.0139134 -0.0104955 0.00990137 0.0259896 0.0185608 0.0283321 -0.0141058 0.0217221 -0.0138123 -0.0104217 0.00212826 -0.00594932 -0.00446749 -0.00331332 -0.00242429 -0.00174821 -0.0012414 -0.000867426 -0.000596103 -0.00304757 
2004 -5.39734e-007 -8.85639e-006 -0.000102692 -0.000841476 0.00512775 -0.00991689 0.0127285 -0.014765 0.0118898 0.0308464 -0.0262182 -0.0700083 0.0206475 0.0168298 0.0194042 0.00910463 -0.00343763 0.0022803 -0.00334818 0.00997823 0.0024883 -0.0056344 -0.00422694 -0.00314894 -0.00231549 -0.00167868 -0.00119869 -0.000842351 -0.000582152 0.00695 
2005 -5.48878e-007 -9.01304e-006 -0.000104576 -0.00085741 0.0150329 -0.000312305 -0.00840724 -0.0268978 -0.00046401 -0.0803889 0.0337068 0.0105609 -0.0284793 0.00775976 0.0202949 -8.61502e-005 -0.00274303 0.0428531 -0.00288763 0.0103482 0.00279682 0.00463514 -0.00399661 -0.00297601 0.00780088 -0.00160289 -0.00115109 -0.000813654 -0.000565656 0.00695432 
2006 -5.5864e-007 -9.18107e-006 -0.000106604 -0.0008746 -0.00506949 -0.0107398 0.0103663 0.0208091 0.0170363 0.0183508 0.00369604 0.0312234 -0.0475138 -0.0211973 -0.00873798 0.0207627 -0.00201959 -0.0165542 -0.0124166 0.000715227 -0.00691674 0.0148673 -0.003799 -0.00281065 0.00792298 -0.00152201 -0.00109929 -0.000781712 -0.000546787 -0.00303429 
2007 -5.691e-007 -9.36208e-006 -0.000108797 -0.000893248 0.00481916 -0.011205 -0.0209677 0.0183249 -0.0256372 0.0270597 0.113759 -0.00800673 -0.0564429 -0.0200656 -0.00767642 0.0116733 -0.00126472 -0.0159399 -0.00193123 0.0110895 -0.00663279 -0.00491662 -0.00362818 0.00733142 -0.00196039 -0.00143728 -0.00104409 -0.00074698 -0.000525782 -0.00301565 
2008 -5.80354e-007 -9.55802e-006 -0.000111182 -0.000913597 0.00469735 0.0182853 0.00757079 0.0456135 -0.0285165 -0.0642661 0.00390913 -0.0271121 -0.0152506 0.0211676 -0.016537 0.0226593 -0.0204619 0.00469852 0.0285702 -0.00852592 0.00365618 -0.00470254 0.036531 -0.00254555 -0.00186017 -0.00135646 -0.000986317 -0.000709988 -0.000502947 -0.00298982 
2009 -5.9251e-007 -9.77124e-006 -0.000113791 -0.000935943 -0.0054368 0.0177229 0.0859576 0.00263182 -0.0416388 -0.0456284 0.00416585 -0.0260703 0.0260825 0.00251708 -0.0253091 -0.0162909 0.000398707 0.0153728 -0.000910829 -0.00812996 -0.00604774 0.0155149 0.0066886 -0.00243085 -0.00177339 -0.00128712 0.00906869 -0.000671311 -0.000478638 -0.00295711 
2010 -6.05702e-007 -1.00046e-005 -0.000116664 -0.00096066 -0.00558567 -0.00290255 0.00416289 -0.040673 0.0449527 0.0229737 0.0245551 0.0151475 -0.00241999 0.00400055 -0.0139803 -0.0151692 -0.0186911 -0.00390997 -0.000365637 -0.00772138 -0.00574369 -0.00426288 0.00684834 -0.00231747 -0.00169258 -0.0012272 -0.000884279 -0.000634582 -0.000453244 0.00708183 
pearson_resids (last class is a plus group):
class 1       2       3       4       5       6       7       8       9       10      11      12      13      14      15      16      17      18      19      20      21      22      23      24      25      26      27      28      29      30      
2000 -0.00712532 -0.0288308 -0.0980762 -0.280569 0.810776 0.848123 -0.148991 -0.236774 0.850083 -0.689633 -1.1023 0.649002 1.08902 -2.00642 0.796559 1.44724 0.242709 0.696934 -0.453627 -1.10309 -0.960695 -0.831859 2.09256 -0.611827 -0.519251 -0.437418 -0.365654 -0.303258 -0.249498 -0.548961 
2001 -0.00717768 -0.0290498 -0.0988451 3.2556  -0.681408 0.082952 -0.629525 0.350715 -0.60435 0.977496 -1.1132 -1.42837 -0.828997 0.195084 0.345451 1.5023  0.291922 0.03943 -0.405497 0.804133 -0.938641 2.89426 -0.702194 2.73504 -0.51179 -0.432197 -0.362178 -0.301094 3.78186 1.27038 
2002 -0.00723167 -0.029276 -0.0996395 -0.285179 0.774751 -0.670474 -0.228164 0.6092  0.173563 -1.32071 0.752783 -1.76933 -0.0290681 -0.650194 -0.111249 0.428856 0.981251 2.29184 1.32025 -0.0859294 -0.914514 0.471273 0.775979 -0.589792 3.48313 -0.425876 -0.35781 -0.298229 -0.246532 -0.552096 
2003 -0.00728783 -0.0295119 -0.100469 -0.287626 -0.693314 0.0326465 2.33534 -1.66816 -0.437682 -0.786873 0.434346 -0.365837 0.387813 1.14979 0.931285 1.61792 -0.919678 1.6216  -1.18346 -1.02623 0.240827 -0.773623 -0.669891 -0.57657 -0.492969 -0.418482 -0.352554 -0.294649 -0.244225 -0.552891 
2004 -0.00734666 -0.0297598 -0.101342 -0.290204 0.736414 -0.709795 0.547792 -0.463232 0.325887 0.865889 -0.818076 -2.44619 0.812725 0.750082 0.983227 0.526175 -0.227223 0.172841 -0.291753 1.00177 0.288185 -0.75275 -0.651527 -0.56204 -0.481754 -0.410062 -0.346429 -0.290355 -0.241349 1.26037 
2005 -0.00740863 -0.0300219 -0.102268 -0.292941 2.13834 -0.0221389 -0.358499 -0.837158 -0.0126421 -2.24894 1.05144 0.370068 -1.1276 0.348736 1.03935 -0.0050432 -0.183993 3.30101 -0.256019 1.05845 0.330729 0.634529 -0.633455 -0.546342 1.66532 -0.400683 -0.339472 -0.285362 -0.237903 1.26204 
2006 -0.00747422 -0.0303004 -0.103255 -0.295866 -0.713815 -0.753606 0.437754 0.642229 0.461273 0.51162 0.115289 1.09779 -1.89366 -0.961766 -0.452816 1.23242 -0.137624 -1.29742 -1.12128 0.0745734 -0.834561 2.08054 -0.617534 -0.530903 1.74029 -0.390427 -0.331738 -0.2797 -0.233899 -0.551682 
2007 -0.00754388 -0.0305977 -0.104312 -0.299006 0.671274 -0.777761 -0.876314 0.560549 -0.689627 0.751804 3.54927 -0.282619 -2.26628 -0.920102 -0.403147 0.703617 -0.087666 -1.27272 -0.177868 1.18007 -0.817134 -0.702916 -0.60344 1.42111 -0.443197 -0.379388 -0.323292 -0.273411 -0.22936 -0.54998 
2008 -0.0076181 -0.0309162 -0.105449 -0.302396 0.646787 1.25456 0.312928 1.38214 -0.761814 -1.77922 0.122033 -0.961425 -0.617513 0.982173 -0.8814 1.38951 -1.44532 0.382774 2.68775 -0.927321 0.460505 -0.687369 6.2132  -0.505178 -0.431699 -0.368552 -0.314212 -0.266551 -0.224321 -0.547612 
2009 -0.00769747 -0.0312591 -0.106679 -0.306075 -0.739359 1.20088 3.51093 0.0789424 -1.10428 -1.2587 0.130172 -0.92953 1.06631 0.118356 -1.37132 -1.01819 0.0287614 1.28048 -0.0876779 -0.905351 -0.780035 2.32187 1.16426 -0.493637 -0.421491 -0.358995 2.97303 -0.259184 -0.21883 -0.544599 
2010 -0.00778269 -0.0316302 -0.108018 -0.310094 -0.749469 -0.19403 0.16786 -1.20676 1.18294 0.631448 0.768409 0.54358 -0.100034 0.190972 -0.771632 -0.968418 -1.38011 -0.33385 -0.0361006 -0.882126 -0.760058 -0.654303 1.2218  -0.48196 -0.411758 -0.350529 -0.2975 -0.251989 -0.212944 1.31288 
objective function: multinomial likelihood, with delta = 1e-011, N =
100 100 100 100 100 100 100 100 100 100 100 100 100 100 100 100 100 100 100 100 100 100 100 100 100 100 100 100 100 100 
100 100 100 100 100 100 100 100 100 100 100 100 100 100 100 100 100 100 100 100 100 100 100 100 100 100 100 100 100 100 
100 100 100 100 100 100 100 100 100 100 100 100 100 100 100 100 100 100 100 100 100 100 100 100 100 100 100 100 100 100 
100 100 100 100 100 100 100 100 100 100 100 100 100 100 100 100 100 100 100 100 100 100 100 100 100 100 100 100 100 100 
100 100 100 100 100 100 100 100 100 100 100 100 100 100 100 100 100 100 100 100 100 100 100 100 100 100 100 100 100 100 
100 100 100 100 100 100 100 100 100 100 100 100 100 100 100 100 100 100 100 100 100 100 100 100 100 100 100 100 100 100 
100 100 100 100 100 100 100 100 100 100 100 100 100 100 100 100 100 100 100 100 100 100 100 100 100 100 100 100 100 100 
100 100 100 100 100 100 100 100 100 100 100 100 100 100 100 100 100 100 100 100 100 100 100 100 100 100 100 100 100 100 
100 100 100 100 100 100 100 100 100 100 100 100 100 100 100 100 100 100 100 100 100 100 100 100 100 100 100 100 100 100 
100 100 100 100 100 100 100 100 100 100 100 100 100 100 100 100 100 100 100 100 100 100 100 100 100 100 100 100 100 100 
100 100 100 100 100 100 100 100 100 100 100 100 100 100 100 100 100 100 100 100 100 100 100 100 100 100 100 100 100 100 

Tags2005_R1_R1 :
tag-recapture data for tag Tags2005_R1 in years 2006 2007 2008 2009 2010 , step 1, after proportion 0.5 of mortality, with sampling method size, detection probability 1.
Year 2006
class scanned recaptured expected_prop neg_log_likelihood
100 0 0 0 0
150 0 0 1.14351e-012 0
200 0 0 6.80917e-012 0
250 2 0 4.82894e-011 9.65787e-011
300 28 0 6.46386e-010 1.80988e-008
350 320 0 8.05498e-009 2.57759e-006
400 2302 0 7.51943e-008 0.000173097
450 11502 0 5.07017e-007 0.00583171
500 39770 0 2.41614e-006 0.0960899
550 96806 0 8.27501e-006 0.801074
600 173902 4 2.11627e-005 1.64637
650 243624 13 4.21879e-005 2.54008
700 277690 23 6.816e-005 2.90003
750 266092 18 9.24781e-005 3.34812
800 224820 22 0.000109465 2.61178
850 178122 20 0.000117631 2.44291
900 136978 13 0.000118623 2.55669
950 101584 12 0.000114545 2.17391
1000 71958 3 0.000106849 3.36128
1050 49292 7 9.65392e-005 2.36406
1100 33518 2 8.44763e-005 1.44301
1150 23134 1 7.14817e-005 1.15066
1200 16316 2 5.84581e-005 1.74152
1250 11662 0 4.64407e-005 0.541604
1300 8346 2 3.62738e-005 3.38569
1350 5944 0 2.83221e-005 0.168349
1400 4222 0 2.25783e-005 0.0953268
1450 2988 0 1.86322e-005 0.0556736
1500 2086 0 1.59739e-005 0.0333219
1550 1406 0 1.42014e-005 0.0199674
1600 896 0 1.29821e-005 0.0116321
1650 530 0 1.21578e-005 0.00644367
1700 286 0 1.1616e-005 0.00332219
1750 140 0 1.12679e-005 0.00157752
1800 62 0 1.10477e-005 0.000684962
1850 24 0 1.09091e-005 0.00026182
1900 8 0 1.08191e-005 8.65531e-005
1950 2 0 1.07504e-005 2.15009e-005
2000 0 0 1.06742e-005 0

total neg_log_likelihood: 35.5076


Year 2007
class scanned recaptured expected_prop neg_log_likelihood
100 0 0 0 0
150 0 0 3.83257e-015 0
200 0 0 3.88237e-013 0
250 2 0 5.79365e-012 1.15874e-011
300 28 0 1.1695e-010 3.2746e-009
350 344 0 1.59224e-009 5.4773e-007
400 2442 0 1.53314e-008 3.74392e-005
450 11568 0 1.17855e-007 0.00136335
500 39724 0 6.80113e-007 0.0270168
550 99366 1 2.86705e-006 1.54055
600 181960 1 9.01828e-006 1.14568
650 252416 5 2.19204e-005 1.76684
700 280488 13 4.25688e-005 2.25352
750 265182 11 6.79082e-005 3.71142
800 224010 22 9.15417e-005 2.52133
850 176300 25 0.000107975 3.38136
900 134278 14 0.000115686 2.32275
950 100438 15 0.000116148 2.71517
1000 72920 7 0.000111425 1.98551
1050 50898 2 0.000102993 2.62192
1100 34514 4 9.18781e-005 1.7328
1150 23278 1 7.90026e-005 1.22978
1200 15942 1 6.54489e-005 1.00088
1250 11162 1 5.25026e-005 1.12037
1300 7944 1 4.12753e-005 1.44293
1350 5686 1 3.23271e-005 1.87763
1400 4062 0 2.57683e-005 0.104672
1450 2880 0 2.12055e-005 0.0610725
1500 2006 0 1.80915e-005 0.0362918
1550 1350 0 1.59885e-005 0.0215847
1600 862 0 1.45174e-005 0.0125141
1650 512 0 1.35048e-005 0.00691449
1700 278 0 1.2828e-005 0.0035662
1750 138 0 1.23869e-005 0.0017094
1800 62 0 1.21048e-005 0.000750499
1850 24 0 1.19262e-005 0.00028623
1900 8 0 1.18112e-005 9.44898e-005
1950 2 0 1.17269e-005 2.34538e-005
2000 0 0 1.16387e-005 0

total neg_log_likelihood: 34.6483


Year 2008
class scanned recaptured expected_prop neg_log_likelihood
100 0 0 0 0
150 0 0 0 0
200 0 0 1.11946e-014 0
250 2 0 5.28033e-013 1.05604e-012
300 28 0 1.94806e-011 5.45455e-010
350 344 0 3.49083e-010 1.20084e-007
400 2602 0 3.41296e-009 8.88053e-006
450 12332 0 2.6438e-008 0.000326034
500 40170 0 1.73329e-007 0.00696261
550 97884 0 8.71383e-007 0.0852945
600 182308 0 3.3252e-006 0.606211
650 260086 2 9.81573e-006 1.37159
700 291620 7 2.29794e-005 1.91034
750 271378 11 4.36e-005 2.15541
800 224512 19 6.84191e-005 2.79609
850 174626 13 9.11686e-005 2.49373
900 131756 16 0.000106727 2.43821
950 97934 12 0.000113666 2.20129
1000 71728 5 0.000113351 2.4399
1050 51120 5 0.000107735 1.76438
1100 35200 4 9.82724e-005 1.67305
1150 23658 1 8.60622e-005 1.32505
1200 15864 2 7.23614e-005 1.56511
1250 10828 0 5.872e-005 0.635839
1300 7580 0 4.65562e-005 0.352904
1350 5410 0 3.66676e-005 0.198375
1400 3886 0 2.93153e-005 0.113921
1450 2772 0 2.41427e-005 0.0669244
1500 1934 0 2.05743e-005 0.039791
1550 1300 0 1.81411e-005 0.0235836
1600 826 0 1.6418e-005 0.0135614
1650 490 0 1.52171e-005 0.00745644
1700 266 0 1.44053e-005 0.00383184
1750 132 0 1.38713e-005 0.00183102
1800 58 0 1.35273e-005 0.000784588
1850 24 0 1.33089e-005 0.000319415
1900 8 0 1.31688e-005 0.000105351
1950 2 0 1.30686e-005 2.61373e-005
2000 0 0 1.29688e-005 0

total neg_log_likelihood: 26.2922


Year 2009
class scanned recaptured expected_prop neg_log_likelihood
100 0 0 0 0
150 0 0 0 0
200 0 0 3.80526e-017 0
250 2 0 3.22418e-014 6.43929e-014
300 28 0 2.55682e-012 7.15916e-011
350 338 0 7.36639e-011 2.48984e-008
400 2596 0 8.83321e-010 2.2931e-006
450 13080 0 6.1945e-009 8.1024e-005
500 43468 0 4.2358e-008 0.00184122
550 101422 0 2.41491e-007 0.0244925
600 180382 1 1.09017e-006 1.82299
650 255904 1 3.8645e-006 1.00006
700 293398 0 1.08665e-005 3.18822
750 278302 10 2.45722e-005 2.71723
800 229716 12 4.53409e-005 2.28315
850 175798 9 6.95703e-005 2.49689
900 130724 17 9.1224e-005 3.29321
950 96182 9 0.000105599 2.09528
1000 70174 7 0.000111449 1.94841
1050 50456 5 0.000110019 1.76857
1100 35360 7 0.000103129 3.11522
1150 24054 4 9.2256e-005 2.20871
1200 16060 1 7.89029e-005 1.03036
1250 10754 2 6.48992e-005 2.11034
1300 7362 0 5.19982e-005 0.382821
1350 5182 0 4.12764e-005 0.213899
1400 3714 0 3.31835e-005 0.123246
1450 2662 1 2.74261e-005 2.69016
1500 1866 0 2.34142e-005 0.0436914
1550 1256 0 2.06558e-005 0.0259439
1600 798 0 1.8683e-005 0.0149091
1650 470 0 1.72951e-005 0.00812875
1700 254 0 1.63492e-005 0.00415272
1750 126 0 1.57228e-005 0.00198108
1800 56 0 1.53174e-005 0.000857779
1850 22 0 1.50595e-005 0.000331311
1900 8 0 1.48947e-005 0.000119159
1950 2 0 1.47788e-005 2.95578e-005
2000 0 0 1.46669e-005 0

total neg_log_likelihood: 34.6153


Year 2010
class scanned recaptured expected_prop neg_log_likelihood
100 0 0 0 0
150 0 0 0 0
200 0 0 0 0
250 2 0 9.62609e-016 1.9984e-015
300 30 0 2.4036e-013 7.2109e-012
350 342 0 1.29159e-011 4.41723e-009
400 2546 0 2.53032e-010 6.44218e-007
450 12914 0 1.62263e-009 2.09546e-005
500 45438 0 1.06361e-008 0.000483283
550 110634 0 6.41738e-008 0.0070998
600 193100 0 3.29073e-007 0.0635439
650 259840 2 1.37149e-006 3.1131
700 288924 0 4.5862e-006 1.32506
750 275666 0 1.23135e-005 3.39442
800 231594 4 2.67552e-005 2.07856
850 178066 9 4.76993e-005 2.04159
900 131090 7 7.12348e-005 2.22455
950 95240 11 9.15663e-005 2.40026
1000 68874 4 0.000104443 2.47884
1050 49434 7 0.000108794 2.12686
1100 34952 5 0.000105763 1.94696
1150 24134 5 9.71059e-005 2.87274
1200 16262 2 8.47222e-005 1.42994
1250 10830 0 7.07933e-005 0.766718
1300 7284 0 5.7441e-005 0.418412
1350 5028 1 4.60569e-005 1.69439
1400 3564 0 3.73171e-005 0.133001
1450 2550 0 3.10242e-005 0.0791131
1500 1794 0 2.65942e-005 0.0477106
1550 1212 0 2.35232e-005 0.0285104
1600 770 0 2.1307e-005 0.0164066
1650 454 0 1.97353e-005 0.00895991
1700 246 0 1.8657e-005 0.00458967
1750 120 0 1.79394e-005 0.00215274
1800 54 0 1.74733e-005 0.000943567
1850 22 0 1.71764e-005 0.000377885
1900 8 0 1.69875e-005 0.000135901
1950 2 0 1.68565e-005 3.37133e-005
2000 0 0 1.67328e-005 0

total neg_log_likelihood: 30.7055


Tags2006_R1_R1 :
tag-recapture data for tag Tags2006_R1 in years 2007 2008 2009 2010 , step 1, after proportion 0.5 of mortality, with sampling method size, detection probability 1.
Year 2007
class scanned recaptured expected_prop neg_log_likelihood
100 0 0 0 0
150 0 0 2.22668e-012 0
200 0 0 1.01915e-011 0
250 2 0 5.9798e-011 1.19596e-010
300 28 0 7.72957e-010 2.16428e-008
350 344 0 9.56561e-009 3.29057e-006
400 2442 0 8.5833e-008 0.000209604
450 11568 0 5.53528e-007 0.00640321
500 39724 0 2.55465e-006 0.101481
550 99366 0 8.5884e-006 0.853398
600 181960 8 2.17873e-005 3.55018
650 252416 6 4.34193e-005 3.17366
700 280488 22 7.0508e-005 2.58876
750 265182 26 9.64264e-005 2.55473
800 224010 27 0.000115034 2.59884
850 176300 24 0.000124197 2.60938
900 134278 13 0.000125151 2.67538
950 100438 13 0.000119953 2.24443
1000 72920 12 0.000110313 3.01211
1050 50898 4 9.76831e-005 1.73471
1100 34514 5 8.34223e-005 2.3791
1150 23278 3 6.87762e-005 1.98088
1200 15942 0 5.48713e-005 0.874782
1250 11162 1 4.27198e-005 1.21738
1300 7944 0 3.29419e-005 0.261695
1350 5686 0 2.56197e-005 0.145675
1400 4062 0 2.05154e-005 0.0833343
1450 2880 0 1.71031e-005 0.0492573
1500 2006 0 1.48499e-005 0.0297892
1550 1350 0 1.3368e-005 0.0180469
1600 862 0 1.23564e-005 0.0106513
1650 512 0 1.16746e-005 0.00597742
1700 278 0 1.12266e-005 0.00312102
1750 138 0 1.09386e-005 0.00150953
1800 62 0 1.0756e-005 0.000666874
1850 24 0 1.06408e-005 0.000255381
1900 8 0 1.05662e-005 8.45297e-005
1950 2 0 1.05102e-005 2.10204e-005
2000 0 0 1.04498e-005 0

total neg_log_likelihood: 34.7659


Year 2008
class scanned recaptured expected_prop neg_log_likelihood
100 0 0 0 0
150 0 0 7.71381e-015 0
200 0 0 6.74269e-013 0
250 2 0 7.50312e-012 1.50062e-011
300 28 0 1.35235e-010 3.78659e-009
350 344 0 1.82979e-009 6.29448e-007
400 2602 0 1.75455e-008 4.56533e-005
450 12332 0 1.30751e-007 0.00161242
500 40170 0 7.28715e-007 0.0292725
550 97884 0 2.9949e-006 0.293153
600 182308 1 9.28617e-006 1.16647
650 260086 8 2.24599e-005 2.3262
700 291620 8 4.37102e-005 2.98918
750 271378 22 7.02017e-005 2.6855
800 224512 17 9.54491e-005 2.83351
850 174626 21 0.000113435 2.48024
900 131756 15 0.000122003 2.31521
950 97934 12 0.000122253 2.1683
1000 71728 5 0.00011626 2.52185
1050 51120 9 0.00010581 3.01827
1100 35200 4 9.241e-005 1.71273
1150 23658 4 7.7497e-005 2.58675
1200 15864 1 6.25471e-005 0.999999
1250 10828 0 4.89944e-005 0.530525
1300 7580 0 3.78257e-005 0.286724
1350 5410 0 2.93297e-005 0.158676
1400 3886 0 2.33449e-005 0.0907194
1450 2772 0 1.93129e-005 0.0535359
1500 1934 0 1.6629e-005 0.0321608
1550 1300 0 1.48501e-005 0.0193052
1600 826 0 1.36215e-005 0.0112514
1650 490 0 1.27823e-005 0.00626338
1700 266 0 1.22237e-005 0.00325151
1750 132 0 1.18601e-005 0.00156555
1800 58 0 1.16276e-005 0.000674404
1850 24 0 1.14802e-005 0.000275526
1900 8 0 1.1385e-005 9.10804e-005
1950 2 0 1.13155e-005 2.26312e-005
2000 0 0 1.1245e-005 0

total neg_log_likelihood: 31.3233


Year 2009
class scanned recaptured expected_prop neg_log_likelihood
100 0 0 0 0
150 0 0 0 0
200 0 0 2.18418e-014 0
250 2 0 7.72979e-013 1.54587e-012
300 28 0 2.28664e-011 6.40259e-010
350 338 0 3.87277e-010 1.309e-007
400 2596 0 3.8091e-009 9.88843e-006
450 13080 0 2.93753e-008 0.000384229
500 43468 0 1.87397e-007 0.00814575
550 101422 0 9.16098e-007 0.0929126
600 180382 3 3.42838e-006 3.85196
650 255904 4 1.00254e-005 1.97491
700 293398 3 2.34483e-005 2.88574
750 278302 13 4.47127e-005 2.22006
800 229716 16 7.07458e-005 2.31236
850 175798 12 9.51027e-005 2.90766
900 130724 19 0.000112099 2.98432
950 96182 14 0.000119701 2.4955
1000 70174 9 0.00011896 2.05158
1050 50456 5 0.000111902 1.77872
1100 35360 5 0.000100349 2.00339
1150 24054 5 8.59271e-005 3.22423
1200 16060 1 7.04147e-005 1.00785
1250 10754 1 5.56914e-005 1.11152
1300 7362 0 4.31929e-005 0.317993
1350 5182 0 3.35013e-005 0.173606
1400 3714 1 2.65907e-005 2.41382
1450 2662 0 2.18976e-005 0.058292
1500 1866 0 1.8752e-005 0.0349916
1550 1256 0 1.66553e-005 0.0209193
1600 798 0 1.51966e-005 0.012127
1650 470 0 1.41924e-005 0.00667045
1700 254 0 1.35188e-005 0.00343379
1750 126 0 1.30776e-005 0.00164779
1800 56 0 1.2794e-005 0.000716469
1850 22 0 1.26138e-005 0.000277504
1900 8 0 1.24977e-005 9.99819e-005
1950 2 0 1.24142e-005 2.48286e-005
2000 0 0 1.2332e-005 0

total neg_log_likelihood: 35.9559


Year 2010
class scanned recaptured expected_prop neg_log_likelihood
100 0 0 0 0
150 0 0 0 0
200 0 0 7.68031e-017 0
250 2 0 5.57607e-014 1.11466e-013
300 30 0 3.21726e-012 9.65161e-011
350 342 0 8.09279e-011 2.76774e-008
400 2546 0 9.46228e-010 2.4091e-006
450 12914 0 6.75214e-009 8.71971e-005
500 45438 0 4.56756e-008 0.00207541
550 110634 0 2.54402e-007 0.0281455
600 193100 0 1.12423e-006 0.217089
650 259840 0 3.93504e-006 1.02248
700 288924 2 1.10255e-005 1.56144
750 275666 6 2.50154e-005 1.88958
800 231594 9 4.65063e-005 2.18103
850 178066 14 7.20125e-005 2.29682
900 131090 9 9.52328e-005 2.56583
950 95240 4 0.000110878 4.30996
1000 68874 4 0.000117141 2.8945
1050 49434 4 0.000115027 1.91209
1100 34952 3 0.000106503 1.57104
1150 24134 2 9.34914e-005 1.32196
1200 16262 2 7.80767e-005 1.48525
1250 10830 2 6.25781e-005 2.1489
1300 7284 0 4.89323e-005 0.356431
1350 5028 0 3.80962e-005 0.191551
1400 3564 1 3.02512e-005 2.33512
1450 2550 0 2.48703e-005 0.0634201
1500 1794 0 2.12361e-005 0.0380979
1550 1212 0 1.88e-005 0.0227858
1600 770 0 1.70949e-005 0.0131632
1650 454 0 1.59145e-005 0.00722524
1700 246 0 1.5119e-005 0.00371931
1750 120 0 1.4596e-005 0.00175154
1800 54 0 1.42589e-005 0.000769985
1850 22 0 1.40444e-005 0.000308978
1900 8 0 1.39065e-005 0.000111253
1950 2 0 1.38084e-005 2.7617e-005
2000 0 0 1.37134e-005 0

total neg_log_likelihood: 30.4427


Tags2007_R1_R1 :
tag-recapture data for tag Tags2007_R1 in years 2008 2009 2010 , step 1, after proportion 0.5 of mortality, with sampling method size, detection probability 1.
Year 2008
class scanned recaptured expected_prop neg_log_likelihood
100 0 0 0 0
150 0 0 1.24069e-012 0
200 0 0 8.25702e-012 0
250 2 0 5.46784e-011 1.09357e-010
300 28 0 7.17259e-010 2.00832e-008
350 344 0 8.9617e-009 3.08283e-006
400 2602 0 8.27913e-008 0.000215423
450 12332 0 5.47281e-007 0.00674908
500 40170 0 2.56195e-006 0.102914
550 97884 0 8.67377e-006 0.849027
600 182308 8 2.20789e-005 3.48926
650 260086 9 4.40896e-005 2.31358
700 291620 24 7.17192e-005 2.72854
750 271378 34 9.82693e-005 3.61104
800 224512 25 0.000117559 2.56911
850 174626 33 0.00012758 4.91354
900 131756 22 0.000129778 3.11173
950 97934 11 0.000126252 2.20362
1000 71728 5 0.000118438 2.5853
1050 51120 6 0.000107319 1.85199
1100 35200 6 9.38051e-005 2.71415
1150 23658 1 7.89061e-005 1.24255
1200 15864 1 6.38398e-005 1.00005
1250 10828 2 4.99979e-005 2.46181
1300 7580 0 3.84624e-005 0.291551
1350 5410 0 2.96393e-005 0.160351
1400 3886 0 2.34285e-005 0.0910442
1450 2772 0 1.92697e-005 0.0534161
1500 1934 0 1.65324e-005 0.0319739
1550 1300 0 1.4743e-005 0.019166
1600 826 0 1.3531e-005 0.0111767
1650 490 0 1.27206e-005 0.00623313
1700 266 0 1.21918e-005 0.00324305
1750 132 0 1.18536e-005 0.00156469
1800 58 0 1.164e-005 0.000675126
1850 24 0 1.15055e-005 0.000276133
1900 8 0 1.14178e-005 9.1343e-005
1950 2 0 1.13513e-005 2.27026e-005
2000 0 0 1.12795e-005 0

total neg_log_likelihood: 38.426


Year 2009
class scanned recaptured expected_prop neg_log_likelihood
100 0 0 0 0
150 0 0 3.92709e-015 0
200 0 0 4.69645e-013 0
250 2 0 6.7578e-012 1.35156e-011
300 28 0 1.28377e-010 3.59456e-009
350 338 0 1.72977e-009 5.84663e-007
400 2596 0 1.67003e-008 4.33539e-005
450 13080 0 1.27018e-007 0.00166139
500 43468 0 7.19841e-007 0.0312901
550 101422 1 2.98787e-006 1.49694
600 180382 0 9.31722e-006 1.68067
650 255904 2 2.26268e-005 2.97109
700 293398 19 4.41996e-005 3.62067
750 278302 12 7.12457e-005 3.97009
800 229716 23 9.72133e-005 2.50017
850 175798 21 0.000116013 2.454
900 130724 13 0.000125576 2.59079
950 96182 12 0.000127165 2.17047
1000 70174 11 0.000122835 2.42739
1050 50456 7 0.00011406 2.02962
1100 35360 3 0.000101871 1.54928
1150 24054 2 8.73017e-005 1.30923
1200 16060 0 7.17196e-005 1.15186
1250 10754 1 5.68127e-005 1.10364
1300 7362 0 4.40161e-005 0.324054
1350 5182 0 3.40018e-005 0.176201
1400 3714 0 2.68252e-005 0.0996301
1450 2662 0 2.19476e-005 0.0584252
1500 1866 0 1.86906e-005 0.0348771
1550 1256 0 1.65336e-005 0.0207664
1600 798 0 1.50494e-005 0.0120095
1650 470 0 1.40411e-005 0.00659936
1700 254 0 1.33734e-005 0.00339687
1750 126 0 1.2941e-005 0.00163058
1800 56 0 1.26653e-005 0.000709263
1850 22 0 1.24909e-005 0.000274802
1900 8 0 1.23781e-005 9.9025e-005
1950 2 0 1.22947e-005 2.45895e-005
2000 0 0 1.22088e-005 0

total neg_log_likelihood: 33.7976


Year 2010
class scanned recaptured expected_prop neg_log_likelihood
100 0 0 0 0
150 0 0 0 0
200 0 0 1.22173e-014 0
250 2 0 6.4379e-013 1.28764e-012
300 30 0 2.15667e-011 6.46999e-010
350 342 0 3.69602e-010 1.26404e-007
400 2546 0 3.60936e-009 9.18943e-006
450 12914 0 2.80493e-008 0.000362228
500 45438 0 1.81653e-007 0.00825397
550 110634 0 8.98841e-007 0.0994424
600 193100 0 3.39188e-006 0.654974
650 259840 5 9.98376e-006 2.61532
700 288924 12 2.3496e-005 3.79293
750 275666 12 4.50759e-005 2.1757
800 231594 17 7.17133e-005 2.34499
850 178066 16 9.68791e-005 2.35689
900 131090 8 0.000114803 3.9635
950 95240 12 0.000123514 2.17063
1000 68874 9 0.000124174 2.03826
1050 49434 5 0.000118714 1.80796
1100 34952 4 0.000108599 1.63822
1150 24134 3 9.49874e-005 1.5953
1200 16262 2 7.93796e-005 1.47334
1250 10830 0 6.37392e-005 0.690317
1300 7284 0 4.98713e-005 0.363272
1350 5028 0 3.87542e-005 0.19486
1400 3564 1 3.06408e-005 2.32372
1450 2550 0 2.50455e-005 0.0638668
1500 1794 0 2.12589e-005 0.0381389
1550 1212 0 1.87222e-005 0.0226915
1600 770 0 1.69545e-005 0.0130551
1650 454 0 1.57391e-005 0.00714561
1700 246 0 1.49261e-005 0.00367185
1750 120 0 1.43952e-005 0.00172744
1800 54 0 1.40549e-005 0.000758969
1850 22 0 1.38391e-005 0.000304463
1900 8 0 1.37003e-005 0.000109603
1950 2 0 1.35997e-005 2.71995e-005
2000 0 0 1.34988e-005 0

total neg_log_likelihood: 32.4597


Tags2008_R1_R1 :
tag-recapture data for tag Tags2008_R1 in years 2009 2010 , step 1, after proportion 0.5 of mortality, with sampling method size, detection probability 1.
Year 2009
class scanned recaptured expected_prop neg_log_likelihood
100 0 0 0 0
150 0 0 1.28019e-012 0
200 0 0 9.01121e-012 0
250 2 0 5.90816e-011 1.18163e-010
300 28 0 7.72487e-010 2.16297e-008
350 338 0 9.65882e-009 3.26468e-006
400 2596 0 8.9067e-008 0.000231218
450 13080 0 5.86305e-007 0.00766888
500 43468 0 2.73465e-006 0.11887
550 101422 2 9.24603e-006 1.75944
600 180382 5 2.35503e-005 1.80323
650 255904 13 4.70967e-005 2.24412
700 293398 20 7.66524e-005 2.56414
750 278302 28 0.000104752 2.61106
800 229716 35 0.000124335 3.37553
850 175798 23 0.000133105 2.49368
900 130724 15 0.000132977 2.44988
950 96182 19 0.000126823 4.01381
1000 70174 10 0.000116714 2.26516
1050 50456 1 0.000103973 3.58874
1100 35360 6 8.95974e-005 2.82853
1150 24054 1 7.45178e-005 1.20886
1200 16060 0 5.97688e-005 0.959916
1250 10754 0 4.65224e-005 0.500314
1300 7362 0 3.56573e-005 0.262513
1350 5182 0 2.74404e-005 0.142198
1400 3714 0 2.1705e-005 0.0806131
1450 2662 0 1.78873e-005 0.0476165
1500 1866 0 1.53846e-005 0.0287079
1550 1256 0 1.3753e-005 0.0172739
1600 798 0 1.26492e-005 0.0100942
1650 470 0 1.19118e-005 0.00559856
1700 254 1 1.14308e-005 5.84476
1750 126 0 1.11231e-005 0.00140152
1800 56 0 1.09289e-005 0.000612021
1850 22 0 1.08066e-005 0.000237746
1900 8 0 1.07271e-005 8.58169e-005
1950 2 0 1.06669e-005 2.13338e-005
2000 0 0 1.06023e-005 0

total neg_log_likelihood: 41.2349


Year 2010
class scanned recaptured expected_prop neg_log_likelihood
100 0 0 0 0
150 0 0 3.97793e-015 0
200 0 0 5.0466e-013 0
250 2 0 7.36912e-012 1.47382e-011
300 30 0 1.37619e-010 4.12858e-009
350 342 0 1.85025e-009 6.32784e-007
400 2546 0 1.78581e-008 4.54667e-005
450 12914 0 1.3552e-007 0.0017501
500 45438 0 7.64501e-007 0.0347374
550 110634 0 3.16225e-006 0.349853
600 193100 3 9.85349e-006 1.76463
650 259840 9 2.39715e-005 2.56799
700 288924 12 4.6964e-005 2.26275
750 275666 27 7.58371e-005 3.38266
800 231594 29 0.000103271 3.11094
850 178066 15 0.000122295 3.46341
900 131090 19 0.000130574 2.49546
950 95240 10 0.000129856 2.32116
1000 68874 4 0.000122974 3.10188
1050 49434 1 0.000112022 3.8263
1100 34952 1 9.83529e-005 2.20292
1150 24134 1 8.30773e-005 1.30935
1200 16262 1 6.74584e-005 1.00439
1250 10830 1 5.29725e-005 1.12932
1300 7284 0 4.08082e-005 0.297253
1350 5028 0 3.14376e-005 0.158071
1400 3564 0 2.47979e-005 0.0883808
1450 2550 0 2.03201e-005 0.0518167
1500 1794 0 1.73448e-005 0.0311168
1550 1212 0 1.53803e-005 0.0186411
1600 770 0 1.40306e-005 0.0108036
1650 454 0 1.31141e-005 0.00595385
1700 246 0 1.25075e-005 0.00307687
1750 120 0 1.21147e-005 0.00145377
1800 54 0 1.18643e-005 0.000640677
1850 22 0 1.1706e-005 0.000257534
1900 8 0 1.16038e-005 9.28309e-005
1950 2 0 1.15286e-005 2.30574e-005
2000 0 0 1.14514e-005 0

total neg_log_likelihood: 34.9971


Tags2009_R1_R1 :
tag-recapture data for tag Tags2009_R1 in years 2010 , step 1, after proportion 0.5 of mortality, with sampling method size, detection probability 1.
Year 2010
class scanned recaptured expected_prop neg_log_likelihood
100 0 0 0 0
150 0 0 1.2963e-012 0
200 0 0 9.2393e-012 0
250 2 0 6.09185e-011 1.21837e-010
300 30 0 7.87145e-010 2.36143e-008
350 342 0 9.83598e-009 3.36391e-006
400 2546 0 9.07558e-008 0.000231064
450 12914 0 5.9513e-007 0.00768551
500 45438 0 2.75614e-006 0.125234
550 110634 0 9.25263e-006 1.02366
600 193100 2 2.34736e-005 2.20325
650 259840 8 4.6993e-005 2.7968
700 288924 15 7.7005e-005 3.61375
750 275666 28 0.00010654 2.62041
800 231594 30 0.00012864 2.62297
850 178066 35 0.00014059 4.46204
900 131090 18 0.000143661 2.38737
950 95240 14 0.000140114 2.26019
1000 68874 4 0.000131559 3.42329
1050 49434 10 0.000119067 3.26474
1100 34952 1 0.000103618 2.33481
1150 24134 1 8.6344e-005 1.34962
1200 16262 2 6.87193e-005 1.58841
1250 10830 1 5.25007e-005 1.13315
1300 7284 1 3.90654e-005 1.54136
1350 5028 1 2.89147e-005 2.07374
1400 3564 0 2.18874e-005 0.0780075
1450 2550 0 1.72695e-005 0.0440375
1500 1794 0 1.42888e-005 0.0256343
1550 1212 0 1.23778e-005 0.0150019
1600 770 0 1.1109e-005 0.00855399
1650 454 0 1.02765e-005 0.00466557
1700 246 0 9.74203e-006 0.00239655
1750 120 0 9.40437e-006 0.00112853
1800 54 0 9.19293e-006 0.00049642
1850 22 0 9.06014e-006 0.000199324
1900 8 0 8.97294e-006 7.17839e-005
1950 2 0 8.905e-006 1.78101e-005
2000 0 0 8.83031e-006 0

total neg_log_likelihood: 41.0129


Output quantities start here

* Scalar parameter values
initialization.B0 241363

* Nuisance q's

* B0
241363

* R0
1.75124e+007

* SSBs
SSB 241363 239960 236433 232214 227305 221746 215610 208989 201979 194677 187160 179483 171682 163778 155789 147728 139607 131438 123230 114994 106741 
year 1990 1991 1992 1993 1994 1995 1996 1997 1998 1999 2000 2001 2002 2003 2004 2005 2006 2007 2008 2009 2010 

* recruitments
recruitment 1.75124e+007 1.75124e+007 1.75014e+007 1.74734e+007 1.74388e+007 1.73971e+007 1.7348e+007 1.72911e+007 1.72265e+007 1.7154e+007 1.70737e+007 1.69854e+007 1.68886e+007 1.67826e+007 1.66665e+007 1.6539e+007 1.63988e+007 1.62439e+007 1.60722e+007 1.58812e+007 1.56677e+007 
year 1990 1991 1992 1993 1994 1995 1996 1997 1998 1999 2000 2001 2002 2003 2004 2005 2006 2007 2008 2009 2010 

* YCS
YCS 1 1 1 1 1 1 1 1 1 1 1 1 1 1 1 1 1 1 1 1 1 
year 1989 1990 1991 1992 1993 1994 1995 1996 1997 1998 1999 2000 2001 2002 2003 2004 2005 2006 2007 2008 2009 

* true_YCS
true_YCS 1 1 0.999374 0.997771 0.995797 0.993418 0.990611 0.987365 0.983674 0.979536 0.974949 0.969904 0.964377 0.958326 0.951697 0.944419 0.936408 0.927564 0.917763 0.906856 0.894662 
year 1989 1990 1991 1992 1993 1994 1995 1996 1997 1998 1999 2000 2001 2002 2003 2004 2005 2006 2007 2008 2009 

* fishing_pressures
LL1 0 0.0306895 0.0346993 0.0389462 0.0434381 0.0481833 0.0531918 0.0584757 0.0640503 0.0699372 0.0761657 0.0827749 0.0898127 0.0973383 0.105424 0.11416 0.123658 0.134052 0.145515 0.158262 0.172576 
LL2 0 0.0306895 0.0346993 0.0389462 0.0434381 0.0481833 0.0531918 0.0584757 0.0640503 0.0699372 0.0761657 0.0827749 0.0898127 0.0973383 0.105424 0.11416 0.123658 0.134052 0.145515 0.158262 0.172576 
year 1990 1991 1992 1993 1994 1995 1996 1997 1998 1999 2000 2001 2002 2003 2004 2005 2006 2007 2008 2009 2010 

* Numbers_at_age_R1
1990  1.62551e+007 1.39212e+007 1.19223e+007 1.02104e+007 8.74437e+006 7.48881e+006 6.41353e+006 5.49264e+006 4.70398e+006 4.02856e+006 3.45012e+006 2.95474e+006 2.53048e+006 2.16714e+006 1.85597e+006 1.58948e+006 1.36126e+006 1.1658e+006 998411 855054 732281 627137 537090 459972 393927 337365 288924 247439 211911 1.26395e+006 
1991  1.62551e+007 1.39212e+007 1.19223e+007 1.02101e+007 8.74274e+006 7.48218e+006 6.39444e+006 5.45376e+006 4.64798e+006 3.97153e+006 3.40161e+006 2.91405e+006 2.49682e+006 2.13968e+006 1.83388e+006 1.57195e+006 1.34754e+006 1.15521e+006 990348 849001 727800 623864 534733 458298 392754 336555 288373 247068 211665 1.26283e+006 
1992  1.6245e+007 1.39212e+007 1.19222e+007 1.021e+007 8.742e+006 7.4783e+006 6.37969e+006 5.41353e+006 4.56945e+006 3.86177e+006 3.29108e+006 2.82008e+006 2.41802e+006 2.0745e+006 1.7807e+006 1.52915e+006 1.31356e+006 1.12861e+006 969812 833363 716055 615166 528380 453722 389504 334278 286800 245997 210945 1.26015e+006 
1993  1.62189e+007 1.39124e+007 1.19222e+007 1.021e+007 8.74165e+006 7.47654e+006 6.37288e+006 5.39323e+006 4.52316e+006 3.78181e+006 3.18657e+006 2.71704e+006 2.33054e+006 2.0012e+006 1.72009e+006 1.47971e+006 1.27377e+006 1.09702e+006 945063 814244 701490 604223 520273 447801 385239 331250 284680 244533 209949 1.25692e+006 
1994  1.61868e+007 1.38901e+007 1.19148e+007 1.02099e+007 8.74133e+006 7.47505e+006 6.36768e+006 5.37922e+006 4.49295e+006 3.72808e+006 3.10653e+006 2.61907e+006 2.23569e+006 1.92081e+006 1.65283e+006 1.42414e+006 1.22846e+006 1.06055e+006 916113 791569 683973 590879 510249 440377 379819 327348 281911 242597 208613 1.25295e+006 
1995  1.61481e+007 1.38626e+007 1.18956e+007 1.02035e+007 8.741e+006 7.47351e+006 6.3625e+006 5.36613e+006 4.46731e+006 3.687e+006 3.04775e+006 2.54125e+006 2.14519e+006 1.83454e+006 1.57984e+006 1.36315e+006 1.17812e+006 1.01953e+006 883117 765378 663464 575039 498185 431318 373114 322456 278392 240102 206870 1.24806e+006 
1996  1.61025e+007 1.38295e+007 1.18721e+007 1.01871e+007 8.73517e+006 7.47189e+006 6.35707e+006 5.35258e+006 4.44174e+006 3.64899e+006 2.99888e+006 2.48069e+006 2.07132e+006 1.75208e+006 1.50224e+006 1.29761e+006 1.12342e+006 974424 846376 735834 640018 556683 484013 420528 365016 316466 274026 236965 204649 1.242e+006 
1997  1.60498e+007 1.37904e+007 1.18437e+007 1.01669e+007 8.72078e+006 7.46551e+006 6.35134e+006 5.33834e+006 4.41506e+006 3.61029e+006 2.95199e+006 2.42796e+006 2.01154e+006 1.68338e+006 1.42801e+006 1.22851e+006 1.06514e+006 925827 806321 703220 613797 535878 467727 407958 355450 309291 268722 233102 201876 1.23453e+006 
1998  1.59898e+007 1.37452e+007 1.18103e+007 1.01425e+007 8.70314e+006 7.45173e+006 6.34133e+006 5.32333e+006 4.38706e+006 3.56995e+006 2.90403e+006 2.37655e+006 1.95801e+006 1.62623e+006 1.36524e+006 1.16243e+006 1.00416e+006 874444 763494 667929 585064 512777 449399 393613 344380 300871 262410 228440 198483 1.22536e+006 
1999  1.59225e+007 1.36939e+007 1.17716e+007 1.01138e+007 8.68193e+006 7.43509e+006 6.3248e+006 5.3042e+006 4.35763e+006 3.52775e+006 2.85419e+006 2.32397e+006 1.90542e+006 1.57415e+006 1.31196e+006 1.10591e+006 945892 821036 718515 630443 554170 487620 429170 377561 331818 291178 255040 222918 194408 1.2142e+006 
2000  1.58479e+007 1.36363e+007 1.17275e+007 1.00806e+007 8.65696e+006 7.41533e+006 6.30558e+006 5.27906e+006 4.32398e+006 3.48356e+006 2.80228e+006 2.26958e+006 1.85177e+006 1.52282e+006 1.26287e+006 1.05724e+006 895614 770071 672045 591303 521540 460717 407253 359932 317827 280228 246593 216497 189599 1.20074e+006 
2001  1.57659e+007 1.35724e+007 1.16782e+007 1.00428e+007 8.62813e+006 7.39227e+006 6.28343e+006 5.25106e+006 4.28452e+006 3.43509e+006 2.74819e+006 2.21322e+006 1.79654e+006 1.47062e+006 1.21443e+006 1.01205e+006 851865 725803 627759 551079 487642 432438 383922 340914 302523 268079 237084 209163 184026 1.18468e+006 
2002  1.56761e+007 1.35022e+007 1.16235e+007 1.00005e+007 8.59539e+006 7.3658e+006 6.25818e+006 5.21995e+006 4.24175e+006 3.38104e+006 2.69005e+006 2.15478e+006 1.7396e+006 1.41715e+006 1.16536e+006 967493 811048 686977 589098 512797 452965 403187 359497 320746 286071 254834 226566 200930 177676 1.16575e+006 
2003  1.55777e+007 1.34252e+007 1.15634e+007 9.95358e+006 8.55871e+006 7.33589e+006 6.22969e+006 5.18551e+006 4.19538e+006 3.32333e+006 2.62682e+006 2.09278e+006 1.68086e+006 1.36232e+006 1.11533e+006 922513 770840 650634 554985 479246 420005 373382 334324 299703 268679 240636 215129 191845 170565 1.14368e+006 
2004  1.547e+007 1.3341e+007 1.14974e+007 9.90199e+006 8.51808e+006 7.30249e+006 6.1979e+006 5.14754e+006 4.14509e+006 3.26161e+006 2.55998e+006 2.02642e+006 1.61918e+006 1.30604e+006 1.06428e+006 876877 730406 614890 522986 449505 391029 345086 308761 278082 250582 225663 202898 181987 162732 1.11828e+006 
2005  1.53517e+007 1.32487e+007 1.14253e+007 9.84546e+006 8.4734e+006 7.26557e+006 6.1627e+006 5.10585e+006 4.09057e+006 3.1955e+006 2.48917e+006 1.95682e+006 1.55393e+006 1.24744e+006 1.01217e+006 830539 689564 579072 491566 421569 365250 320147 284516 256186 232035 210120 190025 171463 154247 1.08942e+006 
2006  1.52215e+007 1.31474e+007 1.13462e+007 9.78358e+006 8.42447e+006 7.22503e+006 6.12401e+006 5.06024e+006 4.03147e+006 3.1246e+006 2.41402e+006 1.8837e+006 1.48602e+006 1.18608e+006 958316 783476 648291 543046 460189 394184 341012 297897 263105 235438 213296 194223 176686 160406 145201 1.05704e+006 
2007  1.50777e+007 1.30359e+007 1.12595e+007 9.71579e+006 8.37091e+006 7.18066e+006 6.08166e+006 5.01046e+006 3.96742e+006 3.04848e+006 2.33415e+006 1.80676e+006 1.41524e+006 1.12269e+006 902442 735198 606587 506808 428756 366924 317294 276964 243957 217084 195553 178192 163066 148964 135708 1.02119e+006 
2008  1.49184e+007 1.29127e+007 1.1164e+007 9.64137e+006 8.31224e+006 7.13212e+006 6.03536e+006 4.95616e+006 3.89793e+006 2.9666e+006 2.24912e+006 1.72569e+006 1.34138e+006 1.05713e+006 845130 685514 564090 470368 397272 339714 293750 256510 225934 200637 179833 163021 149353 137297 125897 981996 
2009  1.47411e+007 1.27763e+007 1.10585e+007 9.55946e+006 8.24783e+006 7.07894e+006 5.9847e+006 4.89683e+006 3.82234e+006 2.8783e+006 2.15839e+006 1.64012e+006 1.26422e+006 989292 786320 634911 520687 433465 365756 312566 270325 236257 208347 185150 165722 149562 136379 125565 115903 939675 
2010  1.45429e+007 1.26245e+007 1.09416e+007 9.46902e+006 8.17694e+006 7.02054e+006 5.92913e+006 4.83178e+006 3.73983e+006 2.78276e+006 2.06133e+006 1.54965e+006 1.18354e+006 919063 725977 583391 476791 396043 334025 285506 247036 216164 190968 170054 152429 137462 124856 114468 105863 894534 

Output quantities finish here

Unused parameters:
annual_cycle.fishery_areas annual_cycle.migrate_from annual_cycle.migrate_to annual_cycle.migration_names annual_cycle.migration_times annual_cycle.n_migrations annual_cycle.recruitment_areas annual_cycle.spawning_all_areas area_names recruitment.p_male recruitment.year_range tag[Tags2005_R1_LL1].area tag[Tags2005_R1_LL1].sex tag[Tags2006_R1_LL1].area tag[Tags2006_R1_LL1].sex tag[Tags2007_R1_LL1].area tag[Tags2007_R1_LL1].sex tag[Tags2008_R1_LL1].area tag[Tags2008_R1_LL1].sex tag[Tags2009_R1_LL1].area tag[Tags2009_R1_LL1].sex MCMC.adapt_at MCMC.adaptive_stepsize MCMC.burn_in MCMC.keep MCMC.length MCMC.start MCMC.stepsize profile[1].l profile[1].n profile[1].parameter profile[1].u tag_recapture[Tags2005_R1_R1].area tag_recapture[Tags2006_R1_R1].area tag_recapture[Tags2007_R1_R1].area tag_recapture[Tags2008_R1_R1].area tag_recapture[Tags2009_R1_R1].area n_projections numbers_at[Numbers_at_age_R1].area print.final_state print.initial_state print.requests print.results print.state_annually print.state_every_step print.yields 
