CASAL (C++ algorithmic stock assessment laboratory)
Call: C:/Users/bstacy/Documents/GitHub/lasac/projects/simulations/sim/inc1.5/casal -e -q -f EM 
Date: Tue Oct 15 19:50:05 2019
v2.30-2012-03-21 00:22:59 UTC (rev.4648)  (c) Copyright 2002-2012, NIWA
User name: bstacy
Machine name: DOM-IMA-HVZRNF2 (Microsoft Windows, PID=9792)

Prefix for the input parameter filenames : EM

Random number seed : 29405

Estimation parameters:
Stored as strings: 
  MCMC.adapt_at                 	1e+05 2e+05 3e+05 4e+05
  MCMC.adaptive_stepsize        	True
  MCMC.burn_in                  	500
  MCMC.keep                     	1000
  MCMC.length                   	1500000
  MCMC.start                    	0
  MCMC.stepsize                 	0.01
  ageing_error.c                	0
  ageing_error.type             	normal
  catch_at[LL1_catchA].2000     	0 0 0 0 0 0.02 0.07 0.05 0.14 0.2 0.08 0.15 0.07 0.06 0.03 0.02 0.03 0.03 0.01 0.02 0 0 0.01 0.01 0 0 0 0 0 0
  catch_at[LL1_catchA].2001     	0 0 0 0 0 0 0.05 0.13 0.13 0.2 0.1 0.07 0.1 0.07 0.06 0 0.02 0.01 0.01 0 0.01 0 0.01 0 0 0 0.01 0 0 0.02
  catch_at[LL1_catchA].2002     	0 0 0 0 0 0 0.07 0.1 0.16 0.2 0.13 0.09 0.07 0.06 0.04 0.01 0.03 0.02 0.01 0.01 0 0 0 0 0 0 0 0 0 0
  catch_at[LL1_catchA].2003     	0 0 0 0 0 0.03 0.08 0.08 0.13 0.12 0.15 0.07 0.09 0.07 0.06 0.05 0.01 0.03 0 0.01 0 0.01 0 0 0 0 0 0 0 0.01
  catch_at[LL1_catchA].2004     	0 0 0 0 0 0.04 0.07 0.09 0.21 0.12 0.13 0.07 0.05 0.03 0.03 0.07 0.03 0.03 0.01 0 0 0 0 0.01 0 0 0 0 0 0.01
  catch_at[LL1_catchA].2005     	0 0 0 0 0.02 0.02 0.05 0.14 0.21 0.15 0.07 0.09 0.06 0.08 0.02 0.01 0.03 0 0.01 0.01 0 0 0.01 0 0 0.02 0 0 0 0
  catch_at[LL1_catchA].2006     	0 0 0 0 0.01 0.01 0.08 0.16 0.16 0.12 0.09 0.11 0.03 0.06 0.03 0.03 0.01 0.02 0.02 0.02 0.03 0.01 0 0 0 0 0 0 0 0
  catch_at[LL1_catchA].2007     	0 0 0 0 0 0.02 0.05 0.12 0.21 0.17 0.12 0.06 0.09 0.01 0.02 0.03 0.03 0.01 0 0 0.01 0 0.02 0.01 0.01 0 0 0.01 0 0
  catch_at[LL1_catchA].2008     	0 0 0 0 0 0.05 0.03 0.18 0.18 0.15 0.14 0.06 0.06 0.04 0.03 0.03 0 0 0 0.01 0.02 0 0.01 0 0.01 0 0 0 0 0
  catch_at[LL1_catchA].2009     	0 0 0 0 0 0.02 0.05 0.18 0.17 0.14 0.16 0.08 0.05 0.01 0.02 0 0.02 0.03 0.02 0.01 0 0 0 0 0 0.01 0 0 0 0.03
  catch_at[LL1_catchA].2010     	0 0 0 0 0 0.03 0.13 0.14 0.16 0.14 0.13 0.09 0.06 0.06 0.01 0.01 0 0 0 0.01 0.01 0 0.02 0 0 0 0 0 0 0
  catch_at[LL1_catchA].N_2000   	100
  catch_at[LL1_catchA].N_2001   	100
  catch_at[LL1_catchA].N_2002   	100
  catch_at[LL1_catchA].N_2003   	100
  catch_at[LL1_catchA].N_2004   	100
  catch_at[LL1_catchA].N_2005   	100
  catch_at[LL1_catchA].N_2006   	100
  catch_at[LL1_catchA].N_2007   	100
  catch_at[LL1_catchA].N_2008   	100
  catch_at[LL1_catchA].N_2009   	100
  catch_at[LL1_catchA].N_2010   	100
  catch_at[LL1_catchA].at_size  	False
  catch_at[LL1_catchA].dist     	multinomial
  catch_at[LL1_catchA].fishery  	LL1
  catch_at[LL1_catchA].max_class	30
  catch_at[LL1_catchA].min_class	1
  catch_at[LL1_catchA].plus_group	True
  catch_at[LL1_catchA].r        	1e-11
  catch_at[LL1_catchA].sexed    	False
  catch_at[LL1_catchA].sum_to_one	True
  catch_at[LL1_catchA].years    	2000 2001 2002 2003 2004 2005 2006 2007 2008 2009 2010
  catch_limit_penalty[1].fishery	LL1
  catch_limit_penalty[1].label  	LL1_Penalty
  catch_limit_penalty[1].log_scale	True
  catch_limit_penalty[1].multiplier	1000
  catch_limit_penalty[2].fishery	LL2
  catch_limit_penalty[2].label  	LL2_Penalty
  catch_limit_penalty[2].log_scale	True
  catch_limit_penalty[2].multiplier	1000
  estimate[1].lower_bound       	5000
  estimate[1].parameter         	initialization.B0
  estimate[1].prior             	uniform
  estimate[1].upper_bound       	5e+05
  estimator                     	Bayes
  fish_tagged_penalty[1].label  	Penalty_Tags2005_R1_LL1
  fish_tagged_penalty[1].multiplier	1
  fish_tagged_penalty[1].tagging_episode	Tags2005_R1_LL1
  fish_tagged_penalty[2].label  	Penalty_Tags2006_R1_LL1
  fish_tagged_penalty[2].multiplier	1
  fish_tagged_penalty[2].tagging_episode	Tags2006_R1_LL1
  fish_tagged_penalty[3].label  	Penalty_Tags2007_R1_LL1
  fish_tagged_penalty[3].multiplier	1
  fish_tagged_penalty[3].tagging_episode	Tags2007_R1_LL1
  fish_tagged_penalty[4].label  	Penalty_Tags2008_R1_LL1
  fish_tagged_penalty[4].multiplier	1
  fish_tagged_penalty[4].tagging_episode	Tags2008_R1_LL1
  fish_tagged_penalty[5].label  	Penalty_Tags2009_R1_LL1
  fish_tagged_penalty[5].multiplier	1
  fish_tagged_penalty[5].tagging_episode	Tags2009_R1_LL1
  grad_tol                      	0.001
  max_evals                     	10000
  max_iters                     	1600
  profile[1].l                  	40000
  profile[1].n                  	11
  profile[1].parameter          	initialization.B0
  profile[1].u                  	130000
  q_method                      	nuisance
  tag_recapture[Tags2005_R1_R1].area	R1
  tag_recapture[Tags2005_R1_R1].class_mins	100 150 200 250 300 350 400 450 500 550 600 650 700 750 800 850 900 950 1000 1050 1100 1150 1200 1250 1300 1350 1400 1450 1500 1550 1600 1650 1700 1750 1800 1850 1900 1950 2000 2050
  tag_recapture[Tags2005_R1_R1].detection_probability	1
  tag_recapture[Tags2005_R1_R1].dispersion	1
  tag_recapture[Tags2005_R1_R1].do_bootstrap	True
  tag_recapture[Tags2005_R1_R1].plus_group	False
  tag_recapture[Tags2005_R1_R1].proportion_mortality	0.5
  tag_recapture[Tags2005_R1_R1].r	1e-11
  tag_recapture[Tags2005_R1_R1].recaptured_2006	0 0 0 0 0 0 0 0 0 1 3 10 15 23 21 27 11 14 14 8 5 3 0 0 0 0 0 0 0 0 0 0 0 0 0 0 0 0 0
  tag_recapture[Tags2005_R1_R1].recaptured_2007	0 0 0 0 0 0 0 0 0 0 2 7 8 21 24 10 18 9 8 8 2 0 3 0 0 0 1 0 0 0 0 0 0 0 0 0 0 0 0
  tag_recapture[Tags2005_R1_R1].recaptured_2008	0 0 0 0 0 0 0 0 0 0 1 3 3 11 15 9 18 9 7 7 2 1 1 0 0 0 0 0 0 0 0 0 0 0 0 0 0 0 0
  tag_recapture[Tags2005_R1_R1].recaptured_2009	0 0 0 0 0 0 0 0 0 0 0 2 4 6 6 15 11 6 11 3 1 4 0 1 1 0 0 0 0 0 0 0 0 0 0 0 0 0 0
  tag_recapture[Tags2005_R1_R1].recaptured_2010	0 0 0 0 0 0 0 0 0 0 0 0 0 4 1 8 6 5 7 8 4 3 2 1 0 0 0 0 0 0 0 0 0 0 0 0 0 0 0
  tag_recapture[Tags2005_R1_R1].sample	size
  tag_recapture[Tags2005_R1_R1].scanned_2006	0 0 0 2 28 320 2302 11502 39770 96806 173902 243624 277690 266092 224820 178122 136978 101584 71958 49292 33518 23134 16316 11662 8346 5944 4222 2988 2086 1406 896 530 286 140 62 24 8 2 0
  tag_recapture[Tags2005_R1_R1].scanned_2007	0 0 0 2 28 344 2442 11568 39724 99366 181960 252416 280488 265182 224010 176300 134278 100438 72920 50898 34514 23278 15942 11162 7944 5686 4062 2880 2006 1350 862 512 278 138 62 24 8 2 0
  tag_recapture[Tags2005_R1_R1].scanned_2008	0 0 0 2 28 344 2602 12332 40170 97884 182308 260086 291620 271378 224512 174626 131756 97934 71728 51120 35200 23658 15864 10828 7580 5410 3886 2772 1934 1300 826 490 266 132 58 24 8 2 0
  tag_recapture[Tags2005_R1_R1].scanned_2009	0 0 0 2 28 338 2596 13080 43468 101422 180382 255904 293398 278302 229716 175798 130724 96182 70174 50456 35360 24054 16060 10754 7362 5182 3714 2662 1866 1256 798 470 254 126 56 22 8 2 0
  tag_recapture[Tags2005_R1_R1].scanned_2010	0 0 0 2 30 342 2546 12914 45438 110634 193100 259840 288924 275666 231594 178066 131090 95240 68874 49434 34952 24134 16262 10830 7284 5028 3564 2550 1794 1212 770 454 246 120 54 22 8 2 0
  tag_recapture[Tags2005_R1_R1].step	1
  tag_recapture[Tags2005_R1_R1].tag_name	Tags2005_R1
  tag_recapture[Tags2005_R1_R1].years	2006 2007 2008 2009 2010
  tag_recapture[Tags2006_R1_R1].area	R1
  tag_recapture[Tags2006_R1_R1].class_mins	100 150 200 250 300 350 400 450 500 550 600 650 700 750 800 850 900 950 1000 1050 1100 1150 1200 1250 1300 1350 1400 1450 1500 1550 1600 1650 1700 1750 1800 1850 1900 1950 2000 2050
  tag_recapture[Tags2006_R1_R1].detection_probability	1
  tag_recapture[Tags2006_R1_R1].dispersion	1
  tag_recapture[Tags2006_R1_R1].do_bootstrap	True
  tag_recapture[Tags2006_R1_R1].plus_group	False
  tag_recapture[Tags2006_R1_R1].proportion_mortality	0.5
  tag_recapture[Tags2006_R1_R1].r	1e-11
  tag_recapture[Tags2006_R1_R1].recaptured_2007	0 0 0 0 0 0 0 0 0 1 0 8 17 23 36 21 15 15 9 9 3 1 0 0 1 0 0 0 0 0 0 0 0 0 0 0 0 0 0
  tag_recapture[Tags2006_R1_R1].recaptured_2008	0 0 0 0 0 0 0 0 0 0 0 4 9 21 20 16 12 16 11 5 3 2 0 1 1 1 0 0 0 0 0 0 0 0 0 0 0 0 0
  tag_recapture[Tags2006_R1_R1].recaptured_2009	0 0 0 0 0 0 0 0 0 0 0 1 4 6 12 13 13 12 9 11 2 3 1 0 0 0 0 0 0 0 0 0 0 0 0 0 0 0 0
  tag_recapture[Tags2006_R1_R1].recaptured_2010	0 0 0 0 0 0 0 0 0 0 0 0 2 7 10 12 16 10 4 1 6 2 1 1 0 0 0 0 0 0 0 0 0 0 0 0 0 0 0
  tag_recapture[Tags2006_R1_R1].sample	size
  tag_recapture[Tags2006_R1_R1].scanned_2007	0 0 0 2 28 344 2442 11568 39724 99366 181960 252416 280488 265182 224010 176300 134278 100438 72920 50898 34514 23278 15942 11162 7944 5686 4062 2880 2006 1350 862 512 278 138 62 24 8 2 0
  tag_recapture[Tags2006_R1_R1].scanned_2008	0 0 0 2 28 344 2602 12332 40170 97884 182308 260086 291620 271378 224512 174626 131756 97934 71728 51120 35200 23658 15864 10828 7580 5410 3886 2772 1934 1300 826 490 266 132 58 24 8 2 0
  tag_recapture[Tags2006_R1_R1].scanned_2009	0 0 0 2 28 338 2596 13080 43468 101422 180382 255904 293398 278302 229716 175798 130724 96182 70174 50456 35360 24054 16060 10754 7362 5182 3714 2662 1866 1256 798 470 254 126 56 22 8 2 0
  tag_recapture[Tags2006_R1_R1].scanned_2010	0 0 0 2 30 342 2546 12914 45438 110634 193100 259840 288924 275666 231594 178066 131090 95240 68874 49434 34952 24134 16262 10830 7284 5028 3564 2550 1794 1212 770 454 246 120 54 22 8 2 0
  tag_recapture[Tags2006_R1_R1].step	1
  tag_recapture[Tags2006_R1_R1].tag_name	Tags2006_R1
  tag_recapture[Tags2006_R1_R1].years	2007 2008 2009 2010
  tag_recapture[Tags2007_R1_R1].area	R1
  tag_recapture[Tags2007_R1_R1].class_mins	100 150 200 250 300 350 400 450 500 550 600 650 700 750 800 850 900 950 1000 1050 1100 1150 1200 1250 1300 1350 1400 1450 1500 1550 1600 1650 1700 1750 1800 1850 1900 1950 2000 2050
  tag_recapture[Tags2007_R1_R1].detection_probability	1
  tag_recapture[Tags2007_R1_R1].dispersion	1
  tag_recapture[Tags2007_R1_R1].do_bootstrap	True
  tag_recapture[Tags2007_R1_R1].plus_group	False
  tag_recapture[Tags2007_R1_R1].proportion_mortality	0.5
  tag_recapture[Tags2007_R1_R1].r	1e-11
  tag_recapture[Tags2007_R1_R1].recaptured_2008	0 0 0 0 0 0 0 0 0 1 1 10 17 21 40 36 16 14 6 6 5 4 0 0 0 1 0 0 0 0 0 0 0 0 0 0 0 0 0
  tag_recapture[Tags2007_R1_R1].recaptured_2009	0 0 0 0 0 0 0 0 0 1 3 6 6 25 21 19 21 11 10 8 4 0 2 1 0 0 0 0 0 0 0 0 0 0 0 0 0 0 0
  tag_recapture[Tags2007_R1_R1].recaptured_2010	0 0 0 0 0 0 0 0 0 0 0 0 8 8 13 20 15 9 15 6 4 1 3 0 0 0 0 0 0 0 0 0 0 0 0 0 0 0 0
  tag_recapture[Tags2007_R1_R1].sample	size
  tag_recapture[Tags2007_R1_R1].scanned_2008	0 0 0 2 28 344 2602 12332 40170 97884 182308 260086 291620 271378 224512 174626 131756 97934 71728 51120 35200 23658 15864 10828 7580 5410 3886 2772 1934 1300 826 490 266 132 58 24 8 2 0
  tag_recapture[Tags2007_R1_R1].scanned_2009	0 0 0 2 28 338 2596 13080 43468 101422 180382 255904 293398 278302 229716 175798 130724 96182 70174 50456 35360 24054 16060 10754 7362 5182 3714 2662 1866 1256 798 470 254 126 56 22 8 2 0
  tag_recapture[Tags2007_R1_R1].scanned_2010	0 0 0 2 30 342 2546 12914 45438 110634 193100 259840 288924 275666 231594 178066 131090 95240 68874 49434 34952 24134 16262 10830 7284 5028 3564 2550 1794 1212 770 454 246 120 54 22 8 2 0
  tag_recapture[Tags2007_R1_R1].step	1
  tag_recapture[Tags2007_R1_R1].tag_name	Tags2007_R1
  tag_recapture[Tags2007_R1_R1].years	2008 2009 2010
  tag_recapture[Tags2008_R1_R1].area	R1
  tag_recapture[Tags2008_R1_R1].class_mins	100 150 200 250 300 350 400 450 500 550 600 650 700 750 800 850 900 950 1000 1050 1100 1150 1200 1250 1300 1350 1400 1450 1500 1550 1600 1650 1700 1750 1800 1850 1900 1950 2000 2050
  tag_recapture[Tags2008_R1_R1].detection_probability	1
  tag_recapture[Tags2008_R1_R1].dispersion	1
  tag_recapture[Tags2008_R1_R1].do_bootstrap	True
  tag_recapture[Tags2008_R1_R1].plus_group	False
  tag_recapture[Tags2008_R1_R1].proportion_mortality	0.5
  tag_recapture[Tags2008_R1_R1].r	1e-11
  tag_recapture[Tags2008_R1_R1].recaptured_2009	0 0 0 0 0 0 0 0 1 0 2 10 17 26 31 22 26 9 11 5 5 3 0 0 0 1 0 0 0 0 0 0 0 0 0 0 0 0 0
  tag_recapture[Tags2008_R1_R1].recaptured_2010	0 0 0 0 0 0 0 0 0 0 2 3 10 22 15 25 16 14 10 7 5 2 1 1 0 0 0 0 0 0 0 0 0 0 0 0 0 0 0
  tag_recapture[Tags2008_R1_R1].sample	size
  tag_recapture[Tags2008_R1_R1].scanned_2009	0 0 0 2 28 338 2596 13080 43468 101422 180382 255904 293398 278302 229716 175798 130724 96182 70174 50456 35360 24054 16060 10754 7362 5182 3714 2662 1866 1256 798 470 254 126 56 22 8 2 0
  tag_recapture[Tags2008_R1_R1].scanned_2010	0 0 0 2 30 342 2546 12914 45438 110634 193100 259840 288924 275666 231594 178066 131090 95240 68874 49434 34952 24134 16262 10830 7284 5028 3564 2550 1794 1212 770 454 246 120 54 22 8 2 0
  tag_recapture[Tags2008_R1_R1].step	1
  tag_recapture[Tags2008_R1_R1].tag_name	Tags2008_R1
  tag_recapture[Tags2008_R1_R1].years	2009 2010
  tag_recapture[Tags2009_R1_R1].area	R1
  tag_recapture[Tags2009_R1_R1].class_mins	100 150 200 250 300 350 400 450 500 550 600 650 700 750 800 850 900 950 1000 1050 1100 1150 1200 1250 1300 1350 1400 1450 1500 1550 1600 1650 1700 1750 1800 1850 1900 1950 2000 2050
  tag_recapture[Tags2009_R1_R1].detection_probability	1
  tag_recapture[Tags2009_R1_R1].dispersion	1
  tag_recapture[Tags2009_R1_R1].do_bootstrap	True
  tag_recapture[Tags2009_R1_R1].plus_group	False
  tag_recapture[Tags2009_R1_R1].proportion_mortality	0.5
  tag_recapture[Tags2009_R1_R1].r	1e-11
  tag_recapture[Tags2009_R1_R1].recaptured_2010	0 0 0 0 0 0 0 0 0 1 3 14 25 21 32 16 16 21 3 9 5 4 0 1 0 0 0 0 1 0 0 0 0 0 0 0 0 0 0
  tag_recapture[Tags2009_R1_R1].sample	size
  tag_recapture[Tags2009_R1_R1].scanned_2010	0 0 0 2 30 342 2546 12914 45438 110634 193100 259840 288924 275666 231594 178066 131090 95240 68874 49434 34952 24134 16262 10830 7284 5028 3564 2550 1794 1212 770 454 246 120 54 22 8 2 0
  tag_recapture[Tags2009_R1_R1].step	1
  tag_recapture[Tags2009_R1_R1].tag_name	Tags2009_R1
  tag_recapture[Tags2009_R1_R1].years	2010
  vector_average_penalty[1].k   	1
  vector_average_penalty[1].label	meanYCS_1
  vector_average_penalty[1].multiplier	100
  vector_average_penalty[1].vector	recruitment.YCS
Stored as DOUBLEs: 
Stored as VECTORs: 
Stored as OGIVEs: 

Population parameters:
Stored as strings: 
  annual_cycle.M_props          	1
  annual_cycle.aging_time       	1
  annual_cycle.baranov          	False
  annual_cycle.fishery_areas    	R1
  annual_cycle.fishery_names    	LL1 LL2
  annual_cycle.fishery_times    	1 1
  annual_cycle.growth_props     	0
  annual_cycle.migrate_from     	R1
  annual_cycle.migrate_to       	R2
  annual_cycle.migration_names  	MoveRec_1_2
  annual_cycle.migration_times  	1
  annual_cycle.n_migrations     	0
  annual_cycle.recruitment_areas	R1
  annual_cycle.recruitment_time 	1
  annual_cycle.spawning_all_areas	1
  annual_cycle.spawning_p       	1
  annual_cycle.spawning_part_mort	0.5
  annual_cycle.spawning_time    	1
  annual_cycle.spawning_use_total_B	False
  annual_cycle.time_steps       	1
  area_names                    	R1
  current                       	2010
  final                         	2045
  first_random_year             	2007
  fishery[LL1].U_max            	0.95
  fishery[LL1].catches          	0 6000 6000 6000 6000 6000 6000 6000 6000 6000 6000 6000 6000 6000 6000 6000 6000 6000 6000 6000 6000
  fishery[LL1].future_constant_catches	200
  fishery[LL1].selectivity      	SelLL
  fishery[LL1].years            	1990 1991 1992 1993 1994 1995 1996 1997 1998 1999 2000 2001 2002 2003 2004 2005 2006 2007 2008 2009 2010
  fishery[LL2].U_max            	0.95
  fishery[LL2].catches          	0 0 0 0 0 0 0 0 0 0 0 0 0 0 0 0 0 0 0 0 0
  fishery[LL2].future_constant_catches	200
  fishery[LL2].selectivity      	SelLL
  fishery[LL2].years            	1990 1991 1992 1993 1994 1995 1996 1997 1998 1999 2000 2001 2002 2003 2004 2005 2006 2007 2008 2009 2010
  initial                       	1990
  initialization.B0             	448262
  mature_partition              	False
  maturity_props.all            	allvalues  0 0 0 0 0 0 0 0 0 0 0 0.1667 0.3333 0.5 0.6667 0.8333 1 1 1 1 1 1 1 1 1 1 1 1 1 1
  max_age                       	30
  min_age                       	1
  n_areas                       	1
  n_stocks                      	1
  n_tags                        	5
  natural_mortality.all         	0.155
  plus_group                    	True
  randomisation_method          	lognormal
  recruitment.SR                	BH
  recruitment.YCS               	1 1 1 1 1 1 1 1 1 1 1 1 1 1 1 1 1 1 1 1 1
  recruitment.YCS_years         	1989 1990 1991 1992 1993 1994 1995 1996 1997 1998 1999 2000 2001 2002 2003 2004 2005 2006 2007 2008 2009
  recruitment.first_free        	1989
  recruitment.last_free         	2006
  recruitment.p_male            	0.5
  recruitment.rho               	0
  recruitment.sigma_r           	0.6
  recruitment.steepness         	0.7
  recruitment.year_range        	1989 2006
  selectivity[SelLL].all        	double_normal 10 2 10
  selectivity_names             	SelLL
  sex_partition                 	False
  size_at_age.Linf              	2870
  size_at_age.by_length         	True
  size_at_age.cv                	0.1
  size_at_age.k                 	0.02056
  size_at_age.t0                	-4.2897
  size_at_age_dist              	normal
  size_at_age_type              	von_Bert
  size_based                    	False
  size_weight.a                 	2.59e-12
  size_weight.b                 	3.2064
  size_weight.verify_size_weight	500 0.5 1.5
  standardise_YCS               	True
  tag[Tags2005_R1_LL1].area     	R1
  tag[Tags2005_R1_LL1].class_mins	100 150 200 250 300 350 400 450 500 550 600 650 700 750 800 850 900 950 1000 1050 1100 1150 1200 1250 1300 1350 1400 1450 1500 1550 1600 1650 1700 1750 1800 1850 1900 1950 2000 2050
  tag[Tags2005_R1_LL1].mature_only	False
  tag[Tags2005_R1_LL1].mortality	0.1
  tag[Tags2005_R1_LL1].number   	2500
  tag[Tags2005_R1_LL1].ogive    	SelLL
  tag[Tags2005_R1_LL1].plus_group	False
  tag[Tags2005_R1_LL1].props_all	0 0 0 0 0 1e-04 8e-04 0.0048 0.0184 0.0472 0.088 0.1245 0.1388 0.1298 0.1103 0.0896 0.0694 0.0511 0.0362 0.0255 0.0183 0.0135 0.01 0.0073 0.0052 0.0037 0.0025 0.0018 0.0012 8e-04 5e-04 3e-04 2e-04 1e-04 0 0 0 0 0
  tag[Tags2005_R1_LL1].release_type	deterministic
  tag[Tags2005_R1_LL1].sex      	both
  tag[Tags2005_R1_LL1].step     	1
  tag[Tags2005_R1_LL1].tag_name 	Tags2005_R1
  tag[Tags2005_R1_LL1].year     	2005
  tag[Tags2006_R1_LL1].area     	R1
  tag[Tags2006_R1_LL1].class_mins	100 150 200 250 300 350 400 450 500 550 600 650 700 750 800 850 900 950 1000 1050 1100 1150 1200 1250 1300 1350 1400 1450 1500 1550 1600 1650 1700 1750 1800 1850 1900 1950 2000 2050
  tag[Tags2006_R1_LL1].mature_only	False
  tag[Tags2006_R1_LL1].mortality	0.1
  tag[Tags2006_R1_LL1].number   	2500
  tag[Tags2006_R1_LL1].ogive    	SelLL
  tag[Tags2006_R1_LL1].plus_group	False
  tag[Tags2006_R1_LL1].props_all	0 0 0 0 0 2e-04 0.0013 0.0058 0.0198 0.0485 0.0873 0.1222 0.1397 0.1351 0.1154 0.0921 0.0705 0.0511 0.0349 0.023 0.0152 0.0104 0.0075 0.0055 0.0041 0.0031 0.0023 0.0017 0.0012 9e-04 6e-04 3e-04 2e-04 1e-04 0 0 0 0 0
  tag[Tags2006_R1_LL1].release_type	deterministic
  tag[Tags2006_R1_LL1].sex      	both
  tag[Tags2006_R1_LL1].step     	1
  tag[Tags2006_R1_LL1].tag_name 	Tags2006_R1
  tag[Tags2006_R1_LL1].year     	2006
  tag[Tags2007_R1_LL1].area     	R1
  tag[Tags2007_R1_LL1].class_mins	100 150 200 250 300 350 400 450 500 550 600 650 700 750 800 850 900 950 1000 1050 1100 1150 1200 1250 1300 1350 1400 1450 1500 1550 1600 1650 1700 1750 1800 1850 1900 1950 2000 2050
  tag[Tags2007_R1_LL1].mature_only	False
  tag[Tags2007_R1_LL1].mortality	0.1
  tag[Tags2007_R1_LL1].number   	2500
  tag[Tags2007_R1_LL1].ogive    	SelLL
  tag[Tags2007_R1_LL1].plus_group	False
  tag[Tags2007_R1_LL1].props_all	0 0 0 0 0 1e-04 0.0011 0.0056 0.0193 0.0485 0.0889 0.124 0.139 0.1322 0.1118 0.0878 0.0669 0.0504 0.0372 0.0265 0.0183 0.0125 0.0087 0.0062 0.0045 0.0032 0.0024 0.0017 0.0012 8e-04 5e-04 3e-04 2e-04 1e-04 0 0 0 0 0
  tag[Tags2007_R1_LL1].release_type	deterministic
  tag[Tags2007_R1_LL1].sex      	both
  tag[Tags2007_R1_LL1].step     	1
  tag[Tags2007_R1_LL1].tag_name 	Tags2007_R1
  tag[Tags2007_R1_LL1].year     	2007
  tag[Tags2008_R1_LL1].area     	R1
  tag[Tags2008_R1_LL1].class_mins	100 150 200 250 300 350 400 450 500 550 600 650 700 750 800 850 900 950 1000 1050 1100 1150 1200 1250 1300 1350 1400 1450 1500 1550 1600 1650 1700 1750 1800 1850 1900 1950 2000 2050
  tag[Tags2008_R1_LL1].mature_only	False
  tag[Tags2008_R1_LL1].mortality	0.1
  tag[Tags2008_R1_LL1].number   	2500
  tag[Tags2008_R1_LL1].ogive    	SelLL
  tag[Tags2008_R1_LL1].plus_group	False
  tag[Tags2008_R1_LL1].props_all	0 0 0 0 0 1e-04 0.0012 0.0062 0.0205 0.0497 0.0924 0.1328 0.1497 0.1384 0.112 0.0842 0.0614 0.0445 0.0322 0.0228 0.0157 0.0106 0.0073 0.0052 0.0038 0.0029 0.0022 0.0016 0.0011 7e-04 4e-04 3e-04 1e-04 1e-04 0 0 0 0 0
  tag[Tags2008_R1_LL1].release_type	deterministic
  tag[Tags2008_R1_LL1].sex      	both
  tag[Tags2008_R1_LL1].step     	1
  tag[Tags2008_R1_LL1].tag_name 	Tags2008_R1
  tag[Tags2008_R1_LL1].year     	2008
  tag[Tags2009_R1_LL1].area     	R1
  tag[Tags2009_R1_LL1].class_mins	100 150 200 250 300 350 400 450 500 550 600 650 700 750 800 850 900 950 1000 1050 1100 1150 1200 1250 1300 1350 1400 1450 1500 1550 1600 1650 1700 1750 1800 1850 1900 1950 2000 2050
  tag[Tags2009_R1_LL1].mature_only	False
  tag[Tags2009_R1_LL1].mortality	0.1
  tag[Tags2009_R1_LL1].number   	2500
  tag[Tags2009_R1_LL1].ogive    	SelLL
  tag[Tags2009_R1_LL1].plus_group	False
  tag[Tags2009_R1_LL1].props_all	0 0 0 0 0 1e-04 0.0012 0.0063 0.0213 0.0502 0.0897 0.1266 0.1435 0.135 0.1117 0.0864 0.065 0.0482 0.0352 0.0253 0.0178 0.0122 0.0082 0.0055 0.0037 0.0025 0.0017 0.0011 7e-04 4e-04 3e-04 1e-04 1e-04 0 0 0 0 0 0
  tag[Tags2009_R1_LL1].release_type	deterministic
  tag[Tags2009_R1_LL1].sex      	both
  tag[Tags2009_R1_LL1].step     	1
  tag[Tags2009_R1_LL1].tag_name 	Tags2009_R1
  tag[Tags2009_R1_LL1].year     	2009
  tag_growth_loss[Tags2005_R1].nogrowth_period	0
  tag_growth_loss[Tags2006_R1].nogrowth_period	0
  tag_growth_loss[Tags2007_R1].nogrowth_period	0
  tag_growth_loss[Tags2008_R1].nogrowth_period	0
  tag_growth_loss[Tags2009_R1].nogrowth_period	0
  tag_loss_props                	1
  tag_names                     	Tags2005_R1 Tags2006_R1 Tags2007_R1 Tags2008_R1 Tags2009_R1
  tag_shedding_rate             	0.0084 0.0084 0.0084 0.0084 0.0084
  y_enter                       	1
Stored as DOUBLEs: 
Stored as VECTORs: 
Stored as OGIVEs: 

Output parameters:
Stored as strings: 
  n_projections                 	100
  numbers_at[Numbers_at_age_R1].area	R1
  numbers_at[Numbers_at_age_R1].proportion_mortality	0.5
  numbers_at[Numbers_at_age_R1].step	1
  numbers_at[Numbers_at_age_R1].years	1990 1991 1992 1993 1994 1995 1996 1997 1998 1999 2000 2001 2002 2003 2004 2005 2006 2007 2008 2009 2010
  print.covariance              	true
  print.estimation_section      	true
  print.final_state             	false
  print.fits                    	true
  print.fits_every_eval         	false
  print.initial_state           	false
  print.normalised_resids       	true
  print.objective_every_eval    	false
  print.parameter_vector_every_eval	false
  print.parameters              	true
  print.parameters_every_eval   	false
  print.pearson_resids          	true
  print.requests                	false
  print.resids                  	true
  print.results                 	false
  print.state_annually          	false
  print.state_every_step        	false
  print.unused_parameters       	true
  print.yields                  	true
  quantities.B0                 	true
  quantities.R0                 	true
  quantities.SSBs               	true
  quantities.YCS                	true
  quantities.actual_catches     	false
  quantities.all_free_parameters	true
  quantities.fishing_pressures  	true
  quantities.nuisance_qs        	true
  quantities.recruitments       	true
  quantities.true_YCS           	true
Stored as DOUBLEs: 
Stored as VECTORs: 
Stored as OGIVEs: 

A fish of size 500 cm has a weight of 1.16755 kg in your model. This size-weight scale check assumes that the growth curve is in centimetres, and that the catch is in tonnes.

A fish of size 500 cm has a weight of 1.16755 kg in your model. This size-weight scale check assumes that the growth curve is in centimetres, and that the catch is in tonnes.

Estimation section :

Objective function: Bayes

Minimiser convergence threshold: 0.001


Observations:

The observations are:
LL1_catchA
Tags2005_R1_R1
Tags2006_R1_R1
Tags2007_R1_R1
Tags2008_R1_R1
Tags2009_R1_R1
Fits follow:

LL1_catchA :
catch proportions-at-age for fishery LL1  with ageing error (constrained to sum to 1):
obs (last class is a plus group):
class 1       2       3       4       5       6       7       8       9       10      11      12      13      14      15      16      17      18      19      20      21      22      23      24      25      26      27      28      29      30      
2000 0       0       0       0       0       0.02    0.07    0.05    0.14    0.2     0.08    0.15    0.07    0.06    0.03    0.02    0.03    0.03    0.01    0.02    0       0       0.01    0.01    0       0       0       0       0       0       
2001 0       0       0       0       0       0       0.05    0.13    0.13    0.2     0.1     0.07    0.1     0.07    0.06    0       0.02    0.01    0.01    0       0.01    0       0.01    0       0       0       0.01    0       0       0.02    
2002 0       0       0       0       0       0       0.07    0.1     0.16    0.2     0.13    0.09    0.07    0.06    0.04    0.01    0.03    0.02    0.01    0.01    0       0       0       0       0       0       0       0       0       0       
2003 0       0       0       0       0       0.03    0.08    0.08    0.13    0.12    0.15    0.07    0.09    0.07    0.06    0.05    0.01    0.03    0       0.01    0       0.01    0       0       0       0       0       0       0       0.01    
2004 0       0       0       0       0       0.04    0.07    0.09    0.21    0.12    0.13    0.07    0.05    0.03    0.03    0.07    0.03    0.03    0.01    0       0       0       0       0.01    0       0       0       0       0       0.01    
2005 0       0       0       0       0.02    0.02    0.05    0.14    0.21    0.15    0.07    0.09    0.06    0.08    0.02    0.01    0.03    0       0.01    0.01    0       0       0.01    0       0       0.02    0       0       0       0       
2006 0       0       0       0       0.01    0.01    0.08    0.16    0.16    0.12    0.09    0.11    0.03    0.06    0.03    0.03    0.01    0.02    0.02    0.02    0.03    0.01    0       0       0       0       0       0       0       0       
2007 0       0       0       0       0       0.02    0.05    0.12    0.21    0.17    0.12    0.06    0.09    0.01    0.02    0.03    0.03    0.01    0       0       0.01    0       0.02    0.01    0.01    0       0       0.01    0       0       
2008 0       0       0       0       0       0.05    0.03    0.18    0.18    0.15    0.14    0.06    0.06    0.04    0.03    0.03    0       0       0       0.01    0.02    0       0.01    0       0.01    0       0       0       0       0       
2009 0       0       0       0       0       0.02    0.05    0.18    0.17    0.14    0.16    0.08    0.05    0.01    0.02    0       0.02    0.03    0.02    0.01    0       0       0       0       0       0.01    0       0       0       0.03    
2010 0       0       0       0       0       0.03    0.13    0.14    0.16    0.14    0.13    0.09    0.06    0.06    0.01    0.01    0       0       0       0.01    0.01    0       0.02    0       0       0       0       0       0       0       
objective function: multinomial likelihood, with delta = 1e-011, N =
100 100 100 100 100 100 100 100 100 100 100 100 100 100 100 100 100 100 100 100 100 100 100 100 100 100 100 100 100 100 
100 100 100 100 100 100 100 100 100 100 100 100 100 100 100 100 100 100 100 100 100 100 100 100 100 100 100 100 100 100 
100 100 100 100 100 100 100 100 100 100 100 100 100 100 100 100 100 100 100 100 100 100 100 100 100 100 100 100 100 100 
100 100 100 100 100 100 100 100 100 100 100 100 100 100 100 100 100 100 100 100 100 100 100 100 100 100 100 100 100 100 
100 100 100 100 100 100 100 100 100 100 100 100 100 100 100 100 100 100 100 100 100 100 100 100 100 100 100 100 100 100 
100 100 100 100 100 100 100 100 100 100 100 100 100 100 100 100 100 100 100 100 100 100 100 100 100 100 100 100 100 100 
100 100 100 100 100 100 100 100 100 100 100 100 100 100 100 100 100 100 100 100 100 100 100 100 100 100 100 100 100 100 
100 100 100 100 100 100 100 100 100 100 100 100 100 100 100 100 100 100 100 100 100 100 100 100 100 100 100 100 100 100 
100 100 100 100 100 100 100 100 100 100 100 100 100 100 100 100 100 100 100 100 100 100 100 100 100 100 100 100 100 100 
100 100 100 100 100 100 100 100 100 100 100 100 100 100 100 100 100 100 100 100 100 100 100 100 100 100 100 100 100 100 
100 100 100 100 100 100 100 100 100 100 100 100 100 100 100 100 100 100 100 100 100 100 100 100 100 100 100 100 100 100 

Tags2005_R1_R1 :
tag-recapture data for tag Tags2005_R1 in years 2006 2007 2008 2009 2010 , step 1, after proportion 0.5 of mortality, with sampling method size, detection probability 1.
Year 2006
class scanned recaptured
100 0 0
150 0 0
200 0 0
250 2 0
300 28 0
350 320 0
400 2302 0
450 11502 0
500 39770 0
550 96806 1
600 173902 3
650 243624 10
700 277690 15
750 266092 23
800 224820 21
850 178122 27
900 136978 11
950 101584 14
1000 71958 14
1050 49292 8
1100 33518 5
1150 23134 3
1200 16316 0
1250 11662 0
1300 8346 0
1350 5944 0
1400 4222 0
1450 2988 0
1500 2086 0
1550 1406 0
1600 896 0
1650 530 0
1700 286 0
1750 140 0
1800 62 0
1850 24 0
1900 8 0
1950 2 0
2000 0 0


Year 2007
class scanned recaptured
100 0 0
150 0 0
200 0 0
250 2 0
300 28 0
350 344 0
400 2442 0
450 11568 0
500 39724 0
550 99366 0
600 181960 2
650 252416 7
700 280488 8
750 265182 21
800 224010 24
850 176300 10
900 134278 18
950 100438 9
1000 72920 8
1050 50898 8
1100 34514 2
1150 23278 0
1200 15942 3
1250 11162 0
1300 7944 0
1350 5686 0
1400 4062 1
1450 2880 0
1500 2006 0
1550 1350 0
1600 862 0
1650 512 0
1700 278 0
1750 138 0
1800 62 0
1850 24 0
1900 8 0
1950 2 0
2000 0 0


Year 2008
class scanned recaptured
100 0 0
150 0 0
200 0 0
250 2 0
300 28 0
350 344 0
400 2602 0
450 12332 0
500 40170 0
550 97884 0
600 182308 1
650 260086 3
700 291620 3
750 271378 11
800 224512 15
850 174626 9
900 131756 18
950 97934 9
1000 71728 7
1050 51120 7
1100 35200 2
1150 23658 1
1200 15864 1
1250 10828 0
1300 7580 0
1350 5410 0
1400 3886 0
1450 2772 0
1500 1934 0
1550 1300 0
1600 826 0
1650 490 0
1700 266 0
1750 132 0
1800 58 0
1850 24 0
1900 8 0
1950 2 0
2000 0 0


Year 2009
class scanned recaptured
100 0 0
150 0 0
200 0 0
250 2 0
300 28 0
350 338 0
400 2596 0
450 13080 0
500 43468 0
550 101422 0
600 180382 0
650 255904 2
700 293398 4
750 278302 6
800 229716 6
850 175798 15
900 130724 11
950 96182 6
1000 70174 11
1050 50456 3
1100 35360 1
1150 24054 4
1200 16060 0
1250 10754 1
1300 7362 1
1350 5182 0
1400 3714 0
1450 2662 0
1500 1866 0
1550 1256 0
1600 798 0
1650 470 0
1700 254 0
1750 126 0
1800 56 0
1850 22 0
1900 8 0
1950 2 0
2000 0 0


Year 2010
class scanned recaptured
100 0 0
150 0 0
200 0 0
250 2 0
300 30 0
350 342 0
400 2546 0
450 12914 0
500 45438 0
550 110634 0
600 193100 0
650 259840 0
700 288924 0
750 275666 4
800 231594 1
850 178066 8
900 131090 6
950 95240 5
1000 68874 7
1050 49434 8
1100 34952 4
1150 24134 3
1200 16262 2
1250 10830 1
1300 7284 0
1350 5028 0
1400 3564 0
1450 2550 0
1500 1794 0
1550 1212 0
1600 770 0
1650 454 0
1700 246 0
1750 120 0
1800 54 0
1850 22 0
1900 8 0
1950 2 0
2000 0 0


Tags2006_R1_R1 :
tag-recapture data for tag Tags2006_R1 in years 2007 2008 2009 2010 , step 1, after proportion 0.5 of mortality, with sampling method size, detection probability 1.
Year 2007
class scanned recaptured
100 0 0
150 0 0
200 0 0
250 2 0
300 28 0
350 344 0
400 2442 0
450 11568 0
500 39724 0
550 99366 1
600 181960 0
650 252416 8
700 280488 17
750 265182 23
800 224010 36
850 176300 21
900 134278 15
950 100438 15
1000 72920 9
1050 50898 9
1100 34514 3
1150 23278 1
1200 15942 0
1250 11162 0
1300 7944 1
1350 5686 0
1400 4062 0
1450 2880 0
1500 2006 0
1550 1350 0
1600 862 0
1650 512 0
1700 278 0
1750 138 0
1800 62 0
1850 24 0
1900 8 0
1950 2 0
2000 0 0


Year 2008
class scanned recaptured
100 0 0
150 0 0
200 0 0
250 2 0
300 28 0
350 344 0
400 2602 0
450 12332 0
500 40170 0
550 97884 0
600 182308 0
650 260086 4
700 291620 9
750 271378 21
800 224512 20
850 174626 16
900 131756 12
950 97934 16
1000 71728 11
1050 51120 5
1100 35200 3
1150 23658 2
1200 15864 0
1250 10828 1
1300 7580 1
1350 5410 1
1400 3886 0
1450 2772 0
1500 1934 0
1550 1300 0
1600 826 0
1650 490 0
1700 266 0
1750 132 0
1800 58 0
1850 24 0
1900 8 0
1950 2 0
2000 0 0


Year 2009
class scanned recaptured
100 0 0
150 0 0
200 0 0
250 2 0
300 28 0
350 338 0
400 2596 0
450 13080 0
500 43468 0
550 101422 0
600 180382 0
650 255904 1
700 293398 4
750 278302 6
800 229716 12
850 175798 13
900 130724 13
950 96182 12
1000 70174 9
1050 50456 11
1100 35360 2
1150 24054 3
1200 16060 1
1250 10754 0
1300 7362 0
1350 5182 0
1400 3714 0
1450 2662 0
1500 1866 0
1550 1256 0
1600 798 0
1650 470 0
1700 254 0
1750 126 0
1800 56 0
1850 22 0
1900 8 0
1950 2 0
2000 0 0


Year 2010
class scanned recaptured
100 0 0
150 0 0
200 0 0
250 2 0
300 30 0
350 342 0
400 2546 0
450 12914 0
500 45438 0
550 110634 0
600 193100 0
650 259840 0
700 288924 2
750 275666 7
800 231594 10
850 178066 12
900 131090 16
950 95240 10
1000 68874 4
1050 49434 1
1100 34952 6
1150 24134 2
1200 16262 1
1250 10830 1
1300 7284 0
1350 5028 0
1400 3564 0
1450 2550 0
1500 1794 0
1550 1212 0
1600 770 0
1650 454 0
1700 246 0
1750 120 0
1800 54 0
1850 22 0
1900 8 0
1950 2 0
2000 0 0


Tags2007_R1_R1 :
tag-recapture data for tag Tags2007_R1 in years 2008 2009 2010 , step 1, after proportion 0.5 of mortality, with sampling method size, detection probability 1.
Year 2008
class scanned recaptured
100 0 0
150 0 0
200 0 0
250 2 0
300 28 0
350 344 0
400 2602 0
450 12332 0
500 40170 0
550 97884 1
600 182308 1
650 260086 10
700 291620 17
750 271378 21
800 224512 40
850 174626 36
900 131756 16
950 97934 14
1000 71728 6
1050 51120 6
1100 35200 5
1150 23658 4
1200 15864 0
1250 10828 0
1300 7580 0
1350 5410 1
1400 3886 0
1450 2772 0
1500 1934 0
1550 1300 0
1600 826 0
1650 490 0
1700 266 0
1750 132 0
1800 58 0
1850 24 0
1900 8 0
1950 2 0
2000 0 0


Year 2009
class scanned recaptured
100 0 0
150 0 0
200 0 0
250 2 0
300 28 0
350 338 0
400 2596 0
450 13080 0
500 43468 0
550 101422 1
600 180382 3
650 255904 6
700 293398 6
750 278302 25
800 229716 21
850 175798 19
900 130724 21
950 96182 11
1000 70174 10
1050 50456 8
1100 35360 4
1150 24054 0
1200 16060 2
1250 10754 1
1300 7362 0
1350 5182 0
1400 3714 0
1450 2662 0
1500 1866 0
1550 1256 0
1600 798 0
1650 470 0
1700 254 0
1750 126 0
1800 56 0
1850 22 0
1900 8 0
1950 2 0
2000 0 0


Year 2010
class scanned recaptured
100 0 0
150 0 0
200 0 0
250 2 0
300 30 0
350 342 0
400 2546 0
450 12914 0
500 45438 0
550 110634 0
600 193100 0
650 259840 0
700 288924 8
750 275666 8
800 231594 13
850 178066 20
900 131090 15
950 95240 9
1000 68874 15
1050 49434 6
1100 34952 4
1150 24134 1
1200 16262 3
1250 10830 0
1300 7284 0
1350 5028 0
1400 3564 0
1450 2550 0
1500 1794 0
1550 1212 0
1600 770 0
1650 454 0
1700 246 0
1750 120 0
1800 54 0
1850 22 0
1900 8 0
1950 2 0
2000 0 0


Tags2008_R1_R1 :
tag-recapture data for tag Tags2008_R1 in years 2009 2010 , step 1, after proportion 0.5 of mortality, with sampling method size, detection probability 1.
Year 2009
class scanned recaptured
100 0 0
150 0 0
200 0 0
250 2 0
300 28 0
350 338 0
400 2596 0
450 13080 0
500 43468 1
550 101422 0
600 180382 2
650 255904 10
700 293398 17
750 278302 26
800 229716 31
850 175798 22
900 130724 26
950 96182 9
1000 70174 11
1050 50456 5
1100 35360 5
1150 24054 3
1200 16060 0
1250 10754 0
1300 7362 0
1350 5182 1
1400 3714 0
1450 2662 0
1500 1866 0
1550 1256 0
1600 798 0
1650 470 0
1700 254 0
1750 126 0
1800 56 0
1850 22 0
1900 8 0
1950 2 0
2000 0 0


Year 2010
class scanned recaptured
100 0 0
150 0 0
200 0 0
250 2 0
300 30 0
350 342 0
400 2546 0
450 12914 0
500 45438 0
550 110634 0
600 193100 2
650 259840 3
700 288924 10
750 275666 22
800 231594 15
850 178066 25
900 131090 16
950 95240 14
1000 68874 10
1050 49434 7
1100 34952 5
1150 24134 2
1200 16262 1
1250 10830 1
1300 7284 0
1350 5028 0
1400 3564 0
1450 2550 0
1500 1794 0
1550 1212 0
1600 770 0
1650 454 0
1700 246 0
1750 120 0
1800 54 0
1850 22 0
1900 8 0
1950 2 0
2000 0 0


Tags2009_R1_R1 :
tag-recapture data for tag Tags2009_R1 in years 2010 , step 1, after proportion 0.5 of mortality, with sampling method size, detection probability 1.
Year 2010
class scanned recaptured
100 0 0
150 0 0
200 0 0
250 2 0
300 30 0
350 342 0
400 2546 0
450 12914 0
500 45438 0
550 110634 1
600 193100 3
650 259840 14
700 288924 25
750 275666 21
800 231594 32
850 178066 16
900 131090 16
950 95240 21
1000 68874 3
1050 49434 9
1100 34952 5
1150 24134 4
1200 16262 0
1250 10830 1
1300 7284 0
1350 5028 0
1400 3564 0
1450 2550 0
1500 1794 1
1550 1212 0
1600 770 0
1650 454 0
1700 246 0
1750 120 0
1800 54 0
1850 22 0
1900 8 0
1950 2 0
2000 0 0



Ageing_error:
  Misclassification matrix:
1 0 0 0 0 0 0 0 0 0 0 0 0 0 0 0 0 0 0 0 0 0 0 0 0 0 0 0 0 0 
0 1 0 0 0 0 0 0 0 0 0 0 0 0 0 0 0 0 0 0 0 0 0 0 0 0 0 0 0 0 
0 0 1 0 0 0 0 0 0 0 0 0 0 0 0 0 0 0 0 0 0 0 0 0 0 0 0 0 0 0 
0 0 0 1 0 0 0 0 0 0 0 0 0 0 0 0 0 0 0 0 0 0 0 0 0 0 0 0 0 0 
0 0 0 0 1 0 0 0 0 0 0 0 0 0 0 0 0 0 0 0 0 0 0 0 0 0 0 0 0 0 
0 0 0 0 0 1 0 0 0 0 0 0 0 0 0 0 0 0 0 0 0 0 0 0 0 0 0 0 0 0 
0 0 0 0 0 0 1 0 0 0 0 0 0 0 0 0 0 0 0 0 0 0 0 0 0 0 0 0 0 0 
0 0 0 0 0 0 0 1 0 0 0 0 0 0 0 0 0 0 0 0 0 0 0 0 0 0 0 0 0 0 
0 0 0 0 0 0 0 0 1 0 0 0 0 0 0 0 0 0 0 0 0 0 0 0 0 0 0 0 0 0 
0 0 0 0 0 0 0 0 0 1 0 0 0 0 0 0 0 0 0 0 0 0 0 0 0 0 0 0 0 0 
0 0 0 0 0 0 0 0 0 0 1 0 0 0 0 0 0 0 0 0 0 0 0 0 0 0 0 0 0 0 
0 0 0 0 0 0 0 0 0 0 0 1 0 0 0 0 0 0 0 0 0 0 0 0 0 0 0 0 0 0 
0 0 0 0 0 0 0 0 0 0 0 0 1 0 0 0 0 0 0 0 0 0 0 0 0 0 0 0 0 0 
0 0 0 0 0 0 0 0 0 0 0 0 0 1 0 0 0 0 0 0 0 0 0 0 0 0 0 0 0 0 
0 0 0 0 0 0 0 0 0 0 0 0 0 0 1 0 0 0 0 0 0 0 0 0 0 0 0 0 0 0 
0 0 0 0 0 0 0 0 0 0 0 0 0 0 0 1 0 0 0 0 0 0 0 0 0 0 0 0 0 0 
0 0 0 0 0 0 0 0 0 0 0 0 0 0 0 0 1 0 0 0 0 0 0 0 0 0 0 0 0 0 
0 0 0 0 0 0 0 0 0 0 0 0 0 0 0 0 0 1 0 0 0 0 0 0 0 0 0 0 0 0 
0 0 0 0 0 0 0 0 0 0 0 0 0 0 0 0 0 0 1 0 0 0 0 0 0 0 0 0 0 0 
0 0 0 0 0 0 0 0 0 0 0 0 0 0 0 0 0 0 0 1 0 0 0 0 0 0 0 0 0 0 
0 0 0 0 0 0 0 0 0 0 0 0 0 0 0 0 0 0 0 0 1 0 0 0 0 0 0 0 0 0 
0 0 0 0 0 0 0 0 0 0 0 0 0 0 0 0 0 0 0 0 0 1 0 0 0 0 0 0 0 0 
0 0 0 0 0 0 0 0 0 0 0 0 0 0 0 0 0 0 0 0 0 0 1 0 0 0 0 0 0 0 
0 0 0 0 0 0 0 0 0 0 0 0 0 0 0 0 0 0 0 0 0 0 0 1 0 0 0 0 0 0 
0 0 0 0 0 0 0 0 0 0 0 0 0 0 0 0 0 0 0 0 0 0 0 0 1 0 0 0 0 0 
0 0 0 0 0 0 0 0 0 0 0 0 0 0 0 0 0 0 0 0 0 0 0 0 0 1 0 0 0 0 
0 0 0 0 0 0 0 0 0 0 0 0 0 0 0 0 0 0 0 0 0 0 0 0 0 0 1 0 0 0 
0 0 0 0 0 0 0 0 0 0 0 0 0 0 0 0 0 0 0 0 0 0 0 0 0 0 0 1 0 0 
0 0 0 0 0 0 0 0 0 0 0 0 0 0 0 0 0 0 0 0 0 0 0 0 0 0 0 0 1 0 
0 0 0 0 0 0 0 0 0 0 0 0 0 0 0 0 0 0 0 0 0 0 0 0 0 0 0 0 0 1 

Free parameters:

initialization.B0
uniform: bounds from 5000 to 500000
current value: 448262
lower bound: 5000
upper bound: 500000


Q's:
qs are nuisance parameters

Penalties:
LL1_Penalty :
Catch limit penalty of 1000 x the sum of squares of (log(actual catch) - log(specified catch)) for fishery LL1 to disencourage breaking exploitation rate limits
LL2_Penalty :
Catch limit penalty of 1000 x the sum of squares of (log(actual catch) - log(specified catch)) for fishery LL2 to disencourage breaking exploitation rate limits
meanYCS_1 :
Vector average penalty of 100 x square of (mean(recruitment.YCS) - 1) 
Penalty_Tags2005_R1_LL1 :
'Fish-must-be-tagged' penalty of 1 x square of (actual number of tagged fish - nominal number of tagged fish) for tagging episode Tags2005_R1_LL1
Penalty_Tags2006_R1_LL1 :
'Fish-must-be-tagged' penalty of 1 x square of (actual number of tagged fish - nominal number of tagged fish) for tagging episode Tags2006_R1_LL1
Penalty_Tags2007_R1_LL1 :
'Fish-must-be-tagged' penalty of 1 x square of (actual number of tagged fish - nominal number of tagged fish) for tagging episode Tags2007_R1_LL1
Penalty_Tags2008_R1_LL1 :
'Fish-must-be-tagged' penalty of 1 x square of (actual number of tagged fish - nominal number of tagged fish) for tagging episode Tags2008_R1_LL1
Penalty_Tags2009_R1_LL1 :
'Fish-must-be-tagged' penalty of 1 x square of (actual number of tagged fish - nominal number of tagged fish) for tagging episode Tags2009_R1_LL1

Components of the objective function are:
  LL1_catchA
  Tags2005_R1_R1
  Tags2006_R1_R1
  Tags2007_R1_R1
  Tags2008_R1_R1
  Tags2009_R1_R1
  prior_on_initialization.B0
  LL1_Penalty
  LL2_Penalty
  meanYCS_1
  Penalty_Tags2005_R1_LL1
  Penalty_Tags2006_R1_LL1
  Penalty_Tags2007_R1_LL1
  Penalty_Tags2008_R1_LL1
  Penalty_Tags2009_R1_LL1

Random number seed : 29405


Minimiser achieved convergence after 7 quasi-Newton iterations using 10 objective function evaluations



Approximate Covariance matrix (Inverse Hessian of parameters at point estimate):
1.42243e+007 

Correlation matrix:
1 

List of parameter names, in the same order as the rows & cols of the covariance/correlation matrices:
initialization.B0 



Start extracting output from here

Point estimate:
initialization.B0
current value: 197798
lower bound: 5000
upper bound: 500000


In a format suitable for -i :

initialization.B0 
197798 

Objective function : 937.224

Components :
LL1_catchA                                         404.18
Tags2005_R1_R1                                     162.295
Tags2006_R1_R1                                     135.232
Tags2007_R1_R1                                     114.467
Tags2008_R1_R1                                     75.822
Tags2009_R1_R1                                     45.2286
prior_on_initialization.B0                         0
LL1_Penalty                                        0
LL2_Penalty                                        0
meanYCS_1                                          0
Penalty_Tags2005_R1_LL1                            1.86116e-024
Penalty_Tags2006_R1_LL1                            8.27181e-025
Penalty_Tags2007_R1_LL1                            3.30872e-024
Penalty_Tags2008_R1_LL1                            0
Penalty_Tags2009_R1_LL1                            1.86116e-024

Fits : 

The observations are:
LL1_catchA
Tags2005_R1_R1
Tags2006_R1_R1
Tags2007_R1_R1
Tags2008_R1_R1
Tags2009_R1_R1
Fits follow:

LL1_catchA :
catch proportions-at-age for fishery LL1  with ageing error (constrained to sum to 1):
obs (last class is a plus group):
class 1       2       3       4       5       6       7       8       9       10      11      12      13      14      15      16      17      18      19      20      21      22      23      24      25      26      27      28      29      30      
2000 0       0       0       0       0       0.02    0.07    0.05    0.14    0.2     0.08    0.15    0.07    0.06    0.03    0.02    0.03    0.03    0.01    0.02    0       0       0.01    0.01    0       0       0       0       0       0       
2001 0       0       0       0       0       0       0.05    0.13    0.13    0.2     0.1     0.07    0.1     0.07    0.06    0       0.02    0.01    0.01    0       0.01    0       0.01    0       0       0       0.01    0       0       0.02    
2002 0       0       0       0       0       0       0.07    0.1     0.16    0.2     0.13    0.09    0.07    0.06    0.04    0.01    0.03    0.02    0.01    0.01    0       0       0       0       0       0       0       0       0       0       
2003 0       0       0       0       0       0.03    0.08    0.08    0.13    0.12    0.15    0.07    0.09    0.07    0.06    0.05    0.01    0.03    0       0.01    0       0.01    0       0       0       0       0       0       0       0.01    
2004 0       0       0       0       0       0.04    0.07    0.09    0.21    0.12    0.13    0.07    0.05    0.03    0.03    0.07    0.03    0.03    0.01    0       0       0       0       0.01    0       0       0       0       0       0.01    
2005 0       0       0       0       0.02    0.02    0.05    0.14    0.21    0.15    0.07    0.09    0.06    0.08    0.02    0.01    0.03    0       0.01    0.01    0       0       0.01    0       0       0.02    0       0       0       0       
2006 0       0       0       0       0.01    0.01    0.08    0.16    0.16    0.12    0.09    0.11    0.03    0.06    0.03    0.03    0.01    0.02    0.02    0.02    0.03    0.01    0       0       0       0       0       0       0       0       
2007 0       0       0       0       0       0.02    0.05    0.12    0.21    0.17    0.12    0.06    0.09    0.01    0.02    0.03    0.03    0.01    0       0       0.01    0       0.02    0.01    0.01    0       0       0.01    0       0       
2008 0       0       0       0       0       0.05    0.03    0.18    0.18    0.15    0.14    0.06    0.06    0.04    0.03    0.03    0       0       0       0.01    0.02    0       0.01    0       0.01    0       0       0       0       0       
2009 0       0       0       0       0       0.02    0.05    0.18    0.17    0.14    0.16    0.08    0.05    0.01    0.02    0       0.02    0.03    0.02    0.01    0       0       0       0       0       0.01    0       0       0       0.03    
2010 0       0       0       0       0       0.03    0.13    0.14    0.16    0.14    0.13    0.09    0.06    0.06    0.01    0.01    0       0       0       0.01    0.01    0       0.02    0       0       0       0       0       0       0       
fits (last class is a plus group):
class 1       2       3       4       5       6       7       8       9       10      11      12      13      14      15      16      17      18      19      20      21      22      23      24      25      26      27      28      29      30      
2000 4.88122e-007 7.9797e-006 9.22369e-005 0.000753797 0.00435494 0.017778 0.0511924 0.10352 0.146068 0.143354 0.116607 0.0936544 0.0743239 0.0583216 0.0452918 0.0348731 0.0267252 0.0204936 0.0157527 0.0120514 0.0091161 0.00681344 0.00502799 0.00366092 0.00262829 0.00185953 0.0012959 0.000889257 0.000600702 0.00289112 
2001 4.89491e-007 8.0021e-006 9.25011e-005 0.000756043 0.00436864 0.0178377 0.0513749 0.103903 0.146597 0.143948 0.11709 0.0939629 0.0745008 0.0584015 0.0452918 0.0347777 0.0264859 0.0200814 0.015237 0.0115895 0.00877296 0.00656542 0.00485376 0.00354209 0.00254972 0.00180921 0.00126475 0.000870646 0.000590001 0.00287737 
2002 4.90606e-007 8.02003e-006 9.27086e-005 0.000757782 0.00437919 0.0178836 0.0515165 0.104202 0.147014 0.144319 0.117442 0.0942457 0.0746629 0.0584764 0.0453053 0.0347416 0.0263869 0.0198824 0.0149168 0.0112002 0.00842964 0.00631323 0.0046735 0.00341685 0.00246522 0.00175393 0.00122972 0.000849175 0.000577294 0.00285684 
2003 4.91559e-007 8.03508e-006 9.28791e-005 0.000759177 0.0043875 0.0179195 0.0516269 0.104437 0.147343 0.144611 0.117638 0.0944438 0.0748207 0.0585522 0.0453247 0.0347233 0.0263387 0.0197932 0.0147584 0.0109573 0.00814121 0.00606244 0.00449136 0.00328813 0.0023768 0.00169495 0.00119157 0.00082527 0.000562803 0.00282967 
2004 4.92416e-007 8.04845e-006 9.30276e-005 0.000760363 0.00439436 0.0179484 0.0517147 0.104622 0.147601 0.144839 0.11779 0.0945324 0.0749242 0.0586348 0.0453527 0.0347154 0.0263083 0.0197452 0.0146838 0.0108352 0.00796071 0.00585227 0.00431105 0.00315868 0.00228638 0.00163356 0.0011511 0.000799399 0.000546783 0.00279602 
2005 4.9323e-007 8.06098e-006 9.31649e-005 0.000761436 0.00440039 0.017973 0.0517872 0.104772 0.147806 0.145017 0.117906 0.0945986 0.0749508 0.0586825 0.0453917 0.0347185 0.0262892 0.0197131 0.0146418 0.010776 0.00786893 0.00572047 0.00416021 0.00303094 0.00219573 0.00157098 0.00110912 0.000772063 0.000529521 0.00275607 
2006 4.94039e-007 8.07337e-006 9.32992e-005 0.000762471 0.00440609 0.0179955 0.051851 0.104898 0.147972 0.145155 0.117991 0.0946444 0.0749665 0.0586754 0.0454078 0.0347332 0.0262807 0.0196912 0.0146127 0.0107416 0.00782357 0.00565295 0.00406549 0.00292421 0.00210648 0.00150841 0.00106644 0.000743784 0.000511334 0.00271014 
2007 4.94861e-007 8.0859e-006 9.34344e-005 0.000763504 0.00441169 0.0180172 0.0519104 0.105011 0.148114 0.145264 0.118053 0.0946725 0.0749714 0.0586638 0.0453845 0.0347326 0.0262826 0.0196784 0.0145921 0.0107173 0.00779659 0.00561906 0.00401666 0.00285709 0.00203196 0.00144687 0.00102382 0.000715072 0.000492546 0.00265856 
2008 4.95708e-007 8.09881e-006 9.35732e-005 0.000764559 0.00441737 0.0180388 0.0519684 0.105118 0.14824 0.145355 0.118096 0.0946856 0.0749654 0.0586461 0.0453596 0.0347032 0.0262739 0.019674 0.0145786 0.0106995 0.00777724 0.00559855 0.00399186 0.00282231 0.00198503 0.0013955 0.000981935 0.000686416 0.000473484 0.00260182 
2009 4.96587e-007 8.1122e-006 9.3717e-005 0.000765648 0.0044232 0.0180609 0.0520267 0.105222 0.14836 0.145434 0.118127 0.0946867 0.0749493 0.0586214 0.0453311 0.0346734 0.026244 0.0196622 0.0145718 0.0106872 0.00776273 0.00558362 0.00397663 0.00280447 0.0019606 0.0013631 0.000946968 0.00065827 0.000454469 0.0025405 
2010 4.97497e-007 8.12608e-006 9.38662e-005 0.000766779 0.00442924 0.0180836 0.0520863 0.105328 0.148478 0.145507 0.11815 0.0946787 0.0749248 0.0585896 0.0452976 0.0346412 0.026214 0.0196347 0.0145595 0.0106799 0.00775227 0.00557219 0.00396537 0.00279336 0.00194795 0.00134617 0.000924885 0.000634767 0.000435795 0.0024753 
resids (last class is a plus group):
class 1       2       3       4       5       6       7       8       9       10      11      12      13      14      15      16      17      18      19      20      21      22      23      24      25      26      27      28      29      30      
2000 -4.88122e-007 -7.9797e-006 -9.22369e-005 -0.000753797 -0.00435494 0.00222195 0.0188076 -0.0535202 -0.00606802 0.056646 -0.036607 0.0563456 -0.00432387 0.00167841 -0.0152918 -0.0148731 0.00327478 0.00950644 -0.00575273 0.00794864 -0.0091161 -0.00681344 0.00497201 0.00633908 -0.00262829 -0.00185953 -0.0012959 -0.000889257 -0.000600702 -0.00289112 
2001 -4.89491e-007 -8.0021e-006 -9.25011e-005 -0.000756043 -0.00436864 -0.0178377 -0.00137485 0.0260975 -0.0165965 0.0560517 -0.01709 -0.0239629 0.0254992 0.0115985 0.0147082 -0.0347777 -0.00648589 -0.0100814 -0.00523702 -0.0115895 0.00122704 -0.00656542 0.00514624 -0.00354209 -0.00254972 -0.00180921 0.00873525 -0.000870646 -0.000590001 0.0171226 
2002 -4.90606e-007 -8.02003e-006 -9.27086e-005 -0.000757782 -0.00437919 -0.0178836 0.0184835 -0.00420223 0.0129857 0.0556808 0.0125577 -0.00424569 -0.0046629 0.00152365 -0.00530531 -0.0247416 0.00361306 0.000117567 -0.00491684 -0.0012002 -0.00842964 -0.00631323 -0.0046735 -0.00341685 -0.00246522 -0.00175393 -0.00122972 -0.000849175 -0.000577294 -0.00285684 
2003 -4.91559e-007 -8.03508e-006 -9.28791e-005 -0.000759177 -0.0043875 0.0120805 0.0283731 -0.0244368 -0.0173428 -0.0246113 0.032362 -0.0244438 0.0151793 0.0114478 0.0146753 0.0152767 -0.0163387 0.0102068 -0.0147584 -0.000957343 -0.00814121 0.00393756 -0.00449136 -0.00328813 -0.0023768 -0.00169495 -0.00119157 -0.00082527 -0.000562803 0.00717033 
2004 -4.92416e-007 -8.04845e-006 -9.30276e-005 -0.000760363 -0.00439436 0.0220516 0.0182853 -0.0146221 0.062399 -0.0248395 0.01221 -0.0245324 -0.0249242 -0.0286348 -0.0153527 0.0352846 0.00369168 0.0102548 -0.00468385 -0.0108352 -0.00796071 -0.00585227 -0.00431105 0.00684132 -0.00228638 -0.00163356 -0.0011511 -0.000799399 -0.000546783 0.00720398 
2005 -4.9323e-007 -8.06098e-006 -9.31649e-005 -0.000761436 0.0155996 0.00202698 -0.00178721 0.0352282 0.0621943 0.00498325 -0.0479057 -0.0045986 -0.0149508 0.0213175 -0.0253917 -0.0247185 0.00371081 -0.0197131 -0.00464175 -0.000776006 -0.00786893 -0.00572047 0.00583979 -0.00303094 -0.00219573 0.018429 -0.00110912 -0.000772063 -0.000529521 -0.00275607 
2006 -4.94039e-007 -8.07337e-006 -9.32992e-005 -0.000762471 0.00559391 -0.00799554 0.028149 0.0551015 0.0120275 -0.0251547 -0.0279911 0.0153556 -0.0449665 0.00132459 -0.0154078 -0.00473317 -0.0162807 0.000308829 0.00538727 0.00925844 0.0221764 0.00434705 -0.00406549 -0.00292421 -0.00210648 -0.00150841 -0.00106644 -0.000743784 -0.000511334 -0.00271014 
2007 -4.94861e-007 -8.0859e-006 -9.34344e-005 -0.000763504 -0.00441169 0.00198281 -0.00191038 0.0149887 0.0618862 0.0247356 0.0019474 -0.0346725 0.0150286 -0.0486638 -0.0253845 -0.00473256 0.00371744 -0.00967837 -0.0145921 -0.0107173 0.00220341 -0.00561906 0.0159833 0.00714291 0.00796804 -0.00144687 -0.00102382 0.00928493 -0.000492546 -0.00265856 
2008 -4.95708e-007 -8.09881e-006 -9.35732e-005 -0.000764559 -0.00441737 0.0319612 -0.0219684 0.0748823 0.0317599 0.00464529 0.0219037 -0.0346856 -0.0149654 -0.0186461 -0.0153596 -0.00470316 -0.0262739 -0.019674 -0.0145786 -0.000699499 0.0122228 -0.00559855 0.00600814 -0.00282231 0.00801497 -0.0013955 -0.000981935 -0.000686416 -0.000473484 -0.00260182 
2009 -4.96587e-007 -8.1122e-006 -9.3717e-005 -0.000765648 -0.0044232 0.00193912 -0.0020267 0.0747776 0.0216403 -0.00543351 0.0418729 -0.0146867 -0.0249493 -0.0486214 -0.0253311 -0.0346734 -0.006244 0.0103378 0.00542819 -0.000687241 -0.00776273 -0.00558362 -0.00397663 -0.00280447 -0.0019606 0.0086369 -0.000946968 -0.00065827 -0.000454469 0.0274595 
2010 -4.97497e-007 -8.12608e-006 -9.38662e-005 -0.000766779 -0.00442924 0.0119164 0.0779137 0.0346719 0.0115221 -0.00550733 0.0118498 -0.00467875 -0.0149248 0.00141044 -0.0352976 -0.0246412 -0.026214 -0.0196347 -0.0145595 -0.000679865 0.00224773 -0.00557219 0.0160346 -0.00279336 -0.00194795 -0.00134617 -0.000924885 -0.000634767 -0.000435795 -0.0024753 
pearson_resids (last class is a plus group):
class 1       2       3       4       5       6       7       8       9       10      11      12      13      14      15      16      17      18      19      20      21      22      23      24      25      26      27      28      29      30      
2000 -0.00698658 -0.0282485 -0.0960445 -0.274657 -0.661361 0.168147 0.85338 -1.75685 -0.171814 1.61645 -1.14058 1.93397 -0.164846 0.0716196 -0.735385 -0.810709 0.20305 0.670974 -0.462002 0.728463 -0.959164 -0.828262 0.702958 1.04961 -0.513344 -0.431624 -0.36022 -0.298337 -0.245166 -0.538471 
2001 -0.00699637 -0.0282881 -0.0961819 -0.275066 -0.662406 -1.34765 -0.0622777 0.855279 -0.469222 1.59674 -0.531524 -0.821275 0.971085 0.494605 0.707318 -1.89818 -0.403916 -0.71867 -0.427532 -1.08284 0.131583 -0.812946 0.74047 -0.596212 -0.505592 -0.425733 2.45781 -0.295196 -0.242971 3.19667 
2002 -0.00700433 -0.0283198 -0.0962898 -0.275383 -0.663208 -1.34942 0.836175 -0.137542 0.366702 1.58448 0.390056 -0.145316 -0.1774 0.064935 -0.255096 -1.35108 0.225417 0.00842191 -0.405612 -0.114048 -0.922025 -0.797078 -0.685233 -0.585539 -0.497123 -0.419167 -0.350889 -0.29153 -0.240339 -0.53526 
2003 -0.00701113 -0.0283463 -0.0963783 -0.275636 -0.66384 0.910643 1.28227 -0.799043 -0.489292 -0.699764 1.00447 -0.835842 0.576937 0.487586 0.705489 0.834437 -1.02027 0.732782 -1.22391 -0.0919618 -0.905982 0.507252 -0.671686 -0.574367 -0.488105 -0.412047 -0.345397 -0.287394 -0.237302 1.34985 
2004 -0.00701724 -0.0283699 -0.0964553 -0.275852 -0.664361 1.66096 0.825705 -0.477744 1.75919 -0.705789 0.378769 -0.838521 -0.946719 -1.21881 -0.737838 1.92751 0.230657 0.737102 -0.389399 -1.04661 -0.895801 -0.76725 -0.658006 1.2192  -0.478708 -0.404503 -0.339474 -0.282849 -0.233898 1.3643  
2005 -0.00702303 -0.028392 -0.0965265 -0.276046 2.35682 0.152573 -0.0806514 1.15027 1.75241 0.141522 -1.48547 -0.157131 -0.567798 0.907013 -1.21981 -1.35025 0.231935 -1.41808 -0.386446 -0.0751604 -0.890581 -0.75851 0.907287 -0.551376 -0.469101 4.65327 -0.333219 -0.277967 -0.230174 -0.525708 
2006 -0.00702879 -0.0284138 -0.096596 -0.276234 0.844594 -0.601462 1.26954 1.79822 0.338734 -0.714101 -0.867678 0.524576 -1.70756 0.0563615 -0.740058 -0.258498 -1.01774 0.022228 0.448952 0.898151 2.51707 0.579814 -0.638912 -0.541552 -0.459449 -0.388675 -0.326739 -0.272826 -0.226185 -0.521297 
2007 -0.00703464 -0.0284358 -0.096666 -0.276421 -0.665676 0.149068 -0.0861128 0.48892 1.74223 0.701985 0.0603525 -1.18432 0.570682 -2.07085 -1.21955 -0.258466 0.232377 -0.696824 -1.21689 -1.04084 0.25052 -0.751719 2.52702 1.33824 1.76944 -0.380653 -0.320136 3.47343 -0.221988 -0.516299 
2008 -0.00704066 -0.0284585 -0.0967378 -0.276612 -0.666106 2.40144 -0.98973 2.44151 0.893794 0.131797 0.678718 -1.1847 -0.5683 -0.793583 -0.738116 -0.256966 -1.64264 -1.41665 -1.21632 -0.0679894 1.3914  -0.750338 0.952842 -0.532006 1.80074 -0.373825 -0.313512 -0.262085 -0.217648 -0.510745 
2009 -0.00704689 -0.028482 -0.0968121 -0.27681 -0.666547 0.145611 -0.0912596 2.43702 0.608804 -0.154126 1.29734 -0.501625 -0.947528 -2.06975 -1.21767 -1.89523 -0.390591 0.744601 0.452987 -0.0668359 -0.884503 -0.749331 -0.631863 -0.530316 -0.443222 2.34094 -0.307874 -0.256652 -0.213231 5.45488 
2010 -0.00705335 -0.0285064 -0.0968891 -0.277014 -0.667004 0.894264 3.50645 1.12947 0.324044 -0.156187 0.367109 -0.159809 -0.5669 0.0600559 -1.69736 -1.34747 -1.64072 -1.4152 -1.21551 -0.0661411 0.256283 -0.74856 2.55141 -0.529262 -0.441787 -0.367149 -0.30426 -0.252026 -0.208803 -0.49814 
objective function: multinomial likelihood, with delta = 1e-011, N =
100 100 100 100 100 100 100 100 100 100 100 100 100 100 100 100 100 100 100 100 100 100 100 100 100 100 100 100 100 100 
100 100 100 100 100 100 100 100 100 100 100 100 100 100 100 100 100 100 100 100 100 100 100 100 100 100 100 100 100 100 
100 100 100 100 100 100 100 100 100 100 100 100 100 100 100 100 100 100 100 100 100 100 100 100 100 100 100 100 100 100 
100 100 100 100 100 100 100 100 100 100 100 100 100 100 100 100 100 100 100 100 100 100 100 100 100 100 100 100 100 100 
100 100 100 100 100 100 100 100 100 100 100 100 100 100 100 100 100 100 100 100 100 100 100 100 100 100 100 100 100 100 
100 100 100 100 100 100 100 100 100 100 100 100 100 100 100 100 100 100 100 100 100 100 100 100 100 100 100 100 100 100 
100 100 100 100 100 100 100 100 100 100 100 100 100 100 100 100 100 100 100 100 100 100 100 100 100 100 100 100 100 100 
100 100 100 100 100 100 100 100 100 100 100 100 100 100 100 100 100 100 100 100 100 100 100 100 100 100 100 100 100 100 
100 100 100 100 100 100 100 100 100 100 100 100 100 100 100 100 100 100 100 100 100 100 100 100 100 100 100 100 100 100 
100 100 100 100 100 100 100 100 100 100 100 100 100 100 100 100 100 100 100 100 100 100 100 100 100 100 100 100 100 100 
100 100 100 100 100 100 100 100 100 100 100 100 100 100 100 100 100 100 100 100 100 100 100 100 100 100 100 100 100 100 

Tags2005_R1_R1 :
tag-recapture data for tag Tags2005_R1 in years 2006 2007 2008 2009 2010 , step 1, after proportion 0.5 of mortality, with sampling method size, detection probability 1.
Year 2006
class scanned recaptured expected_prop neg_log_likelihood
100 0 0 0 0
150 0 0 1.36095e-012 0
200 0 0 7.99824e-012 0
250 2 0 5.58297e-011 1.11659e-010
300 28 0 7.49819e-010 2.09949e-008
350 320 0 9.42442e-009 3.01581e-006
400 2302 0 8.80416e-008 0.000202672
450 11502 0 5.93477e-007 0.00682617
500 39770 0 2.82782e-006 0.112462
550 96806 1 9.65538e-006 1.00222
600 173902 3 2.44238e-005 1.70022
650 243624 10 4.76272e-005 2.19478
700 277690 15 7.45309e-005 3.14633
750 266092 23 9.74714e-005 2.66315
800 224820 21 0.000111321 2.78809
850 178122 27 0.000115995 3.45578
900 136978 11 0.000114188 2.89456
950 101584 14 0.00010844 2.61636
1000 71958 14 0.000100272 4.73982
1050 49292 8 9.05478e-005 3.10085
1100 33518 5 7.98416e-005 2.54177
1150 23134 3 6.85989e-005 1.99323
1200 16316 0 5.72882e-005 0.93474
1250 11662 0 4.65744e-005 0.543163
1300 8346 0 3.71596e-005 0.31014
1350 5944 0 2.95046e-005 0.175378
1400 4222 0 2.379e-005 0.100442
1450 2988 0 1.97683e-005 0.0590684
1500 2086 0 1.70171e-005 0.035498
1550 1406 0 1.51653e-005 0.0213226
1600 896 0 1.38853e-005 0.0124413
1650 530 0 1.30175e-005 0.00689932
1700 286 0 1.24461e-005 0.00355961
1750 140 0 1.20786e-005 0.00169101
1800 62 0 1.18458e-005 0.000734441
1850 24 0 1.16988e-005 0.000280774
1900 8 0 1.1603e-005 9.28245e-005
1950 2 0 1.15293e-005 2.30587e-005
2000 0 0 1.14474e-005 0

total neg_log_likelihood: 37.1622


Year 2007
class scanned recaptured expected_prop neg_log_likelihood
100 0 0 0 0
150 0 0 4.55389e-015 0
200 0 0 4.56569e-013 0
250 2 0 6.74578e-012 1.34917e-011
300 28 0 1.38316e-010 3.87285e-009
350 344 0 1.92772e-009 6.63136e-007
400 2442 0 1.86108e-008 4.54477e-005
450 11568 0 1.43292e-007 0.0016576
500 39724 0 8.31367e-007 0.0330252
550 99366 0 3.51433e-006 0.349206
600 181960 2 1.09756e-005 1.30685
650 252416 7 2.6104e-005 1.91633
700 280488 8 4.89351e-005 3.37619
750 265182 21 7.47862e-005 2.47887
800 224010 24 9.65527e-005 2.63687
850 176300 10 0.000109622 4.8163
900 134278 18 0.000113895 2.59518
950 100438 9 0.00011179 2.2641
1000 72920 8 0.000105729 1.97441
1050 50898 8 9.7205e-005 2.76103
1100 34514 2 8.70481e-005 1.49737
1150 23278 0 7.58233e-005 1.76508
1200 15942 3 6.41022e-005 2.74866
1250 11162 0 5.26585e-005 0.58779
1300 7944 0 4.23364e-005 0.336328
1350 5686 0 3.37478e-005 0.191893
1400 4062 1 2.72101e-005 2.31299
1450 2880 0 2.25343e-005 0.0648995
1500 2006 0 1.92874e-005 0.038691
1550 1350 0 1.70727e-005 0.0230484
1600 862 0 1.5517e-005 0.0133758
1650 512 0 1.44442e-005 0.00739549
1700 278 0 1.37265e-005 0.00381599
1750 138 0 1.32585e-005 0.00182968
1800 62 0 1.29588e-005 0.000803452
1850 24 0 1.27687e-005 0.00030645
1900 8 0 1.26453e-005 0.000101163
1950 2 0 1.25538e-005 2.51077e-005
2000 0 0 1.24575e-005 0

total neg_log_likelihood: 36.1045


Year 2008
class scanned recaptured expected_prop neg_log_likelihood
100 0 0 0 0
150 0 0 0 0
200 0 0 1.31371e-014 0
250 2 0 6.18762e-013 1.23745e-012
300 28 0 2.36857e-011 6.632e-010
350 344 0 4.48563e-010 1.54306e-007
400 2602 0 4.45137e-009 1.15825e-005
450 12332 0 3.42893e-008 0.000422855
500 40170 0 2.25949e-007 0.00907637
550 97884 0 1.1415e-006 0.111735
600 182308 1 4.33036e-006 1.02586
650 260086 3 1.24859e-005 1.50559
700 291620 3 2.80698e-005 3.67034
750 271378 11 5.0627e-005 2.41869
800 224512 15 7.54174e-005 2.39318
850 174626 9 9.58956e-005 4.18448
900 131756 18 0.000108022 2.82841
950 97934 9 0.000111723 2.21024
1000 71728 7 0.000109202 1.94968
1050 51120 7 0.000102709 2.16737
1100 35200 2 9.36558e-005 1.60399
1150 23658 1 8.28551e-005 1.28714
1200 15864 1 7.10126e-005 1.00736
1250 10828 0 5.90293e-005 0.639188
1300 7580 0 4.79086e-005 0.363156
1350 5410 0 3.84331e-005 0.207927
1400 3886 0 3.10795e-005 0.120777
1450 2772 0 2.57387e-005 0.0713485
1500 1934 0 2.1981e-005 0.0425117
1550 1300 0 1.93904e-005 0.0252077
1600 826 0 1.75494e-005 0.0144959
1650 490 0 1.62653e-005 0.00797007
1700 266 0 1.53973e-005 0.00409572
1750 132 0 1.48264e-005 0.0019571
1800 58 0 1.44585e-005 0.000838602
1850 24 0 1.42243e-005 0.000341385
1900 8 0 1.40726e-005 0.000112582
1950 2 0 1.3962e-005 2.79243e-005
2000 0 0 1.38506e-005 0

total neg_log_likelihood: 29.8735


Year 2009
class scanned recaptured expected_prop neg_log_likelihood
100 0 0 0 0
150 0 0 0 0
200 0 0 4.44698e-017 0
250 2 0 3.78886e-014 7.57172e-014
300 28 0 3.19717e-012 8.95222e-011
350 338 0 1.0152e-010 3.43136e-008
400 2596 0 1.28266e-009 3.32979e-006
450 13080 0 8.87743e-009 0.000116117
500 43468 0 6.0557e-008 0.00263229
550 101422 0 3.45467e-007 0.035038
600 180382 0 1.54529e-006 0.278743
650 255904 2 5.32429e-006 1.437
700 293398 4 1.42679e-005 1.63707
750 278302 6 3.03725e-005 2.22504
800 229716 6 5.26441e-005 3.71665
850 175798 15 7.63038e-005 2.36875
900 130724 11 9.54146e-005 2.21604
950 96182 6 0.000106453 2.86102
1000 70174 11 0.000109429 2.75789
1050 50456 3 0.000106331 2.11711
1100 35360 1 9.92021e-005 2.25288
1150 24054 4 8.93721e-005 2.26638
1200 16060 0 7.78014e-005 1.24954
1250 10754 1 6.5551e-005 1.05454
1300 7362 1 5.38012e-005 1.32217
1350 5182 0 4.35265e-005 0.225559
1400 3714 0 3.53891e-005 0.131437
1450 2662 0 2.93857e-005 0.078226
1500 1866 0 2.51078e-005 0.0468517
1550 1256 0 2.21294e-005 0.0277948
1600 798 0 1.99927e-005 0.0159543
1650 470 0 1.84896e-005 0.00869021
1700 254 0 1.74664e-005 0.00443649
1750 126 0 1.67895e-005 0.00211549
1800 56 0 1.63514e-005 0.000915689
1850 22 0 1.6072e-005 0.000353586
1900 8 0 1.58914e-005 0.000127132
1950 2 0 1.57609e-005 3.15221e-005
2000 0 0 1.56319e-005 0

total neg_log_likelihood: 30.3411


Year 2010
class scanned recaptured expected_prop neg_log_likelihood
100 0 0 0 0
150 0 0 0 0
200 0 0 0 0
250 2 0 1.12967e-015 2.22045e-015
300 30 0 3.08239e-013 9.24594e-012
350 342 0 1.90923e-011 6.52956e-009
400 2546 0 4.15077e-010 1.05679e-006
450 12914 0 2.64839e-009 3.42013e-005
500 45438 0 1.71682e-008 0.00078009
550 110634 0 1.02644e-007 0.0113559
600 193100 0 5.17119e-007 0.0998558
650 259840 0 2.07654e-006 0.539568
700 288924 0 6.54961e-006 1.89235
750 275666 4 1.63579e-005 1.66278
800 231594 1 3.29736e-005 5.60364
850 178066 8 5.48808e-005 2.14049
900 131090 6 7.73555e-005 2.82058
950 95240 5 9.50163e-005 2.82344
1000 68874 7 0.000104839 1.90715
1050 49434 8 0.000106908 2.57066
1100 34952 4 0.000102993 1.65428
1150 24134 3 9.49377e-005 1.59567
1200 16262 2 8.41738e-005 1.43401
1250 10830 1 7.203e-005 1.02839
1300 7284 0 5.98982e-005 0.436312
1350 5028 0 4.89678e-005 0.246216
1400 3564 0 4.01131e-005 0.142966
1450 2550 0 3.34696e-005 0.0853489
1500 1794 0 2.86722e-005 0.0514386
1550 1212 0 2.52986e-005 0.0306623
1600 770 0 2.28569e-005 0.0176
1650 454 0 2.11266e-005 0.00959156
1700 246 0 1.99418e-005 0.00490574
1750 120 0 1.91548e-005 0.0022986
1800 54 0 1.8644e-005 0.00100679
1850 22 0 1.83177e-005 0.000402992
1900 8 0 1.81072e-005 0.000144859
1950 2 0 1.79563e-005 3.59128e-005
2000 0 0 1.78084e-005 0

total neg_log_likelihood: 28.814


Tags2006_R1_R1 :
tag-recapture data for tag Tags2006_R1 in years 2007 2008 2009 2010 , step 1, after proportion 0.5 of mortality, with sampling method size, detection probability 1.
Year 2007
class scanned recaptured expected_prop neg_log_likelihood
100 0 0 0 0
150 0 0 2.63512e-012 0
200 0 0 1.19026e-011 0
250 2 0 6.87149e-011 1.3743e-010
300 28 0 8.91107e-010 2.4951e-008
350 344 0 1.11267e-008 3.82758e-006
400 2442 0 9.9902e-008 0.000243961
450 11568 0 6.43739e-007 0.00744677
500 39724 0 2.96904e-006 0.117942
550 99366 1 9.94327e-006 1.00007
600 181960 0 2.49071e-005 4.53216
650 252416 8 4.83992e-005 2.7989
700 280488 17 7.57655e-005 2.79727
750 265182 23 9.93006e-005 2.71069
800 224010 36 0.000113613 4.64792
850 176300 21 0.000118275 2.44563
900 134278 15 0.000115781 2.28819
950 100438 15 0.000108708 2.96095
1000 72920 9 9.88095e-005 2.23376
1050 50898 9 8.72947e-005 3.82285
1100 34514 3 7.50925e-005 1.52647
1150 23278 1 6.29367e-005 1.08314
1200 15942 0 5.14214e-005 0.81978
1250 11162 0 4.1134e-005 0.459148
1300 7944 1 3.25402e-005 1.61133
1350 5686 0 2.58323e-005 0.146885
1400 4062 0 2.09797e-005 0.0852206
1450 2880 0 1.76437e-005 0.0508144
1500 2006 0 1.54003e-005 0.0308932
1550 1350 0 1.39078e-005 0.0187757
1600 862 0 1.28829e-005 0.0111052
1650 512 0 1.21896e-005 0.00624111
1700 278 0 1.17329e-005 0.00326177
1750 138 0 1.14387e-005 0.00157855
1800 62 0 1.12518e-005 0.000697617
1850 24 0 1.11336e-005 0.000267209
1900 8 0 1.10565e-005 8.84528e-005
1950 2 0 1.09983e-005 2.19967e-005
2000 0 0 1.09353e-005 0

total neg_log_likelihood: 38.2198


Year 2008
class scanned recaptured expected_prop neg_log_likelihood
100 0 0 0 0
150 0 0 9.11026e-015 0
200 0 0 7.87284e-013 0
250 2 0 8.67495e-012 1.73499e-011
300 28 0 1.58825e-010 4.4471e-009
350 344 0 2.20114e-009 7.57193e-007
400 2602 0 2.11835e-008 5.51195e-005
450 12332 0 1.58308e-007 0.00195226
500 40170 0 8.88154e-007 0.0356772
550 97884 0 3.66305e-006 0.358555
600 182308 0 1.12708e-005 2.05477
650 260086 4 2.66045e-005 2.36017
700 291620 9 4.97449e-005 3.23703
750 271378 21 7.60623e-005 2.44822
800 224512 20 9.83769e-005 2.52278
850 174626 16 0.000111813 2.6498
900 131756 12 0.000115962 2.54839
950 97934 16 0.000113079 3.27218
1000 71728 11 0.000105653 2.80245
1050 51120 5 9.54326e-005 1.74175
1100 35200 3 8.35994e-005 1.49643
1150 23658 2 7.10741e-005 1.33524
1200 15864 0 5.8675e-005 0.930848
1250 10828 1 4.72299e-005 1.18196
1300 7580 1 3.7431e-005 1.54344
1350 5410 1 2.96368e-005 1.9908
1400 3886 0 2.3917e-005 0.0929425
1450 2772 0 1.99426e-005 0.0552814
1500 1934 0 1.72448e-005 0.0333518
1550 1300 0 1.54361e-005 0.020067
1600 826 0 1.41812e-005 0.0117137
1650 490 0 1.33222e-005 0.0065279
1700 266 0 1.27496e-005 0.00339141
1750 132 0 1.23767e-005 0.00163373
1800 58 0 1.21378e-005 0.000703997
1850 24 0 1.19859e-005 0.000287663
1900 8 0 1.18869e-005 9.50959e-005
1950 2 0 1.18137e-005 2.36275e-005
2000 0 0 1.17388e-005 0

total neg_log_likelihood: 34.7385


Year 2009
class scanned recaptured expected_prop neg_log_likelihood
100 0 0 0 0
150 0 0 0 0
200 0 0 2.54204e-014 0
250 2 0 8.99013e-013 1.79812e-012
300 28 0 2.76562e-011 7.74374e-010
350 338 0 4.96392e-010 1.6778e-007
400 2596 0 4.95762e-009 1.287e-005
450 13080 0 3.80691e-008 0.000497943
500 43468 0 2.44773e-007 0.0106398
550 101422 0 1.20538e-006 0.122252
600 180382 0 4.48755e-006 0.809475
650 255904 1 1.27924e-005 2.08774
700 293398 4 2.8595e-005 3.05977
750 278302 6 5.14816e-005 4.93374
800 229716 12 7.67356e-005 3.1812
850 175798 13 9.77057e-005 2.76262
900 130724 13 0.000110095 2.27738
950 96182 12 0.000113555 2.21981
1000 70174 9 0.000110167 2.12565
1050 50456 11 0.000102281 4.61145
1100 35360 2 9.15882e-005 1.58144
1150 24054 3 7.92649e-005 1.76234
1200 16060 1 6.63487e-005 1.00203
1250 10754 0 5.3922e-005 0.579892
1300 7362 0 4.29518e-005 0.316218
1350 5182 0 3.40253e-005 0.176322
1400 3714 0 2.7365e-005 0.101635
1450 2662 0 2.26838e-005 0.0603849
1500 1866 0 1.94791e-005 0.0363483
1550 1256 0 1.73176e-005 0.0217511
1600 798 0 1.58088e-005 0.0126155
1650 470 0 1.47696e-005 0.00694179
1700 254 0 1.40729e-005 0.00357454
1750 126 0 1.36167e-005 0.00171571
1800 56 0 1.33232e-005 0.000746104
1850 22 0 1.3136e-005 0.000288994
1900 8 0 1.30141e-005 0.000104113
1950 2 0 1.29245e-005 2.58491e-005
2000 0 0 1.28349e-005 0

total neg_log_likelihood: 33.8666


Year 2010
class scanned recaptured expected_prop neg_log_likelihood
100 0 0 0 0
150 0 0 0 0
200 0 0 8.89422e-017 0
250 2 0 6.4983e-014 1.29896e-013
300 30 0 4.01228e-012 1.20367e-010
350 342 0 1.1215e-010 3.83553e-008
400 2546 0 1.38639e-009 3.52975e-006
450 12914 0 9.74763e-009 0.000125881
500 45438 0 6.59338e-008 0.0029959
550 110634 0 3.6868e-007 0.0407885
600 193100 0 1.61692e-006 0.312228
650 259840 0 5.49207e-006 1.42706
700 288924 2 1.45916e-005 2.0313
750 275666 7 3.0931e-005 2.04942
800 231594 10 5.35485e-005 2.32773
850 178066 12 7.76592e-005 2.29491
900 131090 16 9.71958e-005 2.69554
950 95240 10 0.000108385 2.0836
1000 68874 4 0.000111001 2.68695
1050 49434 1 0.000106954 3.62205
1100 34952 6 9.84246e-005 2.60633
1150 24134 2 8.70475e-005 1.30927
1200 16262 1 7.41443e-005 1.01862
1250 10830 1 6.1058e-005 1.07483
1300 7284 0 4.90573e-005 0.357342
1350 5028 0 3.90134e-005 0.196163
1400 3564 0 3.1365e-005 0.111787
1450 2550 0 2.59135e-005 0.0660804
1500 1794 0 2.21448e-005 0.0397282
1550 1212 0 1.95866e-005 0.0237392
1600 770 0 1.77921e-005 0.0137
1650 454 0 1.65513e-005 0.00751433
1700 246 0 1.57166e-005 0.00386632
1750 120 0 1.51688e-005 0.00182027
1800 54 0 1.48156e-005 0.000800049
1850 22 0 1.45901e-005 0.000320984
1900 8 0 1.44431e-005 0.000115546
1950 2 0 1.43353e-005 2.86709e-005
2000 0 0 1.42283e-005 0

total neg_log_likelihood: 28.4068


Tags2007_R1_R1 :
tag-recapture data for tag Tags2007_R1 in years 2008 2009 2010 , step 1, after proportion 0.5 of mortality, with sampling method size, detection probability 1.
Year 2008
class scanned recaptured expected_prop neg_log_likelihood
100 0 0 0 0
150 0 0 1.4579e-012 0
200 0 0 9.53964e-012 0
250 2 0 6.19375e-011 1.23875e-010
300 28 0 8.15705e-010 2.28397e-008
350 344 0 1.0308e-008 3.54594e-006
400 2602 0 9.53706e-008 0.000248154
450 12332 0 6.303e-007 0.00777286
500 40170 0 2.94993e-006 0.118499
550 97884 1 9.94803e-006 1.00035
600 182308 1 2.49707e-005 3.03675
650 260086 10 4.84703e-005 2.36877
700 291620 17 7.56375e-005 2.97047
750 271378 21 9.87177e-005 3.12152
800 224512 40 0.000112522 6.41062
850 174626 36 0.000116994 7.53798
900 131756 16 0.000114922 2.33426
950 97934 14 0.000108933 2.71764
1000 71728 6 0.00010056 1.9369
1050 51120 6 9.0629e-005 2.013
1100 35200 5 7.96881e-005 2.43546
1150 23658 4 6.81998e-005 2.87801
1200 15864 0 5.6675e-005 0.899118
1250 10828 0 4.58126e-005 0.49607
1300 7580 0 3.63284e-005 0.275374
1350 5410 1 2.86836e-005 2.01833
1400 3886 0 2.30412e-005 0.0895391
1450 2772 0 1.91253e-005 0.0530158
1500 1934 0 1.64873e-005 0.0318866
1550 1300 0 1.47383e-005 0.01916
1600 826 0 1.35459e-005 0.011189
1650 490 0 1.27459e-005 0.00624551
1700 266 0 1.22228e-005 0.00325129
1750 132 0 1.18878e-005 0.0015692
1800 58 0 1.16759e-005 0.000677205
1850 24 0 1.15419e-005 0.000277007
1900 8 0 1.14538e-005 9.16309e-005
1950 2 0 1.1386e-005 2.27722e-005
2000 0 0 1.13128e-005 0

total neg_log_likelihood: 44.7941


Year 2009
class scanned recaptured expected_prop neg_log_likelihood
100 0 0 0 0
150 0 0 4.60475e-015 0
200 0 0 5.42798e-013 0
250 2 0 7.71701e-012 1.54341e-011
300 28 0 1.49394e-010 4.18303e-009
350 338 0 2.07215e-009 7.00387e-007
400 2596 0 2.0088e-008 5.21483e-005
450 13080 0 1.53249e-007 0.0020045
500 43468 0 8.75085e-007 0.0380382
550 101422 1 3.64736e-006 1.36438
600 180382 3 1.12782e-005 1.69556
650 255904 6 2.66535e-005 1.88017
700 293398 6 4.97681e-005 5.09433
750 278302 25 7.58653e-005 2.86928
800 229716 21 9.77529e-005 2.49334
850 175798 19 0.000110769 2.40128
900 130724 21 0.000114845 3.50597
950 96182 11 0.000112487 2.12691
1000 70174 10 0.000106191 2.47162
1050 50456 8 9.74616e-005 2.7797
1100 35360 4 8.7104e-005 1.75829
1150 24054 0 7.56662e-005 1.82014
1200 16060 2 6.37317e-005 1.67013
1250 10754 1 5.21016e-005 1.13955
1300 7362 0 4.16449e-005 0.306596
1350 5182 0 3.29913e-005 0.170964
1400 3714 0 2.64566e-005 0.0982612
1450 2662 0 2.18337e-005 0.058122
1500 1866 0 1.86659e-005 0.034831
1550 1256 0 1.65356e-005 0.0207688
1600 798 0 1.50608e-005 0.0120186
1650 470 0 1.40564e-005 0.00660656
1700 254 0 1.33907e-005 0.00340126
1750 126 0 1.29594e-005 0.00163289
1800 56 0 1.26841e-005 0.000710316
1850 22 0 1.25093e-005 0.000275207
1900 8 0 1.23949e-005 9.91599e-005
1950 2 0 1.23086e-005 2.46174e-005
2000 0 0 1.22188e-005 0

total neg_log_likelihood: 35.8251


Year 2010
class scanned recaptured expected_prop neg_log_likelihood
100 0 0 0 0
150 0 0 0 0
200 0 0 1.40755e-014 0
250 2 0 7.40379e-013 1.48082e-012
300 30 0 2.59738e-011 7.79213e-010
350 342 0 4.7675e-010 1.63049e-007
400 2546 0 4.74149e-009 1.20718e-005
450 12914 0 3.66363e-008 0.000473121
500 45438 0 2.39185e-007 0.0108681
550 110634 0 1.19283e-006 0.131968
600 193100 0 4.47475e-006 0.864077
650 259840 0 1.27998e-005 3.32593
700 288924 8 2.86254e-005 1.97353
750 275666 8 5.14547e-005 3.57188
800 231594 13 7.64724e-005 2.89865
850 178066 20 9.70509e-005 2.62435
900 131090 15 0.000109113 2.29515
950 95240 9 0.000112621 2.17377
1000 68874 15 0.000109859 5.11018
1050 49434 6 0.00010314 1.904
1100 34952 4 9.3891e-005 1.70626
1150 24134 1 8.29065e-005 1.30729
1200 16262 3 7.08761e-005 2.51833
1250 10830 0 5.87023e-005 0.635765
1300 7284 0 4.74069e-005 0.34532
1350 5028 0 3.78009e-005 0.190066
1400 3564 0 3.03771e-005 0.108266
1450 2550 0 2.50245e-005 0.0638133
1500 1794 0 2.12968e-005 0.0382069
1550 1212 0 1.87571e-005 0.0227338
1600 770 0 1.6977e-005 0.0130724
1650 454 0 1.57511e-005 0.00715107
1700 246 0 1.49312e-005 0.00367309
1750 120 0 1.4396e-005 0.00172753
1800 54 0 1.40527e-005 0.000758853
1850 22 0 1.38343e-005 0.000304356
1900 8 0 1.36917e-005 0.000109534
1950 2 0 1.35855e-005 2.71712e-005
2000 0 0 1.34767e-005 0

total neg_log_likelihood: 33.8477


Tags2008_R1_R1 :
tag-recapture data for tag Tags2008_R1 in years 2009 2010 , step 1, after proportion 0.5 of mortality, with sampling method size, detection probability 1.
Year 2009
class scanned recaptured expected_prop neg_log_likelihood
100 0 0 0 0
150 0 0 1.49216e-012 0
200 0 0 1.03004e-011 0
250 2 0 6.60624e-011 1.32125e-010
300 28 0 8.67375e-010 2.42865e-008
350 338 0 1.09905e-008 3.71479e-006
400 2596 0 1.01551e-007 0.000263628
450 13080 0 6.68424e-007 0.00874298
500 43468 1 3.11698e-006 2.13435
550 101422 0 1.04929e-005 1.06422
600 180382 2 2.63137e-005 2.32486
650 255904 10 5.09808e-005 2.46564
700 293398 17 7.91886e-005 3.26356
750 278302 26 0.000102429 2.66469
800 229716 31 0.000115079 3.01176
850 175798 22 0.000117305 2.51324
900 130724 26 0.000112543 6.06875
950 96182 9 0.000104076 2.07955
1000 70174 11 9.38639e-005 3.35342
1050 50456 5 8.2912e-005 1.81523
1100 35360 5 7.1756e-005 2.66931
1150 24054 3 6.0735e-005 2.11547
1200 16060 0 5.01532e-005 0.80548
1250 10754 0 4.04543e-005 0.435054
1300 7362 0 3.21106e-005 0.236402
1350 5182 1 2.54228e-005 2.15863
1400 3714 0 2.049e-005 0.0761006
1450 2662 0 1.70612e-005 0.0454174
1500 1866 0 1.47468e-005 0.0275177
1550 1256 0 1.32099e-005 0.0165917
1600 798 0 1.21607e-005 0.00970426
1650 470 0 1.1456e-005 0.00538437
1700 254 0 1.09952e-005 0.00279279
1750 126 0 1.06999e-005 0.00134819
1800 56 0 1.05131e-005 0.000588736
1850 22 0 1.0395e-005 0.000228691
1900 8 0 1.03174e-005 8.25397e-005
1950 2 0 1.02576e-005 2.05154e-005
2000 0 0 1.01931e-005 0

total neg_log_likelihood: 41.3744


Year 2010
class scanned recaptured expected_prop neg_log_likelihood
100 0 0 0 0
150 0 0 4.62491e-015 0
200 0 0 5.7687e-013 0
250 2 0 8.31156e-012 1.66231e-011
300 30 0 1.58511e-010 4.75533e-009
350 342 0 2.20237e-009 7.53209e-007
400 2546 0 2.13628e-008 5.43896e-005
450 12914 0 1.62737e-007 0.00210159
500 45438 0 9.26195e-007 0.0420845
550 110634 0 3.8504e-006 0.425986
600 193100 2 1.18893e-005 1.32678
650 259840 3 2.80625e-005 3.12331
700 288924 10 5.22658e-005 3.05778
750 275666 22 7.92461e-005 2.46875
800 231594 15 0.000101129 4.01585
850 178066 25 0.000112905 3.0845
900 131090 16 0.000114754 2.34019
950 95240 14 0.000109804 2.78616
1000 68874 10 0.000101174 2.65902
1050 49434 7 9.07734e-005 2.5037
1100 34952 5 7.9569e-005 2.45436
1150 24134 2 6.80935e-005 1.34298
1200 16262 1 5.67739e-005 1.00307
1250 10830 1 4.61582e-005 1.19322
1300 7284 0 3.68335e-005 0.2683
1350 5028 0 2.92094e-005 0.146867
1400 3564 0 2.3481e-005 0.0836874
1450 2550 0 1.9433e-005 0.0495547
1500 1794 0 1.66577e-005 0.0298841
1550 1212 0 1.47891e-005 0.0179245
1600 770 0 1.34939e-005 0.0103903
1650 454 0 1.26107e-005 0.0057253
1700 246 0 1.2025e-005 0.00295816
1750 120 0 1.16452e-005 0.00139744
1800 54 0 1.14029e-005 0.000615759
1850 22 0 1.1249e-005 0.000247479
1900 8 0 1.11484e-005 8.91875e-005
1950 2 0 1.10726e-005 2.21453e-005
2000 0 0 1.09934e-005 0

total neg_log_likelihood: 34.4476


Tags2009_R1_R1 :
tag-recapture data for tag Tags2009_R1 in years 2010 , step 1, after proportion 0.5 of mortality, with sampling method size, detection probability 1.
Year 2010
class scanned recaptured expected_prop neg_log_likelihood
100 0 0 0 0
150 0 0 1.49666e-012 0
200 0 0 1.04297e-011 0
250 2 0 6.70933e-011 1.34187e-010
300 30 0 8.71368e-010 2.61411e-008
350 342 0 1.1054e-008 3.78046e-006
400 2546 0 1.02273e-007 0.000260387
450 12914 0 6.70856e-007 0.00866344
500 45438 0 3.10683e-006 0.141168
550 110634 1 1.03798e-005 1.01002
600 193100 3 2.58771e-005 1.9622
650 259840 14 4.99854e-005 2.28282
700 288924 25 7.76854e-005 2.67186
750 275666 21 0.000100938 3.36063
800 231594 32 0.000114392 3.19088
850 178066 16 0.000118072 2.9654
900 131090 16 0.000115018 2.33804
950 95240 21 0.000108102 6.71012
1000 68874 3 9.90027e-005 2.85154
1050 49434 9 8.85772e-005 3.88986
1100 34952 5 7.73273e-005 2.5189
1150 24134 4 6.56409e-005 2.92201
1200 16262 0 5.39532e-005 0.87741
1250 10830 1 4.29132e-005 1.23097
1300 7284 0 3.32288e-005 0.242042
1350 5028 0 2.53916e-005 0.127671
1400 3564 0 1.96019e-005 0.0698617
1450 2550 0 1.55989e-005 0.0397774
1500 1794 1 1.2926e-005 3.78725
1550 1212 0 1.11762e-005 0.0135457
1600 770 0 1.00037e-005 0.00770287
1650 454 0 9.23112e-006 0.00419095
1700 246 0 8.73426e-006 0.00214864
1750 120 0 8.4202e-006 0.00101043
1800 54 0 8.22328e-006 0.000444059
1850 22 0 8.09899e-006 0.000178178
1900 8 0 8.0162e-006 6.41299e-005
1950 2 0 7.95013e-006 1.59003e-005
2000 0 0 7.87683e-006 0

total neg_log_likelihood: 45.2286


Output quantities start here

* Scalar parameter values
initialization.B0 197798

* Nuisance q's

* B0
197798

* R0
1.43515e+007

* SSBs
SSB 197798 196396 193016 189301 185287 181041 176653 172221 167838 163586 159528 155699 152110 148761 145645 142751 140070 137589 135296 133180 131229 
year 1990 1991 1992 1993 1994 1995 1996 1997 1998 1999 2000 2001 2002 2003 2004 2005 2006 2007 2008 2009 2010 

* recruitments
recruitment 1.43515e+007 1.43515e+007 1.43406e+007 1.43135e+007 1.42829e+007 1.42485e+007 1.42106e+007 1.41698e+007 1.41268e+007 1.40822e+007 1.4037e+007 1.39919e+007 1.39475e+007 1.39041e+007 1.3862e+007 1.38213e+007 1.37821e+007 1.37446e+007 1.37088e+007 1.36747e+007 1.36423e+007 
year 1990 1991 1992 1993 1994 1995 1996 1997 1998 1999 2000 2001 2002 2003 2004 2005 2006 2007 2008 2009 2010 

* YCS
YCS 1 1 1 1 1 1 1 1 1 1 1 1 1 1 1 1 1 1 1 1 1 
year 1989 1990 1991 1992 1993 1994 1995 1996 1997 1998 1999 2000 2001 2002 2003 2004 2005 2006 2007 2008 2009 

* true_YCS
true_YCS 1 1 0.999235 0.997352 0.995214 0.992817 0.99018 0.987337 0.984337 0.981233 0.978083 0.974941 0.971845 0.968822 0.965886 0.963051 0.960323 0.957709 0.955214 0.952838 0.950583 
year 1989 1990 1991 1992 1993 1994 1995 1996 1997 1998 1999 2000 2001 2002 2003 2004 2005 2006 2007 2008 2009 

* fishing_pressures
LL1 0 0.0374487 0.0385039 0.0395602 0.0405892 0.04157 0.0424878 0.0433326 0.044099 0.0447863 0.0453986 0.0459429 0.0464268 0.0468587 0.0472468 0.0475993 0.0479238 0.0482263 0.0485118 0.0487844 0.0490474 
LL2 0 0.0374487 0.0385039 0.0395602 0.0405892 0.04157 0.0424878 0.0433326 0.044099 0.0447863 0.0453986 0.0459429 0.0464268 0.0468587 0.0472468 0.0475993 0.0479238 0.0482263 0.0485118 0.0487844 0.0490474 
year 1990 1991 1992 1993 1994 1995 1996 1997 1998 1999 2000 2001 2002 2003 2004 2005 2006 2007 2008 2009 2010 

* Numbers_at_age_R1
1990  1.33212e+007 1.14085e+007 9.77041e+006 8.36752e+006 7.16607e+006 6.13713e+006 5.25594e+006 4.50126e+006 3.85495e+006 3.30144e+006 2.8274e+006 2.42143e+006 2.07375e+006 1.77599e+006 1.52098e+006 1.30259e+006 1.11556e+006 955384 818205 700723 600110 513943 440149 376950 322826 276473 236776 202778 173662 1.03581e+006 
1991  1.33212e+007 1.14085e+007 9.77037e+006 8.36724e+006 7.16445e+006 6.13051e+006 5.23685e+006 4.46238e+006 3.79895e+006 3.2444e+006 2.77889e+006 2.38074e+006 2.04009e+006 1.74853e+006 1.49889e+006 1.28506e+006 1.10184e+006 944792 810143 694671 595629 510671 437792 375276 321653 275663 236224 202408 173417 1.0347e+006 
1992  1.3311e+007 1.14085e+007 9.77036e+006 8.36717e+006 7.16388e+006 6.12731e+006 5.22405e+006 4.42616e+006 3.72627e+006 3.14068e+006 2.67351e+006 2.2911e+006 1.96487e+006 1.68626e+006 1.44805e+006 1.24411e+006 1.06931e+006 919309 790452 679665 584352 502314 431684 370874 318525 273470 234708 201375 172722 1.03213e+006 
1993  1.32859e+007 1.13998e+007 9.77036e+006 8.36715e+006 7.16376e+006 6.12659e+006 5.2206e+006 4.41373e+006 3.69341e+006 3.07752e+006 2.58521e+006 2.20184e+006 1.8889e+006 1.62245e+006 1.39515e+006 1.20085e+006 1.0344e+006 891514 768626 662761 571441 492590 424464 365588 314709 270755 232803 200057 171824 1.02928e+006 
1994  1.32575e+007 1.13783e+007 9.76289e+006 8.36714e+006 7.1637e+006 6.12626e+006 5.21928e+006 4.40922e+006 3.68046e+006 3.04737e+006 2.53048e+006 2.12684e+006 1.81342e+006 1.55817e+006 1.3411e+006 1.15597e+006 997624 861776 744900 644090 556951 481501 416097 359365 310147 267458 230455 198408 170682 1.02601e+006 
1995  1.32255e+007 1.13539e+007 9.74449e+006 8.36074e+006 7.16364e+006 6.12598e+006 5.21832e+006 4.40658e+006 3.67423e+006 3.03381e+006 2.50307e+006 2.07966e+006 1.74989e+006 1.49447e+006 1.28679e+006 1.11024e+006 959592 830551 719599 623862 540999 469097 406588 352179 304794 263529 227613 196382 169259 1.02218e+006 
1996  1.31904e+007 1.13265e+007 9.7236e+006 8.34497e+006 7.15811e+006 6.12573e+006 5.21745e+006 4.40433e+006 3.6697e+006 3.02595e+006 2.48946e+006 2.05513e+006 1.70945e+006 1.4408e+006 1.23312e+006 1.06443e+006 920950 798355 693112 602355 523769 455483 395982 344035 298631 258933 224236 193937 167516 1.01762e+006 
1997  1.31525e+007 1.12965e+007 9.70018e+006 8.32707e+006 7.14456e+006 6.12081e+006 5.21664e+006 4.40227e+006 3.66567e+006 3.01969e+006 2.48073e+006 2.0421e+006 1.6878e+006 1.40631e+006 1.18789e+006 1.01927e+006 882342 765730 665874 579900 505498 440816 384372 334975 291664 253654 220295 191039 165416 1.01219e+006 
1998  1.31126e+007 1.1264e+007 9.67441e+006 8.30701e+006 7.1292e+006 6.10906e+006 5.21191e+006 4.40037e+006 3.66199e+006 3.01407e+006 2.47351e+006 2.03324e+006 1.67574e+006 1.38742e+006 1.1586e+006 981210 844380 733212 638338 556862 486464 425297 371890 325077 283928 247697 215776 187663 162932 1.0057e+006 
1999  1.30712e+007 1.12298e+007 9.64664e+006 8.28494e+006 7.11199e+006 6.09577e+006 5.20142e+006 4.39529e+006 3.65864e+006 3.00896e+006 2.46703e+006 2.0258e+006 1.66725e+006 1.37654e+006 1.14228e+006 956429 812389 701306 610950 533618 466974 409160 358706 314454 275490 241093 210685 183797 160041 997990 
2000  1.30293e+007 1.11944e+007 9.61732e+006 8.26115e+006 7.09306e+006 6.08091e+006 5.18967e+006 4.38548e+006 3.65283e+006 3.00435e+006 2.46116e+006 2.01913e+006 1.66006e+006 1.3687e+006 1.13265e+006 942432 791470 674425 584123 510538 447342 392661 345017 303248 266446 233899 205047 179446 156735 988898 
2001  1.29874e+007 1.11584e+007 9.58699e+006 8.23604e+006 7.07267e+006 6.06461e+006 5.17665e+006 4.37471e+006 3.64327e+006 2.99794e+006 2.4559e+006 2.01313e+006 1.65363e+006 1.36204e+006 1.12561e+006 934027 779534 656790 561529 487963 427873 376062 331037 291626 256915 226194 198910 174632 153016 978274 
2002  1.29462e+007 1.11226e+007 9.55622e+006 8.21006e+006 7.05114e+006 6.04706e+006 5.16243e+006 4.36296e+006 3.63308e+006 2.98863e+006 2.44933e+006 2.00775e+006 1.64786e+006 1.35609e+006 1.1196e+006 927816 772272 646649 546668 468954 408852 359619 316986 279768 247038 218081 192343 169395 148903 965996 
2003  1.29059e+007 1.10873e+007 9.52552e+006 8.1837e+006 7.02888e+006 6.02857e+006 5.14719e+006 4.3503e+006 3.62222e+006 2.97897e+006 2.44055e+006 2.00143e+006 1.6427e+006 1.35076e+006 1.11425e+006 922506 766861 640417 538071 456426 392838 343567 303078 267857 236967 209679 185431 163792 144431 951972 
2004  1.28668e+007 1.10528e+007 9.49527e+006 8.15741e+006 7.0063e+006 6.00945e+006 5.13118e+006 4.33685e+006 3.61071e+006 2.9689e+006 2.43162e+006 1.99341e+006 1.63685e+006 1.346e+006 1.10945e+006 917771 762228 635745 532747 449146 382267 330054 289508 256074 226856 201114 178275 157898 139649 936155 
2005  1.2829e+007 1.10193e+007 9.46573e+006 8.13151e+006 6.98377e+006 5.99006e+006 5.11466e+006 4.3228e+006 3.59864e+006 2.95841e+006 2.42244e+006 1.98533e+006 1.62967e+006 1.34072e+006 1.10515e+006 913526 758092 631736 528735 444609 376102 321122 278084 244581 216857 192519 170983 151798 134619 918545 
2006  1.27927e+007 1.0987e+007 9.43705e+006 8.1062e+006 6.96157e+006 5.97072e+006 5.09793e+006 4.30837e+006 3.58615e+006 2.94755e+006 2.413e+006 1.97713e+006 1.6225e+006 1.33438e+006 1.10047e+006 909723 754382 628154 525286 441175 372240 315898 270526 234906 207107 184020 163667 145583 129413 899195 
2007  1.27579e+007 1.09558e+007 9.40935e+006 8.08164e+006 6.9399e+006 5.95168e+006 5.08127e+006 4.29382e+006 3.57344e+006 2.93645e+006 2.40335e+006 1.96878e+006 1.61528e+006 1.32811e+006 1.09496e+006 905623 751056 624940 522203 438220 369309 312613 266095 228501 198899 175736 156434 139348 124111 878213 
2008  1.27246e+007 1.0926e+007 9.3827e+006 8.05791e+006 6.91885e+006 5.93309e+006 5.06488e+006 4.27935e+006 3.56066e+006 2.92521e+006 2.39355e+006 1.96031e+006 1.60798e+006 1.32183e+006 1.08952e+006 900862 747499 622055 519435 435578 366783 310114 263301 224739 193462 168762 149385 133185 118792 855756 
2009  1.2693e+007 1.08975e+007 9.35716e+006 8.03509e+006 6.89853e+006 5.91504e+006 5.04887e+006 4.26513e+006 3.548e+006 2.91398e+006 2.38369e+006 1.95175e+006 1.60061e+006 1.3155e+006 1.08408e+006 896171 743407 618987 516946 433201 364522 307957 261171 222361 190264 164140 143450 127179 113535 832028 
2010  1.26629e+007 1.08704e+007 9.33278e+006 8.01322e+006 6.87897e+006 5.89761e+006 5.03334e+006 4.25127e+006 3.53559e+006 2.90289e+006 2.37389e+006 1.94319e+006 1.5932e+006 1.30914e+006 1.07864e+006 891504 739384 615484 514310 431062 362487 306026 259331 220545 188239 161419 139516 122123 108413 807269 

Output quantities finish here

Unused parameters:
annual_cycle.fishery_areas annual_cycle.migrate_from annual_cycle.migrate_to annual_cycle.migration_names annual_cycle.migration_times annual_cycle.n_migrations annual_cycle.recruitment_areas annual_cycle.spawning_all_areas area_names recruitment.p_male recruitment.year_range tag[Tags2005_R1_LL1].area tag[Tags2005_R1_LL1].sex tag[Tags2006_R1_LL1].area tag[Tags2006_R1_LL1].sex tag[Tags2007_R1_LL1].area tag[Tags2007_R1_LL1].sex tag[Tags2008_R1_LL1].area tag[Tags2008_R1_LL1].sex tag[Tags2009_R1_LL1].area tag[Tags2009_R1_LL1].sex MCMC.adapt_at MCMC.adaptive_stepsize MCMC.burn_in MCMC.keep MCMC.length MCMC.start MCMC.stepsize profile[1].l profile[1].n profile[1].parameter profile[1].u tag_recapture[Tags2005_R1_R1].area tag_recapture[Tags2006_R1_R1].area tag_recapture[Tags2007_R1_R1].area tag_recapture[Tags2008_R1_R1].area tag_recapture[Tags2009_R1_R1].area n_projections numbers_at[Numbers_at_age_R1].area print.final_state print.initial_state print.requests print.results print.state_annually print.state_every_step print.yields 
