CASAL (C++ algorithmic stock assessment laboratory)
Call: C:/Users/bstacy/Documents/GitHub/lasac/projects/simulations/sim/inc1.5/casal -e -q -f TR 
Date: Mon Oct 14 13:38:40 2019
v2.30-2012-03-21 00:22:59 UTC (rev.4648)  (c) Copyright 2002-2012, NIWA
User name: bstacy
Machine name: DOM-IMA-HVZRNF2 (Microsoft Windows, PID=13664)

Prefix for the input parameter filenames : TR

Random number seed : 20720

Estimation parameters:
Stored as strings: 
  MCMC.adapt_at                 	1e+05 2e+05 3e+05 4e+05
  MCMC.adaptive_stepsize        	True
  MCMC.burn_in                  	500
  MCMC.keep                     	1000
  MCMC.length                   	1500000
  MCMC.start                    	0
  MCMC.stepsize                 	0.01
  ageing_error.c                	0
  ageing_error.type             	normal
  catch_at[LL1_catchA].2000     	0 0 0 0 0.02 0 0.05 0.09 0.14 0.1 0.11 0.04 0.1 0.12 0.05 0.04 0.06 0.01 0 0 0.01 0.02 0.02 0.01 0 0 0 0 0 0.01
  catch_at[LL1_catchA].2001     	0 0 0.01 0 0 0.07 0.03 0.08 0.19 0.09 0.09 0.06 0.12 0.06 0.06 0.03 0.02 0.03 0.03 0 0.01 0 0.01 0 0.01 0 0 0 0 0
  catch_at[LL1_catchA].2002     	0 0 0 0 0.02 0.04 0.04 0.07 0.18 0.12 0.15 0.08 0.11 0.06 0.05 0.03 0.02 0 0 0 0.02 0 0 0.01 0 0 0 0 0 0
  catch_at[LL1_catchA].2003     	0 0 0 0 0 0.02 0.03 0.1 0.18 0.18 0.09 0.12 0.05 0.09 0.03 0.03 0.02 0 0.01 0.02 0.01 0.02 0 0 0 0 0 0 0 0
  catch_at[LL1_catchA].2004     	0 0 0 0 0.01 0.04 0.07 0.19 0.08 0.15 0.18 0.11 0.08 0.01 0.03 0.02 0.01 0.01 0 0 0 0.01 0 0 0 0 0 0 0 0
  catch_at[LL1_catchA].2005     	0 0 0 0 0 0.03 0.06 0.16 0.24 0.12 0.13 0.05 0.12 0 0 0.03 0.01 0.01 0.01 0.03 0 0 0 0 0 0 0 0 0 0
  catch_at[LL1_catchA].2006     	0 0 0 0 0.01 0.02 0.05 0.27 0.13 0.1 0.11 0.05 0.06 0.05 0.03 0.03 0.03 0.02 0 0 0.01 0.01 0.01 0 0 0 0.01 0 0 0
  catch_at[LL1_catchA].2007     	0 0 0 0 0 0.03 0.09 0.1 0.21 0.18 0.13 0.1 0.04 0.03 0.01 0 0.03 0.01 0.01 0.01 0 0.01 0.01 0 0 0 0 0 0 0
  catch_at[LL1_catchA].2008     	0 0 0 0 0.01 0 0.07 0.12 0.22 0.21 0.16 0.02 0.03 0.01 0.05 0.01 0.02 0.01 0.01 0.02 0.01 0.01 0 0 0 0 0.01 0 0 0
  catch_at[LL1_catchA].2009     	0 0 0 0 0 0.01 0.04 0.16 0.27 0.18 0.1 0.05 0.05 0.03 0.02 0.01 0.04 0.01 0 0 0 0 0.01 0 0.02 0 0 0 0 0
  catch_at[LL1_catchA].2010     	0 0 0 0 0 0.05 0.07 0.17 0.15 0.13 0.08 0.1 0.06 0.05 0.05 0.05 0.02 0.01 0 0 0 0 0 0 0 0 0 0.01 0 0
  catch_at[LL1_catchA].N_2000   	100
  catch_at[LL1_catchA].N_2001   	100
  catch_at[LL1_catchA].N_2002   	100
  catch_at[LL1_catchA].N_2003   	100
  catch_at[LL1_catchA].N_2004   	100
  catch_at[LL1_catchA].N_2005   	100
  catch_at[LL1_catchA].N_2006   	100
  catch_at[LL1_catchA].N_2007   	100
  catch_at[LL1_catchA].N_2008   	100
  catch_at[LL1_catchA].N_2009   	100
  catch_at[LL1_catchA].N_2010   	100
  catch_at[LL1_catchA].at_size  	False
  catch_at[LL1_catchA].dist     	multinomial
  catch_at[LL1_catchA].fishery  	LL1
  catch_at[LL1_catchA].max_class	30
  catch_at[LL1_catchA].min_class	1
  catch_at[LL1_catchA].plus_group	True
  catch_at[LL1_catchA].r        	1e-11
  catch_at[LL1_catchA].sexed    	False
  catch_at[LL1_catchA].sum_to_one	True
  catch_at[LL1_catchA].years    	2000 2001 2002 2003 2004 2005 2006 2007 2008 2009 2010
  catch_limit_penalty[1].fishery	LL1
  catch_limit_penalty[1].label  	LL1_Penalty
  catch_limit_penalty[1].log_scale	True
  catch_limit_penalty[1].multiplier	1000
  catch_limit_penalty[2].fishery	LL2
  catch_limit_penalty[2].label  	LL2_Penalty
  catch_limit_penalty[2].log_scale	True
  catch_limit_penalty[2].multiplier	1000
  estimate[1].lower_bound       	5000
  estimate[1].parameter         	initialization.B0
  estimate[1].prior             	uniform
  estimate[1].upper_bound       	5e+05
  estimator                     	Bayes
  fish_tagged_penalty[1].label  	Penalty_Tags2005_R1_LL1
  fish_tagged_penalty[1].multiplier	1
  fish_tagged_penalty[1].tagging_episode	Tags2005_R1_LL1
  fish_tagged_penalty[2].label  	Penalty_Tags2006_R1_LL1
  fish_tagged_penalty[2].multiplier	1
  fish_tagged_penalty[2].tagging_episode	Tags2006_R1_LL1
  fish_tagged_penalty[3].label  	Penalty_Tags2007_R1_LL1
  fish_tagged_penalty[3].multiplier	1
  fish_tagged_penalty[3].tagging_episode	Tags2007_R1_LL1
  fish_tagged_penalty[4].label  	Penalty_Tags2008_R1_LL1
  fish_tagged_penalty[4].multiplier	1
  fish_tagged_penalty[4].tagging_episode	Tags2008_R1_LL1
  fish_tagged_penalty[5].label  	Penalty_Tags2009_R1_LL1
  fish_tagged_penalty[5].multiplier	1
  fish_tagged_penalty[5].tagging_episode	Tags2009_R1_LL1
  grad_tol                      	0.001
  max_evals                     	10000
  max_iters                     	1600
  profile[1].l                  	40000
  profile[1].n                  	11
  profile[1].parameter          	initialization.B0
  profile[1].u                  	130000
  q_method                      	nuisance
  tag_recapture[Tags2005_R1_R1].area	R1
  tag_recapture[Tags2005_R1_R1].class_mins	100 150 200 250 300 350 400 450 500 550 600 650 700 750 800 850 900 950 1000 1050 1100 1150 1200 1250 1300 1350 1400 1450 1500 1550 1600 1650 1700 1750 1800 1850 1900 1950 2000 2050
  tag_recapture[Tags2005_R1_R1].detection_probability	1
  tag_recapture[Tags2005_R1_R1].dispersion	1
  tag_recapture[Tags2005_R1_R1].do_bootstrap	True
  tag_recapture[Tags2005_R1_R1].plus_group	False
  tag_recapture[Tags2005_R1_R1].proportion_mortality	0.5
  tag_recapture[Tags2005_R1_R1].r	1e-11
  tag_recapture[Tags2005_R1_R1].recaptured_2006	0 0 0 0 0 0 0 0 0 1 2 7 19 31 20 18 15 14 6 9 3 4 0 0 1 0 0 0 0 0 0 0 0 0 0 0 0 0 0
  tag_recapture[Tags2005_R1_R1].recaptured_2007	0 0 0 0 0 0 0 0 0 1 1 4 18 24 29 12 20 8 10 4 3 4 0 1 2 0 0 0 1 0 0 0 0 0 0 0 0 0 0
  tag_recapture[Tags2005_R1_R1].recaptured_2008	0 0 0 0 0 0 0 0 0 0 0 0 6 13 16 10 12 17 5 7 4 1 1 0 0 0 0 0 0 0 0 0 0 0 0 0 0 0 0
  tag_recapture[Tags2005_R1_R1].recaptured_2009	0 0 0 0 0 0 0 0 0 0 0 0 1 6 9 11 12 11 10 8 1 6 2 1 0 0 1 0 0 0 0 0 0 0 0 0 0 0 0
  tag_recapture[Tags2005_R1_R1].recaptured_2010	0 0 0 0 0 0 0 0 0 0 0 1 1 4 10 6 6 11 11 7 2 2 0 1 0 0 0 0 0 0 0 0 0 0 0 0 0 0 0
  tag_recapture[Tags2005_R1_R1].sample	size
  tag_recapture[Tags2005_R1_R1].scanned_2006	0 0 0 2 28 320 2302 11502 39770 96806 173902 243624 277690 266092 224820 178122 136978 101584 71958 49292 33518 23134 16316 11662 8346 5944 4222 2988 2086 1406 896 530 286 140 62 24 8 2 0
  tag_recapture[Tags2005_R1_R1].scanned_2007	0 0 0 2 28 344 2442 11568 39724 99366 181960 252416 280488 265182 224010 176300 134278 100438 72920 50898 34514 23278 15942 11162 7944 5686 4062 2880 2006 1350 862 512 278 138 62 24 8 2 0
  tag_recapture[Tags2005_R1_R1].scanned_2008	0 0 0 2 28 344 2602 12332 40170 97884 182308 260086 291620 271378 224512 174626 131756 97934 71728 51120 35200 23658 15864 10828 7580 5410 3886 2772 1934 1300 826 490 266 132 58 24 8 2 0
  tag_recapture[Tags2005_R1_R1].scanned_2009	0 0 0 2 28 338 2596 13080 43468 101422 180382 255904 293398 278302 229716 175798 130724 96182 70174 50456 35360 24054 16060 10754 7362 5182 3714 2662 1866 1256 798 470 254 126 56 22 8 2 0
  tag_recapture[Tags2005_R1_R1].scanned_2010	0 0 0 2 30 342 2546 12914 45438 110634 193100 259840 288924 275666 231594 178066 131090 95240 68874 49434 34952 24134 16262 10830 7284 5028 3564 2550 1794 1212 770 454 246 120 54 22 8 2 0
  tag_recapture[Tags2005_R1_R1].step	1
  tag_recapture[Tags2005_R1_R1].tag_name	Tags2005_R1
  tag_recapture[Tags2005_R1_R1].years	2006 2007 2008 2009 2010
  tag_recapture[Tags2006_R1_R1].area	R1
  tag_recapture[Tags2006_R1_R1].class_mins	100 150 200 250 300 350 400 450 500 550 600 650 700 750 800 850 900 950 1000 1050 1100 1150 1200 1250 1300 1350 1400 1450 1500 1550 1600 1650 1700 1750 1800 1850 1900 1950 2000 2050
  tag_recapture[Tags2006_R1_R1].detection_probability	1
  tag_recapture[Tags2006_R1_R1].dispersion	1
  tag_recapture[Tags2006_R1_R1].do_bootstrap	True
  tag_recapture[Tags2006_R1_R1].plus_group	False
  tag_recapture[Tags2006_R1_R1].proportion_mortality	0.5
  tag_recapture[Tags2006_R1_R1].r	1e-11
  tag_recapture[Tags2006_R1_R1].recaptured_2007	0 0 0 0 0 0 0 0 0 0 3 9 18 29 23 19 18 8 8 4 2 1 1 1 0 0 0 0 0 0 0 0 0 0 0 0 0 0 0
  tag_recapture[Tags2006_R1_R1].recaptured_2008	0 0 0 0 0 0 0 0 0 0 2 2 15 17 21 25 15 15 8 1 4 0 3 0 0 0 0 0 0 0 0 0 0 0 0 0 0 0 0
  tag_recapture[Tags2006_R1_R1].recaptured_2009	0 0 0 0 0 0 0 0 0 0 0 1 3 16 12 11 10 13 8 4 6 2 3 0 1 0 0 0 0 0 0 0 0 0 0 0 0 0 0
  tag_recapture[Tags2006_R1_R1].recaptured_2010	0 0 0 0 0 0 0 0 0 0 0 1 8 5 10 13 19 19 8 4 7 0 2 1 0 0 0 0 0 0 0 0 0 0 0 0 0 0 0
  tag_recapture[Tags2006_R1_R1].sample	size
  tag_recapture[Tags2006_R1_R1].scanned_2007	0 0 0 2 28 344 2442 11568 39724 99366 181960 252416 280488 265182 224010 176300 134278 100438 72920 50898 34514 23278 15942 11162 7944 5686 4062 2880 2006 1350 862 512 278 138 62 24 8 2 0
  tag_recapture[Tags2006_R1_R1].scanned_2008	0 0 0 2 28 344 2602 12332 40170 97884 182308 260086 291620 271378 224512 174626 131756 97934 71728 51120 35200 23658 15864 10828 7580 5410 3886 2772 1934 1300 826 490 266 132 58 24 8 2 0
  tag_recapture[Tags2006_R1_R1].scanned_2009	0 0 0 2 28 338 2596 13080 43468 101422 180382 255904 293398 278302 229716 175798 130724 96182 70174 50456 35360 24054 16060 10754 7362 5182 3714 2662 1866 1256 798 470 254 126 56 22 8 2 0
  tag_recapture[Tags2006_R1_R1].scanned_2010	0 0 0 2 30 342 2546 12914 45438 110634 193100 259840 288924 275666 231594 178066 131090 95240 68874 49434 34952 24134 16262 10830 7284 5028 3564 2550 1794 1212 770 454 246 120 54 22 8 2 0
  tag_recapture[Tags2006_R1_R1].step	1
  tag_recapture[Tags2006_R1_R1].tag_name	Tags2006_R1
  tag_recapture[Tags2006_R1_R1].years	2007 2008 2009 2010
  tag_recapture[Tags2007_R1_R1].area	R1
  tag_recapture[Tags2007_R1_R1].class_mins	100 150 200 250 300 350 400 450 500 550 600 650 700 750 800 850 900 950 1000 1050 1100 1150 1200 1250 1300 1350 1400 1450 1500 1550 1600 1650 1700 1750 1800 1850 1900 1950 2000 2050
  tag_recapture[Tags2007_R1_R1].detection_probability	1
  tag_recapture[Tags2007_R1_R1].dispersion	1
  tag_recapture[Tags2007_R1_R1].do_bootstrap	True
  tag_recapture[Tags2007_R1_R1].plus_group	False
  tag_recapture[Tags2007_R1_R1].proportion_mortality	0.5
  tag_recapture[Tags2007_R1_R1].r	1e-11
  tag_recapture[Tags2007_R1_R1].recaptured_2008	0 0 0 0 0 0 0 0 0 0 3 8 17 18 34 33 18 11 12 5 0 3 2 0 0 0 0 0 0 0 0 0 0 0 0 0 0 0 0
  tag_recapture[Tags2007_R1_R1].recaptured_2009	0 0 0 0 0 0 0 0 0 0 0 5 15 16 20 21 22 10 10 6 2 5 1 0 1 1 0 0 0 0 0 0 0 0 0 0 0 0 0
  tag_recapture[Tags2007_R1_R1].recaptured_2010	0 0 0 0 0 0 0 0 0 0 1 4 3 6 13 11 20 12 9 10 4 0 0 1 0 0 1 0 0 0 0 0 0 0 0 0 0 0 0
  tag_recapture[Tags2007_R1_R1].sample	size
  tag_recapture[Tags2007_R1_R1].scanned_2008	0 0 0 2 28 344 2602 12332 40170 97884 182308 260086 291620 271378 224512 174626 131756 97934 71728 51120 35200 23658 15864 10828 7580 5410 3886 2772 1934 1300 826 490 266 132 58 24 8 2 0
  tag_recapture[Tags2007_R1_R1].scanned_2009	0 0 0 2 28 338 2596 13080 43468 101422 180382 255904 293398 278302 229716 175798 130724 96182 70174 50456 35360 24054 16060 10754 7362 5182 3714 2662 1866 1256 798 470 254 126 56 22 8 2 0
  tag_recapture[Tags2007_R1_R1].scanned_2010	0 0 0 2 30 342 2546 12914 45438 110634 193100 259840 288924 275666 231594 178066 131090 95240 68874 49434 34952 24134 16262 10830 7284 5028 3564 2550 1794 1212 770 454 246 120 54 22 8 2 0
  tag_recapture[Tags2007_R1_R1].step	1
  tag_recapture[Tags2007_R1_R1].tag_name	Tags2007_R1
  tag_recapture[Tags2007_R1_R1].years	2008 2009 2010
  tag_recapture[Tags2008_R1_R1].area	R1
  tag_recapture[Tags2008_R1_R1].class_mins	100 150 200 250 300 350 400 450 500 550 600 650 700 750 800 850 900 950 1000 1050 1100 1150 1200 1250 1300 1350 1400 1450 1500 1550 1600 1650 1700 1750 1800 1850 1900 1950 2000 2050
  tag_recapture[Tags2008_R1_R1].detection_probability	1
  tag_recapture[Tags2008_R1_R1].dispersion	1
  tag_recapture[Tags2008_R1_R1].do_bootstrap	True
  tag_recapture[Tags2008_R1_R1].plus_group	False
  tag_recapture[Tags2008_R1_R1].proportion_mortality	0.5
  tag_recapture[Tags2008_R1_R1].r	1e-11
  tag_recapture[Tags2008_R1_R1].recaptured_2009	0 0 0 0 0 0 0 0 0 2 8 9 29 20 29 26 17 14 6 3 5 2 1 0 1 0 1 0 0 0 0 0 0 0 0 0 0 0 0
  tag_recapture[Tags2008_R1_R1].recaptured_2010	0 0 0 0 0 0 0 0 0 0 2 5 13 21 19 20 16 14 6 2 0 0 1 1 0 0 0 0 0 1 0 0 0 0 0 0 0 0 0
  tag_recapture[Tags2008_R1_R1].sample	size
  tag_recapture[Tags2008_R1_R1].scanned_2009	0 0 0 2 28 338 2596 13080 43468 101422 180382 255904 293398 278302 229716 175798 130724 96182 70174 50456 35360 24054 16060 10754 7362 5182 3714 2662 1866 1256 798 470 254 126 56 22 8 2 0
  tag_recapture[Tags2008_R1_R1].scanned_2010	0 0 0 2 30 342 2546 12914 45438 110634 193100 259840 288924 275666 231594 178066 131090 95240 68874 49434 34952 24134 16262 10830 7284 5028 3564 2550 1794 1212 770 454 246 120 54 22 8 2 0
  tag_recapture[Tags2008_R1_R1].step	1
  tag_recapture[Tags2008_R1_R1].tag_name	Tags2008_R1
  tag_recapture[Tags2008_R1_R1].years	2009 2010
  tag_recapture[Tags2009_R1_R1].area	R1
  tag_recapture[Tags2009_R1_R1].class_mins	100 150 200 250 300 350 400 450 500 550 600 650 700 750 800 850 900 950 1000 1050 1100 1150 1200 1250 1300 1350 1400 1450 1500 1550 1600 1650 1700 1750 1800 1850 1900 1950 2000 2050
  tag_recapture[Tags2009_R1_R1].detection_probability	1
  tag_recapture[Tags2009_R1_R1].dispersion	1
  tag_recapture[Tags2009_R1_R1].do_bootstrap	True
  tag_recapture[Tags2009_R1_R1].plus_group	False
  tag_recapture[Tags2009_R1_R1].proportion_mortality	0.5
  tag_recapture[Tags2009_R1_R1].r	1e-11
  tag_recapture[Tags2009_R1_R1].recaptured_2010	0 0 0 0 0 0 0 0 0 2 6 12 18 22 42 32 29 11 9 5 1 1 1 3 0 0 1 0 0 0 0 0 0 0 0 0 0 0 0
  tag_recapture[Tags2009_R1_R1].sample	size
  tag_recapture[Tags2009_R1_R1].scanned_2010	0 0 0 2 30 342 2546 12914 45438 110634 193100 259840 288924 275666 231594 178066 131090 95240 68874 49434 34952 24134 16262 10830 7284 5028 3564 2550 1794 1212 770 454 246 120 54 22 8 2 0
  tag_recapture[Tags2009_R1_R1].step	1
  tag_recapture[Tags2009_R1_R1].tag_name	Tags2009_R1
  tag_recapture[Tags2009_R1_R1].years	2010
  vector_average_penalty[1].k   	1
  vector_average_penalty[1].label	meanYCS_1
  vector_average_penalty[1].multiplier	100
  vector_average_penalty[1].vector	recruitment.YCS
Stored as DOUBLEs: 
Stored as VECTORs: 
Stored as OGIVEs: 

Population parameters:
Stored as strings: 
  annual_cycle.M_props          	1
  annual_cycle.aging_time       	1
  annual_cycle.baranov          	False
  annual_cycle.fishery_areas    	R1
  annual_cycle.fishery_names    	LL1 LL2
  annual_cycle.fishery_times    	1 1
  annual_cycle.growth_props     	0
  annual_cycle.migrate_from     	R1
  annual_cycle.migrate_to       	R2
  annual_cycle.migration_names  	MoveRec_1_2
  annual_cycle.migration_times  	1
  annual_cycle.n_migrations     	0
  annual_cycle.recruitment_areas	R1
  annual_cycle.recruitment_time 	1
  annual_cycle.spawning_all_areas	1
  annual_cycle.spawning_p       	1
  annual_cycle.spawning_part_mort	0.5
  annual_cycle.spawning_time    	1
  annual_cycle.spawning_use_total_B	False
  annual_cycle.time_steps       	1
  area_names                    	R1
  current                       	2010
  final                         	2045
  first_random_year             	2007
  fishery[LL1].U_max            	0.95
  fishery[LL1].catches          	0 6000 6000 6000 6000 6000 6000 6000 6000 6000 6000 6000 6000 6000 6000 6000 6000 6000 6000 6000 6000
  fishery[LL1].future_constant_catches	200
  fishery[LL1].selectivity      	SelLL
  fishery[LL1].years            	1990 1991 1992 1993 1994 1995 1996 1997 1998 1999 2000 2001 2002 2003 2004 2005 2006 2007 2008 2009 2010
  fishery[LL2].U_max            	0.95
  fishery[LL2].catches          	0 6000 6000 6000 6000 6000 6000 6000 6000 6000 6000 6000 6000 6000 6000 6000 6000 6000 6000 6000 6000
  fishery[LL2].future_constant_catches	200
  fishery[LL2].selectivity      	SelLL
  fishery[LL2].years            	1990 1991 1992 1993 1994 1995 1996 1997 1998 1999 2000 2001 2002 2003 2004 2005 2006 2007 2008 2009 2010
  initial                       	1990
  initialization.B0             	448262
  mature_partition              	False
  maturity_props.all            	allvalues  0 0 0 0 0 0 0 0 0 0 0 0.1667 0.3333 0.5 0.6667 0.8333 1 1 1 1 1 1 1 1 1 1 1 1 1 1
  max_age                       	30
  min_age                       	1
  n_areas                       	1
  n_stocks                      	1
  n_tags                        	5
  natural_mortality.all         	0.155
  plus_group                    	True
  randomisation_method          	lognormal
  recruitment.SR                	BH
  recruitment.YCS               	1 1 1 1 1 1 1 1 1 1 1 1 1 1 1 1 1 1 1 1 1
  recruitment.YCS_years         	1989 1990 1991 1992 1993 1994 1995 1996 1997 1998 1999 2000 2001 2002 2003 2004 2005 2006 2007 2008 2009
  recruitment.first_free        	1989
  recruitment.last_free         	2006
  recruitment.p_male            	0.5
  recruitment.rho               	0
  recruitment.sigma_r           	0.6
  recruitment.steepness         	0.7
  recruitment.year_range        	1989 2006
  selectivity[SelLL].all        	double_normal 10 2 10
  selectivity_names             	SelLL
  sex_partition                 	False
  size_at_age.Linf              	2870
  size_at_age.by_length         	True
  size_at_age.cv                	0.1
  size_at_age.k                 	0.02056
  size_at_age.t0                	-4.2897
  size_at_age_dist              	normal
  size_at_age_type              	von_Bert
  size_based                    	False
  size_weight.a                 	2.59e-12
  size_weight.b                 	3.2064
  size_weight.verify_size_weight	500 0.5 1.5
  standardise_YCS               	True
  tag[Tags2005_R1_LL1].area     	R1
  tag[Tags2005_R1_LL1].class_mins	100 150 200 250 300 350 400 450 500 550 600 650 700 750 800 850 900 950 1000 1050 1100 1150 1200 1250 1300 1350 1400 1450 1500 1550 1600 1650 1700 1750 1800 1850 1900 1950 2000 2050
  tag[Tags2005_R1_LL1].mature_only	False
  tag[Tags2005_R1_LL1].mortality	0.1
  tag[Tags2005_R1_LL1].number   	2500
  tag[Tags2005_R1_LL1].ogive    	SelLL
  tag[Tags2005_R1_LL1].plus_group	False
  tag[Tags2005_R1_LL1].props_all	0 0 0 0 0 1e-04 8e-04 0.0048 0.0184 0.0472 0.088 0.1245 0.1388 0.1298 0.1103 0.0896 0.0694 0.0511 0.0362 0.0255 0.0183 0.0135 0.01 0.0073 0.0052 0.0037 0.0025 0.0018 0.0012 8e-04 5e-04 3e-04 2e-04 1e-04 0 0 0 0 0
  tag[Tags2005_R1_LL1].release_type	deterministic
  tag[Tags2005_R1_LL1].sex      	both
  tag[Tags2005_R1_LL1].step     	1
  tag[Tags2005_R1_LL1].tag_name 	Tags2005_R1
  tag[Tags2005_R1_LL1].year     	2005
  tag[Tags2006_R1_LL1].area     	R1
  tag[Tags2006_R1_LL1].class_mins	100 150 200 250 300 350 400 450 500 550 600 650 700 750 800 850 900 950 1000 1050 1100 1150 1200 1250 1300 1350 1400 1450 1500 1550 1600 1650 1700 1750 1800 1850 1900 1950 2000 2050
  tag[Tags2006_R1_LL1].mature_only	False
  tag[Tags2006_R1_LL1].mortality	0.1
  tag[Tags2006_R1_LL1].number   	2500
  tag[Tags2006_R1_LL1].ogive    	SelLL
  tag[Tags2006_R1_LL1].plus_group	False
  tag[Tags2006_R1_LL1].props_all	0 0 0 0 0 2e-04 0.0013 0.0058 0.0198 0.0485 0.0873 0.1222 0.1397 0.1351 0.1154 0.0921 0.0705 0.0511 0.0349 0.023 0.0152 0.0104 0.0075 0.0055 0.0041 0.0031 0.0023 0.0017 0.0012 9e-04 6e-04 3e-04 2e-04 1e-04 0 0 0 0 0
  tag[Tags2006_R1_LL1].release_type	deterministic
  tag[Tags2006_R1_LL1].sex      	both
  tag[Tags2006_R1_LL1].step     	1
  tag[Tags2006_R1_LL1].tag_name 	Tags2006_R1
  tag[Tags2006_R1_LL1].year     	2006
  tag[Tags2007_R1_LL1].area     	R1
  tag[Tags2007_R1_LL1].class_mins	100 150 200 250 300 350 400 450 500 550 600 650 700 750 800 850 900 950 1000 1050 1100 1150 1200 1250 1300 1350 1400 1450 1500 1550 1600 1650 1700 1750 1800 1850 1900 1950 2000 2050
  tag[Tags2007_R1_LL1].mature_only	False
  tag[Tags2007_R1_LL1].mortality	0.1
  tag[Tags2007_R1_LL1].number   	2500
  tag[Tags2007_R1_LL1].ogive    	SelLL
  tag[Tags2007_R1_LL1].plus_group	False
  tag[Tags2007_R1_LL1].props_all	0 0 0 0 0 1e-04 0.0011 0.0056 0.0193 0.0485 0.0889 0.124 0.139 0.1322 0.1118 0.0878 0.0669 0.0504 0.0372 0.0265 0.0183 0.0125 0.0087 0.0062 0.0045 0.0032 0.0024 0.0017 0.0012 8e-04 5e-04 3e-04 2e-04 1e-04 0 0 0 0 0
  tag[Tags2007_R1_LL1].release_type	deterministic
  tag[Tags2007_R1_LL1].sex      	both
  tag[Tags2007_R1_LL1].step     	1
  tag[Tags2007_R1_LL1].tag_name 	Tags2007_R1
  tag[Tags2007_R1_LL1].year     	2007
  tag[Tags2008_R1_LL1].area     	R1
  tag[Tags2008_R1_LL1].class_mins	100 150 200 250 300 350 400 450 500 550 600 650 700 750 800 850 900 950 1000 1050 1100 1150 1200 1250 1300 1350 1400 1450 1500 1550 1600 1650 1700 1750 1800 1850 1900 1950 2000 2050
  tag[Tags2008_R1_LL1].mature_only	False
  tag[Tags2008_R1_LL1].mortality	0.1
  tag[Tags2008_R1_LL1].number   	2500
  tag[Tags2008_R1_LL1].ogive    	SelLL
  tag[Tags2008_R1_LL1].plus_group	False
  tag[Tags2008_R1_LL1].props_all	0 0 0 0 0 1e-04 0.0012 0.0062 0.0205 0.0497 0.0924 0.1328 0.1497 0.1384 0.112 0.0842 0.0614 0.0445 0.0322 0.0228 0.0157 0.0106 0.0073 0.0052 0.0038 0.0029 0.0022 0.0016 0.0011 7e-04 4e-04 3e-04 1e-04 1e-04 0 0 0 0 0
  tag[Tags2008_R1_LL1].release_type	deterministic
  tag[Tags2008_R1_LL1].sex      	both
  tag[Tags2008_R1_LL1].step     	1
  tag[Tags2008_R1_LL1].tag_name 	Tags2008_R1
  tag[Tags2008_R1_LL1].year     	2008
  tag[Tags2009_R1_LL1].area     	R1
  tag[Tags2009_R1_LL1].class_mins	100 150 200 250 300 350 400 450 500 550 600 650 700 750 800 850 900 950 1000 1050 1100 1150 1200 1250 1300 1350 1400 1450 1500 1550 1600 1650 1700 1750 1800 1850 1900 1950 2000 2050
  tag[Tags2009_R1_LL1].mature_only	False
  tag[Tags2009_R1_LL1].mortality	0.1
  tag[Tags2009_R1_LL1].number   	2500
  tag[Tags2009_R1_LL1].ogive    	SelLL
  tag[Tags2009_R1_LL1].plus_group	False
  tag[Tags2009_R1_LL1].props_all	0 0 0 0 0 1e-04 0.0012 0.0063 0.0213 0.0502 0.0897 0.1266 0.1435 0.135 0.1117 0.0864 0.065 0.0482 0.0352 0.0253 0.0178 0.0122 0.0082 0.0055 0.0037 0.0025 0.0017 0.0011 7e-04 4e-04 3e-04 1e-04 1e-04 0 0 0 0 0 0
  tag[Tags2009_R1_LL1].release_type	deterministic
  tag[Tags2009_R1_LL1].sex      	both
  tag[Tags2009_R1_LL1].step     	1
  tag[Tags2009_R1_LL1].tag_name 	Tags2009_R1
  tag[Tags2009_R1_LL1].year     	2009
  tag_growth_loss[Tags2005_R1].nogrowth_period	0
  tag_growth_loss[Tags2006_R1].nogrowth_period	0
  tag_growth_loss[Tags2007_R1].nogrowth_period	0
  tag_growth_loss[Tags2008_R1].nogrowth_period	0
  tag_growth_loss[Tags2009_R1].nogrowth_period	0
  tag_loss_props                	1
  tag_names                     	Tags2005_R1 Tags2006_R1 Tags2007_R1 Tags2008_R1 Tags2009_R1
  tag_shedding_rate             	0.0084 0.0084 0.0084 0.0084 0.0084
  y_enter                       	1
Stored as DOUBLEs: 
Stored as VECTORs: 
Stored as OGIVEs: 

Output parameters:
Stored as strings: 
  n_projections                 	100
  numbers_at[Numbers_at_age_R1].area	R1
  numbers_at[Numbers_at_age_R1].proportion_mortality	0.5
  numbers_at[Numbers_at_age_R1].step	1
  numbers_at[Numbers_at_age_R1].years	1990 1991 1992 1993 1994 1995 1996 1997 1998 1999 2000 2001 2002 2003 2004 2005 2006 2007 2008 2009 2010
  print.covariance              	true
  print.estimation_section      	true
  print.final_state             	false
  print.fits                    	true
  print.fits_every_eval         	false
  print.initial_state           	false
  print.normalised_resids       	true
  print.objective_every_eval    	false
  print.parameter_vector_every_eval	false
  print.parameters              	true
  print.parameters_every_eval   	false
  print.pearson_resids          	true
  print.requests                	false
  print.resids                  	true
  print.results                 	false
  print.state_annually          	false
  print.state_every_step        	false
  print.unused_parameters       	true
  print.yields                  	true
  quantities.B0                 	true
  quantities.R0                 	true
  quantities.SSBs               	true
  quantities.YCS                	true
  quantities.actual_catches     	false
  quantities.all_free_parameters	true
  quantities.fishing_pressures  	true
  quantities.nuisance_qs        	true
  quantities.recruitments       	true
  quantities.true_YCS           	true
Stored as DOUBLEs: 
Stored as VECTORs: 
Stored as OGIVEs: 

A fish of size 500 cm has a weight of 1.16755 kg in your model. This size-weight scale check assumes that the growth curve is in centimetres, and that the catch is in tonnes.

A fish of size 500 cm has a weight of 1.16755 kg in your model. This size-weight scale check assumes that the growth curve is in centimetres, and that the catch is in tonnes.

Estimation section :

Objective function: Bayes

Minimiser convergence threshold: 0.001


Observations:

The observations are:
LL1_catchA
Tags2005_R1_R1
Tags2006_R1_R1
Tags2007_R1_R1
Tags2008_R1_R1
Tags2009_R1_R1
Fits follow:

LL1_catchA :
catch proportions-at-age for fishery LL1  with ageing error (constrained to sum to 1):
obs (last class is a plus group):
class 1       2       3       4       5       6       7       8       9       10      11      12      13      14      15      16      17      18      19      20      21      22      23      24      25      26      27      28      29      30      
2000 0       0       0       0       0.02    0       0.05    0.09    0.14    0.1     0.11    0.04    0.1     0.12    0.05    0.04    0.06    0.01    0       0       0.01    0.02    0.02    0.01    0       0       0       0       0       0.01    
2001 0       0       0.01    0       0       0.07    0.03    0.08    0.19    0.09    0.09    0.06    0.12    0.06    0.06    0.03    0.02    0.03    0.03    0       0.01    0       0.01    0       0.01    0       0       0       0       0       
2002 0       0       0       0       0.02    0.04    0.04    0.07    0.18    0.12    0.15    0.08    0.11    0.06    0.05    0.03    0.02    0       0       0       0.02    0       0       0.01    0       0       0       0       0       0       
2003 0       0       0       0       0       0.02    0.03    0.1     0.18    0.18    0.09    0.12    0.05    0.09    0.03    0.03    0.02    0       0.01    0.02    0.01    0.02    0       0       0       0       0       0       0       0       
2004 0       0       0       0       0.01    0.04    0.07    0.19    0.08    0.15    0.18    0.11    0.08    0.01    0.03    0.02    0.01    0.01    0       0       0       0.01    0       0       0       0       0       0       0       0       
2005 0       0       0       0       0       0.03    0.06    0.16    0.24    0.12    0.13    0.05    0.12    0       0       0.03    0.01    0.01    0.01    0.03    0       0       0       0       0       0       0       0       0       0       
2006 0       0       0       0       0.01    0.02    0.05    0.27    0.13    0.1     0.11    0.05    0.06    0.05    0.03    0.03    0.03    0.02    0       0       0.01    0.01    0.01    0       0       0       0.01    0       0       0       
2007 0       0       0       0       0       0.03    0.09    0.1     0.21    0.18    0.13    0.1     0.04    0.03    0.01    0       0.03    0.01    0.01    0.01    0       0.01    0.01    0       0       0       0       0       0       0       
2008 0       0       0       0       0.01    0       0.07    0.12    0.22    0.21    0.16    0.02    0.03    0.01    0.05    0.01    0.02    0.01    0.01    0.02    0.01    0.01    0       0       0       0       0.01    0       0       0       
2009 0       0       0       0       0       0.01    0.04    0.16    0.27    0.18    0.1     0.05    0.05    0.03    0.02    0.01    0.04    0.01    0       0       0       0       0.01    0       0.02    0       0       0       0       0       
2010 0       0       0       0       0       0.05    0.07    0.17    0.15    0.13    0.08    0.1     0.06    0.05    0.05    0.05    0.02    0.01    0       0       0       0       0       0       0       0       0       0.01    0       0       
objective function: multinomial likelihood, with delta = 1e-011, N =
100 100 100 100 100 100 100 100 100 100 100 100 100 100 100 100 100 100 100 100 100 100 100 100 100 100 100 100 100 100 
100 100 100 100 100 100 100 100 100 100 100 100 100 100 100 100 100 100 100 100 100 100 100 100 100 100 100 100 100 100 
100 100 100 100 100 100 100 100 100 100 100 100 100 100 100 100 100 100 100 100 100 100 100 100 100 100 100 100 100 100 
100 100 100 100 100 100 100 100 100 100 100 100 100 100 100 100 100 100 100 100 100 100 100 100 100 100 100 100 100 100 
100 100 100 100 100 100 100 100 100 100 100 100 100 100 100 100 100 100 100 100 100 100 100 100 100 100 100 100 100 100 
100 100 100 100 100 100 100 100 100 100 100 100 100 100 100 100 100 100 100 100 100 100 100 100 100 100 100 100 100 100 
100 100 100 100 100 100 100 100 100 100 100 100 100 100 100 100 100 100 100 100 100 100 100 100 100 100 100 100 100 100 
100 100 100 100 100 100 100 100 100 100 100 100 100 100 100 100 100 100 100 100 100 100 100 100 100 100 100 100 100 100 
100 100 100 100 100 100 100 100 100 100 100 100 100 100 100 100 100 100 100 100 100 100 100 100 100 100 100 100 100 100 
100 100 100 100 100 100 100 100 100 100 100 100 100 100 100 100 100 100 100 100 100 100 100 100 100 100 100 100 100 100 
100 100 100 100 100 100 100 100 100 100 100 100 100 100 100 100 100 100 100 100 100 100 100 100 100 100 100 100 100 100 

Tags2005_R1_R1 :
tag-recapture data for tag Tags2005_R1 in years 2006 2007 2008 2009 2010 , step 1, after proportion 0.5 of mortality, with sampling method size, detection probability 1.
Year 2006
class scanned recaptured
100 0 0
150 0 0
200 0 0
250 2 0
300 28 0
350 320 0
400 2302 0
450 11502 0
500 39770 0
550 96806 1
600 173902 2
650 243624 7
700 277690 19
750 266092 31
800 224820 20
850 178122 18
900 136978 15
950 101584 14
1000 71958 6
1050 49292 9
1100 33518 3
1150 23134 4
1200 16316 0
1250 11662 0
1300 8346 1
1350 5944 0
1400 4222 0
1450 2988 0
1500 2086 0
1550 1406 0
1600 896 0
1650 530 0
1700 286 0
1750 140 0
1800 62 0
1850 24 0
1900 8 0
1950 2 0
2000 0 0


Year 2007
class scanned recaptured
100 0 0
150 0 0
200 0 0
250 2 0
300 28 0
350 344 0
400 2442 0
450 11568 0
500 39724 0
550 99366 1
600 181960 1
650 252416 4
700 280488 18
750 265182 24
800 224010 29
850 176300 12
900 134278 20
950 100438 8
1000 72920 10
1050 50898 4
1100 34514 3
1150 23278 4
1200 15942 0
1250 11162 1
1300 7944 2
1350 5686 0
1400 4062 0
1450 2880 0
1500 2006 1
1550 1350 0
1600 862 0
1650 512 0
1700 278 0
1750 138 0
1800 62 0
1850 24 0
1900 8 0
1950 2 0
2000 0 0


Year 2008
class scanned recaptured
100 0 0
150 0 0
200 0 0
250 2 0
300 28 0
350 344 0
400 2602 0
450 12332 0
500 40170 0
550 97884 0
600 182308 0
650 260086 0
700 291620 6
750 271378 13
800 224512 16
850 174626 10
900 131756 12
950 97934 17
1000 71728 5
1050 51120 7
1100 35200 4
1150 23658 1
1200 15864 1
1250 10828 0
1300 7580 0
1350 5410 0
1400 3886 0
1450 2772 0
1500 1934 0
1550 1300 0
1600 826 0
1650 490 0
1700 266 0
1750 132 0
1800 58 0
1850 24 0
1900 8 0
1950 2 0
2000 0 0


Year 2009
class scanned recaptured
100 0 0
150 0 0
200 0 0
250 2 0
300 28 0
350 338 0
400 2596 0
450 13080 0
500 43468 0
550 101422 0
600 180382 0
650 255904 0
700 293398 1
750 278302 6
800 229716 9
850 175798 11
900 130724 12
950 96182 11
1000 70174 10
1050 50456 8
1100 35360 1
1150 24054 6
1200 16060 2
1250 10754 1
1300 7362 0
1350 5182 0
1400 3714 1
1450 2662 0
1500 1866 0
1550 1256 0
1600 798 0
1650 470 0
1700 254 0
1750 126 0
1800 56 0
1850 22 0
1900 8 0
1950 2 0
2000 0 0


Year 2010
class scanned recaptured
100 0 0
150 0 0
200 0 0
250 2 0
300 30 0
350 342 0
400 2546 0
450 12914 0
500 45438 0
550 110634 0
600 193100 0
650 259840 1
700 288924 1
750 275666 4
800 231594 10
850 178066 6
900 131090 6
950 95240 11
1000 68874 11
1050 49434 7
1100 34952 2
1150 24134 2
1200 16262 0
1250 10830 1
1300 7284 0
1350 5028 0
1400 3564 0
1450 2550 0
1500 1794 0
1550 1212 0
1600 770 0
1650 454 0
1700 246 0
1750 120 0
1800 54 0
1850 22 0
1900 8 0
1950 2 0
2000 0 0


Tags2006_R1_R1 :
tag-recapture data for tag Tags2006_R1 in years 2007 2008 2009 2010 , step 1, after proportion 0.5 of mortality, with sampling method size, detection probability 1.
Year 2007
class scanned recaptured
100 0 0
150 0 0
200 0 0
250 2 0
300 28 0
350 344 0
400 2442 0
450 11568 0
500 39724 0
550 99366 0
600 181960 3
650 252416 9
700 280488 18
750 265182 29
800 224010 23
850 176300 19
900 134278 18
950 100438 8
1000 72920 8
1050 50898 4
1100 34514 2
1150 23278 1
1200 15942 1
1250 11162 1
1300 7944 0
1350 5686 0
1400 4062 0
1450 2880 0
1500 2006 0
1550 1350 0
1600 862 0
1650 512 0
1700 278 0
1750 138 0
1800 62 0
1850 24 0
1900 8 0
1950 2 0
2000 0 0


Year 2008
class scanned recaptured
100 0 0
150 0 0
200 0 0
250 2 0
300 28 0
350 344 0
400 2602 0
450 12332 0
500 40170 0
550 97884 0
600 182308 2
650 260086 2
700 291620 15
750 271378 17
800 224512 21
850 174626 25
900 131756 15
950 97934 15
1000 71728 8
1050 51120 1
1100 35200 4
1150 23658 0
1200 15864 3
1250 10828 0
1300 7580 0
1350 5410 0
1400 3886 0
1450 2772 0
1500 1934 0
1550 1300 0
1600 826 0
1650 490 0
1700 266 0
1750 132 0
1800 58 0
1850 24 0
1900 8 0
1950 2 0
2000 0 0


Year 2009
class scanned recaptured
100 0 0
150 0 0
200 0 0
250 2 0
300 28 0
350 338 0
400 2596 0
450 13080 0
500 43468 0
550 101422 0
600 180382 0
650 255904 1
700 293398 3
750 278302 16
800 229716 12
850 175798 11
900 130724 10
950 96182 13
1000 70174 8
1050 50456 4
1100 35360 6
1150 24054 2
1200 16060 3
1250 10754 0
1300 7362 1
1350 5182 0
1400 3714 0
1450 2662 0
1500 1866 0
1550 1256 0
1600 798 0
1650 470 0
1700 254 0
1750 126 0
1800 56 0
1850 22 0
1900 8 0
1950 2 0
2000 0 0


Year 2010
class scanned recaptured
100 0 0
150 0 0
200 0 0
250 2 0
300 30 0
350 342 0
400 2546 0
450 12914 0
500 45438 0
550 110634 0
600 193100 0
650 259840 1
700 288924 8
750 275666 5
800 231594 10
850 178066 13
900 131090 19
950 95240 19
1000 68874 8
1050 49434 4
1100 34952 7
1150 24134 0
1200 16262 2
1250 10830 1
1300 7284 0
1350 5028 0
1400 3564 0
1450 2550 0
1500 1794 0
1550 1212 0
1600 770 0
1650 454 0
1700 246 0
1750 120 0
1800 54 0
1850 22 0
1900 8 0
1950 2 0
2000 0 0


Tags2007_R1_R1 :
tag-recapture data for tag Tags2007_R1 in years 2008 2009 2010 , step 1, after proportion 0.5 of mortality, with sampling method size, detection probability 1.
Year 2008
class scanned recaptured
100 0 0
150 0 0
200 0 0
250 2 0
300 28 0
350 344 0
400 2602 0
450 12332 0
500 40170 0
550 97884 0
600 182308 3
650 260086 8
700 291620 17
750 271378 18
800 224512 34
850 174626 33
900 131756 18
950 97934 11
1000 71728 12
1050 51120 5
1100 35200 0
1150 23658 3
1200 15864 2
1250 10828 0
1300 7580 0
1350 5410 0
1400 3886 0
1450 2772 0
1500 1934 0
1550 1300 0
1600 826 0
1650 490 0
1700 266 0
1750 132 0
1800 58 0
1850 24 0
1900 8 0
1950 2 0
2000 0 0


Year 2009
class scanned recaptured
100 0 0
150 0 0
200 0 0
250 2 0
300 28 0
350 338 0
400 2596 0
450 13080 0
500 43468 0
550 101422 0
600 180382 0
650 255904 5
700 293398 15
750 278302 16
800 229716 20
850 175798 21
900 130724 22
950 96182 10
1000 70174 10
1050 50456 6
1100 35360 2
1150 24054 5
1200 16060 1
1250 10754 0
1300 7362 1
1350 5182 1
1400 3714 0
1450 2662 0
1500 1866 0
1550 1256 0
1600 798 0
1650 470 0
1700 254 0
1750 126 0
1800 56 0
1850 22 0
1900 8 0
1950 2 0
2000 0 0


Year 2010
class scanned recaptured
100 0 0
150 0 0
200 0 0
250 2 0
300 30 0
350 342 0
400 2546 0
450 12914 0
500 45438 0
550 110634 0
600 193100 1
650 259840 4
700 288924 3
750 275666 6
800 231594 13
850 178066 11
900 131090 20
950 95240 12
1000 68874 9
1050 49434 10
1100 34952 4
1150 24134 0
1200 16262 0
1250 10830 1
1300 7284 0
1350 5028 0
1400 3564 1
1450 2550 0
1500 1794 0
1550 1212 0
1600 770 0
1650 454 0
1700 246 0
1750 120 0
1800 54 0
1850 22 0
1900 8 0
1950 2 0
2000 0 0


Tags2008_R1_R1 :
tag-recapture data for tag Tags2008_R1 in years 2009 2010 , step 1, after proportion 0.5 of mortality, with sampling method size, detection probability 1.
Year 2009
class scanned recaptured
100 0 0
150 0 0
200 0 0
250 2 0
300 28 0
350 338 0
400 2596 0
450 13080 0
500 43468 0
550 101422 2
600 180382 8
650 255904 9
700 293398 29
750 278302 20
800 229716 29
850 175798 26
900 130724 17
950 96182 14
1000 70174 6
1050 50456 3
1100 35360 5
1150 24054 2
1200 16060 1
1250 10754 0
1300 7362 1
1350 5182 0
1400 3714 1
1450 2662 0
1500 1866 0
1550 1256 0
1600 798 0
1650 470 0
1700 254 0
1750 126 0
1800 56 0
1850 22 0
1900 8 0
1950 2 0
2000 0 0


Year 2010
class scanned recaptured
100 0 0
150 0 0
200 0 0
250 2 0
300 30 0
350 342 0
400 2546 0
450 12914 0
500 45438 0
550 110634 0
600 193100 2
650 259840 5
700 288924 13
750 275666 21
800 231594 19
850 178066 20
900 131090 16
950 95240 14
1000 68874 6
1050 49434 2
1100 34952 0
1150 24134 0
1200 16262 1
1250 10830 1
1300 7284 0
1350 5028 0
1400 3564 0
1450 2550 0
1500 1794 0
1550 1212 1
1600 770 0
1650 454 0
1700 246 0
1750 120 0
1800 54 0
1850 22 0
1900 8 0
1950 2 0
2000 0 0


Tags2009_R1_R1 :
tag-recapture data for tag Tags2009_R1 in years 2010 , step 1, after proportion 0.5 of mortality, with sampling method size, detection probability 1.
Year 2010
class scanned recaptured
100 0 0
150 0 0
200 0 0
250 2 0
300 30 0
350 342 0
400 2546 0
450 12914 0
500 45438 0
550 110634 2
600 193100 6
650 259840 12
700 288924 18
750 275666 22
800 231594 42
850 178066 32
900 131090 29
950 95240 11
1000 68874 9
1050 49434 5
1100 34952 1
1150 24134 1
1200 16262 1
1250 10830 3
1300 7284 0
1350 5028 0
1400 3564 1
1450 2550 0
1500 1794 0
1550 1212 0
1600 770 0
1650 454 0
1700 246 0
1750 120 0
1800 54 0
1850 22 0
1900 8 0
1950 2 0
2000 0 0



Ageing_error:
  Misclassification matrix:
1 0 0 0 0 0 0 0 0 0 0 0 0 0 0 0 0 0 0 0 0 0 0 0 0 0 0 0 0 0 
0 1 0 0 0 0 0 0 0 0 0 0 0 0 0 0 0 0 0 0 0 0 0 0 0 0 0 0 0 0 
0 0 1 0 0 0 0 0 0 0 0 0 0 0 0 0 0 0 0 0 0 0 0 0 0 0 0 0 0 0 
0 0 0 1 0 0 0 0 0 0 0 0 0 0 0 0 0 0 0 0 0 0 0 0 0 0 0 0 0 0 
0 0 0 0 1 0 0 0 0 0 0 0 0 0 0 0 0 0 0 0 0 0 0 0 0 0 0 0 0 0 
0 0 0 0 0 1 0 0 0 0 0 0 0 0 0 0 0 0 0 0 0 0 0 0 0 0 0 0 0 0 
0 0 0 0 0 0 1 0 0 0 0 0 0 0 0 0 0 0 0 0 0 0 0 0 0 0 0 0 0 0 
0 0 0 0 0 0 0 1 0 0 0 0 0 0 0 0 0 0 0 0 0 0 0 0 0 0 0 0 0 0 
0 0 0 0 0 0 0 0 1 0 0 0 0 0 0 0 0 0 0 0 0 0 0 0 0 0 0 0 0 0 
0 0 0 0 0 0 0 0 0 1 0 0 0 0 0 0 0 0 0 0 0 0 0 0 0 0 0 0 0 0 
0 0 0 0 0 0 0 0 0 0 1 0 0 0 0 0 0 0 0 0 0 0 0 0 0 0 0 0 0 0 
0 0 0 0 0 0 0 0 0 0 0 1 0 0 0 0 0 0 0 0 0 0 0 0 0 0 0 0 0 0 
0 0 0 0 0 0 0 0 0 0 0 0 1 0 0 0 0 0 0 0 0 0 0 0 0 0 0 0 0 0 
0 0 0 0 0 0 0 0 0 0 0 0 0 1 0 0 0 0 0 0 0 0 0 0 0 0 0 0 0 0 
0 0 0 0 0 0 0 0 0 0 0 0 0 0 1 0 0 0 0 0 0 0 0 0 0 0 0 0 0 0 
0 0 0 0 0 0 0 0 0 0 0 0 0 0 0 1 0 0 0 0 0 0 0 0 0 0 0 0 0 0 
0 0 0 0 0 0 0 0 0 0 0 0 0 0 0 0 1 0 0 0 0 0 0 0 0 0 0 0 0 0 
0 0 0 0 0 0 0 0 0 0 0 0 0 0 0 0 0 1 0 0 0 0 0 0 0 0 0 0 0 0 
0 0 0 0 0 0 0 0 0 0 0 0 0 0 0 0 0 0 1 0 0 0 0 0 0 0 0 0 0 0 
0 0 0 0 0 0 0 0 0 0 0 0 0 0 0 0 0 0 0 1 0 0 0 0 0 0 0 0 0 0 
0 0 0 0 0 0 0 0 0 0 0 0 0 0 0 0 0 0 0 0 1 0 0 0 0 0 0 0 0 0 
0 0 0 0 0 0 0 0 0 0 0 0 0 0 0 0 0 0 0 0 0 1 0 0 0 0 0 0 0 0 
0 0 0 0 0 0 0 0 0 0 0 0 0 0 0 0 0 0 0 0 0 0 1 0 0 0 0 0 0 0 
0 0 0 0 0 0 0 0 0 0 0 0 0 0 0 0 0 0 0 0 0 0 0 1 0 0 0 0 0 0 
0 0 0 0 0 0 0 0 0 0 0 0 0 0 0 0 0 0 0 0 0 0 0 0 1 0 0 0 0 0 
0 0 0 0 0 0 0 0 0 0 0 0 0 0 0 0 0 0 0 0 0 0 0 0 0 1 0 0 0 0 
0 0 0 0 0 0 0 0 0 0 0 0 0 0 0 0 0 0 0 0 0 0 0 0 0 0 1 0 0 0 
0 0 0 0 0 0 0 0 0 0 0 0 0 0 0 0 0 0 0 0 0 0 0 0 0 0 0 1 0 0 
0 0 0 0 0 0 0 0 0 0 0 0 0 0 0 0 0 0 0 0 0 0 0 0 0 0 0 0 1 0 
0 0 0 0 0 0 0 0 0 0 0 0 0 0 0 0 0 0 0 0 0 0 0 0 0 0 0 0 0 1 

Free parameters:

initialization.B0
uniform: bounds from 5000 to 500000
current value: 448262
lower bound: 5000
upper bound: 500000


Q's:
qs are nuisance parameters

Penalties:
LL1_Penalty :
Catch limit penalty of 1000 x the sum of squares of (log(actual catch) - log(specified catch)) for fishery LL1 to disencourage breaking exploitation rate limits
LL2_Penalty :
Catch limit penalty of 1000 x the sum of squares of (log(actual catch) - log(specified catch)) for fishery LL2 to disencourage breaking exploitation rate limits
meanYCS_1 :
Vector average penalty of 100 x square of (mean(recruitment.YCS) - 1) 
Penalty_Tags2005_R1_LL1 :
'Fish-must-be-tagged' penalty of 1 x square of (actual number of tagged fish - nominal number of tagged fish) for tagging episode Tags2005_R1_LL1
Penalty_Tags2006_R1_LL1 :
'Fish-must-be-tagged' penalty of 1 x square of (actual number of tagged fish - nominal number of tagged fish) for tagging episode Tags2006_R1_LL1
Penalty_Tags2007_R1_LL1 :
'Fish-must-be-tagged' penalty of 1 x square of (actual number of tagged fish - nominal number of tagged fish) for tagging episode Tags2007_R1_LL1
Penalty_Tags2008_R1_LL1 :
'Fish-must-be-tagged' penalty of 1 x square of (actual number of tagged fish - nominal number of tagged fish) for tagging episode Tags2008_R1_LL1
Penalty_Tags2009_R1_LL1 :
'Fish-must-be-tagged' penalty of 1 x square of (actual number of tagged fish - nominal number of tagged fish) for tagging episode Tags2009_R1_LL1

Components of the objective function are:
  LL1_catchA
  Tags2005_R1_R1
  Tags2006_R1_R1
  Tags2007_R1_R1
  Tags2008_R1_R1
  Tags2009_R1_R1
  prior_on_initialization.B0
  LL1_Penalty
  LL2_Penalty
  meanYCS_1
  Penalty_Tags2005_R1_LL1
  Penalty_Tags2006_R1_LL1
  Penalty_Tags2007_R1_LL1
  Penalty_Tags2008_R1_LL1
  Penalty_Tags2009_R1_LL1

Random number seed : 20720


Minimiser achieved convergence after 8 quasi-Newton iterations using 10 objective function evaluations



Approximate Covariance matrix (Inverse Hessian of parameters at point estimate):
1.14416e+007 

Correlation matrix:
1 

List of parameter names, in the same order as the rows & cols of the covariance/correlation matrices:
initialization.B0 



Start extracting output from here

Point estimate:
initialization.B0
current value: 235597
lower bound: 5000
upper bound: 500000


In a format suitable for -i :

initialization.B0 
235597 

Objective function : 938.072

Components :
LL1_catchA                                         417.573
Tags2005_R1_R1                                     162.73
Tags2006_R1_R1                                     129.569
Tags2007_R1_R1                                     108.452
Tags2008_R1_R1                                     74.0285
Tags2009_R1_R1                                     45.7205
prior_on_initialization.B0                         0
LL1_Penalty                                        0
LL2_Penalty                                        0
meanYCS_1                                          0
Penalty_Tags2005_R1_LL1                            2.06795e-025
Penalty_Tags2006_R1_LL1                            8.27181e-025
Penalty_Tags2007_R1_LL1                            1.86116e-024
Penalty_Tags2008_R1_LL1                            8.27181e-025
Penalty_Tags2009_R1_LL1                            8.27181e-025

Fits : 

The observations are:
LL1_catchA
Tags2005_R1_R1
Tags2006_R1_R1
Tags2007_R1_R1
Tags2008_R1_R1
Tags2009_R1_R1
Fits follow:

LL1_catchA :
catch proportions-at-age for fishery LL1  with ageing error (constrained to sum to 1):
obs (last class is a plus group):
class 1       2       3       4       5       6       7       8       9       10      11      12      13      14      15      16      17      18      19      20      21      22      23      24      25      26      27      28      29      30      
2000 0       0       0       0       0.02    0       0.05    0.09    0.14    0.1     0.11    0.04    0.1     0.12    0.05    0.04    0.06    0.01    0       0       0.01    0.02    0.02    0.01    0       0       0       0       0       0.01    
2001 0       0       0.01    0       0       0.07    0.03    0.08    0.19    0.09    0.09    0.06    0.12    0.06    0.06    0.03    0.02    0.03    0.03    0       0.01    0       0.01    0       0.01    0       0       0       0       0       
2002 0       0       0       0       0.02    0.04    0.04    0.07    0.18    0.12    0.15    0.08    0.11    0.06    0.05    0.03    0.02    0       0       0       0.02    0       0       0.01    0       0       0       0       0       0       
2003 0       0       0       0       0       0.02    0.03    0.1     0.18    0.18    0.09    0.12    0.05    0.09    0.03    0.03    0.02    0       0.01    0.02    0.01    0.02    0       0       0       0       0       0       0       0       
2004 0       0       0       0       0.01    0.04    0.07    0.19    0.08    0.15    0.18    0.11    0.08    0.01    0.03    0.02    0.01    0.01    0       0       0       0.01    0       0       0       0       0       0       0       0       
2005 0       0       0       0       0       0.03    0.06    0.16    0.24    0.12    0.13    0.05    0.12    0       0       0.03    0.01    0.01    0.01    0.03    0       0       0       0       0       0       0       0       0       0       
2006 0       0       0       0       0.01    0.02    0.05    0.27    0.13    0.1     0.11    0.05    0.06    0.05    0.03    0.03    0.03    0.02    0       0       0.01    0.01    0.01    0       0       0       0.01    0       0       0       
2007 0       0       0       0       0       0.03    0.09    0.1     0.21    0.18    0.13    0.1     0.04    0.03    0.01    0       0.03    0.01    0.01    0.01    0       0.01    0.01    0       0       0       0       0       0       0       
2008 0       0       0       0       0.01    0       0.07    0.12    0.22    0.21    0.16    0.02    0.03    0.01    0.05    0.01    0.02    0.01    0.01    0.02    0.01    0.01    0       0       0       0       0.01    0       0       0       
2009 0       0       0       0       0       0.01    0.04    0.16    0.27    0.18    0.1     0.05    0.05    0.03    0.02    0.01    0.04    0.01    0       0       0       0       0.01    0       0.02    0       0       0       0       0       
2010 0       0       0       0       0       0.05    0.07    0.17    0.15    0.13    0.08    0.1     0.06    0.05    0.05    0.05    0.02    0.01    0       0       0       0       0       0       0       0       0       0.01    0       0       
fits (last class is a plus group):
class 1       2       3       4       5       6       7       8       9       10      11      12      13      14      15      16      17      18      19      20      21      22      23      24      25      26      27      28      29      30      
2000 5.35858e-007 8.79125e-006 0.000101948 0.000835592 0.00483962 0.0197904 0.0569481 0.114333 0.158154 0.149825 0.116903 0.0903017 0.0691523 0.0525688 0.0397314 0.0299445 0.0226459 0.0173326 0.0134609 0.010476 0.00807721 0.00616156 0.00464402 0.00345391 0.00253182 0.00182735 0.00129753 0.000905849 0.000621513 0.00312616 
2001 5.39545e-007 8.85428e-006 0.000102716 0.000842257 0.00488065 0.0199685 0.0574844 0.115413 0.159519 0.151052 0.117661 0.0906038 0.0691619 0.0524039 0.0394591 0.0295672 0.0221083 0.0165959 0.0126113 0.00972472 0.00751356 0.00574959 0.00435121 0.00325193 0.00239687 0.00174021 0.0012433 0.000873404 0.000602938 0.0031085 
2002 5.42716e-007 8.90836e-006 0.000103373 0.000847951 0.00491578 0.0201217 0.0579487 0.116353 0.160707 0.151918 0.118232 0.090891 0.0691687 0.0522464 0.0392164 0.0292801 0.0217706 0.0161609 0.0120469 0.00909125 0.00696094 0.00533869 0.00405358 0.0030423 0.00225359 0.00164537 0.00118263 0.000835988 0.000580752 0.0030782 
2003 5.45516e-007 8.95602e-006 0.00010395 0.000852927 0.00494639 0.0202553 0.0583547 0.117176 0.161745 0.152665 0.118562 0.0910669 0.0691902 0.0521072 0.038995 0.029027 0.0215085 0.0158793 0.0117076 0.00866847 0.00649666 0.00493858 0.00375878 0.00283074 0.002106 0.00154548 0.00111717 0.00079454 0.000555452 0.00303544 
2004 5.48063e-007 8.99924e-006 0.000104471 0.000857401 0.00497375 0.0203741 0.058715 0.117906 0.16266 0.153312 0.118835 0.0910852 0.0691485 0.0519956 0.0388  0.0287994 0.0212787 0.0156583 0.0114837 0.00841108 0.00618581 0.00460339 0.0034732 0.00262228 0.00195784 0.00144315 0.00104862 0.000750102 0.000527622 0.00298058 
2005 5.50448e-007 9.03959e-006 0.000104956 0.000861542 0.0049989 0.0204825 0.0590414 0.118562 0.163475 0.153875 0.119059 0.0910822 0.0690045 0.0518497 0.0386356 0.0285988 0.0210731 0.015465 0.0113066 0.00823891 0.00599486 0.00437845 0.00323445 0.00242109 0.0018124 0.00134081 0.000978682 0.000703762 0.000497916 0.00291411 
2006 5.52749e-007 9.07835e-006 0.00010542 0.000865486 0.00502271 0.0205843 0.0593446 0.119165 0.164211 0.154368 0.119238 0.091058 0.0688576 0.0516372 0.0384533 0.0284265 0.0208916 0.0152924 0.0111518 0.00810209 0.00586593 0.0042394 0.00307398 0.00225315 0.0016724 0.00124062 0.000908926 0.00065661 0.000467031 0.00283683 
2007 5.55018e-007 9.11638e-006 0.000105873 0.000869318 0.00504572 0.020682 0.0596331 0.119731 0.16489 0.154806 0.119379 0.0910127 0.0687048 0.0514304 0.0382274 0.0282452 0.020734 0.0151397 0.0110137 0.00798244 0.00576304 0.00414485 0.00297431 0.00214014 0.00155566 0.00114435 0.000840749 0.000609663 0.000435659 0.00274969 
2008 5.57299e-007 9.15439e-006 0.000106323 0.000873108 0.00506837 0.0207776 0.0599133 0.120275 0.165528 0.155201 0.119487 0.0909468 0.0685428 0.0512244 0.0380099 0.028035 0.020572 0.0150058 0.010891 0.00787556 0.00567295 0.00406911 0.00290616 0.00206969 0.00147703 0.00106413 0.000775319 0.000563832 0.000404458 0.00265393 
2009 5.59624e-007 9.19295e-006 0.000106778 0.000876912 0.00509097 0.0208725 0.0601898 0.120807 0.166143 0.155565 0.119569 0.0908613 0.0683696 0.0510152 0.0377958 0.0278331 0.0203905 0.0148699 0.0107827 0.00778033 0.00559237 0.00400273 0.00285143 0.00202134 0.00142789 0.00101006 0.000720824 0.000519881 0.000374021 0.00255095 
2010 5.6202e-007 9.23251e-006 0.000107241 0.000880773 0.0051138 0.0209678 0.0604659 0.121334 0.166744 0.155909 0.11963 0.0907578 0.0681841 0.0507996 0.0375808 0.027635 0.020216 0.0147207 0.0106736 0.00769574 0.00552033 0.00394324 0.00280338 0.00198242 0.00139407 0.000976221 0.000684082 0.000483286 0.000344846 0.00244234 
resids (last class is a plus group):
class 1       2       3       4       5       6       7       8       9       10      11      12      13      14      15      16      17      18      19      20      21      22      23      24      25      26      27      28      29      30      
2000 -5.35858e-007 -8.79125e-006 -0.000101948 -0.000835592 0.0151604 -0.0197904 -0.00694811 -0.024333 -0.0181539 -0.0498245 -0.00690262 -0.0503017 0.0308477 0.0674312 0.0102686 0.0100555 0.0373541 -0.00733261 -0.0134609 -0.010476 0.00192279 0.0138384 0.015356 0.00654609 -0.00253182 -0.00182735 -0.00129753 -0.000905849 -0.000621513 0.00687384 
2001 -5.39545e-007 -8.85428e-006 0.00989728 -0.000842257 -0.00488065 0.0500315 -0.0274844 -0.0354129 0.0304811 -0.061052 -0.0276606 -0.0306038 0.0508381 0.00759605 0.0205409 0.000432828 -0.00210832 0.0134041 0.0173887 -0.00972472 0.00248644 -0.00574959 0.00564879 -0.00325193 0.00760313 -0.00174021 -0.0012433 -0.000873404 -0.000602938 -0.0031085 
2002 -5.42716e-007 -8.90836e-006 -0.000103373 -0.000847951 0.0150842 0.0198783 -0.0179487 -0.0463525 0.0192933 -0.0319178 0.0317683 -0.010891 0.0408313 0.00775359 0.0107836 0.000719917 -0.00177062 -0.0161609 -0.0120469 -0.00909125 0.0130391 -0.00533869 -0.00405358 0.0069577 -0.00225359 -0.00164537 -0.00118263 -0.000835988 -0.000580752 -0.0030782 
2003 -5.45516e-007 -8.95602e-006 -0.00010395 -0.000852927 -0.00494639 -0.000255289 -0.0283547 -0.0171759 0.0182547 0.027335 -0.0285619 0.0289331 -0.0191902 0.0378928 -0.008995 0.00097297 -0.00150853 -0.0158793 -0.00170763 0.0113315 0.00350334 0.0150614 -0.00375878 -0.00283074 -0.002106 -0.00154548 -0.00111717 -0.00079454 -0.000555452 -0.00303544 
2004 -5.48063e-007 -8.99924e-006 -0.000104471 -0.000857401 0.00502625 0.0196259 0.011285 0.0720944 -0.08266 -0.00331208 0.061165 0.0189148 0.0108515 -0.0419956 -0.00879999 -0.00879936 -0.0112787 -0.00565834 -0.0114837 -0.00841108 -0.00618581 0.00539661 -0.0034732 -0.00262228 -0.00195784 -0.00144315 -0.00104862 -0.000750102 -0.000527622 -0.00298058 
2005 -5.50448e-007 -9.03959e-006 -0.000104956 -0.000861542 -0.0049989 0.00951751 0.000958638 0.0414379 0.0765254 -0.0338749 0.0109415 -0.0410822 0.0509955 -0.0518497 -0.0386356 0.0014012 -0.0110731 -0.00546501 -0.0013066 0.0217611 -0.00599486 -0.00437845 -0.00323445 -0.00242109 -0.0018124 -0.00134081 -0.000978682 -0.000703762 -0.000497916 -0.00291411 
2006 -5.52749e-007 -9.07835e-006 -0.00010542 -0.000865486 0.00497729 -0.000584254 -0.00934463 0.150835 -0.0342114 -0.0543681 -0.00923779 -0.041058 -0.00885765 -0.0016372 -0.00845327 0.00157355 0.00910836 0.00470755 -0.0111518 -0.00810209 0.00413407 0.0057606 0.00692602 -0.00225315 -0.0016724 -0.00124062 0.00909107 -0.00065661 -0.000467031 -0.00283683 
2007 -5.55018e-007 -9.11638e-006 -0.000105873 -0.000869318 -0.00504572 0.00931804 0.0303669 -0.0197314 0.0451101 0.0251942 0.0106211 0.00898733 -0.0287048 -0.0214304 -0.0282274 -0.0282452 0.00926605 -0.0051397 -0.0010137 0.00201756 -0.00576304 0.00585515 0.00702569 -0.00214014 -0.00155566 -0.00114435 -0.000840749 -0.000609663 -0.000435659 -0.00274969 
2008 -5.57299e-007 -9.15439e-006 -0.000106323 -0.000873108 0.00493163 -0.0207776 0.0100867 -0.000275121 0.0544716 0.0547993 0.0405125 -0.0709468 -0.0385428 -0.0412244 0.0119901 -0.018035 -0.000571964 -0.0050058 -0.000891028 0.0121244 0.00432705 0.00593089 -0.00290616 -0.00206969 -0.00147703 -0.00106413 0.00922468 -0.000563832 -0.000404458 -0.00265393 
2009 -5.59624e-007 -9.19295e-006 -0.000106778 -0.000876912 -0.00509097 -0.0108725 -0.0201898 0.0391931 0.103857 0.0244353 -0.019569 -0.0408613 -0.0183696 -0.0210152 -0.0177958 -0.0178331 0.0196095 -0.00486994 -0.0107827 -0.00778033 -0.00559237 -0.00400273 0.00714857 -0.00202134 0.0185721 -0.00101006 -0.000720824 -0.000519881 -0.000374021 -0.00255095 
2010 -5.6202e-007 -9.23251e-006 -0.000107241 -0.000880773 -0.0051138 0.0290322 0.00953405 0.0486657 -0.016744 -0.0259091 -0.0396296 0.00924219 -0.0081841 -0.000799587 0.0124192 0.022365 -0.000216042 -0.00472072 -0.0106736 -0.00769574 -0.00552033 -0.00394324 -0.00280338 -0.00198242 -0.00139407 -0.000976221 -0.000684082 0.00951671 -0.000344846 -0.00244234 
pearson_resids (last class is a plus group):
class 1       2       3       4       5       6       7       8       9       10      11      12      13      14      15      16      17      18      19      20      21      22      23      24      25      26      27      28      29      30      
2000 -0.00732023 -0.0296502 -0.100974 -0.289187 2.18453 -1.42091 -0.299819 -0.76467 -0.497523 -1.39604 -0.214831 -1.75503 1.21585 3.0215  0.525712 0.589994 2.51083 -0.561854 -1.1681 -1.02893 0.214814 1.76841 2.25861 1.11578 -0.50381 -0.427866 -0.360447 -0.30111 -0.249379 1.23133 
2001 -0.00734537 -0.0297563 9.76605 -0.290339 -0.700327 3.57644 -1.18078 -1.10832 0.832453 -1.70489 -0.858477 -1.06617 2.00363 0.340874 1.05509 0.0255522 -0.143388 1.04923 1.55827 -0.99097 0.287934 -0.76045 0.858217 -0.571186 1.55486 -0.417522 -0.352823 -0.295663 -0.245622 -0.558408 
2002 -0.00736693 -0.029847 -0.101678 -0.29132 2.15674 1.41567 -0.768199 -1.44559 0.52533 -0.889221 0.983898 -0.378876 1.60917 0.348439 0.555542 0.0427021 -0.12133 -1.28166 -1.10426 -0.957844 1.5683  -0.732621 -0.637971 1.26336 -0.475256 -0.405966 -0.344097 -0.289255 -0.241058 -0.555671 
2003 -0.00738591 -0.0299267 -0.101961 -0.292174 -0.705052 -0.018122 -1.2096 -0.534028 0.495759 0.760013 -0.883524 1.00566 -0.756183 1.70502 -0.464658 0.0579555 -0.103985 -1.27026 -0.158751 1.22238 0.436066 2.14852 -0.614245 -0.532802 -0.459396 -0.39343 -0.334427 -0.281988 -0.235746 -0.551787 
2004 -0.00740313 -0.0299989 -0.102217 -0.29294 0.714472 1.38918 0.480026 2.23551 -2.23977 -0.0919286 1.89017 0.657381 0.427719 -1.89154 -0.45568 -0.526145 -0.78155 -0.455767 -1.07782 -0.921001 -0.788943 0.79723 -0.590365 -0.512755 -0.442909 -0.380162 -0.323995 -0.273983 -0.229761 -0.546762 
2005 -0.00741922 -0.030066 -0.102454 -0.293647 -0.708803 0.671933 0.0406716 1.28183 2.06938 -0.938808 0.337848 -1.42782 2.01196 -2.33848 -2.0047 0.0840674 -0.770958 -0.442894 -0.123579 2.40737 -0.776596 -0.663152 -0.569644 -0.492642 -0.426109 -0.366417 -0.312992 -0.265379 -0.223196 -0.540614 
2006 -0.00743471 -0.0301304 -0.10268 -0.294319 0.704073 -0.0411482 -0.395509 4.65564 -0.923465 -1.50479 -0.285057 -1.42715 -0.349812 -0.0739834 -0.439615 0.094685 0.636852 0.383622 -1.06196 -0.903785 0.541361 0.886621 1.25113 -0.47521 -0.409292 -0.352443 3.01681 -0.256328 -0.21616 -0.533376 
2007 -0.00744996 -0.0301935 -0.1029 -0.29497 -0.712131 0.654737 1.28235 -0.607781 1.21564 0.696512 0.327576 0.312465 -1.13479 -0.970254 -1.47213 -1.70488 0.650284 -0.420913 -0.0971289 0.226725 -0.761344 0.911352 1.29016 -0.463112 -0.394726 -0.338476 -0.290079 -0.246989 -0.20877 -0.525098 
2008 -0.00746525 -0.0302564 -0.103119 -0.295613 0.694481 -1.45665 0.425014 -0.00845791 1.46564 1.51339 1.24899 -2.46743 -1.52539 -1.86997 0.627032 -1.09255 -0.0402944 -0.411744 -0.085849 1.37163 0.576133 0.931655 -0.539874 -0.45541 -0.384605 -0.326384 3.31421 -0.237518 -0.201152 -0.515848 
2009 -0.00748081 -0.03032 -0.103339 -0.296257 -0.715334 -0.760541 -0.848888 1.2026  2.7903  0.674184 -0.603132 -1.4217 -0.727859 -0.955112 -0.933172 -1.08412 1.38748 -0.402367 -1.04404 -0.885513 -0.749922 -0.633941 1.34063 -0.450049 4.9184  -0.317976 -0.268578 -0.228068 -0.193432 -0.505715 
2010 -0.0074968 -0.0303852 -0.103563 -0.296909 -0.716944 2.0263  0.400005 1.49046 -0.449206 -0.714202 -1.22115 0.321731 -0.324686 -0.036413 0.653021 1.36434 -0.0153506 -0.39198 -1.03869 -0.880649 -0.745048 -0.629194 -0.530213 -0.445685 -0.373633 -0.312598 -0.261639 4.33002 -0.185732 -0.494805 
objective function: multinomial likelihood, with delta = 1e-011, N =
100 100 100 100 100 100 100 100 100 100 100 100 100 100 100 100 100 100 100 100 100 100 100 100 100 100 100 100 100 100 
100 100 100 100 100 100 100 100 100 100 100 100 100 100 100 100 100 100 100 100 100 100 100 100 100 100 100 100 100 100 
100 100 100 100 100 100 100 100 100 100 100 100 100 100 100 100 100 100 100 100 100 100 100 100 100 100 100 100 100 100 
100 100 100 100 100 100 100 100 100 100 100 100 100 100 100 100 100 100 100 100 100 100 100 100 100 100 100 100 100 100 
100 100 100 100 100 100 100 100 100 100 100 100 100 100 100 100 100 100 100 100 100 100 100 100 100 100 100 100 100 100 
100 100 100 100 100 100 100 100 100 100 100 100 100 100 100 100 100 100 100 100 100 100 100 100 100 100 100 100 100 100 
100 100 100 100 100 100 100 100 100 100 100 100 100 100 100 100 100 100 100 100 100 100 100 100 100 100 100 100 100 100 
100 100 100 100 100 100 100 100 100 100 100 100 100 100 100 100 100 100 100 100 100 100 100 100 100 100 100 100 100 100 
100 100 100 100 100 100 100 100 100 100 100 100 100 100 100 100 100 100 100 100 100 100 100 100 100 100 100 100 100 100 
100 100 100 100 100 100 100 100 100 100 100 100 100 100 100 100 100 100 100 100 100 100 100 100 100 100 100 100 100 100 
100 100 100 100 100 100 100 100 100 100 100 100 100 100 100 100 100 100 100 100 100 100 100 100 100 100 100 100 100 100 

Tags2005_R1_R1 :
tag-recapture data for tag Tags2005_R1 in years 2006 2007 2008 2009 2010 , step 1, after proportion 0.5 of mortality, with sampling method size, detection probability 1.
Year 2006
class scanned recaptured expected_prop neg_log_likelihood
100 0 0 0 0
150 0 0 1.1901e-012 0
200 0 0 7.07537e-012 0
250 2 0 5.01271e-011 1.00254e-010
300 28 0 6.73092e-010 1.88466e-008
350 320 0 8.39691e-009 2.68701e-006
400 2302 0 7.83068e-008 0.000180262
450 11502 0 5.27709e-007 0.00606972
500 39770 0 2.51415e-006 0.099988
550 96806 1 8.6037e-006 1.01574
600 173902 2 2.19524e-005 1.83149
650 243624 7 4.35942e-005 2.6062
700 277690 19 7.01434e-005 2.40143
750 266092 31 9.49536e-005 3.24489
800 224820 20 0.00011256 3.02073
850 178122 18 0.000121696 2.69985
900 136978 15 0.00012405 2.4001
950 101584 14 0.000121592 2.34974
1000 71958 6 0.000115519 2.1852
1050 49292 9 0.000106506 3.12789
1100 33518 3 9.50645e-005 1.50144
1150 23134 4 8.17629e-005 2.52008
1200 16316 0 6.75241e-005 1.10176
1250 11662 0 5.37714e-005 0.627099
1300 8346 1 4.18879e-005 1.40054
1350 5944 0 3.25872e-005 0.193701
1400 4222 0 2.59502e-005 0.109563
1450 2988 0 2.1463e-005 0.064132
1500 2086 0 1.84824e-005 0.0385547
1550 1406 0 1.6516e-005 0.0232216
1600 896 0 1.51705e-005 0.0135929
1650 530 0 1.42632e-005 0.00755957
1700 286 0 1.36676e-005 0.00390897
1750 140 0 1.32851e-005 0.00185993
1800 62 0 1.30431e-005 0.000808676
1850 24 0 1.28909e-005 0.000309385
1900 8 0 1.2793e-005 0.000102345
1950 2 0 1.27197e-005 2.54396e-005
2000 0 0 1.26394e-005 0

total neg_log_likelihood: 34.5978


Year 2007
class scanned recaptured expected_prop neg_log_likelihood
100 0 0 0 0
150 0 0 3.98378e-015 0
200 0 0 4.03275e-013 0
250 2 0 6.02136e-012 1.20428e-011
300 28 0 1.22721e-010 3.43617e-009
350 344 0 1.68361e-009 5.79162e-007
400 2442 0 1.61915e-008 3.95397e-005
450 11568 0 1.24393e-007 0.00143898
500 39724 0 7.18666e-007 0.0285483
550 99366 1 3.03109e-006 1.50121
600 181960 1 9.51274e-006 1.18227
650 252416 4 2.29883e-005 1.94743
700 280488 18 4.42853e-005 3.46725
750 265182 24 7.01228e-005 3.23023
800 224010 29 9.41537e-005 3.93143
850 176300 12 0.000111195 3.88242
900 134278 20 0.000119952 2.85754
950 100438 8 0.000121881 2.8075
1000 72920 10 0.000118855 2.17614
1050 50898 4 0.000112039 1.91695
1100 34514 3 0.000102064 1.53673
1150 23278 4 8.94713e-005 2.32607
1200 15942 0 7.51785e-005 1.19854
1250 11162 1 6.07172e-005 1.0667
1300 7944 2 4.77437e-005 3.01144
1350 5686 0 3.72834e-005 0.211997
1400 4062 0 2.96535e-005 0.120454
1450 2880 0 2.44115e-005 0.0703061
1500 2006 1 2.08818e-005 3.2146
1550 1350 0 1.85259e-005 0.0250102
1600 862 0 1.68898e-005 0.0145591
1650 512 0 1.57686e-005 0.00807359
1700 278 0 1.5021e-005 0.00417587
1750 138 0 1.45343e-005 0.00200575
1800 62 0 1.42231e-005 0.000881839
1850 24 0 1.40262e-005 0.000336631
1900 8 0 1.38999e-005 0.0001112
1950 2 0 1.38091e-005 2.76183e-005
2000 0 0 1.37164e-005 0

total neg_log_likelihood: 41.7424


Year 2008
class scanned recaptured expected_prop neg_log_likelihood
100 0 0 0 0
150 0 0 0 0
200 0 0 1.16068e-014 0
250 2 0 5.49213e-013 1.09845e-012
300 28 0 2.06632e-011 5.78571e-010
350 344 0 3.78775e-010 1.30299e-007
400 2602 0 3.71506e-009 9.66659e-006
450 12332 0 2.86686e-008 0.000353541
500 40170 0 1.88096e-007 0.00755582
550 97884 0 9.46469e-007 0.0926442
600 182308 0 3.60142e-006 0.656569
650 260086 0 1.0541e-005 2.74159
700 291620 6 2.43598e-005 1.91927
750 271378 13 4.55853e-005 2.22353
800 224512 16 7.07761e-005 2.31078
850 174626 10 9.38533e-005 3.52749
900 131756 12 0.00011007 2.39783
950 97934 17 0.000118188 3.4499
1000 71728 5 0.000119487 2.61646
1050 51120 7 0.000115658 1.99814
1100 35200 4 0.000107762 1.63836
1150 23658 1 9.64295e-005 1.45658
1200 15864 1 8.25669e-005 1.03991
1250 10828 0 6.77748e-005 0.73389
1300 7580 0 5.39504e-005 0.408955
1350 5410 0 4.24412e-005 0.229612
1400 3886 0 3.38452e-005 0.131525
1450 2772 0 2.78387e-005 0.07717
1500 1934 0 2.37404e-005 0.0459145
1550 1300 0 2.09784e-005 0.0272722
1600 826 0 1.90399e-005 0.0157271
1650 490 0 1.76976e-005 0.0086719
1700 266 0 1.67939e-005 0.00446723
1750 132 0 1.62009e-005 0.00213853
1800 58 0 1.58193e-005 0.000917525
1850 24 0 1.55769e-005 0.00037385
1900 8 0 1.54216e-005 0.000123374
1950 2 0 1.53115e-005 3.06233e-005
2000 0 0 1.52052e-005 0

total neg_log_likelihood: 29.7637


Year 2009
class scanned recaptured expected_prop neg_log_likelihood
100 0 0 0 0
150 0 0 0 0
200 0 0 3.93154e-017 0
250 2 0 3.35265e-014 6.70575e-014
300 28 0 2.74572e-012 7.68794e-011
350 338 0 8.26894e-011 2.7949e-008
400 2596 0 1.01069e-009 2.62376e-006
450 13080 0 7.0344e-009 9.201e-005
500 43468 0 4.79823e-008 0.00208569
550 101422 0 2.73239e-007 0.0277125
600 180382 0 1.22704e-006 0.221335
650 255904 0 4.29487e-006 1.09908
700 293398 1 1.18459e-005 2.22981
750 278302 6 2.62131e-005 1.95114
800 229716 9 4.74657e-005 2.20358
850 175798 11 7.1936e-005 2.23756
900 130724 12 9.39103e-005 2.17142
950 96182 11 0.000109077 2.13755
1000 70174 10 0.000116313 2.27144
1050 50456 8 0.000116697 2.30921
1100 35360 1 0.000111685 2.57578
1150 24054 6 0.000102247 3.63921
1200 16060 2 8.93734e-005 1.40563
1250 10754 1 7.47128e-005 1.02224
1300 7362 0 6.03633e-005 0.444408
1350 5182 0 4.79878e-005 0.248679
1400 3714 1 3.85005e-005 2.08793
1450 2662 0 3.17457e-005 0.0845084
1500 1866 0 2.70707e-005 0.0505147
1550 1256 0 2.38884e-005 0.0300041
1600 798 0 2.16343e-005 0.0172644
1650 470 0 2.00613e-005 0.00942891
1700 254 0 1.89956e-005 0.00482493
1750 126 0 1.82926e-005 0.00230489
1800 56 0 1.78386e-005 0.000998973
1850 22 0 1.75499e-005 0.000386101
1900 8 0 1.7365e-005 0.000138922
1950 2 0 1.72349e-005 3.44701e-005
2000 0 0 1.71114e-005 0

total neg_log_likelihood: 30.4863


Year 2010
class scanned recaptured expected_prop neg_log_likelihood
100 0 0 0 0
150 0 0 0 0
200 0 0 0 0
250 2 0 9.99019e-016 1.9984e-015
300 30 0 2.61548e-013 7.84706e-012
350 342 0 1.50723e-011 5.15472e-009
400 2546 0 3.08515e-010 7.8548e-007
450 12914 0 1.96822e-009 2.54176e-005
500 45438 0 1.28167e-008 0.000582364
550 110634 0 7.68851e-008 0.0085061
600 193100 0 3.90277e-007 0.0753625
650 259840 1 1.5961e-006 1.29485
700 288924 1 5.19297e-006 1.09466
750 275666 4 1.35138e-005 1.64276
800 231594 10 2.85315e-005 2.82975
850 178066 6 4.97867e-005 2.3517
900 131090 6 7.34616e-005 2.62001
950 95240 11 9.41917e-005 2.33935
1000 68874 11 0.0001081 2.86422
1050 49434 7 0.00011415 2.05523
1100 34952 2 0.000113195 1.89889
1150 24134 2 0.00010647 1.3752
1200 16262 0 9.52369e-005 1.54882
1250 10830 1 8.12534e-005 1.00779
1300 7284 0 6.67916e-005 0.486526
1350 5028 0 5.38122e-005 0.270575
1400 3564 0 4.35662e-005 0.155273
1450 2550 0 3.61153e-005 0.0920957
1500 1794 0 3.08752e-005 0.0553911
1550 1212 0 2.7267e-005 0.0330481
1600 770 0 2.46865e-005 0.0190088
1650 454 0 2.28722e-005 0.0103841
1700 246 0 2.16365e-005 0.00532263
1750 120 0 2.08183e-005 0.00249822
1800 54 0 2.02886e-005 0.0010956
1850 22 0 1.99515e-005 0.000438937
1900 8 0 1.97362e-005 0.000157891
1950 2 0 1.95857e-005 3.91717e-005
2000 0 0 1.94435e-005 0

total neg_log_likelihood: 26.1395


Tags2006_R1_R1 :
tag-recapture data for tag Tags2006_R1 in years 2007 2008 2009 2010 , step 1, after proportion 0.5 of mortality, with sampling method size, detection probability 1.
Year 2007
class scanned recaptured expected_prop neg_log_likelihood
100 0 0 0 0
150 0 0 2.31497e-012 0
200 0 0 1.05675e-011 0
250 2 0 6.18353e-011 1.23671e-010
300 28 0 8.01681e-010 2.24471e-008
350 344 0 9.94112e-009 3.41974e-006
400 2442 0 8.91367e-008 0.000217672
450 11568 0 5.74494e-007 0.00664575
500 39724 0 2.65058e-006 0.105292
550 99366 0 8.90025e-006 0.884386
600 181960 3 2.24979e-005 1.65711
650 252416 9 4.4548e-005 2.26743
700 280488 18 7.17633e-005 2.48549
750 265182 29 9.74546e-005 2.79082
800 224010 23 0.000115853 2.66494
850 176300 19 0.000125266 2.6217
900 134278 18 0.00012709 2.39383
950 100438 8 0.00012327 2.85636
1000 72920 8 0.000115238 1.97885
1050 50898 4 0.000104083 1.80662
1100 34514 2 9.07919e-005 1.54237
1150 23278 1 7.63378e-005 1.20206
1200 15942 1 6.18091e-005 1.00008
1250 11162 1 4.85011e-005 1.15499
1300 7944 0 3.74799e-005 0.297746
1350 5686 0 2.91467e-005 0.165731
1400 4062 0 2.33678e-005 0.0949213
1450 2880 0 1.95513e-005 0.0563082
1500 2006 0 1.70635e-005 0.0342296
1550 1350 0 1.54452e-005 0.0208512
1600 862 0 1.43479e-005 0.012368
1650 512 0 1.36112e-005 0.00696897
1700 278 0 1.31281e-005 0.00364964
1750 138 0 1.28177e-005 0.00176885
1800 62 0 1.2621e-005 0.000782505
1850 24 0 1.2497e-005 0.000299929
1900 8 0 1.2417e-005 9.93365e-005
1950 2 0 1.23582e-005 2.47165e-005
2000 0 0 1.22961e-005 0

total neg_log_likelihood: 30.1149


Year 2008
class scanned recaptured expected_prop neg_log_likelihood
100 0 0 0 0
150 0 0 8.0067e-015 0
200 0 0 6.98585e-013 0
250 2 0 7.77022e-012 1.55405e-011
300 28 0 1.41487e-010 3.96164e-009
350 344 0 1.93236e-009 6.64733e-007
400 2602 0 1.85211e-008 4.8192e-005
450 12332 0 1.38051e-007 0.00170244
500 40170 0 7.71056e-007 0.0309733
550 97884 0 3.17256e-006 0.310543
600 182308 2 9.80999e-006 1.31889
650 260086 2 2.35368e-005 3.19112
700 291620 15 4.52571e-005 2.39629
750 271378 17 7.17684e-005 2.50499
800 224512 21 9.66441e-005 2.45646
850 174626 25 0.000114384 3.11673
900 131756 15 0.000123291 2.32739
950 97934 15 0.000124567 2.57784
1000 71728 8 0.000120103 1.99149
1050 51120 1 0.000111341 3.95295
1100 35200 4 9.93532e-005 1.66735
1150 23658 0 8.5163e-005 2.01487
1200 15864 3 7.00242e-005 2.58723
1250 10828 0 5.55206e-005 0.601194
1300 7580 0 4.3088e-005 0.326614
1350 5410 0 3.34381e-005 0.180903
1400 3886 0 2.66199e-005 0.103446
1450 2772 0 2.20593e-005 0.061149
1500 1934 0 1.90566e-005 0.0368557
1550 1300 0 1.70886e-005 0.0222154
1600 826 0 1.57411e-005 0.0130022
1650 490 0 1.4826e-005 0.00726482
1700 266 0 1.42191e-005 0.00378232
1750 132 0 1.3825e-005 0.00182492
1800 58 0 1.35731e-005 0.000787246
1850 24 0 1.34134e-005 0.000321924
1900 8 0 1.33104e-005 0.000106484
1950 2 0 1.32361e-005 2.64724e-005
2000 0 0 1.31628e-005 0

total neg_log_likelihood: 33.8064


Year 2009
class scanned recaptured expected_prop neg_log_likelihood
100 0 0 0 0
150 0 0 0 0
200 0 0 2.25705e-014 0
250 2 0 8.01322e-013 1.60272e-012
300 28 0 2.42399e-011 6.78718e-010
350 338 0 4.21814e-010 1.42573e-007
400 2596 0 4.16699e-009 1.08175e-005
450 13080 0 3.20255e-008 0.000418894
500 43468 0 2.0481e-007 0.00890269
550 101422 0 1.0037e-006 0.101797
600 180382 0 3.74628e-006 0.675763
650 255904 1 1.08407e-005 1.75383
700 293398 3 2.49222e-005 3.1353
750 278302 16 4.65953e-005 2.64019
800 229716 12 7.24676e-005 2.88747
850 175798 11 9.63405e-005 3.31468
900 130724 10 0.000113144 2.95517
950 96182 13 0.000121268 2.28154
1000 70174 8 0.000121784 1.98685
1050 50456 4 0.000116452 1.97045
1100 35360 6 0.000106656 2.38598
1150 24054 2 9.34986e-005 1.32114
1200 16060 3 7.83333e-005 2.36115
1250 10754 0 6.29908e-005 0.677424
1300 7362 1 4.92954e-005 1.37647
1350 5182 0 3.83372e-005 0.198667
1400 3714 0 3.04244e-005 0.112998
1450 2662 0 2.50538e-005 0.066694
1500 1866 0 2.14808e-005 0.0400836
1550 1256 0 1.91233e-005 0.0240191
1600 798 0 1.74986e-005 0.013964
1650 470 0 1.63888e-005 0.00770278
1700 254 0 1.56485e-005 0.00397476
1750 126 0 1.51655e-005 0.00191087
1800 56 0 1.48555e-005 0.000831915
1850 22 0 1.46585e-005 0.00032249
1900 8 0 1.45315e-005 0.000116253
1950 2 0 1.44402e-005 2.88807e-005
2000 0 0 1.43521e-005 0

total neg_log_likelihood: 32.3058


Year 2010
class scanned recaptured expected_prop neg_log_likelihood
100 0 0 0 0
150 0 0 0 0
200 0 0 7.90211e-017 0
250 2 0 5.77766e-014 1.15463e-013
300 30 0 3.46208e-012 1.03864e-010
350 342 0 9.18699e-011 3.14195e-008
400 2546 0 1.10008e-009 2.80081e-006
450 12914 0 7.77943e-009 0.000100464
500 45438 0 5.25552e-008 0.002388
550 110634 0 2.92923e-007 0.0324072
600 193100 0 1.28841e-006 0.248792
650 259840 1 4.44402e-006 1.01086
700 288924 8 1.21556e-005 4.06708
750 275666 5 2.68059e-005 2.17668
800 231594 10 4.85334e-005 2.14961
850 178066 13 7.36843e-005 2.20834
900 131090 19 9.63897e-005 3.78166
950 95240 19 0.000112014 5.03026
1000 68874 8 0.0001191 1.97154
1050 49434 4 0.000118572 1.96593
1100 34952 7 0.000112017 2.88632
1150 24134 0 0.000100777 2.43228
1200 16262 2 8.63192e-005 1.41856
1250 10830 1 7.06591e-005 1.03276
1300 7284 0 5.59886e-005 0.407832
1350 5028 0 4.38216e-005 0.22034
1400 3564 0 3.4805e-005 0.124047
1450 2550 0 2.85752e-005 0.0728678
1500 1794 0 2.43783e-005 0.0437353
1550 1212 0 2.15866e-005 0.0261632
1600 770 0 1.96507e-005 0.0151312
1650 454 0 1.83223e-005 0.00831838
1700 246 0 1.74333e-005 0.00428864
1750 120 0 1.68519e-005 0.00202224
1800 54 0 1.64781e-005 0.000889826
1850 22 0 1.62404e-005 0.000357293
1900 8 0 1.60872e-005 0.000128699
1950 2 0 1.59775e-005 3.19552e-005
2000 0 0 1.58716e-005 0

total neg_log_likelihood: 33.3417


Tags2007_R1_R1 :
tag-recapture data for tag Tags2007_R1 in years 2008 2009 2010 , step 1, after proportion 0.5 of mortality, with sampling method size, detection probability 1.
Year 2008
class scanned recaptured expected_prop neg_log_likelihood
100 0 0 0 0
150 0 0 1.28711e-012 0
200 0 0 8.52345e-012 0
250 2 0 5.6168e-011 1.12336e-010
300 28 0 7.3955e-010 2.07074e-008
350 344 0 9.27287e-009 3.18987e-006
400 2602 0 8.56288e-008 0.000222806
450 12332 0 5.65776e-007 0.00697715
500 40170 0 2.64789e-006 0.106366
550 97884 0 8.95098e-006 0.876162
600 182308 3 2.26727e-005 1.66786
650 260086 8 4.4858e-005 2.61748
700 291620 17 7.20783e-005 2.75191
750 271378 18 9.75611e-005 3.89923
800 224512 34 0.000115682 3.81426
850 174626 33 0.000125111 5.12729
900 131756 18 0.000127603 2.40968
950 97934 11 0.000125217 2.1928
1000 71728 12 0.000119164 2.7871
1050 51120 5 0.000110068 1.77653
1100 35200 0 9.83919e-005 3.46356
1150 23658 3 8.46891e-005 1.71049
1200 15864 2 6.98913e-005 1.59539
1250 10828 0 5.54802e-005 0.600756
1300 7580 0 4.29662e-005 0.325691
1350 5410 0 3.3194e-005 0.179583
1400 3886 0 2.62944e-005 0.102182
1450 2772 0 2.17092e-005 0.0601786
1500 1934 0 1.87259e-005 0.0362161
1550 1300 0 1.67987e-005 0.0218385
1600 826 0 1.55053e-005 0.0128075
1650 490 0 1.46461e-005 0.00717666
1700 266 0 1.40879e-005 0.0037474
1750 132 0 1.37316e-005 0.00181258
1800 58 0 1.35068e-005 0.000783398
1850 24 0 1.33651e-005 0.000320765
1900 8 0 1.3273e-005 0.000106184
1950 2 0 1.32038e-005 2.64078e-005
2000 0 0 1.31313e-005 0

total neg_log_likelihood: 38.1565


Year 2009
class scanned recaptured expected_prop neg_log_likelihood
100 0 0 0 0
150 0 0 4.06665e-015 0
200 0 0 4.84372e-013 0
250 2 0 6.95783e-012 1.39158e-011
300 28 0 1.33889e-010 3.7489e-009
350 338 0 1.82784e-009 6.17809e-007
400 2596 0 1.76458e-008 4.58084e-005
450 13080 0 1.34264e-007 0.00175618
500 43468 0 7.6311e-007 0.0331709
550 101422 0 3.17254e-006 0.321766
600 180382 0 9.8585e-006 1.77831
650 255904 5 2.36874e-005 1.83923
700 293398 15 4.55105e-005 2.37617
750 278302 16 7.2011e-005 2.74834
800 229716 20 9.6711e-005 2.53533
850 175798 21 0.000114269 2.4655
900 130724 22 0.000123329 3.42915
950 96182 10 0.000125405 2.26574
1000 70174 10 0.000122448 2.18793
1050 50456 6 0.000115634 1.83096
1100 35360 2 0.000105552 1.79143
1150 24054 5 9.26937e-005 3.00797
1200 16060 1 7.79451e-005 1.02719
1250 10754 0 6.28645e-005 0.676066
1300 7362 1 4.92204e-005 1.37744
1350 5182 1 3.81871e-005 1.81792
1400 3714 0 3.01748e-005 0.112071
1450 2662 0 2.47318e-005 0.0658368
1500 1866 0 2.11249e-005 0.0394195
1550 1256 0 1.87612e-005 0.0235643
1600 798 0 1.71512e-005 0.0136868
1650 470 0 1.60664e-005 0.00755125
1700 254 0 1.53524e-005 0.00389953
1750 126 0 1.48918e-005 0.00187638
1800 56 0 1.45987e-005 0.000817535
1850 22 0 1.44133e-005 0.000317096
1900 8 0 1.42931e-005 0.000114346
1950 2 0 1.42044e-005 2.8409e-005
2000 0 0 1.41148e-005 0

total neg_log_likelihood: 33.7806


Year 2010
class scanned recaptured expected_prop neg_log_likelihood
100 0 0 0 0
150 0 0 0 0
200 0 0 1.2563e-014 0
250 2 0 6.63846e-013 1.3276e-012
300 30 0 2.28741e-011 6.86221e-010
350 342 0 4.06196e-010 1.38919e-007
400 2546 0 3.99288e-009 1.01659e-005
450 12914 0 3.08959e-008 0.000398989
500 45438 0 2.00685e-007 0.00911875
550 110634 0 9.96113e-007 0.110204
600 193100 1 3.74698e-006 1.04714
650 259840 4 1.0884e-005 1.84773
700 288924 3 2.50497e-005 3.09143
750 275666 6 4.68008e-005 4.1367
800 231594 13 7.26524e-005 2.68011
850 178066 11 9.63877e-005 3.3952
900 131090 20 0.000113112 3.23336
950 95240 12 0.000121533 2.17599
1000 68874 9 0.000122983 2.04297
1050 49434 10 0.000119218 3.25954
1100 34952 4 0.000111309 1.63435
1150 24134 0 9.98412e-005 2.40969
1200 16262 0 8.56578e-005 1.39303
1250 10830 1 7.03379e-005 1.03384
1300 7284 0 5.58557e-005 0.406864
1350 5028 0 4.37087e-005 0.219772
1400 3564 1 3.46235e-005 2.2157
1450 2550 0 2.83079e-005 0.0721862
1500 1794 0 2.40438e-005 0.0431351
1550 1212 0 2.12091e-005 0.0257057
1600 770 0 1.92527e-005 0.0148247
1650 454 0 1.79199e-005 0.00813569
1700 246 0 1.7035e-005 0.00419063
1750 120 0 1.64602e-005 0.00197524
1800 54 0 1.60929e-005 0.000869026
1850 22 0 1.58602e-005 0.000348927
1900 8 0 1.57098e-005 0.000125679
1950 2 0 1.56001e-005 3.12004e-005
2000 0 0 1.54905e-005 0

total neg_log_likelihood: 36.5147


Tags2008_R1_R1 :
tag-recapture data for tag Tags2008_R1 in years 2009 2010 , step 1, after proportion 0.5 of mortality, with sampling method size, detection probability 1.
Year 2009
class scanned recaptured expected_prop neg_log_likelihood
100 0 0 0 0
150 0 0 1.32407e-012 0
200 0 0 9.25345e-012 0
250 2 0 6.0243e-011 1.20486e-010
300 28 0 7.90923e-010 2.21459e-008
350 338 0 9.94052e-009 3.35989e-006
400 2596 0 9.16623e-008 0.000237955
450 13080 0 6.03178e-007 0.00788957
500 43468 0 2.81275e-006 0.122265
550 101422 2 9.4918e-006 1.73189
600 180382 8 2.40219e-005 3.20743
650 255904 9 4.74488e-005 2.47388
700 293398 29 7.59203e-005 3.53162
750 278302 20 0.000101895 3.79536
800 229716 29 0.000119152 2.65294
850 175798 26 0.000126406 2.85554
900 130724 17 0.000126004 2.34876
950 96182 14 0.000120745 2.47432
1000 70174 6 0.000112412 2.07528
1050 50456 3 0.000101945 2.02218
1100 35360 5 8.9896e-005 2.18379
1150 24054 2 7.67252e-005 1.3131
1200 16060 1 6.3096e-005 1.00006
1250 10754 0 5.01034e-005 0.538826
1300 7362 1 3.89039e-005 1.53671
1350 5182 0 3.01579e-005 0.156281
1400 3714 1 2.397e-005 2.50785
1450 2662 0 1.98502e-005 0.0528417
1500 1866 0 1.71679e-005 0.0320357
1550 1256 0 1.54365e-005 0.0193884
1600 798 0 1.42763e-005 0.0113925
1650 470 0 1.35071e-005 0.00634839
1700 254 0 1.30084e-005 0.00330414
1750 126 0 1.26906e-005 0.00159902
1800 56 0 1.24903e-005 0.000699461
1850 22 0 1.23642e-005 0.000272014
1900 8 0 1.22821e-005 9.82571e-005
1950 2 0 1.222e-005 2.44402e-005
2000 0 0 1.21547e-005 0

total neg_log_likelihood: 38.6642


Year 2010
class scanned recaptured expected_prop neg_log_likelihood
100 0 0 0 0
150 0 0 4.10516e-015 0
200 0 0 5.17574e-013 0
250 2 0 7.53506e-012 1.50702e-011
300 30 0 1.42844e-010 4.28532e-009
350 342 0 1.95281e-009 6.6786e-007
400 2546 0 1.88598e-008 4.80171e-005
450 12914 0 1.43274e-007 0.00185024
500 45438 0 8.11488e-007 0.0368724
550 110634 0 3.36445e-006 0.372223
600 193100 2 1.04401e-005 1.30691
650 259840 5 2.50588e-005 1.93109
700 288924 13 4.80449e-005 2.23639
750 275666 21 7.56596e-005 2.44562
800 231594 19 0.000100698 2.82317
850 178066 20 0.000117292 2.43997
900 131090 16 0.000124166 2.31275
950 95240 14 0.000123423 2.44631
1000 68874 6 0.000117738 2.13041
1050 49434 2 0.000108844 2.70825
1100 34952 0 9.76362e-005 3.41275
1150 24134 0 8.46764e-005 2.04367
1200 16262 1 7.06848e-005 1.01014
1250 10830 1 5.68547e-005 1.10063
1300 7284 0 4.45405e-005 0.32444
1350 5028 0 3.46371e-005 0.174159
1400 3564 0 2.74501e-005 0.0978336
1450 2550 0 2.25634e-005 0.0575373
1500 1794 0 1.93223e-005 0.0346646
1550 1212 1 1.71977e-005 3.89154
1600 770 0 1.5751e-005 0.0121283
1650 454 0 1.47772e-005 0.00670888
1700 246 0 1.41371e-005 0.00347776
1750 120 0 1.37248e-005 0.00164699
1800 54 0 1.34628e-005 0.000726994
1850 22 0 1.32972e-005 0.00029254
1900 8 0 1.31898e-005 0.000105519
1950 2 0 1.31104e-005 2.62209e-005
2000 0 0 1.30292e-005 0

total neg_log_likelihood: 35.3643


Tags2009_R1_R1 :
tag-recapture data for tag Tags2009_R1 in years 2010 , step 1, after proportion 0.5 of mortality, with sampling method size, detection probability 1.
Year 2010
class scanned recaptured expected_prop neg_log_likelihood
100 0 0 0 0
150 0 0 1.33508e-012 0
200 0 0 9.42283e-012 0
250 2 0 6.15406e-011 1.23081e-010
300 30 0 7.99028e-010 2.39708e-008
350 342 0 1.00537e-008 3.43837e-006
400 2546 0 9.28164e-008 0.000236311
450 12914 0 6.08585e-007 0.00785927
500 45438 0 2.81826e-006 0.128056
550 110634 2 9.43947e-006 1.65073
600 193100 6 2.37564e-005 2.02678
650 259840 12 4.68129e-005 2.16942
700 288924 18 7.50147e-005 2.69932
750 275666 22 0.000101259 3.14431
800 231594 42 0.000119613 5.97121
850 178066 32 0.000128694 4.25534
900 131090 29 0.000130463 6.0225
950 95240 11 0.000127259 2.17884
1000 68874 9 0.000120483 2.05562
1050 49434 5 0.000110827 1.7618
1100 34952 1 9.87225e-005 2.21209
1150 24134 1 8.46366e-005 1.32839
1200 16262 1 6.93878e-005 1.00757
1250 10830 3 5.4391e-005 3.96866
1300 7284 0 4.12032e-005 0.30013
1350 5028 0 3.08004e-005 0.154867
1400 3564 1 2.34272e-005 2.56645
1450 2550 0 1.85458e-005 0.0472922
1500 1794 0 1.54038e-005 0.0276347
1550 1212 0 1.34059e-005 0.0162481
1600 770 0 1.20931e-005 0.00931172
1650 454 0 1.124e-005 0.00510301
1700 246 0 1.06967e-005 0.00263141
1750 120 0 1.03555e-005 0.00124267
1800 54 0 1.01426e-005 0.000547701
1850 22 0 1.00088e-005 0.000220195
1900 8 0 9.92055e-006 7.93648e-005
1950 2 0 9.85133e-006 1.97028e-005
2000 0 0 9.77592e-006 0

total neg_log_likelihood: 45.7205


Output quantities start here

* Scalar parameter values
initialization.B0 235597

* Nuisance q's

* B0
235597

* R0
1.70941e+007

* SSBs
SSB 235597 232792 226028 218597 210596 202177 193531 184851 176310 168052 160177 152734 145736 139175 133036 127299 121943 116945 112283 107933 103875 
year 1990 1991 1992 1993 1994 1995 1996 1997 1998 1999 2000 2001 2002 2003 2004 2005 2006 2007 2008 2009 2010 

* recruitments
recruitment 1.70941e+007 1.70941e+007 1.7072e+007 1.70169e+007 1.69528e+007 1.68794e+007 1.67966e+007 1.6705e+007 1.66057e+007 1.64996e+007 1.63883e+007 1.62731e+007 1.6155e+007 1.60348e+007 1.59129e+007 1.57899e+007 1.56661e+007 1.5542e+007 1.5418e+007 1.52944e+007 1.51714e+007 
year 1990 1991 1992 1993 1994 1995 1996 1997 1998 1999 2000 2001 2002 2003 2004 2005 2006 2007 2008 2009 2010 

* YCS
YCS 1 1 1 1 1 1 1 1 1 1 1 1 1 1 1 1 1 1 1 1 1 
year 1989 1990 1991 1992 1993 1994 1995 1996 1997 1998 1999 2000 2001 2002 2003 2004 2005 2006 2007 2008 2009 

* true_YCS
true_YCS 1 1 0.998711 0.995484 0.991737 0.98744 0.982597 0.977241 0.971427 0.965225 0.958714 0.951975 0.945065 0.938029 0.9309 0.923703 0.916464 0.909206 0.901951 0.894719 0.887525 
year 1989 1990 1991 1992 1993 1994 1995 1996 1997 1998 1999 2000 2001 2002 2003 2004 2005 2006 2007 2008 2009 

* fishing_pressures
LL1 0 0.062881 0.0659142 0.0690653 0.0722553 0.0754187 0.0785023 0.081464 0.0842735 0.0869155 0.0893903 0.0917094 0.0938883 0.0959454 0.0979015 0.0997785 0.101599 0.103381 0.105143 0.106901 0.108668 
LL2 0 0.062881 0.0659142 0.0690653 0.0722553 0.0754187 0.0785023 0.081464 0.0842735 0.0869155 0.0893903 0.0917094 0.0938883 0.0959454 0.0979015 0.0997785 0.101599 0.103381 0.105143 0.106901 0.108668 
year 1990 1991 1992 1993 1994 1995 1996 1997 1998 1999 2000 2001 2002 2003 2004 2005 2006 2007 2008 2009 2010 

* Numbers_at_age_R1
1990  1.58669e+007 1.35886e+007 1.16375e+007 9.96653e+006 8.53549e+006 7.30992e+006 6.26033e+006 5.36144e+006 4.59162e+006 3.93233e+006 3.36771e+006 2.88416e+006 2.47004e+006 2.11538e+006 1.81164e+006 1.55152e+006 1.32874e+006 1.13795e+006 974562 834629 714789 612156 524260 448984 384517 329306 282023 241529 206849 1.23375e+006 
1991  1.58669e+007 1.35886e+007 1.16374e+007 9.96596e+006 8.53223e+006 7.29667e+006 6.22215e+006 5.28367e+006 4.47961e+006 3.81826e+006 3.27069e+006 2.80278e+006 2.40272e+006 2.06045e+006 1.76745e+006 1.51645e+006 1.3013e+006 1.11677e+006 958436 822524 705826 605611 519547 445637 382172 327686 280919 240787 206357 1.23152e+006 
1992  1.58464e+007 1.35886e+007 1.16374e+007 9.96581e+006 8.53103e+006 7.29e+006 6.19586e+006 5.21013e+006 4.33354e+006 3.61115e+006 3.06064e+006 2.62407e+006 2.25271e+006 1.93623e+006 1.66596e+006 1.43466e+006 1.23628e+006 1.06579e+006 919016 792460 683216 588843 507284 436793 375884 323277 277871 238709 204960 1.22635e+006 
1993  1.57952e+007 1.35711e+007 1.16374e+007 9.96577e+006 8.53071e+006 7.28815e+006 6.18766e+006 5.18247e+006 4.2642e+006 3.48297e+006 2.88512e+006 2.4476e+006 2.10244e+006 1.80988e+006 1.56107e+006 1.34871e+006 1.16677e+006 1.01032e+006 875349 758558 657261 569252 492706 426101 368153 317768 274001 236030 203132 1.22052e+006 
1994  1.57357e+007 1.35272e+007 1.16224e+007 9.96573e+006 8.53047e+006 7.28704e+006 6.1835e+006 5.16986e+006 4.23239e+006 3.41672e+006 2.77329e+006 2.29953e+006 1.95469e+006 1.6839e+006 1.45492e+006 1.26034e+006 1.09412e+006 951357 828117 721235 628177 546907 475785 413474 358868 311041 269199 232652 200791 1.21373e+006 
1995  1.56676e+007 1.34763e+007 1.15848e+007 9.95284e+006 8.53025e+006 7.28601e+006 6.17998e+006 5.16064e+006 4.21295e+006 3.38077e+006 2.71128e+006 2.20298e+006 1.83045e+006 1.56067e+006 1.34966e+006 1.17142e+006 1.01986e+006 890093 778205 681104 596347 522015 456600 398904 347968 303009 263370 228486 197858 1.20571e+006 
1996  1.55907e+007 1.34179e+007 1.15412e+007 9.92066e+006 8.51903e+006 7.28501e+006 6.17659e+006 5.15208e+006 4.19648e+006 3.35499e+006 2.67372e+006 2.14657e+006 1.74793e+006 1.45696e+006 1.24724e+006 1.08372e+006 945553 827823 726636 638928 562306 494919 435339 382468 335454 293627 256444 223453 194256 1.19613e+006 
1997  1.55057e+007 1.33521e+007 1.14912e+007 9.88328e+006 8.4913e+006 7.27465e+006 6.1733e+006 5.14383e+006 4.18087e+006 3.33201e+006 2.64467e+006 2.11001e+006 1.69784e+006 1.38711e+006 1.16106e+006 998850 872656 765833 674489 595570 526707 466078 412302 364336 321398 282900 248387 217495 189922 1.18467e+006 
1998  1.54135e+007 1.32794e+007 1.14349e+007 9.84043e+006 8.45914e+006 7.25023e+006 6.16221e+006 5.13593e+006 4.16595e+006 3.31023e+006 2.61832e+006 2.08063e+006 1.66391e+006 1.34348e+006 1.1024e+006 927490 802454 705316 622821 551926 490270 436043 387879 344763 305948 270893 239204 210586 184807 1.17099e+006 
1999  1.53151e+007 1.32003e+007 1.13725e+007 9.79213e+006 8.4223e+006 7.22207e+006 6.13935e+006 5.12185e+006 4.15181e+006 3.28958e+006 2.59348e+006 2.05386e+006 1.63607e+006 1.31304e+006 1.06498e+006 878523 743493 647293 572594 508859 453733 405413 362533 324080 289321 257733 228954 202733 178890 1.15478e+006 
2000  1.52118e+007 1.31161e+007 1.13049e+007 9.73873e+006 8.38082e+006 7.18997e+006 6.11348e+006 5.09831e+006 4.13317e+006 3.27014e+006 2.57008e+006 2.02876e+006 1.61069e+006 1.28776e+006 1.03833e+006 846793 702789 598617 524619 467142 417801 374797 336761 302674 271796 243604 217744 193984 172176 1.13575e+006 
2001  1.51048e+007 1.30276e+007 1.12327e+007 9.68077e+006 8.33498e+006 7.15395e+006 6.08442e+006 5.07259e+006 4.10742e+006 3.24776e+006 2.54819e+006 2.00525e+006 1.587e+006 1.26472e+006 1.01602e+006 823861 676095 564855 484414 427418 383096 344767 311064 280959 253696 228740 205729 184431 164708 1.11366e+006 
2002  1.49952e+007 1.2936e+007 1.11569e+007 9.61893e+006 8.28524e+006 7.11426e+006 6.05217e+006 5.04452e+006 4.08039e+006 3.22034e+006 2.52448e+006 1.98332e+006 1.56489e+006 1.24329e+006 995715 804556 656589 542509 456425 394155 350129 315829 285912 259347 235366 213413 193109 174207 156563 1.08833e+006 
2003  1.48836e+007 1.28421e+007 1.10785e+007 9.55403e+006 8.2322e+006 7.07127e+006 6.01693e+006 5.01408e+006 4.0519e+006 3.19242e+006 2.49733e+006 1.96034e+006 1.5443e+006 1.22335e+006 976867 786998 640103 526041 437764 370933 322544 288393 261717 238228 217150 197911 180109 163477 147853 1.0597e+006 
2004  1.47705e+007 1.27465e+007 1.09981e+007 9.48684e+006 8.17654e+006 7.0255e+006 5.97901e+006 4.98139e+006 4.02188e+006 3.16381e+006 2.47019e+006 1.93502e+006 1.52318e+006 1.2048e+006 959356 770728 625115 512080 423922 355360 303240 265446 238811 217938 199369 182522 166974 152434 138719 1.02778e+006 
2005  1.46563e+007 1.26496e+007 1.09162e+007 9.41797e+006 8.11893e+006 6.97752e+006 5.93882e+006 4.94666e+006 3.99035e+006 3.13436e+006 2.44285e+006 1.90998e+006 1.50043e+006 1.186e+006 943079 755620 611236 499385 412154 343744 290232 249357 219659 198751 182304 167514 153944 141283 129325 992716 
2006  1.45414e+007 1.25518e+007 1.08332e+007 9.34784e+006 8.05988e+006 6.9279e+006 5.89683e+006 4.91021e+006 3.95745e+006 3.10404e+006 2.41514e+006 1.885e+006 1.4781e+006 1.16609e+006 926713 741574 598349 487632 401449 333847 280487 238473 206208 182711 166179 153119 141244 130228 119843 954773 
2007  1.44262e+007 1.24535e+007 1.07495e+007 9.27677e+006 7.99976e+006 6.87707e+006 5.85352e+006 4.87241e+006 3.92339e+006 3.07291e+006 2.38699e+006 1.85994e+006 1.45598e+006 1.14663e+006 909582 727537 586365 476720 391540 324841 272168 230291 197082 171432 152702 139527 129071 119458 110447 914316 
2008  1.43111e+007 1.23548e+007 1.06652e+007 9.20503e+006 7.93884e+006 6.82534e+006 5.80921e+006 4.83359e+006 3.8884e+006 3.04106e+006 2.3584e+006 1.8347e+006 1.43391e+006 1.12743e+006 892881 712961 574436 466564 382335 316501 264593 223293 190200 163758 143213 128166 117580 109139 101296 871803 
2009  1.41964e+007 1.22563e+007 1.05808e+007 9.13288e+006 7.87735e+006 6.77294e+006 5.76418e+006 4.79403e+006 3.8527e+006 3.00862e+006 2.32938e+006 1.80922e+006 1.4118e+006 1.10835e+006 876448 698773 562120 456481 373760 308749 257576 216917 184305 157958 136744 120160 107977 99401 92529.4 827761 
2010  1.40822e+007 1.2158e+007 1.04963e+007 9.06053e+006 7.8155e+006 6.72005e+006 5.71859e+006 4.75391e+006 3.8165e+006 2.97575e+006 2.30003e+006 1.78351e+006 1.38958e+006 1.0893e+006 860162 684838 550144 446117 365263 301521 251049 211008 178930 152983 131845 114694 101204 91262.6 84259.4 782755 

Output quantities finish here

Unused parameters:
annual_cycle.fishery_areas annual_cycle.migrate_from annual_cycle.migrate_to annual_cycle.migration_names annual_cycle.migration_times annual_cycle.n_migrations annual_cycle.recruitment_areas annual_cycle.spawning_all_areas area_names recruitment.p_male recruitment.year_range tag[Tags2005_R1_LL1].area tag[Tags2005_R1_LL1].sex tag[Tags2006_R1_LL1].area tag[Tags2006_R1_LL1].sex tag[Tags2007_R1_LL1].area tag[Tags2007_R1_LL1].sex tag[Tags2008_R1_LL1].area tag[Tags2008_R1_LL1].sex tag[Tags2009_R1_LL1].area tag[Tags2009_R1_LL1].sex MCMC.adapt_at MCMC.adaptive_stepsize MCMC.burn_in MCMC.keep MCMC.length MCMC.start MCMC.stepsize profile[1].l profile[1].n profile[1].parameter profile[1].u tag_recapture[Tags2005_R1_R1].area tag_recapture[Tags2006_R1_R1].area tag_recapture[Tags2007_R1_R1].area tag_recapture[Tags2008_R1_R1].area tag_recapture[Tags2009_R1_R1].area n_projections numbers_at[Numbers_at_age_R1].area print.final_state print.initial_state print.requests print.results print.state_annually print.state_every_step print.yields 
